[2023-04-14T20:06:58.912+0000] {taskinstance.py:1090} INFO - Dependencies all met for dep_context=non-requeueable deps ti=<TaskInstance: tutorial_2_amir.templated manual__2023-04-14T20:06:56.500473+00:00 [queued]>
[2023-04-14T20:06:58.925+0000] {taskinstance.py:1090} INFO - Dependencies all met for dep_context=requeueable deps ti=<TaskInstance: tutorial_2_amir.templated manual__2023-04-14T20:06:56.500473+00:00 [queued]>
[2023-04-14T20:06:58.926+0000] {taskinstance.py:1288} INFO - 
--------------------------------------------------------------------------------
[2023-04-14T20:06:58.926+0000] {taskinstance.py:1289} INFO - Starting attempt 1 of 2
[2023-04-14T20:06:58.926+0000] {taskinstance.py:1290} INFO - 
--------------------------------------------------------------------------------
[2023-04-14T20:06:58.942+0000] {taskinstance.py:1309} INFO - Executing <Task(BashOperator): templated> on 2023-04-14 20:06:56.500473+00:00
[2023-04-14T20:06:58.951+0000] {standard_task_runner.py:55} INFO - Started process 171 to run task
[2023-04-14T20:06:58.960+0000] {standard_task_runner.py:82} INFO - Running: ['***', 'tasks', 'run', 'tutorial_2_amir', 'templated', 'manual__2023-04-14T20:06:56.500473+00:00', '--job-id', '7', '--raw', '--subdir', 'DAGS_FOLDER/test.py', '--cfg-path', '/tmp/tmp0f0xsd1v']
[2023-04-14T20:06:58.963+0000] {standard_task_runner.py:83} INFO - Job 7: Subtask templated
[2023-04-14T20:06:58.978+0000] {warnings.py:110} WARNING - /home/***/.local/lib/python3.7/site-packages/***/settings.py:250: DeprecationWarning: The sql_alchemy_conn option in [core] has been moved to the sql_alchemy_conn option in [database] - the old setting has been used, but please update your config.
  SQL_ALCHEMY_CONN = conf.get("database", "SQL_ALCHEMY_CONN")

[2023-04-14T20:06:59.036+0000] {task_command.py:389} INFO - Running <TaskInstance: tutorial_2_amir.templated manual__2023-04-14T20:06:56.500473+00:00 [running]> on host d9481e58d552
[2023-04-14T20:06:59.102+0000] {taskinstance.py:1518} INFO - Exporting the following env vars:
AIRFLOW_CTX_DAG_EMAIL=***@example.com
AIRFLOW_CTX_DAG_OWNER=***
AIRFLOW_CTX_DAG_ID=tutorial_2_amir
AIRFLOW_CTX_TASK_ID=templated
AIRFLOW_CTX_EXECUTION_DATE=2023-04-14T20:06:56.500473+00:00
AIRFLOW_CTX_TRY_NUMBER=1
AIRFLOW_CTX_DAG_RUN_ID=manual__2023-04-14T20:06:56.500473+00:00
[2023-04-14T20:06:59.103+0000] {subprocess.py:63} INFO - Tmp dir root location: 
 /tmp
[2023-04-14T20:06:59.104+0000] {subprocess.py:75} INFO - Running command: ['/bin/bash', '-c', '\n\n    echo "2023-04-14"\n    echo "2023-04-21"\n\n    echo "2023-04-14"\n    echo "2023-04-21"\n\n    echo "2023-04-14"\n    echo "2023-04-21"\n\n    echo "2023-04-14"\n    echo "2023-04-21"\n\n    echo "2023-04-14"\n    echo "2023-04-21"\n']
[2023-04-14T20:06:59.115+0000] {subprocess.py:86} INFO - Output:
[2023-04-14T20:06:59.116+0000] {subprocess.py:93} INFO - 2023-04-14
[2023-04-14T20:06:59.117+0000] {subprocess.py:93} INFO - 2023-04-21
[2023-04-14T20:06:59.117+0000] {subprocess.py:93} INFO - 2023-04-14
[2023-04-14T20:06:59.117+0000] {subprocess.py:93} INFO - 2023-04-21
[2023-04-14T20:06:59.117+0000] {subprocess.py:93} INFO - 2023-04-14
[2023-04-14T20:06:59.118+0000] {subprocess.py:93} INFO - 2023-04-21
[2023-04-14T20:06:59.118+0000] {subprocess.py:93} INFO - 2023-04-14
[2023-04-14T20:06:59.118+0000] {subprocess.py:93} INFO - 2023-04-21
[2023-04-14T20:06:59.118+0000] {subprocess.py:93} INFO - 2023-04-14
[2023-04-14T20:06:59.119+0000] {subprocess.py:93} INFO - 2023-04-21
[2023-04-14T20:06:59.119+0000] {subprocess.py:97} INFO - Command exited with return code 0
[2023-04-14T20:06:59.139+0000] {taskinstance.py:1332} INFO - Marking task as SUCCESS. dag_id=tutorial_2_amir, task_id=templated, execution_date=20230414T200656, start_date=20230414T200658, end_date=20230414T200659
[2023-04-14T20:06:59.169+0000] {local_task_job.py:212} INFO - Task exited with return code 0
[2023-04-14T20:06:59.184+0000] {taskinstance.py:2596} INFO - 0 downstream tasks scheduled from follow-on schedule check
