[2023-04-15T16:16:04.879+0000] {taskinstance.py:1090} INFO - Dependencies all met for dep_context=non-requeueable deps ti=<TaskInstance: tutorial_2_amir.templated manual__2023-04-15T16:16:03.049925+00:00 [queued]>
[2023-04-15T16:16:04.890+0000] {taskinstance.py:1090} INFO - Dependencies all met for dep_context=requeueable deps ti=<TaskInstance: tutorial_2_amir.templated manual__2023-04-15T16:16:03.049925+00:00 [queued]>
[2023-04-15T16:16:04.890+0000] {taskinstance.py:1288} INFO - 
--------------------------------------------------------------------------------
[2023-04-15T16:16:04.891+0000] {taskinstance.py:1289} INFO - Starting attempt 1 of 2
[2023-04-15T16:16:04.891+0000] {taskinstance.py:1290} INFO - 
--------------------------------------------------------------------------------
[2023-04-15T16:16:04.903+0000] {taskinstance.py:1309} INFO - Executing <Task(BashOperator): templated> on 2023-04-15 16:16:03.049925+00:00
[2023-04-15T16:16:04.909+0000] {standard_task_runner.py:55} INFO - Started process 521 to run task
[2023-04-15T16:16:04.914+0000] {standard_task_runner.py:82} INFO - Running: ['airflow', 'tasks', 'run', 'tutorial_2_amir', 'templated', 'manual__2023-04-15T16:16:03.049925+00:00', '--job-id', '10', '--raw', '--subdir', 'DAGS_FOLDER/test.py', '--cfg-path', '/tmp/tmp6lzht7hs']
[2023-04-15T16:16:04.916+0000] {standard_task_runner.py:83} INFO - Job 10: Subtask templated
[2023-04-15T16:16:04.929+0000] {logging_mixin.py:137} WARNING - /home/airflow/.local/lib/python3.7/site-packages/airflow/settings.py:250 DeprecationWarning: The sql_alchemy_conn option in [core] has been moved to the sql_alchemy_conn option in [database] - the old setting has been used, but please update your config.
[2023-04-15T16:16:04.968+0000] {task_command.py:389} INFO - Running <TaskInstance: tutorial_2_amir.templated manual__2023-04-15T16:16:03.049925+00:00 [running]> on host 0150f8f17fa6
[2023-04-15T16:16:05.024+0000] {taskinstance.py:1518} INFO - Exporting the following env vars:
AIRFLOW_CTX_DAG_EMAIL=airflow@example.com
AIRFLOW_CTX_DAG_OWNER=airflow
AIRFLOW_CTX_DAG_ID=tutorial_2_amir
AIRFLOW_CTX_TASK_ID=templated
AIRFLOW_CTX_EXECUTION_DATE=2023-04-15T16:16:03.049925+00:00
AIRFLOW_CTX_TRY_NUMBER=1
AIRFLOW_CTX_DAG_RUN_ID=manual__2023-04-15T16:16:03.049925+00:00
[2023-04-15T16:16:05.024+0000] {subprocess.py:63} INFO - Tmp dir root location: 
 /tmp
[2023-04-15T16:16:05.025+0000] {subprocess.py:75} INFO - Running command: ['/bin/bash', '-c', '\n\n    echo "2023-04-15"\n    echo "2023-04-22"\n\n    echo "2023-04-15"\n    echo "2023-04-22"\n\n    echo "2023-04-15"\n    echo "2023-04-22"\n\n    echo "2023-04-15"\n    echo "2023-04-22"\n\n    echo "2023-04-15"\n    echo "2023-04-22"\n']
[2023-04-15T16:16:05.034+0000] {subprocess.py:86} INFO - Output:
[2023-04-15T16:16:05.035+0000] {subprocess.py:93} INFO - 2023-04-15
[2023-04-15T16:16:05.038+0000] {subprocess.py:93} INFO - 2023-04-22
[2023-04-15T16:16:05.039+0000] {subprocess.py:93} INFO - 2023-04-15
[2023-04-15T16:16:05.040+0000] {subprocess.py:93} INFO - 2023-04-22
[2023-04-15T16:16:05.041+0000] {subprocess.py:93} INFO - 2023-04-15
[2023-04-15T16:16:05.041+0000] {subprocess.py:93} INFO - 2023-04-22
[2023-04-15T16:16:05.042+0000] {subprocess.py:93} INFO - 2023-04-15
[2023-04-15T16:16:05.042+0000] {subprocess.py:93} INFO - 2023-04-22
[2023-04-15T16:16:05.043+0000] {subprocess.py:93} INFO - 2023-04-15
[2023-04-15T16:16:05.043+0000] {subprocess.py:93} INFO - 2023-04-22
[2023-04-15T16:16:05.045+0000] {subprocess.py:97} INFO - Command exited with return code 0
[2023-04-15T16:16:05.068+0000] {taskinstance.py:1332} INFO - Marking task as SUCCESS. dag_id=tutorial_2_amir, task_id=templated, execution_date=20230415T161603, start_date=20230415T161604, end_date=20230415T161605
[2023-04-15T16:16:05.087+0000] {local_task_job.py:212} INFO - Task exited with return code 0
[2023-04-15T16:16:05.103+0000] {taskinstance.py:2596} INFO - 0 downstream tasks scheduled from follow-on schedule check
