[2023-04-14T21:16:06.011+0000] {taskinstance.py:1090} INFO - Dependencies all met for dep_context=non-requeueable deps ti=<TaskInstance: tutorial_2_amir.sleep manual__2023-04-14T21:16:04.040958+00:00 [queued]>
[2023-04-14T21:16:06.022+0000] {taskinstance.py:1090} INFO - Dependencies all met for dep_context=requeueable deps ti=<TaskInstance: tutorial_2_amir.sleep manual__2023-04-14T21:16:04.040958+00:00 [queued]>
[2023-04-14T21:16:06.023+0000] {taskinstance.py:1288} INFO - 
--------------------------------------------------------------------------------
[2023-04-14T21:16:06.023+0000] {taskinstance.py:1289} INFO - Starting attempt 1 of 4
[2023-04-14T21:16:06.024+0000] {taskinstance.py:1290} INFO - 
--------------------------------------------------------------------------------
[2023-04-14T21:16:06.039+0000] {taskinstance.py:1309} INFO - Executing <Task(BashOperator): sleep> on 2023-04-14 21:16:04.040958+00:00
[2023-04-14T21:16:06.045+0000] {standard_task_runner.py:55} INFO - Started process 164 to run task
[2023-04-14T21:16:06.048+0000] {standard_task_runner.py:82} INFO - Running: ['***', 'tasks', 'run', 'tutorial_2_amir', 'sleep', 'manual__2023-04-14T21:16:04.040958+00:00', '--job-id', '7', '--raw', '--subdir', 'DAGS_FOLDER/test.py', '--cfg-path', '/tmp/tmprgbhht47']
[2023-04-14T21:16:06.048+0000] {standard_task_runner.py:83} INFO - Job 7: Subtask sleep
[2023-04-14T21:16:06.062+0000] {warnings.py:110} WARNING - /home/***/.local/lib/python3.7/site-packages/***/settings.py:250: DeprecationWarning: The sql_alchemy_conn option in [core] has been moved to the sql_alchemy_conn option in [database] - the old setting has been used, but please update your config.
  SQL_ALCHEMY_CONN = conf.get("database", "SQL_ALCHEMY_CONN")

[2023-04-14T21:16:06.115+0000] {task_command.py:389} INFO - Running <TaskInstance: tutorial_2_amir.sleep manual__2023-04-14T21:16:04.040958+00:00 [running]> on host cc4f9bcd91f3
[2023-04-14T21:16:06.176+0000] {taskinstance.py:1518} INFO - Exporting the following env vars:
AIRFLOW_CTX_DAG_EMAIL=***@example.com
AIRFLOW_CTX_DAG_OWNER=***
AIRFLOW_CTX_DAG_ID=tutorial_2_amir
AIRFLOW_CTX_TASK_ID=sleep
AIRFLOW_CTX_EXECUTION_DATE=2023-04-14T21:16:04.040958+00:00
AIRFLOW_CTX_TRY_NUMBER=1
AIRFLOW_CTX_DAG_RUN_ID=manual__2023-04-14T21:16:04.040958+00:00
[2023-04-14T21:16:06.177+0000] {subprocess.py:63} INFO - Tmp dir root location: 
 /tmp
[2023-04-14T21:16:06.177+0000] {subprocess.py:75} INFO - Running command: ['/bin/bash', '-c', 'sleep 5']
[2023-04-14T21:16:06.186+0000] {subprocess.py:86} INFO - Output:
[2023-04-14T21:16:11.190+0000] {subprocess.py:97} INFO - Command exited with return code 0
[2023-04-14T21:16:11.240+0000] {taskinstance.py:1332} INFO - Marking task as SUCCESS. dag_id=tutorial_2_amir, task_id=sleep, execution_date=20230414T211604, start_date=20230414T211606, end_date=20230414T211611
[2023-04-14T21:16:11.301+0000] {local_task_job.py:212} INFO - Task exited with return code 0
[2023-04-14T21:16:11.329+0000] {taskinstance.py:2596} INFO - 0 downstream tasks scheduled from follow-on schedule check
