[2023-04-15T15:57:33.307+0000] {taskinstance.py:1090} INFO - Dependencies all met for dep_context=non-requeueable deps ti=<TaskInstance: tutorial_2_amir.templated manual__2023-04-15T15:57:31.234196+00:00 [queued]>
[2023-04-15T15:57:33.315+0000] {taskinstance.py:1090} INFO - Dependencies all met for dep_context=requeueable deps ti=<TaskInstance: tutorial_2_amir.templated manual__2023-04-15T15:57:31.234196+00:00 [queued]>
[2023-04-15T15:57:33.315+0000] {taskinstance.py:1288} INFO - 
--------------------------------------------------------------------------------
[2023-04-15T15:57:33.315+0000] {taskinstance.py:1289} INFO - Starting attempt 1 of 2
[2023-04-15T15:57:33.316+0000] {taskinstance.py:1290} INFO - 
--------------------------------------------------------------------------------
[2023-04-15T15:57:33.332+0000] {taskinstance.py:1309} INFO - Executing <Task(BashOperator): templated> on 2023-04-15 15:57:31.234196+00:00
[2023-04-15T15:57:33.337+0000] {standard_task_runner.py:55} INFO - Started process 219 to run task
[2023-04-15T15:57:33.340+0000] {standard_task_runner.py:82} INFO - Running: ['***', 'tasks', 'run', 'tutorial_2_amir', 'templated', 'manual__2023-04-15T15:57:31.234196+00:00', '--job-id', '5', '--raw', '--subdir', 'DAGS_FOLDER/test.py', '--cfg-path', '/tmp/tmpt3lr9twc']
[2023-04-15T15:57:33.343+0000] {standard_task_runner.py:83} INFO - Job 5: Subtask templated
[2023-04-15T15:57:33.358+0000] {logging_mixin.py:137} WARNING - /home/***/.local/lib/python3.7/site-packages/***/settings.py:250 DeprecationWarning: The sql_alchemy_conn option in [core] has been moved to the sql_alchemy_conn option in [database] - the old setting has been used, but please update your config.
[2023-04-15T15:57:33.398+0000] {task_command.py:389} INFO - Running <TaskInstance: tutorial_2_amir.templated manual__2023-04-15T15:57:31.234196+00:00 [running]> on host b66b268db083
[2023-04-15T15:57:33.462+0000] {taskinstance.py:1518} INFO - Exporting the following env vars:
AIRFLOW_CTX_DAG_EMAIL=***@example.com
AIRFLOW_CTX_DAG_OWNER=***
AIRFLOW_CTX_DAG_ID=tutorial_2_amir
AIRFLOW_CTX_TASK_ID=templated
AIRFLOW_CTX_EXECUTION_DATE=2023-04-15T15:57:31.234196+00:00
AIRFLOW_CTX_TRY_NUMBER=1
AIRFLOW_CTX_DAG_RUN_ID=manual__2023-04-15T15:57:31.234196+00:00
[2023-04-15T15:57:33.463+0000] {subprocess.py:63} INFO - Tmp dir root location: 
 /tmp
[2023-04-15T15:57:33.464+0000] {subprocess.py:75} INFO - Running command: ['/bin/bash', '-c', '\n\n    echo "2023-04-15"\n    echo "2023-04-22"\n\n    echo "2023-04-15"\n    echo "2023-04-22"\n\n    echo "2023-04-15"\n    echo "2023-04-22"\n\n    echo "2023-04-15"\n    echo "2023-04-22"\n\n    echo "2023-04-15"\n    echo "2023-04-22"\n']
[2023-04-15T15:57:33.473+0000] {subprocess.py:86} INFO - Output:
[2023-04-15T15:57:33.475+0000] {subprocess.py:93} INFO - 2023-04-15
[2023-04-15T15:57:33.476+0000] {subprocess.py:93} INFO - 2023-04-22
[2023-04-15T15:57:33.476+0000] {subprocess.py:93} INFO - 2023-04-15
[2023-04-15T15:57:33.476+0000] {subprocess.py:93} INFO - 2023-04-22
[2023-04-15T15:57:33.476+0000] {subprocess.py:93} INFO - 2023-04-15
[2023-04-15T15:57:33.476+0000] {subprocess.py:93} INFO - 2023-04-22
[2023-04-15T15:57:33.476+0000] {subprocess.py:93} INFO - 2023-04-15
[2023-04-15T15:57:33.477+0000] {subprocess.py:93} INFO - 2023-04-22
[2023-04-15T15:57:33.477+0000] {subprocess.py:93} INFO - 2023-04-15
[2023-04-15T15:57:33.477+0000] {subprocess.py:93} INFO - 2023-04-22
[2023-04-15T15:57:33.477+0000] {subprocess.py:97} INFO - Command exited with return code 0
[2023-04-15T15:57:33.500+0000] {taskinstance.py:1332} INFO - Marking task as SUCCESS. dag_id=tutorial_2_amir, task_id=templated, execution_date=20230415T155731, start_date=20230415T155733, end_date=20230415T155733
[2023-04-15T15:57:33.554+0000] {local_task_job.py:212} INFO - Task exited with return code 0
[2023-04-15T15:57:33.587+0000] {taskinstance.py:2596} INFO - 0 downstream tasks scheduled from follow-on schedule check
