[2023-04-15T15:57:32.451+0000] {taskinstance.py:1090} INFO - Dependencies all met for dep_context=non-requeueable deps ti=<TaskInstance: tutorial_2_amir.print_date manual__2023-04-15T15:57:31.234196+00:00 [queued]>
[2023-04-15T15:57:32.457+0000] {taskinstance.py:1090} INFO - Dependencies all met for dep_context=requeueable deps ti=<TaskInstance: tutorial_2_amir.print_date manual__2023-04-15T15:57:31.234196+00:00 [queued]>
[2023-04-15T15:57:32.457+0000] {taskinstance.py:1288} INFO - 
--------------------------------------------------------------------------------
[2023-04-15T15:57:32.457+0000] {taskinstance.py:1289} INFO - Starting attempt 1 of 2
[2023-04-15T15:57:32.458+0000] {taskinstance.py:1290} INFO - 
--------------------------------------------------------------------------------
[2023-04-15T15:57:32.467+0000] {taskinstance.py:1309} INFO - Executing <Task(BashOperator): print_date> on 2023-04-15 15:57:31.234196+00:00
[2023-04-15T15:57:32.471+0000] {standard_task_runner.py:55} INFO - Started process 211 to run task
[2023-04-15T15:57:32.474+0000] {standard_task_runner.py:82} INFO - Running: ['***', 'tasks', 'run', 'tutorial_2_amir', 'print_date', 'manual__2023-04-15T15:57:31.234196+00:00', '--job-id', '2', '--raw', '--subdir', 'DAGS_FOLDER/test.py', '--cfg-path', '/tmp/tmpd45w96_p']
[2023-04-15T15:57:32.476+0000] {standard_task_runner.py:83} INFO - Job 2: Subtask print_date
[2023-04-15T15:57:32.488+0000] {logging_mixin.py:137} WARNING - /home/***/.local/lib/python3.7/site-packages/***/settings.py:250 DeprecationWarning: The sql_alchemy_conn option in [core] has been moved to the sql_alchemy_conn option in [database] - the old setting has been used, but please update your config.
[2023-04-15T15:57:32.528+0000] {task_command.py:389} INFO - Running <TaskInstance: tutorial_2_amir.print_date manual__2023-04-15T15:57:31.234196+00:00 [running]> on host b66b268db083
[2023-04-15T15:57:32.582+0000] {taskinstance.py:1518} INFO - Exporting the following env vars:
AIRFLOW_CTX_DAG_EMAIL=***@example.com
AIRFLOW_CTX_DAG_OWNER=***
AIRFLOW_CTX_DAG_ID=tutorial_2_amir
AIRFLOW_CTX_TASK_ID=print_date
AIRFLOW_CTX_EXECUTION_DATE=2023-04-15T15:57:31.234196+00:00
AIRFLOW_CTX_TRY_NUMBER=1
AIRFLOW_CTX_DAG_RUN_ID=manual__2023-04-15T15:57:31.234196+00:00
[2023-04-15T15:57:32.584+0000] {subprocess.py:63} INFO - Tmp dir root location: 
 /tmp
[2023-04-15T15:57:32.584+0000] {subprocess.py:75} INFO - Running command: ['/bin/bash', '-c', 'date']
[2023-04-15T15:57:32.592+0000] {subprocess.py:86} INFO - Output:
[2023-04-15T15:57:32.596+0000] {subprocess.py:93} INFO - Sat Apr 15 15:57:32 UTC 2023
[2023-04-15T15:57:32.596+0000] {subprocess.py:97} INFO - Command exited with return code 0
[2023-04-15T15:57:32.618+0000] {taskinstance.py:1332} INFO - Marking task as SUCCESS. dag_id=tutorial_2_amir, task_id=print_date, execution_date=20230415T155731, start_date=20230415T155732, end_date=20230415T155732
[2023-04-15T15:57:32.645+0000] {local_task_job.py:212} INFO - Task exited with return code 0
[2023-04-15T15:57:32.677+0000] {taskinstance.py:2596} INFO - 2 downstream tasks scheduled from follow-on schedule check
