[2023-04-15T16:16:04.119+0000] {taskinstance.py:1090} INFO - Dependencies all met for dep_context=non-requeueable deps ti=<TaskInstance: tutorial_2_amir.print_date manual__2023-04-15T16:16:03.049925+00:00 [queued]>
[2023-04-15T16:16:04.126+0000] {taskinstance.py:1090} INFO - Dependencies all met for dep_context=requeueable deps ti=<TaskInstance: tutorial_2_amir.print_date manual__2023-04-15T16:16:03.049925+00:00 [queued]>
[2023-04-15T16:16:04.126+0000] {taskinstance.py:1288} INFO - 
--------------------------------------------------------------------------------
[2023-04-15T16:16:04.126+0000] {taskinstance.py:1289} INFO - Starting attempt 1 of 2
[2023-04-15T16:16:04.126+0000] {taskinstance.py:1290} INFO - 
--------------------------------------------------------------------------------
[2023-04-15T16:16:04.136+0000] {taskinstance.py:1309} INFO - Executing <Task(BashOperator): print_date> on 2023-04-15 16:16:03.049925+00:00
[2023-04-15T16:16:04.139+0000] {standard_task_runner.py:55} INFO - Started process 516 to run task
[2023-04-15T16:16:04.141+0000] {standard_task_runner.py:82} INFO - Running: ['airflow', 'tasks', 'run', 'tutorial_2_amir', 'print_date', 'manual__2023-04-15T16:16:03.049925+00:00', '--job-id', '8', '--raw', '--subdir', 'DAGS_FOLDER/test.py', '--cfg-path', '/tmp/tmpbcrhr_xa']
[2023-04-15T16:16:04.143+0000] {standard_task_runner.py:83} INFO - Job 8: Subtask print_date
[2023-04-15T16:16:04.154+0000] {logging_mixin.py:137} WARNING - /home/airflow/.local/lib/python3.7/site-packages/airflow/settings.py:250 DeprecationWarning: The sql_alchemy_conn option in [core] has been moved to the sql_alchemy_conn option in [database] - the old setting has been used, but please update your config.
[2023-04-15T16:16:04.194+0000] {task_command.py:389} INFO - Running <TaskInstance: tutorial_2_amir.print_date manual__2023-04-15T16:16:03.049925+00:00 [running]> on host 0150f8f17fa6
[2023-04-15T16:16:04.242+0000] {taskinstance.py:1518} INFO - Exporting the following env vars:
AIRFLOW_CTX_DAG_EMAIL=airflow@example.com
AIRFLOW_CTX_DAG_OWNER=airflow
AIRFLOW_CTX_DAG_ID=tutorial_2_amir
AIRFLOW_CTX_TASK_ID=print_date
AIRFLOW_CTX_EXECUTION_DATE=2023-04-15T16:16:03.049925+00:00
AIRFLOW_CTX_TRY_NUMBER=1
AIRFLOW_CTX_DAG_RUN_ID=manual__2023-04-15T16:16:03.049925+00:00
[2023-04-15T16:16:04.243+0000] {subprocess.py:63} INFO - Tmp dir root location: 
 /tmp
[2023-04-15T16:16:04.243+0000] {subprocess.py:75} INFO - Running command: ['/bin/bash', '-c', 'date']
[2023-04-15T16:16:04.252+0000] {subprocess.py:86} INFO - Output:
[2023-04-15T16:16:04.254+0000] {subprocess.py:93} INFO - Sat Apr 15 16:16:04 UTC 2023
[2023-04-15T16:16:04.255+0000] {subprocess.py:97} INFO - Command exited with return code 0
[2023-04-15T16:16:04.273+0000] {taskinstance.py:1332} INFO - Marking task as SUCCESS. dag_id=tutorial_2_amir, task_id=print_date, execution_date=20230415T161603, start_date=20230415T161604, end_date=20230415T161604
[2023-04-15T16:16:04.313+0000] {local_task_job.py:212} INFO - Task exited with return code 0
[2023-04-15T16:16:04.355+0000] {taskinstance.py:2596} INFO - 2 downstream tasks scheduled from follow-on schedule check
