[2023-04-15T16:15:25.588+0000] {taskinstance.py:1090} INFO - Dependencies all met for dep_context=non-requeueable deps ti=<TaskInstance: tutorial_2_amir.print_date scheduled__2023-04-14T16:15:09.003304+00:00 [queued]>
[2023-04-15T16:15:25.595+0000] {taskinstance.py:1090} INFO - Dependencies all met for dep_context=requeueable deps ti=<TaskInstance: tutorial_2_amir.print_date scheduled__2023-04-14T16:15:09.003304+00:00 [queued]>
[2023-04-15T16:15:25.595+0000] {taskinstance.py:1288} INFO - 
--------------------------------------------------------------------------------
[2023-04-15T16:15:25.595+0000] {taskinstance.py:1289} INFO - Starting attempt 1 of 2
[2023-04-15T16:15:25.595+0000] {taskinstance.py:1290} INFO - 
--------------------------------------------------------------------------------
[2023-04-15T16:15:25.605+0000] {taskinstance.py:1309} INFO - Executing <Task(BashOperator): print_date> on 2023-04-14 16:15:09.003304+00:00
[2023-04-15T16:15:25.608+0000] {standard_task_runner.py:55} INFO - Started process 446 to run task
[2023-04-15T16:15:25.612+0000] {standard_task_runner.py:82} INFO - Running: ['airflow', 'tasks', 'run', 'tutorial_2_amir', 'print_date', 'scheduled__2023-04-14T16:15:09.003304+00:00', '--job-id', '2', '--raw', '--subdir', 'DAGS_FOLDER/test.py', '--cfg-path', '/tmp/tmpiob_txn_']
[2023-04-15T16:15:25.613+0000] {standard_task_runner.py:83} INFO - Job 2: Subtask print_date
[2023-04-15T16:15:25.626+0000] {logging_mixin.py:137} WARNING - /home/airflow/.local/lib/python3.7/site-packages/airflow/settings.py:250 DeprecationWarning: The sql_alchemy_conn option in [core] has been moved to the sql_alchemy_conn option in [database] - the old setting has been used, but please update your config.
[2023-04-15T16:15:25.646+0000] {logging_mixin.py:137} WARNING - /home/airflow/.local/lib/python3.7/site-packages/airflow/utils/sqlalchemy.py:124 DeprecationWarning: The sql_alchemy_conn option in [core] has been moved to the sql_alchemy_conn option in [database] - the old setting has been used, but please update your config.
[2023-04-15T16:15:25.666+0000] {task_command.py:389} INFO - Running <TaskInstance: tutorial_2_amir.print_date scheduled__2023-04-14T16:15:09.003304+00:00 [running]> on host 0150f8f17fa6
[2023-04-15T16:15:25.721+0000] {taskinstance.py:1518} INFO - Exporting the following env vars:
AIRFLOW_CTX_DAG_EMAIL=airflow@example.com
AIRFLOW_CTX_DAG_OWNER=airflow
AIRFLOW_CTX_DAG_ID=tutorial_2_amir
AIRFLOW_CTX_TASK_ID=print_date
AIRFLOW_CTX_EXECUTION_DATE=2023-04-14T16:15:09.003304+00:00
AIRFLOW_CTX_TRY_NUMBER=1
AIRFLOW_CTX_DAG_RUN_ID=scheduled__2023-04-14T16:15:09.003304+00:00
[2023-04-15T16:15:25.722+0000] {subprocess.py:63} INFO - Tmp dir root location: 
 /tmp
[2023-04-15T16:15:25.723+0000] {subprocess.py:75} INFO - Running command: ['/bin/bash', '-c', 'date']
[2023-04-15T16:15:25.734+0000] {subprocess.py:86} INFO - Output:
[2023-04-15T16:15:25.737+0000] {subprocess.py:93} INFO - Sat Apr 15 16:15:25 UTC 2023
[2023-04-15T16:15:25.737+0000] {subprocess.py:97} INFO - Command exited with return code 0
[2023-04-15T16:15:25.759+0000] {taskinstance.py:1332} INFO - Marking task as SUCCESS. dag_id=tutorial_2_amir, task_id=print_date, execution_date=20230414T161509, start_date=20230415T161525, end_date=20230415T161525
[2023-04-15T16:15:25.783+0000] {local_task_job.py:212} INFO - Task exited with return code 0
[2023-04-15T16:15:25.801+0000] {taskinstance.py:2596} INFO - 2 downstream tasks scheduled from follow-on schedule check
