[2023-04-14T20:06:57.928+0000] {taskinstance.py:1090} INFO - Dependencies all met for dep_context=non-requeueable deps ti=<TaskInstance: tutorial_2_amir.print_date manual__2023-04-14T20:06:56.500473+00:00 [queued]>
[2023-04-14T20:06:57.935+0000] {taskinstance.py:1090} INFO - Dependencies all met for dep_context=requeueable deps ti=<TaskInstance: tutorial_2_amir.print_date manual__2023-04-14T20:06:56.500473+00:00 [queued]>
[2023-04-14T20:06:57.936+0000] {taskinstance.py:1288} INFO - 
--------------------------------------------------------------------------------
[2023-04-14T20:06:57.936+0000] {taskinstance.py:1289} INFO - Starting attempt 1 of 2
[2023-04-14T20:06:57.936+0000] {taskinstance.py:1290} INFO - 
--------------------------------------------------------------------------------
[2023-04-14T20:06:57.946+0000] {taskinstance.py:1309} INFO - Executing <Task(BashOperator): print_date> on 2023-04-14 20:06:56.500473+00:00
[2023-04-14T20:06:57.949+0000] {standard_task_runner.py:55} INFO - Started process 157 to run task
[2023-04-14T20:06:57.952+0000] {standard_task_runner.py:82} INFO - Running: ['***', 'tasks', 'run', 'tutorial_2_amir', 'print_date', 'manual__2023-04-14T20:06:56.500473+00:00', '--job-id', '2', '--raw', '--subdir', 'DAGS_FOLDER/test.py', '--cfg-path', '/tmp/tmptgs2y2pj']
[2023-04-14T20:06:57.954+0000] {standard_task_runner.py:83} INFO - Job 2: Subtask print_date
[2023-04-14T20:06:57.966+0000] {warnings.py:110} WARNING - /home/***/.local/lib/python3.7/site-packages/***/settings.py:250: DeprecationWarning: The sql_alchemy_conn option in [core] has been moved to the sql_alchemy_conn option in [database] - the old setting has been used, but please update your config.
  SQL_ALCHEMY_CONN = conf.get("database", "SQL_ALCHEMY_CONN")

[2023-04-14T20:06:58.001+0000] {task_command.py:389} INFO - Running <TaskInstance: tutorial_2_amir.print_date manual__2023-04-14T20:06:56.500473+00:00 [running]> on host d9481e58d552
[2023-04-14T20:06:58.047+0000] {taskinstance.py:1518} INFO - Exporting the following env vars:
AIRFLOW_CTX_DAG_EMAIL=***@example.com
AIRFLOW_CTX_DAG_OWNER=***
AIRFLOW_CTX_DAG_ID=tutorial_2_amir
AIRFLOW_CTX_TASK_ID=print_date
AIRFLOW_CTX_EXECUTION_DATE=2023-04-14T20:06:56.500473+00:00
AIRFLOW_CTX_TRY_NUMBER=1
AIRFLOW_CTX_DAG_RUN_ID=manual__2023-04-14T20:06:56.500473+00:00
[2023-04-14T20:06:58.049+0000] {subprocess.py:63} INFO - Tmp dir root location: 
 /tmp
[2023-04-14T20:06:58.049+0000] {subprocess.py:75} INFO - Running command: ['/bin/bash', '-c', 'date']
[2023-04-14T20:06:58.059+0000] {subprocess.py:86} INFO - Output:
[2023-04-14T20:06:58.061+0000] {subprocess.py:93} INFO - Fri Apr 14 20:06:58 UTC 2023
[2023-04-14T20:06:58.061+0000] {subprocess.py:97} INFO - Command exited with return code 0
[2023-04-14T20:06:58.085+0000] {taskinstance.py:1332} INFO - Marking task as SUCCESS. dag_id=tutorial_2_amir, task_id=print_date, execution_date=20230414T200656, start_date=20230414T200657, end_date=20230414T200658
[2023-04-14T20:06:58.123+0000] {local_task_job.py:212} INFO - Task exited with return code 0
[2023-04-14T20:06:58.142+0000] {taskinstance.py:2596} INFO - 2 downstream tasks scheduled from follow-on schedule check
