[2023-04-15T16:16:04.879+0000] {taskinstance.py:1090} INFO - Dependencies all met for dep_context=non-requeueable deps ti=<TaskInstance: tutorial_2_amir.sleep manual__2023-04-15T16:16:03.049925+00:00 [queued]>
[2023-04-15T16:16:04.890+0000] {taskinstance.py:1090} INFO - Dependencies all met for dep_context=requeueable deps ti=<TaskInstance: tutorial_2_amir.sleep manual__2023-04-15T16:16:03.049925+00:00 [queued]>
[2023-04-15T16:16:04.890+0000] {taskinstance.py:1288} INFO - 
--------------------------------------------------------------------------------
[2023-04-15T16:16:04.891+0000] {taskinstance.py:1289} INFO - Starting attempt 1 of 4
[2023-04-15T16:16:04.891+0000] {taskinstance.py:1290} INFO - 
--------------------------------------------------------------------------------
[2023-04-15T16:16:04.904+0000] {taskinstance.py:1309} INFO - Executing <Task(BashOperator): sleep> on 2023-04-15 16:16:03.049925+00:00
[2023-04-15T16:16:04.908+0000] {standard_task_runner.py:55} INFO - Started process 520 to run task
[2023-04-15T16:16:04.912+0000] {standard_task_runner.py:82} INFO - Running: ['airflow', 'tasks', 'run', 'tutorial_2_amir', 'sleep', 'manual__2023-04-15T16:16:03.049925+00:00', '--job-id', '9', '--raw', '--subdir', 'DAGS_FOLDER/test.py', '--cfg-path', '/tmp/tmp3jlqwr93']
[2023-04-15T16:16:04.914+0000] {standard_task_runner.py:83} INFO - Job 9: Subtask sleep
[2023-04-15T16:16:04.927+0000] {logging_mixin.py:137} WARNING - /home/airflow/.local/lib/python3.7/site-packages/airflow/settings.py:250 DeprecationWarning: The sql_alchemy_conn option in [core] has been moved to the sql_alchemy_conn option in [database] - the old setting has been used, but please update your config.
[2023-04-15T16:16:04.964+0000] {task_command.py:389} INFO - Running <TaskInstance: tutorial_2_amir.sleep manual__2023-04-15T16:16:03.049925+00:00 [running]> on host 0150f8f17fa6
[2023-04-15T16:16:05.013+0000] {taskinstance.py:1518} INFO - Exporting the following env vars:
AIRFLOW_CTX_DAG_EMAIL=airflow@example.com
AIRFLOW_CTX_DAG_OWNER=airflow
AIRFLOW_CTX_DAG_ID=tutorial_2_amir
AIRFLOW_CTX_TASK_ID=sleep
AIRFLOW_CTX_EXECUTION_DATE=2023-04-15T16:16:03.049925+00:00
AIRFLOW_CTX_TRY_NUMBER=1
AIRFLOW_CTX_DAG_RUN_ID=manual__2023-04-15T16:16:03.049925+00:00
[2023-04-15T16:16:05.014+0000] {subprocess.py:63} INFO - Tmp dir root location: 
 /tmp
[2023-04-15T16:16:05.014+0000] {subprocess.py:75} INFO - Running command: ['/bin/bash', '-c', 'sleep 5']
[2023-04-15T16:16:05.023+0000] {subprocess.py:86} INFO - Output:
[2023-04-15T16:16:10.028+0000] {subprocess.py:97} INFO - Command exited with return code 0
[2023-04-15T16:16:10.082+0000] {taskinstance.py:1332} INFO - Marking task as SUCCESS. dag_id=tutorial_2_amir, task_id=sleep, execution_date=20230415T161603, start_date=20230415T161604, end_date=20230415T161610
[2023-04-15T16:16:10.145+0000] {local_task_job.py:212} INFO - Task exited with return code 0
[2023-04-15T16:16:10.184+0000] {taskinstance.py:2596} INFO - 0 downstream tasks scheduled from follow-on schedule check
