[2023-04-15T15:26:56.785+0000] {taskinstance.py:1090} INFO - Dependencies all met for dep_context=non-requeueable deps ti=<TaskInstance: tutorial_2_amir.sleep scheduled__2023-04-14T15:26:33.846812+00:00 [queued]>
[2023-04-15T15:26:56.794+0000] {taskinstance.py:1090} INFO - Dependencies all met for dep_context=requeueable deps ti=<TaskInstance: tutorial_2_amir.sleep scheduled__2023-04-14T15:26:33.846812+00:00 [queued]>
[2023-04-15T15:26:56.794+0000] {taskinstance.py:1288} INFO - 
--------------------------------------------------------------------------------
[2023-04-15T15:26:56.794+0000] {taskinstance.py:1289} INFO - Starting attempt 1 of 4
[2023-04-15T15:26:56.795+0000] {taskinstance.py:1290} INFO - 
--------------------------------------------------------------------------------
[2023-04-15T15:26:56.804+0000] {taskinstance.py:1309} INFO - Executing <Task(BashOperator): sleep> on 2023-04-14 15:26:33.846812+00:00
[2023-04-15T15:26:56.810+0000] {standard_task_runner.py:55} INFO - Started process 229 to run task
[2023-04-15T15:26:56.813+0000] {standard_task_runner.py:82} INFO - Running: ['***', 'tasks', 'run', 'tutorial_2_amir', 'sleep', 'scheduled__2023-04-14T15:26:33.846812+00:00', '--job-id', '6', '--raw', '--subdir', 'DAGS_FOLDER/test.py', '--cfg-path', '/tmp/tmpv0oy2oce']
[2023-04-15T15:26:56.814+0000] {standard_task_runner.py:83} INFO - Job 6: Subtask sleep
[2023-04-15T15:26:56.824+0000] {warnings.py:110} WARNING - /home/***/.local/lib/python3.7/site-packages/***/settings.py:250: DeprecationWarning: The sql_alchemy_conn option in [core] has been moved to the sql_alchemy_conn option in [database] - the old setting has been used, but please update your config.
  SQL_ALCHEMY_CONN = conf.get("database", "SQL_ALCHEMY_CONN")

[2023-04-15T15:26:56.842+0000] {warnings.py:110} WARNING - /home/***/.local/lib/python3.7/site-packages/***/utils/sqlalchemy.py:124: DeprecationWarning: The sql_alchemy_conn option in [core] has been moved to the sql_alchemy_conn option in [database] - the old setting has been used, but please update your config.
  return not conf.get("database", "sql_alchemy_conn").startswith("mssql")

[2023-04-15T15:26:56.862+0000] {task_command.py:389} INFO - Running <TaskInstance: tutorial_2_amir.sleep scheduled__2023-04-14T15:26:33.846812+00:00 [running]> on host 904979892f0a
[2023-04-15T15:26:56.909+0000] {taskinstance.py:1518} INFO - Exporting the following env vars:
AIRFLOW_CTX_DAG_EMAIL=***@example.com
AIRFLOW_CTX_DAG_OWNER=***
AIRFLOW_CTX_DAG_ID=tutorial_2_amir
AIRFLOW_CTX_TASK_ID=sleep
AIRFLOW_CTX_EXECUTION_DATE=2023-04-14T15:26:33.846812+00:00
AIRFLOW_CTX_TRY_NUMBER=1
AIRFLOW_CTX_DAG_RUN_ID=scheduled__2023-04-14T15:26:33.846812+00:00
[2023-04-15T15:26:56.910+0000] {subprocess.py:63} INFO - Tmp dir root location: 
 /tmp
[2023-04-15T15:26:56.910+0000] {subprocess.py:75} INFO - Running command: ['/bin/bash', '-c', 'sleep 5']
[2023-04-15T15:26:56.921+0000] {subprocess.py:86} INFO - Output:
[2023-04-15T15:27:01.923+0000] {subprocess.py:97} INFO - Command exited with return code 0
[2023-04-15T15:27:01.947+0000] {taskinstance.py:1332} INFO - Marking task as SUCCESS. dag_id=tutorial_2_amir, task_id=sleep, execution_date=20230414T152633, start_date=20230415T152656, end_date=20230415T152701
[2023-04-15T15:27:01.967+0000] {local_task_job.py:212} INFO - Task exited with return code 0
[2023-04-15T15:27:01.980+0000] {taskinstance.py:2596} INFO - 0 downstream tasks scheduled from follow-on schedule check
