[2023-04-14T21:09:46.141+0000] {taskinstance.py:1090} INFO - Dependencies all met for dep_context=non-requeueable deps ti=<TaskInstance: tutorial_2_amir.sleep manual__2023-04-14T21:09:44.872283+00:00 [queued]>
[2023-04-14T21:09:46.149+0000] {taskinstance.py:1090} INFO - Dependencies all met for dep_context=requeueable deps ti=<TaskInstance: tutorial_2_amir.sleep manual__2023-04-14T21:09:44.872283+00:00 [queued]>
[2023-04-14T21:09:46.150+0000] {taskinstance.py:1288} INFO - 
--------------------------------------------------------------------------------
[2023-04-14T21:09:46.150+0000] {taskinstance.py:1289} INFO - Starting attempt 1 of 4
[2023-04-14T21:09:46.150+0000] {taskinstance.py:1290} INFO - 
--------------------------------------------------------------------------------
[2023-04-14T21:09:46.162+0000] {taskinstance.py:1309} INFO - Executing <Task(BashOperator): sleep> on 2023-04-14 21:09:44.872283+00:00
[2023-04-14T21:09:46.167+0000] {standard_task_runner.py:55} INFO - Started process 99 to run task
[2023-04-14T21:09:46.170+0000] {standard_task_runner.py:82} INFO - Running: ['***', 'tasks', 'run', 'tutorial_2_amir', 'sleep', 'manual__2023-04-14T21:09:44.872283+00:00', '--job-id', '5', '--raw', '--subdir', 'DAGS_FOLDER/test.py', '--cfg-path', '/tmp/tmpxrypxxd0']
[2023-04-14T21:09:46.171+0000] {standard_task_runner.py:83} INFO - Job 5: Subtask sleep
[2023-04-14T21:09:46.183+0000] {warnings.py:110} WARNING - /home/***/.local/lib/python3.7/site-packages/***/settings.py:250: DeprecationWarning: The sql_alchemy_conn option in [core] has been moved to the sql_alchemy_conn option in [database] - the old setting has been used, but please update your config.
  SQL_ALCHEMY_CONN = conf.get("database", "SQL_ALCHEMY_CONN")

[2023-04-14T21:09:46.231+0000] {task_command.py:389} INFO - Running <TaskInstance: tutorial_2_amir.sleep manual__2023-04-14T21:09:44.872283+00:00 [running]> on host 4a2434575694
[2023-04-14T21:09:46.287+0000] {taskinstance.py:1518} INFO - Exporting the following env vars:
AIRFLOW_CTX_DAG_EMAIL=***@example.com
AIRFLOW_CTX_DAG_OWNER=***
AIRFLOW_CTX_DAG_ID=tutorial_2_amir
AIRFLOW_CTX_TASK_ID=sleep
AIRFLOW_CTX_EXECUTION_DATE=2023-04-14T21:09:44.872283+00:00
AIRFLOW_CTX_TRY_NUMBER=1
AIRFLOW_CTX_DAG_RUN_ID=manual__2023-04-14T21:09:44.872283+00:00
[2023-04-14T21:09:46.288+0000] {subprocess.py:63} INFO - Tmp dir root location: 
 /tmp
[2023-04-14T21:09:46.289+0000] {subprocess.py:75} INFO - Running command: ['/bin/bash', '-c', 'sleep 5']
[2023-04-14T21:09:46.300+0000] {subprocess.py:86} INFO - Output:
[2023-04-14T21:09:51.303+0000] {subprocess.py:97} INFO - Command exited with return code 0
[2023-04-14T21:09:51.327+0000] {taskinstance.py:1332} INFO - Marking task as SUCCESS. dag_id=tutorial_2_amir, task_id=sleep, execution_date=20230414T210944, start_date=20230414T210946, end_date=20230414T210951
[2023-04-14T21:09:51.362+0000] {local_task_job.py:212} INFO - Task exited with return code 0
[2023-04-14T21:09:51.375+0000] {taskinstance.py:2596} INFO - 0 downstream tasks scheduled from follow-on schedule check
