[2023-04-14T21:09:46.182+0000] {taskinstance.py:1090} INFO - Dependencies all met for dep_context=non-requeueable deps ti=<TaskInstance: tutorial_2_amir.templated manual__2023-04-14T21:09:44.872283+00:00 [queued]>
[2023-04-14T21:09:46.195+0000] {taskinstance.py:1090} INFO - Dependencies all met for dep_context=requeueable deps ti=<TaskInstance: tutorial_2_amir.templated manual__2023-04-14T21:09:44.872283+00:00 [queued]>
[2023-04-14T21:09:46.195+0000] {taskinstance.py:1288} INFO - 
--------------------------------------------------------------------------------
[2023-04-14T21:09:46.195+0000] {taskinstance.py:1289} INFO - Starting attempt 1 of 2
[2023-04-14T21:09:46.196+0000] {taskinstance.py:1290} INFO - 
--------------------------------------------------------------------------------
[2023-04-14T21:09:46.207+0000] {taskinstance.py:1309} INFO - Executing <Task(BashOperator): templated> on 2023-04-14 21:09:44.872283+00:00
[2023-04-14T21:09:46.212+0000] {standard_task_runner.py:55} INFO - Started process 102 to run task
[2023-04-14T21:09:46.216+0000] {standard_task_runner.py:82} INFO - Running: ['***', 'tasks', 'run', 'tutorial_2_amir', 'templated', 'manual__2023-04-14T21:09:44.872283+00:00', '--job-id', '8', '--raw', '--subdir', 'DAGS_FOLDER/test.py', '--cfg-path', '/tmp/tmp_l9wz3km']
[2023-04-14T21:09:46.217+0000] {standard_task_runner.py:83} INFO - Job 8: Subtask templated
[2023-04-14T21:09:46.230+0000] {warnings.py:110} WARNING - /home/***/.local/lib/python3.7/site-packages/***/settings.py:250: DeprecationWarning: The sql_alchemy_conn option in [core] has been moved to the sql_alchemy_conn option in [database] - the old setting has been used, but please update your config.
  SQL_ALCHEMY_CONN = conf.get("database", "SQL_ALCHEMY_CONN")

[2023-04-14T21:09:46.271+0000] {task_command.py:389} INFO - Running <TaskInstance: tutorial_2_amir.templated manual__2023-04-14T21:09:44.872283+00:00 [running]> on host 4a2434575694
[2023-04-14T21:09:46.331+0000] {taskinstance.py:1518} INFO - Exporting the following env vars:
AIRFLOW_CTX_DAG_EMAIL=***@example.com
AIRFLOW_CTX_DAG_OWNER=***
AIRFLOW_CTX_DAG_ID=tutorial_2_amir
AIRFLOW_CTX_TASK_ID=templated
AIRFLOW_CTX_EXECUTION_DATE=2023-04-14T21:09:44.872283+00:00
AIRFLOW_CTX_TRY_NUMBER=1
AIRFLOW_CTX_DAG_RUN_ID=manual__2023-04-14T21:09:44.872283+00:00
[2023-04-14T21:09:46.331+0000] {subprocess.py:63} INFO - Tmp dir root location: 
 /tmp
[2023-04-14T21:09:46.332+0000] {subprocess.py:75} INFO - Running command: ['/bin/bash', '-c', '\n\n    echo "2023-04-14"\n    echo "2023-04-21"\n\n    echo "2023-04-14"\n    echo "2023-04-21"\n\n    echo "2023-04-14"\n    echo "2023-04-21"\n\n    echo "2023-04-14"\n    echo "2023-04-21"\n\n    echo "2023-04-14"\n    echo "2023-04-21"\n']
[2023-04-14T21:09:46.341+0000] {subprocess.py:86} INFO - Output:
[2023-04-14T21:09:46.343+0000] {subprocess.py:93} INFO - 2023-04-14
[2023-04-14T21:09:46.343+0000] {subprocess.py:93} INFO - 2023-04-21
[2023-04-14T21:09:46.343+0000] {subprocess.py:93} INFO - 2023-04-14
[2023-04-14T21:09:46.343+0000] {subprocess.py:93} INFO - 2023-04-21
[2023-04-14T21:09:46.343+0000] {subprocess.py:93} INFO - 2023-04-14
[2023-04-14T21:09:46.343+0000] {subprocess.py:93} INFO - 2023-04-21
[2023-04-14T21:09:46.344+0000] {subprocess.py:93} INFO - 2023-04-14
[2023-04-14T21:09:46.344+0000] {subprocess.py:93} INFO - 2023-04-21
[2023-04-14T21:09:46.344+0000] {subprocess.py:93} INFO - 2023-04-14
[2023-04-14T21:09:46.345+0000] {subprocess.py:93} INFO - 2023-04-21
[2023-04-14T21:09:46.345+0000] {subprocess.py:97} INFO - Command exited with return code 0
[2023-04-14T21:09:46.369+0000] {taskinstance.py:1332} INFO - Marking task as SUCCESS. dag_id=tutorial_2_amir, task_id=templated, execution_date=20230414T210944, start_date=20230414T210946, end_date=20230414T210946
[2023-04-14T21:09:46.387+0000] {local_task_job.py:212} INFO - Task exited with return code 0
[2023-04-14T21:09:46.403+0000] {taskinstance.py:2596} INFO - 0 downstream tasks scheduled from follow-on schedule check
