[2023-04-14T19:13:19.250+0000] {processor.py:153} INFO - Started process (PID=75) to work on /home/airflow/.local/lib/python3.7/site-packages/airflow/example_dags/example_external_task_marker_dag.py
[2023-04-14T19:13:19.251+0000] {processor.py:743} INFO - Processing file /home/airflow/.local/lib/python3.7/site-packages/airflow/example_dags/example_external_task_marker_dag.py for tasks to queue
[2023-04-14T19:13:19.252+0000] {logging_mixin.py:137} INFO - [2023-04-14T19:13:19.252+0000] {dagbag.py:532} INFO - Filling up the DagBag from /home/airflow/.local/lib/python3.7/site-packages/airflow/example_dags/example_external_task_marker_dag.py
[2023-04-14T19:13:19.266+0000] {processor.py:753} INFO - DAG(s) dict_keys(['example_external_task_marker_parent', 'example_external_task_marker_child']) retrieved from /home/airflow/.local/lib/python3.7/site-packages/airflow/example_dags/example_external_task_marker_dag.py
[2023-04-14T19:13:19.283+0000] {logging_mixin.py:137} INFO - [2023-04-14T19:13:19.283+0000] {dag.py:2705} INFO - Sync 2 DAGs
[2023-04-14T19:13:19.308+0000] {logging_mixin.py:137} INFO - [2023-04-14T19:13:19.308+0000] {dag.py:3456} INFO - Setting next_dagrun for example_external_task_marker_child to None, run_after=None
[2023-04-14T19:13:19.311+0000] {logging_mixin.py:137} INFO - [2023-04-14T19:13:19.311+0000] {dag.py:3456} INFO - Setting next_dagrun for example_external_task_marker_parent to None, run_after=None
[2023-04-14T19:13:19.333+0000] {processor.py:175} INFO - Processing /home/airflow/.local/lib/python3.7/site-packages/airflow/example_dags/example_external_task_marker_dag.py took 0.088 seconds
[2023-04-14T19:13:50.081+0000] {processor.py:153} INFO - Started process (PID=165) to work on /home/airflow/.local/lib/python3.7/site-packages/airflow/example_dags/example_external_task_marker_dag.py
[2023-04-14T19:13:50.081+0000] {processor.py:743} INFO - Processing file /home/airflow/.local/lib/python3.7/site-packages/airflow/example_dags/example_external_task_marker_dag.py for tasks to queue
[2023-04-14T19:13:50.082+0000] {logging_mixin.py:137} INFO - [2023-04-14T19:13:50.082+0000] {dagbag.py:532} INFO - Filling up the DagBag from /home/airflow/.local/lib/python3.7/site-packages/airflow/example_dags/example_external_task_marker_dag.py
[2023-04-14T19:13:50.092+0000] {processor.py:753} INFO - DAG(s) dict_keys(['example_external_task_marker_parent', 'example_external_task_marker_child']) retrieved from /home/airflow/.local/lib/python3.7/site-packages/airflow/example_dags/example_external_task_marker_dag.py
[2023-04-14T19:13:50.111+0000] {logging_mixin.py:137} INFO - [2023-04-14T19:13:50.111+0000] {dag.py:2705} INFO - Sync 2 DAGs
[2023-04-14T19:13:50.128+0000] {logging_mixin.py:137} INFO - [2023-04-14T19:13:50.128+0000] {dag.py:3456} INFO - Setting next_dagrun for example_external_task_marker_child to None, run_after=None
[2023-04-14T19:13:50.130+0000] {logging_mixin.py:137} INFO - [2023-04-14T19:13:50.130+0000] {dag.py:3456} INFO - Setting next_dagrun for example_external_task_marker_parent to None, run_after=None
[2023-04-14T19:13:50.141+0000] {processor.py:175} INFO - Processing /home/airflow/.local/lib/python3.7/site-packages/airflow/example_dags/example_external_task_marker_dag.py took 0.063 seconds
[2023-04-14T19:14:20.367+0000] {processor.py:153} INFO - Started process (PID=256) to work on /home/airflow/.local/lib/python3.7/site-packages/airflow/example_dags/example_external_task_marker_dag.py
[2023-04-14T19:14:20.368+0000] {processor.py:743} INFO - Processing file /home/airflow/.local/lib/python3.7/site-packages/airflow/example_dags/example_external_task_marker_dag.py for tasks to queue
[2023-04-14T19:14:20.368+0000] {logging_mixin.py:137} INFO - [2023-04-14T19:14:20.368+0000] {dagbag.py:532} INFO - Filling up the DagBag from /home/airflow/.local/lib/python3.7/site-packages/airflow/example_dags/example_external_task_marker_dag.py
[2023-04-14T19:14:20.378+0000] {processor.py:753} INFO - DAG(s) dict_keys(['example_external_task_marker_child', 'example_external_task_marker_parent']) retrieved from /home/airflow/.local/lib/python3.7/site-packages/airflow/example_dags/example_external_task_marker_dag.py
[2023-04-14T19:14:20.399+0000] {logging_mixin.py:137} INFO - [2023-04-14T19:14:20.399+0000] {dag.py:2705} INFO - Sync 2 DAGs
[2023-04-14T19:14:20.416+0000] {logging_mixin.py:137} INFO - [2023-04-14T19:14:20.416+0000] {dag.py:3456} INFO - Setting next_dagrun for example_external_task_marker_child to None, run_after=None
[2023-04-14T19:14:20.418+0000] {logging_mixin.py:137} INFO - [2023-04-14T19:14:20.418+0000] {dag.py:3456} INFO - Setting next_dagrun for example_external_task_marker_parent to None, run_after=None
[2023-04-14T19:14:20.429+0000] {processor.py:175} INFO - Processing /home/airflow/.local/lib/python3.7/site-packages/airflow/example_dags/example_external_task_marker_dag.py took 0.065 seconds
[2023-04-14T19:14:50.526+0000] {processor.py:153} INFO - Started process (PID=332) to work on /home/airflow/.local/lib/python3.7/site-packages/airflow/example_dags/example_external_task_marker_dag.py
[2023-04-14T19:14:50.526+0000] {processor.py:743} INFO - Processing file /home/airflow/.local/lib/python3.7/site-packages/airflow/example_dags/example_external_task_marker_dag.py for tasks to queue
[2023-04-14T19:14:50.527+0000] {logging_mixin.py:137} INFO - [2023-04-14T19:14:50.527+0000] {dagbag.py:532} INFO - Filling up the DagBag from /home/airflow/.local/lib/python3.7/site-packages/airflow/example_dags/example_external_task_marker_dag.py
[2023-04-14T19:14:50.537+0000] {processor.py:753} INFO - DAG(s) dict_keys(['example_external_task_marker_child', 'example_external_task_marker_parent']) retrieved from /home/airflow/.local/lib/python3.7/site-packages/airflow/example_dags/example_external_task_marker_dag.py
[2023-04-14T19:14:50.556+0000] {logging_mixin.py:137} INFO - [2023-04-14T19:14:50.555+0000] {dag.py:2705} INFO - Sync 2 DAGs
[2023-04-14T19:14:50.571+0000] {logging_mixin.py:137} INFO - [2023-04-14T19:14:50.571+0000] {dag.py:3456} INFO - Setting next_dagrun for example_external_task_marker_child to None, run_after=None
[2023-04-14T19:14:50.574+0000] {logging_mixin.py:137} INFO - [2023-04-14T19:14:50.574+0000] {dag.py:3456} INFO - Setting next_dagrun for example_external_task_marker_parent to None, run_after=None
[2023-04-14T19:14:50.584+0000] {processor.py:175} INFO - Processing /home/airflow/.local/lib/python3.7/site-packages/airflow/example_dags/example_external_task_marker_dag.py took 0.061 seconds
[2023-04-14T19:15:20.719+0000] {processor.py:153} INFO - Started process (PID=422) to work on /home/airflow/.local/lib/python3.7/site-packages/airflow/example_dags/example_external_task_marker_dag.py
[2023-04-14T19:15:20.720+0000] {processor.py:743} INFO - Processing file /home/airflow/.local/lib/python3.7/site-packages/airflow/example_dags/example_external_task_marker_dag.py for tasks to queue
[2023-04-14T19:15:20.720+0000] {logging_mixin.py:137} INFO - [2023-04-14T19:15:20.720+0000] {dagbag.py:532} INFO - Filling up the DagBag from /home/airflow/.local/lib/python3.7/site-packages/airflow/example_dags/example_external_task_marker_dag.py
[2023-04-14T19:15:20.730+0000] {processor.py:753} INFO - DAG(s) dict_keys(['example_external_task_marker_child', 'example_external_task_marker_parent']) retrieved from /home/airflow/.local/lib/python3.7/site-packages/airflow/example_dags/example_external_task_marker_dag.py
[2023-04-14T19:15:20.750+0000] {logging_mixin.py:137} INFO - [2023-04-14T19:15:20.750+0000] {dag.py:2705} INFO - Sync 2 DAGs
[2023-04-14T19:15:20.769+0000] {logging_mixin.py:137} INFO - [2023-04-14T19:15:20.769+0000] {dag.py:3456} INFO - Setting next_dagrun for example_external_task_marker_child to None, run_after=None
[2023-04-14T19:15:20.772+0000] {logging_mixin.py:137} INFO - [2023-04-14T19:15:20.772+0000] {dag.py:3456} INFO - Setting next_dagrun for example_external_task_marker_parent to None, run_after=None
[2023-04-14T19:15:20.787+0000] {processor.py:175} INFO - Processing /home/airflow/.local/lib/python3.7/site-packages/airflow/example_dags/example_external_task_marker_dag.py took 0.070 seconds
[2023-04-14T19:17:36.624+0000] {processor.py:153} INFO - Started process (PID=75) to work on /home/airflow/.local/lib/python3.7/site-packages/airflow/example_dags/example_external_task_marker_dag.py
[2023-04-14T19:17:36.625+0000] {processor.py:743} INFO - Processing file /home/airflow/.local/lib/python3.7/site-packages/airflow/example_dags/example_external_task_marker_dag.py for tasks to queue
[2023-04-14T19:17:36.626+0000] {logging_mixin.py:137} INFO - [2023-04-14T19:17:36.626+0000] {dagbag.py:532} INFO - Filling up the DagBag from /home/airflow/.local/lib/python3.7/site-packages/airflow/example_dags/example_external_task_marker_dag.py
[2023-04-14T19:17:36.640+0000] {processor.py:753} INFO - DAG(s) dict_keys(['example_external_task_marker_parent', 'example_external_task_marker_child']) retrieved from /home/airflow/.local/lib/python3.7/site-packages/airflow/example_dags/example_external_task_marker_dag.py
[2023-04-14T19:17:36.652+0000] {logging_mixin.py:137} INFO - [2023-04-14T19:17:36.652+0000] {dag.py:2705} INFO - Sync 2 DAGs
[2023-04-14T19:17:36.682+0000] {logging_mixin.py:137} INFO - [2023-04-14T19:17:36.682+0000] {dag.py:3456} INFO - Setting next_dagrun for example_external_task_marker_child to None, run_after=None
[2023-04-14T19:17:36.685+0000] {logging_mixin.py:137} INFO - [2023-04-14T19:17:36.685+0000] {dag.py:3456} INFO - Setting next_dagrun for example_external_task_marker_parent to None, run_after=None
[2023-04-14T19:17:36.698+0000] {processor.py:175} INFO - Processing /home/airflow/.local/lib/python3.7/site-packages/airflow/example_dags/example_external_task_marker_dag.py took 0.077 seconds
[2023-04-14T19:18:07.137+0000] {processor.py:153} INFO - Started process (PID=167) to work on /home/airflow/.local/lib/python3.7/site-packages/airflow/example_dags/example_external_task_marker_dag.py
[2023-04-14T19:18:07.139+0000] {processor.py:743} INFO - Processing file /home/airflow/.local/lib/python3.7/site-packages/airflow/example_dags/example_external_task_marker_dag.py for tasks to queue
[2023-04-14T19:18:07.141+0000] {logging_mixin.py:137} INFO - [2023-04-14T19:18:07.140+0000] {dagbag.py:532} INFO - Filling up the DagBag from /home/airflow/.local/lib/python3.7/site-packages/airflow/example_dags/example_external_task_marker_dag.py
[2023-04-14T19:18:07.157+0000] {processor.py:753} INFO - DAG(s) dict_keys(['example_external_task_marker_parent', 'example_external_task_marker_child']) retrieved from /home/airflow/.local/lib/python3.7/site-packages/airflow/example_dags/example_external_task_marker_dag.py
[2023-04-14T19:18:07.227+0000] {logging_mixin.py:137} INFO - [2023-04-14T19:18:07.227+0000] {dag.py:2705} INFO - Sync 2 DAGs
[2023-04-14T19:18:07.244+0000] {logging_mixin.py:137} INFO - [2023-04-14T19:18:07.244+0000] {dag.py:3456} INFO - Setting next_dagrun for example_external_task_marker_child to None, run_after=None
[2023-04-14T19:18:07.247+0000] {logging_mixin.py:137} INFO - [2023-04-14T19:18:07.247+0000] {dag.py:3456} INFO - Setting next_dagrun for example_external_task_marker_parent to None, run_after=None
[2023-04-14T19:18:07.260+0000] {processor.py:175} INFO - Processing /home/airflow/.local/lib/python3.7/site-packages/airflow/example_dags/example_external_task_marker_dag.py took 0.127 seconds
[2023-04-14T19:18:37.584+0000] {processor.py:153} INFO - Started process (PID=258) to work on /home/airflow/.local/lib/python3.7/site-packages/airflow/example_dags/example_external_task_marker_dag.py
[2023-04-14T19:18:37.584+0000] {processor.py:743} INFO - Processing file /home/airflow/.local/lib/python3.7/site-packages/airflow/example_dags/example_external_task_marker_dag.py for tasks to queue
[2023-04-14T19:18:37.585+0000] {logging_mixin.py:137} INFO - [2023-04-14T19:18:37.585+0000] {dagbag.py:532} INFO - Filling up the DagBag from /home/airflow/.local/lib/python3.7/site-packages/airflow/example_dags/example_external_task_marker_dag.py
[2023-04-14T19:18:37.596+0000] {processor.py:753} INFO - DAG(s) dict_keys(['example_external_task_marker_parent', 'example_external_task_marker_child']) retrieved from /home/airflow/.local/lib/python3.7/site-packages/airflow/example_dags/example_external_task_marker_dag.py
[2023-04-14T19:18:37.616+0000] {logging_mixin.py:137} INFO - [2023-04-14T19:18:37.616+0000] {dag.py:2705} INFO - Sync 2 DAGs
[2023-04-14T19:18:37.639+0000] {logging_mixin.py:137} INFO - [2023-04-14T19:18:37.639+0000] {dag.py:3456} INFO - Setting next_dagrun for example_external_task_marker_child to None, run_after=None
[2023-04-14T19:18:37.641+0000] {logging_mixin.py:137} INFO - [2023-04-14T19:18:37.641+0000] {dag.py:3456} INFO - Setting next_dagrun for example_external_task_marker_parent to None, run_after=None
[2023-04-14T19:18:37.659+0000] {processor.py:175} INFO - Processing /home/airflow/.local/lib/python3.7/site-packages/airflow/example_dags/example_external_task_marker_dag.py took 0.078 seconds
[2023-04-14T19:19:07.867+0000] {processor.py:153} INFO - Started process (PID=333) to work on /home/airflow/.local/lib/python3.7/site-packages/airflow/example_dags/example_external_task_marker_dag.py
[2023-04-14T19:19:07.867+0000] {processor.py:743} INFO - Processing file /home/airflow/.local/lib/python3.7/site-packages/airflow/example_dags/example_external_task_marker_dag.py for tasks to queue
[2023-04-14T19:19:07.868+0000] {logging_mixin.py:137} INFO - [2023-04-14T19:19:07.868+0000] {dagbag.py:532} INFO - Filling up the DagBag from /home/airflow/.local/lib/python3.7/site-packages/airflow/example_dags/example_external_task_marker_dag.py
[2023-04-14T19:19:07.880+0000] {processor.py:753} INFO - DAG(s) dict_keys(['example_external_task_marker_parent', 'example_external_task_marker_child']) retrieved from /home/airflow/.local/lib/python3.7/site-packages/airflow/example_dags/example_external_task_marker_dag.py
[2023-04-14T19:19:07.899+0000] {logging_mixin.py:137} INFO - [2023-04-14T19:19:07.899+0000] {dag.py:2705} INFO - Sync 2 DAGs
[2023-04-14T19:19:07.916+0000] {logging_mixin.py:137} INFO - [2023-04-14T19:19:07.916+0000] {dag.py:3456} INFO - Setting next_dagrun for example_external_task_marker_child to None, run_after=None
[2023-04-14T19:19:07.918+0000] {logging_mixin.py:137} INFO - [2023-04-14T19:19:07.918+0000] {dag.py:3456} INFO - Setting next_dagrun for example_external_task_marker_parent to None, run_after=None
[2023-04-14T19:19:07.935+0000] {processor.py:175} INFO - Processing /home/airflow/.local/lib/python3.7/site-packages/airflow/example_dags/example_external_task_marker_dag.py took 0.071 seconds
[2023-04-14T19:19:38.193+0000] {processor.py:153} INFO - Started process (PID=426) to work on /home/airflow/.local/lib/python3.7/site-packages/airflow/example_dags/example_external_task_marker_dag.py
[2023-04-14T19:19:38.194+0000] {processor.py:743} INFO - Processing file /home/airflow/.local/lib/python3.7/site-packages/airflow/example_dags/example_external_task_marker_dag.py for tasks to queue
[2023-04-14T19:19:38.195+0000] {logging_mixin.py:137} INFO - [2023-04-14T19:19:38.195+0000] {dagbag.py:532} INFO - Filling up the DagBag from /home/airflow/.local/lib/python3.7/site-packages/airflow/example_dags/example_external_task_marker_dag.py
[2023-04-14T19:19:38.210+0000] {processor.py:753} INFO - DAG(s) dict_keys(['example_external_task_marker_child', 'example_external_task_marker_parent']) retrieved from /home/airflow/.local/lib/python3.7/site-packages/airflow/example_dags/example_external_task_marker_dag.py
[2023-04-14T19:19:38.240+0000] {logging_mixin.py:137} INFO - [2023-04-14T19:19:38.240+0000] {dag.py:2705} INFO - Sync 2 DAGs
[2023-04-14T19:19:38.265+0000] {logging_mixin.py:137} INFO - [2023-04-14T19:19:38.265+0000] {dag.py:3456} INFO - Setting next_dagrun for example_external_task_marker_child to None, run_after=None
[2023-04-14T19:19:38.269+0000] {logging_mixin.py:137} INFO - [2023-04-14T19:19:38.269+0000] {dag.py:3456} INFO - Setting next_dagrun for example_external_task_marker_parent to None, run_after=None
[2023-04-14T19:19:38.285+0000] {processor.py:175} INFO - Processing /home/airflow/.local/lib/python3.7/site-packages/airflow/example_dags/example_external_task_marker_dag.py took 0.096 seconds
[2023-04-14T19:20:08.730+0000] {processor.py:153} INFO - Started process (PID=518) to work on /home/airflow/.local/lib/python3.7/site-packages/airflow/example_dags/example_external_task_marker_dag.py
[2023-04-14T19:20:08.731+0000] {processor.py:743} INFO - Processing file /home/airflow/.local/lib/python3.7/site-packages/airflow/example_dags/example_external_task_marker_dag.py for tasks to queue
[2023-04-14T19:20:08.731+0000] {logging_mixin.py:137} INFO - [2023-04-14T19:20:08.731+0000] {dagbag.py:532} INFO - Filling up the DagBag from /home/airflow/.local/lib/python3.7/site-packages/airflow/example_dags/example_external_task_marker_dag.py
[2023-04-14T19:20:08.742+0000] {processor.py:753} INFO - DAG(s) dict_keys(['example_external_task_marker_child', 'example_external_task_marker_parent']) retrieved from /home/airflow/.local/lib/python3.7/site-packages/airflow/example_dags/example_external_task_marker_dag.py
[2023-04-14T19:20:08.763+0000] {logging_mixin.py:137} INFO - [2023-04-14T19:20:08.763+0000] {dag.py:2705} INFO - Sync 2 DAGs
[2023-04-14T19:20:08.784+0000] {logging_mixin.py:137} INFO - [2023-04-14T19:20:08.784+0000] {dag.py:3456} INFO - Setting next_dagrun for example_external_task_marker_child to None, run_after=None
[2023-04-14T19:20:08.787+0000] {logging_mixin.py:137} INFO - [2023-04-14T19:20:08.787+0000] {dag.py:3456} INFO - Setting next_dagrun for example_external_task_marker_parent to None, run_after=None
[2023-04-14T19:20:08.800+0000] {processor.py:175} INFO - Processing /home/airflow/.local/lib/python3.7/site-packages/airflow/example_dags/example_external_task_marker_dag.py took 0.073 seconds
[2023-04-14T19:20:39.041+0000] {processor.py:153} INFO - Started process (PID=593) to work on /home/airflow/.local/lib/python3.7/site-packages/airflow/example_dags/example_external_task_marker_dag.py
[2023-04-14T19:20:39.042+0000] {processor.py:743} INFO - Processing file /home/airflow/.local/lib/python3.7/site-packages/airflow/example_dags/example_external_task_marker_dag.py for tasks to queue
[2023-04-14T19:20:39.043+0000] {logging_mixin.py:137} INFO - [2023-04-14T19:20:39.043+0000] {dagbag.py:532} INFO - Filling up the DagBag from /home/airflow/.local/lib/python3.7/site-packages/airflow/example_dags/example_external_task_marker_dag.py
[2023-04-14T19:20:39.055+0000] {processor.py:753} INFO - DAG(s) dict_keys(['example_external_task_marker_child', 'example_external_task_marker_parent']) retrieved from /home/airflow/.local/lib/python3.7/site-packages/airflow/example_dags/example_external_task_marker_dag.py
[2023-04-14T19:20:39.082+0000] {logging_mixin.py:137} INFO - [2023-04-14T19:20:39.082+0000] {dag.py:2705} INFO - Sync 2 DAGs
[2023-04-14T19:20:39.105+0000] {logging_mixin.py:137} INFO - [2023-04-14T19:20:39.105+0000] {dag.py:3456} INFO - Setting next_dagrun for example_external_task_marker_child to None, run_after=None
[2023-04-14T19:20:39.108+0000] {logging_mixin.py:137} INFO - [2023-04-14T19:20:39.108+0000] {dag.py:3456} INFO - Setting next_dagrun for example_external_task_marker_parent to None, run_after=None
[2023-04-14T19:20:39.124+0000] {processor.py:175} INFO - Processing /home/airflow/.local/lib/python3.7/site-packages/airflow/example_dags/example_external_task_marker_dag.py took 0.085 seconds
[2023-04-14T19:21:09.276+0000] {processor.py:153} INFO - Started process (PID=685) to work on /home/airflow/.local/lib/python3.7/site-packages/airflow/example_dags/example_external_task_marker_dag.py
[2023-04-14T19:21:09.276+0000] {processor.py:743} INFO - Processing file /home/airflow/.local/lib/python3.7/site-packages/airflow/example_dags/example_external_task_marker_dag.py for tasks to queue
[2023-04-14T19:21:09.277+0000] {logging_mixin.py:137} INFO - [2023-04-14T19:21:09.277+0000] {dagbag.py:532} INFO - Filling up the DagBag from /home/airflow/.local/lib/python3.7/site-packages/airflow/example_dags/example_external_task_marker_dag.py
[2023-04-14T19:21:09.288+0000] {processor.py:753} INFO - DAG(s) dict_keys(['example_external_task_marker_child', 'example_external_task_marker_parent']) retrieved from /home/airflow/.local/lib/python3.7/site-packages/airflow/example_dags/example_external_task_marker_dag.py
[2023-04-14T19:21:09.313+0000] {logging_mixin.py:137} INFO - [2023-04-14T19:21:09.313+0000] {dag.py:2705} INFO - Sync 2 DAGs
[2023-04-14T19:21:09.334+0000] {logging_mixin.py:137} INFO - [2023-04-14T19:21:09.334+0000] {dag.py:3456} INFO - Setting next_dagrun for example_external_task_marker_child to None, run_after=None
[2023-04-14T19:21:09.337+0000] {logging_mixin.py:137} INFO - [2023-04-14T19:21:09.336+0000] {dag.py:3456} INFO - Setting next_dagrun for example_external_task_marker_parent to None, run_after=None
[2023-04-14T19:21:09.349+0000] {processor.py:175} INFO - Processing /home/airflow/.local/lib/python3.7/site-packages/airflow/example_dags/example_external_task_marker_dag.py took 0.077 seconds
[2023-04-14T19:21:39.429+0000] {processor.py:153} INFO - Started process (PID=767) to work on /home/airflow/.local/lib/python3.7/site-packages/airflow/example_dags/example_external_task_marker_dag.py
[2023-04-14T19:21:39.429+0000] {processor.py:743} INFO - Processing file /home/airflow/.local/lib/python3.7/site-packages/airflow/example_dags/example_external_task_marker_dag.py for tasks to queue
[2023-04-14T19:21:39.431+0000] {logging_mixin.py:137} INFO - [2023-04-14T19:21:39.430+0000] {dagbag.py:532} INFO - Filling up the DagBag from /home/airflow/.local/lib/python3.7/site-packages/airflow/example_dags/example_external_task_marker_dag.py
[2023-04-14T19:21:39.442+0000] {processor.py:753} INFO - DAG(s) dict_keys(['example_external_task_marker_parent', 'example_external_task_marker_child']) retrieved from /home/airflow/.local/lib/python3.7/site-packages/airflow/example_dags/example_external_task_marker_dag.py
[2023-04-14T19:21:39.464+0000] {logging_mixin.py:137} INFO - [2023-04-14T19:21:39.463+0000] {dag.py:2705} INFO - Sync 2 DAGs
[2023-04-14T19:21:39.481+0000] {logging_mixin.py:137} INFO - [2023-04-14T19:21:39.481+0000] {dag.py:3456} INFO - Setting next_dagrun for example_external_task_marker_child to None, run_after=None
[2023-04-14T19:21:39.484+0000] {logging_mixin.py:137} INFO - [2023-04-14T19:21:39.484+0000] {dag.py:3456} INFO - Setting next_dagrun for example_external_task_marker_parent to None, run_after=None
[2023-04-14T19:21:39.496+0000] {processor.py:175} INFO - Processing /home/airflow/.local/lib/python3.7/site-packages/airflow/example_dags/example_external_task_marker_dag.py took 0.070 seconds
[2023-04-14T19:22:09.555+0000] {processor.py:153} INFO - Started process (PID=851) to work on /home/airflow/.local/lib/python3.7/site-packages/airflow/example_dags/example_external_task_marker_dag.py
[2023-04-14T19:22:09.556+0000] {processor.py:743} INFO - Processing file /home/airflow/.local/lib/python3.7/site-packages/airflow/example_dags/example_external_task_marker_dag.py for tasks to queue
[2023-04-14T19:22:09.557+0000] {logging_mixin.py:137} INFO - [2023-04-14T19:22:09.557+0000] {dagbag.py:532} INFO - Filling up the DagBag from /home/airflow/.local/lib/python3.7/site-packages/airflow/example_dags/example_external_task_marker_dag.py
[2023-04-14T19:22:09.569+0000] {processor.py:753} INFO - DAG(s) dict_keys(['example_external_task_marker_child', 'example_external_task_marker_parent']) retrieved from /home/airflow/.local/lib/python3.7/site-packages/airflow/example_dags/example_external_task_marker_dag.py
[2023-04-14T19:22:09.589+0000] {logging_mixin.py:137} INFO - [2023-04-14T19:22:09.589+0000] {dag.py:2705} INFO - Sync 2 DAGs
[2023-04-14T19:22:09.604+0000] {logging_mixin.py:137} INFO - [2023-04-14T19:22:09.604+0000] {dag.py:3456} INFO - Setting next_dagrun for example_external_task_marker_child to None, run_after=None
[2023-04-14T19:22:09.606+0000] {logging_mixin.py:137} INFO - [2023-04-14T19:22:09.606+0000] {dag.py:3456} INFO - Setting next_dagrun for example_external_task_marker_parent to None, run_after=None
[2023-04-14T19:22:09.617+0000] {processor.py:175} INFO - Processing /home/airflow/.local/lib/python3.7/site-packages/airflow/example_dags/example_external_task_marker_dag.py took 0.064 seconds
[2023-04-14T19:22:40.344+0000] {processor.py:153} INFO - Started process (PID=941) to work on /home/airflow/.local/lib/python3.7/site-packages/airflow/example_dags/example_external_task_marker_dag.py
[2023-04-14T19:22:40.345+0000] {processor.py:743} INFO - Processing file /home/airflow/.local/lib/python3.7/site-packages/airflow/example_dags/example_external_task_marker_dag.py for tasks to queue
[2023-04-14T19:22:40.345+0000] {logging_mixin.py:137} INFO - [2023-04-14T19:22:40.345+0000] {dagbag.py:532} INFO - Filling up the DagBag from /home/airflow/.local/lib/python3.7/site-packages/airflow/example_dags/example_external_task_marker_dag.py
[2023-04-14T19:22:40.356+0000] {processor.py:753} INFO - DAG(s) dict_keys(['example_external_task_marker_parent', 'example_external_task_marker_child']) retrieved from /home/airflow/.local/lib/python3.7/site-packages/airflow/example_dags/example_external_task_marker_dag.py
[2023-04-14T19:22:40.379+0000] {logging_mixin.py:137} INFO - [2023-04-14T19:22:40.379+0000] {dag.py:2705} INFO - Sync 2 DAGs
[2023-04-14T19:22:40.397+0000] {logging_mixin.py:137} INFO - [2023-04-14T19:22:40.397+0000] {dag.py:3456} INFO - Setting next_dagrun for example_external_task_marker_child to None, run_after=None
[2023-04-14T19:22:40.400+0000] {logging_mixin.py:137} INFO - [2023-04-14T19:22:40.400+0000] {dag.py:3456} INFO - Setting next_dagrun for example_external_task_marker_parent to None, run_after=None
[2023-04-14T19:22:40.413+0000] {processor.py:175} INFO - Processing /home/airflow/.local/lib/python3.7/site-packages/airflow/example_dags/example_external_task_marker_dag.py took 0.072 seconds
[2023-04-14T19:23:10.523+0000] {processor.py:153} INFO - Started process (PID=1018) to work on /home/airflow/.local/lib/python3.7/site-packages/airflow/example_dags/example_external_task_marker_dag.py
[2023-04-14T19:23:10.524+0000] {processor.py:743} INFO - Processing file /home/airflow/.local/lib/python3.7/site-packages/airflow/example_dags/example_external_task_marker_dag.py for tasks to queue
[2023-04-14T19:23:10.525+0000] {logging_mixin.py:137} INFO - [2023-04-14T19:23:10.524+0000] {dagbag.py:532} INFO - Filling up the DagBag from /home/airflow/.local/lib/python3.7/site-packages/airflow/example_dags/example_external_task_marker_dag.py
[2023-04-14T19:23:10.535+0000] {processor.py:753} INFO - DAG(s) dict_keys(['example_external_task_marker_parent', 'example_external_task_marker_child']) retrieved from /home/airflow/.local/lib/python3.7/site-packages/airflow/example_dags/example_external_task_marker_dag.py
[2023-04-14T19:23:10.557+0000] {logging_mixin.py:137} INFO - [2023-04-14T19:23:10.557+0000] {dag.py:2705} INFO - Sync 2 DAGs
[2023-04-14T19:23:10.574+0000] {logging_mixin.py:137} INFO - [2023-04-14T19:23:10.574+0000] {dag.py:3456} INFO - Setting next_dagrun for example_external_task_marker_child to None, run_after=None
[2023-04-14T19:23:10.577+0000] {logging_mixin.py:137} INFO - [2023-04-14T19:23:10.577+0000] {dag.py:3456} INFO - Setting next_dagrun for example_external_task_marker_parent to None, run_after=None
[2023-04-14T19:23:10.587+0000] {processor.py:175} INFO - Processing /home/airflow/.local/lib/python3.7/site-packages/airflow/example_dags/example_external_task_marker_dag.py took 0.067 seconds
[2023-04-14T19:23:40.686+0000] {processor.py:153} INFO - Started process (PID=1109) to work on /home/airflow/.local/lib/python3.7/site-packages/airflow/example_dags/example_external_task_marker_dag.py
[2023-04-14T19:23:40.687+0000] {processor.py:743} INFO - Processing file /home/airflow/.local/lib/python3.7/site-packages/airflow/example_dags/example_external_task_marker_dag.py for tasks to queue
[2023-04-14T19:23:40.688+0000] {logging_mixin.py:137} INFO - [2023-04-14T19:23:40.688+0000] {dagbag.py:532} INFO - Filling up the DagBag from /home/airflow/.local/lib/python3.7/site-packages/airflow/example_dags/example_external_task_marker_dag.py
[2023-04-14T19:23:40.701+0000] {processor.py:753} INFO - DAG(s) dict_keys(['example_external_task_marker_parent', 'example_external_task_marker_child']) retrieved from /home/airflow/.local/lib/python3.7/site-packages/airflow/example_dags/example_external_task_marker_dag.py
[2023-04-14T19:23:40.722+0000] {logging_mixin.py:137} INFO - [2023-04-14T19:23:40.722+0000] {dag.py:2705} INFO - Sync 2 DAGs
[2023-04-14T19:23:40.739+0000] {logging_mixin.py:137} INFO - [2023-04-14T19:23:40.739+0000] {dag.py:3456} INFO - Setting next_dagrun for example_external_task_marker_child to None, run_after=None
[2023-04-14T19:23:40.741+0000] {logging_mixin.py:137} INFO - [2023-04-14T19:23:40.741+0000] {dag.py:3456} INFO - Setting next_dagrun for example_external_task_marker_parent to None, run_after=None
[2023-04-14T19:23:40.752+0000] {processor.py:175} INFO - Processing /home/airflow/.local/lib/python3.7/site-packages/airflow/example_dags/example_external_task_marker_dag.py took 0.068 seconds
[2023-04-14T19:24:10.837+0000] {processor.py:153} INFO - Started process (PID=1200) to work on /home/airflow/.local/lib/python3.7/site-packages/airflow/example_dags/example_external_task_marker_dag.py
[2023-04-14T19:24:10.838+0000] {processor.py:743} INFO - Processing file /home/airflow/.local/lib/python3.7/site-packages/airflow/example_dags/example_external_task_marker_dag.py for tasks to queue
[2023-04-14T19:24:10.839+0000] {logging_mixin.py:137} INFO - [2023-04-14T19:24:10.839+0000] {dagbag.py:532} INFO - Filling up the DagBag from /home/airflow/.local/lib/python3.7/site-packages/airflow/example_dags/example_external_task_marker_dag.py
[2023-04-14T19:24:10.852+0000] {processor.py:753} INFO - DAG(s) dict_keys(['example_external_task_marker_child', 'example_external_task_marker_parent']) retrieved from /home/airflow/.local/lib/python3.7/site-packages/airflow/example_dags/example_external_task_marker_dag.py
[2023-04-14T19:24:10.875+0000] {logging_mixin.py:137} INFO - [2023-04-14T19:24:10.875+0000] {dag.py:2705} INFO - Sync 2 DAGs
[2023-04-14T19:24:10.895+0000] {logging_mixin.py:137} INFO - [2023-04-14T19:24:10.894+0000] {dag.py:3456} INFO - Setting next_dagrun for example_external_task_marker_child to None, run_after=None
[2023-04-14T19:24:10.897+0000] {logging_mixin.py:137} INFO - [2023-04-14T19:24:10.897+0000] {dag.py:3456} INFO - Setting next_dagrun for example_external_task_marker_parent to None, run_after=None
[2023-04-14T19:24:10.908+0000] {processor.py:175} INFO - Processing /home/airflow/.local/lib/python3.7/site-packages/airflow/example_dags/example_external_task_marker_dag.py took 0.073 seconds
[2023-04-14T19:26:10.415+0000] {processor.py:153} INFO - Started process (PID=75) to work on /home/airflow/.local/lib/python3.7/site-packages/airflow/example_dags/example_external_task_marker_dag.py
[2023-04-14T19:26:10.416+0000] {processor.py:743} INFO - Processing file /home/airflow/.local/lib/python3.7/site-packages/airflow/example_dags/example_external_task_marker_dag.py for tasks to queue
[2023-04-14T19:26:10.416+0000] {logging_mixin.py:137} INFO - [2023-04-14T19:26:10.416+0000] {dagbag.py:532} INFO - Filling up the DagBag from /home/airflow/.local/lib/python3.7/site-packages/airflow/example_dags/example_external_task_marker_dag.py
[2023-04-14T19:26:10.431+0000] {processor.py:753} INFO - DAG(s) dict_keys(['example_external_task_marker_parent', 'example_external_task_marker_child']) retrieved from /home/airflow/.local/lib/python3.7/site-packages/airflow/example_dags/example_external_task_marker_dag.py
[2023-04-14T19:26:10.446+0000] {logging_mixin.py:137} INFO - [2023-04-14T19:26:10.446+0000] {dag.py:2705} INFO - Sync 2 DAGs
[2023-04-14T19:26:10.466+0000] {logging_mixin.py:137} INFO - [2023-04-14T19:26:10.465+0000] {dag.py:3456} INFO - Setting next_dagrun for example_external_task_marker_child to None, run_after=None
[2023-04-14T19:26:10.468+0000] {logging_mixin.py:137} INFO - [2023-04-14T19:26:10.468+0000] {dag.py:3456} INFO - Setting next_dagrun for example_external_task_marker_parent to None, run_after=None
[2023-04-14T19:26:10.482+0000] {processor.py:175} INFO - Processing /home/airflow/.local/lib/python3.7/site-packages/airflow/example_dags/example_external_task_marker_dag.py took 0.071 seconds
[2023-04-14T19:26:40.685+0000] {processor.py:153} INFO - Started process (PID=166) to work on /home/airflow/.local/lib/python3.7/site-packages/airflow/example_dags/example_external_task_marker_dag.py
[2023-04-14T19:26:40.686+0000] {processor.py:743} INFO - Processing file /home/airflow/.local/lib/python3.7/site-packages/airflow/example_dags/example_external_task_marker_dag.py for tasks to queue
[2023-04-14T19:26:40.687+0000] {logging_mixin.py:137} INFO - [2023-04-14T19:26:40.687+0000] {dagbag.py:532} INFO - Filling up the DagBag from /home/airflow/.local/lib/python3.7/site-packages/airflow/example_dags/example_external_task_marker_dag.py
[2023-04-14T19:26:40.696+0000] {processor.py:753} INFO - DAG(s) dict_keys(['example_external_task_marker_child', 'example_external_task_marker_parent']) retrieved from /home/airflow/.local/lib/python3.7/site-packages/airflow/example_dags/example_external_task_marker_dag.py
[2023-04-14T19:26:40.738+0000] {logging_mixin.py:137} INFO - [2023-04-14T19:26:40.738+0000] {dag.py:2705} INFO - Sync 2 DAGs
[2023-04-14T19:26:40.755+0000] {logging_mixin.py:137} INFO - [2023-04-14T19:26:40.755+0000] {dag.py:3456} INFO - Setting next_dagrun for example_external_task_marker_child to None, run_after=None
[2023-04-14T19:26:40.758+0000] {logging_mixin.py:137} INFO - [2023-04-14T19:26:40.758+0000] {dag.py:3456} INFO - Setting next_dagrun for example_external_task_marker_parent to None, run_after=None
[2023-04-14T19:26:40.775+0000] {processor.py:175} INFO - Processing /home/airflow/.local/lib/python3.7/site-packages/airflow/example_dags/example_external_task_marker_dag.py took 0.091 seconds
[2023-04-14T19:27:11.004+0000] {processor.py:153} INFO - Started process (PID=257) to work on /home/airflow/.local/lib/python3.7/site-packages/airflow/example_dags/example_external_task_marker_dag.py
[2023-04-14T19:27:11.004+0000] {processor.py:743} INFO - Processing file /home/airflow/.local/lib/python3.7/site-packages/airflow/example_dags/example_external_task_marker_dag.py for tasks to queue
[2023-04-14T19:27:11.005+0000] {logging_mixin.py:137} INFO - [2023-04-14T19:27:11.005+0000] {dagbag.py:532} INFO - Filling up the DagBag from /home/airflow/.local/lib/python3.7/site-packages/airflow/example_dags/example_external_task_marker_dag.py
[2023-04-14T19:27:11.015+0000] {processor.py:753} INFO - DAG(s) dict_keys(['example_external_task_marker_parent', 'example_external_task_marker_child']) retrieved from /home/airflow/.local/lib/python3.7/site-packages/airflow/example_dags/example_external_task_marker_dag.py
[2023-04-14T19:27:11.036+0000] {logging_mixin.py:137} INFO - [2023-04-14T19:27:11.036+0000] {dag.py:2705} INFO - Sync 2 DAGs
[2023-04-14T19:27:11.054+0000] {logging_mixin.py:137} INFO - [2023-04-14T19:27:11.054+0000] {dag.py:3456} INFO - Setting next_dagrun for example_external_task_marker_child to None, run_after=None
[2023-04-14T19:27:11.056+0000] {logging_mixin.py:137} INFO - [2023-04-14T19:27:11.056+0000] {dag.py:3456} INFO - Setting next_dagrun for example_external_task_marker_parent to None, run_after=None
[2023-04-14T19:27:11.067+0000] {processor.py:175} INFO - Processing /home/airflow/.local/lib/python3.7/site-packages/airflow/example_dags/example_external_task_marker_dag.py took 0.067 seconds
[2023-04-14T19:31:45.782+0000] {processor.py:153} INFO - Started process (PID=66) to work on /home/airflow/.local/lib/python3.10/site-packages/airflow/example_dags/example_external_task_marker_dag.py
[2023-04-14T19:31:45.783+0000] {processor.py:743} INFO - Processing file /home/airflow/.local/lib/python3.10/site-packages/airflow/example_dags/example_external_task_marker_dag.py for tasks to queue
[2023-04-14T19:31:45.784+0000] {logging_mixin.py:137} INFO - [2023-04-14T19:31:45.784+0000] {dagbag.py:532} INFO - Filling up the DagBag from /home/airflow/.local/lib/python3.10/site-packages/airflow/example_dags/example_external_task_marker_dag.py
[2023-04-14T19:31:45.801+0000] {processor.py:753} INFO - DAG(s) dict_keys(['example_external_task_marker_parent', 'example_external_task_marker_child']) retrieved from /home/airflow/.local/lib/python3.10/site-packages/airflow/example_dags/example_external_task_marker_dag.py
[2023-04-14T19:31:45.813+0000] {logging_mixin.py:137} INFO - [2023-04-14T19:31:45.813+0000] {dag.py:2705} INFO - Sync 2 DAGs
[2023-04-14T19:31:45.837+0000] {logging_mixin.py:137} INFO - [2023-04-14T19:31:45.836+0000] {dag.py:3452} INFO - Setting next_dagrun for example_external_task_marker_child to None, run_after=None
[2023-04-14T19:31:45.840+0000] {logging_mixin.py:137} INFO - [2023-04-14T19:31:45.840+0000] {dag.py:3452} INFO - Setting next_dagrun for example_external_task_marker_parent to None, run_after=None
[2023-04-14T19:31:45.855+0000] {processor.py:175} INFO - Processing /home/airflow/.local/lib/python3.10/site-packages/airflow/example_dags/example_external_task_marker_dag.py took 0.076 seconds
[2023-04-14T19:32:16.922+0000] {processor.py:153} INFO - Started process (PID=150) to work on /home/airflow/.local/lib/python3.10/site-packages/airflow/example_dags/example_external_task_marker_dag.py
[2023-04-14T19:32:16.923+0000] {processor.py:743} INFO - Processing file /home/airflow/.local/lib/python3.10/site-packages/airflow/example_dags/example_external_task_marker_dag.py for tasks to queue
[2023-04-14T19:32:16.924+0000] {logging_mixin.py:137} INFO - [2023-04-14T19:32:16.924+0000] {dagbag.py:532} INFO - Filling up the DagBag from /home/airflow/.local/lib/python3.10/site-packages/airflow/example_dags/example_external_task_marker_dag.py
[2023-04-14T19:32:16.936+0000] {processor.py:753} INFO - DAG(s) dict_keys(['example_external_task_marker_parent', 'example_external_task_marker_child']) retrieved from /home/airflow/.local/lib/python3.10/site-packages/airflow/example_dags/example_external_task_marker_dag.py
[2023-04-14T19:32:16.955+0000] {logging_mixin.py:137} INFO - [2023-04-14T19:32:16.955+0000] {dag.py:2705} INFO - Sync 2 DAGs
[2023-04-14T19:32:16.972+0000] {logging_mixin.py:137} INFO - [2023-04-14T19:32:16.972+0000] {dag.py:3452} INFO - Setting next_dagrun for example_external_task_marker_child to None, run_after=None
[2023-04-14T19:32:16.974+0000] {logging_mixin.py:137} INFO - [2023-04-14T19:32:16.974+0000] {dag.py:3452} INFO - Setting next_dagrun for example_external_task_marker_parent to None, run_after=None
[2023-04-14T19:32:16.987+0000] {processor.py:175} INFO - Processing /home/airflow/.local/lib/python3.10/site-packages/airflow/example_dags/example_external_task_marker_dag.py took 0.067 seconds
[2023-04-14T19:32:47.896+0000] {processor.py:153} INFO - Started process (PID=234) to work on /home/airflow/.local/lib/python3.10/site-packages/airflow/example_dags/example_external_task_marker_dag.py
[2023-04-14T19:32:47.897+0000] {processor.py:743} INFO - Processing file /home/airflow/.local/lib/python3.10/site-packages/airflow/example_dags/example_external_task_marker_dag.py for tasks to queue
[2023-04-14T19:32:47.898+0000] {logging_mixin.py:137} INFO - [2023-04-14T19:32:47.898+0000] {dagbag.py:532} INFO - Filling up the DagBag from /home/airflow/.local/lib/python3.10/site-packages/airflow/example_dags/example_external_task_marker_dag.py
[2023-04-14T19:32:47.907+0000] {processor.py:753} INFO - DAG(s) dict_keys(['example_external_task_marker_child', 'example_external_task_marker_parent']) retrieved from /home/airflow/.local/lib/python3.10/site-packages/airflow/example_dags/example_external_task_marker_dag.py
[2023-04-14T19:32:47.931+0000] {logging_mixin.py:137} INFO - [2023-04-14T19:32:47.931+0000] {dag.py:2705} INFO - Sync 2 DAGs
[2023-04-14T19:32:47.946+0000] {logging_mixin.py:137} INFO - [2023-04-14T19:32:47.946+0000] {dag.py:3452} INFO - Setting next_dagrun for example_external_task_marker_child to None, run_after=None
[2023-04-14T19:32:47.949+0000] {logging_mixin.py:137} INFO - [2023-04-14T19:32:47.949+0000] {dag.py:3452} INFO - Setting next_dagrun for example_external_task_marker_parent to None, run_after=None
[2023-04-14T19:32:47.958+0000] {processor.py:175} INFO - Processing /home/airflow/.local/lib/python3.10/site-packages/airflow/example_dags/example_external_task_marker_dag.py took 0.065 seconds
[2023-04-14T19:33:25.007+0000] {processor.py:153} INFO - Started process (PID=67) to work on /home/airflow/.local/lib/python3.10/site-packages/airflow/example_dags/example_external_task_marker_dag.py
[2023-04-14T19:33:25.008+0000] {processor.py:743} INFO - Processing file /home/airflow/.local/lib/python3.10/site-packages/airflow/example_dags/example_external_task_marker_dag.py for tasks to queue
[2023-04-14T19:33:25.008+0000] {logging_mixin.py:137} INFO - [2023-04-14T19:33:25.008+0000] {dagbag.py:532} INFO - Filling up the DagBag from /home/airflow/.local/lib/python3.10/site-packages/airflow/example_dags/example_external_task_marker_dag.py
[2023-04-14T19:33:25.023+0000] {processor.py:753} INFO - DAG(s) dict_keys(['example_external_task_marker_child', 'example_external_task_marker_parent']) retrieved from /home/airflow/.local/lib/python3.10/site-packages/airflow/example_dags/example_external_task_marker_dag.py
[2023-04-14T19:33:25.033+0000] {logging_mixin.py:137} INFO - [2023-04-14T19:33:25.033+0000] {dag.py:2705} INFO - Sync 2 DAGs
[2023-04-14T19:33:25.051+0000] {logging_mixin.py:137} INFO - [2023-04-14T19:33:25.051+0000] {dag.py:3452} INFO - Setting next_dagrun for example_external_task_marker_child to None, run_after=None
[2023-04-14T19:33:25.054+0000] {logging_mixin.py:137} INFO - [2023-04-14T19:33:25.054+0000] {dag.py:3452} INFO - Setting next_dagrun for example_external_task_marker_parent to None, run_after=None
[2023-04-14T19:33:25.070+0000] {processor.py:175} INFO - Processing /home/airflow/.local/lib/python3.10/site-packages/airflow/example_dags/example_external_task_marker_dag.py took 0.066 seconds
[2023-04-14T19:33:55.951+0000] {processor.py:153} INFO - Started process (PID=151) to work on /home/airflow/.local/lib/python3.10/site-packages/airflow/example_dags/example_external_task_marker_dag.py
[2023-04-14T19:33:55.953+0000] {processor.py:743} INFO - Processing file /home/airflow/.local/lib/python3.10/site-packages/airflow/example_dags/example_external_task_marker_dag.py for tasks to queue
[2023-04-14T19:33:55.953+0000] {logging_mixin.py:137} INFO - [2023-04-14T19:33:55.953+0000] {dagbag.py:532} INFO - Filling up the DagBag from /home/airflow/.local/lib/python3.10/site-packages/airflow/example_dags/example_external_task_marker_dag.py
[2023-04-14T19:33:55.964+0000] {processor.py:753} INFO - DAG(s) dict_keys(['example_external_task_marker_parent', 'example_external_task_marker_child']) retrieved from /home/airflow/.local/lib/python3.10/site-packages/airflow/example_dags/example_external_task_marker_dag.py
[2023-04-14T19:33:55.985+0000] {logging_mixin.py:137} INFO - [2023-04-14T19:33:55.985+0000] {dag.py:2705} INFO - Sync 2 DAGs
[2023-04-14T19:33:56.001+0000] {logging_mixin.py:137} INFO - [2023-04-14T19:33:56.001+0000] {dag.py:3452} INFO - Setting next_dagrun for example_external_task_marker_child to None, run_after=None
[2023-04-14T19:33:56.004+0000] {logging_mixin.py:137} INFO - [2023-04-14T19:33:56.004+0000] {dag.py:3452} INFO - Setting next_dagrun for example_external_task_marker_parent to None, run_after=None
[2023-04-14T19:33:56.016+0000] {processor.py:175} INFO - Processing /home/airflow/.local/lib/python3.10/site-packages/airflow/example_dags/example_external_task_marker_dag.py took 0.069 seconds
[2023-04-14T19:34:27.127+0000] {processor.py:153} INFO - Started process (PID=235) to work on /home/airflow/.local/lib/python3.10/site-packages/airflow/example_dags/example_external_task_marker_dag.py
[2023-04-14T19:34:27.128+0000] {processor.py:743} INFO - Processing file /home/airflow/.local/lib/python3.10/site-packages/airflow/example_dags/example_external_task_marker_dag.py for tasks to queue
[2023-04-14T19:34:27.129+0000] {logging_mixin.py:137} INFO - [2023-04-14T19:34:27.129+0000] {dagbag.py:532} INFO - Filling up the DagBag from /home/airflow/.local/lib/python3.10/site-packages/airflow/example_dags/example_external_task_marker_dag.py
[2023-04-14T19:34:27.142+0000] {processor.py:753} INFO - DAG(s) dict_keys(['example_external_task_marker_parent', 'example_external_task_marker_child']) retrieved from /home/airflow/.local/lib/python3.10/site-packages/airflow/example_dags/example_external_task_marker_dag.py
[2023-04-14T19:34:27.165+0000] {logging_mixin.py:137} INFO - [2023-04-14T19:34:27.165+0000] {dag.py:2705} INFO - Sync 2 DAGs
[2023-04-14T19:34:27.183+0000] {logging_mixin.py:137} INFO - [2023-04-14T19:34:27.183+0000] {dag.py:3452} INFO - Setting next_dagrun for example_external_task_marker_child to None, run_after=None
[2023-04-14T19:34:27.186+0000] {logging_mixin.py:137} INFO - [2023-04-14T19:34:27.185+0000] {dag.py:3452} INFO - Setting next_dagrun for example_external_task_marker_parent to None, run_after=None
[2023-04-14T19:34:27.198+0000] {processor.py:175} INFO - Processing /home/airflow/.local/lib/python3.10/site-packages/airflow/example_dags/example_external_task_marker_dag.py took 0.074 seconds
[2023-04-14T19:35:38.368+0000] {processor.py:153} INFO - Started process (PID=67) to work on /home/airflow/.local/lib/python3.10/site-packages/airflow/example_dags/example_external_task_marker_dag.py
[2023-04-14T19:35:38.368+0000] {processor.py:743} INFO - Processing file /home/airflow/.local/lib/python3.10/site-packages/airflow/example_dags/example_external_task_marker_dag.py for tasks to queue
[2023-04-14T19:35:38.369+0000] {logging_mixin.py:137} INFO - [2023-04-14T19:35:38.369+0000] {dagbag.py:532} INFO - Filling up the DagBag from /home/airflow/.local/lib/python3.10/site-packages/airflow/example_dags/example_external_task_marker_dag.py
[2023-04-14T19:35:38.382+0000] {processor.py:753} INFO - DAG(s) dict_keys(['example_external_task_marker_child', 'example_external_task_marker_parent']) retrieved from /home/airflow/.local/lib/python3.10/site-packages/airflow/example_dags/example_external_task_marker_dag.py
[2023-04-14T19:35:38.390+0000] {logging_mixin.py:137} INFO - [2023-04-14T19:35:38.390+0000] {dag.py:2705} INFO - Sync 2 DAGs
[2023-04-14T19:35:38.404+0000] {logging_mixin.py:137} INFO - [2023-04-14T19:35:38.404+0000] {dag.py:3452} INFO - Setting next_dagrun for example_external_task_marker_child to None, run_after=None
[2023-04-14T19:35:38.407+0000] {logging_mixin.py:137} INFO - [2023-04-14T19:35:38.407+0000] {dag.py:3452} INFO - Setting next_dagrun for example_external_task_marker_parent to None, run_after=None
[2023-04-14T19:35:38.417+0000] {processor.py:175} INFO - Processing /home/airflow/.local/lib/python3.10/site-packages/airflow/example_dags/example_external_task_marker_dag.py took 0.052 seconds
[2023-04-14T19:36:09.453+0000] {processor.py:153} INFO - Started process (PID=152) to work on /home/airflow/.local/lib/python3.10/site-packages/airflow/example_dags/example_external_task_marker_dag.py
[2023-04-14T19:36:09.453+0000] {processor.py:743} INFO - Processing file /home/airflow/.local/lib/python3.10/site-packages/airflow/example_dags/example_external_task_marker_dag.py for tasks to queue
[2023-04-14T19:36:09.454+0000] {logging_mixin.py:137} INFO - [2023-04-14T19:36:09.454+0000] {dagbag.py:532} INFO - Filling up the DagBag from /home/airflow/.local/lib/python3.10/site-packages/airflow/example_dags/example_external_task_marker_dag.py
[2023-04-14T19:36:09.465+0000] {processor.py:753} INFO - DAG(s) dict_keys(['example_external_task_marker_parent', 'example_external_task_marker_child']) retrieved from /home/airflow/.local/lib/python3.10/site-packages/airflow/example_dags/example_external_task_marker_dag.py
[2023-04-14T19:36:09.503+0000] {logging_mixin.py:137} INFO - [2023-04-14T19:36:09.503+0000] {dag.py:2705} INFO - Sync 2 DAGs
[2023-04-14T19:36:09.516+0000] {logging_mixin.py:137} INFO - [2023-04-14T19:36:09.516+0000] {dag.py:3452} INFO - Setting next_dagrun for example_external_task_marker_child to None, run_after=None
[2023-04-14T19:36:09.519+0000] {logging_mixin.py:137} INFO - [2023-04-14T19:36:09.519+0000] {dag.py:3452} INFO - Setting next_dagrun for example_external_task_marker_parent to None, run_after=None
[2023-04-14T19:36:09.530+0000] {processor.py:175} INFO - Processing /home/airflow/.local/lib/python3.10/site-packages/airflow/example_dags/example_external_task_marker_dag.py took 0.080 seconds
