[2023-04-14T19:13:19.169+0000] {processor.py:153} INFO - Started process (PID=74) to work on /home/airflow/.local/lib/python3.7/site-packages/airflow/example_dags/example_branch_operator.py
[2023-04-14T19:13:19.170+0000] {processor.py:743} INFO - Processing file /home/airflow/.local/lib/python3.7/site-packages/airflow/example_dags/example_branch_operator.py for tasks to queue
[2023-04-14T19:13:19.171+0000] {logging_mixin.py:137} INFO - [2023-04-14T19:13:19.171+0000] {dagbag.py:532} INFO - Filling up the DagBag from /home/airflow/.local/lib/python3.7/site-packages/airflow/example_dags/example_branch_operator.py
[2023-04-14T19:13:19.185+0000] {processor.py:753} INFO - DAG(s) dict_keys(['example_branch_operator']) retrieved from /home/airflow/.local/lib/python3.7/site-packages/airflow/example_dags/example_branch_operator.py
[2023-04-14T19:13:19.198+0000] {logging_mixin.py:137} INFO - [2023-04-14T19:13:19.198+0000] {dag.py:2705} INFO - Sync 1 DAGs
[2023-04-14T19:13:19.224+0000] {logging_mixin.py:137} INFO - [2023-04-14T19:13:19.224+0000] {dag.py:3456} INFO - Setting next_dagrun for example_branch_operator to 2023-04-13T00:00:00+00:00, run_after=2023-04-14T00:00:00+00:00
[2023-04-14T19:13:19.242+0000] {processor.py:175} INFO - Processing /home/airflow/.local/lib/python3.7/site-packages/airflow/example_dags/example_branch_operator.py took 0.076 seconds
[2023-04-14T19:13:50.078+0000] {processor.py:153} INFO - Started process (PID=164) to work on /home/airflow/.local/lib/python3.7/site-packages/airflow/example_dags/example_branch_operator.py
[2023-04-14T19:13:50.078+0000] {processor.py:743} INFO - Processing file /home/airflow/.local/lib/python3.7/site-packages/airflow/example_dags/example_branch_operator.py for tasks to queue
[2023-04-14T19:13:50.079+0000] {logging_mixin.py:137} INFO - [2023-04-14T19:13:50.079+0000] {dagbag.py:532} INFO - Filling up the DagBag from /home/airflow/.local/lib/python3.7/site-packages/airflow/example_dags/example_branch_operator.py
[2023-04-14T19:13:50.092+0000] {processor.py:753} INFO - DAG(s) dict_keys(['example_branch_operator']) retrieved from /home/airflow/.local/lib/python3.7/site-packages/airflow/example_dags/example_branch_operator.py
[2023-04-14T19:13:50.111+0000] {logging_mixin.py:137} INFO - [2023-04-14T19:13:50.111+0000] {dag.py:2705} INFO - Sync 1 DAGs
[2023-04-14T19:13:50.129+0000] {logging_mixin.py:137} INFO - [2023-04-14T19:13:50.129+0000] {dag.py:3456} INFO - Setting next_dagrun for example_branch_operator to 2023-04-13T00:00:00+00:00, run_after=2023-04-14T00:00:00+00:00
[2023-04-14T19:13:50.141+0000] {processor.py:175} INFO - Processing /home/airflow/.local/lib/python3.7/site-packages/airflow/example_dags/example_branch_operator.py took 0.066 seconds
[2023-04-14T19:14:20.326+0000] {processor.py:153} INFO - Started process (PID=255) to work on /home/airflow/.local/lib/python3.7/site-packages/airflow/example_dags/example_branch_operator.py
[2023-04-14T19:14:20.327+0000] {processor.py:743} INFO - Processing file /home/airflow/.local/lib/python3.7/site-packages/airflow/example_dags/example_branch_operator.py for tasks to queue
[2023-04-14T19:14:20.327+0000] {logging_mixin.py:137} INFO - [2023-04-14T19:14:20.327+0000] {dagbag.py:532} INFO - Filling up the DagBag from /home/airflow/.local/lib/python3.7/site-packages/airflow/example_dags/example_branch_operator.py
[2023-04-14T19:14:20.340+0000] {processor.py:753} INFO - DAG(s) dict_keys(['example_branch_operator']) retrieved from /home/airflow/.local/lib/python3.7/site-packages/airflow/example_dags/example_branch_operator.py
[2023-04-14T19:14:20.362+0000] {logging_mixin.py:137} INFO - [2023-04-14T19:14:20.362+0000] {dag.py:2705} INFO - Sync 1 DAGs
[2023-04-14T19:14:20.380+0000] {logging_mixin.py:137} INFO - [2023-04-14T19:14:20.380+0000] {dag.py:3456} INFO - Setting next_dagrun for example_branch_operator to 2023-04-13T00:00:00+00:00, run_after=2023-04-14T00:00:00+00:00
[2023-04-14T19:14:20.392+0000] {processor.py:175} INFO - Processing /home/airflow/.local/lib/python3.7/site-packages/airflow/example_dags/example_branch_operator.py took 0.069 seconds
[2023-04-14T19:14:50.444+0000] {processor.py:153} INFO - Started process (PID=330) to work on /home/airflow/.local/lib/python3.7/site-packages/airflow/example_dags/example_branch_operator.py
[2023-04-14T19:14:50.444+0000] {processor.py:743} INFO - Processing file /home/airflow/.local/lib/python3.7/site-packages/airflow/example_dags/example_branch_operator.py for tasks to queue
[2023-04-14T19:14:50.445+0000] {logging_mixin.py:137} INFO - [2023-04-14T19:14:50.445+0000] {dagbag.py:532} INFO - Filling up the DagBag from /home/airflow/.local/lib/python3.7/site-packages/airflow/example_dags/example_branch_operator.py
[2023-04-14T19:14:50.457+0000] {processor.py:753} INFO - DAG(s) dict_keys(['example_branch_operator']) retrieved from /home/airflow/.local/lib/python3.7/site-packages/airflow/example_dags/example_branch_operator.py
[2023-04-14T19:14:50.477+0000] {logging_mixin.py:137} INFO - [2023-04-14T19:14:50.477+0000] {dag.py:2705} INFO - Sync 1 DAGs
[2023-04-14T19:14:50.495+0000] {logging_mixin.py:137} INFO - [2023-04-14T19:14:50.495+0000] {dag.py:3456} INFO - Setting next_dagrun for example_branch_operator to 2023-04-13T00:00:00+00:00, run_after=2023-04-14T00:00:00+00:00
[2023-04-14T19:14:50.508+0000] {processor.py:175} INFO - Processing /home/airflow/.local/lib/python3.7/site-packages/airflow/example_dags/example_branch_operator.py took 0.066 seconds
[2023-04-14T19:15:20.691+0000] {processor.py:153} INFO - Started process (PID=421) to work on /home/airflow/.local/lib/python3.7/site-packages/airflow/example_dags/example_branch_operator.py
[2023-04-14T19:15:20.692+0000] {processor.py:743} INFO - Processing file /home/airflow/.local/lib/python3.7/site-packages/airflow/example_dags/example_branch_operator.py for tasks to queue
[2023-04-14T19:15:20.692+0000] {logging_mixin.py:137} INFO - [2023-04-14T19:15:20.692+0000] {dagbag.py:532} INFO - Filling up the DagBag from /home/airflow/.local/lib/python3.7/site-packages/airflow/example_dags/example_branch_operator.py
[2023-04-14T19:15:20.705+0000] {processor.py:753} INFO - DAG(s) dict_keys(['example_branch_operator']) retrieved from /home/airflow/.local/lib/python3.7/site-packages/airflow/example_dags/example_branch_operator.py
[2023-04-14T19:15:20.725+0000] {logging_mixin.py:137} INFO - [2023-04-14T19:15:20.725+0000] {dag.py:2705} INFO - Sync 1 DAGs
[2023-04-14T19:15:20.744+0000] {logging_mixin.py:137} INFO - [2023-04-14T19:15:20.744+0000] {dag.py:3456} INFO - Setting next_dagrun for example_branch_operator to 2023-04-13T00:00:00+00:00, run_after=2023-04-14T00:00:00+00:00
[2023-04-14T19:15:20.756+0000] {processor.py:175} INFO - Processing /home/airflow/.local/lib/python3.7/site-packages/airflow/example_dags/example_branch_operator.py took 0.068 seconds
[2023-04-14T19:17:36.593+0000] {processor.py:153} INFO - Started process (PID=74) to work on /home/airflow/.local/lib/python3.7/site-packages/airflow/example_dags/example_branch_operator.py
[2023-04-14T19:17:36.594+0000] {processor.py:743} INFO - Processing file /home/airflow/.local/lib/python3.7/site-packages/airflow/example_dags/example_branch_operator.py for tasks to queue
[2023-04-14T19:17:36.595+0000] {logging_mixin.py:137} INFO - [2023-04-14T19:17:36.595+0000] {dagbag.py:532} INFO - Filling up the DagBag from /home/airflow/.local/lib/python3.7/site-packages/airflow/example_dags/example_branch_operator.py
[2023-04-14T19:17:36.610+0000] {processor.py:753} INFO - DAG(s) dict_keys(['example_branch_operator']) retrieved from /home/airflow/.local/lib/python3.7/site-packages/airflow/example_dags/example_branch_operator.py
[2023-04-14T19:17:36.621+0000] {logging_mixin.py:137} INFO - [2023-04-14T19:17:36.621+0000] {dag.py:2705} INFO - Sync 1 DAGs
[2023-04-14T19:17:36.643+0000] {logging_mixin.py:137} INFO - [2023-04-14T19:17:36.643+0000] {dag.py:3456} INFO - Setting next_dagrun for example_branch_operator to 2023-04-13T00:00:00+00:00, run_after=2023-04-14T00:00:00+00:00
[2023-04-14T19:17:36.658+0000] {processor.py:175} INFO - Processing /home/airflow/.local/lib/python3.7/site-packages/airflow/example_dags/example_branch_operator.py took 0.068 seconds
[2023-04-14T19:18:07.018+0000] {processor.py:153} INFO - Started process (PID=166) to work on /home/airflow/.local/lib/python3.7/site-packages/airflow/example_dags/example_branch_operator.py
[2023-04-14T19:18:07.019+0000] {processor.py:743} INFO - Processing file /home/airflow/.local/lib/python3.7/site-packages/airflow/example_dags/example_branch_operator.py for tasks to queue
[2023-04-14T19:18:07.020+0000] {logging_mixin.py:137} INFO - [2023-04-14T19:18:07.020+0000] {dagbag.py:532} INFO - Filling up the DagBag from /home/airflow/.local/lib/python3.7/site-packages/airflow/example_dags/example_branch_operator.py
[2023-04-14T19:18:07.034+0000] {processor.py:753} INFO - DAG(s) dict_keys(['example_branch_operator']) retrieved from /home/airflow/.local/lib/python3.7/site-packages/airflow/example_dags/example_branch_operator.py
[2023-04-14T19:18:07.057+0000] {logging_mixin.py:137} INFO - [2023-04-14T19:18:07.057+0000] {dag.py:2705} INFO - Sync 1 DAGs
[2023-04-14T19:18:07.079+0000] {logging_mixin.py:137} INFO - [2023-04-14T19:18:07.078+0000] {dag.py:3456} INFO - Setting next_dagrun for example_branch_operator to 2023-04-13T00:00:00+00:00, run_after=2023-04-14T00:00:00+00:00
[2023-04-14T19:18:07.107+0000] {processor.py:175} INFO - Processing /home/airflow/.local/lib/python3.7/site-packages/airflow/example_dags/example_branch_operator.py took 0.092 seconds
[2023-04-14T19:18:37.552+0000] {processor.py:153} INFO - Started process (PID=257) to work on /home/airflow/.local/lib/python3.7/site-packages/airflow/example_dags/example_branch_operator.py
[2023-04-14T19:18:37.553+0000] {processor.py:743} INFO - Processing file /home/airflow/.local/lib/python3.7/site-packages/airflow/example_dags/example_branch_operator.py for tasks to queue
[2023-04-14T19:18:37.554+0000] {logging_mixin.py:137} INFO - [2023-04-14T19:18:37.554+0000] {dagbag.py:532} INFO - Filling up the DagBag from /home/airflow/.local/lib/python3.7/site-packages/airflow/example_dags/example_branch_operator.py
[2023-04-14T19:18:37.566+0000] {processor.py:753} INFO - DAG(s) dict_keys(['example_branch_operator']) retrieved from /home/airflow/.local/lib/python3.7/site-packages/airflow/example_dags/example_branch_operator.py
[2023-04-14T19:18:37.590+0000] {logging_mixin.py:137} INFO - [2023-04-14T19:18:37.590+0000] {dag.py:2705} INFO - Sync 1 DAGs
[2023-04-14T19:18:37.610+0000] {logging_mixin.py:137} INFO - [2023-04-14T19:18:37.610+0000] {dag.py:3456} INFO - Setting next_dagrun for example_branch_operator to 2023-04-13T00:00:00+00:00, run_after=2023-04-14T00:00:00+00:00
[2023-04-14T19:18:37.628+0000] {processor.py:175} INFO - Processing /home/airflow/.local/lib/python3.7/site-packages/airflow/example_dags/example_branch_operator.py took 0.079 seconds
[2023-04-14T19:19:07.835+0000] {processor.py:153} INFO - Started process (PID=332) to work on /home/airflow/.local/lib/python3.7/site-packages/airflow/example_dags/example_branch_operator.py
[2023-04-14T19:19:07.836+0000] {processor.py:743} INFO - Processing file /home/airflow/.local/lib/python3.7/site-packages/airflow/example_dags/example_branch_operator.py for tasks to queue
[2023-04-14T19:19:07.837+0000] {logging_mixin.py:137} INFO - [2023-04-14T19:19:07.836+0000] {dagbag.py:532} INFO - Filling up the DagBag from /home/airflow/.local/lib/python3.7/site-packages/airflow/example_dags/example_branch_operator.py
[2023-04-14T19:19:07.851+0000] {processor.py:753} INFO - DAG(s) dict_keys(['example_branch_operator']) retrieved from /home/airflow/.local/lib/python3.7/site-packages/airflow/example_dags/example_branch_operator.py
[2023-04-14T19:19:07.874+0000] {logging_mixin.py:137} INFO - [2023-04-14T19:19:07.874+0000] {dag.py:2705} INFO - Sync 1 DAGs
[2023-04-14T19:19:07.891+0000] {logging_mixin.py:137} INFO - [2023-04-14T19:19:07.891+0000] {dag.py:3456} INFO - Setting next_dagrun for example_branch_operator to 2023-04-13T00:00:00+00:00, run_after=2023-04-14T00:00:00+00:00
[2023-04-14T19:19:07.904+0000] {processor.py:175} INFO - Processing /home/airflow/.local/lib/python3.7/site-packages/airflow/example_dags/example_branch_operator.py took 0.073 seconds
[2023-04-14T19:19:38.139+0000] {processor.py:153} INFO - Started process (PID=425) to work on /home/airflow/.local/lib/python3.7/site-packages/airflow/example_dags/example_branch_operator.py
[2023-04-14T19:19:38.139+0000] {processor.py:743} INFO - Processing file /home/airflow/.local/lib/python3.7/site-packages/airflow/example_dags/example_branch_operator.py for tasks to queue
[2023-04-14T19:19:38.140+0000] {logging_mixin.py:137} INFO - [2023-04-14T19:19:38.140+0000] {dagbag.py:532} INFO - Filling up the DagBag from /home/airflow/.local/lib/python3.7/site-packages/airflow/example_dags/example_branch_operator.py
[2023-04-14T19:19:38.153+0000] {processor.py:753} INFO - DAG(s) dict_keys(['example_branch_operator']) retrieved from /home/airflow/.local/lib/python3.7/site-packages/airflow/example_dags/example_branch_operator.py
[2023-04-14T19:19:38.183+0000] {logging_mixin.py:137} INFO - [2023-04-14T19:19:38.183+0000] {dag.py:2705} INFO - Sync 1 DAGs
[2023-04-14T19:19:38.210+0000] {logging_mixin.py:137} INFO - [2023-04-14T19:19:38.209+0000] {dag.py:3456} INFO - Setting next_dagrun for example_branch_operator to 2023-04-13T00:00:00+00:00, run_after=2023-04-14T00:00:00+00:00
[2023-04-14T19:19:38.228+0000] {processor.py:175} INFO - Processing /home/airflow/.local/lib/python3.7/site-packages/airflow/example_dags/example_branch_operator.py took 0.093 seconds
[2023-04-14T19:20:08.702+0000] {processor.py:153} INFO - Started process (PID=517) to work on /home/airflow/.local/lib/python3.7/site-packages/airflow/example_dags/example_branch_operator.py
[2023-04-14T19:20:08.703+0000] {processor.py:743} INFO - Processing file /home/airflow/.local/lib/python3.7/site-packages/airflow/example_dags/example_branch_operator.py for tasks to queue
[2023-04-14T19:20:08.703+0000] {logging_mixin.py:137} INFO - [2023-04-14T19:20:08.703+0000] {dagbag.py:532} INFO - Filling up the DagBag from /home/airflow/.local/lib/python3.7/site-packages/airflow/example_dags/example_branch_operator.py
[2023-04-14T19:20:08.717+0000] {processor.py:753} INFO - DAG(s) dict_keys(['example_branch_operator']) retrieved from /home/airflow/.local/lib/python3.7/site-packages/airflow/example_dags/example_branch_operator.py
[2023-04-14T19:20:08.738+0000] {logging_mixin.py:137} INFO - [2023-04-14T19:20:08.738+0000] {dag.py:2705} INFO - Sync 1 DAGs
[2023-04-14T19:20:08.758+0000] {logging_mixin.py:137} INFO - [2023-04-14T19:20:08.757+0000] {dag.py:3456} INFO - Setting next_dagrun for example_branch_operator to 2023-04-13T00:00:00+00:00, run_after=2023-04-14T00:00:00+00:00
[2023-04-14T19:20:08.773+0000] {processor.py:175} INFO - Processing /home/airflow/.local/lib/python3.7/site-packages/airflow/example_dags/example_branch_operator.py took 0.074 seconds
[2023-04-14T19:20:38.977+0000] {processor.py:153} INFO - Started process (PID=592) to work on /home/airflow/.local/lib/python3.7/site-packages/airflow/example_dags/example_branch_operator.py
[2023-04-14T19:20:38.978+0000] {processor.py:743} INFO - Processing file /home/airflow/.local/lib/python3.7/site-packages/airflow/example_dags/example_branch_operator.py for tasks to queue
[2023-04-14T19:20:38.978+0000] {logging_mixin.py:137} INFO - [2023-04-14T19:20:38.978+0000] {dagbag.py:532} INFO - Filling up the DagBag from /home/airflow/.local/lib/python3.7/site-packages/airflow/example_dags/example_branch_operator.py
[2023-04-14T19:20:38.991+0000] {processor.py:753} INFO - DAG(s) dict_keys(['example_branch_operator']) retrieved from /home/airflow/.local/lib/python3.7/site-packages/airflow/example_dags/example_branch_operator.py
[2023-04-14T19:20:39.014+0000] {logging_mixin.py:137} INFO - [2023-04-14T19:20:39.014+0000] {dag.py:2705} INFO - Sync 1 DAGs
[2023-04-14T19:20:39.032+0000] {logging_mixin.py:137} INFO - [2023-04-14T19:20:39.032+0000] {dag.py:3456} INFO - Setting next_dagrun for example_branch_operator to 2023-04-13T00:00:00+00:00, run_after=2023-04-14T00:00:00+00:00
[2023-04-14T19:20:39.048+0000] {processor.py:175} INFO - Processing /home/airflow/.local/lib/python3.7/site-packages/airflow/example_dags/example_branch_operator.py took 0.074 seconds
[2023-04-14T19:21:09.202+0000] {processor.py:153} INFO - Started process (PID=683) to work on /home/airflow/.local/lib/python3.7/site-packages/airflow/example_dags/example_branch_operator.py
[2023-04-14T19:21:09.202+0000] {processor.py:743} INFO - Processing file /home/airflow/.local/lib/python3.7/site-packages/airflow/example_dags/example_branch_operator.py for tasks to queue
[2023-04-14T19:21:09.203+0000] {logging_mixin.py:137} INFO - [2023-04-14T19:21:09.203+0000] {dagbag.py:532} INFO - Filling up the DagBag from /home/airflow/.local/lib/python3.7/site-packages/airflow/example_dags/example_branch_operator.py
[2023-04-14T19:21:09.215+0000] {processor.py:753} INFO - DAG(s) dict_keys(['example_branch_operator']) retrieved from /home/airflow/.local/lib/python3.7/site-packages/airflow/example_dags/example_branch_operator.py
[2023-04-14T19:21:09.235+0000] {logging_mixin.py:137} INFO - [2023-04-14T19:21:09.235+0000] {dag.py:2705} INFO - Sync 1 DAGs
[2023-04-14T19:21:09.253+0000] {logging_mixin.py:137} INFO - [2023-04-14T19:21:09.253+0000] {dag.py:3456} INFO - Setting next_dagrun for example_branch_operator to 2023-04-13T00:00:00+00:00, run_after=2023-04-14T00:00:00+00:00
[2023-04-14T19:21:09.266+0000] {processor.py:175} INFO - Processing /home/airflow/.local/lib/python3.7/site-packages/airflow/example_dags/example_branch_operator.py took 0.067 seconds
[2023-04-14T19:21:39.346+0000] {processor.py:153} INFO - Started process (PID=758) to work on /home/airflow/.local/lib/python3.7/site-packages/airflow/example_dags/example_branch_operator.py
[2023-04-14T19:21:39.347+0000] {processor.py:743} INFO - Processing file /home/airflow/.local/lib/python3.7/site-packages/airflow/example_dags/example_branch_operator.py for tasks to queue
[2023-04-14T19:21:39.348+0000] {logging_mixin.py:137} INFO - [2023-04-14T19:21:39.348+0000] {dagbag.py:532} INFO - Filling up the DagBag from /home/airflow/.local/lib/python3.7/site-packages/airflow/example_dags/example_branch_operator.py
[2023-04-14T19:21:39.363+0000] {processor.py:753} INFO - DAG(s) dict_keys(['example_branch_operator']) retrieved from /home/airflow/.local/lib/python3.7/site-packages/airflow/example_dags/example_branch_operator.py
[2023-04-14T19:21:39.385+0000] {logging_mixin.py:137} INFO - [2023-04-14T19:21:39.384+0000] {dag.py:2705} INFO - Sync 1 DAGs
[2023-04-14T19:21:39.403+0000] {logging_mixin.py:137} INFO - [2023-04-14T19:21:39.403+0000] {dag.py:3456} INFO - Setting next_dagrun for example_branch_operator to 2023-04-13T00:00:00+00:00, run_after=2023-04-14T00:00:00+00:00
[2023-04-14T19:21:39.419+0000] {processor.py:175} INFO - Processing /home/airflow/.local/lib/python3.7/site-packages/airflow/example_dags/example_branch_operator.py took 0.075 seconds
[2023-04-14T19:22:09.547+0000] {processor.py:153} INFO - Started process (PID=850) to work on /home/airflow/.local/lib/python3.7/site-packages/airflow/example_dags/example_branch_operator.py
[2023-04-14T19:22:09.547+0000] {processor.py:743} INFO - Processing file /home/airflow/.local/lib/python3.7/site-packages/airflow/example_dags/example_branch_operator.py for tasks to queue
[2023-04-14T19:22:09.548+0000] {logging_mixin.py:137} INFO - [2023-04-14T19:22:09.548+0000] {dagbag.py:532} INFO - Filling up the DagBag from /home/airflow/.local/lib/python3.7/site-packages/airflow/example_dags/example_branch_operator.py
[2023-04-14T19:22:09.562+0000] {processor.py:753} INFO - DAG(s) dict_keys(['example_branch_operator']) retrieved from /home/airflow/.local/lib/python3.7/site-packages/airflow/example_dags/example_branch_operator.py
[2023-04-14T19:22:09.582+0000] {logging_mixin.py:137} INFO - [2023-04-14T19:22:09.581+0000] {dag.py:2705} INFO - Sync 1 DAGs
[2023-04-14T19:22:09.604+0000] {logging_mixin.py:137} INFO - [2023-04-14T19:22:09.604+0000] {dag.py:3456} INFO - Setting next_dagrun for example_branch_operator to 2023-04-13T00:00:00+00:00, run_after=2023-04-14T00:00:00+00:00
[2023-04-14T19:22:09.616+0000] {processor.py:175} INFO - Processing /home/airflow/.local/lib/python3.7/site-packages/airflow/example_dags/example_branch_operator.py took 0.073 seconds
[2023-04-14T19:22:40.263+0000] {processor.py:153} INFO - Started process (PID=940) to work on /home/airflow/.local/lib/python3.7/site-packages/airflow/example_dags/example_branch_operator.py
[2023-04-14T19:22:40.263+0000] {processor.py:743} INFO - Processing file /home/airflow/.local/lib/python3.7/site-packages/airflow/example_dags/example_branch_operator.py for tasks to queue
[2023-04-14T19:22:40.264+0000] {logging_mixin.py:137} INFO - [2023-04-14T19:22:40.264+0000] {dagbag.py:532} INFO - Filling up the DagBag from /home/airflow/.local/lib/python3.7/site-packages/airflow/example_dags/example_branch_operator.py
[2023-04-14T19:22:40.276+0000] {processor.py:753} INFO - DAG(s) dict_keys(['example_branch_operator']) retrieved from /home/airflow/.local/lib/python3.7/site-packages/airflow/example_dags/example_branch_operator.py
[2023-04-14T19:22:40.297+0000] {logging_mixin.py:137} INFO - [2023-04-14T19:22:40.296+0000] {dag.py:2705} INFO - Sync 1 DAGs
[2023-04-14T19:22:40.314+0000] {logging_mixin.py:137} INFO - [2023-04-14T19:22:40.313+0000] {dag.py:3456} INFO - Setting next_dagrun for example_branch_operator to 2023-04-13T00:00:00+00:00, run_after=2023-04-14T00:00:00+00:00
[2023-04-14T19:22:40.327+0000] {processor.py:175} INFO - Processing /home/airflow/.local/lib/python3.7/site-packages/airflow/example_dags/example_branch_operator.py took 0.067 seconds
[2023-04-14T19:23:10.431+0000] {processor.py:153} INFO - Started process (PID=1015) to work on /home/airflow/.local/lib/python3.7/site-packages/airflow/example_dags/example_branch_operator.py
[2023-04-14T19:23:10.432+0000] {processor.py:743} INFO - Processing file /home/airflow/.local/lib/python3.7/site-packages/airflow/example_dags/example_branch_operator.py for tasks to queue
[2023-04-14T19:23:10.433+0000] {logging_mixin.py:137} INFO - [2023-04-14T19:23:10.433+0000] {dagbag.py:532} INFO - Filling up the DagBag from /home/airflow/.local/lib/python3.7/site-packages/airflow/example_dags/example_branch_operator.py
[2023-04-14T19:23:10.446+0000] {processor.py:753} INFO - DAG(s) dict_keys(['example_branch_operator']) retrieved from /home/airflow/.local/lib/python3.7/site-packages/airflow/example_dags/example_branch_operator.py
[2023-04-14T19:23:10.469+0000] {logging_mixin.py:137} INFO - [2023-04-14T19:23:10.469+0000] {dag.py:2705} INFO - Sync 1 DAGs
[2023-04-14T19:23:10.488+0000] {logging_mixin.py:137} INFO - [2023-04-14T19:23:10.488+0000] {dag.py:3456} INFO - Setting next_dagrun for example_branch_operator to 2023-04-13T00:00:00+00:00, run_after=2023-04-14T00:00:00+00:00
[2023-04-14T19:23:10.500+0000] {processor.py:175} INFO - Processing /home/airflow/.local/lib/python3.7/site-packages/airflow/example_dags/example_branch_operator.py took 0.073 seconds
[2023-04-14T19:23:40.582+0000] {processor.py:153} INFO - Started process (PID=1106) to work on /home/airflow/.local/lib/python3.7/site-packages/airflow/example_dags/example_branch_operator.py
[2023-04-14T19:23:40.583+0000] {processor.py:743} INFO - Processing file /home/airflow/.local/lib/python3.7/site-packages/airflow/example_dags/example_branch_operator.py for tasks to queue
[2023-04-14T19:23:40.584+0000] {logging_mixin.py:137} INFO - [2023-04-14T19:23:40.583+0000] {dagbag.py:532} INFO - Filling up the DagBag from /home/airflow/.local/lib/python3.7/site-packages/airflow/example_dags/example_branch_operator.py
[2023-04-14T19:23:40.597+0000] {processor.py:753} INFO - DAG(s) dict_keys(['example_branch_operator']) retrieved from /home/airflow/.local/lib/python3.7/site-packages/airflow/example_dags/example_branch_operator.py
[2023-04-14T19:23:40.618+0000] {logging_mixin.py:137} INFO - [2023-04-14T19:23:40.618+0000] {dag.py:2705} INFO - Sync 1 DAGs
[2023-04-14T19:23:40.638+0000] {logging_mixin.py:137} INFO - [2023-04-14T19:23:40.638+0000] {dag.py:3456} INFO - Setting next_dagrun for example_branch_operator to 2023-04-13T00:00:00+00:00, run_after=2023-04-14T00:00:00+00:00
[2023-04-14T19:23:40.655+0000] {processor.py:175} INFO - Processing /home/airflow/.local/lib/python3.7/site-packages/airflow/example_dags/example_branch_operator.py took 0.075 seconds
[2023-04-14T19:24:10.737+0000] {processor.py:153} INFO - Started process (PID=1197) to work on /home/airflow/.local/lib/python3.7/site-packages/airflow/example_dags/example_branch_operator.py
[2023-04-14T19:24:10.738+0000] {processor.py:743} INFO - Processing file /home/airflow/.local/lib/python3.7/site-packages/airflow/example_dags/example_branch_operator.py for tasks to queue
[2023-04-14T19:24:10.738+0000] {logging_mixin.py:137} INFO - [2023-04-14T19:24:10.738+0000] {dagbag.py:532} INFO - Filling up the DagBag from /home/airflow/.local/lib/python3.7/site-packages/airflow/example_dags/example_branch_operator.py
[2023-04-14T19:24:10.753+0000] {processor.py:753} INFO - DAG(s) dict_keys(['example_branch_operator']) retrieved from /home/airflow/.local/lib/python3.7/site-packages/airflow/example_dags/example_branch_operator.py
[2023-04-14T19:24:10.775+0000] {logging_mixin.py:137} INFO - [2023-04-14T19:24:10.775+0000] {dag.py:2705} INFO - Sync 1 DAGs
[2023-04-14T19:24:10.794+0000] {logging_mixin.py:137} INFO - [2023-04-14T19:24:10.794+0000] {dag.py:3456} INFO - Setting next_dagrun for example_branch_operator to 2023-04-13T00:00:00+00:00, run_after=2023-04-14T00:00:00+00:00
[2023-04-14T19:24:10.809+0000] {processor.py:175} INFO - Processing /home/airflow/.local/lib/python3.7/site-packages/airflow/example_dags/example_branch_operator.py took 0.074 seconds
[2023-04-14T19:26:10.395+0000] {processor.py:153} INFO - Started process (PID=74) to work on /home/airflow/.local/lib/python3.7/site-packages/airflow/example_dags/example_branch_operator.py
[2023-04-14T19:26:10.396+0000] {processor.py:743} INFO - Processing file /home/airflow/.local/lib/python3.7/site-packages/airflow/example_dags/example_branch_operator.py for tasks to queue
[2023-04-14T19:26:10.397+0000] {logging_mixin.py:137} INFO - [2023-04-14T19:26:10.397+0000] {dagbag.py:532} INFO - Filling up the DagBag from /home/airflow/.local/lib/python3.7/site-packages/airflow/example_dags/example_branch_operator.py
[2023-04-14T19:26:10.412+0000] {processor.py:753} INFO - DAG(s) dict_keys(['example_branch_operator']) retrieved from /home/airflow/.local/lib/python3.7/site-packages/airflow/example_dags/example_branch_operator.py
[2023-04-14T19:26:10.426+0000] {logging_mixin.py:137} INFO - [2023-04-14T19:26:10.426+0000] {dag.py:2705} INFO - Sync 1 DAGs
[2023-04-14T19:26:10.453+0000] {logging_mixin.py:137} INFO - [2023-04-14T19:26:10.453+0000] {dag.py:3456} INFO - Setting next_dagrun for example_branch_operator to 2023-04-13T00:00:00+00:00, run_after=2023-04-14T00:00:00+00:00
[2023-04-14T19:26:10.468+0000] {processor.py:175} INFO - Processing /home/airflow/.local/lib/python3.7/site-packages/airflow/example_dags/example_branch_operator.py took 0.076 seconds
[2023-04-14T19:26:40.682+0000] {processor.py:153} INFO - Started process (PID=165) to work on /home/airflow/.local/lib/python3.7/site-packages/airflow/example_dags/example_branch_operator.py
[2023-04-14T19:26:40.683+0000] {processor.py:743} INFO - Processing file /home/airflow/.local/lib/python3.7/site-packages/airflow/example_dags/example_branch_operator.py for tasks to queue
[2023-04-14T19:26:40.684+0000] {logging_mixin.py:137} INFO - [2023-04-14T19:26:40.684+0000] {dagbag.py:532} INFO - Filling up the DagBag from /home/airflow/.local/lib/python3.7/site-packages/airflow/example_dags/example_branch_operator.py
[2023-04-14T19:26:40.696+0000] {processor.py:753} INFO - DAG(s) dict_keys(['example_branch_operator']) retrieved from /home/airflow/.local/lib/python3.7/site-packages/airflow/example_dags/example_branch_operator.py
[2023-04-14T19:26:40.715+0000] {logging_mixin.py:137} INFO - [2023-04-14T19:26:40.715+0000] {dag.py:2705} INFO - Sync 1 DAGs
[2023-04-14T19:26:40.732+0000] {logging_mixin.py:137} INFO - [2023-04-14T19:26:40.731+0000] {dag.py:3456} INFO - Setting next_dagrun for example_branch_operator to 2023-04-13T00:00:00+00:00, run_after=2023-04-14T00:00:00+00:00
[2023-04-14T19:26:40.744+0000] {processor.py:175} INFO - Processing /home/airflow/.local/lib/python3.7/site-packages/airflow/example_dags/example_branch_operator.py took 0.064 seconds
[2023-04-14T19:27:10.972+0000] {processor.py:153} INFO - Started process (PID=256) to work on /home/airflow/.local/lib/python3.7/site-packages/airflow/example_dags/example_branch_operator.py
[2023-04-14T19:27:10.973+0000] {processor.py:743} INFO - Processing file /home/airflow/.local/lib/python3.7/site-packages/airflow/example_dags/example_branch_operator.py for tasks to queue
[2023-04-14T19:27:10.973+0000] {logging_mixin.py:137} INFO - [2023-04-14T19:27:10.973+0000] {dagbag.py:532} INFO - Filling up the DagBag from /home/airflow/.local/lib/python3.7/site-packages/airflow/example_dags/example_branch_operator.py
[2023-04-14T19:27:10.985+0000] {processor.py:753} INFO - DAG(s) dict_keys(['example_branch_operator']) retrieved from /home/airflow/.local/lib/python3.7/site-packages/airflow/example_dags/example_branch_operator.py
[2023-04-14T19:27:11.006+0000] {logging_mixin.py:137} INFO - [2023-04-14T19:27:11.006+0000] {dag.py:2705} INFO - Sync 1 DAGs
[2023-04-14T19:27:11.023+0000] {logging_mixin.py:137} INFO - [2023-04-14T19:27:11.023+0000] {dag.py:3456} INFO - Setting next_dagrun for example_branch_operator to 2023-04-13T00:00:00+00:00, run_after=2023-04-14T00:00:00+00:00
[2023-04-14T19:27:11.035+0000] {processor.py:175} INFO - Processing /home/airflow/.local/lib/python3.7/site-packages/airflow/example_dags/example_branch_operator.py took 0.065 seconds
[2023-04-14T19:31:45.742+0000] {processor.py:153} INFO - Started process (PID=65) to work on /home/airflow/.local/lib/python3.10/site-packages/airflow/example_dags/example_branch_operator.py
[2023-04-14T19:31:45.743+0000] {processor.py:743} INFO - Processing file /home/airflow/.local/lib/python3.10/site-packages/airflow/example_dags/example_branch_operator.py for tasks to queue
[2023-04-14T19:31:45.744+0000] {logging_mixin.py:137} INFO - [2023-04-14T19:31:45.744+0000] {dagbag.py:532} INFO - Filling up the DagBag from /home/airflow/.local/lib/python3.10/site-packages/airflow/example_dags/example_branch_operator.py
[2023-04-14T19:31:45.762+0000] {processor.py:753} INFO - DAG(s) dict_keys(['example_branch_operator']) retrieved from /home/airflow/.local/lib/python3.10/site-packages/airflow/example_dags/example_branch_operator.py
[2023-04-14T19:31:45.773+0000] {logging_mixin.py:137} INFO - [2023-04-14T19:31:45.773+0000] {dag.py:2705} INFO - Sync 1 DAGs
[2023-04-14T19:31:45.798+0000] {logging_mixin.py:137} INFO - [2023-04-14T19:31:45.798+0000] {dag.py:3452} INFO - Setting next_dagrun for example_branch_operator to 2023-04-13T00:00:00+00:00, run_after=2023-04-14T00:00:00+00:00
[2023-04-14T19:31:45.818+0000] {processor.py:175} INFO - Processing /home/airflow/.local/lib/python3.10/site-packages/airflow/example_dags/example_branch_operator.py took 0.078 seconds
[2023-04-14T19:32:16.847+0000] {processor.py:153} INFO - Started process (PID=149) to work on /home/airflow/.local/lib/python3.10/site-packages/airflow/example_dags/example_branch_operator.py
[2023-04-14T19:32:16.848+0000] {processor.py:743} INFO - Processing file /home/airflow/.local/lib/python3.10/site-packages/airflow/example_dags/example_branch_operator.py for tasks to queue
[2023-04-14T19:32:16.848+0000] {logging_mixin.py:137} INFO - [2023-04-14T19:32:16.848+0000] {dagbag.py:532} INFO - Filling up the DagBag from /home/airflow/.local/lib/python3.10/site-packages/airflow/example_dags/example_branch_operator.py
[2023-04-14T19:32:16.861+0000] {processor.py:753} INFO - DAG(s) dict_keys(['example_branch_operator']) retrieved from /home/airflow/.local/lib/python3.10/site-packages/airflow/example_dags/example_branch_operator.py
[2023-04-14T19:32:16.882+0000] {logging_mixin.py:137} INFO - [2023-04-14T19:32:16.882+0000] {dag.py:2705} INFO - Sync 1 DAGs
[2023-04-14T19:32:16.897+0000] {logging_mixin.py:137} INFO - [2023-04-14T19:32:16.897+0000] {dag.py:3452} INFO - Setting next_dagrun for example_branch_operator to 2023-04-13T00:00:00+00:00, run_after=2023-04-14T00:00:00+00:00
[2023-04-14T19:32:16.906+0000] {processor.py:175} INFO - Processing /home/airflow/.local/lib/python3.10/site-packages/airflow/example_dags/example_branch_operator.py took 0.062 seconds
[2023-04-14T19:32:47.893+0000] {processor.py:153} INFO - Started process (PID=233) to work on /home/airflow/.local/lib/python3.10/site-packages/airflow/example_dags/example_branch_operator.py
[2023-04-14T19:32:47.894+0000] {processor.py:743} INFO - Processing file /home/airflow/.local/lib/python3.10/site-packages/airflow/example_dags/example_branch_operator.py for tasks to queue
[2023-04-14T19:32:47.894+0000] {logging_mixin.py:137} INFO - [2023-04-14T19:32:47.894+0000] {dagbag.py:532} INFO - Filling up the DagBag from /home/airflow/.local/lib/python3.10/site-packages/airflow/example_dags/example_branch_operator.py
[2023-04-14T19:32:47.907+0000] {processor.py:753} INFO - DAG(s) dict_keys(['example_branch_operator']) retrieved from /home/airflow/.local/lib/python3.10/site-packages/airflow/example_dags/example_branch_operator.py
[2023-04-14T19:32:47.930+0000] {logging_mixin.py:137} INFO - [2023-04-14T19:32:47.929+0000] {dag.py:2705} INFO - Sync 1 DAGs
[2023-04-14T19:32:47.947+0000] {logging_mixin.py:137} INFO - [2023-04-14T19:32:47.947+0000] {dag.py:3452} INFO - Setting next_dagrun for example_branch_operator to 2023-04-13T00:00:00+00:00, run_after=2023-04-14T00:00:00+00:00
[2023-04-14T19:32:47.958+0000] {processor.py:175} INFO - Processing /home/airflow/.local/lib/python3.10/site-packages/airflow/example_dags/example_branch_operator.py took 0.068 seconds
[2023-04-14T19:33:24.948+0000] {processor.py:153} INFO - Started process (PID=66) to work on /home/airflow/.local/lib/python3.10/site-packages/airflow/example_dags/example_branch_operator.py
[2023-04-14T19:33:24.949+0000] {processor.py:743} INFO - Processing file /home/airflow/.local/lib/python3.10/site-packages/airflow/example_dags/example_branch_operator.py for tasks to queue
[2023-04-14T19:33:24.949+0000] {logging_mixin.py:137} INFO - [2023-04-14T19:33:24.949+0000] {dagbag.py:532} INFO - Filling up the DagBag from /home/airflow/.local/lib/python3.10/site-packages/airflow/example_dags/example_branch_operator.py
[2023-04-14T19:33:24.964+0000] {processor.py:753} INFO - DAG(s) dict_keys(['example_branch_operator']) retrieved from /home/airflow/.local/lib/python3.10/site-packages/airflow/example_dags/example_branch_operator.py
[2023-04-14T19:33:24.972+0000] {logging_mixin.py:137} INFO - [2023-04-14T19:33:24.972+0000] {dag.py:2705} INFO - Sync 1 DAGs
[2023-04-14T19:33:24.988+0000] {logging_mixin.py:137} INFO - [2023-04-14T19:33:24.988+0000] {dag.py:3452} INFO - Setting next_dagrun for example_branch_operator to 2023-04-13T00:00:00+00:00, run_after=2023-04-14T00:00:00+00:00
[2023-04-14T19:33:25.000+0000] {processor.py:175} INFO - Processing /home/airflow/.local/lib/python3.10/site-packages/airflow/example_dags/example_branch_operator.py took 0.055 seconds
[2023-04-14T19:33:55.922+0000] {processor.py:153} INFO - Started process (PID=150) to work on /home/airflow/.local/lib/python3.10/site-packages/airflow/example_dags/example_branch_operator.py
[2023-04-14T19:33:55.922+0000] {processor.py:743} INFO - Processing file /home/airflow/.local/lib/python3.10/site-packages/airflow/example_dags/example_branch_operator.py for tasks to queue
[2023-04-14T19:33:55.923+0000] {logging_mixin.py:137} INFO - [2023-04-14T19:33:55.923+0000] {dagbag.py:532} INFO - Filling up the DagBag from /home/airflow/.local/lib/python3.10/site-packages/airflow/example_dags/example_branch_operator.py
[2023-04-14T19:33:55.936+0000] {processor.py:753} INFO - DAG(s) dict_keys(['example_branch_operator']) retrieved from /home/airflow/.local/lib/python3.10/site-packages/airflow/example_dags/example_branch_operator.py
[2023-04-14T19:33:55.956+0000] {logging_mixin.py:137} INFO - [2023-04-14T19:33:55.956+0000] {dag.py:2705} INFO - Sync 1 DAGs
[2023-04-14T19:33:55.972+0000] {logging_mixin.py:137} INFO - [2023-04-14T19:33:55.971+0000] {dag.py:3452} INFO - Setting next_dagrun for example_branch_operator to 2023-04-13T00:00:00+00:00, run_after=2023-04-14T00:00:00+00:00
[2023-04-14T19:33:55.981+0000] {processor.py:175} INFO - Processing /home/airflow/.local/lib/python3.10/site-packages/airflow/example_dags/example_branch_operator.py took 0.062 seconds
[2023-04-14T19:34:27.062+0000] {processor.py:153} INFO - Started process (PID=234) to work on /home/airflow/.local/lib/python3.10/site-packages/airflow/example_dags/example_branch_operator.py
[2023-04-14T19:34:27.063+0000] {processor.py:743} INFO - Processing file /home/airflow/.local/lib/python3.10/site-packages/airflow/example_dags/example_branch_operator.py for tasks to queue
[2023-04-14T19:34:27.063+0000] {logging_mixin.py:137} INFO - [2023-04-14T19:34:27.063+0000] {dagbag.py:532} INFO - Filling up the DagBag from /home/airflow/.local/lib/python3.10/site-packages/airflow/example_dags/example_branch_operator.py
[2023-04-14T19:34:27.076+0000] {processor.py:753} INFO - DAG(s) dict_keys(['example_branch_operator']) retrieved from /home/airflow/.local/lib/python3.10/site-packages/airflow/example_dags/example_branch_operator.py
[2023-04-14T19:34:27.099+0000] {logging_mixin.py:137} INFO - [2023-04-14T19:34:27.099+0000] {dag.py:2705} INFO - Sync 1 DAGs
[2023-04-14T19:34:27.119+0000] {logging_mixin.py:137} INFO - [2023-04-14T19:34:27.119+0000] {dag.py:3452} INFO - Setting next_dagrun for example_branch_operator to 2023-04-13T00:00:00+00:00, run_after=2023-04-14T00:00:00+00:00
[2023-04-14T19:34:27.135+0000] {processor.py:175} INFO - Processing /home/airflow/.local/lib/python3.10/site-packages/airflow/example_dags/example_branch_operator.py took 0.076 seconds
[2023-04-14T19:35:38.365+0000] {processor.py:153} INFO - Started process (PID=66) to work on /home/airflow/.local/lib/python3.10/site-packages/airflow/example_dags/example_branch_operator.py
[2023-04-14T19:35:38.366+0000] {processor.py:743} INFO - Processing file /home/airflow/.local/lib/python3.10/site-packages/airflow/example_dags/example_branch_operator.py for tasks to queue
[2023-04-14T19:35:38.366+0000] {logging_mixin.py:137} INFO - [2023-04-14T19:35:38.366+0000] {dagbag.py:532} INFO - Filling up the DagBag from /home/airflow/.local/lib/python3.10/site-packages/airflow/example_dags/example_branch_operator.py
[2023-04-14T19:35:38.381+0000] {processor.py:753} INFO - DAG(s) dict_keys(['example_branch_operator']) retrieved from /home/airflow/.local/lib/python3.10/site-packages/airflow/example_dags/example_branch_operator.py
[2023-04-14T19:35:38.390+0000] {logging_mixin.py:137} INFO - [2023-04-14T19:35:38.389+0000] {dag.py:2705} INFO - Sync 1 DAGs
[2023-04-14T19:35:38.407+0000] {logging_mixin.py:137} INFO - [2023-04-14T19:35:38.407+0000] {dag.py:3452} INFO - Setting next_dagrun for example_branch_operator to 2023-04-13T00:00:00+00:00, run_after=2023-04-14T00:00:00+00:00
[2023-04-14T19:35:38.417+0000] {processor.py:175} INFO - Processing /home/airflow/.local/lib/python3.10/site-packages/airflow/example_dags/example_branch_operator.py took 0.054 seconds
[2023-04-14T19:36:09.427+0000] {processor.py:153} INFO - Started process (PID=151) to work on /home/airflow/.local/lib/python3.10/site-packages/airflow/example_dags/example_branch_operator.py
[2023-04-14T19:36:09.428+0000] {processor.py:743} INFO - Processing file /home/airflow/.local/lib/python3.10/site-packages/airflow/example_dags/example_branch_operator.py for tasks to queue
[2023-04-14T19:36:09.428+0000] {logging_mixin.py:137} INFO - [2023-04-14T19:36:09.428+0000] {dagbag.py:532} INFO - Filling up the DagBag from /home/airflow/.local/lib/python3.10/site-packages/airflow/example_dags/example_branch_operator.py
[2023-04-14T19:36:09.443+0000] {processor.py:753} INFO - DAG(s) dict_keys(['example_branch_operator']) retrieved from /home/airflow/.local/lib/python3.10/site-packages/airflow/example_dags/example_branch_operator.py
[2023-04-14T19:36:09.463+0000] {logging_mixin.py:137} INFO - [2023-04-14T19:36:09.463+0000] {dag.py:2705} INFO - Sync 1 DAGs
[2023-04-14T19:36:09.478+0000] {logging_mixin.py:137} INFO - [2023-04-14T19:36:09.478+0000] {dag.py:3452} INFO - Setting next_dagrun for example_branch_operator to 2023-04-13T00:00:00+00:00, run_after=2023-04-14T00:00:00+00:00
[2023-04-14T19:36:09.489+0000] {processor.py:175} INFO - Processing /home/airflow/.local/lib/python3.10/site-packages/airflow/example_dags/example_branch_operator.py took 0.066 seconds
