[2023-04-14T19:13:17.896+0000] {processor.py:153} INFO - Started process (PID=52) to work on /home/airflow/.local/lib/python3.7/site-packages/airflow/example_dags/example_branch_python_dop_operator_3.py
[2023-04-14T19:13:17.897+0000] {processor.py:743} INFO - Processing file /home/airflow/.local/lib/python3.7/site-packages/airflow/example_dags/example_branch_python_dop_operator_3.py for tasks to queue
[2023-04-14T19:13:17.898+0000] {logging_mixin.py:137} INFO - [2023-04-14T19:13:17.898+0000] {dagbag.py:532} INFO - Filling up the DagBag from /home/airflow/.local/lib/python3.7/site-packages/airflow/example_dags/example_branch_python_dop_operator_3.py
[2023-04-14T19:13:17.923+0000] {processor.py:753} INFO - DAG(s) dict_keys(['example_branch_dop_operator_v3']) retrieved from /home/airflow/.local/lib/python3.7/site-packages/airflow/example_dags/example_branch_python_dop_operator_3.py
[2023-04-14T19:13:17.938+0000] {logging_mixin.py:137} INFO - [2023-04-14T19:13:17.938+0000] {dag.py:2705} INFO - Sync 1 DAGs
[2023-04-14T19:13:17.964+0000] {logging_mixin.py:137} INFO - [2023-04-14T19:13:17.964+0000] {dag.py:3456} INFO - Setting next_dagrun for example_branch_dop_operator_v3 to 2023-04-14T19:12:00+00:00, run_after=2023-04-14T19:13:00+00:00
[2023-04-14T19:13:17.985+0000] {processor.py:175} INFO - Processing /home/airflow/.local/lib/python3.7/site-packages/airflow/example_dags/example_branch_python_dop_operator_3.py took 0.098 seconds
[2023-04-14T19:13:48.020+0000] {processor.py:153} INFO - Started process (PID=142) to work on /home/airflow/.local/lib/python3.7/site-packages/airflow/example_dags/example_branch_python_dop_operator_3.py
[2023-04-14T19:13:48.020+0000] {processor.py:743} INFO - Processing file /home/airflow/.local/lib/python3.7/site-packages/airflow/example_dags/example_branch_python_dop_operator_3.py for tasks to queue
[2023-04-14T19:13:48.021+0000] {logging_mixin.py:137} INFO - [2023-04-14T19:13:48.021+0000] {dagbag.py:532} INFO - Filling up the DagBag from /home/airflow/.local/lib/python3.7/site-packages/airflow/example_dags/example_branch_python_dop_operator_3.py
[2023-04-14T19:13:48.037+0000] {processor.py:753} INFO - DAG(s) dict_keys(['example_branch_dop_operator_v3']) retrieved from /home/airflow/.local/lib/python3.7/site-packages/airflow/example_dags/example_branch_python_dop_operator_3.py
[2023-04-14T19:13:48.056+0000] {logging_mixin.py:137} INFO - [2023-04-14T19:13:48.056+0000] {dag.py:2705} INFO - Sync 1 DAGs
[2023-04-14T19:13:48.074+0000] {logging_mixin.py:137} INFO - [2023-04-14T19:13:48.074+0000] {dag.py:3456} INFO - Setting next_dagrun for example_branch_dop_operator_v3 to 2023-04-14T19:12:00+00:00, run_after=2023-04-14T19:13:00+00:00
[2023-04-14T19:13:48.086+0000] {processor.py:175} INFO - Processing /home/airflow/.local/lib/python3.7/site-packages/airflow/example_dags/example_branch_python_dop_operator_3.py took 0.069 seconds
[2023-04-14T19:14:18.266+0000] {processor.py:153} INFO - Started process (PID=226) to work on /home/airflow/.local/lib/python3.7/site-packages/airflow/example_dags/example_branch_python_dop_operator_3.py
[2023-04-14T19:14:18.267+0000] {processor.py:743} INFO - Processing file /home/airflow/.local/lib/python3.7/site-packages/airflow/example_dags/example_branch_python_dop_operator_3.py for tasks to queue
[2023-04-14T19:14:18.267+0000] {logging_mixin.py:137} INFO - [2023-04-14T19:14:18.267+0000] {dagbag.py:532} INFO - Filling up the DagBag from /home/airflow/.local/lib/python3.7/site-packages/airflow/example_dags/example_branch_python_dop_operator_3.py
[2023-04-14T19:14:18.287+0000] {processor.py:753} INFO - DAG(s) dict_keys(['example_branch_dop_operator_v3']) retrieved from /home/airflow/.local/lib/python3.7/site-packages/airflow/example_dags/example_branch_python_dop_operator_3.py
[2023-04-14T19:14:18.305+0000] {logging_mixin.py:137} INFO - [2023-04-14T19:14:18.304+0000] {dag.py:2705} INFO - Sync 1 DAGs
[2023-04-14T19:14:18.325+0000] {logging_mixin.py:137} INFO - [2023-04-14T19:14:18.325+0000] {dag.py:3456} INFO - Setting next_dagrun for example_branch_dop_operator_v3 to 2023-04-14T19:13:00+00:00, run_after=2023-04-14T19:14:00+00:00
[2023-04-14T19:14:18.340+0000] {processor.py:175} INFO - Processing /home/airflow/.local/lib/python3.7/site-packages/airflow/example_dags/example_branch_python_dop_operator_3.py took 0.076 seconds
[2023-04-14T19:14:48.473+0000] {processor.py:153} INFO - Started process (PID=308) to work on /home/airflow/.local/lib/python3.7/site-packages/airflow/example_dags/example_branch_python_dop_operator_3.py
[2023-04-14T19:14:48.474+0000] {processor.py:743} INFO - Processing file /home/airflow/.local/lib/python3.7/site-packages/airflow/example_dags/example_branch_python_dop_operator_3.py for tasks to queue
[2023-04-14T19:14:48.475+0000] {logging_mixin.py:137} INFO - [2023-04-14T19:14:48.474+0000] {dagbag.py:532} INFO - Filling up the DagBag from /home/airflow/.local/lib/python3.7/site-packages/airflow/example_dags/example_branch_python_dop_operator_3.py
[2023-04-14T19:14:48.491+0000] {processor.py:753} INFO - DAG(s) dict_keys(['example_branch_dop_operator_v3']) retrieved from /home/airflow/.local/lib/python3.7/site-packages/airflow/example_dags/example_branch_python_dop_operator_3.py
[2023-04-14T19:14:48.511+0000] {logging_mixin.py:137} INFO - [2023-04-14T19:14:48.511+0000] {dag.py:2705} INFO - Sync 1 DAGs
[2023-04-14T19:14:48.530+0000] {logging_mixin.py:137} INFO - [2023-04-14T19:14:48.530+0000] {dag.py:3456} INFO - Setting next_dagrun for example_branch_dop_operator_v3 to 2023-04-14T19:13:00+00:00, run_after=2023-04-14T19:14:00+00:00
[2023-04-14T19:14:48.543+0000] {processor.py:175} INFO - Processing /home/airflow/.local/lib/python3.7/site-packages/airflow/example_dags/example_branch_python_dop_operator_3.py took 0.073 seconds
[2023-04-14T19:15:18.682+0000] {processor.py:153} INFO - Started process (PID=399) to work on /home/airflow/.local/lib/python3.7/site-packages/airflow/example_dags/example_branch_python_dop_operator_3.py
[2023-04-14T19:15:18.683+0000] {processor.py:743} INFO - Processing file /home/airflow/.local/lib/python3.7/site-packages/airflow/example_dags/example_branch_python_dop_operator_3.py for tasks to queue
[2023-04-14T19:15:18.684+0000] {logging_mixin.py:137} INFO - [2023-04-14T19:15:18.683+0000] {dagbag.py:532} INFO - Filling up the DagBag from /home/airflow/.local/lib/python3.7/site-packages/airflow/example_dags/example_branch_python_dop_operator_3.py
[2023-04-14T19:15:18.701+0000] {processor.py:753} INFO - DAG(s) dict_keys(['example_branch_dop_operator_v3']) retrieved from /home/airflow/.local/lib/python3.7/site-packages/airflow/example_dags/example_branch_python_dop_operator_3.py
[2023-04-14T19:15:18.718+0000] {logging_mixin.py:137} INFO - [2023-04-14T19:15:18.718+0000] {dag.py:2705} INFO - Sync 1 DAGs
[2023-04-14T19:15:18.737+0000] {logging_mixin.py:137} INFO - [2023-04-14T19:15:18.737+0000] {dag.py:3456} INFO - Setting next_dagrun for example_branch_dop_operator_v3 to 2023-04-14T19:14:00+00:00, run_after=2023-04-14T19:15:00+00:00
[2023-04-14T19:15:18.748+0000] {processor.py:175} INFO - Processing /home/airflow/.local/lib/python3.7/site-packages/airflow/example_dags/example_branch_python_dop_operator_3.py took 0.068 seconds
[2023-04-14T19:17:35.289+0000] {processor.py:153} INFO - Started process (PID=52) to work on /home/airflow/.local/lib/python3.7/site-packages/airflow/example_dags/example_branch_python_dop_operator_3.py
[2023-04-14T19:17:35.289+0000] {processor.py:743} INFO - Processing file /home/airflow/.local/lib/python3.7/site-packages/airflow/example_dags/example_branch_python_dop_operator_3.py for tasks to queue
[2023-04-14T19:17:35.290+0000] {logging_mixin.py:137} INFO - [2023-04-14T19:17:35.290+0000] {dagbag.py:532} INFO - Filling up the DagBag from /home/airflow/.local/lib/python3.7/site-packages/airflow/example_dags/example_branch_python_dop_operator_3.py
[2023-04-14T19:17:35.308+0000] {processor.py:753} INFO - DAG(s) dict_keys(['example_branch_dop_operator_v3']) retrieved from /home/airflow/.local/lib/python3.7/site-packages/airflow/example_dags/example_branch_python_dop_operator_3.py
[2023-04-14T19:17:35.320+0000] {logging_mixin.py:137} INFO - [2023-04-14T19:17:35.319+0000] {dag.py:2705} INFO - Sync 1 DAGs
[2023-04-14T19:17:35.349+0000] {logging_mixin.py:137} INFO - [2023-04-14T19:17:35.349+0000] {dag.py:3456} INFO - Setting next_dagrun for example_branch_dop_operator_v3 to 2023-04-14T19:16:00+00:00, run_after=2023-04-14T19:17:00+00:00
[2023-04-14T19:17:35.367+0000] {processor.py:175} INFO - Processing /home/airflow/.local/lib/python3.7/site-packages/airflow/example_dags/example_branch_python_dop_operator_3.py took 0.083 seconds
[2023-04-14T19:18:05.806+0000] {processor.py:153} INFO - Started process (PID=144) to work on /home/airflow/.local/lib/python3.7/site-packages/airflow/example_dags/example_branch_python_dop_operator_3.py
[2023-04-14T19:18:05.807+0000] {processor.py:743} INFO - Processing file /home/airflow/.local/lib/python3.7/site-packages/airflow/example_dags/example_branch_python_dop_operator_3.py for tasks to queue
[2023-04-14T19:18:05.808+0000] {logging_mixin.py:137} INFO - [2023-04-14T19:18:05.808+0000] {dagbag.py:532} INFO - Filling up the DagBag from /home/airflow/.local/lib/python3.7/site-packages/airflow/example_dags/example_branch_python_dop_operator_3.py
[2023-04-14T19:18:05.827+0000] {processor.py:753} INFO - DAG(s) dict_keys(['example_branch_dop_operator_v3']) retrieved from /home/airflow/.local/lib/python3.7/site-packages/airflow/example_dags/example_branch_python_dop_operator_3.py
[2023-04-14T19:18:05.849+0000] {logging_mixin.py:137} INFO - [2023-04-14T19:18:05.849+0000] {dag.py:2705} INFO - Sync 1 DAGs
[2023-04-14T19:18:05.873+0000] {logging_mixin.py:137} INFO - [2023-04-14T19:18:05.873+0000] {dag.py:3456} INFO - Setting next_dagrun for example_branch_dop_operator_v3 to 2023-04-14T19:17:00+00:00, run_after=2023-04-14T19:18:00+00:00
[2023-04-14T19:18:05.890+0000] {processor.py:175} INFO - Processing /home/airflow/.local/lib/python3.7/site-packages/airflow/example_dags/example_branch_python_dop_operator_3.py took 0.086 seconds
[2023-04-14T19:18:36.290+0000] {processor.py:153} INFO - Started process (PID=235) to work on /home/airflow/.local/lib/python3.7/site-packages/airflow/example_dags/example_branch_python_dop_operator_3.py
[2023-04-14T19:18:36.291+0000] {processor.py:743} INFO - Processing file /home/airflow/.local/lib/python3.7/site-packages/airflow/example_dags/example_branch_python_dop_operator_3.py for tasks to queue
[2023-04-14T19:18:36.292+0000] {logging_mixin.py:137} INFO - [2023-04-14T19:18:36.292+0000] {dagbag.py:532} INFO - Filling up the DagBag from /home/airflow/.local/lib/python3.7/site-packages/airflow/example_dags/example_branch_python_dop_operator_3.py
[2023-04-14T19:18:36.309+0000] {processor.py:753} INFO - DAG(s) dict_keys(['example_branch_dop_operator_v3']) retrieved from /home/airflow/.local/lib/python3.7/site-packages/airflow/example_dags/example_branch_python_dop_operator_3.py
[2023-04-14T19:18:36.328+0000] {logging_mixin.py:137} INFO - [2023-04-14T19:18:36.328+0000] {dag.py:2705} INFO - Sync 1 DAGs
[2023-04-14T19:18:36.351+0000] {logging_mixin.py:137} INFO - [2023-04-14T19:18:36.350+0000] {dag.py:3456} INFO - Setting next_dagrun for example_branch_dop_operator_v3 to 2023-04-14T19:17:00+00:00, run_after=2023-04-14T19:18:00+00:00
[2023-04-14T19:18:36.364+0000] {processor.py:175} INFO - Processing /home/airflow/.local/lib/python3.7/site-packages/airflow/example_dags/example_branch_python_dop_operator_3.py took 0.076 seconds
[2023-04-14T19:19:06.711+0000] {processor.py:153} INFO - Started process (PID=310) to work on /home/airflow/.local/lib/python3.7/site-packages/airflow/example_dags/example_branch_python_dop_operator_3.py
[2023-04-14T19:19:06.712+0000] {processor.py:743} INFO - Processing file /home/airflow/.local/lib/python3.7/site-packages/airflow/example_dags/example_branch_python_dop_operator_3.py for tasks to queue
[2023-04-14T19:19:06.713+0000] {logging_mixin.py:137} INFO - [2023-04-14T19:19:06.712+0000] {dagbag.py:532} INFO - Filling up the DagBag from /home/airflow/.local/lib/python3.7/site-packages/airflow/example_dags/example_branch_python_dop_operator_3.py
[2023-04-14T19:19:06.729+0000] {processor.py:753} INFO - DAG(s) dict_keys(['example_branch_dop_operator_v3']) retrieved from /home/airflow/.local/lib/python3.7/site-packages/airflow/example_dags/example_branch_python_dop_operator_3.py
[2023-04-14T19:19:06.751+0000] {logging_mixin.py:137} INFO - [2023-04-14T19:19:06.751+0000] {dag.py:2705} INFO - Sync 1 DAGs
[2023-04-14T19:19:06.775+0000] {logging_mixin.py:137} INFO - [2023-04-14T19:19:06.775+0000] {dag.py:3456} INFO - Setting next_dagrun for example_branch_dop_operator_v3 to 2023-04-14T19:18:00+00:00, run_after=2023-04-14T19:19:00+00:00
[2023-04-14T19:19:06.788+0000] {processor.py:175} INFO - Processing /home/airflow/.local/lib/python3.7/site-packages/airflow/example_dags/example_branch_python_dop_operator_3.py took 0.080 seconds
[2023-04-14T19:19:36.985+0000] {processor.py:153} INFO - Started process (PID=403) to work on /home/airflow/.local/lib/python3.7/site-packages/airflow/example_dags/example_branch_python_dop_operator_3.py
[2023-04-14T19:19:36.986+0000] {processor.py:743} INFO - Processing file /home/airflow/.local/lib/python3.7/site-packages/airflow/example_dags/example_branch_python_dop_operator_3.py for tasks to queue
[2023-04-14T19:19:36.987+0000] {logging_mixin.py:137} INFO - [2023-04-14T19:19:36.986+0000] {dagbag.py:532} INFO - Filling up the DagBag from /home/airflow/.local/lib/python3.7/site-packages/airflow/example_dags/example_branch_python_dop_operator_3.py
[2023-04-14T19:19:37.006+0000] {processor.py:753} INFO - DAG(s) dict_keys(['example_branch_dop_operator_v3']) retrieved from /home/airflow/.local/lib/python3.7/site-packages/airflow/example_dags/example_branch_python_dop_operator_3.py
[2023-04-14T19:19:37.029+0000] {logging_mixin.py:137} INFO - [2023-04-14T19:19:37.029+0000] {dag.py:2705} INFO - Sync 1 DAGs
[2023-04-14T19:19:37.053+0000] {logging_mixin.py:137} INFO - [2023-04-14T19:19:37.052+0000] {dag.py:3456} INFO - Setting next_dagrun for example_branch_dop_operator_v3 to 2023-04-14T19:18:00+00:00, run_after=2023-04-14T19:19:00+00:00
[2023-04-14T19:19:37.066+0000] {processor.py:175} INFO - Processing /home/airflow/.local/lib/python3.7/site-packages/airflow/example_dags/example_branch_python_dop_operator_3.py took 0.084 seconds
[2023-04-14T19:20:07.495+0000] {processor.py:153} INFO - Started process (PID=486) to work on /home/airflow/.local/lib/python3.7/site-packages/airflow/example_dags/example_branch_python_dop_operator_3.py
[2023-04-14T19:20:07.496+0000] {processor.py:743} INFO - Processing file /home/airflow/.local/lib/python3.7/site-packages/airflow/example_dags/example_branch_python_dop_operator_3.py for tasks to queue
[2023-04-14T19:20:07.497+0000] {logging_mixin.py:137} INFO - [2023-04-14T19:20:07.496+0000] {dagbag.py:532} INFO - Filling up the DagBag from /home/airflow/.local/lib/python3.7/site-packages/airflow/example_dags/example_branch_python_dop_operator_3.py
[2023-04-14T19:20:07.516+0000] {processor.py:753} INFO - DAG(s) dict_keys(['example_branch_dop_operator_v3']) retrieved from /home/airflow/.local/lib/python3.7/site-packages/airflow/example_dags/example_branch_python_dop_operator_3.py
[2023-04-14T19:20:07.540+0000] {logging_mixin.py:137} INFO - [2023-04-14T19:20:07.540+0000] {dag.py:2705} INFO - Sync 1 DAGs
[2023-04-14T19:20:07.571+0000] {logging_mixin.py:137} INFO - [2023-04-14T19:20:07.571+0000] {dag.py:3456} INFO - Setting next_dagrun for example_branch_dop_operator_v3 to 2023-04-14T19:19:00+00:00, run_after=2023-04-14T19:20:00+00:00
[2023-04-14T19:20:07.587+0000] {processor.py:175} INFO - Processing /home/airflow/.local/lib/python3.7/site-packages/airflow/example_dags/example_branch_python_dop_operator_3.py took 0.096 seconds
[2023-04-14T19:20:37.728+0000] {processor.py:153} INFO - Started process (PID=570) to work on /home/airflow/.local/lib/python3.7/site-packages/airflow/example_dags/example_branch_python_dop_operator_3.py
[2023-04-14T19:20:37.729+0000] {processor.py:743} INFO - Processing file /home/airflow/.local/lib/python3.7/site-packages/airflow/example_dags/example_branch_python_dop_operator_3.py for tasks to queue
[2023-04-14T19:20:37.729+0000] {logging_mixin.py:137} INFO - [2023-04-14T19:20:37.729+0000] {dagbag.py:532} INFO - Filling up the DagBag from /home/airflow/.local/lib/python3.7/site-packages/airflow/example_dags/example_branch_python_dop_operator_3.py
[2023-04-14T19:20:37.748+0000] {processor.py:753} INFO - DAG(s) dict_keys(['example_branch_dop_operator_v3']) retrieved from /home/airflow/.local/lib/python3.7/site-packages/airflow/example_dags/example_branch_python_dop_operator_3.py
[2023-04-14T19:20:37.769+0000] {logging_mixin.py:137} INFO - [2023-04-14T19:20:37.769+0000] {dag.py:2705} INFO - Sync 1 DAGs
[2023-04-14T19:20:37.792+0000] {logging_mixin.py:137} INFO - [2023-04-14T19:20:37.791+0000] {dag.py:3456} INFO - Setting next_dagrun for example_branch_dop_operator_v3 to 2023-04-14T19:19:00+00:00, run_after=2023-04-14T19:20:00+00:00
[2023-04-14T19:20:37.812+0000] {processor.py:175} INFO - Processing /home/airflow/.local/lib/python3.7/site-packages/airflow/example_dags/example_branch_python_dop_operator_3.py took 0.087 seconds
[2023-04-14T19:21:08.120+0000] {processor.py:153} INFO - Started process (PID=661) to work on /home/airflow/.local/lib/python3.7/site-packages/airflow/example_dags/example_branch_python_dop_operator_3.py
[2023-04-14T19:21:08.121+0000] {processor.py:743} INFO - Processing file /home/airflow/.local/lib/python3.7/site-packages/airflow/example_dags/example_branch_python_dop_operator_3.py for tasks to queue
[2023-04-14T19:21:08.122+0000] {logging_mixin.py:137} INFO - [2023-04-14T19:21:08.122+0000] {dagbag.py:532} INFO - Filling up the DagBag from /home/airflow/.local/lib/python3.7/site-packages/airflow/example_dags/example_branch_python_dop_operator_3.py
[2023-04-14T19:21:08.138+0000] {processor.py:753} INFO - DAG(s) dict_keys(['example_branch_dop_operator_v3']) retrieved from /home/airflow/.local/lib/python3.7/site-packages/airflow/example_dags/example_branch_python_dop_operator_3.py
[2023-04-14T19:21:08.156+0000] {logging_mixin.py:137} INFO - [2023-04-14T19:21:08.156+0000] {dag.py:2705} INFO - Sync 1 DAGs
[2023-04-14T19:21:08.175+0000] {logging_mixin.py:137} INFO - [2023-04-14T19:21:08.175+0000] {dag.py:3456} INFO - Setting next_dagrun for example_branch_dop_operator_v3 to 2023-04-14T19:20:00+00:00, run_after=2023-04-14T19:21:00+00:00
[2023-04-14T19:21:08.190+0000] {processor.py:175} INFO - Processing /home/airflow/.local/lib/python3.7/site-packages/airflow/example_dags/example_branch_python_dop_operator_3.py took 0.075 seconds
[2023-04-14T19:21:38.315+0000] {processor.py:153} INFO - Started process (PID=736) to work on /home/airflow/.local/lib/python3.7/site-packages/airflow/example_dags/example_branch_python_dop_operator_3.py
[2023-04-14T19:21:38.316+0000] {processor.py:743} INFO - Processing file /home/airflow/.local/lib/python3.7/site-packages/airflow/example_dags/example_branch_python_dop_operator_3.py for tasks to queue
[2023-04-14T19:21:38.317+0000] {logging_mixin.py:137} INFO - [2023-04-14T19:21:38.317+0000] {dagbag.py:532} INFO - Filling up the DagBag from /home/airflow/.local/lib/python3.7/site-packages/airflow/example_dags/example_branch_python_dop_operator_3.py
[2023-04-14T19:21:38.334+0000] {processor.py:753} INFO - DAG(s) dict_keys(['example_branch_dop_operator_v3']) retrieved from /home/airflow/.local/lib/python3.7/site-packages/airflow/example_dags/example_branch_python_dop_operator_3.py
[2023-04-14T19:21:38.353+0000] {logging_mixin.py:137} INFO - [2023-04-14T19:21:38.353+0000] {dag.py:2705} INFO - Sync 1 DAGs
[2023-04-14T19:21:38.373+0000] {logging_mixin.py:137} INFO - [2023-04-14T19:21:38.373+0000] {dag.py:3456} INFO - Setting next_dagrun for example_branch_dop_operator_v3 to 2023-04-14T19:20:00+00:00, run_after=2023-04-14T19:21:00+00:00
[2023-04-14T19:21:38.385+0000] {processor.py:175} INFO - Processing /home/airflow/.local/lib/python3.7/site-packages/airflow/example_dags/example_branch_python_dop_operator_3.py took 0.072 seconds
[2023-04-14T19:22:08.420+0000] {processor.py:153} INFO - Started process (PID=827) to work on /home/airflow/.local/lib/python3.7/site-packages/airflow/example_dags/example_branch_python_dop_operator_3.py
[2023-04-14T19:22:08.421+0000] {processor.py:743} INFO - Processing file /home/airflow/.local/lib/python3.7/site-packages/airflow/example_dags/example_branch_python_dop_operator_3.py for tasks to queue
[2023-04-14T19:22:08.422+0000] {logging_mixin.py:137} INFO - [2023-04-14T19:22:08.422+0000] {dagbag.py:532} INFO - Filling up the DagBag from /home/airflow/.local/lib/python3.7/site-packages/airflow/example_dags/example_branch_python_dop_operator_3.py
[2023-04-14T19:22:08.440+0000] {processor.py:753} INFO - DAG(s) dict_keys(['example_branch_dop_operator_v3']) retrieved from /home/airflow/.local/lib/python3.7/site-packages/airflow/example_dags/example_branch_python_dop_operator_3.py
[2023-04-14T19:22:08.459+0000] {logging_mixin.py:137} INFO - [2023-04-14T19:22:08.459+0000] {dag.py:2705} INFO - Sync 1 DAGs
[2023-04-14T19:22:08.477+0000] {logging_mixin.py:137} INFO - [2023-04-14T19:22:08.477+0000] {dag.py:3456} INFO - Setting next_dagrun for example_branch_dop_operator_v3 to 2023-04-14T19:21:00+00:00, run_after=2023-04-14T19:22:00+00:00
[2023-04-14T19:22:08.489+0000] {processor.py:175} INFO - Processing /home/airflow/.local/lib/python3.7/site-packages/airflow/example_dags/example_branch_python_dop_operator_3.py took 0.073 seconds
[2023-04-14T19:22:38.766+0000] {processor.py:153} INFO - Started process (PID=918) to work on /home/airflow/.local/lib/python3.7/site-packages/airflow/example_dags/example_branch_python_dop_operator_3.py
[2023-04-14T19:22:38.767+0000] {processor.py:743} INFO - Processing file /home/airflow/.local/lib/python3.7/site-packages/airflow/example_dags/example_branch_python_dop_operator_3.py for tasks to queue
[2023-04-14T19:22:38.768+0000] {logging_mixin.py:137} INFO - [2023-04-14T19:22:38.768+0000] {dagbag.py:532} INFO - Filling up the DagBag from /home/airflow/.local/lib/python3.7/site-packages/airflow/example_dags/example_branch_python_dop_operator_3.py
[2023-04-14T19:22:38.787+0000] {processor.py:753} INFO - DAG(s) dict_keys(['example_branch_dop_operator_v3']) retrieved from /home/airflow/.local/lib/python3.7/site-packages/airflow/example_dags/example_branch_python_dop_operator_3.py
[2023-04-14T19:22:38.811+0000] {logging_mixin.py:137} INFO - [2023-04-14T19:22:38.811+0000] {dag.py:2705} INFO - Sync 1 DAGs
[2023-04-14T19:22:38.831+0000] {logging_mixin.py:137} INFO - [2023-04-14T19:22:38.831+0000] {dag.py:3456} INFO - Setting next_dagrun for example_branch_dop_operator_v3 to 2023-04-14T19:21:00+00:00, run_after=2023-04-14T19:22:00+00:00
[2023-04-14T19:22:38.849+0000] {processor.py:175} INFO - Processing /home/airflow/.local/lib/python3.7/site-packages/airflow/example_dags/example_branch_python_dop_operator_3.py took 0.086 seconds
[2023-04-14T19:23:09.360+0000] {processor.py:153} INFO - Started process (PID=993) to work on /home/airflow/.local/lib/python3.7/site-packages/airflow/example_dags/example_branch_python_dop_operator_3.py
[2023-04-14T19:23:09.361+0000] {processor.py:743} INFO - Processing file /home/airflow/.local/lib/python3.7/site-packages/airflow/example_dags/example_branch_python_dop_operator_3.py for tasks to queue
[2023-04-14T19:23:09.362+0000] {logging_mixin.py:137} INFO - [2023-04-14T19:23:09.362+0000] {dagbag.py:532} INFO - Filling up the DagBag from /home/airflow/.local/lib/python3.7/site-packages/airflow/example_dags/example_branch_python_dop_operator_3.py
[2023-04-14T19:23:09.380+0000] {processor.py:753} INFO - DAG(s) dict_keys(['example_branch_dop_operator_v3']) retrieved from /home/airflow/.local/lib/python3.7/site-packages/airflow/example_dags/example_branch_python_dop_operator_3.py
[2023-04-14T19:23:09.404+0000] {logging_mixin.py:137} INFO - [2023-04-14T19:23:09.404+0000] {dag.py:2705} INFO - Sync 1 DAGs
[2023-04-14T19:23:09.426+0000] {logging_mixin.py:137} INFO - [2023-04-14T19:23:09.426+0000] {dag.py:3456} INFO - Setting next_dagrun for example_branch_dop_operator_v3 to 2023-04-14T19:22:00+00:00, run_after=2023-04-14T19:23:00+00:00
[2023-04-14T19:23:09.440+0000] {processor.py:175} INFO - Processing /home/airflow/.local/lib/python3.7/site-packages/airflow/example_dags/example_branch_python_dop_operator_3.py took 0.082 seconds
[2023-04-14T19:23:39.513+0000] {processor.py:153} INFO - Started process (PID=1084) to work on /home/airflow/.local/lib/python3.7/site-packages/airflow/example_dags/example_branch_python_dop_operator_3.py
[2023-04-14T19:23:39.514+0000] {processor.py:743} INFO - Processing file /home/airflow/.local/lib/python3.7/site-packages/airflow/example_dags/example_branch_python_dop_operator_3.py for tasks to queue
[2023-04-14T19:23:39.515+0000] {logging_mixin.py:137} INFO - [2023-04-14T19:23:39.515+0000] {dagbag.py:532} INFO - Filling up the DagBag from /home/airflow/.local/lib/python3.7/site-packages/airflow/example_dags/example_branch_python_dop_operator_3.py
[2023-04-14T19:23:39.536+0000] {processor.py:753} INFO - DAG(s) dict_keys(['example_branch_dop_operator_v3']) retrieved from /home/airflow/.local/lib/python3.7/site-packages/airflow/example_dags/example_branch_python_dop_operator_3.py
[2023-04-14T19:23:39.563+0000] {logging_mixin.py:137} INFO - [2023-04-14T19:23:39.562+0000] {dag.py:2705} INFO - Sync 1 DAGs
[2023-04-14T19:23:39.584+0000] {logging_mixin.py:137} INFO - [2023-04-14T19:23:39.584+0000] {dag.py:3456} INFO - Setting next_dagrun for example_branch_dop_operator_v3 to 2023-04-14T19:22:00+00:00, run_after=2023-04-14T19:23:00+00:00
[2023-04-14T19:23:39.596+0000] {processor.py:175} INFO - Processing /home/airflow/.local/lib/python3.7/site-packages/airflow/example_dags/example_branch_python_dop_operator_3.py took 0.086 seconds
[2023-04-14T19:24:09.682+0000] {processor.py:153} INFO - Started process (PID=1175) to work on /home/airflow/.local/lib/python3.7/site-packages/airflow/example_dags/example_branch_python_dop_operator_3.py
[2023-04-14T19:24:09.683+0000] {processor.py:743} INFO - Processing file /home/airflow/.local/lib/python3.7/site-packages/airflow/example_dags/example_branch_python_dop_operator_3.py for tasks to queue
[2023-04-14T19:24:09.684+0000] {logging_mixin.py:137} INFO - [2023-04-14T19:24:09.684+0000] {dagbag.py:532} INFO - Filling up the DagBag from /home/airflow/.local/lib/python3.7/site-packages/airflow/example_dags/example_branch_python_dop_operator_3.py
[2023-04-14T19:24:09.704+0000] {processor.py:753} INFO - DAG(s) dict_keys(['example_branch_dop_operator_v3']) retrieved from /home/airflow/.local/lib/python3.7/site-packages/airflow/example_dags/example_branch_python_dop_operator_3.py
[2023-04-14T19:24:09.727+0000] {logging_mixin.py:137} INFO - [2023-04-14T19:24:09.726+0000] {dag.py:2705} INFO - Sync 1 DAGs
[2023-04-14T19:24:09.753+0000] {logging_mixin.py:137} INFO - [2023-04-14T19:24:09.753+0000] {dag.py:3456} INFO - Setting next_dagrun for example_branch_dop_operator_v3 to 2023-04-14T19:23:00+00:00, run_after=2023-04-14T19:24:00+00:00
[2023-04-14T19:24:09.778+0000] {processor.py:175} INFO - Processing /home/airflow/.local/lib/python3.7/site-packages/airflow/example_dags/example_branch_python_dop_operator_3.py took 0.099 seconds
[2023-04-14T19:26:09.195+0000] {processor.py:153} INFO - Started process (PID=52) to work on /home/airflow/.local/lib/python3.7/site-packages/airflow/example_dags/example_branch_python_dop_operator_3.py
[2023-04-14T19:26:09.199+0000] {processor.py:743} INFO - Processing file /home/airflow/.local/lib/python3.7/site-packages/airflow/example_dags/example_branch_python_dop_operator_3.py for tasks to queue
[2023-04-14T19:26:09.200+0000] {logging_mixin.py:137} INFO - [2023-04-14T19:26:09.200+0000] {dagbag.py:532} INFO - Filling up the DagBag from /home/airflow/.local/lib/python3.7/site-packages/airflow/example_dags/example_branch_python_dop_operator_3.py
[2023-04-14T19:26:09.220+0000] {processor.py:753} INFO - DAG(s) dict_keys(['example_branch_dop_operator_v3']) retrieved from /home/airflow/.local/lib/python3.7/site-packages/airflow/example_dags/example_branch_python_dop_operator_3.py
[2023-04-14T19:26:09.233+0000] {logging_mixin.py:137} INFO - [2023-04-14T19:26:09.232+0000] {dag.py:2705} INFO - Sync 1 DAGs
[2023-04-14T19:26:09.256+0000] {logging_mixin.py:137} INFO - [2023-04-14T19:26:09.256+0000] {dag.py:3456} INFO - Setting next_dagrun for example_branch_dop_operator_v3 to 2023-04-14T19:25:00+00:00, run_after=2023-04-14T19:26:00+00:00
[2023-04-14T19:26:09.277+0000] {processor.py:175} INFO - Processing /home/airflow/.local/lib/python3.7/site-packages/airflow/example_dags/example_branch_python_dop_operator_3.py took 0.086 seconds
[2023-04-14T19:26:39.383+0000] {processor.py:153} INFO - Started process (PID=143) to work on /home/airflow/.local/lib/python3.7/site-packages/airflow/example_dags/example_branch_python_dop_operator_3.py
[2023-04-14T19:26:39.384+0000] {processor.py:743} INFO - Processing file /home/airflow/.local/lib/python3.7/site-packages/airflow/example_dags/example_branch_python_dop_operator_3.py for tasks to queue
[2023-04-14T19:26:39.385+0000] {logging_mixin.py:137} INFO - [2023-04-14T19:26:39.384+0000] {dagbag.py:532} INFO - Filling up the DagBag from /home/airflow/.local/lib/python3.7/site-packages/airflow/example_dags/example_branch_python_dop_operator_3.py
[2023-04-14T19:26:39.403+0000] {processor.py:753} INFO - DAG(s) dict_keys(['example_branch_dop_operator_v3']) retrieved from /home/airflow/.local/lib/python3.7/site-packages/airflow/example_dags/example_branch_python_dop_operator_3.py
[2023-04-14T19:26:39.421+0000] {logging_mixin.py:137} INFO - [2023-04-14T19:26:39.421+0000] {dag.py:2705} INFO - Sync 1 DAGs
[2023-04-14T19:26:39.439+0000] {logging_mixin.py:137} INFO - [2023-04-14T19:26:39.439+0000] {dag.py:3456} INFO - Setting next_dagrun for example_branch_dop_operator_v3 to 2023-04-14T19:25:00+00:00, run_after=2023-04-14T19:26:00+00:00
[2023-04-14T19:26:39.452+0000] {processor.py:175} INFO - Processing /home/airflow/.local/lib/python3.7/site-packages/airflow/example_dags/example_branch_python_dop_operator_3.py took 0.071 seconds
[2023-04-14T19:27:09.880+0000] {processor.py:153} INFO - Started process (PID=234) to work on /home/airflow/.local/lib/python3.7/site-packages/airflow/example_dags/example_branch_python_dop_operator_3.py
[2023-04-14T19:27:09.881+0000] {processor.py:743} INFO - Processing file /home/airflow/.local/lib/python3.7/site-packages/airflow/example_dags/example_branch_python_dop_operator_3.py for tasks to queue
[2023-04-14T19:27:09.882+0000] {logging_mixin.py:137} INFO - [2023-04-14T19:27:09.882+0000] {dagbag.py:532} INFO - Filling up the DagBag from /home/airflow/.local/lib/python3.7/site-packages/airflow/example_dags/example_branch_python_dop_operator_3.py
[2023-04-14T19:27:09.909+0000] {processor.py:753} INFO - DAG(s) dict_keys(['example_branch_dop_operator_v3']) retrieved from /home/airflow/.local/lib/python3.7/site-packages/airflow/example_dags/example_branch_python_dop_operator_3.py
[2023-04-14T19:27:09.936+0000] {logging_mixin.py:137} INFO - [2023-04-14T19:27:09.936+0000] {dag.py:2705} INFO - Sync 1 DAGs
[2023-04-14T19:27:09.956+0000] {logging_mixin.py:137} INFO - [2023-04-14T19:27:09.956+0000] {dag.py:3456} INFO - Setting next_dagrun for example_branch_dop_operator_v3 to 2023-04-14T19:26:00+00:00, run_after=2023-04-14T19:27:00+00:00
[2023-04-14T19:27:09.970+0000] {processor.py:175} INFO - Processing /home/airflow/.local/lib/python3.7/site-packages/airflow/example_dags/example_branch_python_dop_operator_3.py took 0.095 seconds
[2023-04-14T19:31:44.849+0000] {processor.py:153} INFO - Started process (PID=43) to work on /home/airflow/.local/lib/python3.10/site-packages/airflow/example_dags/example_branch_python_dop_operator_3.py
[2023-04-14T19:31:44.850+0000] {processor.py:743} INFO - Processing file /home/airflow/.local/lib/python3.10/site-packages/airflow/example_dags/example_branch_python_dop_operator_3.py for tasks to queue
[2023-04-14T19:31:44.851+0000] {logging_mixin.py:137} INFO - [2023-04-14T19:31:44.851+0000] {dagbag.py:532} INFO - Filling up the DagBag from /home/airflow/.local/lib/python3.10/site-packages/airflow/example_dags/example_branch_python_dop_operator_3.py
[2023-04-14T19:31:44.872+0000] {processor.py:753} INFO - DAG(s) dict_keys(['example_branch_dop_operator_v3']) retrieved from /home/airflow/.local/lib/python3.10/site-packages/airflow/example_dags/example_branch_python_dop_operator_3.py
[2023-04-14T19:31:44.881+0000] {logging_mixin.py:137} INFO - [2023-04-14T19:31:44.881+0000] {dag.py:2705} INFO - Sync 1 DAGs
[2023-04-14T19:31:44.900+0000] {logging_mixin.py:137} INFO - [2023-04-14T19:31:44.899+0000] {dag.py:3452} INFO - Setting next_dagrun for example_branch_dop_operator_v3 to 2023-04-14T19:30:00+00:00, run_after=2023-04-14T19:31:00+00:00
[2023-04-14T19:31:44.913+0000] {processor.py:175} INFO - Processing /home/airflow/.local/lib/python3.10/site-packages/airflow/example_dags/example_branch_python_dop_operator_3.py took 0.067 seconds
[2023-04-14T19:32:15.769+0000] {processor.py:153} INFO - Started process (PID=127) to work on /home/airflow/.local/lib/python3.10/site-packages/airflow/example_dags/example_branch_python_dop_operator_3.py
[2023-04-14T19:32:15.770+0000] {processor.py:743} INFO - Processing file /home/airflow/.local/lib/python3.10/site-packages/airflow/example_dags/example_branch_python_dop_operator_3.py for tasks to queue
[2023-04-14T19:32:15.770+0000] {logging_mixin.py:137} INFO - [2023-04-14T19:32:15.770+0000] {dagbag.py:532} INFO - Filling up the DagBag from /home/airflow/.local/lib/python3.10/site-packages/airflow/example_dags/example_branch_python_dop_operator_3.py
[2023-04-14T19:32:15.787+0000] {processor.py:753} INFO - DAG(s) dict_keys(['example_branch_dop_operator_v3']) retrieved from /home/airflow/.local/lib/python3.10/site-packages/airflow/example_dags/example_branch_python_dop_operator_3.py
[2023-04-14T19:32:15.807+0000] {logging_mixin.py:137} INFO - [2023-04-14T19:32:15.807+0000] {dag.py:2705} INFO - Sync 1 DAGs
[2023-04-14T19:32:15.823+0000] {logging_mixin.py:137} INFO - [2023-04-14T19:32:15.823+0000] {dag.py:3452} INFO - Setting next_dagrun for example_branch_dop_operator_v3 to 2023-04-14T19:31:00+00:00, run_after=2023-04-14T19:32:00+00:00
[2023-04-14T19:32:15.836+0000] {processor.py:175} INFO - Processing /home/airflow/.local/lib/python3.10/site-packages/airflow/example_dags/example_branch_python_dop_operator_3.py took 0.070 seconds
[2023-04-14T19:32:45.887+0000] {processor.py:153} INFO - Started process (PID=197) to work on /home/airflow/.local/lib/python3.10/site-packages/airflow/example_dags/example_branch_python_dop_operator_3.py
[2023-04-14T19:32:45.887+0000] {processor.py:743} INFO - Processing file /home/airflow/.local/lib/python3.10/site-packages/airflow/example_dags/example_branch_python_dop_operator_3.py for tasks to queue
[2023-04-14T19:32:45.888+0000] {logging_mixin.py:137} INFO - [2023-04-14T19:32:45.888+0000] {dagbag.py:532} INFO - Filling up the DagBag from /home/airflow/.local/lib/python3.10/site-packages/airflow/example_dags/example_branch_python_dop_operator_3.py
[2023-04-14T19:32:45.905+0000] {processor.py:753} INFO - DAG(s) dict_keys(['example_branch_dop_operator_v3']) retrieved from /home/airflow/.local/lib/python3.10/site-packages/airflow/example_dags/example_branch_python_dop_operator_3.py
[2023-04-14T19:32:45.924+0000] {logging_mixin.py:137} INFO - [2023-04-14T19:32:45.924+0000] {dag.py:2705} INFO - Sync 1 DAGs
[2023-04-14T19:32:45.938+0000] {logging_mixin.py:137} INFO - [2023-04-14T19:32:45.938+0000] {dag.py:3452} INFO - Setting next_dagrun for example_branch_dop_operator_v3 to 2023-04-14T19:31:00+00:00, run_after=2023-04-14T19:32:00+00:00
[2023-04-14T19:32:45.949+0000] {processor.py:175} INFO - Processing /home/airflow/.local/lib/python3.10/site-packages/airflow/example_dags/example_branch_python_dop_operator_3.py took 0.065 seconds
[2023-04-14T19:33:23.998+0000] {processor.py:153} INFO - Started process (PID=44) to work on /home/airflow/.local/lib/python3.10/site-packages/airflow/example_dags/example_branch_python_dop_operator_3.py
[2023-04-14T19:33:23.999+0000] {processor.py:743} INFO - Processing file /home/airflow/.local/lib/python3.10/site-packages/airflow/example_dags/example_branch_python_dop_operator_3.py for tasks to queue
[2023-04-14T19:33:24.000+0000] {logging_mixin.py:137} INFO - [2023-04-14T19:33:24.000+0000] {dagbag.py:532} INFO - Filling up the DagBag from /home/airflow/.local/lib/python3.10/site-packages/airflow/example_dags/example_branch_python_dop_operator_3.py
[2023-04-14T19:33:24.020+0000] {processor.py:753} INFO - DAG(s) dict_keys(['example_branch_dop_operator_v3']) retrieved from /home/airflow/.local/lib/python3.10/site-packages/airflow/example_dags/example_branch_python_dop_operator_3.py
[2023-04-14T19:33:24.030+0000] {logging_mixin.py:137} INFO - [2023-04-14T19:33:24.029+0000] {dag.py:2705} INFO - Sync 1 DAGs
[2023-04-14T19:33:24.048+0000] {logging_mixin.py:137} INFO - [2023-04-14T19:33:24.048+0000] {dag.py:3452} INFO - Setting next_dagrun for example_branch_dop_operator_v3 to 2023-04-14T19:32:00+00:00, run_after=2023-04-14T19:33:00+00:00
[2023-04-14T19:33:24.063+0000] {processor.py:175} INFO - Processing /home/airflow/.local/lib/python3.10/site-packages/airflow/example_dags/example_branch_python_dop_operator_3.py took 0.068 seconds
[2023-04-14T19:33:55.000+0000] {processor.py:153} INFO - Started process (PID=128) to work on /home/airflow/.local/lib/python3.10/site-packages/airflow/example_dags/example_branch_python_dop_operator_3.py
[2023-04-14T19:33:55.001+0000] {processor.py:743} INFO - Processing file /home/airflow/.local/lib/python3.10/site-packages/airflow/example_dags/example_branch_python_dop_operator_3.py for tasks to queue
[2023-04-14T19:33:55.002+0000] {logging_mixin.py:137} INFO - [2023-04-14T19:33:55.001+0000] {dagbag.py:532} INFO - Filling up the DagBag from /home/airflow/.local/lib/python3.10/site-packages/airflow/example_dags/example_branch_python_dop_operator_3.py
[2023-04-14T19:33:55.018+0000] {processor.py:753} INFO - DAG(s) dict_keys(['example_branch_dop_operator_v3']) retrieved from /home/airflow/.local/lib/python3.10/site-packages/airflow/example_dags/example_branch_python_dop_operator_3.py
[2023-04-14T19:33:55.036+0000] {logging_mixin.py:137} INFO - [2023-04-14T19:33:55.036+0000] {dag.py:2705} INFO - Sync 1 DAGs
[2023-04-14T19:33:55.051+0000] {logging_mixin.py:137} INFO - [2023-04-14T19:33:55.051+0000] {dag.py:3452} INFO - Setting next_dagrun for example_branch_dop_operator_v3 to 2023-04-14T19:32:00+00:00, run_after=2023-04-14T19:33:00+00:00
[2023-04-14T19:33:55.062+0000] {processor.py:175} INFO - Processing /home/airflow/.local/lib/python3.10/site-packages/airflow/example_dags/example_branch_python_dop_operator_3.py took 0.064 seconds
[2023-04-14T19:34:25.976+0000] {processor.py:153} INFO - Started process (PID=212) to work on /home/airflow/.local/lib/python3.10/site-packages/airflow/example_dags/example_branch_python_dop_operator_3.py
[2023-04-14T19:34:25.977+0000] {processor.py:743} INFO - Processing file /home/airflow/.local/lib/python3.10/site-packages/airflow/example_dags/example_branch_python_dop_operator_3.py for tasks to queue
[2023-04-14T19:34:25.977+0000] {logging_mixin.py:137} INFO - [2023-04-14T19:34:25.977+0000] {dagbag.py:532} INFO - Filling up the DagBag from /home/airflow/.local/lib/python3.10/site-packages/airflow/example_dags/example_branch_python_dop_operator_3.py
[2023-04-14T19:34:25.996+0000] {processor.py:753} INFO - DAG(s) dict_keys(['example_branch_dop_operator_v3']) retrieved from /home/airflow/.local/lib/python3.10/site-packages/airflow/example_dags/example_branch_python_dop_operator_3.py
[2023-04-14T19:34:26.014+0000] {logging_mixin.py:137} INFO - [2023-04-14T19:34:26.014+0000] {dag.py:2705} INFO - Sync 1 DAGs
[2023-04-14T19:34:26.034+0000] {logging_mixin.py:137} INFO - [2023-04-14T19:34:26.034+0000] {dag.py:3452} INFO - Setting next_dagrun for example_branch_dop_operator_v3 to 2023-04-14T19:33:00+00:00, run_after=2023-04-14T19:34:00+00:00
[2023-04-14T19:34:26.046+0000] {processor.py:175} INFO - Processing /home/airflow/.local/lib/python3.10/site-packages/airflow/example_dags/example_branch_python_dop_operator_3.py took 0.073 seconds
[2023-04-14T19:35:37.417+0000] {processor.py:153} INFO - Started process (PID=44) to work on /home/airflow/.local/lib/python3.10/site-packages/airflow/example_dags/example_branch_python_dop_operator_3.py
[2023-04-14T19:35:37.417+0000] {processor.py:743} INFO - Processing file /home/airflow/.local/lib/python3.10/site-packages/airflow/example_dags/example_branch_python_dop_operator_3.py for tasks to queue
[2023-04-14T19:35:37.418+0000] {logging_mixin.py:137} INFO - [2023-04-14T19:35:37.418+0000] {dagbag.py:532} INFO - Filling up the DagBag from /home/airflow/.local/lib/python3.10/site-packages/airflow/example_dags/example_branch_python_dop_operator_3.py
[2023-04-14T19:35:37.437+0000] {processor.py:753} INFO - DAG(s) dict_keys(['example_branch_dop_operator_v3']) retrieved from /home/airflow/.local/lib/python3.10/site-packages/airflow/example_dags/example_branch_python_dop_operator_3.py
[2023-04-14T19:35:37.448+0000] {logging_mixin.py:137} INFO - [2023-04-14T19:35:37.447+0000] {dag.py:2705} INFO - Sync 1 DAGs
[2023-04-14T19:35:37.468+0000] {logging_mixin.py:137} INFO - [2023-04-14T19:35:37.468+0000] {dag.py:3452} INFO - Setting next_dagrun for example_branch_dop_operator_v3 to 2023-04-14T19:34:00+00:00, run_after=2023-04-14T19:35:00+00:00
[2023-04-14T19:35:37.479+0000] {processor.py:175} INFO - Processing /home/airflow/.local/lib/python3.10/site-packages/airflow/example_dags/example_branch_python_dop_operator_3.py took 0.065 seconds
[2023-04-14T19:36:08.472+0000] {processor.py:153} INFO - Started process (PID=129) to work on /home/airflow/.local/lib/python3.10/site-packages/airflow/example_dags/example_branch_python_dop_operator_3.py
[2023-04-14T19:36:08.472+0000] {processor.py:743} INFO - Processing file /home/airflow/.local/lib/python3.10/site-packages/airflow/example_dags/example_branch_python_dop_operator_3.py for tasks to queue
[2023-04-14T19:36:08.473+0000] {logging_mixin.py:137} INFO - [2023-04-14T19:36:08.473+0000] {dagbag.py:532} INFO - Filling up the DagBag from /home/airflow/.local/lib/python3.10/site-packages/airflow/example_dags/example_branch_python_dop_operator_3.py
[2023-04-14T19:36:08.491+0000] {processor.py:753} INFO - DAG(s) dict_keys(['example_branch_dop_operator_v3']) retrieved from /home/airflow/.local/lib/python3.10/site-packages/airflow/example_dags/example_branch_python_dop_operator_3.py
[2023-04-14T19:36:08.510+0000] {logging_mixin.py:137} INFO - [2023-04-14T19:36:08.510+0000] {dag.py:2705} INFO - Sync 1 DAGs
[2023-04-14T19:36:08.529+0000] {logging_mixin.py:137} INFO - [2023-04-14T19:36:08.529+0000] {dag.py:3452} INFO - Setting next_dagrun for example_branch_dop_operator_v3 to 2023-04-14T19:35:00+00:00, run_after=2023-04-14T19:36:00+00:00
[2023-04-14T19:36:08.541+0000] {processor.py:175} INFO - Processing /home/airflow/.local/lib/python3.10/site-packages/airflow/example_dags/example_branch_python_dop_operator_3.py took 0.074 seconds
[2023-04-14T19:36:39.407+0000] {processor.py:153} INFO - Started process (PID=213) to work on /home/airflow/.local/lib/python3.10/site-packages/airflow/example_dags/example_branch_python_dop_operator_3.py
[2023-04-14T19:36:39.408+0000] {processor.py:743} INFO - Processing file /home/airflow/.local/lib/python3.10/site-packages/airflow/example_dags/example_branch_python_dop_operator_3.py for tasks to queue
[2023-04-14T19:36:39.408+0000] {logging_mixin.py:137} INFO - [2023-04-14T19:36:39.408+0000] {dagbag.py:532} INFO - Filling up the DagBag from /home/airflow/.local/lib/python3.10/site-packages/airflow/example_dags/example_branch_python_dop_operator_3.py
[2023-04-14T19:36:39.425+0000] {processor.py:753} INFO - DAG(s) dict_keys(['example_branch_dop_operator_v3']) retrieved from /home/airflow/.local/lib/python3.10/site-packages/airflow/example_dags/example_branch_python_dop_operator_3.py
[2023-04-14T19:36:39.443+0000] {logging_mixin.py:137} INFO - [2023-04-14T19:36:39.443+0000] {dag.py:2705} INFO - Sync 1 DAGs
