[2023-04-14T19:13:17.743+0000] {processor.py:153} INFO - Started process (PID=50) to work on /home/airflow/.local/lib/python3.7/site-packages/airflow/example_dags/example_short_circuit_decorator.py
[2023-04-14T19:13:17.744+0000] {processor.py:743} INFO - Processing file /home/airflow/.local/lib/python3.7/site-packages/airflow/example_dags/example_short_circuit_decorator.py for tasks to queue
[2023-04-14T19:13:17.745+0000] {logging_mixin.py:137} INFO - [2023-04-14T19:13:17.745+0000] {dagbag.py:532} INFO - Filling up the DagBag from /home/airflow/.local/lib/python3.7/site-packages/airflow/example_dags/example_short_circuit_decorator.py
[2023-04-14T19:13:17.787+0000] {processor.py:753} INFO - DAG(s) dict_keys(['example_short_circuit_decorator']) retrieved from /home/airflow/.local/lib/python3.7/site-packages/airflow/example_dags/example_short_circuit_decorator.py
[2023-04-14T19:13:17.802+0000] {logging_mixin.py:137} INFO - [2023-04-14T19:13:17.801+0000] {dag.py:2705} INFO - Sync 1 DAGs
[2023-04-14T19:13:17.827+0000] {logging_mixin.py:137} INFO - [2023-04-14T19:13:17.826+0000] {dag.py:3456} INFO - Setting next_dagrun for example_short_circuit_decorator to 2023-04-13T19:13:17.826626+00:00, run_after=2023-04-14T19:13:17.826626+00:00
[2023-04-14T19:13:17.853+0000] {processor.py:175} INFO - Processing /home/airflow/.local/lib/python3.7/site-packages/airflow/example_dags/example_short_circuit_decorator.py took 0.115 seconds
[2023-04-14T19:13:47.913+0000] {processor.py:153} INFO - Started process (PID=140) to work on /home/airflow/.local/lib/python3.7/site-packages/airflow/example_dags/example_short_circuit_decorator.py
[2023-04-14T19:13:47.914+0000] {processor.py:743} INFO - Processing file /home/airflow/.local/lib/python3.7/site-packages/airflow/example_dags/example_short_circuit_decorator.py for tasks to queue
[2023-04-14T19:13:47.914+0000] {logging_mixin.py:137} INFO - [2023-04-14T19:13:47.914+0000] {dagbag.py:532} INFO - Filling up the DagBag from /home/airflow/.local/lib/python3.7/site-packages/airflow/example_dags/example_short_circuit_decorator.py
[2023-04-14T19:13:47.933+0000] {processor.py:753} INFO - DAG(s) dict_keys(['example_short_circuit_decorator']) retrieved from /home/airflow/.local/lib/python3.7/site-packages/airflow/example_dags/example_short_circuit_decorator.py
[2023-04-14T19:13:47.953+0000] {logging_mixin.py:137} INFO - [2023-04-14T19:13:47.953+0000] {dag.py:2705} INFO - Sync 1 DAGs
[2023-04-14T19:13:47.969+0000] {logging_mixin.py:137} INFO - [2023-04-14T19:13:47.969+0000] {dag.py:3456} INFO - Setting next_dagrun for example_short_circuit_decorator to 2023-04-13T19:13:47.969027+00:00, run_after=2023-04-14T19:13:47.969027+00:00
[2023-04-14T19:13:47.981+0000] {processor.py:175} INFO - Processing /home/airflow/.local/lib/python3.7/site-packages/airflow/example_dags/example_short_circuit_decorator.py took 0.071 seconds
[2023-04-14T19:14:18.164+0000] {processor.py:153} INFO - Started process (PID=224) to work on /home/airflow/.local/lib/python3.7/site-packages/airflow/example_dags/example_short_circuit_decorator.py
[2023-04-14T19:14:18.165+0000] {processor.py:743} INFO - Processing file /home/airflow/.local/lib/python3.7/site-packages/airflow/example_dags/example_short_circuit_decorator.py for tasks to queue
[2023-04-14T19:14:18.166+0000] {logging_mixin.py:137} INFO - [2023-04-14T19:14:18.166+0000] {dagbag.py:532} INFO - Filling up the DagBag from /home/airflow/.local/lib/python3.7/site-packages/airflow/example_dags/example_short_circuit_decorator.py
[2023-04-14T19:14:18.186+0000] {processor.py:753} INFO - DAG(s) dict_keys(['example_short_circuit_decorator']) retrieved from /home/airflow/.local/lib/python3.7/site-packages/airflow/example_dags/example_short_circuit_decorator.py
[2023-04-14T19:14:18.208+0000] {logging_mixin.py:137} INFO - [2023-04-14T19:14:18.208+0000] {dag.py:2705} INFO - Sync 1 DAGs
[2023-04-14T19:14:18.228+0000] {logging_mixin.py:137} INFO - [2023-04-14T19:14:18.228+0000] {dag.py:3456} INFO - Setting next_dagrun for example_short_circuit_decorator to 2023-04-13T19:14:18.228191+00:00, run_after=2023-04-14T19:14:18.228191+00:00
[2023-04-14T19:14:18.243+0000] {processor.py:175} INFO - Processing /home/airflow/.local/lib/python3.7/site-packages/airflow/example_dags/example_short_circuit_decorator.py took 0.082 seconds
[2023-04-14T19:14:48.387+0000] {processor.py:153} INFO - Started process (PID=306) to work on /home/airflow/.local/lib/python3.7/site-packages/airflow/example_dags/example_short_circuit_decorator.py
[2023-04-14T19:14:48.388+0000] {processor.py:743} INFO - Processing file /home/airflow/.local/lib/python3.7/site-packages/airflow/example_dags/example_short_circuit_decorator.py for tasks to queue
[2023-04-14T19:14:48.388+0000] {logging_mixin.py:137} INFO - [2023-04-14T19:14:48.388+0000] {dagbag.py:532} INFO - Filling up the DagBag from /home/airflow/.local/lib/python3.7/site-packages/airflow/example_dags/example_short_circuit_decorator.py
[2023-04-14T19:14:48.405+0000] {processor.py:753} INFO - DAG(s) dict_keys(['example_short_circuit_decorator']) retrieved from /home/airflow/.local/lib/python3.7/site-packages/airflow/example_dags/example_short_circuit_decorator.py
[2023-04-14T19:14:48.423+0000] {logging_mixin.py:137} INFO - [2023-04-14T19:14:48.423+0000] {dag.py:2705} INFO - Sync 1 DAGs
[2023-04-14T19:14:48.439+0000] {logging_mixin.py:137} INFO - [2023-04-14T19:14:48.439+0000] {dag.py:3456} INFO - Setting next_dagrun for example_short_circuit_decorator to 2023-04-13T19:14:48.439301+00:00, run_after=2023-04-14T19:14:48.439301+00:00
[2023-04-14T19:14:48.452+0000] {processor.py:175} INFO - Processing /home/airflow/.local/lib/python3.7/site-packages/airflow/example_dags/example_short_circuit_decorator.py took 0.067 seconds
[2023-04-14T19:15:18.589+0000] {processor.py:153} INFO - Started process (PID=397) to work on /home/airflow/.local/lib/python3.7/site-packages/airflow/example_dags/example_short_circuit_decorator.py
[2023-04-14T19:15:18.590+0000] {processor.py:743} INFO - Processing file /home/airflow/.local/lib/python3.7/site-packages/airflow/example_dags/example_short_circuit_decorator.py for tasks to queue
[2023-04-14T19:15:18.590+0000] {logging_mixin.py:137} INFO - [2023-04-14T19:15:18.590+0000] {dagbag.py:532} INFO - Filling up the DagBag from /home/airflow/.local/lib/python3.7/site-packages/airflow/example_dags/example_short_circuit_decorator.py
[2023-04-14T19:15:18.611+0000] {processor.py:753} INFO - DAG(s) dict_keys(['example_short_circuit_decorator']) retrieved from /home/airflow/.local/lib/python3.7/site-packages/airflow/example_dags/example_short_circuit_decorator.py
[2023-04-14T19:15:18.632+0000] {logging_mixin.py:137} INFO - [2023-04-14T19:15:18.632+0000] {dag.py:2705} INFO - Sync 1 DAGs
[2023-04-14T19:15:18.650+0000] {logging_mixin.py:137} INFO - [2023-04-14T19:15:18.650+0000] {dag.py:3456} INFO - Setting next_dagrun for example_short_circuit_decorator to 2023-04-13T19:15:18.650188+00:00, run_after=2023-04-14T19:15:18.650188+00:00
[2023-04-14T19:15:18.663+0000] {processor.py:175} INFO - Processing /home/airflow/.local/lib/python3.7/site-packages/airflow/example_dags/example_short_circuit_decorator.py took 0.077 seconds
[2023-04-14T19:17:35.186+0000] {processor.py:153} INFO - Started process (PID=50) to work on /home/airflow/.local/lib/python3.7/site-packages/airflow/example_dags/example_short_circuit_decorator.py
[2023-04-14T19:17:35.187+0000] {processor.py:743} INFO - Processing file /home/airflow/.local/lib/python3.7/site-packages/airflow/example_dags/example_short_circuit_decorator.py for tasks to queue
[2023-04-14T19:17:35.188+0000] {logging_mixin.py:137} INFO - [2023-04-14T19:17:35.188+0000] {dagbag.py:532} INFO - Filling up the DagBag from /home/airflow/.local/lib/python3.7/site-packages/airflow/example_dags/example_short_circuit_decorator.py
[2023-04-14T19:17:35.210+0000] {processor.py:753} INFO - DAG(s) dict_keys(['example_short_circuit_decorator']) retrieved from /home/airflow/.local/lib/python3.7/site-packages/airflow/example_dags/example_short_circuit_decorator.py
[2023-04-14T19:17:35.221+0000] {logging_mixin.py:137} INFO - [2023-04-14T19:17:35.221+0000] {dag.py:2705} INFO - Sync 1 DAGs
[2023-04-14T19:17:35.240+0000] {logging_mixin.py:137} INFO - [2023-04-14T19:17:35.240+0000] {dag.py:3456} INFO - Setting next_dagrun for example_short_circuit_decorator to 2023-04-13T19:17:35.240025+00:00, run_after=2023-04-14T19:17:35.240025+00:00
[2023-04-14T19:17:35.263+0000] {processor.py:175} INFO - Processing /home/airflow/.local/lib/python3.7/site-packages/airflow/example_dags/example_short_circuit_decorator.py took 0.079 seconds
[2023-04-14T19:18:05.704+0000] {processor.py:153} INFO - Started process (PID=142) to work on /home/airflow/.local/lib/python3.7/site-packages/airflow/example_dags/example_short_circuit_decorator.py
[2023-04-14T19:18:05.705+0000] {processor.py:743} INFO - Processing file /home/airflow/.local/lib/python3.7/site-packages/airflow/example_dags/example_short_circuit_decorator.py for tasks to queue
[2023-04-14T19:18:05.706+0000] {logging_mixin.py:137} INFO - [2023-04-14T19:18:05.705+0000] {dagbag.py:532} INFO - Filling up the DagBag from /home/airflow/.local/lib/python3.7/site-packages/airflow/example_dags/example_short_circuit_decorator.py
[2023-04-14T19:18:05.724+0000] {processor.py:753} INFO - DAG(s) dict_keys(['example_short_circuit_decorator']) retrieved from /home/airflow/.local/lib/python3.7/site-packages/airflow/example_dags/example_short_circuit_decorator.py
[2023-04-14T19:18:05.746+0000] {logging_mixin.py:137} INFO - [2023-04-14T19:18:05.746+0000] {dag.py:2705} INFO - Sync 1 DAGs
[2023-04-14T19:18:05.769+0000] {logging_mixin.py:137} INFO - [2023-04-14T19:18:05.769+0000] {dag.py:3456} INFO - Setting next_dagrun for example_short_circuit_decorator to 2023-04-13T19:18:05.769319+00:00, run_after=2023-04-14T19:18:05.769319+00:00
[2023-04-14T19:18:05.783+0000] {processor.py:175} INFO - Processing /home/airflow/.local/lib/python3.7/site-packages/airflow/example_dags/example_short_circuit_decorator.py took 0.082 seconds
[2023-04-14T19:18:36.188+0000] {processor.py:153} INFO - Started process (PID=233) to work on /home/airflow/.local/lib/python3.7/site-packages/airflow/example_dags/example_short_circuit_decorator.py
[2023-04-14T19:18:36.189+0000] {processor.py:743} INFO - Processing file /home/airflow/.local/lib/python3.7/site-packages/airflow/example_dags/example_short_circuit_decorator.py for tasks to queue
[2023-04-14T19:18:36.189+0000] {logging_mixin.py:137} INFO - [2023-04-14T19:18:36.189+0000] {dagbag.py:532} INFO - Filling up the DagBag from /home/airflow/.local/lib/python3.7/site-packages/airflow/example_dags/example_short_circuit_decorator.py
[2023-04-14T19:18:36.211+0000] {processor.py:753} INFO - DAG(s) dict_keys(['example_short_circuit_decorator']) retrieved from /home/airflow/.local/lib/python3.7/site-packages/airflow/example_dags/example_short_circuit_decorator.py
[2023-04-14T19:18:36.235+0000] {logging_mixin.py:137} INFO - [2023-04-14T19:18:36.235+0000] {dag.py:2705} INFO - Sync 1 DAGs
[2023-04-14T19:18:36.254+0000] {logging_mixin.py:137} INFO - [2023-04-14T19:18:36.254+0000] {dag.py:3456} INFO - Setting next_dagrun for example_short_circuit_decorator to 2023-04-13T19:18:36.254620+00:00, run_after=2023-04-14T19:18:36.254620+00:00
[2023-04-14T19:18:36.269+0000] {processor.py:175} INFO - Processing /home/airflow/.local/lib/python3.7/site-packages/airflow/example_dags/example_short_circuit_decorator.py took 0.084 seconds
[2023-04-14T19:19:06.617+0000] {processor.py:153} INFO - Started process (PID=308) to work on /home/airflow/.local/lib/python3.7/site-packages/airflow/example_dags/example_short_circuit_decorator.py
[2023-04-14T19:19:06.618+0000] {processor.py:743} INFO - Processing file /home/airflow/.local/lib/python3.7/site-packages/airflow/example_dags/example_short_circuit_decorator.py for tasks to queue
[2023-04-14T19:19:06.618+0000] {logging_mixin.py:137} INFO - [2023-04-14T19:19:06.618+0000] {dagbag.py:532} INFO - Filling up the DagBag from /home/airflow/.local/lib/python3.7/site-packages/airflow/example_dags/example_short_circuit_decorator.py
[2023-04-14T19:19:06.636+0000] {processor.py:753} INFO - DAG(s) dict_keys(['example_short_circuit_decorator']) retrieved from /home/airflow/.local/lib/python3.7/site-packages/airflow/example_dags/example_short_circuit_decorator.py
[2023-04-14T19:19:06.657+0000] {logging_mixin.py:137} INFO - [2023-04-14T19:19:06.657+0000] {dag.py:2705} INFO - Sync 1 DAGs
[2023-04-14T19:19:06.673+0000] {logging_mixin.py:137} INFO - [2023-04-14T19:19:06.673+0000] {dag.py:3456} INFO - Setting next_dagrun for example_short_circuit_decorator to 2023-04-13T19:19:06.673407+00:00, run_after=2023-04-14T19:19:06.673407+00:00
[2023-04-14T19:19:06.689+0000] {processor.py:175} INFO - Processing /home/airflow/.local/lib/python3.7/site-packages/airflow/example_dags/example_short_circuit_decorator.py took 0.075 seconds
[2023-04-14T19:19:36.879+0000] {processor.py:153} INFO - Started process (PID=401) to work on /home/airflow/.local/lib/python3.7/site-packages/airflow/example_dags/example_short_circuit_decorator.py
[2023-04-14T19:19:36.880+0000] {processor.py:743} INFO - Processing file /home/airflow/.local/lib/python3.7/site-packages/airflow/example_dags/example_short_circuit_decorator.py for tasks to queue
[2023-04-14T19:19:36.881+0000] {logging_mixin.py:137} INFO - [2023-04-14T19:19:36.881+0000] {dagbag.py:532} INFO - Filling up the DagBag from /home/airflow/.local/lib/python3.7/site-packages/airflow/example_dags/example_short_circuit_decorator.py
[2023-04-14T19:19:36.902+0000] {processor.py:753} INFO - DAG(s) dict_keys(['example_short_circuit_decorator']) retrieved from /home/airflow/.local/lib/python3.7/site-packages/airflow/example_dags/example_short_circuit_decorator.py
[2023-04-14T19:19:36.927+0000] {logging_mixin.py:137} INFO - [2023-04-14T19:19:36.927+0000] {dag.py:2705} INFO - Sync 1 DAGs
[2023-04-14T19:19:36.947+0000] {logging_mixin.py:137} INFO - [2023-04-14T19:19:36.947+0000] {dag.py:3456} INFO - Setting next_dagrun for example_short_circuit_decorator to 2023-04-13T19:19:36.946865+00:00, run_after=2023-04-14T19:19:36.946865+00:00
[2023-04-14T19:19:36.962+0000] {processor.py:175} INFO - Processing /home/airflow/.local/lib/python3.7/site-packages/airflow/example_dags/example_short_circuit_decorator.py took 0.086 seconds
[2023-04-14T19:20:07.290+0000] {processor.py:153} INFO - Started process (PID=476) to work on /home/airflow/.local/lib/python3.7/site-packages/airflow/example_dags/example_short_circuit_decorator.py
[2023-04-14T19:20:07.291+0000] {processor.py:743} INFO - Processing file /home/airflow/.local/lib/python3.7/site-packages/airflow/example_dags/example_short_circuit_decorator.py for tasks to queue
[2023-04-14T19:20:07.292+0000] {logging_mixin.py:137} INFO - [2023-04-14T19:20:07.291+0000] {dagbag.py:532} INFO - Filling up the DagBag from /home/airflow/.local/lib/python3.7/site-packages/airflow/example_dags/example_short_circuit_decorator.py
[2023-04-14T19:20:07.313+0000] {processor.py:753} INFO - DAG(s) dict_keys(['example_short_circuit_decorator']) retrieved from /home/airflow/.local/lib/python3.7/site-packages/airflow/example_dags/example_short_circuit_decorator.py
[2023-04-14T19:20:07.335+0000] {logging_mixin.py:137} INFO - [2023-04-14T19:20:07.335+0000] {dag.py:2705} INFO - Sync 1 DAGs
[2023-04-14T19:20:07.354+0000] {logging_mixin.py:137} INFO - [2023-04-14T19:20:07.354+0000] {dag.py:3456} INFO - Setting next_dagrun for example_short_circuit_decorator to 2023-04-13T19:20:07.354511+00:00, run_after=2023-04-14T19:20:07.354511+00:00
[2023-04-14T19:20:07.371+0000] {processor.py:175} INFO - Processing /home/airflow/.local/lib/python3.7/site-packages/airflow/example_dags/example_short_circuit_decorator.py took 0.085 seconds
[2023-04-14T19:20:37.638+0000] {processor.py:153} INFO - Started process (PID=568) to work on /home/airflow/.local/lib/python3.7/site-packages/airflow/example_dags/example_short_circuit_decorator.py
[2023-04-14T19:20:37.638+0000] {processor.py:743} INFO - Processing file /home/airflow/.local/lib/python3.7/site-packages/airflow/example_dags/example_short_circuit_decorator.py for tasks to queue
[2023-04-14T19:20:37.639+0000] {logging_mixin.py:137} INFO - [2023-04-14T19:20:37.639+0000] {dagbag.py:532} INFO - Filling up the DagBag from /home/airflow/.local/lib/python3.7/site-packages/airflow/example_dags/example_short_circuit_decorator.py
[2023-04-14T19:20:37.658+0000] {processor.py:753} INFO - DAG(s) dict_keys(['example_short_circuit_decorator']) retrieved from /home/airflow/.local/lib/python3.7/site-packages/airflow/example_dags/example_short_circuit_decorator.py
[2023-04-14T19:20:37.678+0000] {logging_mixin.py:137} INFO - [2023-04-14T19:20:37.678+0000] {dag.py:2705} INFO - Sync 1 DAGs
[2023-04-14T19:20:37.696+0000] {logging_mixin.py:137} INFO - [2023-04-14T19:20:37.696+0000] {dag.py:3456} INFO - Setting next_dagrun for example_short_circuit_decorator to 2023-04-13T19:20:37.696631+00:00, run_after=2023-04-14T19:20:37.696631+00:00
[2023-04-14T19:20:37.709+0000] {processor.py:175} INFO - Processing /home/airflow/.local/lib/python3.7/site-packages/airflow/example_dags/example_short_circuit_decorator.py took 0.074 seconds
[2023-04-14T19:21:08.029+0000] {processor.py:153} INFO - Started process (PID=659) to work on /home/airflow/.local/lib/python3.7/site-packages/airflow/example_dags/example_short_circuit_decorator.py
[2023-04-14T19:21:08.030+0000] {processor.py:743} INFO - Processing file /home/airflow/.local/lib/python3.7/site-packages/airflow/example_dags/example_short_circuit_decorator.py for tasks to queue
[2023-04-14T19:21:08.031+0000] {logging_mixin.py:137} INFO - [2023-04-14T19:21:08.031+0000] {dagbag.py:532} INFO - Filling up the DagBag from /home/airflow/.local/lib/python3.7/site-packages/airflow/example_dags/example_short_circuit_decorator.py
[2023-04-14T19:21:08.048+0000] {processor.py:753} INFO - DAG(s) dict_keys(['example_short_circuit_decorator']) retrieved from /home/airflow/.local/lib/python3.7/site-packages/airflow/example_dags/example_short_circuit_decorator.py
[2023-04-14T19:21:08.067+0000] {logging_mixin.py:137} INFO - [2023-04-14T19:21:08.067+0000] {dag.py:2705} INFO - Sync 1 DAGs
[2023-04-14T19:21:08.084+0000] {logging_mixin.py:137} INFO - [2023-04-14T19:21:08.084+0000] {dag.py:3456} INFO - Setting next_dagrun for example_short_circuit_decorator to 2023-04-13T19:21:08.083904+00:00, run_after=2023-04-14T19:21:08.083904+00:00
[2023-04-14T19:21:08.096+0000] {processor.py:175} INFO - Processing /home/airflow/.local/lib/python3.7/site-packages/airflow/example_dags/example_short_circuit_decorator.py took 0.071 seconds
[2023-04-14T19:21:38.227+0000] {processor.py:153} INFO - Started process (PID=734) to work on /home/airflow/.local/lib/python3.7/site-packages/airflow/example_dags/example_short_circuit_decorator.py
[2023-04-14T19:21:38.228+0000] {processor.py:743} INFO - Processing file /home/airflow/.local/lib/python3.7/site-packages/airflow/example_dags/example_short_circuit_decorator.py for tasks to queue
[2023-04-14T19:21:38.229+0000] {logging_mixin.py:137} INFO - [2023-04-14T19:21:38.228+0000] {dagbag.py:532} INFO - Filling up the DagBag from /home/airflow/.local/lib/python3.7/site-packages/airflow/example_dags/example_short_circuit_decorator.py
[2023-04-14T19:21:38.246+0000] {processor.py:753} INFO - DAG(s) dict_keys(['example_short_circuit_decorator']) retrieved from /home/airflow/.local/lib/python3.7/site-packages/airflow/example_dags/example_short_circuit_decorator.py
[2023-04-14T19:21:38.266+0000] {logging_mixin.py:137} INFO - [2023-04-14T19:21:38.266+0000] {dag.py:2705} INFO - Sync 1 DAGs
[2023-04-14T19:21:38.282+0000] {logging_mixin.py:137} INFO - [2023-04-14T19:21:38.282+0000] {dag.py:3456} INFO - Setting next_dagrun for example_short_circuit_decorator to 2023-04-13T19:21:38.282672+00:00, run_after=2023-04-14T19:21:38.282672+00:00
[2023-04-14T19:21:38.294+0000] {processor.py:175} INFO - Processing /home/airflow/.local/lib/python3.7/site-packages/airflow/example_dags/example_short_circuit_decorator.py took 0.071 seconds
[2023-04-14T19:22:08.328+0000] {processor.py:153} INFO - Started process (PID=825) to work on /home/airflow/.local/lib/python3.7/site-packages/airflow/example_dags/example_short_circuit_decorator.py
[2023-04-14T19:22:08.329+0000] {processor.py:743} INFO - Processing file /home/airflow/.local/lib/python3.7/site-packages/airflow/example_dags/example_short_circuit_decorator.py for tasks to queue
[2023-04-14T19:22:08.330+0000] {logging_mixin.py:137} INFO - [2023-04-14T19:22:08.330+0000] {dagbag.py:532} INFO - Filling up the DagBag from /home/airflow/.local/lib/python3.7/site-packages/airflow/example_dags/example_short_circuit_decorator.py
[2023-04-14T19:22:08.347+0000] {processor.py:753} INFO - DAG(s) dict_keys(['example_short_circuit_decorator']) retrieved from /home/airflow/.local/lib/python3.7/site-packages/airflow/example_dags/example_short_circuit_decorator.py
[2023-04-14T19:22:08.368+0000] {logging_mixin.py:137} INFO - [2023-04-14T19:22:08.368+0000] {dag.py:2705} INFO - Sync 1 DAGs
[2023-04-14T19:22:08.385+0000] {logging_mixin.py:137} INFO - [2023-04-14T19:22:08.385+0000] {dag.py:3456} INFO - Setting next_dagrun for example_short_circuit_decorator to 2023-04-13T19:22:08.385310+00:00, run_after=2023-04-14T19:22:08.385310+00:00
[2023-04-14T19:22:08.398+0000] {processor.py:175} INFO - Processing /home/airflow/.local/lib/python3.7/site-packages/airflow/example_dags/example_short_circuit_decorator.py took 0.073 seconds
[2023-04-14T19:22:38.622+0000] {processor.py:153} INFO - Started process (PID=916) to work on /home/airflow/.local/lib/python3.7/site-packages/airflow/example_dags/example_short_circuit_decorator.py
[2023-04-14T19:22:38.623+0000] {processor.py:743} INFO - Processing file /home/airflow/.local/lib/python3.7/site-packages/airflow/example_dags/example_short_circuit_decorator.py for tasks to queue
[2023-04-14T19:22:38.627+0000] {logging_mixin.py:137} INFO - [2023-04-14T19:22:38.627+0000] {dagbag.py:532} INFO - Filling up the DagBag from /home/airflow/.local/lib/python3.7/site-packages/airflow/example_dags/example_short_circuit_decorator.py
[2023-04-14T19:22:38.658+0000] {processor.py:753} INFO - DAG(s) dict_keys(['example_short_circuit_decorator']) retrieved from /home/airflow/.local/lib/python3.7/site-packages/airflow/example_dags/example_short_circuit_decorator.py
[2023-04-14T19:22:38.694+0000] {logging_mixin.py:137} INFO - [2023-04-14T19:22:38.694+0000] {dag.py:2705} INFO - Sync 1 DAGs
[2023-04-14T19:22:38.729+0000] {logging_mixin.py:137} INFO - [2023-04-14T19:22:38.729+0000] {dag.py:3456} INFO - Setting next_dagrun for example_short_circuit_decorator to 2023-04-13T19:22:38.728998+00:00, run_after=2023-04-14T19:22:38.728998+00:00
[2023-04-14T19:22:38.744+0000] {processor.py:175} INFO - Processing /home/airflow/.local/lib/python3.7/site-packages/airflow/example_dags/example_short_circuit_decorator.py took 0.126 seconds
[2023-04-14T19:23:09.270+0000] {processor.py:153} INFO - Started process (PID=991) to work on /home/airflow/.local/lib/python3.7/site-packages/airflow/example_dags/example_short_circuit_decorator.py
[2023-04-14T19:23:09.271+0000] {processor.py:743} INFO - Processing file /home/airflow/.local/lib/python3.7/site-packages/airflow/example_dags/example_short_circuit_decorator.py for tasks to queue
[2023-04-14T19:23:09.272+0000] {logging_mixin.py:137} INFO - [2023-04-14T19:23:09.271+0000] {dagbag.py:532} INFO - Filling up the DagBag from /home/airflow/.local/lib/python3.7/site-packages/airflow/example_dags/example_short_circuit_decorator.py
[2023-04-14T19:23:09.289+0000] {processor.py:753} INFO - DAG(s) dict_keys(['example_short_circuit_decorator']) retrieved from /home/airflow/.local/lib/python3.7/site-packages/airflow/example_dags/example_short_circuit_decorator.py
[2023-04-14T19:23:09.309+0000] {logging_mixin.py:137} INFO - [2023-04-14T19:23:09.309+0000] {dag.py:2705} INFO - Sync 1 DAGs
[2023-04-14T19:23:09.326+0000] {logging_mixin.py:137} INFO - [2023-04-14T19:23:09.326+0000] {dag.py:3456} INFO - Setting next_dagrun for example_short_circuit_decorator to 2023-04-13T19:23:09.326578+00:00, run_after=2023-04-14T19:23:09.326578+00:00
[2023-04-14T19:23:09.338+0000] {processor.py:175} INFO - Processing /home/airflow/.local/lib/python3.7/site-packages/airflow/example_dags/example_short_circuit_decorator.py took 0.071 seconds
[2023-04-14T19:23:39.421+0000] {processor.py:153} INFO - Started process (PID=1082) to work on /home/airflow/.local/lib/python3.7/site-packages/airflow/example_dags/example_short_circuit_decorator.py
[2023-04-14T19:23:39.422+0000] {processor.py:743} INFO - Processing file /home/airflow/.local/lib/python3.7/site-packages/airflow/example_dags/example_short_circuit_decorator.py for tasks to queue
[2023-04-14T19:23:39.423+0000] {logging_mixin.py:137} INFO - [2023-04-14T19:23:39.422+0000] {dagbag.py:532} INFO - Filling up the DagBag from /home/airflow/.local/lib/python3.7/site-packages/airflow/example_dags/example_short_circuit_decorator.py
[2023-04-14T19:23:39.441+0000] {processor.py:753} INFO - DAG(s) dict_keys(['example_short_circuit_decorator']) retrieved from /home/airflow/.local/lib/python3.7/site-packages/airflow/example_dags/example_short_circuit_decorator.py
[2023-04-14T19:23:39.461+0000] {logging_mixin.py:137} INFO - [2023-04-14T19:23:39.461+0000] {dag.py:2705} INFO - Sync 1 DAGs
[2023-04-14T19:23:39.477+0000] {logging_mixin.py:137} INFO - [2023-04-14T19:23:39.477+0000] {dag.py:3456} INFO - Setting next_dagrun for example_short_circuit_decorator to 2023-04-13T19:23:39.477486+00:00, run_after=2023-04-14T19:23:39.477486+00:00
[2023-04-14T19:23:39.490+0000] {processor.py:175} INFO - Processing /home/airflow/.local/lib/python3.7/site-packages/airflow/example_dags/example_short_circuit_decorator.py took 0.072 seconds
[2023-04-14T19:24:09.585+0000] {processor.py:153} INFO - Started process (PID=1173) to work on /home/airflow/.local/lib/python3.7/site-packages/airflow/example_dags/example_short_circuit_decorator.py
[2023-04-14T19:24:09.586+0000] {processor.py:743} INFO - Processing file /home/airflow/.local/lib/python3.7/site-packages/airflow/example_dags/example_short_circuit_decorator.py for tasks to queue
[2023-04-14T19:24:09.587+0000] {logging_mixin.py:137} INFO - [2023-04-14T19:24:09.587+0000] {dagbag.py:532} INFO - Filling up the DagBag from /home/airflow/.local/lib/python3.7/site-packages/airflow/example_dags/example_short_circuit_decorator.py
[2023-04-14T19:24:09.606+0000] {processor.py:753} INFO - DAG(s) dict_keys(['example_short_circuit_decorator']) retrieved from /home/airflow/.local/lib/python3.7/site-packages/airflow/example_dags/example_short_circuit_decorator.py
[2023-04-14T19:24:09.628+0000] {logging_mixin.py:137} INFO - [2023-04-14T19:24:09.628+0000] {dag.py:2705} INFO - Sync 1 DAGs
[2023-04-14T19:24:09.646+0000] {logging_mixin.py:137} INFO - [2023-04-14T19:24:09.646+0000] {dag.py:3456} INFO - Setting next_dagrun for example_short_circuit_decorator to 2023-04-13T19:24:09.646336+00:00, run_after=2023-04-14T19:24:09.646336+00:00
[2023-04-14T19:24:09.660+0000] {processor.py:175} INFO - Processing /home/airflow/.local/lib/python3.7/site-packages/airflow/example_dags/example_short_circuit_decorator.py took 0.078 seconds
[2023-04-14T19:26:09.086+0000] {processor.py:153} INFO - Started process (PID=50) to work on /home/airflow/.local/lib/python3.7/site-packages/airflow/example_dags/example_short_circuit_decorator.py
[2023-04-14T19:26:09.087+0000] {processor.py:743} INFO - Processing file /home/airflow/.local/lib/python3.7/site-packages/airflow/example_dags/example_short_circuit_decorator.py for tasks to queue
[2023-04-14T19:26:09.089+0000] {logging_mixin.py:137} INFO - [2023-04-14T19:26:09.088+0000] {dagbag.py:532} INFO - Filling up the DagBag from /home/airflow/.local/lib/python3.7/site-packages/airflow/example_dags/example_short_circuit_decorator.py
[2023-04-14T19:26:09.112+0000] {processor.py:753} INFO - DAG(s) dict_keys(['example_short_circuit_decorator']) retrieved from /home/airflow/.local/lib/python3.7/site-packages/airflow/example_dags/example_short_circuit_decorator.py
[2023-04-14T19:26:09.126+0000] {logging_mixin.py:137} INFO - [2023-04-14T19:26:09.126+0000] {dag.py:2705} INFO - Sync 1 DAGs
[2023-04-14T19:26:09.146+0000] {logging_mixin.py:137} INFO - [2023-04-14T19:26:09.146+0000] {dag.py:3456} INFO - Setting next_dagrun for example_short_circuit_decorator to 2023-04-13T19:26:09.146046+00:00, run_after=2023-04-14T19:26:09.146046+00:00
[2023-04-14T19:26:09.169+0000] {processor.py:175} INFO - Processing /home/airflow/.local/lib/python3.7/site-packages/airflow/example_dags/example_short_circuit_decorator.py took 0.086 seconds
[2023-04-14T19:26:39.195+0000] {processor.py:153} INFO - Started process (PID=141) to work on /home/airflow/.local/lib/python3.7/site-packages/airflow/example_dags/example_short_circuit_decorator.py
[2023-04-14T19:26:39.196+0000] {processor.py:743} INFO - Processing file /home/airflow/.local/lib/python3.7/site-packages/airflow/example_dags/example_short_circuit_decorator.py for tasks to queue
[2023-04-14T19:26:39.197+0000] {logging_mixin.py:137} INFO - [2023-04-14T19:26:39.196+0000] {dagbag.py:532} INFO - Filling up the DagBag from /home/airflow/.local/lib/python3.7/site-packages/airflow/example_dags/example_short_circuit_decorator.py
[2023-04-14T19:26:39.216+0000] {processor.py:753} INFO - DAG(s) dict_keys(['example_short_circuit_decorator']) retrieved from /home/airflow/.local/lib/python3.7/site-packages/airflow/example_dags/example_short_circuit_decorator.py
[2023-04-14T19:26:39.237+0000] {logging_mixin.py:137} INFO - [2023-04-14T19:26:39.237+0000] {dag.py:2705} INFO - Sync 1 DAGs
[2023-04-14T19:26:39.254+0000] {logging_mixin.py:137} INFO - [2023-04-14T19:26:39.254+0000] {dag.py:3456} INFO - Setting next_dagrun for example_short_circuit_decorator to 2023-04-13T19:26:39.254246+00:00, run_after=2023-04-14T19:26:39.254246+00:00
[2023-04-14T19:26:39.267+0000] {processor.py:175} INFO - Processing /home/airflow/.local/lib/python3.7/site-packages/airflow/example_dags/example_short_circuit_decorator.py took 0.075 seconds
[2023-04-14T19:27:09.726+0000] {processor.py:153} INFO - Started process (PID=225) to work on /home/airflow/.local/lib/python3.7/site-packages/airflow/example_dags/example_short_circuit_decorator.py
[2023-04-14T19:27:09.727+0000] {processor.py:743} INFO - Processing file /home/airflow/.local/lib/python3.7/site-packages/airflow/example_dags/example_short_circuit_decorator.py for tasks to queue
[2023-04-14T19:27:09.727+0000] {logging_mixin.py:137} INFO - [2023-04-14T19:27:09.727+0000] {dagbag.py:532} INFO - Filling up the DagBag from /home/airflow/.local/lib/python3.7/site-packages/airflow/example_dags/example_short_circuit_decorator.py
[2023-04-14T19:27:09.748+0000] {processor.py:753} INFO - DAG(s) dict_keys(['example_short_circuit_decorator']) retrieved from /home/airflow/.local/lib/python3.7/site-packages/airflow/example_dags/example_short_circuit_decorator.py
[2023-04-14T19:27:09.791+0000] {logging_mixin.py:137} INFO - [2023-04-14T19:27:09.791+0000] {dag.py:2705} INFO - Sync 1 DAGs
[2023-04-14T19:27:09.827+0000] {logging_mixin.py:137} INFO - [2023-04-14T19:27:09.827+0000] {dag.py:3456} INFO - Setting next_dagrun for example_short_circuit_decorator to 2023-04-13T19:27:09.827398+00:00, run_after=2023-04-14T19:27:09.827398+00:00
[2023-04-14T19:27:09.851+0000] {processor.py:175} INFO - Processing /home/airflow/.local/lib/python3.7/site-packages/airflow/example_dags/example_short_circuit_decorator.py took 0.129 seconds
[2023-04-14T19:31:44.755+0000] {processor.py:153} INFO - Started process (PID=41) to work on /home/airflow/.local/lib/python3.10/site-packages/airflow/example_dags/example_short_circuit_decorator.py
[2023-04-14T19:31:44.756+0000] {processor.py:743} INFO - Processing file /home/airflow/.local/lib/python3.10/site-packages/airflow/example_dags/example_short_circuit_decorator.py for tasks to queue
[2023-04-14T19:31:44.756+0000] {logging_mixin.py:137} INFO - [2023-04-14T19:31:44.756+0000] {dagbag.py:532} INFO - Filling up the DagBag from /home/airflow/.local/lib/python3.10/site-packages/airflow/example_dags/example_short_circuit_decorator.py
[2023-04-14T19:31:44.780+0000] {processor.py:753} INFO - DAG(s) dict_keys(['example_short_circuit_decorator']) retrieved from /home/airflow/.local/lib/python3.10/site-packages/airflow/example_dags/example_short_circuit_decorator.py
[2023-04-14T19:31:44.792+0000] {logging_mixin.py:137} INFO - [2023-04-14T19:31:44.792+0000] {dag.py:2705} INFO - Sync 1 DAGs
[2023-04-14T19:31:44.810+0000] {logging_mixin.py:137} INFO - [2023-04-14T19:31:44.810+0000] {dag.py:3452} INFO - Setting next_dagrun for example_short_circuit_decorator to 2023-04-13T19:31:44.810298+00:00, run_after=2023-04-14T19:31:44.810298+00:00
[2023-04-14T19:31:44.826+0000] {processor.py:175} INFO - Processing /home/airflow/.local/lib/python3.10/site-packages/airflow/example_dags/example_short_circuit_decorator.py took 0.075 seconds
[2023-04-14T19:32:15.676+0000] {processor.py:153} INFO - Started process (PID=125) to work on /home/airflow/.local/lib/python3.10/site-packages/airflow/example_dags/example_short_circuit_decorator.py
[2023-04-14T19:32:15.677+0000] {processor.py:743} INFO - Processing file /home/airflow/.local/lib/python3.10/site-packages/airflow/example_dags/example_short_circuit_decorator.py for tasks to queue
[2023-04-14T19:32:15.677+0000] {logging_mixin.py:137} INFO - [2023-04-14T19:32:15.677+0000] {dagbag.py:532} INFO - Filling up the DagBag from /home/airflow/.local/lib/python3.10/site-packages/airflow/example_dags/example_short_circuit_decorator.py
[2023-04-14T19:32:15.696+0000] {processor.py:753} INFO - DAG(s) dict_keys(['example_short_circuit_decorator']) retrieved from /home/airflow/.local/lib/python3.10/site-packages/airflow/example_dags/example_short_circuit_decorator.py
[2023-04-14T19:32:15.717+0000] {logging_mixin.py:137} INFO - [2023-04-14T19:32:15.717+0000] {dag.py:2705} INFO - Sync 1 DAGs
[2023-04-14T19:32:15.736+0000] {logging_mixin.py:137} INFO - [2023-04-14T19:32:15.736+0000] {dag.py:3452} INFO - Setting next_dagrun for example_short_circuit_decorator to 2023-04-13T19:32:15.736376+00:00, run_after=2023-04-14T19:32:15.736376+00:00
[2023-04-14T19:32:15.750+0000] {processor.py:175} INFO - Processing /home/airflow/.local/lib/python3.10/site-packages/airflow/example_dags/example_short_circuit_decorator.py took 0.077 seconds
[2023-04-14T19:32:45.805+0000] {processor.py:153} INFO - Started process (PID=195) to work on /home/airflow/.local/lib/python3.10/site-packages/airflow/example_dags/example_short_circuit_decorator.py
[2023-04-14T19:32:45.805+0000] {processor.py:743} INFO - Processing file /home/airflow/.local/lib/python3.10/site-packages/airflow/example_dags/example_short_circuit_decorator.py for tasks to queue
[2023-04-14T19:32:45.806+0000] {logging_mixin.py:137} INFO - [2023-04-14T19:32:45.806+0000] {dagbag.py:532} INFO - Filling up the DagBag from /home/airflow/.local/lib/python3.10/site-packages/airflow/example_dags/example_short_circuit_decorator.py
[2023-04-14T19:32:45.829+0000] {processor.py:753} INFO - DAG(s) dict_keys(['example_short_circuit_decorator']) retrieved from /home/airflow/.local/lib/python3.10/site-packages/airflow/example_dags/example_short_circuit_decorator.py
[2023-04-14T19:32:45.849+0000] {logging_mixin.py:137} INFO - [2023-04-14T19:32:45.849+0000] {dag.py:2705} INFO - Sync 1 DAGs
[2023-04-14T19:32:45.862+0000] {logging_mixin.py:137} INFO - [2023-04-14T19:32:45.861+0000] {dag.py:3452} INFO - Setting next_dagrun for example_short_circuit_decorator to 2023-04-13T19:32:45.861775+00:00, run_after=2023-04-14T19:32:45.861775+00:00
[2023-04-14T19:32:45.871+0000] {processor.py:175} INFO - Processing /home/airflow/.local/lib/python3.10/site-packages/airflow/example_dags/example_short_circuit_decorator.py took 0.069 seconds
[2023-04-14T19:33:23.908+0000] {processor.py:153} INFO - Started process (PID=42) to work on /home/airflow/.local/lib/python3.10/site-packages/airflow/example_dags/example_short_circuit_decorator.py
[2023-04-14T19:33:23.908+0000] {processor.py:743} INFO - Processing file /home/airflow/.local/lib/python3.10/site-packages/airflow/example_dags/example_short_circuit_decorator.py for tasks to queue
[2023-04-14T19:33:23.910+0000] {logging_mixin.py:137} INFO - [2023-04-14T19:33:23.909+0000] {dagbag.py:532} INFO - Filling up the DagBag from /home/airflow/.local/lib/python3.10/site-packages/airflow/example_dags/example_short_circuit_decorator.py
[2023-04-14T19:33:23.933+0000] {processor.py:753} INFO - DAG(s) dict_keys(['example_short_circuit_decorator']) retrieved from /home/airflow/.local/lib/python3.10/site-packages/airflow/example_dags/example_short_circuit_decorator.py
[2023-04-14T19:33:23.942+0000] {logging_mixin.py:137} INFO - [2023-04-14T19:33:23.942+0000] {dag.py:2705} INFO - Sync 1 DAGs
[2023-04-14T19:33:23.958+0000] {logging_mixin.py:137} INFO - [2023-04-14T19:33:23.958+0000] {dag.py:3452} INFO - Setting next_dagrun for example_short_circuit_decorator to 2023-04-13T19:33:23.958333+00:00, run_after=2023-04-14T19:33:23.958333+00:00
[2023-04-14T19:33:23.977+0000] {processor.py:175} INFO - Processing /home/airflow/.local/lib/python3.10/site-packages/airflow/example_dags/example_short_circuit_decorator.py took 0.072 seconds
[2023-04-14T19:33:54.921+0000] {processor.py:153} INFO - Started process (PID=126) to work on /home/airflow/.local/lib/python3.10/site-packages/airflow/example_dags/example_short_circuit_decorator.py
[2023-04-14T19:33:54.922+0000] {processor.py:743} INFO - Processing file /home/airflow/.local/lib/python3.10/site-packages/airflow/example_dags/example_short_circuit_decorator.py for tasks to queue
[2023-04-14T19:33:54.923+0000] {logging_mixin.py:137} INFO - [2023-04-14T19:33:54.923+0000] {dagbag.py:532} INFO - Filling up the DagBag from /home/airflow/.local/lib/python3.10/site-packages/airflow/example_dags/example_short_circuit_decorator.py
[2023-04-14T19:33:54.941+0000] {processor.py:753} INFO - DAG(s) dict_keys(['example_short_circuit_decorator']) retrieved from /home/airflow/.local/lib/python3.10/site-packages/airflow/example_dags/example_short_circuit_decorator.py
[2023-04-14T19:33:54.961+0000] {logging_mixin.py:137} INFO - [2023-04-14T19:33:54.961+0000] {dag.py:2705} INFO - Sync 1 DAGs
[2023-04-14T19:33:54.976+0000] {logging_mixin.py:137} INFO - [2023-04-14T19:33:54.975+0000] {dag.py:3452} INFO - Setting next_dagrun for example_short_circuit_decorator to 2023-04-13T19:33:54.975765+00:00, run_after=2023-04-14T19:33:54.975765+00:00
[2023-04-14T19:33:54.987+0000] {processor.py:175} INFO - Processing /home/airflow/.local/lib/python3.10/site-packages/airflow/example_dags/example_short_circuit_decorator.py took 0.070 seconds
[2023-04-14T19:34:25.872+0000] {processor.py:153} INFO - Started process (PID=203) to work on /home/airflow/.local/lib/python3.10/site-packages/airflow/example_dags/example_short_circuit_decorator.py
[2023-04-14T19:34:25.873+0000] {processor.py:743} INFO - Processing file /home/airflow/.local/lib/python3.10/site-packages/airflow/example_dags/example_short_circuit_decorator.py for tasks to queue
[2023-04-14T19:34:25.874+0000] {logging_mixin.py:137} INFO - [2023-04-14T19:34:25.873+0000] {dagbag.py:532} INFO - Filling up the DagBag from /home/airflow/.local/lib/python3.10/site-packages/airflow/example_dags/example_short_circuit_decorator.py
[2023-04-14T19:34:25.894+0000] {processor.py:753} INFO - DAG(s) dict_keys(['example_short_circuit_decorator']) retrieved from /home/airflow/.local/lib/python3.10/site-packages/airflow/example_dags/example_short_circuit_decorator.py
[2023-04-14T19:34:25.914+0000] {logging_mixin.py:137} INFO - [2023-04-14T19:34:25.913+0000] {dag.py:2705} INFO - Sync 1 DAGs
[2023-04-14T19:34:25.931+0000] {logging_mixin.py:137} INFO - [2023-04-14T19:34:25.931+0000] {dag.py:3452} INFO - Setting next_dagrun for example_short_circuit_decorator to 2023-04-13T19:34:25.930972+00:00, run_after=2023-04-14T19:34:25.930972+00:00
[2023-04-14T19:34:25.947+0000] {processor.py:175} INFO - Processing /home/airflow/.local/lib/python3.10/site-packages/airflow/example_dags/example_short_circuit_decorator.py took 0.078 seconds
[2023-04-14T19:35:37.319+0000] {processor.py:153} INFO - Started process (PID=42) to work on /home/airflow/.local/lib/python3.10/site-packages/airflow/example_dags/example_short_circuit_decorator.py
[2023-04-14T19:35:37.320+0000] {processor.py:743} INFO - Processing file /home/airflow/.local/lib/python3.10/site-packages/airflow/example_dags/example_short_circuit_decorator.py for tasks to queue
[2023-04-14T19:35:37.320+0000] {logging_mixin.py:137} INFO - [2023-04-14T19:35:37.320+0000] {dagbag.py:532} INFO - Filling up the DagBag from /home/airflow/.local/lib/python3.10/site-packages/airflow/example_dags/example_short_circuit_decorator.py
[2023-04-14T19:35:37.345+0000] {processor.py:753} INFO - DAG(s) dict_keys(['example_short_circuit_decorator']) retrieved from /home/airflow/.local/lib/python3.10/site-packages/airflow/example_dags/example_short_circuit_decorator.py
[2023-04-14T19:35:37.359+0000] {logging_mixin.py:137} INFO - [2023-04-14T19:35:37.359+0000] {dag.py:2705} INFO - Sync 1 DAGs
[2023-04-14T19:35:37.375+0000] {logging_mixin.py:137} INFO - [2023-04-14T19:35:37.375+0000] {dag.py:3452} INFO - Setting next_dagrun for example_short_circuit_decorator to 2023-04-13T19:35:37.375446+00:00, run_after=2023-04-14T19:35:37.375446+00:00
[2023-04-14T19:35:37.397+0000] {processor.py:175} INFO - Processing /home/airflow/.local/lib/python3.10/site-packages/airflow/example_dags/example_short_circuit_decorator.py took 0.081 seconds
[2023-04-14T19:36:08.378+0000] {processor.py:153} INFO - Started process (PID=127) to work on /home/airflow/.local/lib/python3.10/site-packages/airflow/example_dags/example_short_circuit_decorator.py
[2023-04-14T19:36:08.379+0000] {processor.py:743} INFO - Processing file /home/airflow/.local/lib/python3.10/site-packages/airflow/example_dags/example_short_circuit_decorator.py for tasks to queue
[2023-04-14T19:36:08.379+0000] {logging_mixin.py:137} INFO - [2023-04-14T19:36:08.379+0000] {dagbag.py:532} INFO - Filling up the DagBag from /home/airflow/.local/lib/python3.10/site-packages/airflow/example_dags/example_short_circuit_decorator.py
[2023-04-14T19:36:08.396+0000] {processor.py:753} INFO - DAG(s) dict_keys(['example_short_circuit_decorator']) retrieved from /home/airflow/.local/lib/python3.10/site-packages/airflow/example_dags/example_short_circuit_decorator.py
[2023-04-14T19:36:08.418+0000] {logging_mixin.py:137} INFO - [2023-04-14T19:36:08.418+0000] {dag.py:2705} INFO - Sync 1 DAGs
[2023-04-14T19:36:08.434+0000] {logging_mixin.py:137} INFO - [2023-04-14T19:36:08.434+0000] {dag.py:3452} INFO - Setting next_dagrun for example_short_circuit_decorator to 2023-04-13T19:36:08.434278+00:00, run_after=2023-04-14T19:36:08.434278+00:00
[2023-04-14T19:36:08.451+0000] {processor.py:175} INFO - Processing /home/airflow/.local/lib/python3.10/site-packages/airflow/example_dags/example_short_circuit_decorator.py took 0.078 seconds
[2023-04-14T19:36:39.349+0000] {processor.py:153} INFO - Started process (PID=211) to work on /home/airflow/.local/lib/python3.10/site-packages/airflow/example_dags/example_short_circuit_decorator.py
[2023-04-14T19:36:39.351+0000] {processor.py:743} INFO - Processing file /home/airflow/.local/lib/python3.10/site-packages/airflow/example_dags/example_short_circuit_decorator.py for tasks to queue
[2023-04-14T19:36:39.352+0000] {logging_mixin.py:137} INFO - [2023-04-14T19:36:39.352+0000] {dagbag.py:532} INFO - Filling up the DagBag from /home/airflow/.local/lib/python3.10/site-packages/airflow/example_dags/example_short_circuit_decorator.py
[2023-04-14T19:36:39.378+0000] {processor.py:753} INFO - DAG(s) dict_keys(['example_short_circuit_decorator']) retrieved from /home/airflow/.local/lib/python3.10/site-packages/airflow/example_dags/example_short_circuit_decorator.py
[2023-04-14T19:36:39.397+0000] {logging_mixin.py:137} INFO - [2023-04-14T19:36:39.397+0000] {dag.py:2705} INFO - Sync 1 DAGs
[2023-04-14T19:36:39.413+0000] {logging_mixin.py:137} INFO - [2023-04-14T19:36:39.413+0000] {dag.py:3452} INFO - Setting next_dagrun for example_short_circuit_decorator to 2023-04-13T19:36:39.413185+00:00, run_after=2023-04-14T19:36:39.413185+00:00
[2023-04-14T19:36:39.424+0000] {processor.py:175} INFO - Processing /home/airflow/.local/lib/python3.10/site-packages/airflow/example_dags/example_short_circuit_decorator.py took 0.079 seconds
