[2023-04-14T19:13:18.752+0000] {processor.py:153} INFO - Started process (PID=66) to work on /home/airflow/.local/lib/python3.7/site-packages/airflow/example_dags/example_latest_only.py
[2023-04-14T19:13:18.753+0000] {processor.py:743} INFO - Processing file /home/airflow/.local/lib/python3.7/site-packages/airflow/example_dags/example_latest_only.py for tasks to queue
[2023-04-14T19:13:18.754+0000] {logging_mixin.py:137} INFO - [2023-04-14T19:13:18.754+0000] {dagbag.py:532} INFO - Filling up the DagBag from /home/airflow/.local/lib/python3.7/site-packages/airflow/example_dags/example_latest_only.py
[2023-04-14T19:13:18.766+0000] {processor.py:753} INFO - DAG(s) dict_keys(['latest_only']) retrieved from /home/airflow/.local/lib/python3.7/site-packages/airflow/example_dags/example_latest_only.py
[2023-04-14T19:13:18.782+0000] {logging_mixin.py:137} INFO - [2023-04-14T19:13:18.782+0000] {dag.py:2705} INFO - Sync 1 DAGs
[2023-04-14T19:13:18.806+0000] {logging_mixin.py:137} INFO - [2023-04-14T19:13:18.806+0000] {dag.py:3456} INFO - Setting next_dagrun for latest_only to 2023-04-14T15:13:18.805875+00:00, run_after=2023-04-14T19:13:18.805875+00:00
[2023-04-14T19:13:18.823+0000] {processor.py:175} INFO - Processing /home/airflow/.local/lib/python3.7/site-packages/airflow/example_dags/example_latest_only.py took 0.074 seconds
[2023-04-14T19:13:49.667+0000] {processor.py:153} INFO - Started process (PID=156) to work on /home/airflow/.local/lib/python3.7/site-packages/airflow/example_dags/example_latest_only.py
[2023-04-14T19:13:49.667+0000] {processor.py:743} INFO - Processing file /home/airflow/.local/lib/python3.7/site-packages/airflow/example_dags/example_latest_only.py for tasks to queue
[2023-04-14T19:13:49.668+0000] {logging_mixin.py:137} INFO - [2023-04-14T19:13:49.668+0000] {dagbag.py:532} INFO - Filling up the DagBag from /home/airflow/.local/lib/python3.7/site-packages/airflow/example_dags/example_latest_only.py
[2023-04-14T19:13:49.678+0000] {processor.py:753} INFO - DAG(s) dict_keys(['latest_only']) retrieved from /home/airflow/.local/lib/python3.7/site-packages/airflow/example_dags/example_latest_only.py
[2023-04-14T19:13:49.696+0000] {logging_mixin.py:137} INFO - [2023-04-14T19:13:49.696+0000] {dag.py:2705} INFO - Sync 1 DAGs
[2023-04-14T19:13:49.715+0000] {logging_mixin.py:137} INFO - [2023-04-14T19:13:49.715+0000] {dag.py:3456} INFO - Setting next_dagrun for latest_only to 2023-04-14T15:13:49.715106+00:00, run_after=2023-04-14T19:13:49.715106+00:00
[2023-04-14T19:13:49.729+0000] {processor.py:175} INFO - Processing /home/airflow/.local/lib/python3.7/site-packages/airflow/example_dags/example_latest_only.py took 0.065 seconds
[2023-04-14T19:14:19.953+0000] {processor.py:153} INFO - Started process (PID=247) to work on /home/airflow/.local/lib/python3.7/site-packages/airflow/example_dags/example_latest_only.py
[2023-04-14T19:14:19.954+0000] {processor.py:743} INFO - Processing file /home/airflow/.local/lib/python3.7/site-packages/airflow/example_dags/example_latest_only.py for tasks to queue
[2023-04-14T19:14:19.954+0000] {logging_mixin.py:137} INFO - [2023-04-14T19:14:19.954+0000] {dagbag.py:532} INFO - Filling up the DagBag from /home/airflow/.local/lib/python3.7/site-packages/airflow/example_dags/example_latest_only.py
[2023-04-14T19:14:19.966+0000] {processor.py:753} INFO - DAG(s) dict_keys(['latest_only']) retrieved from /home/airflow/.local/lib/python3.7/site-packages/airflow/example_dags/example_latest_only.py
[2023-04-14T19:14:19.991+0000] {logging_mixin.py:137} INFO - [2023-04-14T19:14:19.990+0000] {dag.py:2705} INFO - Sync 1 DAGs
[2023-04-14T19:14:20.010+0000] {logging_mixin.py:137} INFO - [2023-04-14T19:14:20.009+0000] {dag.py:3456} INFO - Setting next_dagrun for latest_only to 2023-04-14T15:14:20.009773+00:00, run_after=2023-04-14T19:14:20.009773+00:00
[2023-04-14T19:14:20.024+0000] {processor.py:175} INFO - Processing /home/airflow/.local/lib/python3.7/site-packages/airflow/example_dags/example_latest_only.py took 0.074 seconds
[2023-04-14T19:14:50.091+0000] {processor.py:153} INFO - Started process (PID=322) to work on /home/airflow/.local/lib/python3.7/site-packages/airflow/example_dags/example_latest_only.py
[2023-04-14T19:14:50.091+0000] {processor.py:743} INFO - Processing file /home/airflow/.local/lib/python3.7/site-packages/airflow/example_dags/example_latest_only.py for tasks to queue
[2023-04-14T19:14:50.092+0000] {logging_mixin.py:137} INFO - [2023-04-14T19:14:50.092+0000] {dagbag.py:532} INFO - Filling up the DagBag from /home/airflow/.local/lib/python3.7/site-packages/airflow/example_dags/example_latest_only.py
[2023-04-14T19:14:50.103+0000] {processor.py:753} INFO - DAG(s) dict_keys(['latest_only']) retrieved from /home/airflow/.local/lib/python3.7/site-packages/airflow/example_dags/example_latest_only.py
[2023-04-14T19:14:50.121+0000] {logging_mixin.py:137} INFO - [2023-04-14T19:14:50.121+0000] {dag.py:2705} INFO - Sync 1 DAGs
[2023-04-14T19:14:50.139+0000] {logging_mixin.py:137} INFO - [2023-04-14T19:14:50.139+0000] {dag.py:3456} INFO - Setting next_dagrun for latest_only to 2023-04-14T15:14:50.138892+00:00, run_after=2023-04-14T19:14:50.138892+00:00
[2023-04-14T19:14:50.153+0000] {processor.py:175} INFO - Processing /home/airflow/.local/lib/python3.7/site-packages/airflow/example_dags/example_latest_only.py took 0.065 seconds
[2023-04-14T19:15:20.293+0000] {processor.py:153} INFO - Started process (PID=413) to work on /home/airflow/.local/lib/python3.7/site-packages/airflow/example_dags/example_latest_only.py
[2023-04-14T19:15:20.294+0000] {processor.py:743} INFO - Processing file /home/airflow/.local/lib/python3.7/site-packages/airflow/example_dags/example_latest_only.py for tasks to queue
[2023-04-14T19:15:20.295+0000] {logging_mixin.py:137} INFO - [2023-04-14T19:15:20.295+0000] {dagbag.py:532} INFO - Filling up the DagBag from /home/airflow/.local/lib/python3.7/site-packages/airflow/example_dags/example_latest_only.py
[2023-04-14T19:15:20.306+0000] {processor.py:753} INFO - DAG(s) dict_keys(['latest_only']) retrieved from /home/airflow/.local/lib/python3.7/site-packages/airflow/example_dags/example_latest_only.py
[2023-04-14T19:15:20.325+0000] {logging_mixin.py:137} INFO - [2023-04-14T19:15:20.325+0000] {dag.py:2705} INFO - Sync 1 DAGs
[2023-04-14T19:15:20.344+0000] {logging_mixin.py:137} INFO - [2023-04-14T19:15:20.344+0000] {dag.py:3456} INFO - Setting next_dagrun for latest_only to 2023-04-14T15:15:20.344405+00:00, run_after=2023-04-14T19:15:20.344405+00:00
[2023-04-14T19:15:20.358+0000] {processor.py:175} INFO - Processing /home/airflow/.local/lib/python3.7/site-packages/airflow/example_dags/example_latest_only.py took 0.067 seconds
[2023-04-14T19:17:36.166+0000] {processor.py:153} INFO - Started process (PID=66) to work on /home/airflow/.local/lib/python3.7/site-packages/airflow/example_dags/example_latest_only.py
[2023-04-14T19:17:36.167+0000] {processor.py:743} INFO - Processing file /home/airflow/.local/lib/python3.7/site-packages/airflow/example_dags/example_latest_only.py for tasks to queue
[2023-04-14T19:17:36.168+0000] {logging_mixin.py:137} INFO - [2023-04-14T19:17:36.168+0000] {dagbag.py:532} INFO - Filling up the DagBag from /home/airflow/.local/lib/python3.7/site-packages/airflow/example_dags/example_latest_only.py
[2023-04-14T19:17:36.188+0000] {processor.py:753} INFO - DAG(s) dict_keys(['latest_only']) retrieved from /home/airflow/.local/lib/python3.7/site-packages/airflow/example_dags/example_latest_only.py
[2023-04-14T19:17:36.202+0000] {logging_mixin.py:137} INFO - [2023-04-14T19:17:36.202+0000] {dag.py:2705} INFO - Sync 1 DAGs
[2023-04-14T19:17:36.227+0000] {logging_mixin.py:137} INFO - [2023-04-14T19:17:36.227+0000] {dag.py:3456} INFO - Setting next_dagrun for latest_only to 2023-04-14T15:17:36.227539+00:00, run_after=2023-04-14T19:17:36.227539+00:00
[2023-04-14T19:17:36.245+0000] {processor.py:175} INFO - Processing /home/airflow/.local/lib/python3.7/site-packages/airflow/example_dags/example_latest_only.py took 0.083 seconds
[2023-04-14T19:18:06.529+0000] {processor.py:153} INFO - Started process (PID=158) to work on /home/airflow/.local/lib/python3.7/site-packages/airflow/example_dags/example_latest_only.py
[2023-04-14T19:18:06.530+0000] {processor.py:743} INFO - Processing file /home/airflow/.local/lib/python3.7/site-packages/airflow/example_dags/example_latest_only.py for tasks to queue
[2023-04-14T19:18:06.530+0000] {logging_mixin.py:137} INFO - [2023-04-14T19:18:06.530+0000] {dagbag.py:532} INFO - Filling up the DagBag from /home/airflow/.local/lib/python3.7/site-packages/airflow/example_dags/example_latest_only.py
[2023-04-14T19:18:06.540+0000] {processor.py:753} INFO - DAG(s) dict_keys(['latest_only']) retrieved from /home/airflow/.local/lib/python3.7/site-packages/airflow/example_dags/example_latest_only.py
[2023-04-14T19:18:06.561+0000] {logging_mixin.py:137} INFO - [2023-04-14T19:18:06.560+0000] {dag.py:2705} INFO - Sync 1 DAGs
[2023-04-14T19:18:06.579+0000] {logging_mixin.py:137} INFO - [2023-04-14T19:18:06.579+0000] {dag.py:3456} INFO - Setting next_dagrun for latest_only to 2023-04-14T15:18:06.579394+00:00, run_after=2023-04-14T19:18:06.579394+00:00
[2023-04-14T19:18:06.597+0000] {processor.py:175} INFO - Processing /home/airflow/.local/lib/python3.7/site-packages/airflow/example_dags/example_latest_only.py took 0.071 seconds
[2023-04-14T19:18:37.149+0000] {processor.py:153} INFO - Started process (PID=249) to work on /home/airflow/.local/lib/python3.7/site-packages/airflow/example_dags/example_latest_only.py
[2023-04-14T19:18:37.150+0000] {processor.py:743} INFO - Processing file /home/airflow/.local/lib/python3.7/site-packages/airflow/example_dags/example_latest_only.py for tasks to queue
[2023-04-14T19:18:37.151+0000] {logging_mixin.py:137} INFO - [2023-04-14T19:18:37.151+0000] {dagbag.py:532} INFO - Filling up the DagBag from /home/airflow/.local/lib/python3.7/site-packages/airflow/example_dags/example_latest_only.py
[2023-04-14T19:18:37.167+0000] {processor.py:753} INFO - DAG(s) dict_keys(['latest_only']) retrieved from /home/airflow/.local/lib/python3.7/site-packages/airflow/example_dags/example_latest_only.py
[2023-04-14T19:18:37.190+0000] {logging_mixin.py:137} INFO - [2023-04-14T19:18:37.190+0000] {dag.py:2705} INFO - Sync 1 DAGs
[2023-04-14T19:18:37.212+0000] {logging_mixin.py:137} INFO - [2023-04-14T19:18:37.211+0000] {dag.py:3456} INFO - Setting next_dagrun for latest_only to 2023-04-14T15:18:37.211763+00:00, run_after=2023-04-14T19:18:37.211763+00:00
[2023-04-14T19:18:37.229+0000] {processor.py:175} INFO - Processing /home/airflow/.local/lib/python3.7/site-packages/airflow/example_dags/example_latest_only.py took 0.082 seconds
[2023-04-14T19:19:07.426+0000] {processor.py:153} INFO - Started process (PID=324) to work on /home/airflow/.local/lib/python3.7/site-packages/airflow/example_dags/example_latest_only.py
[2023-04-14T19:19:07.427+0000] {processor.py:743} INFO - Processing file /home/airflow/.local/lib/python3.7/site-packages/airflow/example_dags/example_latest_only.py for tasks to queue
[2023-04-14T19:19:07.427+0000] {logging_mixin.py:137} INFO - [2023-04-14T19:19:07.427+0000] {dagbag.py:532} INFO - Filling up the DagBag from /home/airflow/.local/lib/python3.7/site-packages/airflow/example_dags/example_latest_only.py
[2023-04-14T19:19:07.439+0000] {processor.py:753} INFO - DAG(s) dict_keys(['latest_only']) retrieved from /home/airflow/.local/lib/python3.7/site-packages/airflow/example_dags/example_latest_only.py
[2023-04-14T19:19:07.467+0000] {logging_mixin.py:137} INFO - [2023-04-14T19:19:07.467+0000] {dag.py:2705} INFO - Sync 1 DAGs
[2023-04-14T19:19:07.492+0000] {logging_mixin.py:137} INFO - [2023-04-14T19:19:07.492+0000] {dag.py:3456} INFO - Setting next_dagrun for latest_only to 2023-04-14T15:19:07.492384+00:00, run_after=2023-04-14T19:19:07.492384+00:00
[2023-04-14T19:19:07.515+0000] {processor.py:175} INFO - Processing /home/airflow/.local/lib/python3.7/site-packages/airflow/example_dags/example_latest_only.py took 0.092 seconds
[2023-04-14T19:19:37.750+0000] {processor.py:153} INFO - Started process (PID=417) to work on /home/airflow/.local/lib/python3.7/site-packages/airflow/example_dags/example_latest_only.py
[2023-04-14T19:19:37.751+0000] {processor.py:743} INFO - Processing file /home/airflow/.local/lib/python3.7/site-packages/airflow/example_dags/example_latest_only.py for tasks to queue
[2023-04-14T19:19:37.752+0000] {logging_mixin.py:137} INFO - [2023-04-14T19:19:37.752+0000] {dagbag.py:532} INFO - Filling up the DagBag from /home/airflow/.local/lib/python3.7/site-packages/airflow/example_dags/example_latest_only.py
[2023-04-14T19:19:37.763+0000] {processor.py:753} INFO - DAG(s) dict_keys(['latest_only']) retrieved from /home/airflow/.local/lib/python3.7/site-packages/airflow/example_dags/example_latest_only.py
[2023-04-14T19:19:37.781+0000] {logging_mixin.py:137} INFO - [2023-04-14T19:19:37.781+0000] {dag.py:2705} INFO - Sync 1 DAGs
[2023-04-14T19:19:37.800+0000] {logging_mixin.py:137} INFO - [2023-04-14T19:19:37.800+0000] {dag.py:3456} INFO - Setting next_dagrun for latest_only to 2023-04-14T15:19:37.799959+00:00, run_after=2023-04-14T19:19:37.799959+00:00
[2023-04-14T19:19:37.812+0000] {processor.py:175} INFO - Processing /home/airflow/.local/lib/python3.7/site-packages/airflow/example_dags/example_latest_only.py took 0.065 seconds
[2023-04-14T19:20:08.278+0000] {processor.py:153} INFO - Started process (PID=509) to work on /home/airflow/.local/lib/python3.7/site-packages/airflow/example_dags/example_latest_only.py
[2023-04-14T19:20:08.279+0000] {processor.py:743} INFO - Processing file /home/airflow/.local/lib/python3.7/site-packages/airflow/example_dags/example_latest_only.py for tasks to queue
[2023-04-14T19:20:08.280+0000] {logging_mixin.py:137} INFO - [2023-04-14T19:20:08.280+0000] {dagbag.py:532} INFO - Filling up the DagBag from /home/airflow/.local/lib/python3.7/site-packages/airflow/example_dags/example_latest_only.py
[2023-04-14T19:20:08.299+0000] {processor.py:753} INFO - DAG(s) dict_keys(['latest_only']) retrieved from /home/airflow/.local/lib/python3.7/site-packages/airflow/example_dags/example_latest_only.py
[2023-04-14T19:20:08.330+0000] {logging_mixin.py:137} INFO - [2023-04-14T19:20:08.329+0000] {dag.py:2705} INFO - Sync 1 DAGs
[2023-04-14T19:20:08.355+0000] {logging_mixin.py:137} INFO - [2023-04-14T19:20:08.355+0000] {dag.py:3456} INFO - Setting next_dagrun for latest_only to 2023-04-14T15:20:08.355362+00:00, run_after=2023-04-14T19:20:08.355362+00:00
[2023-04-14T19:20:08.374+0000] {processor.py:175} INFO - Processing /home/airflow/.local/lib/python3.7/site-packages/airflow/example_dags/example_latest_only.py took 0.102 seconds
[2023-04-14T19:20:38.586+0000] {processor.py:153} INFO - Started process (PID=584) to work on /home/airflow/.local/lib/python3.7/site-packages/airflow/example_dags/example_latest_only.py
[2023-04-14T19:20:38.587+0000] {processor.py:743} INFO - Processing file /home/airflow/.local/lib/python3.7/site-packages/airflow/example_dags/example_latest_only.py for tasks to queue
[2023-04-14T19:20:38.587+0000] {logging_mixin.py:137} INFO - [2023-04-14T19:20:38.587+0000] {dagbag.py:532} INFO - Filling up the DagBag from /home/airflow/.local/lib/python3.7/site-packages/airflow/example_dags/example_latest_only.py
[2023-04-14T19:20:38.598+0000] {processor.py:753} INFO - DAG(s) dict_keys(['latest_only']) retrieved from /home/airflow/.local/lib/python3.7/site-packages/airflow/example_dags/example_latest_only.py
[2023-04-14T19:20:38.616+0000] {logging_mixin.py:137} INFO - [2023-04-14T19:20:38.616+0000] {dag.py:2705} INFO - Sync 1 DAGs
[2023-04-14T19:20:38.634+0000] {logging_mixin.py:137} INFO - [2023-04-14T19:20:38.634+0000] {dag.py:3456} INFO - Setting next_dagrun for latest_only to 2023-04-14T15:20:38.634187+00:00, run_after=2023-04-14T19:20:38.634187+00:00
[2023-04-14T19:20:38.656+0000] {processor.py:175} INFO - Processing /home/airflow/.local/lib/python3.7/site-packages/airflow/example_dags/example_latest_only.py took 0.073 seconds
[2023-04-14T19:21:08.847+0000] {processor.py:153} INFO - Started process (PID=675) to work on /home/airflow/.local/lib/python3.7/site-packages/airflow/example_dags/example_latest_only.py
[2023-04-14T19:21:08.848+0000] {processor.py:743} INFO - Processing file /home/airflow/.local/lib/python3.7/site-packages/airflow/example_dags/example_latest_only.py for tasks to queue
[2023-04-14T19:21:08.849+0000] {logging_mixin.py:137} INFO - [2023-04-14T19:21:08.849+0000] {dagbag.py:532} INFO - Filling up the DagBag from /home/airflow/.local/lib/python3.7/site-packages/airflow/example_dags/example_latest_only.py
[2023-04-14T19:21:08.860+0000] {processor.py:753} INFO - DAG(s) dict_keys(['latest_only']) retrieved from /home/airflow/.local/lib/python3.7/site-packages/airflow/example_dags/example_latest_only.py
[2023-04-14T19:21:08.878+0000] {logging_mixin.py:137} INFO - [2023-04-14T19:21:08.878+0000] {dag.py:2705} INFO - Sync 1 DAGs
[2023-04-14T19:21:08.894+0000] {logging_mixin.py:137} INFO - [2023-04-14T19:21:08.894+0000] {dag.py:3456} INFO - Setting next_dagrun for latest_only to 2023-04-14T15:21:08.894568+00:00, run_after=2023-04-14T19:21:08.894568+00:00
[2023-04-14T19:21:08.907+0000] {processor.py:175} INFO - Processing /home/airflow/.local/lib/python3.7/site-packages/airflow/example_dags/example_latest_only.py took 0.062 seconds
[2023-04-14T19:21:39.011+0000] {processor.py:153} INFO - Started process (PID=750) to work on /home/airflow/.local/lib/python3.7/site-packages/airflow/example_dags/example_latest_only.py
[2023-04-14T19:21:39.012+0000] {processor.py:743} INFO - Processing file /home/airflow/.local/lib/python3.7/site-packages/airflow/example_dags/example_latest_only.py for tasks to queue
[2023-04-14T19:21:39.012+0000] {logging_mixin.py:137} INFO - [2023-04-14T19:21:39.012+0000] {dagbag.py:532} INFO - Filling up the DagBag from /home/airflow/.local/lib/python3.7/site-packages/airflow/example_dags/example_latest_only.py
[2023-04-14T19:21:39.022+0000] {processor.py:753} INFO - DAG(s) dict_keys(['latest_only']) retrieved from /home/airflow/.local/lib/python3.7/site-packages/airflow/example_dags/example_latest_only.py
[2023-04-14T19:21:39.041+0000] {logging_mixin.py:137} INFO - [2023-04-14T19:21:39.040+0000] {dag.py:2705} INFO - Sync 1 DAGs
[2023-04-14T19:21:39.058+0000] {logging_mixin.py:137} INFO - [2023-04-14T19:21:39.058+0000] {dag.py:3456} INFO - Setting next_dagrun for latest_only to 2023-04-14T15:21:39.057902+00:00, run_after=2023-04-14T19:21:39.057902+00:00
[2023-04-14T19:21:39.070+0000] {processor.py:175} INFO - Processing /home/airflow/.local/lib/python3.7/site-packages/airflow/example_dags/example_latest_only.py took 0.062 seconds
[2023-04-14T19:22:09.164+0000] {processor.py:153} INFO - Started process (PID=841) to work on /home/airflow/.local/lib/python3.7/site-packages/airflow/example_dags/example_latest_only.py
[2023-04-14T19:22:09.165+0000] {processor.py:743} INFO - Processing file /home/airflow/.local/lib/python3.7/site-packages/airflow/example_dags/example_latest_only.py for tasks to queue
[2023-04-14T19:22:09.165+0000] {logging_mixin.py:137} INFO - [2023-04-14T19:22:09.165+0000] {dagbag.py:532} INFO - Filling up the DagBag from /home/airflow/.local/lib/python3.7/site-packages/airflow/example_dags/example_latest_only.py
[2023-04-14T19:22:09.177+0000] {processor.py:753} INFO - DAG(s) dict_keys(['latest_only']) retrieved from /home/airflow/.local/lib/python3.7/site-packages/airflow/example_dags/example_latest_only.py
[2023-04-14T19:22:09.195+0000] {logging_mixin.py:137} INFO - [2023-04-14T19:22:09.195+0000] {dag.py:2705} INFO - Sync 1 DAGs
[2023-04-14T19:22:09.212+0000] {logging_mixin.py:137} INFO - [2023-04-14T19:22:09.212+0000] {dag.py:3456} INFO - Setting next_dagrun for latest_only to 2023-04-14T15:22:09.212340+00:00, run_after=2023-04-14T19:22:09.212340+00:00
[2023-04-14T19:22:09.224+0000] {processor.py:175} INFO - Processing /home/airflow/.local/lib/python3.7/site-packages/airflow/example_dags/example_latest_only.py took 0.062 seconds
[2023-04-14T19:22:39.773+0000] {processor.py:153} INFO - Started process (PID=932) to work on /home/airflow/.local/lib/python3.7/site-packages/airflow/example_dags/example_latest_only.py
[2023-04-14T19:22:39.774+0000] {processor.py:743} INFO - Processing file /home/airflow/.local/lib/python3.7/site-packages/airflow/example_dags/example_latest_only.py for tasks to queue
[2023-04-14T19:22:39.775+0000] {logging_mixin.py:137} INFO - [2023-04-14T19:22:39.775+0000] {dagbag.py:532} INFO - Filling up the DagBag from /home/airflow/.local/lib/python3.7/site-packages/airflow/example_dags/example_latest_only.py
[2023-04-14T19:22:39.788+0000] {processor.py:753} INFO - DAG(s) dict_keys(['latest_only']) retrieved from /home/airflow/.local/lib/python3.7/site-packages/airflow/example_dags/example_latest_only.py
[2023-04-14T19:22:39.808+0000] {logging_mixin.py:137} INFO - [2023-04-14T19:22:39.807+0000] {dag.py:2705} INFO - Sync 1 DAGs
[2023-04-14T19:22:39.827+0000] {logging_mixin.py:137} INFO - [2023-04-14T19:22:39.827+0000] {dag.py:3456} INFO - Setting next_dagrun for latest_only to 2023-04-14T15:22:39.827329+00:00, run_after=2023-04-14T19:22:39.827329+00:00
[2023-04-14T19:22:39.842+0000] {processor.py:175} INFO - Processing /home/airflow/.local/lib/python3.7/site-packages/airflow/example_dags/example_latest_only.py took 0.072 seconds
[2023-04-14T19:23:10.061+0000] {processor.py:153} INFO - Started process (PID=1007) to work on /home/airflow/.local/lib/python3.7/site-packages/airflow/example_dags/example_latest_only.py
[2023-04-14T19:23:10.061+0000] {processor.py:743} INFO - Processing file /home/airflow/.local/lib/python3.7/site-packages/airflow/example_dags/example_latest_only.py for tasks to queue
[2023-04-14T19:23:10.062+0000] {logging_mixin.py:137} INFO - [2023-04-14T19:23:10.062+0000] {dagbag.py:532} INFO - Filling up the DagBag from /home/airflow/.local/lib/python3.7/site-packages/airflow/example_dags/example_latest_only.py
[2023-04-14T19:23:10.073+0000] {processor.py:753} INFO - DAG(s) dict_keys(['latest_only']) retrieved from /home/airflow/.local/lib/python3.7/site-packages/airflow/example_dags/example_latest_only.py
[2023-04-14T19:23:10.093+0000] {logging_mixin.py:137} INFO - [2023-04-14T19:23:10.093+0000] {dag.py:2705} INFO - Sync 1 DAGs
[2023-04-14T19:23:10.116+0000] {logging_mixin.py:137} INFO - [2023-04-14T19:23:10.116+0000] {dag.py:3456} INFO - Setting next_dagrun for latest_only to 2023-04-14T15:23:10.116095+00:00, run_after=2023-04-14T19:23:10.116095+00:00
[2023-04-14T19:23:10.128+0000] {processor.py:175} INFO - Processing /home/airflow/.local/lib/python3.7/site-packages/airflow/example_dags/example_latest_only.py took 0.070 seconds
[2023-04-14T19:23:40.207+0000] {processor.py:153} INFO - Started process (PID=1098) to work on /home/airflow/.local/lib/python3.7/site-packages/airflow/example_dags/example_latest_only.py
[2023-04-14T19:23:40.208+0000] {processor.py:743} INFO - Processing file /home/airflow/.local/lib/python3.7/site-packages/airflow/example_dags/example_latest_only.py for tasks to queue
[2023-04-14T19:23:40.209+0000] {logging_mixin.py:137} INFO - [2023-04-14T19:23:40.209+0000] {dagbag.py:532} INFO - Filling up the DagBag from /home/airflow/.local/lib/python3.7/site-packages/airflow/example_dags/example_latest_only.py
[2023-04-14T19:23:40.219+0000] {processor.py:753} INFO - DAG(s) dict_keys(['latest_only']) retrieved from /home/airflow/.local/lib/python3.7/site-packages/airflow/example_dags/example_latest_only.py
[2023-04-14T19:23:40.238+0000] {logging_mixin.py:137} INFO - [2023-04-14T19:23:40.238+0000] {dag.py:2705} INFO - Sync 1 DAGs
[2023-04-14T19:23:40.257+0000] {logging_mixin.py:137} INFO - [2023-04-14T19:23:40.256+0000] {dag.py:3456} INFO - Setting next_dagrun for latest_only to 2023-04-14T15:23:40.256780+00:00, run_after=2023-04-14T19:23:40.256780+00:00
[2023-04-14T19:23:40.272+0000] {processor.py:175} INFO - Processing /home/airflow/.local/lib/python3.7/site-packages/airflow/example_dags/example_latest_only.py took 0.068 seconds
[2023-04-14T19:24:10.367+0000] {processor.py:153} INFO - Started process (PID=1189) to work on /home/airflow/.local/lib/python3.7/site-packages/airflow/example_dags/example_latest_only.py
[2023-04-14T19:24:10.368+0000] {processor.py:743} INFO - Processing file /home/airflow/.local/lib/python3.7/site-packages/airflow/example_dags/example_latest_only.py for tasks to queue
[2023-04-14T19:24:10.368+0000] {logging_mixin.py:137} INFO - [2023-04-14T19:24:10.368+0000] {dagbag.py:532} INFO - Filling up the DagBag from /home/airflow/.local/lib/python3.7/site-packages/airflow/example_dags/example_latest_only.py
[2023-04-14T19:24:10.380+0000] {processor.py:753} INFO - DAG(s) dict_keys(['latest_only']) retrieved from /home/airflow/.local/lib/python3.7/site-packages/airflow/example_dags/example_latest_only.py
[2023-04-14T19:24:10.401+0000] {logging_mixin.py:137} INFO - [2023-04-14T19:24:10.401+0000] {dag.py:2705} INFO - Sync 1 DAGs
[2023-04-14T19:24:10.424+0000] {logging_mixin.py:137} INFO - [2023-04-14T19:24:10.423+0000] {dag.py:3456} INFO - Setting next_dagrun for latest_only to 2023-04-14T15:24:10.423749+00:00, run_after=2023-04-14T19:24:10.423749+00:00
[2023-04-14T19:24:10.438+0000] {processor.py:175} INFO - Processing /home/airflow/.local/lib/python3.7/site-packages/airflow/example_dags/example_latest_only.py took 0.073 seconds
[2023-04-14T19:26:10.024+0000] {processor.py:153} INFO - Started process (PID=66) to work on /home/airflow/.local/lib/python3.7/site-packages/airflow/example_dags/example_latest_only.py
[2023-04-14T19:26:10.024+0000] {processor.py:743} INFO - Processing file /home/airflow/.local/lib/python3.7/site-packages/airflow/example_dags/example_latest_only.py for tasks to queue
[2023-04-14T19:26:10.025+0000] {logging_mixin.py:137} INFO - [2023-04-14T19:26:10.025+0000] {dagbag.py:532} INFO - Filling up the DagBag from /home/airflow/.local/lib/python3.7/site-packages/airflow/example_dags/example_latest_only.py
[2023-04-14T19:26:10.037+0000] {processor.py:753} INFO - DAG(s) dict_keys(['latest_only']) retrieved from /home/airflow/.local/lib/python3.7/site-packages/airflow/example_dags/example_latest_only.py
[2023-04-14T19:26:10.052+0000] {logging_mixin.py:137} INFO - [2023-04-14T19:26:10.052+0000] {dag.py:2705} INFO - Sync 1 DAGs
[2023-04-14T19:26:10.075+0000] {logging_mixin.py:137} INFO - [2023-04-14T19:26:10.075+0000] {dag.py:3456} INFO - Setting next_dagrun for latest_only to 2023-04-14T15:26:10.075477+00:00, run_after=2023-04-14T19:26:10.075477+00:00
[2023-04-14T19:26:10.091+0000] {processor.py:175} INFO - Processing /home/airflow/.local/lib/python3.7/site-packages/airflow/example_dags/example_latest_only.py took 0.071 seconds
[2023-04-14T19:26:40.194+0000] {processor.py:153} INFO - Started process (PID=157) to work on /home/airflow/.local/lib/python3.7/site-packages/airflow/example_dags/example_latest_only.py
[2023-04-14T19:26:40.195+0000] {processor.py:743} INFO - Processing file /home/airflow/.local/lib/python3.7/site-packages/airflow/example_dags/example_latest_only.py for tasks to queue
[2023-04-14T19:26:40.196+0000] {logging_mixin.py:137} INFO - [2023-04-14T19:26:40.196+0000] {dagbag.py:532} INFO - Filling up the DagBag from /home/airflow/.local/lib/python3.7/site-packages/airflow/example_dags/example_latest_only.py
[2023-04-14T19:26:40.206+0000] {processor.py:753} INFO - DAG(s) dict_keys(['latest_only']) retrieved from /home/airflow/.local/lib/python3.7/site-packages/airflow/example_dags/example_latest_only.py
[2023-04-14T19:26:40.223+0000] {logging_mixin.py:137} INFO - [2023-04-14T19:26:40.223+0000] {dag.py:2705} INFO - Sync 1 DAGs
[2023-04-14T19:26:40.241+0000] {logging_mixin.py:137} INFO - [2023-04-14T19:26:40.241+0000] {dag.py:3456} INFO - Setting next_dagrun for latest_only to 2023-04-14T15:26:40.241475+00:00, run_after=2023-04-14T19:26:40.241475+00:00
[2023-04-14T19:26:40.253+0000] {processor.py:175} INFO - Processing /home/airflow/.local/lib/python3.7/site-packages/airflow/example_dags/example_latest_only.py took 0.061 seconds
[2023-04-14T19:27:10.641+0000] {processor.py:153} INFO - Started process (PID=248) to work on /home/airflow/.local/lib/python3.7/site-packages/airflow/example_dags/example_latest_only.py
[2023-04-14T19:27:10.641+0000] {processor.py:743} INFO - Processing file /home/airflow/.local/lib/python3.7/site-packages/airflow/example_dags/example_latest_only.py for tasks to queue
[2023-04-14T19:27:10.642+0000] {logging_mixin.py:137} INFO - [2023-04-14T19:27:10.642+0000] {dagbag.py:532} INFO - Filling up the DagBag from /home/airflow/.local/lib/python3.7/site-packages/airflow/example_dags/example_latest_only.py
[2023-04-14T19:27:10.653+0000] {processor.py:753} INFO - DAG(s) dict_keys(['latest_only']) retrieved from /home/airflow/.local/lib/python3.7/site-packages/airflow/example_dags/example_latest_only.py
[2023-04-14T19:27:10.672+0000] {logging_mixin.py:137} INFO - [2023-04-14T19:27:10.672+0000] {dag.py:2705} INFO - Sync 1 DAGs
[2023-04-14T19:27:10.689+0000] {logging_mixin.py:137} INFO - [2023-04-14T19:27:10.688+0000] {dag.py:3456} INFO - Setting next_dagrun for latest_only to 2023-04-14T15:27:10.688774+00:00, run_after=2023-04-14T19:27:10.688774+00:00
[2023-04-14T19:27:10.701+0000] {processor.py:175} INFO - Processing /home/airflow/.local/lib/python3.7/site-packages/airflow/example_dags/example_latest_only.py took 0.063 seconds
[2023-04-14T19:31:45.413+0000] {processor.py:153} INFO - Started process (PID=57) to work on /home/airflow/.local/lib/python3.10/site-packages/airflow/example_dags/example_latest_only.py
[2023-04-14T19:31:45.414+0000] {processor.py:743} INFO - Processing file /home/airflow/.local/lib/python3.10/site-packages/airflow/example_dags/example_latest_only.py for tasks to queue
[2023-04-14T19:31:45.415+0000] {logging_mixin.py:137} INFO - [2023-04-14T19:31:45.415+0000] {dagbag.py:532} INFO - Filling up the DagBag from /home/airflow/.local/lib/python3.10/site-packages/airflow/example_dags/example_latest_only.py
[2023-04-14T19:31:45.428+0000] {processor.py:753} INFO - DAG(s) dict_keys(['latest_only']) retrieved from /home/airflow/.local/lib/python3.10/site-packages/airflow/example_dags/example_latest_only.py
[2023-04-14T19:31:45.439+0000] {logging_mixin.py:137} INFO - [2023-04-14T19:31:45.438+0000] {dag.py:2705} INFO - Sync 1 DAGs
[2023-04-14T19:31:45.460+0000] {logging_mixin.py:137} INFO - [2023-04-14T19:31:45.460+0000] {dag.py:3452} INFO - Setting next_dagrun for latest_only to 2023-04-14T15:31:45.460381+00:00, run_after=2023-04-14T19:31:45.460381+00:00
[2023-04-14T19:31:45.472+0000] {processor.py:175} INFO - Processing /home/airflow/.local/lib/python3.10/site-packages/airflow/example_dags/example_latest_only.py took 0.061 seconds
[2023-04-14T19:32:16.436+0000] {processor.py:153} INFO - Started process (PID=141) to work on /home/airflow/.local/lib/python3.10/site-packages/airflow/example_dags/example_latest_only.py
[2023-04-14T19:32:16.437+0000] {processor.py:743} INFO - Processing file /home/airflow/.local/lib/python3.10/site-packages/airflow/example_dags/example_latest_only.py for tasks to queue
[2023-04-14T19:32:16.438+0000] {logging_mixin.py:137} INFO - [2023-04-14T19:32:16.438+0000] {dagbag.py:532} INFO - Filling up the DagBag from /home/airflow/.local/lib/python3.10/site-packages/airflow/example_dags/example_latest_only.py
[2023-04-14T19:32:16.449+0000] {processor.py:753} INFO - DAG(s) dict_keys(['latest_only']) retrieved from /home/airflow/.local/lib/python3.10/site-packages/airflow/example_dags/example_latest_only.py
[2023-04-14T19:32:16.467+0000] {logging_mixin.py:137} INFO - [2023-04-14T19:32:16.466+0000] {dag.py:2705} INFO - Sync 1 DAGs
[2023-04-14T19:32:16.484+0000] {logging_mixin.py:137} INFO - [2023-04-14T19:32:16.484+0000] {dag.py:3452} INFO - Setting next_dagrun for latest_only to 2023-04-14T15:32:16.484042+00:00, run_after=2023-04-14T19:32:16.484042+00:00
[2023-04-14T19:32:16.495+0000] {processor.py:175} INFO - Processing /home/airflow/.local/lib/python3.10/site-packages/airflow/example_dags/example_latest_only.py took 0.061 seconds
[2023-04-14T19:32:47.463+0000] {processor.py:153} INFO - Started process (PID=225) to work on /home/airflow/.local/lib/python3.10/site-packages/airflow/example_dags/example_latest_only.py
[2023-04-14T19:32:47.464+0000] {processor.py:743} INFO - Processing file /home/airflow/.local/lib/python3.10/site-packages/airflow/example_dags/example_latest_only.py for tasks to queue
[2023-04-14T19:32:47.465+0000] {logging_mixin.py:137} INFO - [2023-04-14T19:32:47.465+0000] {dagbag.py:532} INFO - Filling up the DagBag from /home/airflow/.local/lib/python3.10/site-packages/airflow/example_dags/example_latest_only.py
[2023-04-14T19:32:47.476+0000] {processor.py:753} INFO - DAG(s) dict_keys(['latest_only']) retrieved from /home/airflow/.local/lib/python3.10/site-packages/airflow/example_dags/example_latest_only.py
[2023-04-14T19:32:47.497+0000] {logging_mixin.py:137} INFO - [2023-04-14T19:32:47.496+0000] {dag.py:2705} INFO - Sync 1 DAGs
[2023-04-14T19:32:47.516+0000] {logging_mixin.py:137} INFO - [2023-04-14T19:32:47.516+0000] {dag.py:3452} INFO - Setting next_dagrun for latest_only to 2023-04-14T15:32:47.516107+00:00, run_after=2023-04-14T19:32:47.516107+00:00
[2023-04-14T19:32:47.528+0000] {processor.py:175} INFO - Processing /home/airflow/.local/lib/python3.10/site-packages/airflow/example_dags/example_latest_only.py took 0.069 seconds
[2023-04-14T19:33:24.631+0000] {processor.py:153} INFO - Started process (PID=58) to work on /home/airflow/.local/lib/python3.10/site-packages/airflow/example_dags/example_latest_only.py
[2023-04-14T19:33:24.632+0000] {processor.py:743} INFO - Processing file /home/airflow/.local/lib/python3.10/site-packages/airflow/example_dags/example_latest_only.py for tasks to queue
[2023-04-14T19:33:24.633+0000] {logging_mixin.py:137} INFO - [2023-04-14T19:33:24.632+0000] {dagbag.py:532} INFO - Filling up the DagBag from /home/airflow/.local/lib/python3.10/site-packages/airflow/example_dags/example_latest_only.py
[2023-04-14T19:33:24.650+0000] {processor.py:753} INFO - DAG(s) dict_keys(['latest_only']) retrieved from /home/airflow/.local/lib/python3.10/site-packages/airflow/example_dags/example_latest_only.py
[2023-04-14T19:33:24.660+0000] {logging_mixin.py:137} INFO - [2023-04-14T19:33:24.660+0000] {dag.py:2705} INFO - Sync 1 DAGs
[2023-04-14T19:33:24.676+0000] {logging_mixin.py:137} INFO - [2023-04-14T19:33:24.676+0000] {dag.py:3452} INFO - Setting next_dagrun for latest_only to 2023-04-14T15:33:24.676363+00:00, run_after=2023-04-14T19:33:24.676363+00:00
[2023-04-14T19:33:24.690+0000] {processor.py:175} INFO - Processing /home/airflow/.local/lib/python3.10/site-packages/airflow/example_dags/example_latest_only.py took 0.064 seconds
[2023-04-14T19:33:55.604+0000] {processor.py:153} INFO - Started process (PID=142) to work on /home/airflow/.local/lib/python3.10/site-packages/airflow/example_dags/example_latest_only.py
[2023-04-14T19:33:55.606+0000] {processor.py:743} INFO - Processing file /home/airflow/.local/lib/python3.10/site-packages/airflow/example_dags/example_latest_only.py for tasks to queue
[2023-04-14T19:33:55.607+0000] {logging_mixin.py:137} INFO - [2023-04-14T19:33:55.607+0000] {dagbag.py:532} INFO - Filling up the DagBag from /home/airflow/.local/lib/python3.10/site-packages/airflow/example_dags/example_latest_only.py
[2023-04-14T19:33:55.617+0000] {processor.py:753} INFO - DAG(s) dict_keys(['latest_only']) retrieved from /home/airflow/.local/lib/python3.10/site-packages/airflow/example_dags/example_latest_only.py
[2023-04-14T19:33:55.634+0000] {logging_mixin.py:137} INFO - [2023-04-14T19:33:55.634+0000] {dag.py:2705} INFO - Sync 1 DAGs
[2023-04-14T19:33:55.648+0000] {logging_mixin.py:137} INFO - [2023-04-14T19:33:55.648+0000] {dag.py:3452} INFO - Setting next_dagrun for latest_only to 2023-04-14T15:33:55.648654+00:00, run_after=2023-04-14T19:33:55.648654+00:00
[2023-04-14T19:33:55.662+0000] {processor.py:175} INFO - Processing /home/airflow/.local/lib/python3.10/site-packages/airflow/example_dags/example_latest_only.py took 0.061 seconds
[2023-04-14T19:34:26.657+0000] {processor.py:153} INFO - Started process (PID=226) to work on /home/airflow/.local/lib/python3.10/site-packages/airflow/example_dags/example_latest_only.py
[2023-04-14T19:34:26.658+0000] {processor.py:743} INFO - Processing file /home/airflow/.local/lib/python3.10/site-packages/airflow/example_dags/example_latest_only.py for tasks to queue
[2023-04-14T19:34:26.658+0000] {logging_mixin.py:137} INFO - [2023-04-14T19:34:26.658+0000] {dagbag.py:532} INFO - Filling up the DagBag from /home/airflow/.local/lib/python3.10/site-packages/airflow/example_dags/example_latest_only.py
[2023-04-14T19:34:26.670+0000] {processor.py:753} INFO - DAG(s) dict_keys(['latest_only']) retrieved from /home/airflow/.local/lib/python3.10/site-packages/airflow/example_dags/example_latest_only.py
[2023-04-14T19:34:26.697+0000] {logging_mixin.py:137} INFO - [2023-04-14T19:34:26.696+0000] {dag.py:2705} INFO - Sync 1 DAGs
[2023-04-14T19:34:26.722+0000] {logging_mixin.py:137} INFO - [2023-04-14T19:34:26.722+0000] {dag.py:3452} INFO - Setting next_dagrun for latest_only to 2023-04-14T15:34:26.722018+00:00, run_after=2023-04-14T19:34:26.722018+00:00
[2023-04-14T19:34:26.737+0000] {processor.py:175} INFO - Processing /home/airflow/.local/lib/python3.10/site-packages/airflow/example_dags/example_latest_only.py took 0.083 seconds
[2023-04-14T19:35:37.937+0000] {processor.py:153} INFO - Started process (PID=58) to work on /home/airflow/.local/lib/python3.10/site-packages/airflow/example_dags/example_latest_only.py
[2023-04-14T19:35:37.938+0000] {processor.py:743} INFO - Processing file /home/airflow/.local/lib/python3.10/site-packages/airflow/example_dags/example_latest_only.py for tasks to queue
[2023-04-14T19:35:37.938+0000] {logging_mixin.py:137} INFO - [2023-04-14T19:35:37.938+0000] {dagbag.py:532} INFO - Filling up the DagBag from /home/airflow/.local/lib/python3.10/site-packages/airflow/example_dags/example_latest_only.py
[2023-04-14T19:35:37.952+0000] {processor.py:753} INFO - DAG(s) dict_keys(['latest_only']) retrieved from /home/airflow/.local/lib/python3.10/site-packages/airflow/example_dags/example_latest_only.py
[2023-04-14T19:35:37.960+0000] {logging_mixin.py:137} INFO - [2023-04-14T19:35:37.960+0000] {dag.py:2705} INFO - Sync 1 DAGs
[2023-04-14T19:35:37.974+0000] {logging_mixin.py:137} INFO - [2023-04-14T19:35:37.974+0000] {dag.py:3452} INFO - Setting next_dagrun for latest_only to 2023-04-14T15:35:37.974307+00:00, run_after=2023-04-14T19:35:37.974307+00:00
[2023-04-14T19:35:37.985+0000] {processor.py:175} INFO - Processing /home/airflow/.local/lib/python3.10/site-packages/airflow/example_dags/example_latest_only.py took 0.051 seconds
[2023-04-14T19:36:09.104+0000] {processor.py:153} INFO - Started process (PID=143) to work on /home/airflow/.local/lib/python3.10/site-packages/airflow/example_dags/example_latest_only.py
[2023-04-14T19:36:09.105+0000] {processor.py:743} INFO - Processing file /home/airflow/.local/lib/python3.10/site-packages/airflow/example_dags/example_latest_only.py for tasks to queue
[2023-04-14T19:36:09.105+0000] {logging_mixin.py:137} INFO - [2023-04-14T19:36:09.105+0000] {dagbag.py:532} INFO - Filling up the DagBag from /home/airflow/.local/lib/python3.10/site-packages/airflow/example_dags/example_latest_only.py
[2023-04-14T19:36:09.117+0000] {processor.py:753} INFO - DAG(s) dict_keys(['latest_only']) retrieved from /home/airflow/.local/lib/python3.10/site-packages/airflow/example_dags/example_latest_only.py
[2023-04-14T19:36:09.133+0000] {logging_mixin.py:137} INFO - [2023-04-14T19:36:09.133+0000] {dag.py:2705} INFO - Sync 1 DAGs
[2023-04-14T19:36:09.147+0000] {logging_mixin.py:137} INFO - [2023-04-14T19:36:09.147+0000] {dag.py:3452} INFO - Setting next_dagrun for latest_only to 2023-04-14T15:36:09.147042+00:00, run_after=2023-04-14T19:36:09.147042+00:00
[2023-04-14T19:36:09.158+0000] {processor.py:175} INFO - Processing /home/airflow/.local/lib/python3.10/site-packages/airflow/example_dags/example_latest_only.py took 0.057 seconds
