[2023-04-14T19:13:17.174+0000] {processor.py:153} INFO - Started process (PID=41) to work on /home/airflow/.local/lib/python3.7/site-packages/airflow/example_dags/example_bash_operator.py
[2023-04-14T19:13:17.175+0000] {processor.py:743} INFO - Processing file /home/airflow/.local/lib/python3.7/site-packages/airflow/example_dags/example_bash_operator.py for tasks to queue
[2023-04-14T19:13:17.176+0000] {logging_mixin.py:137} INFO - [2023-04-14T19:13:17.176+0000] {dagbag.py:532} INFO - Filling up the DagBag from /home/airflow/.local/lib/python3.7/site-packages/airflow/example_dags/example_bash_operator.py
[2023-04-14T19:13:17.206+0000] {processor.py:753} INFO - DAG(s) dict_keys(['example_bash_operator']) retrieved from /home/airflow/.local/lib/python3.7/site-packages/airflow/example_dags/example_bash_operator.py
[2023-04-14T19:13:17.217+0000] {logging_mixin.py:137} INFO - [2023-04-14T19:13:17.216+0000] {dag.py:2705} INFO - Sync 1 DAGs
[2023-04-14T19:13:17.236+0000] {logging_mixin.py:137} INFO - [2023-04-14T19:13:17.236+0000] {dag.py:3456} INFO - Setting next_dagrun for example_bash_operator to 2023-04-13T00:00:00+00:00, run_after=2023-04-14T00:00:00+00:00
[2023-04-14T19:13:17.252+0000] {processor.py:175} INFO - Processing /home/airflow/.local/lib/python3.7/site-packages/airflow/example_dags/example_bash_operator.py took 0.083 seconds
[2023-04-14T19:13:47.413+0000] {processor.py:153} INFO - Started process (PID=131) to work on /home/airflow/.local/lib/python3.7/site-packages/airflow/example_dags/example_bash_operator.py
[2023-04-14T19:13:47.414+0000] {processor.py:743} INFO - Processing file /home/airflow/.local/lib/python3.7/site-packages/airflow/example_dags/example_bash_operator.py for tasks to queue
[2023-04-14T19:13:47.415+0000] {logging_mixin.py:137} INFO - [2023-04-14T19:13:47.415+0000] {dagbag.py:532} INFO - Filling up the DagBag from /home/airflow/.local/lib/python3.7/site-packages/airflow/example_dags/example_bash_operator.py
[2023-04-14T19:13:47.432+0000] {processor.py:753} INFO - DAG(s) dict_keys(['example_bash_operator']) retrieved from /home/airflow/.local/lib/python3.7/site-packages/airflow/example_dags/example_bash_operator.py
[2023-04-14T19:13:47.459+0000] {logging_mixin.py:137} INFO - [2023-04-14T19:13:47.459+0000] {dag.py:2705} INFO - Sync 1 DAGs
[2023-04-14T19:13:47.478+0000] {logging_mixin.py:137} INFO - [2023-04-14T19:13:47.478+0000] {dag.py:3456} INFO - Setting next_dagrun for example_bash_operator to 2023-04-13T00:00:00+00:00, run_after=2023-04-14T00:00:00+00:00
[2023-04-14T19:13:47.493+0000] {processor.py:175} INFO - Processing /home/airflow/.local/lib/python3.7/site-packages/airflow/example_dags/example_bash_operator.py took 0.082 seconds
[2023-04-14T19:14:17.643+0000] {processor.py:153} INFO - Started process (PID=213) to work on /home/airflow/.local/lib/python3.7/site-packages/airflow/example_dags/example_bash_operator.py
[2023-04-14T19:14:17.644+0000] {processor.py:743} INFO - Processing file /home/airflow/.local/lib/python3.7/site-packages/airflow/example_dags/example_bash_operator.py for tasks to queue
[2023-04-14T19:14:17.644+0000] {logging_mixin.py:137} INFO - [2023-04-14T19:14:17.644+0000] {dagbag.py:532} INFO - Filling up the DagBag from /home/airflow/.local/lib/python3.7/site-packages/airflow/example_dags/example_bash_operator.py
[2023-04-14T19:14:17.662+0000] {processor.py:753} INFO - DAG(s) dict_keys(['example_bash_operator']) retrieved from /home/airflow/.local/lib/python3.7/site-packages/airflow/example_dags/example_bash_operator.py
[2023-04-14T19:14:17.688+0000] {logging_mixin.py:137} INFO - [2023-04-14T19:14:17.688+0000] {dag.py:2705} INFO - Sync 1 DAGs
[2023-04-14T19:14:17.706+0000] {logging_mixin.py:137} INFO - [2023-04-14T19:14:17.706+0000] {dag.py:3456} INFO - Setting next_dagrun for example_bash_operator to 2023-04-13T00:00:00+00:00, run_after=2023-04-14T00:00:00+00:00
[2023-04-14T19:14:17.719+0000] {processor.py:175} INFO - Processing /home/airflow/.local/lib/python3.7/site-packages/airflow/example_dags/example_bash_operator.py took 0.080 seconds
[2023-04-14T19:14:47.950+0000] {processor.py:153} INFO - Started process (PID=297) to work on /home/airflow/.local/lib/python3.7/site-packages/airflow/example_dags/example_bash_operator.py
[2023-04-14T19:14:47.950+0000] {processor.py:743} INFO - Processing file /home/airflow/.local/lib/python3.7/site-packages/airflow/example_dags/example_bash_operator.py for tasks to queue
[2023-04-14T19:14:47.951+0000] {logging_mixin.py:137} INFO - [2023-04-14T19:14:47.951+0000] {dagbag.py:532} INFO - Filling up the DagBag from /home/airflow/.local/lib/python3.7/site-packages/airflow/example_dags/example_bash_operator.py
[2023-04-14T19:14:47.967+0000] {processor.py:753} INFO - DAG(s) dict_keys(['example_bash_operator']) retrieved from /home/airflow/.local/lib/python3.7/site-packages/airflow/example_dags/example_bash_operator.py
[2023-04-14T19:14:47.991+0000] {logging_mixin.py:137} INFO - [2023-04-14T19:14:47.991+0000] {dag.py:2705} INFO - Sync 1 DAGs
[2023-04-14T19:14:48.007+0000] {logging_mixin.py:137} INFO - [2023-04-14T19:14:48.007+0000] {dag.py:3456} INFO - Setting next_dagrun for example_bash_operator to 2023-04-13T00:00:00+00:00, run_after=2023-04-14T00:00:00+00:00
[2023-04-14T19:14:48.019+0000] {processor.py:175} INFO - Processing /home/airflow/.local/lib/python3.7/site-packages/airflow/example_dags/example_bash_operator.py took 0.072 seconds
[2023-04-14T19:15:18.055+0000] {processor.py:153} INFO - Started process (PID=388) to work on /home/airflow/.local/lib/python3.7/site-packages/airflow/example_dags/example_bash_operator.py
[2023-04-14T19:15:18.055+0000] {processor.py:743} INFO - Processing file /home/airflow/.local/lib/python3.7/site-packages/airflow/example_dags/example_bash_operator.py for tasks to queue
[2023-04-14T19:15:18.056+0000] {logging_mixin.py:137} INFO - [2023-04-14T19:15:18.056+0000] {dagbag.py:532} INFO - Filling up the DagBag from /home/airflow/.local/lib/python3.7/site-packages/airflow/example_dags/example_bash_operator.py
[2023-04-14T19:15:18.072+0000] {processor.py:753} INFO - DAG(s) dict_keys(['example_bash_operator']) retrieved from /home/airflow/.local/lib/python3.7/site-packages/airflow/example_dags/example_bash_operator.py
[2023-04-14T19:15:18.096+0000] {logging_mixin.py:137} INFO - [2023-04-14T19:15:18.096+0000] {dag.py:2705} INFO - Sync 1 DAGs
[2023-04-14T19:15:18.115+0000] {logging_mixin.py:137} INFO - [2023-04-14T19:15:18.115+0000] {dag.py:3456} INFO - Setting next_dagrun for example_bash_operator to 2023-04-13T00:00:00+00:00, run_after=2023-04-14T00:00:00+00:00
[2023-04-14T19:15:18.128+0000] {processor.py:175} INFO - Processing /home/airflow/.local/lib/python3.7/site-packages/airflow/example_dags/example_bash_operator.py took 0.076 seconds
[2023-04-14T19:17:34.668+0000] {processor.py:153} INFO - Started process (PID=41) to work on /home/airflow/.local/lib/python3.7/site-packages/airflow/example_dags/example_bash_operator.py
[2023-04-14T19:17:34.669+0000] {processor.py:743} INFO - Processing file /home/airflow/.local/lib/python3.7/site-packages/airflow/example_dags/example_bash_operator.py for tasks to queue
[2023-04-14T19:17:34.670+0000] {logging_mixin.py:137} INFO - [2023-04-14T19:17:34.669+0000] {dagbag.py:532} INFO - Filling up the DagBag from /home/airflow/.local/lib/python3.7/site-packages/airflow/example_dags/example_bash_operator.py
[2023-04-14T19:17:34.694+0000] {processor.py:753} INFO - DAG(s) dict_keys(['example_bash_operator']) retrieved from /home/airflow/.local/lib/python3.7/site-packages/airflow/example_dags/example_bash_operator.py
[2023-04-14T19:17:34.707+0000] {logging_mixin.py:137} INFO - [2023-04-14T19:17:34.707+0000] {dag.py:2705} INFO - Sync 1 DAGs
[2023-04-14T19:17:34.738+0000] {logging_mixin.py:137} INFO - [2023-04-14T19:17:34.738+0000] {dag.py:3456} INFO - Setting next_dagrun for example_bash_operator to 2023-04-13T00:00:00+00:00, run_after=2023-04-14T00:00:00+00:00
[2023-04-14T19:17:34.758+0000] {processor.py:175} INFO - Processing /home/airflow/.local/lib/python3.7/site-packages/airflow/example_dags/example_bash_operator.py took 0.094 seconds
[2023-04-14T19:18:05.078+0000] {processor.py:153} INFO - Started process (PID=133) to work on /home/airflow/.local/lib/python3.7/site-packages/airflow/example_dags/example_bash_operator.py
[2023-04-14T19:18:05.079+0000] {processor.py:743} INFO - Processing file /home/airflow/.local/lib/python3.7/site-packages/airflow/example_dags/example_bash_operator.py for tasks to queue
[2023-04-14T19:18:05.080+0000] {logging_mixin.py:137} INFO - [2023-04-14T19:18:05.080+0000] {dagbag.py:532} INFO - Filling up the DagBag from /home/airflow/.local/lib/python3.7/site-packages/airflow/example_dags/example_bash_operator.py
[2023-04-14T19:18:05.098+0000] {processor.py:753} INFO - DAG(s) dict_keys(['example_bash_operator']) retrieved from /home/airflow/.local/lib/python3.7/site-packages/airflow/example_dags/example_bash_operator.py
[2023-04-14T19:18:05.129+0000] {logging_mixin.py:137} INFO - [2023-04-14T19:18:05.129+0000] {dag.py:2705} INFO - Sync 1 DAGs
[2023-04-14T19:18:05.149+0000] {logging_mixin.py:137} INFO - [2023-04-14T19:18:05.149+0000] {dag.py:3456} INFO - Setting next_dagrun for example_bash_operator to 2023-04-13T00:00:00+00:00, run_after=2023-04-14T00:00:00+00:00
[2023-04-14T19:18:05.164+0000] {processor.py:175} INFO - Processing /home/airflow/.local/lib/python3.7/site-packages/airflow/example_dags/example_bash_operator.py took 0.091 seconds
[2023-04-14T19:18:35.756+0000] {processor.py:153} INFO - Started process (PID=217) to work on /home/airflow/.local/lib/python3.7/site-packages/airflow/example_dags/example_bash_operator.py
[2023-04-14T19:18:35.757+0000] {processor.py:743} INFO - Processing file /home/airflow/.local/lib/python3.7/site-packages/airflow/example_dags/example_bash_operator.py for tasks to queue
[2023-04-14T19:18:35.758+0000] {logging_mixin.py:137} INFO - [2023-04-14T19:18:35.758+0000] {dagbag.py:532} INFO - Filling up the DagBag from /home/airflow/.local/lib/python3.7/site-packages/airflow/example_dags/example_bash_operator.py
[2023-04-14T19:18:35.778+0000] {processor.py:753} INFO - DAG(s) dict_keys(['example_bash_operator']) retrieved from /home/airflow/.local/lib/python3.7/site-packages/airflow/example_dags/example_bash_operator.py
[2023-04-14T19:18:35.809+0000] {logging_mixin.py:137} INFO - [2023-04-14T19:18:35.809+0000] {dag.py:2705} INFO - Sync 1 DAGs
[2023-04-14T19:18:35.827+0000] {logging_mixin.py:137} INFO - [2023-04-14T19:18:35.827+0000] {dag.py:3456} INFO - Setting next_dagrun for example_bash_operator to 2023-04-13T00:00:00+00:00, run_after=2023-04-14T00:00:00+00:00
[2023-04-14T19:18:35.845+0000] {processor.py:175} INFO - Processing /home/airflow/.local/lib/python3.7/site-packages/airflow/example_dags/example_bash_operator.py took 0.092 seconds
[2023-04-14T19:19:06.211+0000] {processor.py:153} INFO - Started process (PID=299) to work on /home/airflow/.local/lib/python3.7/site-packages/airflow/example_dags/example_bash_operator.py
[2023-04-14T19:19:06.213+0000] {processor.py:743} INFO - Processing file /home/airflow/.local/lib/python3.7/site-packages/airflow/example_dags/example_bash_operator.py for tasks to queue
[2023-04-14T19:19:06.215+0000] {logging_mixin.py:137} INFO - [2023-04-14T19:19:06.214+0000] {dagbag.py:532} INFO - Filling up the DagBag from /home/airflow/.local/lib/python3.7/site-packages/airflow/example_dags/example_bash_operator.py
[2023-04-14T19:19:06.235+0000] {processor.py:753} INFO - DAG(s) dict_keys(['example_bash_operator']) retrieved from /home/airflow/.local/lib/python3.7/site-packages/airflow/example_dags/example_bash_operator.py
[2023-04-14T19:19:06.264+0000] {logging_mixin.py:137} INFO - [2023-04-14T19:19:06.264+0000] {dag.py:2705} INFO - Sync 1 DAGs
[2023-04-14T19:19:06.286+0000] {logging_mixin.py:137} INFO - [2023-04-14T19:19:06.286+0000] {dag.py:3456} INFO - Setting next_dagrun for example_bash_operator to 2023-04-13T00:00:00+00:00, run_after=2023-04-14T00:00:00+00:00
[2023-04-14T19:19:06.304+0000] {processor.py:175} INFO - Processing /home/airflow/.local/lib/python3.7/site-packages/airflow/example_dags/example_bash_operator.py took 0.096 seconds
[2023-04-14T19:19:36.431+0000] {processor.py:153} INFO - Started process (PID=392) to work on /home/airflow/.local/lib/python3.7/site-packages/airflow/example_dags/example_bash_operator.py
[2023-04-14T19:19:36.432+0000] {processor.py:743} INFO - Processing file /home/airflow/.local/lib/python3.7/site-packages/airflow/example_dags/example_bash_operator.py for tasks to queue
[2023-04-14T19:19:36.433+0000] {logging_mixin.py:137} INFO - [2023-04-14T19:19:36.432+0000] {dagbag.py:532} INFO - Filling up the DagBag from /home/airflow/.local/lib/python3.7/site-packages/airflow/example_dags/example_bash_operator.py
[2023-04-14T19:19:36.450+0000] {processor.py:753} INFO - DAG(s) dict_keys(['example_bash_operator']) retrieved from /home/airflow/.local/lib/python3.7/site-packages/airflow/example_dags/example_bash_operator.py
[2023-04-14T19:19:36.476+0000] {logging_mixin.py:137} INFO - [2023-04-14T19:19:36.476+0000] {dag.py:2705} INFO - Sync 1 DAGs
[2023-04-14T19:19:36.496+0000] {logging_mixin.py:137} INFO - [2023-04-14T19:19:36.496+0000] {dag.py:3456} INFO - Setting next_dagrun for example_bash_operator to 2023-04-13T00:00:00+00:00, run_after=2023-04-14T00:00:00+00:00
[2023-04-14T19:19:36.511+0000] {processor.py:175} INFO - Processing /home/airflow/.local/lib/python3.7/site-packages/airflow/example_dags/example_bash_operator.py took 0.082 seconds
[2023-04-14T19:20:06.789+0000] {processor.py:153} INFO - Started process (PID=467) to work on /home/airflow/.local/lib/python3.7/site-packages/airflow/example_dags/example_bash_operator.py
[2023-04-14T19:20:06.790+0000] {processor.py:743} INFO - Processing file /home/airflow/.local/lib/python3.7/site-packages/airflow/example_dags/example_bash_operator.py for tasks to queue
[2023-04-14T19:20:06.790+0000] {logging_mixin.py:137} INFO - [2023-04-14T19:20:06.790+0000] {dagbag.py:532} INFO - Filling up the DagBag from /home/airflow/.local/lib/python3.7/site-packages/airflow/example_dags/example_bash_operator.py
[2023-04-14T19:20:06.808+0000] {processor.py:753} INFO - DAG(s) dict_keys(['example_bash_operator']) retrieved from /home/airflow/.local/lib/python3.7/site-packages/airflow/example_dags/example_bash_operator.py
[2023-04-14T19:20:06.836+0000] {logging_mixin.py:137} INFO - [2023-04-14T19:20:06.836+0000] {dag.py:2705} INFO - Sync 1 DAGs
[2023-04-14T19:20:06.855+0000] {logging_mixin.py:137} INFO - [2023-04-14T19:20:06.855+0000] {dag.py:3456} INFO - Setting next_dagrun for example_bash_operator to 2023-04-13T00:00:00+00:00, run_after=2023-04-14T00:00:00+00:00
[2023-04-14T19:20:06.868+0000] {processor.py:175} INFO - Processing /home/airflow/.local/lib/python3.7/site-packages/airflow/example_dags/example_bash_operator.py took 0.082 seconds
[2023-04-14T19:20:37.206+0000] {processor.py:153} INFO - Started process (PID=559) to work on /home/airflow/.local/lib/python3.7/site-packages/airflow/example_dags/example_bash_operator.py
[2023-04-14T19:20:37.207+0000] {processor.py:743} INFO - Processing file /home/airflow/.local/lib/python3.7/site-packages/airflow/example_dags/example_bash_operator.py for tasks to queue
[2023-04-14T19:20:37.207+0000] {logging_mixin.py:137} INFO - [2023-04-14T19:20:37.207+0000] {dagbag.py:532} INFO - Filling up the DagBag from /home/airflow/.local/lib/python3.7/site-packages/airflow/example_dags/example_bash_operator.py
[2023-04-14T19:20:37.224+0000] {processor.py:753} INFO - DAG(s) dict_keys(['example_bash_operator']) retrieved from /home/airflow/.local/lib/python3.7/site-packages/airflow/example_dags/example_bash_operator.py
[2023-04-14T19:20:37.248+0000] {logging_mixin.py:137} INFO - [2023-04-14T19:20:37.248+0000] {dag.py:2705} INFO - Sync 1 DAGs
[2023-04-14T19:20:37.265+0000] {logging_mixin.py:137} INFO - [2023-04-14T19:20:37.264+0000] {dag.py:3456} INFO - Setting next_dagrun for example_bash_operator to 2023-04-13T00:00:00+00:00, run_after=2023-04-14T00:00:00+00:00
[2023-04-14T19:20:37.279+0000] {processor.py:175} INFO - Processing /home/airflow/.local/lib/python3.7/site-packages/airflow/example_dags/example_bash_operator.py took 0.078 seconds
[2023-04-14T19:21:07.567+0000] {processor.py:153} INFO - Started process (PID=650) to work on /home/airflow/.local/lib/python3.7/site-packages/airflow/example_dags/example_bash_operator.py
[2023-04-14T19:21:07.567+0000] {processor.py:743} INFO - Processing file /home/airflow/.local/lib/python3.7/site-packages/airflow/example_dags/example_bash_operator.py for tasks to queue
[2023-04-14T19:21:07.568+0000] {logging_mixin.py:137} INFO - [2023-04-14T19:21:07.568+0000] {dagbag.py:532} INFO - Filling up the DagBag from /home/airflow/.local/lib/python3.7/site-packages/airflow/example_dags/example_bash_operator.py
[2023-04-14T19:21:07.584+0000] {processor.py:753} INFO - DAG(s) dict_keys(['example_bash_operator']) retrieved from /home/airflow/.local/lib/python3.7/site-packages/airflow/example_dags/example_bash_operator.py
[2023-04-14T19:21:07.611+0000] {logging_mixin.py:137} INFO - [2023-04-14T19:21:07.611+0000] {dag.py:2705} INFO - Sync 1 DAGs
[2023-04-14T19:21:07.629+0000] {logging_mixin.py:137} INFO - [2023-04-14T19:21:07.629+0000] {dag.py:3456} INFO - Setting next_dagrun for example_bash_operator to 2023-04-13T00:00:00+00:00, run_after=2023-04-14T00:00:00+00:00
[2023-04-14T19:21:07.643+0000] {processor.py:175} INFO - Processing /home/airflow/.local/lib/python3.7/site-packages/airflow/example_dags/example_bash_operator.py took 0.079 seconds
[2023-04-14T19:21:37.783+0000] {processor.py:153} INFO - Started process (PID=725) to work on /home/airflow/.local/lib/python3.7/site-packages/airflow/example_dags/example_bash_operator.py
[2023-04-14T19:21:37.784+0000] {processor.py:743} INFO - Processing file /home/airflow/.local/lib/python3.7/site-packages/airflow/example_dags/example_bash_operator.py for tasks to queue
[2023-04-14T19:21:37.785+0000] {logging_mixin.py:137} INFO - [2023-04-14T19:21:37.785+0000] {dagbag.py:532} INFO - Filling up the DagBag from /home/airflow/.local/lib/python3.7/site-packages/airflow/example_dags/example_bash_operator.py
[2023-04-14T19:21:37.802+0000] {processor.py:753} INFO - DAG(s) dict_keys(['example_bash_operator']) retrieved from /home/airflow/.local/lib/python3.7/site-packages/airflow/example_dags/example_bash_operator.py
[2023-04-14T19:21:37.831+0000] {logging_mixin.py:137} INFO - [2023-04-14T19:21:37.831+0000] {dag.py:2705} INFO - Sync 1 DAGs
[2023-04-14T19:21:37.852+0000] {logging_mixin.py:137} INFO - [2023-04-14T19:21:37.852+0000] {dag.py:3456} INFO - Setting next_dagrun for example_bash_operator to 2023-04-13T00:00:00+00:00, run_after=2023-04-14T00:00:00+00:00
[2023-04-14T19:21:37.869+0000] {processor.py:175} INFO - Processing /home/airflow/.local/lib/python3.7/site-packages/airflow/example_dags/example_bash_operator.py took 0.090 seconds
[2023-04-14T19:22:07.940+0000] {processor.py:153} INFO - Started process (PID=816) to work on /home/airflow/.local/lib/python3.7/site-packages/airflow/example_dags/example_bash_operator.py
[2023-04-14T19:22:07.941+0000] {processor.py:743} INFO - Processing file /home/airflow/.local/lib/python3.7/site-packages/airflow/example_dags/example_bash_operator.py for tasks to queue
[2023-04-14T19:22:07.941+0000] {logging_mixin.py:137} INFO - [2023-04-14T19:22:07.941+0000] {dagbag.py:532} INFO - Filling up the DagBag from /home/airflow/.local/lib/python3.7/site-packages/airflow/example_dags/example_bash_operator.py
[2023-04-14T19:22:07.957+0000] {processor.py:753} INFO - DAG(s) dict_keys(['example_bash_operator']) retrieved from /home/airflow/.local/lib/python3.7/site-packages/airflow/example_dags/example_bash_operator.py
[2023-04-14T19:22:07.983+0000] {logging_mixin.py:137} INFO - [2023-04-14T19:22:07.983+0000] {dag.py:2705} INFO - Sync 1 DAGs
[2023-04-14T19:22:07.999+0000] {logging_mixin.py:137} INFO - [2023-04-14T19:22:07.999+0000] {dag.py:3456} INFO - Setting next_dagrun for example_bash_operator to 2023-04-13T00:00:00+00:00, run_after=2023-04-14T00:00:00+00:00
[2023-04-14T19:22:08.014+0000] {processor.py:175} INFO - Processing /home/airflow/.local/lib/python3.7/site-packages/airflow/example_dags/example_bash_operator.py took 0.077 seconds
[2023-04-14T19:22:38.106+0000] {processor.py:153} INFO - Started process (PID=907) to work on /home/airflow/.local/lib/python3.7/site-packages/airflow/example_dags/example_bash_operator.py
[2023-04-14T19:22:38.107+0000] {processor.py:743} INFO - Processing file /home/airflow/.local/lib/python3.7/site-packages/airflow/example_dags/example_bash_operator.py for tasks to queue
[2023-04-14T19:22:38.108+0000] {logging_mixin.py:137} INFO - [2023-04-14T19:22:38.108+0000] {dagbag.py:532} INFO - Filling up the DagBag from /home/airflow/.local/lib/python3.7/site-packages/airflow/example_dags/example_bash_operator.py
[2023-04-14T19:22:38.132+0000] {processor.py:753} INFO - DAG(s) dict_keys(['example_bash_operator']) retrieved from /home/airflow/.local/lib/python3.7/site-packages/airflow/example_dags/example_bash_operator.py
[2023-04-14T19:22:38.161+0000] {logging_mixin.py:137} INFO - [2023-04-14T19:22:38.160+0000] {dag.py:2705} INFO - Sync 1 DAGs
[2023-04-14T19:22:38.183+0000] {logging_mixin.py:137} INFO - [2023-04-14T19:22:38.183+0000] {dag.py:3456} INFO - Setting next_dagrun for example_bash_operator to 2023-04-13T00:00:00+00:00, run_after=2023-04-14T00:00:00+00:00
[2023-04-14T19:22:38.204+0000] {processor.py:175} INFO - Processing /home/airflow/.local/lib/python3.7/site-packages/airflow/example_dags/example_bash_operator.py took 0.102 seconds
[2023-04-14T19:23:08.875+0000] {processor.py:153} INFO - Started process (PID=982) to work on /home/airflow/.local/lib/python3.7/site-packages/airflow/example_dags/example_bash_operator.py
[2023-04-14T19:23:08.876+0000] {processor.py:743} INFO - Processing file /home/airflow/.local/lib/python3.7/site-packages/airflow/example_dags/example_bash_operator.py for tasks to queue
[2023-04-14T19:23:08.876+0000] {logging_mixin.py:137} INFO - [2023-04-14T19:23:08.876+0000] {dagbag.py:532} INFO - Filling up the DagBag from /home/airflow/.local/lib/python3.7/site-packages/airflow/example_dags/example_bash_operator.py
[2023-04-14T19:23:08.893+0000] {processor.py:753} INFO - DAG(s) dict_keys(['example_bash_operator']) retrieved from /home/airflow/.local/lib/python3.7/site-packages/airflow/example_dags/example_bash_operator.py
[2023-04-14T19:23:08.918+0000] {logging_mixin.py:137} INFO - [2023-04-14T19:23:08.918+0000] {dag.py:2705} INFO - Sync 1 DAGs
[2023-04-14T19:23:08.935+0000] {logging_mixin.py:137} INFO - [2023-04-14T19:23:08.935+0000] {dag.py:3456} INFO - Setting next_dagrun for example_bash_operator to 2023-04-13T00:00:00+00:00, run_after=2023-04-14T00:00:00+00:00
[2023-04-14T19:23:08.948+0000] {processor.py:175} INFO - Processing /home/airflow/.local/lib/python3.7/site-packages/airflow/example_dags/example_bash_operator.py took 0.076 seconds
[2023-04-14T19:23:38.974+0000] {processor.py:153} INFO - Started process (PID=1073) to work on /home/airflow/.local/lib/python3.7/site-packages/airflow/example_dags/example_bash_operator.py
[2023-04-14T19:23:38.975+0000] {processor.py:743} INFO - Processing file /home/airflow/.local/lib/python3.7/site-packages/airflow/example_dags/example_bash_operator.py for tasks to queue
[2023-04-14T19:23:38.975+0000] {logging_mixin.py:137} INFO - [2023-04-14T19:23:38.975+0000] {dagbag.py:532} INFO - Filling up the DagBag from /home/airflow/.local/lib/python3.7/site-packages/airflow/example_dags/example_bash_operator.py
[2023-04-14T19:23:38.991+0000] {processor.py:753} INFO - DAG(s) dict_keys(['example_bash_operator']) retrieved from /home/airflow/.local/lib/python3.7/site-packages/airflow/example_dags/example_bash_operator.py
[2023-04-14T19:23:39.015+0000] {logging_mixin.py:137} INFO - [2023-04-14T19:23:39.015+0000] {dag.py:2705} INFO - Sync 1 DAGs
[2023-04-14T19:23:39.031+0000] {logging_mixin.py:137} INFO - [2023-04-14T19:23:39.031+0000] {dag.py:3456} INFO - Setting next_dagrun for example_bash_operator to 2023-04-13T00:00:00+00:00, run_after=2023-04-14T00:00:00+00:00
[2023-04-14T19:23:39.044+0000] {processor.py:175} INFO - Processing /home/airflow/.local/lib/python3.7/site-packages/airflow/example_dags/example_bash_operator.py took 0.073 seconds
[2023-04-14T19:24:09.168+0000] {processor.py:153} INFO - Started process (PID=1164) to work on /home/airflow/.local/lib/python3.7/site-packages/airflow/example_dags/example_bash_operator.py
[2023-04-14T19:24:09.182+0000] {processor.py:743} INFO - Processing file /home/airflow/.local/lib/python3.7/site-packages/airflow/example_dags/example_bash_operator.py for tasks to queue
[2023-04-14T19:24:09.183+0000] {logging_mixin.py:137} INFO - [2023-04-14T19:24:09.183+0000] {dagbag.py:532} INFO - Filling up the DagBag from /home/airflow/.local/lib/python3.7/site-packages/airflow/example_dags/example_bash_operator.py
[2023-04-14T19:24:09.200+0000] {processor.py:753} INFO - DAG(s) dict_keys(['example_bash_operator']) retrieved from /home/airflow/.local/lib/python3.7/site-packages/airflow/example_dags/example_bash_operator.py
[2023-04-14T19:24:09.230+0000] {logging_mixin.py:137} INFO - [2023-04-14T19:24:09.230+0000] {dag.py:2705} INFO - Sync 1 DAGs
[2023-04-14T19:24:09.249+0000] {logging_mixin.py:137} INFO - [2023-04-14T19:24:09.249+0000] {dag.py:3456} INFO - Setting next_dagrun for example_bash_operator to 2023-04-13T00:00:00+00:00, run_after=2023-04-14T00:00:00+00:00
[2023-04-14T19:24:09.265+0000] {processor.py:175} INFO - Processing /home/airflow/.local/lib/python3.7/site-packages/airflow/example_dags/example_bash_operator.py took 0.100 seconds
[2023-04-14T19:26:08.476+0000] {processor.py:153} INFO - Started process (PID=41) to work on /home/airflow/.local/lib/python3.7/site-packages/airflow/example_dags/example_bash_operator.py
[2023-04-14T19:26:08.477+0000] {processor.py:743} INFO - Processing file /home/airflow/.local/lib/python3.7/site-packages/airflow/example_dags/example_bash_operator.py for tasks to queue
[2023-04-14T19:26:08.478+0000] {logging_mixin.py:137} INFO - [2023-04-14T19:26:08.477+0000] {dagbag.py:532} INFO - Filling up the DagBag from /home/airflow/.local/lib/python3.7/site-packages/airflow/example_dags/example_bash_operator.py
[2023-04-14T19:26:08.501+0000] {processor.py:753} INFO - DAG(s) dict_keys(['example_bash_operator']) retrieved from /home/airflow/.local/lib/python3.7/site-packages/airflow/example_dags/example_bash_operator.py
[2023-04-14T19:26:08.513+0000] {logging_mixin.py:137} INFO - [2023-04-14T19:26:08.513+0000] {dag.py:2705} INFO - Sync 1 DAGs
[2023-04-14T19:26:08.539+0000] {logging_mixin.py:137} INFO - [2023-04-14T19:26:08.539+0000] {dag.py:3456} INFO - Setting next_dagrun for example_bash_operator to 2023-04-13T00:00:00+00:00, run_after=2023-04-14T00:00:00+00:00
[2023-04-14T19:26:08.562+0000] {processor.py:175} INFO - Processing /home/airflow/.local/lib/python3.7/site-packages/airflow/example_dags/example_bash_operator.py took 0.089 seconds
[2023-04-14T19:26:38.680+0000] {processor.py:153} INFO - Started process (PID=132) to work on /home/airflow/.local/lib/python3.7/site-packages/airflow/example_dags/example_bash_operator.py
[2023-04-14T19:26:38.681+0000] {processor.py:743} INFO - Processing file /home/airflow/.local/lib/python3.7/site-packages/airflow/example_dags/example_bash_operator.py for tasks to queue
[2023-04-14T19:26:38.682+0000] {logging_mixin.py:137} INFO - [2023-04-14T19:26:38.681+0000] {dagbag.py:532} INFO - Filling up the DagBag from /home/airflow/.local/lib/python3.7/site-packages/airflow/example_dags/example_bash_operator.py
[2023-04-14T19:26:38.704+0000] {processor.py:753} INFO - DAG(s) dict_keys(['example_bash_operator']) retrieved from /home/airflow/.local/lib/python3.7/site-packages/airflow/example_dags/example_bash_operator.py
[2023-04-14T19:26:38.731+0000] {logging_mixin.py:137} INFO - [2023-04-14T19:26:38.731+0000] {dag.py:2705} INFO - Sync 1 DAGs
[2023-04-14T19:26:38.749+0000] {logging_mixin.py:137} INFO - [2023-04-14T19:26:38.749+0000] {dag.py:3456} INFO - Setting next_dagrun for example_bash_operator to 2023-04-13T00:00:00+00:00, run_after=2023-04-14T00:00:00+00:00
[2023-04-14T19:26:38.764+0000] {processor.py:175} INFO - Processing /home/airflow/.local/lib/python3.7/site-packages/airflow/example_dags/example_bash_operator.py took 0.088 seconds
[2023-04-14T19:27:09.279+0000] {processor.py:153} INFO - Started process (PID=216) to work on /home/airflow/.local/lib/python3.7/site-packages/airflow/example_dags/example_bash_operator.py
[2023-04-14T19:27:09.280+0000] {processor.py:743} INFO - Processing file /home/airflow/.local/lib/python3.7/site-packages/airflow/example_dags/example_bash_operator.py for tasks to queue
[2023-04-14T19:27:09.280+0000] {logging_mixin.py:137} INFO - [2023-04-14T19:27:09.280+0000] {dagbag.py:532} INFO - Filling up the DagBag from /home/airflow/.local/lib/python3.7/site-packages/airflow/example_dags/example_bash_operator.py
[2023-04-14T19:27:09.297+0000] {processor.py:753} INFO - DAG(s) dict_keys(['example_bash_operator']) retrieved from /home/airflow/.local/lib/python3.7/site-packages/airflow/example_dags/example_bash_operator.py
[2023-04-14T19:27:09.324+0000] {logging_mixin.py:137} INFO - [2023-04-14T19:27:09.324+0000] {dag.py:2705} INFO - Sync 1 DAGs
[2023-04-14T19:27:09.352+0000] {logging_mixin.py:137} INFO - [2023-04-14T19:27:09.351+0000] {dag.py:3456} INFO - Setting next_dagrun for example_bash_operator to 2023-04-13T00:00:00+00:00, run_after=2023-04-14T00:00:00+00:00
[2023-04-14T19:27:09.372+0000] {processor.py:175} INFO - Processing /home/airflow/.local/lib/python3.7/site-packages/airflow/example_dags/example_bash_operator.py took 0.096 seconds
[2023-04-14T19:31:44.324+0000] {processor.py:153} INFO - Started process (PID=32) to work on /home/airflow/.local/lib/python3.10/site-packages/airflow/example_dags/example_bash_operator.py
[2023-04-14T19:31:44.324+0000] {processor.py:743} INFO - Processing file /home/airflow/.local/lib/python3.10/site-packages/airflow/example_dags/example_bash_operator.py for tasks to queue
[2023-04-14T19:31:44.325+0000] {logging_mixin.py:137} INFO - [2023-04-14T19:31:44.325+0000] {dagbag.py:532} INFO - Filling up the DagBag from /home/airflow/.local/lib/python3.10/site-packages/airflow/example_dags/example_bash_operator.py
[2023-04-14T19:31:44.345+0000] {processor.py:753} INFO - DAG(s) dict_keys(['example_bash_operator']) retrieved from /home/airflow/.local/lib/python3.10/site-packages/airflow/example_dags/example_bash_operator.py
[2023-04-14T19:31:44.357+0000] {logging_mixin.py:137} INFO - [2023-04-14T19:31:44.357+0000] {dag.py:2705} INFO - Sync 1 DAGs
[2023-04-14T19:31:44.387+0000] {logging_mixin.py:137} INFO - [2023-04-14T19:31:44.387+0000] {dag.py:3452} INFO - Setting next_dagrun for example_bash_operator to 2023-04-13T00:00:00+00:00, run_after=2023-04-14T00:00:00+00:00
[2023-04-14T19:31:44.435+0000] {processor.py:175} INFO - Processing /home/airflow/.local/lib/python3.10/site-packages/airflow/example_dags/example_bash_operator.py took 0.115 seconds
[2023-04-14T19:32:15.209+0000] {processor.py:153} INFO - Started process (PID=116) to work on /home/airflow/.local/lib/python3.10/site-packages/airflow/example_dags/example_bash_operator.py
[2023-04-14T19:32:15.209+0000] {processor.py:743} INFO - Processing file /home/airflow/.local/lib/python3.10/site-packages/airflow/example_dags/example_bash_operator.py for tasks to queue
[2023-04-14T19:32:15.210+0000] {logging_mixin.py:137} INFO - [2023-04-14T19:32:15.210+0000] {dagbag.py:532} INFO - Filling up the DagBag from /home/airflow/.local/lib/python3.10/site-packages/airflow/example_dags/example_bash_operator.py
[2023-04-14T19:32:15.229+0000] {processor.py:753} INFO - DAG(s) dict_keys(['example_bash_operator']) retrieved from /home/airflow/.local/lib/python3.10/site-packages/airflow/example_dags/example_bash_operator.py
[2023-04-14T19:32:15.256+0000] {logging_mixin.py:137} INFO - [2023-04-14T19:32:15.256+0000] {dag.py:2705} INFO - Sync 1 DAGs
[2023-04-14T19:32:15.276+0000] {logging_mixin.py:137} INFO - [2023-04-14T19:32:15.276+0000] {dag.py:3452} INFO - Setting next_dagrun for example_bash_operator to 2023-04-13T00:00:00+00:00, run_after=2023-04-14T00:00:00+00:00
[2023-04-14T19:32:15.292+0000] {processor.py:175} INFO - Processing /home/airflow/.local/lib/python3.10/site-packages/airflow/example_dags/example_bash_operator.py took 0.087 seconds
[2023-04-14T19:32:45.410+0000] {processor.py:153} INFO - Started process (PID=186) to work on /home/airflow/.local/lib/python3.10/site-packages/airflow/example_dags/example_bash_operator.py
[2023-04-14T19:32:45.410+0000] {processor.py:743} INFO - Processing file /home/airflow/.local/lib/python3.10/site-packages/airflow/example_dags/example_bash_operator.py for tasks to queue
[2023-04-14T19:32:45.411+0000] {logging_mixin.py:137} INFO - [2023-04-14T19:32:45.411+0000] {dagbag.py:532} INFO - Filling up the DagBag from /home/airflow/.local/lib/python3.10/site-packages/airflow/example_dags/example_bash_operator.py
[2023-04-14T19:32:45.429+0000] {processor.py:753} INFO - DAG(s) dict_keys(['example_bash_operator']) retrieved from /home/airflow/.local/lib/python3.10/site-packages/airflow/example_dags/example_bash_operator.py
[2023-04-14T19:32:45.450+0000] {logging_mixin.py:137} INFO - [2023-04-14T19:32:45.449+0000] {dag.py:2705} INFO - Sync 1 DAGs
[2023-04-14T19:32:45.463+0000] {logging_mixin.py:137} INFO - [2023-04-14T19:32:45.463+0000] {dag.py:3452} INFO - Setting next_dagrun for example_bash_operator to 2023-04-13T00:00:00+00:00, run_after=2023-04-14T00:00:00+00:00
[2023-04-14T19:32:45.473+0000] {processor.py:175} INFO - Processing /home/airflow/.local/lib/python3.10/site-packages/airflow/example_dags/example_bash_operator.py took 0.067 seconds
[2023-04-14T19:33:23.502+0000] {processor.py:153} INFO - Started process (PID=33) to work on /home/airflow/.local/lib/python3.10/site-packages/airflow/example_dags/example_bash_operator.py
[2023-04-14T19:33:23.503+0000] {processor.py:743} INFO - Processing file /home/airflow/.local/lib/python3.10/site-packages/airflow/example_dags/example_bash_operator.py for tasks to queue
[2023-04-14T19:33:23.504+0000] {logging_mixin.py:137} INFO - [2023-04-14T19:33:23.504+0000] {dagbag.py:532} INFO - Filling up the DagBag from /home/airflow/.local/lib/python3.10/site-packages/airflow/example_dags/example_bash_operator.py
[2023-04-14T19:33:23.525+0000] {processor.py:753} INFO - DAG(s) dict_keys(['example_bash_operator']) retrieved from /home/airflow/.local/lib/python3.10/site-packages/airflow/example_dags/example_bash_operator.py
[2023-04-14T19:33:23.536+0000] {logging_mixin.py:137} INFO - [2023-04-14T19:33:23.536+0000] {dag.py:2705} INFO - Sync 1 DAGs
[2023-04-14T19:33:23.560+0000] {logging_mixin.py:137} INFO - [2023-04-14T19:33:23.559+0000] {dag.py:3452} INFO - Setting next_dagrun for example_bash_operator to 2023-04-13T00:00:00+00:00, run_after=2023-04-14T00:00:00+00:00
[2023-04-14T19:33:23.573+0000] {processor.py:175} INFO - Processing /home/airflow/.local/lib/python3.10/site-packages/airflow/example_dags/example_bash_operator.py took 0.075 seconds
[2023-04-14T19:33:54.580+0000] {processor.py:153} INFO - Started process (PID=117) to work on /home/airflow/.local/lib/python3.10/site-packages/airflow/example_dags/example_bash_operator.py
[2023-04-14T19:33:54.581+0000] {processor.py:743} INFO - Processing file /home/airflow/.local/lib/python3.10/site-packages/airflow/example_dags/example_bash_operator.py for tasks to queue
[2023-04-14T19:33:54.581+0000] {logging_mixin.py:137} INFO - [2023-04-14T19:33:54.581+0000] {dagbag.py:532} INFO - Filling up the DagBag from /home/airflow/.local/lib/python3.10/site-packages/airflow/example_dags/example_bash_operator.py
[2023-04-14T19:33:54.600+0000] {processor.py:753} INFO - DAG(s) dict_keys(['example_bash_operator']) retrieved from /home/airflow/.local/lib/python3.10/site-packages/airflow/example_dags/example_bash_operator.py
[2023-04-14T19:33:54.624+0000] {logging_mixin.py:137} INFO - [2023-04-14T19:33:54.624+0000] {dag.py:2705} INFO - Sync 1 DAGs
[2023-04-14T19:33:54.644+0000] {logging_mixin.py:137} INFO - [2023-04-14T19:33:54.643+0000] {dag.py:3452} INFO - Setting next_dagrun for example_bash_operator to 2023-04-13T00:00:00+00:00, run_after=2023-04-14T00:00:00+00:00
[2023-04-14T19:33:54.654+0000] {processor.py:175} INFO - Processing /home/airflow/.local/lib/python3.10/site-packages/airflow/example_dags/example_bash_operator.py took 0.078 seconds
[2023-04-14T19:34:25.460+0000] {processor.py:153} INFO - Started process (PID=194) to work on /home/airflow/.local/lib/python3.10/site-packages/airflow/example_dags/example_bash_operator.py
[2023-04-14T19:34:25.460+0000] {processor.py:743} INFO - Processing file /home/airflow/.local/lib/python3.10/site-packages/airflow/example_dags/example_bash_operator.py for tasks to queue
[2023-04-14T19:34:25.461+0000] {logging_mixin.py:137} INFO - [2023-04-14T19:34:25.461+0000] {dagbag.py:532} INFO - Filling up the DagBag from /home/airflow/.local/lib/python3.10/site-packages/airflow/example_dags/example_bash_operator.py
[2023-04-14T19:34:25.480+0000] {processor.py:753} INFO - DAG(s) dict_keys(['example_bash_operator']) retrieved from /home/airflow/.local/lib/python3.10/site-packages/airflow/example_dags/example_bash_operator.py
[2023-04-14T19:34:25.505+0000] {logging_mixin.py:137} INFO - [2023-04-14T19:34:25.505+0000] {dag.py:2705} INFO - Sync 1 DAGs
[2023-04-14T19:34:25.523+0000] {logging_mixin.py:137} INFO - [2023-04-14T19:34:25.523+0000] {dag.py:3452} INFO - Setting next_dagrun for example_bash_operator to 2023-04-13T00:00:00+00:00, run_after=2023-04-14T00:00:00+00:00
[2023-04-14T19:34:25.540+0000] {processor.py:175} INFO - Processing /home/airflow/.local/lib/python3.10/site-packages/airflow/example_dags/example_bash_operator.py took 0.083 seconds
[2023-04-14T19:35:36.978+0000] {processor.py:153} INFO - Started process (PID=33) to work on /home/airflow/.local/lib/python3.10/site-packages/airflow/example_dags/example_bash_operator.py
[2023-04-14T19:35:36.979+0000] {processor.py:743} INFO - Processing file /home/airflow/.local/lib/python3.10/site-packages/airflow/example_dags/example_bash_operator.py for tasks to queue
[2023-04-14T19:35:36.980+0000] {logging_mixin.py:137} INFO - [2023-04-14T19:35:36.980+0000] {dagbag.py:532} INFO - Filling up the DagBag from /home/airflow/.local/lib/python3.10/site-packages/airflow/example_dags/example_bash_operator.py
[2023-04-14T19:35:36.999+0000] {processor.py:753} INFO - DAG(s) dict_keys(['example_bash_operator']) retrieved from /home/airflow/.local/lib/python3.10/site-packages/airflow/example_dags/example_bash_operator.py
[2023-04-14T19:35:37.008+0000] {logging_mixin.py:137} INFO - [2023-04-14T19:35:37.008+0000] {dag.py:2705} INFO - Sync 1 DAGs
[2023-04-14T19:35:37.022+0000] {logging_mixin.py:137} INFO - [2023-04-14T19:35:37.022+0000] {dag.py:3452} INFO - Setting next_dagrun for example_bash_operator to 2023-04-13T00:00:00+00:00, run_after=2023-04-14T00:00:00+00:00
[2023-04-14T19:35:37.033+0000] {processor.py:175} INFO - Processing /home/airflow/.local/lib/python3.10/site-packages/airflow/example_dags/example_bash_operator.py took 0.057 seconds
[2023-04-14T19:36:08.040+0000] {processor.py:153} INFO - Started process (PID=118) to work on /home/airflow/.local/lib/python3.10/site-packages/airflow/example_dags/example_bash_operator.py
[2023-04-14T19:36:08.040+0000] {processor.py:743} INFO - Processing file /home/airflow/.local/lib/python3.10/site-packages/airflow/example_dags/example_bash_operator.py for tasks to queue
[2023-04-14T19:36:08.041+0000] {logging_mixin.py:137} INFO - [2023-04-14T19:36:08.041+0000] {dagbag.py:532} INFO - Filling up the DagBag from /home/airflow/.local/lib/python3.10/site-packages/airflow/example_dags/example_bash_operator.py
[2023-04-14T19:36:08.059+0000] {processor.py:753} INFO - DAG(s) dict_keys(['example_bash_operator']) retrieved from /home/airflow/.local/lib/python3.10/site-packages/airflow/example_dags/example_bash_operator.py
[2023-04-14T19:36:08.080+0000] {logging_mixin.py:137} INFO - [2023-04-14T19:36:08.079+0000] {dag.py:2705} INFO - Sync 1 DAGs
[2023-04-14T19:36:08.095+0000] {logging_mixin.py:137} INFO - [2023-04-14T19:36:08.095+0000] {dag.py:3452} INFO - Setting next_dagrun for example_bash_operator to 2023-04-13T00:00:00+00:00, run_after=2023-04-14T00:00:00+00:00
[2023-04-14T19:36:08.107+0000] {processor.py:175} INFO - Processing /home/airflow/.local/lib/python3.10/site-packages/airflow/example_dags/example_bash_operator.py took 0.070 seconds
[2023-04-14T19:36:38.951+0000] {processor.py:153} INFO - Started process (PID=195) to work on /home/airflow/.local/lib/python3.10/site-packages/airflow/example_dags/example_bash_operator.py
[2023-04-14T19:36:38.951+0000] {processor.py:743} INFO - Processing file /home/airflow/.local/lib/python3.10/site-packages/airflow/example_dags/example_bash_operator.py for tasks to queue
[2023-04-14T19:36:38.952+0000] {logging_mixin.py:137} INFO - [2023-04-14T19:36:38.952+0000] {dagbag.py:532} INFO - Filling up the DagBag from /home/airflow/.local/lib/python3.10/site-packages/airflow/example_dags/example_bash_operator.py
[2023-04-14T19:36:38.967+0000] {processor.py:753} INFO - DAG(s) dict_keys(['example_bash_operator']) retrieved from /home/airflow/.local/lib/python3.10/site-packages/airflow/example_dags/example_bash_operator.py
[2023-04-14T19:36:38.990+0000] {logging_mixin.py:137} INFO - [2023-04-14T19:36:38.990+0000] {dag.py:2705} INFO - Sync 1 DAGs
[2023-04-14T19:36:39.006+0000] {logging_mixin.py:137} INFO - [2023-04-14T19:36:39.006+0000] {dag.py:3452} INFO - Setting next_dagrun for example_bash_operator to 2023-04-13T00:00:00+00:00, run_after=2023-04-14T00:00:00+00:00
[2023-04-14T19:36:39.021+0000] {processor.py:175} INFO - Processing /home/airflow/.local/lib/python3.10/site-packages/airflow/example_dags/example_bash_operator.py took 0.072 seconds
