[2023-04-14T19:13:18.014+0000] {processor.py:153} INFO - Started process (PID=53) to work on /home/airflow/.local/lib/python3.7/site-packages/airflow/example_dags/example_dag_decorator.py
[2023-04-14T19:13:18.015+0000] {processor.py:743} INFO - Processing file /home/airflow/.local/lib/python3.7/site-packages/airflow/example_dags/example_dag_decorator.py for tasks to queue
[2023-04-14T19:13:18.016+0000] {logging_mixin.py:137} INFO - [2023-04-14T19:13:18.016+0000] {dagbag.py:532} INFO - Filling up the DagBag from /home/airflow/.local/lib/python3.7/site-packages/airflow/example_dags/example_dag_decorator.py
[2023-04-14T19:13:18.044+0000] {logging_mixin.py:137} INFO - [2023-04-14T19:13:18.043+0000] {taskmixin.py:211} WARNING - Dependency <Task(_PythonDecoratedOperator): prepare_email>, send_email already registered for DAG: example_dag_decorator
[2023-04-14T19:13:18.044+0000] {logging_mixin.py:137} INFO - [2023-04-14T19:13:18.044+0000] {taskmixin.py:211} WARNING - Dependency <Task(EmailOperator): send_email>, prepare_email already registered for DAG: example_dag_decorator
[2023-04-14T19:13:18.062+0000] {processor.py:753} INFO - DAG(s) dict_keys(['example_dag_decorator']) retrieved from /home/airflow/.local/lib/python3.7/site-packages/airflow/example_dags/example_dag_decorator.py
[2023-04-14T19:13:18.074+0000] {logging_mixin.py:137} INFO - [2023-04-14T19:13:18.074+0000] {dag.py:2705} INFO - Sync 1 DAGs
[2023-04-14T19:13:18.097+0000] {logging_mixin.py:137} INFO - [2023-04-14T19:13:18.097+0000] {dag.py:3456} INFO - Setting next_dagrun for example_dag_decorator to None, run_after=None
[2023-04-14T19:13:18.123+0000] {processor.py:175} INFO - Processing /home/airflow/.local/lib/python3.7/site-packages/airflow/example_dags/example_dag_decorator.py took 0.114 seconds
[2023-04-14T19:13:49.052+0000] {processor.py:153} INFO - Started process (PID=143) to work on /home/airflow/.local/lib/python3.7/site-packages/airflow/example_dags/example_dag_decorator.py
[2023-04-14T19:13:49.053+0000] {processor.py:743} INFO - Processing file /home/airflow/.local/lib/python3.7/site-packages/airflow/example_dags/example_dag_decorator.py for tasks to queue
[2023-04-14T19:13:49.054+0000] {logging_mixin.py:137} INFO - [2023-04-14T19:13:49.054+0000] {dagbag.py:532} INFO - Filling up the DagBag from /home/airflow/.local/lib/python3.7/site-packages/airflow/example_dags/example_dag_decorator.py
[2023-04-14T19:13:49.075+0000] {logging_mixin.py:137} INFO - [2023-04-14T19:13:49.075+0000] {taskmixin.py:211} WARNING - Dependency <Task(_PythonDecoratedOperator): prepare_email>, send_email already registered for DAG: example_dag_decorator
[2023-04-14T19:13:49.076+0000] {logging_mixin.py:137} INFO - [2023-04-14T19:13:49.076+0000] {taskmixin.py:211} WARNING - Dependency <Task(EmailOperator): send_email>, prepare_email already registered for DAG: example_dag_decorator
[2023-04-14T19:13:49.085+0000] {processor.py:753} INFO - DAG(s) dict_keys(['example_dag_decorator']) retrieved from /home/airflow/.local/lib/python3.7/site-packages/airflow/example_dags/example_dag_decorator.py
[2023-04-14T19:13:49.128+0000] {logging_mixin.py:137} INFO - [2023-04-14T19:13:49.128+0000] {dag.py:2705} INFO - Sync 1 DAGs
[2023-04-14T19:13:49.144+0000] {logging_mixin.py:137} INFO - [2023-04-14T19:13:49.144+0000] {dag.py:3456} INFO - Setting next_dagrun for example_dag_decorator to None, run_after=None
[2023-04-14T19:13:49.163+0000] {processor.py:175} INFO - Processing /home/airflow/.local/lib/python3.7/site-packages/airflow/example_dags/example_dag_decorator.py took 0.116 seconds
[2023-04-14T19:14:19.308+0000] {processor.py:153} INFO - Started process (PID=234) to work on /home/airflow/.local/lib/python3.7/site-packages/airflow/example_dags/example_dag_decorator.py
[2023-04-14T19:14:19.308+0000] {processor.py:743} INFO - Processing file /home/airflow/.local/lib/python3.7/site-packages/airflow/example_dags/example_dag_decorator.py for tasks to queue
[2023-04-14T19:14:19.309+0000] {logging_mixin.py:137} INFO - [2023-04-14T19:14:19.309+0000] {dagbag.py:532} INFO - Filling up the DagBag from /home/airflow/.local/lib/python3.7/site-packages/airflow/example_dags/example_dag_decorator.py
[2023-04-14T19:14:19.327+0000] {logging_mixin.py:137} INFO - [2023-04-14T19:14:19.326+0000] {taskmixin.py:211} WARNING - Dependency <Task(_PythonDecoratedOperator): prepare_email>, send_email already registered for DAG: example_dag_decorator
[2023-04-14T19:14:19.327+0000] {logging_mixin.py:137} INFO - [2023-04-14T19:14:19.327+0000] {taskmixin.py:211} WARNING - Dependency <Task(EmailOperator): send_email>, prepare_email already registered for DAG: example_dag_decorator
[2023-04-14T19:14:19.338+0000] {processor.py:753} INFO - DAG(s) dict_keys(['example_dag_decorator']) retrieved from /home/airflow/.local/lib/python3.7/site-packages/airflow/example_dags/example_dag_decorator.py
[2023-04-14T19:14:19.385+0000] {logging_mixin.py:137} INFO - [2023-04-14T19:14:19.384+0000] {dag.py:2705} INFO - Sync 1 DAGs
[2023-04-14T19:14:19.402+0000] {logging_mixin.py:137} INFO - [2023-04-14T19:14:19.402+0000] {dag.py:3456} INFO - Setting next_dagrun for example_dag_decorator to None, run_after=None
[2023-04-14T19:14:19.416+0000] {processor.py:175} INFO - Processing /home/airflow/.local/lib/python3.7/site-packages/airflow/example_dags/example_dag_decorator.py took 0.111 seconds
[2023-04-14T19:14:49.498+0000] {processor.py:153} INFO - Started process (PID=309) to work on /home/airflow/.local/lib/python3.7/site-packages/airflow/example_dags/example_dag_decorator.py
[2023-04-14T19:14:49.499+0000] {processor.py:743} INFO - Processing file /home/airflow/.local/lib/python3.7/site-packages/airflow/example_dags/example_dag_decorator.py for tasks to queue
[2023-04-14T19:14:49.500+0000] {logging_mixin.py:137} INFO - [2023-04-14T19:14:49.500+0000] {dagbag.py:532} INFO - Filling up the DagBag from /home/airflow/.local/lib/python3.7/site-packages/airflow/example_dags/example_dag_decorator.py
[2023-04-14T19:14:49.518+0000] {logging_mixin.py:137} INFO - [2023-04-14T19:14:49.518+0000] {taskmixin.py:211} WARNING - Dependency <Task(_PythonDecoratedOperator): prepare_email>, send_email already registered for DAG: example_dag_decorator
[2023-04-14T19:14:49.518+0000] {logging_mixin.py:137} INFO - [2023-04-14T19:14:49.518+0000] {taskmixin.py:211} WARNING - Dependency <Task(EmailOperator): send_email>, prepare_email already registered for DAG: example_dag_decorator
[2023-04-14T19:14:49.527+0000] {processor.py:753} INFO - DAG(s) dict_keys(['example_dag_decorator']) retrieved from /home/airflow/.local/lib/python3.7/site-packages/airflow/example_dags/example_dag_decorator.py
[2023-04-14T19:14:49.573+0000] {logging_mixin.py:137} INFO - [2023-04-14T19:14:49.573+0000] {dag.py:2705} INFO - Sync 1 DAGs
[2023-04-14T19:14:49.589+0000] {logging_mixin.py:137} INFO - [2023-04-14T19:14:49.589+0000] {dag.py:3456} INFO - Setting next_dagrun for example_dag_decorator to None, run_after=None
[2023-04-14T19:14:49.603+0000] {processor.py:175} INFO - Processing /home/airflow/.local/lib/python3.7/site-packages/airflow/example_dags/example_dag_decorator.py took 0.109 seconds
[2023-04-14T19:15:19.708+0000] {processor.py:153} INFO - Started process (PID=400) to work on /home/airflow/.local/lib/python3.7/site-packages/airflow/example_dags/example_dag_decorator.py
[2023-04-14T19:15:19.708+0000] {processor.py:743} INFO - Processing file /home/airflow/.local/lib/python3.7/site-packages/airflow/example_dags/example_dag_decorator.py for tasks to queue
[2023-04-14T19:15:19.709+0000] {logging_mixin.py:137} INFO - [2023-04-14T19:15:19.709+0000] {dagbag.py:532} INFO - Filling up the DagBag from /home/airflow/.local/lib/python3.7/site-packages/airflow/example_dags/example_dag_decorator.py
[2023-04-14T19:15:19.721+0000] {logging_mixin.py:137} INFO - [2023-04-14T19:15:19.721+0000] {taskmixin.py:211} WARNING - Dependency <Task(_PythonDecoratedOperator): prepare_email>, send_email already registered for DAG: example_dag_decorator
[2023-04-14T19:15:19.721+0000] {logging_mixin.py:137} INFO - [2023-04-14T19:15:19.721+0000] {taskmixin.py:211} WARNING - Dependency <Task(EmailOperator): send_email>, prepare_email already registered for DAG: example_dag_decorator
[2023-04-14T19:15:19.730+0000] {processor.py:753} INFO - DAG(s) dict_keys(['example_dag_decorator']) retrieved from /home/airflow/.local/lib/python3.7/site-packages/airflow/example_dags/example_dag_decorator.py
[2023-04-14T19:15:19.772+0000] {logging_mixin.py:137} INFO - [2023-04-14T19:15:19.772+0000] {dag.py:2705} INFO - Sync 1 DAGs
[2023-04-14T19:15:19.787+0000] {logging_mixin.py:137} INFO - [2023-04-14T19:15:19.787+0000] {dag.py:3456} INFO - Setting next_dagrun for example_dag_decorator to None, run_after=None
[2023-04-14T19:15:19.801+0000] {processor.py:175} INFO - Processing /home/airflow/.local/lib/python3.7/site-packages/airflow/example_dags/example_dag_decorator.py took 0.098 seconds
[2023-04-14T19:17:35.301+0000] {processor.py:153} INFO - Started process (PID=53) to work on /home/airflow/.local/lib/python3.7/site-packages/airflow/example_dags/example_dag_decorator.py
[2023-04-14T19:17:35.301+0000] {processor.py:743} INFO - Processing file /home/airflow/.local/lib/python3.7/site-packages/airflow/example_dags/example_dag_decorator.py for tasks to queue
[2023-04-14T19:17:35.302+0000] {logging_mixin.py:137} INFO - [2023-04-14T19:17:35.302+0000] {dagbag.py:532} INFO - Filling up the DagBag from /home/airflow/.local/lib/python3.7/site-packages/airflow/example_dags/example_dag_decorator.py
[2023-04-14T19:17:35.317+0000] {logging_mixin.py:137} INFO - [2023-04-14T19:17:35.317+0000] {taskmixin.py:211} WARNING - Dependency <Task(_PythonDecoratedOperator): prepare_email>, send_email already registered for DAG: example_dag_decorator
[2023-04-14T19:17:35.317+0000] {logging_mixin.py:137} INFO - [2023-04-14T19:17:35.317+0000] {taskmixin.py:211} WARNING - Dependency <Task(EmailOperator): send_email>, prepare_email already registered for DAG: example_dag_decorator
[2023-04-14T19:17:35.334+0000] {processor.py:753} INFO - DAG(s) dict_keys(['example_dag_decorator']) retrieved from /home/airflow/.local/lib/python3.7/site-packages/airflow/example_dags/example_dag_decorator.py
[2023-04-14T19:17:35.346+0000] {logging_mixin.py:137} INFO - [2023-04-14T19:17:35.346+0000] {dag.py:2705} INFO - Sync 1 DAGs
[2023-04-14T19:17:35.366+0000] {logging_mixin.py:137} INFO - [2023-04-14T19:17:35.366+0000] {dag.py:3456} INFO - Setting next_dagrun for example_dag_decorator to None, run_after=None
[2023-04-14T19:17:35.390+0000] {processor.py:175} INFO - Processing /home/airflow/.local/lib/python3.7/site-packages/airflow/example_dags/example_dag_decorator.py took 0.093 seconds
[2023-04-14T19:18:05.866+0000] {processor.py:153} INFO - Started process (PID=145) to work on /home/airflow/.local/lib/python3.7/site-packages/airflow/example_dags/example_dag_decorator.py
[2023-04-14T19:18:05.867+0000] {processor.py:743} INFO - Processing file /home/airflow/.local/lib/python3.7/site-packages/airflow/example_dags/example_dag_decorator.py for tasks to queue
[2023-04-14T19:18:05.868+0000] {logging_mixin.py:137} INFO - [2023-04-14T19:18:05.868+0000] {dagbag.py:532} INFO - Filling up the DagBag from /home/airflow/.local/lib/python3.7/site-packages/airflow/example_dags/example_dag_decorator.py
[2023-04-14T19:18:05.889+0000] {logging_mixin.py:137} INFO - [2023-04-14T19:18:05.888+0000] {taskmixin.py:211} WARNING - Dependency <Task(_PythonDecoratedOperator): prepare_email>, send_email already registered for DAG: example_dag_decorator
[2023-04-14T19:18:05.889+0000] {logging_mixin.py:137} INFO - [2023-04-14T19:18:05.889+0000] {taskmixin.py:211} WARNING - Dependency <Task(EmailOperator): send_email>, prepare_email already registered for DAG: example_dag_decorator
[2023-04-14T19:18:05.901+0000] {processor.py:753} INFO - DAG(s) dict_keys(['example_dag_decorator']) retrieved from /home/airflow/.local/lib/python3.7/site-packages/airflow/example_dags/example_dag_decorator.py
[2023-04-14T19:18:05.953+0000] {logging_mixin.py:137} INFO - [2023-04-14T19:18:05.953+0000] {dag.py:2705} INFO - Sync 1 DAGs
[2023-04-14T19:18:05.971+0000] {logging_mixin.py:137} INFO - [2023-04-14T19:18:05.970+0000] {dag.py:3456} INFO - Setting next_dagrun for example_dag_decorator to None, run_after=None
[2023-04-14T19:18:05.996+0000] {processor.py:175} INFO - Processing /home/airflow/.local/lib/python3.7/site-packages/airflow/example_dags/example_dag_decorator.py took 0.132 seconds
[2023-04-14T19:18:36.364+0000] {processor.py:153} INFO - Started process (PID=236) to work on /home/airflow/.local/lib/python3.7/site-packages/airflow/example_dags/example_dag_decorator.py
[2023-04-14T19:18:36.366+0000] {processor.py:743} INFO - Processing file /home/airflow/.local/lib/python3.7/site-packages/airflow/example_dags/example_dag_decorator.py for tasks to queue
[2023-04-14T19:18:36.367+0000] {logging_mixin.py:137} INFO - [2023-04-14T19:18:36.366+0000] {dagbag.py:532} INFO - Filling up the DagBag from /home/airflow/.local/lib/python3.7/site-packages/airflow/example_dags/example_dag_decorator.py
[2023-04-14T19:18:36.382+0000] {logging_mixin.py:137} INFO - [2023-04-14T19:18:36.382+0000] {taskmixin.py:211} WARNING - Dependency <Task(_PythonDecoratedOperator): prepare_email>, send_email already registered for DAG: example_dag_decorator
[2023-04-14T19:18:36.382+0000] {logging_mixin.py:137} INFO - [2023-04-14T19:18:36.382+0000] {taskmixin.py:211} WARNING - Dependency <Task(EmailOperator): send_email>, prepare_email already registered for DAG: example_dag_decorator
[2023-04-14T19:18:36.391+0000] {processor.py:753} INFO - DAG(s) dict_keys(['example_dag_decorator']) retrieved from /home/airflow/.local/lib/python3.7/site-packages/airflow/example_dags/example_dag_decorator.py
[2023-04-14T19:18:36.436+0000] {logging_mixin.py:137} INFO - [2023-04-14T19:18:36.436+0000] {dag.py:2705} INFO - Sync 1 DAGs
[2023-04-14T19:18:36.456+0000] {logging_mixin.py:137} INFO - [2023-04-14T19:18:36.456+0000] {dag.py:3456} INFO - Setting next_dagrun for example_dag_decorator to None, run_after=None
[2023-04-14T19:18:36.474+0000] {processor.py:175} INFO - Processing /home/airflow/.local/lib/python3.7/site-packages/airflow/example_dags/example_dag_decorator.py took 0.112 seconds
[2023-04-14T19:19:06.752+0000] {processor.py:153} INFO - Started process (PID=311) to work on /home/airflow/.local/lib/python3.7/site-packages/airflow/example_dags/example_dag_decorator.py
[2023-04-14T19:19:06.753+0000] {processor.py:743} INFO - Processing file /home/airflow/.local/lib/python3.7/site-packages/airflow/example_dags/example_dag_decorator.py for tasks to queue
[2023-04-14T19:19:06.754+0000] {logging_mixin.py:137} INFO - [2023-04-14T19:19:06.754+0000] {dagbag.py:532} INFO - Filling up the DagBag from /home/airflow/.local/lib/python3.7/site-packages/airflow/example_dags/example_dag_decorator.py
[2023-04-14T19:19:06.767+0000] {logging_mixin.py:137} INFO - [2023-04-14T19:19:06.767+0000] {taskmixin.py:211} WARNING - Dependency <Task(_PythonDecoratedOperator): prepare_email>, send_email already registered for DAG: example_dag_decorator
[2023-04-14T19:19:06.767+0000] {logging_mixin.py:137} INFO - [2023-04-14T19:19:06.767+0000] {taskmixin.py:211} WARNING - Dependency <Task(EmailOperator): send_email>, prepare_email already registered for DAG: example_dag_decorator
[2023-04-14T19:19:06.776+0000] {processor.py:753} INFO - DAG(s) dict_keys(['example_dag_decorator']) retrieved from /home/airflow/.local/lib/python3.7/site-packages/airflow/example_dags/example_dag_decorator.py
[2023-04-14T19:19:06.822+0000] {logging_mixin.py:137} INFO - [2023-04-14T19:19:06.822+0000] {dag.py:2705} INFO - Sync 1 DAGs
[2023-04-14T19:19:06.836+0000] {logging_mixin.py:137} INFO - [2023-04-14T19:19:06.836+0000] {dag.py:3456} INFO - Setting next_dagrun for example_dag_decorator to None, run_after=None
[2023-04-14T19:19:06.850+0000] {processor.py:175} INFO - Processing /home/airflow/.local/lib/python3.7/site-packages/airflow/example_dags/example_dag_decorator.py took 0.100 seconds
[2023-04-14T19:19:37.029+0000] {processor.py:153} INFO - Started process (PID=404) to work on /home/airflow/.local/lib/python3.7/site-packages/airflow/example_dags/example_dag_decorator.py
[2023-04-14T19:19:37.030+0000] {processor.py:743} INFO - Processing file /home/airflow/.local/lib/python3.7/site-packages/airflow/example_dags/example_dag_decorator.py for tasks to queue
[2023-04-14T19:19:37.031+0000] {logging_mixin.py:137} INFO - [2023-04-14T19:19:37.030+0000] {dagbag.py:532} INFO - Filling up the DagBag from /home/airflow/.local/lib/python3.7/site-packages/airflow/example_dags/example_dag_decorator.py
[2023-04-14T19:19:37.044+0000] {logging_mixin.py:137} INFO - [2023-04-14T19:19:37.044+0000] {taskmixin.py:211} WARNING - Dependency <Task(_PythonDecoratedOperator): prepare_email>, send_email already registered for DAG: example_dag_decorator
[2023-04-14T19:19:37.044+0000] {logging_mixin.py:137} INFO - [2023-04-14T19:19:37.044+0000] {taskmixin.py:211} WARNING - Dependency <Task(EmailOperator): send_email>, prepare_email already registered for DAG: example_dag_decorator
[2023-04-14T19:19:37.058+0000] {processor.py:753} INFO - DAG(s) dict_keys(['example_dag_decorator']) retrieved from /home/airflow/.local/lib/python3.7/site-packages/airflow/example_dags/example_dag_decorator.py
[2023-04-14T19:19:37.109+0000] {logging_mixin.py:137} INFO - [2023-04-14T19:19:37.108+0000] {dag.py:2705} INFO - Sync 1 DAGs
[2023-04-14T19:19:37.132+0000] {logging_mixin.py:137} INFO - [2023-04-14T19:19:37.132+0000] {dag.py:3456} INFO - Setting next_dagrun for example_dag_decorator to None, run_after=None
[2023-04-14T19:19:37.152+0000] {processor.py:175} INFO - Processing /home/airflow/.local/lib/python3.7/site-packages/airflow/example_dags/example_dag_decorator.py took 0.127 seconds
[2023-04-14T19:20:07.499+0000] {processor.py:153} INFO - Started process (PID=487) to work on /home/airflow/.local/lib/python3.7/site-packages/airflow/example_dags/example_dag_decorator.py
[2023-04-14T19:20:07.500+0000] {processor.py:743} INFO - Processing file /home/airflow/.local/lib/python3.7/site-packages/airflow/example_dags/example_dag_decorator.py for tasks to queue
[2023-04-14T19:20:07.501+0000] {logging_mixin.py:137} INFO - [2023-04-14T19:20:07.501+0000] {dagbag.py:532} INFO - Filling up the DagBag from /home/airflow/.local/lib/python3.7/site-packages/airflow/example_dags/example_dag_decorator.py
[2023-04-14T19:20:07.515+0000] {logging_mixin.py:137} INFO - [2023-04-14T19:20:07.515+0000] {taskmixin.py:211} WARNING - Dependency <Task(_PythonDecoratedOperator): prepare_email>, send_email already registered for DAG: example_dag_decorator
[2023-04-14T19:20:07.515+0000] {logging_mixin.py:137} INFO - [2023-04-14T19:20:07.515+0000] {taskmixin.py:211} WARNING - Dependency <Task(EmailOperator): send_email>, prepare_email already registered for DAG: example_dag_decorator
[2023-04-14T19:20:07.527+0000] {processor.py:753} INFO - DAG(s) dict_keys(['example_dag_decorator']) retrieved from /home/airflow/.local/lib/python3.7/site-packages/airflow/example_dags/example_dag_decorator.py
[2023-04-14T19:20:07.580+0000] {logging_mixin.py:137} INFO - [2023-04-14T19:20:07.580+0000] {dag.py:2705} INFO - Sync 1 DAGs
[2023-04-14T19:20:07.599+0000] {logging_mixin.py:137} INFO - [2023-04-14T19:20:07.599+0000] {dag.py:3456} INFO - Setting next_dagrun for example_dag_decorator to None, run_after=None
[2023-04-14T19:20:07.621+0000] {processor.py:175} INFO - Processing /home/airflow/.local/lib/python3.7/site-packages/airflow/example_dags/example_dag_decorator.py took 0.125 seconds
[2023-04-14T19:20:37.777+0000] {processor.py:153} INFO - Started process (PID=571) to work on /home/airflow/.local/lib/python3.7/site-packages/airflow/example_dags/example_dag_decorator.py
[2023-04-14T19:20:37.777+0000] {processor.py:743} INFO - Processing file /home/airflow/.local/lib/python3.7/site-packages/airflow/example_dags/example_dag_decorator.py for tasks to queue
[2023-04-14T19:20:37.778+0000] {logging_mixin.py:137} INFO - [2023-04-14T19:20:37.778+0000] {dagbag.py:532} INFO - Filling up the DagBag from /home/airflow/.local/lib/python3.7/site-packages/airflow/example_dags/example_dag_decorator.py
[2023-04-14T19:20:37.791+0000] {logging_mixin.py:137} INFO - [2023-04-14T19:20:37.791+0000] {taskmixin.py:211} WARNING - Dependency <Task(_PythonDecoratedOperator): prepare_email>, send_email already registered for DAG: example_dag_decorator
[2023-04-14T19:20:37.792+0000] {logging_mixin.py:137} INFO - [2023-04-14T19:20:37.792+0000] {taskmixin.py:211} WARNING - Dependency <Task(EmailOperator): send_email>, prepare_email already registered for DAG: example_dag_decorator
[2023-04-14T19:20:37.801+0000] {processor.py:753} INFO - DAG(s) dict_keys(['example_dag_decorator']) retrieved from /home/airflow/.local/lib/python3.7/site-packages/airflow/example_dags/example_dag_decorator.py
[2023-04-14T19:20:37.875+0000] {logging_mixin.py:137} INFO - [2023-04-14T19:20:37.875+0000] {dag.py:2705} INFO - Sync 1 DAGs
[2023-04-14T19:20:37.894+0000] {logging_mixin.py:137} INFO - [2023-04-14T19:20:37.894+0000] {dag.py:3456} INFO - Setting next_dagrun for example_dag_decorator to None, run_after=None
[2023-04-14T19:20:37.912+0000] {processor.py:175} INFO - Processing /home/airflow/.local/lib/python3.7/site-packages/airflow/example_dags/example_dag_decorator.py took 0.138 seconds
[2023-04-14T19:21:08.205+0000] {processor.py:153} INFO - Started process (PID=662) to work on /home/airflow/.local/lib/python3.7/site-packages/airflow/example_dags/example_dag_decorator.py
[2023-04-14T19:21:08.206+0000] {processor.py:743} INFO - Processing file /home/airflow/.local/lib/python3.7/site-packages/airflow/example_dags/example_dag_decorator.py for tasks to queue
[2023-04-14T19:21:08.207+0000] {logging_mixin.py:137} INFO - [2023-04-14T19:21:08.206+0000] {dagbag.py:532} INFO - Filling up the DagBag from /home/airflow/.local/lib/python3.7/site-packages/airflow/example_dags/example_dag_decorator.py
[2023-04-14T19:21:08.219+0000] {logging_mixin.py:137} INFO - [2023-04-14T19:21:08.219+0000] {taskmixin.py:211} WARNING - Dependency <Task(_PythonDecoratedOperator): prepare_email>, send_email already registered for DAG: example_dag_decorator
[2023-04-14T19:21:08.219+0000] {logging_mixin.py:137} INFO - [2023-04-14T19:21:08.219+0000] {taskmixin.py:211} WARNING - Dependency <Task(EmailOperator): send_email>, prepare_email already registered for DAG: example_dag_decorator
[2023-04-14T19:21:08.228+0000] {processor.py:753} INFO - DAG(s) dict_keys(['example_dag_decorator']) retrieved from /home/airflow/.local/lib/python3.7/site-packages/airflow/example_dags/example_dag_decorator.py
[2023-04-14T19:21:08.271+0000] {logging_mixin.py:137} INFO - [2023-04-14T19:21:08.271+0000] {dag.py:2705} INFO - Sync 1 DAGs
[2023-04-14T19:21:08.285+0000] {logging_mixin.py:137} INFO - [2023-04-14T19:21:08.285+0000] {dag.py:3456} INFO - Setting next_dagrun for example_dag_decorator to None, run_after=None
[2023-04-14T19:21:08.298+0000] {processor.py:175} INFO - Processing /home/airflow/.local/lib/python3.7/site-packages/airflow/example_dags/example_dag_decorator.py took 0.096 seconds
[2023-04-14T19:21:38.352+0000] {processor.py:153} INFO - Started process (PID=737) to work on /home/airflow/.local/lib/python3.7/site-packages/airflow/example_dags/example_dag_decorator.py
[2023-04-14T19:21:38.353+0000] {processor.py:743} INFO - Processing file /home/airflow/.local/lib/python3.7/site-packages/airflow/example_dags/example_dag_decorator.py for tasks to queue
[2023-04-14T19:21:38.354+0000] {logging_mixin.py:137} INFO - [2023-04-14T19:21:38.354+0000] {dagbag.py:532} INFO - Filling up the DagBag from /home/airflow/.local/lib/python3.7/site-packages/airflow/example_dags/example_dag_decorator.py
[2023-04-14T19:21:38.367+0000] {logging_mixin.py:137} INFO - [2023-04-14T19:21:38.366+0000] {taskmixin.py:211} WARNING - Dependency <Task(_PythonDecoratedOperator): prepare_email>, send_email already registered for DAG: example_dag_decorator
[2023-04-14T19:21:38.367+0000] {logging_mixin.py:137} INFO - [2023-04-14T19:21:38.367+0000] {taskmixin.py:211} WARNING - Dependency <Task(EmailOperator): send_email>, prepare_email already registered for DAG: example_dag_decorator
[2023-04-14T19:21:38.375+0000] {processor.py:753} INFO - DAG(s) dict_keys(['example_dag_decorator']) retrieved from /home/airflow/.local/lib/python3.7/site-packages/airflow/example_dags/example_dag_decorator.py
[2023-04-14T19:21:38.422+0000] {logging_mixin.py:137} INFO - [2023-04-14T19:21:38.422+0000] {dag.py:2705} INFO - Sync 1 DAGs
[2023-04-14T19:21:38.437+0000] {logging_mixin.py:137} INFO - [2023-04-14T19:21:38.437+0000] {dag.py:3456} INFO - Setting next_dagrun for example_dag_decorator to None, run_after=None
[2023-04-14T19:21:38.454+0000] {processor.py:175} INFO - Processing /home/airflow/.local/lib/python3.7/site-packages/airflow/example_dags/example_dag_decorator.py took 0.104 seconds
[2023-04-14T19:22:08.505+0000] {processor.py:153} INFO - Started process (PID=828) to work on /home/airflow/.local/lib/python3.7/site-packages/airflow/example_dags/example_dag_decorator.py
[2023-04-14T19:22:08.506+0000] {processor.py:743} INFO - Processing file /home/airflow/.local/lib/python3.7/site-packages/airflow/example_dags/example_dag_decorator.py for tasks to queue
[2023-04-14T19:22:08.507+0000] {logging_mixin.py:137} INFO - [2023-04-14T19:22:08.507+0000] {dagbag.py:532} INFO - Filling up the DagBag from /home/airflow/.local/lib/python3.7/site-packages/airflow/example_dags/example_dag_decorator.py
[2023-04-14T19:22:08.522+0000] {logging_mixin.py:137} INFO - [2023-04-14T19:22:08.522+0000] {taskmixin.py:211} WARNING - Dependency <Task(_PythonDecoratedOperator): prepare_email>, send_email already registered for DAG: example_dag_decorator
[2023-04-14T19:22:08.522+0000] {logging_mixin.py:137} INFO - [2023-04-14T19:22:08.522+0000] {taskmixin.py:211} WARNING - Dependency <Task(EmailOperator): send_email>, prepare_email already registered for DAG: example_dag_decorator
[2023-04-14T19:22:08.532+0000] {processor.py:753} INFO - DAG(s) dict_keys(['example_dag_decorator']) retrieved from /home/airflow/.local/lib/python3.7/site-packages/airflow/example_dags/example_dag_decorator.py
[2023-04-14T19:22:08.575+0000] {logging_mixin.py:137} INFO - [2023-04-14T19:22:08.575+0000] {dag.py:2705} INFO - Sync 1 DAGs
[2023-04-14T19:22:08.593+0000] {logging_mixin.py:137} INFO - [2023-04-14T19:22:08.593+0000] {dag.py:3456} INFO - Setting next_dagrun for example_dag_decorator to None, run_after=None
[2023-04-14T19:22:08.607+0000] {processor.py:175} INFO - Processing /home/airflow/.local/lib/python3.7/site-packages/airflow/example_dags/example_dag_decorator.py took 0.105 seconds
[2023-04-14T19:22:38.875+0000] {processor.py:153} INFO - Started process (PID=920) to work on /home/airflow/.local/lib/python3.7/site-packages/airflow/example_dags/example_dag_decorator.py
[2023-04-14T19:22:38.876+0000] {processor.py:743} INFO - Processing file /home/airflow/.local/lib/python3.7/site-packages/airflow/example_dags/example_dag_decorator.py for tasks to queue
[2023-04-14T19:22:38.877+0000] {logging_mixin.py:137} INFO - [2023-04-14T19:22:38.877+0000] {dagbag.py:532} INFO - Filling up the DagBag from /home/airflow/.local/lib/python3.7/site-packages/airflow/example_dags/example_dag_decorator.py
[2023-04-14T19:22:38.892+0000] {logging_mixin.py:137} INFO - [2023-04-14T19:22:38.891+0000] {taskmixin.py:211} WARNING - Dependency <Task(_PythonDecoratedOperator): prepare_email>, send_email already registered for DAG: example_dag_decorator
[2023-04-14T19:22:38.892+0000] {logging_mixin.py:137} INFO - [2023-04-14T19:22:38.892+0000] {taskmixin.py:211} WARNING - Dependency <Task(EmailOperator): send_email>, prepare_email already registered for DAG: example_dag_decorator
[2023-04-14T19:22:38.903+0000] {processor.py:753} INFO - DAG(s) dict_keys(['example_dag_decorator']) retrieved from /home/airflow/.local/lib/python3.7/site-packages/airflow/example_dags/example_dag_decorator.py
[2023-04-14T19:22:38.972+0000] {logging_mixin.py:137} INFO - [2023-04-14T19:22:38.972+0000] {dag.py:2705} INFO - Sync 1 DAGs
[2023-04-14T19:22:38.999+0000] {logging_mixin.py:137} INFO - [2023-04-14T19:22:38.999+0000] {dag.py:3456} INFO - Setting next_dagrun for example_dag_decorator to None, run_after=None
[2023-04-14T19:22:39.019+0000] {processor.py:175} INFO - Processing /home/airflow/.local/lib/python3.7/site-packages/airflow/example_dags/example_dag_decorator.py took 0.147 seconds
[2023-04-14T19:23:09.410+0000] {processor.py:153} INFO - Started process (PID=994) to work on /home/airflow/.local/lib/python3.7/site-packages/airflow/example_dags/example_dag_decorator.py
[2023-04-14T19:23:09.411+0000] {processor.py:743} INFO - Processing file /home/airflow/.local/lib/python3.7/site-packages/airflow/example_dags/example_dag_decorator.py for tasks to queue
[2023-04-14T19:23:09.412+0000] {logging_mixin.py:137} INFO - [2023-04-14T19:23:09.412+0000] {dagbag.py:532} INFO - Filling up the DagBag from /home/airflow/.local/lib/python3.7/site-packages/airflow/example_dags/example_dag_decorator.py
[2023-04-14T19:23:09.425+0000] {logging_mixin.py:137} INFO - [2023-04-14T19:23:09.424+0000] {taskmixin.py:211} WARNING - Dependency <Task(_PythonDecoratedOperator): prepare_email>, send_email already registered for DAG: example_dag_decorator
[2023-04-14T19:23:09.425+0000] {logging_mixin.py:137} INFO - [2023-04-14T19:23:09.425+0000] {taskmixin.py:211} WARNING - Dependency <Task(EmailOperator): send_email>, prepare_email already registered for DAG: example_dag_decorator
[2023-04-14T19:23:09.433+0000] {processor.py:753} INFO - DAG(s) dict_keys(['example_dag_decorator']) retrieved from /home/airflow/.local/lib/python3.7/site-packages/airflow/example_dags/example_dag_decorator.py
[2023-04-14T19:23:09.480+0000] {logging_mixin.py:137} INFO - [2023-04-14T19:23:09.480+0000] {dag.py:2705} INFO - Sync 1 DAGs
[2023-04-14T19:23:09.495+0000] {logging_mixin.py:137} INFO - [2023-04-14T19:23:09.494+0000] {dag.py:3456} INFO - Setting next_dagrun for example_dag_decorator to None, run_after=None
[2023-04-14T19:23:09.515+0000] {processor.py:175} INFO - Processing /home/airflow/.local/lib/python3.7/site-packages/airflow/example_dags/example_dag_decorator.py took 0.108 seconds
[2023-04-14T19:23:39.559+0000] {processor.py:153} INFO - Started process (PID=1085) to work on /home/airflow/.local/lib/python3.7/site-packages/airflow/example_dags/example_dag_decorator.py
[2023-04-14T19:23:39.560+0000] {processor.py:743} INFO - Processing file /home/airflow/.local/lib/python3.7/site-packages/airflow/example_dags/example_dag_decorator.py for tasks to queue
[2023-04-14T19:23:39.561+0000] {logging_mixin.py:137} INFO - [2023-04-14T19:23:39.561+0000] {dagbag.py:532} INFO - Filling up the DagBag from /home/airflow/.local/lib/python3.7/site-packages/airflow/example_dags/example_dag_decorator.py
[2023-04-14T19:23:39.574+0000] {logging_mixin.py:137} INFO - [2023-04-14T19:23:39.574+0000] {taskmixin.py:211} WARNING - Dependency <Task(_PythonDecoratedOperator): prepare_email>, send_email already registered for DAG: example_dag_decorator
[2023-04-14T19:23:39.574+0000] {logging_mixin.py:137} INFO - [2023-04-14T19:23:39.574+0000] {taskmixin.py:211} WARNING - Dependency <Task(EmailOperator): send_email>, prepare_email already registered for DAG: example_dag_decorator
[2023-04-14T19:23:39.583+0000] {processor.py:753} INFO - DAG(s) dict_keys(['example_dag_decorator']) retrieved from /home/airflow/.local/lib/python3.7/site-packages/airflow/example_dags/example_dag_decorator.py
[2023-04-14T19:23:39.628+0000] {logging_mixin.py:137} INFO - [2023-04-14T19:23:39.627+0000] {dag.py:2705} INFO - Sync 1 DAGs
[2023-04-14T19:23:39.643+0000] {logging_mixin.py:137} INFO - [2023-04-14T19:23:39.643+0000] {dag.py:3456} INFO - Setting next_dagrun for example_dag_decorator to None, run_after=None
[2023-04-14T19:23:39.657+0000] {processor.py:175} INFO - Processing /home/airflow/.local/lib/python3.7/site-packages/airflow/example_dags/example_dag_decorator.py took 0.100 seconds
[2023-04-14T19:24:09.712+0000] {processor.py:153} INFO - Started process (PID=1176) to work on /home/airflow/.local/lib/python3.7/site-packages/airflow/example_dags/example_dag_decorator.py
[2023-04-14T19:24:09.713+0000] {processor.py:743} INFO - Processing file /home/airflow/.local/lib/python3.7/site-packages/airflow/example_dags/example_dag_decorator.py for tasks to queue
[2023-04-14T19:24:09.714+0000] {logging_mixin.py:137} INFO - [2023-04-14T19:24:09.714+0000] {dagbag.py:532} INFO - Filling up the DagBag from /home/airflow/.local/lib/python3.7/site-packages/airflow/example_dags/example_dag_decorator.py
[2023-04-14T19:24:09.733+0000] {logging_mixin.py:137} INFO - [2023-04-14T19:24:09.733+0000] {taskmixin.py:211} WARNING - Dependency <Task(_PythonDecoratedOperator): prepare_email>, send_email already registered for DAG: example_dag_decorator
[2023-04-14T19:24:09.733+0000] {logging_mixin.py:137} INFO - [2023-04-14T19:24:09.733+0000] {taskmixin.py:211} WARNING - Dependency <Task(EmailOperator): send_email>, prepare_email already registered for DAG: example_dag_decorator
[2023-04-14T19:24:09.744+0000] {processor.py:753} INFO - DAG(s) dict_keys(['example_dag_decorator']) retrieved from /home/airflow/.local/lib/python3.7/site-packages/airflow/example_dags/example_dag_decorator.py
[2023-04-14T19:24:09.795+0000] {logging_mixin.py:137} INFO - [2023-04-14T19:24:09.795+0000] {dag.py:2705} INFO - Sync 1 DAGs
[2023-04-14T19:24:09.812+0000] {logging_mixin.py:137} INFO - [2023-04-14T19:24:09.812+0000] {dag.py:3456} INFO - Setting next_dagrun for example_dag_decorator to None, run_after=None
[2023-04-14T19:24:09.825+0000] {processor.py:175} INFO - Processing /home/airflow/.local/lib/python3.7/site-packages/airflow/example_dags/example_dag_decorator.py took 0.116 seconds
[2023-04-14T19:26:09.305+0000] {processor.py:153} INFO - Started process (PID=53) to work on /home/airflow/.local/lib/python3.7/site-packages/airflow/example_dags/example_dag_decorator.py
[2023-04-14T19:26:09.306+0000] {processor.py:743} INFO - Processing file /home/airflow/.local/lib/python3.7/site-packages/airflow/example_dags/example_dag_decorator.py for tasks to queue
[2023-04-14T19:26:09.306+0000] {logging_mixin.py:137} INFO - [2023-04-14T19:26:09.306+0000] {dagbag.py:532} INFO - Filling up the DagBag from /home/airflow/.local/lib/python3.7/site-packages/airflow/example_dags/example_dag_decorator.py
[2023-04-14T19:26:09.321+0000] {logging_mixin.py:137} INFO - [2023-04-14T19:26:09.321+0000] {taskmixin.py:211} WARNING - Dependency <Task(_PythonDecoratedOperator): prepare_email>, send_email already registered for DAG: example_dag_decorator
[2023-04-14T19:26:09.322+0000] {logging_mixin.py:137} INFO - [2023-04-14T19:26:09.322+0000] {taskmixin.py:211} WARNING - Dependency <Task(EmailOperator): send_email>, prepare_email already registered for DAG: example_dag_decorator
[2023-04-14T19:26:09.335+0000] {processor.py:753} INFO - DAG(s) dict_keys(['example_dag_decorator']) retrieved from /home/airflow/.local/lib/python3.7/site-packages/airflow/example_dags/example_dag_decorator.py
[2023-04-14T19:26:09.347+0000] {logging_mixin.py:137} INFO - [2023-04-14T19:26:09.347+0000] {dag.py:2705} INFO - Sync 1 DAGs
[2023-04-14T19:26:09.365+0000] {logging_mixin.py:137} INFO - [2023-04-14T19:26:09.365+0000] {dag.py:3456} INFO - Setting next_dagrun for example_dag_decorator to None, run_after=None
[2023-04-14T19:26:09.383+0000] {processor.py:175} INFO - Processing /home/airflow/.local/lib/python3.7/site-packages/airflow/example_dags/example_dag_decorator.py took 0.086 seconds
[2023-04-14T19:26:39.469+0000] {processor.py:153} INFO - Started process (PID=145) to work on /home/airflow/.local/lib/python3.7/site-packages/airflow/example_dags/example_dag_decorator.py
[2023-04-14T19:26:39.470+0000] {processor.py:743} INFO - Processing file /home/airflow/.local/lib/python3.7/site-packages/airflow/example_dags/example_dag_decorator.py for tasks to queue
[2023-04-14T19:26:39.470+0000] {logging_mixin.py:137} INFO - [2023-04-14T19:26:39.470+0000] {dagbag.py:532} INFO - Filling up the DagBag from /home/airflow/.local/lib/python3.7/site-packages/airflow/example_dags/example_dag_decorator.py
[2023-04-14T19:26:39.483+0000] {logging_mixin.py:137} INFO - [2023-04-14T19:26:39.483+0000] {taskmixin.py:211} WARNING - Dependency <Task(_PythonDecoratedOperator): prepare_email>, send_email already registered for DAG: example_dag_decorator
[2023-04-14T19:26:39.483+0000] {logging_mixin.py:137} INFO - [2023-04-14T19:26:39.483+0000] {taskmixin.py:211} WARNING - Dependency <Task(EmailOperator): send_email>, prepare_email already registered for DAG: example_dag_decorator
[2023-04-14T19:26:39.492+0000] {processor.py:753} INFO - DAG(s) dict_keys(['example_dag_decorator']) retrieved from /home/airflow/.local/lib/python3.7/site-packages/airflow/example_dags/example_dag_decorator.py
[2023-04-14T19:26:39.537+0000] {logging_mixin.py:137} INFO - [2023-04-14T19:26:39.537+0000] {dag.py:2705} INFO - Sync 1 DAGs
[2023-04-14T19:26:39.551+0000] {logging_mixin.py:137} INFO - [2023-04-14T19:26:39.551+0000] {dag.py:3456} INFO - Setting next_dagrun for example_dag_decorator to None, run_after=None
[2023-04-14T19:26:39.563+0000] {processor.py:175} INFO - Processing /home/airflow/.local/lib/python3.7/site-packages/airflow/example_dags/example_dag_decorator.py took 0.097 seconds
[2023-04-14T19:27:09.949+0000] {processor.py:153} INFO - Started process (PID=235) to work on /home/airflow/.local/lib/python3.7/site-packages/airflow/example_dags/example_dag_decorator.py
[2023-04-14T19:27:09.949+0000] {processor.py:743} INFO - Processing file /home/airflow/.local/lib/python3.7/site-packages/airflow/example_dags/example_dag_decorator.py for tasks to queue
[2023-04-14T19:27:09.950+0000] {logging_mixin.py:137} INFO - [2023-04-14T19:27:09.950+0000] {dagbag.py:532} INFO - Filling up the DagBag from /home/airflow/.local/lib/python3.7/site-packages/airflow/example_dags/example_dag_decorator.py
[2023-04-14T19:27:09.963+0000] {logging_mixin.py:137} INFO - [2023-04-14T19:27:09.963+0000] {taskmixin.py:211} WARNING - Dependency <Task(_PythonDecoratedOperator): prepare_email>, send_email already registered for DAG: example_dag_decorator
[2023-04-14T19:27:09.963+0000] {logging_mixin.py:137} INFO - [2023-04-14T19:27:09.963+0000] {taskmixin.py:211} WARNING - Dependency <Task(EmailOperator): send_email>, prepare_email already registered for DAG: example_dag_decorator
[2023-04-14T19:27:09.973+0000] {processor.py:753} INFO - DAG(s) dict_keys(['example_dag_decorator']) retrieved from /home/airflow/.local/lib/python3.7/site-packages/airflow/example_dags/example_dag_decorator.py
[2023-04-14T19:27:10.018+0000] {logging_mixin.py:137} INFO - [2023-04-14T19:27:10.018+0000] {dag.py:2705} INFO - Sync 1 DAGs
[2023-04-14T19:27:10.035+0000] {logging_mixin.py:137} INFO - [2023-04-14T19:27:10.035+0000] {dag.py:3456} INFO - Setting next_dagrun for example_dag_decorator to None, run_after=None
[2023-04-14T19:27:10.049+0000] {processor.py:175} INFO - Processing /home/airflow/.local/lib/python3.7/site-packages/airflow/example_dags/example_dag_decorator.py took 0.104 seconds
[2023-04-14T19:31:44.885+0000] {processor.py:153} INFO - Started process (PID=44) to work on /home/airflow/.local/lib/python3.10/site-packages/airflow/example_dags/example_dag_decorator.py
[2023-04-14T19:31:44.885+0000] {processor.py:743} INFO - Processing file /home/airflow/.local/lib/python3.10/site-packages/airflow/example_dags/example_dag_decorator.py for tasks to queue
[2023-04-14T19:31:44.886+0000] {logging_mixin.py:137} INFO - [2023-04-14T19:31:44.886+0000] {dagbag.py:532} INFO - Filling up the DagBag from /home/airflow/.local/lib/python3.10/site-packages/airflow/example_dags/example_dag_decorator.py
[2023-04-14T19:31:44.902+0000] {logging_mixin.py:137} INFO - [2023-04-14T19:31:44.902+0000] {taskmixin.py:211} WARNING - Dependency <Task(_PythonDecoratedOperator): prepare_email>, send_email already registered for DAG: example_dag_decorator
[2023-04-14T19:31:44.902+0000] {logging_mixin.py:137} INFO - [2023-04-14T19:31:44.902+0000] {taskmixin.py:211} WARNING - Dependency <Task(EmailOperator): send_email>, prepare_email already registered for DAG: example_dag_decorator
[2023-04-14T19:31:44.914+0000] {processor.py:753} INFO - DAG(s) dict_keys(['example_dag_decorator']) retrieved from /home/airflow/.local/lib/python3.10/site-packages/airflow/example_dags/example_dag_decorator.py
[2023-04-14T19:31:44.926+0000] {logging_mixin.py:137} INFO - [2023-04-14T19:31:44.925+0000] {dag.py:2705} INFO - Sync 1 DAGs
[2023-04-14T19:31:44.942+0000] {logging_mixin.py:137} INFO - [2023-04-14T19:31:44.942+0000] {dag.py:3452} INFO - Setting next_dagrun for example_dag_decorator to None, run_after=None
[2023-04-14T19:31:44.956+0000] {processor.py:175} INFO - Processing /home/airflow/.local/lib/python3.10/site-packages/airflow/example_dags/example_dag_decorator.py took 0.075 seconds
[2023-04-14T19:32:15.853+0000] {processor.py:153} INFO - Started process (PID=128) to work on /home/airflow/.local/lib/python3.10/site-packages/airflow/example_dags/example_dag_decorator.py
[2023-04-14T19:32:15.854+0000] {processor.py:743} INFO - Processing file /home/airflow/.local/lib/python3.10/site-packages/airflow/example_dags/example_dag_decorator.py for tasks to queue
[2023-04-14T19:32:15.854+0000] {logging_mixin.py:137} INFO - [2023-04-14T19:32:15.854+0000] {dagbag.py:532} INFO - Filling up the DagBag from /home/airflow/.local/lib/python3.10/site-packages/airflow/example_dags/example_dag_decorator.py
[2023-04-14T19:32:15.869+0000] {logging_mixin.py:137} INFO - [2023-04-14T19:32:15.869+0000] {taskmixin.py:211} WARNING - Dependency <Task(_PythonDecoratedOperator): prepare_email>, send_email already registered for DAG: example_dag_decorator
[2023-04-14T19:32:15.869+0000] {logging_mixin.py:137} INFO - [2023-04-14T19:32:15.869+0000] {taskmixin.py:211} WARNING - Dependency <Task(EmailOperator): send_email>, prepare_email already registered for DAG: example_dag_decorator
[2023-04-14T19:32:15.878+0000] {processor.py:753} INFO - DAG(s) dict_keys(['example_dag_decorator']) retrieved from /home/airflow/.local/lib/python3.10/site-packages/airflow/example_dags/example_dag_decorator.py
[2023-04-14T19:32:15.914+0000] {logging_mixin.py:137} INFO - [2023-04-14T19:32:15.914+0000] {dag.py:2705} INFO - Sync 1 DAGs
[2023-04-14T19:32:15.927+0000] {logging_mixin.py:137} INFO - [2023-04-14T19:32:15.927+0000] {dag.py:3452} INFO - Setting next_dagrun for example_dag_decorator to None, run_after=None
[2023-04-14T19:32:15.940+0000] {processor.py:175} INFO - Processing /home/airflow/.local/lib/python3.10/site-packages/airflow/example_dags/example_dag_decorator.py took 0.090 seconds
[2023-04-14T19:32:45.965+0000] {processor.py:153} INFO - Started process (PID=198) to work on /home/airflow/.local/lib/python3.10/site-packages/airflow/example_dags/example_dag_decorator.py
[2023-04-14T19:32:45.966+0000] {processor.py:743} INFO - Processing file /home/airflow/.local/lib/python3.10/site-packages/airflow/example_dags/example_dag_decorator.py for tasks to queue
[2023-04-14T19:32:45.966+0000] {logging_mixin.py:137} INFO - [2023-04-14T19:32:45.966+0000] {dagbag.py:532} INFO - Filling up the DagBag from /home/airflow/.local/lib/python3.10/site-packages/airflow/example_dags/example_dag_decorator.py
[2023-04-14T19:32:45.979+0000] {logging_mixin.py:137} INFO - [2023-04-14T19:32:45.979+0000] {taskmixin.py:211} WARNING - Dependency <Task(_PythonDecoratedOperator): prepare_email>, send_email already registered for DAG: example_dag_decorator
[2023-04-14T19:32:45.979+0000] {logging_mixin.py:137} INFO - [2023-04-14T19:32:45.979+0000] {taskmixin.py:211} WARNING - Dependency <Task(EmailOperator): send_email>, prepare_email already registered for DAG: example_dag_decorator
[2023-04-14T19:32:45.987+0000] {processor.py:753} INFO - DAG(s) dict_keys(['example_dag_decorator']) retrieved from /home/airflow/.local/lib/python3.10/site-packages/airflow/example_dags/example_dag_decorator.py
[2023-04-14T19:32:46.023+0000] {logging_mixin.py:137} INFO - [2023-04-14T19:32:46.023+0000] {dag.py:2705} INFO - Sync 1 DAGs
[2023-04-14T19:32:46.035+0000] {logging_mixin.py:137} INFO - [2023-04-14T19:32:46.035+0000] {dag.py:3452} INFO - Setting next_dagrun for example_dag_decorator to None, run_after=None
[2023-04-14T19:32:46.047+0000] {processor.py:175} INFO - Processing /home/airflow/.local/lib/python3.10/site-packages/airflow/example_dags/example_dag_decorator.py took 0.085 seconds
[2023-04-14T19:33:24.084+0000] {processor.py:153} INFO - Started process (PID=45) to work on /home/airflow/.local/lib/python3.10/site-packages/airflow/example_dags/example_dag_decorator.py
[2023-04-14T19:33:24.084+0000] {processor.py:743} INFO - Processing file /home/airflow/.local/lib/python3.10/site-packages/airflow/example_dags/example_dag_decorator.py for tasks to queue
[2023-04-14T19:33:24.085+0000] {logging_mixin.py:137} INFO - [2023-04-14T19:33:24.085+0000] {dagbag.py:532} INFO - Filling up the DagBag from /home/airflow/.local/lib/python3.10/site-packages/airflow/example_dags/example_dag_decorator.py
[2023-04-14T19:33:24.103+0000] {logging_mixin.py:137} INFO - [2023-04-14T19:33:24.103+0000] {taskmixin.py:211} WARNING - Dependency <Task(_PythonDecoratedOperator): prepare_email>, send_email already registered for DAG: example_dag_decorator
[2023-04-14T19:33:24.103+0000] {logging_mixin.py:137} INFO - [2023-04-14T19:33:24.103+0000] {taskmixin.py:211} WARNING - Dependency <Task(EmailOperator): send_email>, prepare_email already registered for DAG: example_dag_decorator
[2023-04-14T19:33:24.119+0000] {processor.py:753} INFO - DAG(s) dict_keys(['example_dag_decorator']) retrieved from /home/airflow/.local/lib/python3.10/site-packages/airflow/example_dags/example_dag_decorator.py
[2023-04-14T19:33:24.129+0000] {logging_mixin.py:137} INFO - [2023-04-14T19:33:24.129+0000] {dag.py:2705} INFO - Sync 1 DAGs
[2023-04-14T19:33:24.143+0000] {logging_mixin.py:137} INFO - [2023-04-14T19:33:24.143+0000] {dag.py:3452} INFO - Setting next_dagrun for example_dag_decorator to None, run_after=None
[2023-04-14T19:33:24.153+0000] {processor.py:175} INFO - Processing /home/airflow/.local/lib/python3.10/site-packages/airflow/example_dags/example_dag_decorator.py took 0.073 seconds
[2023-04-14T19:33:55.078+0000] {processor.py:153} INFO - Started process (PID=129) to work on /home/airflow/.local/lib/python3.10/site-packages/airflow/example_dags/example_dag_decorator.py
[2023-04-14T19:33:55.079+0000] {processor.py:743} INFO - Processing file /home/airflow/.local/lib/python3.10/site-packages/airflow/example_dags/example_dag_decorator.py for tasks to queue
[2023-04-14T19:33:55.080+0000] {logging_mixin.py:137} INFO - [2023-04-14T19:33:55.079+0000] {dagbag.py:532} INFO - Filling up the DagBag from /home/airflow/.local/lib/python3.10/site-packages/airflow/example_dags/example_dag_decorator.py
[2023-04-14T19:33:55.094+0000] {logging_mixin.py:137} INFO - [2023-04-14T19:33:55.094+0000] {taskmixin.py:211} WARNING - Dependency <Task(_PythonDecoratedOperator): prepare_email>, send_email already registered for DAG: example_dag_decorator
[2023-04-14T19:33:55.095+0000] {logging_mixin.py:137} INFO - [2023-04-14T19:33:55.095+0000] {taskmixin.py:211} WARNING - Dependency <Task(EmailOperator): send_email>, prepare_email already registered for DAG: example_dag_decorator
[2023-04-14T19:33:55.103+0000] {processor.py:753} INFO - DAG(s) dict_keys(['example_dag_decorator']) retrieved from /home/airflow/.local/lib/python3.10/site-packages/airflow/example_dags/example_dag_decorator.py
[2023-04-14T19:33:55.139+0000] {logging_mixin.py:137} INFO - [2023-04-14T19:33:55.139+0000] {dag.py:2705} INFO - Sync 1 DAGs
[2023-04-14T19:33:55.151+0000] {logging_mixin.py:137} INFO - [2023-04-14T19:33:55.151+0000] {dag.py:3452} INFO - Setting next_dagrun for example_dag_decorator to None, run_after=None
[2023-04-14T19:33:55.162+0000] {processor.py:175} INFO - Processing /home/airflow/.local/lib/python3.10/site-packages/airflow/example_dags/example_dag_decorator.py took 0.087 seconds
[2023-04-14T19:34:25.980+0000] {processor.py:153} INFO - Started process (PID=213) to work on /home/airflow/.local/lib/python3.10/site-packages/airflow/example_dags/example_dag_decorator.py
[2023-04-14T19:34:25.981+0000] {processor.py:743} INFO - Processing file /home/airflow/.local/lib/python3.10/site-packages/airflow/example_dags/example_dag_decorator.py for tasks to queue
[2023-04-14T19:34:25.982+0000] {logging_mixin.py:137} INFO - [2023-04-14T19:34:25.982+0000] {dagbag.py:532} INFO - Filling up the DagBag from /home/airflow/.local/lib/python3.10/site-packages/airflow/example_dags/example_dag_decorator.py
[2023-04-14T19:34:26.003+0000] {logging_mixin.py:137} INFO - [2023-04-14T19:34:26.002+0000] {taskmixin.py:211} WARNING - Dependency <Task(_PythonDecoratedOperator): prepare_email>, send_email already registered for DAG: example_dag_decorator
[2023-04-14T19:34:26.003+0000] {logging_mixin.py:137} INFO - [2023-04-14T19:34:26.003+0000] {taskmixin.py:211} WARNING - Dependency <Task(EmailOperator): send_email>, prepare_email already registered for DAG: example_dag_decorator
[2023-04-14T19:34:26.018+0000] {processor.py:753} INFO - DAG(s) dict_keys(['example_dag_decorator']) retrieved from /home/airflow/.local/lib/python3.10/site-packages/airflow/example_dags/example_dag_decorator.py
[2023-04-14T19:34:26.058+0000] {logging_mixin.py:137} INFO - [2023-04-14T19:34:26.058+0000] {dag.py:2705} INFO - Sync 1 DAGs
[2023-04-14T19:34:26.080+0000] {logging_mixin.py:137} INFO - [2023-04-14T19:34:26.080+0000] {dag.py:3452} INFO - Setting next_dagrun for example_dag_decorator to None, run_after=None
[2023-04-14T19:34:26.094+0000] {processor.py:175} INFO - Processing /home/airflow/.local/lib/python3.10/site-packages/airflow/example_dags/example_dag_decorator.py took 0.119 seconds
[2023-04-14T19:35:37.426+0000] {processor.py:153} INFO - Started process (PID=45) to work on /home/airflow/.local/lib/python3.10/site-packages/airflow/example_dags/example_dag_decorator.py
[2023-04-14T19:35:37.426+0000] {processor.py:743} INFO - Processing file /home/airflow/.local/lib/python3.10/site-packages/airflow/example_dags/example_dag_decorator.py for tasks to queue
[2023-04-14T19:35:37.427+0000] {logging_mixin.py:137} INFO - [2023-04-14T19:35:37.427+0000] {dagbag.py:532} INFO - Filling up the DagBag from /home/airflow/.local/lib/python3.10/site-packages/airflow/example_dags/example_dag_decorator.py
[2023-04-14T19:35:37.442+0000] {logging_mixin.py:137} INFO - [2023-04-14T19:35:37.442+0000] {taskmixin.py:211} WARNING - Dependency <Task(_PythonDecoratedOperator): prepare_email>, send_email already registered for DAG: example_dag_decorator
[2023-04-14T19:35:37.443+0000] {logging_mixin.py:137} INFO - [2023-04-14T19:35:37.442+0000] {taskmixin.py:211} WARNING - Dependency <Task(EmailOperator): send_email>, prepare_email already registered for DAG: example_dag_decorator
[2023-04-14T19:35:37.454+0000] {processor.py:753} INFO - DAG(s) dict_keys(['example_dag_decorator']) retrieved from /home/airflow/.local/lib/python3.10/site-packages/airflow/example_dags/example_dag_decorator.py
[2023-04-14T19:35:37.462+0000] {logging_mixin.py:137} INFO - [2023-04-14T19:35:37.461+0000] {dag.py:2705} INFO - Sync 1 DAGs
[2023-04-14T19:35:37.474+0000] {logging_mixin.py:137} INFO - [2023-04-14T19:35:37.474+0000] {dag.py:3452} INFO - Setting next_dagrun for example_dag_decorator to None, run_after=None
[2023-04-14T19:35:37.486+0000] {processor.py:175} INFO - Processing /home/airflow/.local/lib/python3.10/site-packages/airflow/example_dags/example_dag_decorator.py took 0.062 seconds
[2023-04-14T19:36:08.560+0000] {processor.py:153} INFO - Started process (PID=130) to work on /home/airflow/.local/lib/python3.10/site-packages/airflow/example_dags/example_dag_decorator.py
[2023-04-14T19:36:08.561+0000] {processor.py:743} INFO - Processing file /home/airflow/.local/lib/python3.10/site-packages/airflow/example_dags/example_dag_decorator.py for tasks to queue
[2023-04-14T19:36:08.562+0000] {logging_mixin.py:137} INFO - [2023-04-14T19:36:08.562+0000] {dagbag.py:532} INFO - Filling up the DagBag from /home/airflow/.local/lib/python3.10/site-packages/airflow/example_dags/example_dag_decorator.py
[2023-04-14T19:36:08.579+0000] {logging_mixin.py:137} INFO - [2023-04-14T19:36:08.578+0000] {taskmixin.py:211} WARNING - Dependency <Task(_PythonDecoratedOperator): prepare_email>, send_email already registered for DAG: example_dag_decorator
[2023-04-14T19:36:08.579+0000] {logging_mixin.py:137} INFO - [2023-04-14T19:36:08.579+0000] {taskmixin.py:211} WARNING - Dependency <Task(EmailOperator): send_email>, prepare_email already registered for DAG: example_dag_decorator
[2023-04-14T19:36:08.588+0000] {processor.py:753} INFO - DAG(s) dict_keys(['example_dag_decorator']) retrieved from /home/airflow/.local/lib/python3.10/site-packages/airflow/example_dags/example_dag_decorator.py
[2023-04-14T19:36:08.625+0000] {logging_mixin.py:137} INFO - [2023-04-14T19:36:08.625+0000] {dag.py:2705} INFO - Sync 1 DAGs
[2023-04-14T19:36:08.638+0000] {logging_mixin.py:137} INFO - [2023-04-14T19:36:08.638+0000] {dag.py:3452} INFO - Setting next_dagrun for example_dag_decorator to None, run_after=None
[2023-04-14T19:36:08.650+0000] {processor.py:175} INFO - Processing /home/airflow/.local/lib/python3.10/site-packages/airflow/example_dags/example_dag_decorator.py took 0.092 seconds
[2023-04-14T19:36:39.442+0000] {processor.py:153} INFO - Started process (PID=214) to work on /home/airflow/.local/lib/python3.10/site-packages/airflow/example_dags/example_dag_decorator.py
[2023-04-14T19:36:39.443+0000] {processor.py:743} INFO - Processing file /home/airflow/.local/lib/python3.10/site-packages/airflow/example_dags/example_dag_decorator.py for tasks to queue
[2023-04-14T19:36:39.444+0000] {logging_mixin.py:137} INFO - [2023-04-14T19:36:39.444+0000] {dagbag.py:532} INFO - Filling up the DagBag from /home/airflow/.local/lib/python3.10/site-packages/airflow/example_dags/example_dag_decorator.py
[2023-04-14T19:36:39.458+0000] {logging_mixin.py:137} INFO - [2023-04-14T19:36:39.458+0000] {taskmixin.py:211} WARNING - Dependency <Task(_PythonDecoratedOperator): prepare_email>, send_email already registered for DAG: example_dag_decorator
[2023-04-14T19:36:39.459+0000] {logging_mixin.py:137} INFO - [2023-04-14T19:36:39.458+0000] {taskmixin.py:211} WARNING - Dependency <Task(EmailOperator): send_email>, prepare_email already registered for DAG: example_dag_decorator
