[2023-04-14T19:13:18.155+0000] {processor.py:153} INFO - Started process (PID=56) to work on /home/airflow/.local/lib/python3.7/site-packages/airflow/example_dags/example_latest_only_with_trigger.py
[2023-04-14T19:13:18.156+0000] {processor.py:743} INFO - Processing file /home/airflow/.local/lib/python3.7/site-packages/airflow/example_dags/example_latest_only_with_trigger.py for tasks to queue
[2023-04-14T19:13:18.157+0000] {logging_mixin.py:137} INFO - [2023-04-14T19:13:18.157+0000] {dagbag.py:532} INFO - Filling up the DagBag from /home/airflow/.local/lib/python3.7/site-packages/airflow/example_dags/example_latest_only_with_trigger.py
[2023-04-14T19:13:18.170+0000] {processor.py:753} INFO - DAG(s) dict_keys(['latest_only_with_trigger']) retrieved from /home/airflow/.local/lib/python3.7/site-packages/airflow/example_dags/example_latest_only_with_trigger.py
[2023-04-14T19:13:18.186+0000] {logging_mixin.py:137} INFO - [2023-04-14T19:13:18.186+0000] {dag.py:2705} INFO - Sync 1 DAGs
[2023-04-14T19:13:18.222+0000] {logging_mixin.py:137} INFO - [2023-04-14T19:13:18.221+0000] {dag.py:3456} INFO - Setting next_dagrun for latest_only_with_trigger to 2023-04-14T15:13:18.221682+00:00, run_after=2023-04-14T19:13:18.221682+00:00
[2023-04-14T19:13:18.249+0000] {processor.py:175} INFO - Processing /home/airflow/.local/lib/python3.7/site-packages/airflow/example_dags/example_latest_only_with_trigger.py took 0.096 seconds
[2023-04-14T19:13:49.184+0000] {processor.py:153} INFO - Started process (PID=146) to work on /home/airflow/.local/lib/python3.7/site-packages/airflow/example_dags/example_latest_only_with_trigger.py
[2023-04-14T19:13:49.185+0000] {processor.py:743} INFO - Processing file /home/airflow/.local/lib/python3.7/site-packages/airflow/example_dags/example_latest_only_with_trigger.py for tasks to queue
[2023-04-14T19:13:49.186+0000] {logging_mixin.py:137} INFO - [2023-04-14T19:13:49.185+0000] {dagbag.py:532} INFO - Filling up the DagBag from /home/airflow/.local/lib/python3.7/site-packages/airflow/example_dags/example_latest_only_with_trigger.py
[2023-04-14T19:13:49.196+0000] {processor.py:753} INFO - DAG(s) dict_keys(['latest_only_with_trigger']) retrieved from /home/airflow/.local/lib/python3.7/site-packages/airflow/example_dags/example_latest_only_with_trigger.py
[2023-04-14T19:13:49.215+0000] {logging_mixin.py:137} INFO - [2023-04-14T19:13:49.215+0000] {dag.py:2705} INFO - Sync 1 DAGs
[2023-04-14T19:13:49.233+0000] {logging_mixin.py:137} INFO - [2023-04-14T19:13:49.233+0000] {dag.py:3456} INFO - Setting next_dagrun for latest_only_with_trigger to 2023-04-14T15:13:49.232713+00:00, run_after=2023-04-14T19:13:49.232713+00:00
[2023-04-14T19:13:49.245+0000] {processor.py:175} INFO - Processing /home/airflow/.local/lib/python3.7/site-packages/airflow/example_dags/example_latest_only_with_trigger.py took 0.064 seconds
[2023-04-14T19:14:19.437+0000] {processor.py:153} INFO - Started process (PID=237) to work on /home/airflow/.local/lib/python3.7/site-packages/airflow/example_dags/example_latest_only_with_trigger.py
[2023-04-14T19:14:19.437+0000] {processor.py:743} INFO - Processing file /home/airflow/.local/lib/python3.7/site-packages/airflow/example_dags/example_latest_only_with_trigger.py for tasks to queue
[2023-04-14T19:14:19.438+0000] {logging_mixin.py:137} INFO - [2023-04-14T19:14:19.438+0000] {dagbag.py:532} INFO - Filling up the DagBag from /home/airflow/.local/lib/python3.7/site-packages/airflow/example_dags/example_latest_only_with_trigger.py
[2023-04-14T19:14:19.448+0000] {processor.py:753} INFO - DAG(s) dict_keys(['latest_only_with_trigger']) retrieved from /home/airflow/.local/lib/python3.7/site-packages/airflow/example_dags/example_latest_only_with_trigger.py
[2023-04-14T19:14:19.467+0000] {logging_mixin.py:137} INFO - [2023-04-14T19:14:19.467+0000] {dag.py:2705} INFO - Sync 1 DAGs
[2023-04-14T19:14:19.485+0000] {logging_mixin.py:137} INFO - [2023-04-14T19:14:19.485+0000] {dag.py:3456} INFO - Setting next_dagrun for latest_only_with_trigger to 2023-04-14T15:14:19.485680+00:00, run_after=2023-04-14T19:14:19.485680+00:00
[2023-04-14T19:14:19.498+0000] {processor.py:175} INFO - Processing /home/airflow/.local/lib/python3.7/site-packages/airflow/example_dags/example_latest_only_with_trigger.py took 0.064 seconds
[2023-04-14T19:14:49.623+0000] {processor.py:153} INFO - Started process (PID=312) to work on /home/airflow/.local/lib/python3.7/site-packages/airflow/example_dags/example_latest_only_with_trigger.py
[2023-04-14T19:14:49.623+0000] {processor.py:743} INFO - Processing file /home/airflow/.local/lib/python3.7/site-packages/airflow/example_dags/example_latest_only_with_trigger.py for tasks to queue
[2023-04-14T19:14:49.624+0000] {logging_mixin.py:137} INFO - [2023-04-14T19:14:49.624+0000] {dagbag.py:532} INFO - Filling up the DagBag from /home/airflow/.local/lib/python3.7/site-packages/airflow/example_dags/example_latest_only_with_trigger.py
[2023-04-14T19:14:49.635+0000] {processor.py:753} INFO - DAG(s) dict_keys(['latest_only_with_trigger']) retrieved from /home/airflow/.local/lib/python3.7/site-packages/airflow/example_dags/example_latest_only_with_trigger.py
[2023-04-14T19:14:49.656+0000] {logging_mixin.py:137} INFO - [2023-04-14T19:14:49.656+0000] {dag.py:2705} INFO - Sync 1 DAGs
[2023-04-14T19:14:49.674+0000] {logging_mixin.py:137} INFO - [2023-04-14T19:14:49.674+0000] {dag.py:3456} INFO - Setting next_dagrun for latest_only_with_trigger to 2023-04-14T15:14:49.674269+00:00, run_after=2023-04-14T19:14:49.674269+00:00
[2023-04-14T19:14:49.687+0000] {processor.py:175} INFO - Processing /home/airflow/.local/lib/python3.7/site-packages/airflow/example_dags/example_latest_only_with_trigger.py took 0.067 seconds
[2023-04-14T19:15:19.821+0000] {processor.py:153} INFO - Started process (PID=403) to work on /home/airflow/.local/lib/python3.7/site-packages/airflow/example_dags/example_latest_only_with_trigger.py
[2023-04-14T19:15:19.822+0000] {processor.py:743} INFO - Processing file /home/airflow/.local/lib/python3.7/site-packages/airflow/example_dags/example_latest_only_with_trigger.py for tasks to queue
[2023-04-14T19:15:19.822+0000] {logging_mixin.py:137} INFO - [2023-04-14T19:15:19.822+0000] {dagbag.py:532} INFO - Filling up the DagBag from /home/airflow/.local/lib/python3.7/site-packages/airflow/example_dags/example_latest_only_with_trigger.py
[2023-04-14T19:15:19.833+0000] {processor.py:753} INFO - DAG(s) dict_keys(['latest_only_with_trigger']) retrieved from /home/airflow/.local/lib/python3.7/site-packages/airflow/example_dags/example_latest_only_with_trigger.py
[2023-04-14T19:15:19.853+0000] {logging_mixin.py:137} INFO - [2023-04-14T19:15:19.853+0000] {dag.py:2705} INFO - Sync 1 DAGs
[2023-04-14T19:15:19.872+0000] {logging_mixin.py:137} INFO - [2023-04-14T19:15:19.872+0000] {dag.py:3456} INFO - Setting next_dagrun for latest_only_with_trigger to 2023-04-14T15:15:19.872205+00:00, run_after=2023-04-14T19:15:19.872205+00:00
[2023-04-14T19:15:19.885+0000] {processor.py:175} INFO - Processing /home/airflow/.local/lib/python3.7/site-packages/airflow/example_dags/example_latest_only_with_trigger.py took 0.067 seconds
[2023-04-14T19:17:35.509+0000] {processor.py:153} INFO - Started process (PID=56) to work on /home/airflow/.local/lib/python3.7/site-packages/airflow/example_dags/example_latest_only_with_trigger.py
[2023-04-14T19:17:35.511+0000] {processor.py:743} INFO - Processing file /home/airflow/.local/lib/python3.7/site-packages/airflow/example_dags/example_latest_only_with_trigger.py for tasks to queue
[2023-04-14T19:17:35.512+0000] {logging_mixin.py:137} INFO - [2023-04-14T19:17:35.512+0000] {dagbag.py:532} INFO - Filling up the DagBag from /home/airflow/.local/lib/python3.7/site-packages/airflow/example_dags/example_latest_only_with_trigger.py
[2023-04-14T19:17:35.535+0000] {processor.py:753} INFO - DAG(s) dict_keys(['latest_only_with_trigger']) retrieved from /home/airflow/.local/lib/python3.7/site-packages/airflow/example_dags/example_latest_only_with_trigger.py
[2023-04-14T19:17:35.554+0000] {logging_mixin.py:137} INFO - [2023-04-14T19:17:35.553+0000] {dag.py:2705} INFO - Sync 1 DAGs
[2023-04-14T19:17:35.588+0000] {logging_mixin.py:137} INFO - [2023-04-14T19:17:35.588+0000] {dag.py:3456} INFO - Setting next_dagrun for latest_only_with_trigger to 2023-04-14T15:17:35.587807+00:00, run_after=2023-04-14T19:17:35.587807+00:00
[2023-04-14T19:17:35.621+0000] {processor.py:175} INFO - Processing /home/airflow/.local/lib/python3.7/site-packages/airflow/example_dags/example_latest_only_with_trigger.py took 0.118 seconds
[2023-04-14T19:18:06.018+0000] {processor.py:153} INFO - Started process (PID=148) to work on /home/airflow/.local/lib/python3.7/site-packages/airflow/example_dags/example_latest_only_with_trigger.py
[2023-04-14T19:18:06.019+0000] {processor.py:743} INFO - Processing file /home/airflow/.local/lib/python3.7/site-packages/airflow/example_dags/example_latest_only_with_trigger.py for tasks to queue
[2023-04-14T19:18:06.019+0000] {logging_mixin.py:137} INFO - [2023-04-14T19:18:06.019+0000] {dagbag.py:532} INFO - Filling up the DagBag from /home/airflow/.local/lib/python3.7/site-packages/airflow/example_dags/example_latest_only_with_trigger.py
[2023-04-14T19:18:06.031+0000] {processor.py:753} INFO - DAG(s) dict_keys(['latest_only_with_trigger']) retrieved from /home/airflow/.local/lib/python3.7/site-packages/airflow/example_dags/example_latest_only_with_trigger.py
[2023-04-14T19:18:06.052+0000] {logging_mixin.py:137} INFO - [2023-04-14T19:18:06.051+0000] {dag.py:2705} INFO - Sync 1 DAGs
[2023-04-14T19:18:06.069+0000] {logging_mixin.py:137} INFO - [2023-04-14T19:18:06.069+0000] {dag.py:3456} INFO - Setting next_dagrun for latest_only_with_trigger to 2023-04-14T15:18:06.069571+00:00, run_after=2023-04-14T19:18:06.069571+00:00
[2023-04-14T19:18:06.084+0000] {processor.py:175} INFO - Processing /home/airflow/.local/lib/python3.7/site-packages/airflow/example_dags/example_latest_only_with_trigger.py took 0.068 seconds
[2023-04-14T19:18:36.499+0000] {processor.py:153} INFO - Started process (PID=239) to work on /home/airflow/.local/lib/python3.7/site-packages/airflow/example_dags/example_latest_only_with_trigger.py
[2023-04-14T19:18:36.500+0000] {processor.py:743} INFO - Processing file /home/airflow/.local/lib/python3.7/site-packages/airflow/example_dags/example_latest_only_with_trigger.py for tasks to queue
[2023-04-14T19:18:36.501+0000] {logging_mixin.py:137} INFO - [2023-04-14T19:18:36.501+0000] {dagbag.py:532} INFO - Filling up the DagBag from /home/airflow/.local/lib/python3.7/site-packages/airflow/example_dags/example_latest_only_with_trigger.py
[2023-04-14T19:18:36.517+0000] {processor.py:753} INFO - DAG(s) dict_keys(['latest_only_with_trigger']) retrieved from /home/airflow/.local/lib/python3.7/site-packages/airflow/example_dags/example_latest_only_with_trigger.py
[2023-04-14T19:18:36.543+0000] {logging_mixin.py:137} INFO - [2023-04-14T19:18:36.542+0000] {dag.py:2705} INFO - Sync 1 DAGs
[2023-04-14T19:18:36.565+0000] {logging_mixin.py:137} INFO - [2023-04-14T19:18:36.565+0000] {dag.py:3456} INFO - Setting next_dagrun for latest_only_with_trigger to 2023-04-14T15:18:36.565087+00:00, run_after=2023-04-14T19:18:36.565087+00:00
[2023-04-14T19:18:36.583+0000] {processor.py:175} INFO - Processing /home/airflow/.local/lib/python3.7/site-packages/airflow/example_dags/example_latest_only_with_trigger.py took 0.087 seconds
[2023-04-14T19:19:06.906+0000] {processor.py:153} INFO - Started process (PID=314) to work on /home/airflow/.local/lib/python3.7/site-packages/airflow/example_dags/example_latest_only_with_trigger.py
[2023-04-14T19:19:06.908+0000] {processor.py:743} INFO - Processing file /home/airflow/.local/lib/python3.7/site-packages/airflow/example_dags/example_latest_only_with_trigger.py for tasks to queue
[2023-04-14T19:19:06.908+0000] {logging_mixin.py:137} INFO - [2023-04-14T19:19:06.908+0000] {dagbag.py:532} INFO - Filling up the DagBag from /home/airflow/.local/lib/python3.7/site-packages/airflow/example_dags/example_latest_only_with_trigger.py
[2023-04-14T19:19:06.922+0000] {processor.py:753} INFO - DAG(s) dict_keys(['latest_only_with_trigger']) retrieved from /home/airflow/.local/lib/python3.7/site-packages/airflow/example_dags/example_latest_only_with_trigger.py
[2023-04-14T19:19:06.945+0000] {logging_mixin.py:137} INFO - [2023-04-14T19:19:06.945+0000] {dag.py:2705} INFO - Sync 1 DAGs
[2023-04-14T19:19:06.965+0000] {logging_mixin.py:137} INFO - [2023-04-14T19:19:06.965+0000] {dag.py:3456} INFO - Setting next_dagrun for latest_only_with_trigger to 2023-04-14T15:19:06.965264+00:00, run_after=2023-04-14T19:19:06.965264+00:00
[2023-04-14T19:19:06.980+0000] {processor.py:175} INFO - Processing /home/airflow/.local/lib/python3.7/site-packages/airflow/example_dags/example_latest_only_with_trigger.py took 0.076 seconds
[2023-04-14T19:19:37.203+0000] {processor.py:153} INFO - Started process (PID=407) to work on /home/airflow/.local/lib/python3.7/site-packages/airflow/example_dags/example_latest_only_with_trigger.py
[2023-04-14T19:19:37.205+0000] {processor.py:743} INFO - Processing file /home/airflow/.local/lib/python3.7/site-packages/airflow/example_dags/example_latest_only_with_trigger.py for tasks to queue
[2023-04-14T19:19:37.207+0000] {logging_mixin.py:137} INFO - [2023-04-14T19:19:37.206+0000] {dagbag.py:532} INFO - Filling up the DagBag from /home/airflow/.local/lib/python3.7/site-packages/airflow/example_dags/example_latest_only_with_trigger.py
[2023-04-14T19:19:37.224+0000] {processor.py:753} INFO - DAG(s) dict_keys(['latest_only_with_trigger']) retrieved from /home/airflow/.local/lib/python3.7/site-packages/airflow/example_dags/example_latest_only_with_trigger.py
[2023-04-14T19:19:37.247+0000] {logging_mixin.py:137} INFO - [2023-04-14T19:19:37.247+0000] {dag.py:2705} INFO - Sync 1 DAGs
[2023-04-14T19:19:37.269+0000] {logging_mixin.py:137} INFO - [2023-04-14T19:19:37.269+0000] {dag.py:3456} INFO - Setting next_dagrun for latest_only_with_trigger to 2023-04-14T15:19:37.268821+00:00, run_after=2023-04-14T19:19:37.268821+00:00
[2023-04-14T19:19:37.287+0000] {processor.py:175} INFO - Processing /home/airflow/.local/lib/python3.7/site-packages/airflow/example_dags/example_latest_only_with_trigger.py took 0.091 seconds
[2023-04-14T19:20:07.710+0000] {processor.py:153} INFO - Started process (PID=492) to work on /home/airflow/.local/lib/python3.7/site-packages/airflow/example_dags/example_latest_only_with_trigger.py
[2023-04-14T19:20:07.710+0000] {processor.py:743} INFO - Processing file /home/airflow/.local/lib/python3.7/site-packages/airflow/example_dags/example_latest_only_with_trigger.py for tasks to queue
[2023-04-14T19:20:07.711+0000] {logging_mixin.py:137} INFO - [2023-04-14T19:20:07.711+0000] {dagbag.py:532} INFO - Filling up the DagBag from /home/airflow/.local/lib/python3.7/site-packages/airflow/example_dags/example_latest_only_with_trigger.py
[2023-04-14T19:20:07.724+0000] {processor.py:753} INFO - DAG(s) dict_keys(['latest_only_with_trigger']) retrieved from /home/airflow/.local/lib/python3.7/site-packages/airflow/example_dags/example_latest_only_with_trigger.py
[2023-04-14T19:20:07.747+0000] {logging_mixin.py:137} INFO - [2023-04-14T19:20:07.747+0000] {dag.py:2705} INFO - Sync 1 DAGs
[2023-04-14T19:20:07.766+0000] {logging_mixin.py:137} INFO - [2023-04-14T19:20:07.766+0000] {dag.py:3456} INFO - Setting next_dagrun for latest_only_with_trigger to 2023-04-14T15:20:07.766641+00:00, run_after=2023-04-14T19:20:07.766641+00:00
[2023-04-14T19:20:07.780+0000] {processor.py:175} INFO - Processing /home/airflow/.local/lib/python3.7/site-packages/airflow/example_dags/example_latest_only_with_trigger.py took 0.073 seconds
[2023-04-14T19:20:38.027+0000] {processor.py:153} INFO - Started process (PID=574) to work on /home/airflow/.local/lib/python3.7/site-packages/airflow/example_dags/example_latest_only_with_trigger.py
[2023-04-14T19:20:38.028+0000] {processor.py:743} INFO - Processing file /home/airflow/.local/lib/python3.7/site-packages/airflow/example_dags/example_latest_only_with_trigger.py for tasks to queue
[2023-04-14T19:20:38.029+0000] {logging_mixin.py:137} INFO - [2023-04-14T19:20:38.029+0000] {dagbag.py:532} INFO - Filling up the DagBag from /home/airflow/.local/lib/python3.7/site-packages/airflow/example_dags/example_latest_only_with_trigger.py
[2023-04-14T19:20:38.042+0000] {processor.py:753} INFO - DAG(s) dict_keys(['latest_only_with_trigger']) retrieved from /home/airflow/.local/lib/python3.7/site-packages/airflow/example_dags/example_latest_only_with_trigger.py
[2023-04-14T19:20:38.067+0000] {logging_mixin.py:137} INFO - [2023-04-14T19:20:38.067+0000] {dag.py:2705} INFO - Sync 1 DAGs
[2023-04-14T19:20:38.087+0000] {logging_mixin.py:137} INFO - [2023-04-14T19:20:38.087+0000] {dag.py:3456} INFO - Setting next_dagrun for latest_only_with_trigger to 2023-04-14T15:20:38.087393+00:00, run_after=2023-04-14T19:20:38.087393+00:00
[2023-04-14T19:20:38.101+0000] {processor.py:175} INFO - Processing /home/airflow/.local/lib/python3.7/site-packages/airflow/example_dags/example_latest_only_with_trigger.py took 0.077 seconds
[2023-04-14T19:21:08.395+0000] {processor.py:153} INFO - Started process (PID=665) to work on /home/airflow/.local/lib/python3.7/site-packages/airflow/example_dags/example_latest_only_with_trigger.py
[2023-04-14T19:21:08.396+0000] {processor.py:743} INFO - Processing file /home/airflow/.local/lib/python3.7/site-packages/airflow/example_dags/example_latest_only_with_trigger.py for tasks to queue
[2023-04-14T19:21:08.397+0000] {logging_mixin.py:137} INFO - [2023-04-14T19:21:08.397+0000] {dagbag.py:532} INFO - Filling up the DagBag from /home/airflow/.local/lib/python3.7/site-packages/airflow/example_dags/example_latest_only_with_trigger.py
[2023-04-14T19:21:08.408+0000] {processor.py:753} INFO - DAG(s) dict_keys(['latest_only_with_trigger']) retrieved from /home/airflow/.local/lib/python3.7/site-packages/airflow/example_dags/example_latest_only_with_trigger.py
[2023-04-14T19:21:08.427+0000] {logging_mixin.py:137} INFO - [2023-04-14T19:21:08.427+0000] {dag.py:2705} INFO - Sync 1 DAGs
[2023-04-14T19:21:08.444+0000] {logging_mixin.py:137} INFO - [2023-04-14T19:21:08.444+0000] {dag.py:3456} INFO - Setting next_dagrun for latest_only_with_trigger to 2023-04-14T15:21:08.443886+00:00, run_after=2023-04-14T19:21:08.443886+00:00
[2023-04-14T19:21:08.457+0000] {processor.py:175} INFO - Processing /home/airflow/.local/lib/python3.7/site-packages/airflow/example_dags/example_latest_only_with_trigger.py took 0.064 seconds
[2023-04-14T19:21:38.486+0000] {processor.py:153} INFO - Started process (PID=740) to work on /home/airflow/.local/lib/python3.7/site-packages/airflow/example_dags/example_latest_only_with_trigger.py
[2023-04-14T19:21:38.487+0000] {processor.py:743} INFO - Processing file /home/airflow/.local/lib/python3.7/site-packages/airflow/example_dags/example_latest_only_with_trigger.py for tasks to queue
[2023-04-14T19:21:38.487+0000] {logging_mixin.py:137} INFO - [2023-04-14T19:21:38.487+0000] {dagbag.py:532} INFO - Filling up the DagBag from /home/airflow/.local/lib/python3.7/site-packages/airflow/example_dags/example_latest_only_with_trigger.py
[2023-04-14T19:21:38.498+0000] {processor.py:753} INFO - DAG(s) dict_keys(['latest_only_with_trigger']) retrieved from /home/airflow/.local/lib/python3.7/site-packages/airflow/example_dags/example_latest_only_with_trigger.py
[2023-04-14T19:21:38.517+0000] {logging_mixin.py:137} INFO - [2023-04-14T19:21:38.517+0000] {dag.py:2705} INFO - Sync 1 DAGs
[2023-04-14T19:21:38.533+0000] {logging_mixin.py:137} INFO - [2023-04-14T19:21:38.533+0000] {dag.py:3456} INFO - Setting next_dagrun for latest_only_with_trigger to 2023-04-14T15:21:38.533536+00:00, run_after=2023-04-14T19:21:38.533536+00:00
[2023-04-14T19:21:38.546+0000] {processor.py:175} INFO - Processing /home/airflow/.local/lib/python3.7/site-packages/airflow/example_dags/example_latest_only_with_trigger.py took 0.062 seconds
[2023-04-14T19:22:08.629+0000] {processor.py:153} INFO - Started process (PID=831) to work on /home/airflow/.local/lib/python3.7/site-packages/airflow/example_dags/example_latest_only_with_trigger.py
[2023-04-14T19:22:08.630+0000] {processor.py:743} INFO - Processing file /home/airflow/.local/lib/python3.7/site-packages/airflow/example_dags/example_latest_only_with_trigger.py for tasks to queue
[2023-04-14T19:22:08.630+0000] {logging_mixin.py:137} INFO - [2023-04-14T19:22:08.630+0000] {dagbag.py:532} INFO - Filling up the DagBag from /home/airflow/.local/lib/python3.7/site-packages/airflow/example_dags/example_latest_only_with_trigger.py
[2023-04-14T19:22:08.642+0000] {processor.py:753} INFO - DAG(s) dict_keys(['latest_only_with_trigger']) retrieved from /home/airflow/.local/lib/python3.7/site-packages/airflow/example_dags/example_latest_only_with_trigger.py
[2023-04-14T19:22:08.663+0000] {logging_mixin.py:137} INFO - [2023-04-14T19:22:08.663+0000] {dag.py:2705} INFO - Sync 1 DAGs
[2023-04-14T19:22:08.682+0000] {logging_mixin.py:137} INFO - [2023-04-14T19:22:08.682+0000] {dag.py:3456} INFO - Setting next_dagrun for latest_only_with_trigger to 2023-04-14T15:22:08.681855+00:00, run_after=2023-04-14T19:22:08.681855+00:00
[2023-04-14T19:22:08.695+0000] {processor.py:175} INFO - Processing /home/airflow/.local/lib/python3.7/site-packages/airflow/example_dags/example_latest_only_with_trigger.py took 0.069 seconds
[2023-04-14T19:22:39.053+0000] {processor.py:153} INFO - Started process (PID=922) to work on /home/airflow/.local/lib/python3.7/site-packages/airflow/example_dags/example_latest_only_with_trigger.py
[2023-04-14T19:22:39.054+0000] {processor.py:743} INFO - Processing file /home/airflow/.local/lib/python3.7/site-packages/airflow/example_dags/example_latest_only_with_trigger.py for tasks to queue
[2023-04-14T19:22:39.055+0000] {logging_mixin.py:137} INFO - [2023-04-14T19:22:39.055+0000] {dagbag.py:532} INFO - Filling up the DagBag from /home/airflow/.local/lib/python3.7/site-packages/airflow/example_dags/example_latest_only_with_trigger.py
[2023-04-14T19:22:39.068+0000] {processor.py:753} INFO - DAG(s) dict_keys(['latest_only_with_trigger']) retrieved from /home/airflow/.local/lib/python3.7/site-packages/airflow/example_dags/example_latest_only_with_trigger.py
[2023-04-14T19:22:39.093+0000] {logging_mixin.py:137} INFO - [2023-04-14T19:22:39.093+0000] {dag.py:2705} INFO - Sync 1 DAGs
[2023-04-14T19:22:39.115+0000] {logging_mixin.py:137} INFO - [2023-04-14T19:22:39.115+0000] {dag.py:3456} INFO - Setting next_dagrun for latest_only_with_trigger to 2023-04-14T15:22:39.114953+00:00, run_after=2023-04-14T19:22:39.114953+00:00
[2023-04-14T19:22:39.137+0000] {processor.py:175} INFO - Processing /home/airflow/.local/lib/python3.7/site-packages/airflow/example_dags/example_latest_only_with_trigger.py took 0.088 seconds
[2023-04-14T19:23:09.609+0000] {processor.py:153} INFO - Started process (PID=997) to work on /home/airflow/.local/lib/python3.7/site-packages/airflow/example_dags/example_latest_only_with_trigger.py
[2023-04-14T19:23:09.610+0000] {processor.py:743} INFO - Processing file /home/airflow/.local/lib/python3.7/site-packages/airflow/example_dags/example_latest_only_with_trigger.py for tasks to queue
[2023-04-14T19:23:09.610+0000] {logging_mixin.py:137} INFO - [2023-04-14T19:23:09.610+0000] {dagbag.py:532} INFO - Filling up the DagBag from /home/airflow/.local/lib/python3.7/site-packages/airflow/example_dags/example_latest_only_with_trigger.py
[2023-04-14T19:23:09.621+0000] {processor.py:753} INFO - DAG(s) dict_keys(['latest_only_with_trigger']) retrieved from /home/airflow/.local/lib/python3.7/site-packages/airflow/example_dags/example_latest_only_with_trigger.py
[2023-04-14T19:23:09.639+0000] {logging_mixin.py:137} INFO - [2023-04-14T19:23:09.639+0000] {dag.py:2705} INFO - Sync 1 DAGs
[2023-04-14T19:23:09.656+0000] {logging_mixin.py:137} INFO - [2023-04-14T19:23:09.656+0000] {dag.py:3456} INFO - Setting next_dagrun for latest_only_with_trigger to 2023-04-14T15:23:09.656537+00:00, run_after=2023-04-14T19:23:09.656537+00:00
[2023-04-14T19:23:09.669+0000] {processor.py:175} INFO - Processing /home/airflow/.local/lib/python3.7/site-packages/airflow/example_dags/example_latest_only_with_trigger.py took 0.062 seconds
[2023-04-14T19:23:39.699+0000] {processor.py:153} INFO - Started process (PID=1088) to work on /home/airflow/.local/lib/python3.7/site-packages/airflow/example_dags/example_latest_only_with_trigger.py
[2023-04-14T19:23:39.700+0000] {processor.py:743} INFO - Processing file /home/airflow/.local/lib/python3.7/site-packages/airflow/example_dags/example_latest_only_with_trigger.py for tasks to queue
[2023-04-14T19:23:39.701+0000] {logging_mixin.py:137} INFO - [2023-04-14T19:23:39.701+0000] {dagbag.py:532} INFO - Filling up the DagBag from /home/airflow/.local/lib/python3.7/site-packages/airflow/example_dags/example_latest_only_with_trigger.py
[2023-04-14T19:23:39.714+0000] {processor.py:753} INFO - DAG(s) dict_keys(['latest_only_with_trigger']) retrieved from /home/airflow/.local/lib/python3.7/site-packages/airflow/example_dags/example_latest_only_with_trigger.py
[2023-04-14T19:23:39.734+0000] {logging_mixin.py:137} INFO - [2023-04-14T19:23:39.734+0000] {dag.py:2705} INFO - Sync 1 DAGs
[2023-04-14T19:23:39.754+0000] {logging_mixin.py:137} INFO - [2023-04-14T19:23:39.754+0000] {dag.py:3456} INFO - Setting next_dagrun for latest_only_with_trigger to 2023-04-14T15:23:39.754481+00:00, run_after=2023-04-14T19:23:39.754481+00:00
[2023-04-14T19:23:39.768+0000] {processor.py:175} INFO - Processing /home/airflow/.local/lib/python3.7/site-packages/airflow/example_dags/example_latest_only_with_trigger.py took 0.071 seconds
[2023-04-14T19:24:09.893+0000] {processor.py:153} INFO - Started process (PID=1179) to work on /home/airflow/.local/lib/python3.7/site-packages/airflow/example_dags/example_latest_only_with_trigger.py
[2023-04-14T19:24:09.893+0000] {processor.py:743} INFO - Processing file /home/airflow/.local/lib/python3.7/site-packages/airflow/example_dags/example_latest_only_with_trigger.py for tasks to queue
[2023-04-14T19:24:09.894+0000] {logging_mixin.py:137} INFO - [2023-04-14T19:24:09.894+0000] {dagbag.py:532} INFO - Filling up the DagBag from /home/airflow/.local/lib/python3.7/site-packages/airflow/example_dags/example_latest_only_with_trigger.py
[2023-04-14T19:24:09.906+0000] {processor.py:753} INFO - DAG(s) dict_keys(['latest_only_with_trigger']) retrieved from /home/airflow/.local/lib/python3.7/site-packages/airflow/example_dags/example_latest_only_with_trigger.py
[2023-04-14T19:24:09.927+0000] {logging_mixin.py:137} INFO - [2023-04-14T19:24:09.927+0000] {dag.py:2705} INFO - Sync 1 DAGs
[2023-04-14T19:24:09.945+0000] {logging_mixin.py:137} INFO - [2023-04-14T19:24:09.945+0000] {dag.py:3456} INFO - Setting next_dagrun for latest_only_with_trigger to 2023-04-14T15:24:09.945620+00:00, run_after=2023-04-14T19:24:09.945620+00:00
[2023-04-14T19:24:09.959+0000] {processor.py:175} INFO - Processing /home/airflow/.local/lib/python3.7/site-packages/airflow/example_dags/example_latest_only_with_trigger.py took 0.069 seconds
[2023-04-14T19:26:09.408+0000] {processor.py:153} INFO - Started process (PID=56) to work on /home/airflow/.local/lib/python3.7/site-packages/airflow/example_dags/example_latest_only_with_trigger.py
[2023-04-14T19:26:09.409+0000] {processor.py:743} INFO - Processing file /home/airflow/.local/lib/python3.7/site-packages/airflow/example_dags/example_latest_only_with_trigger.py for tasks to queue
[2023-04-14T19:26:09.410+0000] {logging_mixin.py:137} INFO - [2023-04-14T19:26:09.410+0000] {dagbag.py:532} INFO - Filling up the DagBag from /home/airflow/.local/lib/python3.7/site-packages/airflow/example_dags/example_latest_only_with_trigger.py
[2023-04-14T19:26:09.422+0000] {processor.py:753} INFO - DAG(s) dict_keys(['latest_only_with_trigger']) retrieved from /home/airflow/.local/lib/python3.7/site-packages/airflow/example_dags/example_latest_only_with_trigger.py
[2023-04-14T19:26:09.435+0000] {logging_mixin.py:137} INFO - [2023-04-14T19:26:09.434+0000] {dag.py:2705} INFO - Sync 1 DAGs
[2023-04-14T19:26:09.459+0000] {logging_mixin.py:137} INFO - [2023-04-14T19:26:09.458+0000] {dag.py:3456} INFO - Setting next_dagrun for latest_only_with_trigger to 2023-04-14T15:26:09.458606+00:00, run_after=2023-04-14T19:26:09.458606+00:00
[2023-04-14T19:26:09.480+0000] {processor.py:175} INFO - Processing /home/airflow/.local/lib/python3.7/site-packages/airflow/example_dags/example_latest_only_with_trigger.py took 0.076 seconds
[2023-04-14T19:26:39.586+0000] {processor.py:153} INFO - Started process (PID=147) to work on /home/airflow/.local/lib/python3.7/site-packages/airflow/example_dags/example_latest_only_with_trigger.py
[2023-04-14T19:26:39.587+0000] {processor.py:743} INFO - Processing file /home/airflow/.local/lib/python3.7/site-packages/airflow/example_dags/example_latest_only_with_trigger.py for tasks to queue
[2023-04-14T19:26:39.588+0000] {logging_mixin.py:137} INFO - [2023-04-14T19:26:39.588+0000] {dagbag.py:532} INFO - Filling up the DagBag from /home/airflow/.local/lib/python3.7/site-packages/airflow/example_dags/example_latest_only_with_trigger.py
[2023-04-14T19:26:39.599+0000] {processor.py:753} INFO - DAG(s) dict_keys(['latest_only_with_trigger']) retrieved from /home/airflow/.local/lib/python3.7/site-packages/airflow/example_dags/example_latest_only_with_trigger.py
[2023-04-14T19:26:39.619+0000] {logging_mixin.py:137} INFO - [2023-04-14T19:26:39.619+0000] {dag.py:2705} INFO - Sync 1 DAGs
[2023-04-14T19:26:39.635+0000] {logging_mixin.py:137} INFO - [2023-04-14T19:26:39.635+0000] {dag.py:3456} INFO - Setting next_dagrun for latest_only_with_trigger to 2023-04-14T15:26:39.634827+00:00, run_after=2023-04-14T19:26:39.634827+00:00
[2023-04-14T19:26:39.647+0000] {processor.py:175} INFO - Processing /home/airflow/.local/lib/python3.7/site-packages/airflow/example_dags/example_latest_only_with_trigger.py took 0.064 seconds
[2023-04-14T19:27:10.152+0000] {processor.py:153} INFO - Started process (PID=238) to work on /home/airflow/.local/lib/python3.7/site-packages/airflow/example_dags/example_latest_only_with_trigger.py
[2023-04-14T19:27:10.152+0000] {processor.py:743} INFO - Processing file /home/airflow/.local/lib/python3.7/site-packages/airflow/example_dags/example_latest_only_with_trigger.py for tasks to queue
[2023-04-14T19:27:10.153+0000] {logging_mixin.py:137} INFO - [2023-04-14T19:27:10.153+0000] {dagbag.py:532} INFO - Filling up the DagBag from /home/airflow/.local/lib/python3.7/site-packages/airflow/example_dags/example_latest_only_with_trigger.py
[2023-04-14T19:27:10.164+0000] {processor.py:753} INFO - DAG(s) dict_keys(['latest_only_with_trigger']) retrieved from /home/airflow/.local/lib/python3.7/site-packages/airflow/example_dags/example_latest_only_with_trigger.py
[2023-04-14T19:27:10.183+0000] {logging_mixin.py:137} INFO - [2023-04-14T19:27:10.183+0000] {dag.py:2705} INFO - Sync 1 DAGs
[2023-04-14T19:27:10.203+0000] {logging_mixin.py:137} INFO - [2023-04-14T19:27:10.203+0000] {dag.py:3456} INFO - Setting next_dagrun for latest_only_with_trigger to 2023-04-14T15:27:10.203340+00:00, run_after=2023-04-14T19:27:10.203340+00:00
[2023-04-14T19:27:10.216+0000] {processor.py:175} INFO - Processing /home/airflow/.local/lib/python3.7/site-packages/airflow/example_dags/example_latest_only_with_trigger.py took 0.067 seconds
[2023-04-14T19:31:45.008+0000] {processor.py:153} INFO - Started process (PID=47) to work on /home/airflow/.local/lib/python3.10/site-packages/airflow/example_dags/example_latest_only_with_trigger.py
[2023-04-14T19:31:45.009+0000] {processor.py:743} INFO - Processing file /home/airflow/.local/lib/python3.10/site-packages/airflow/example_dags/example_latest_only_with_trigger.py for tasks to queue
[2023-04-14T19:31:45.011+0000] {logging_mixin.py:137} INFO - [2023-04-14T19:31:45.010+0000] {dagbag.py:532} INFO - Filling up the DagBag from /home/airflow/.local/lib/python3.10/site-packages/airflow/example_dags/example_latest_only_with_trigger.py
[2023-04-14T19:31:45.026+0000] {processor.py:753} INFO - DAG(s) dict_keys(['latest_only_with_trigger']) retrieved from /home/airflow/.local/lib/python3.10/site-packages/airflow/example_dags/example_latest_only_with_trigger.py
[2023-04-14T19:31:45.037+0000] {logging_mixin.py:137} INFO - [2023-04-14T19:31:45.037+0000] {dag.py:2705} INFO - Sync 1 DAGs
[2023-04-14T19:31:45.052+0000] {logging_mixin.py:137} INFO - [2023-04-14T19:31:45.052+0000] {dag.py:3452} INFO - Setting next_dagrun for latest_only_with_trigger to 2023-04-14T15:31:45.052509+00:00, run_after=2023-04-14T19:31:45.052509+00:00
[2023-04-14T19:31:45.065+0000] {processor.py:175} INFO - Processing /home/airflow/.local/lib/python3.10/site-packages/airflow/example_dags/example_latest_only_with_trigger.py took 0.059 seconds
[2023-04-14T19:32:15.961+0000] {processor.py:153} INFO - Started process (PID=131) to work on /home/airflow/.local/lib/python3.10/site-packages/airflow/example_dags/example_latest_only_with_trigger.py
[2023-04-14T19:32:15.963+0000] {processor.py:743} INFO - Processing file /home/airflow/.local/lib/python3.10/site-packages/airflow/example_dags/example_latest_only_with_trigger.py for tasks to queue
[2023-04-14T19:32:15.963+0000] {logging_mixin.py:137} INFO - [2023-04-14T19:32:15.963+0000] {dagbag.py:532} INFO - Filling up the DagBag from /home/airflow/.local/lib/python3.10/site-packages/airflow/example_dags/example_latest_only_with_trigger.py
[2023-04-14T19:32:15.975+0000] {processor.py:753} INFO - DAG(s) dict_keys(['latest_only_with_trigger']) retrieved from /home/airflow/.local/lib/python3.10/site-packages/airflow/example_dags/example_latest_only_with_trigger.py
[2023-04-14T19:32:15.995+0000] {logging_mixin.py:137} INFO - [2023-04-14T19:32:15.995+0000] {dag.py:2705} INFO - Sync 1 DAGs
[2023-04-14T19:32:16.011+0000] {logging_mixin.py:137} INFO - [2023-04-14T19:32:16.011+0000] {dag.py:3452} INFO - Setting next_dagrun for latest_only_with_trigger to 2023-04-14T15:32:16.011595+00:00, run_after=2023-04-14T19:32:16.011595+00:00
[2023-04-14T19:32:16.023+0000] {processor.py:175} INFO - Processing /home/airflow/.local/lib/python3.10/site-packages/airflow/example_dags/example_latest_only_with_trigger.py took 0.064 seconds
[2023-04-14T19:32:46.065+0000] {processor.py:153} INFO - Started process (PID=201) to work on /home/airflow/.local/lib/python3.10/site-packages/airflow/example_dags/example_latest_only_with_trigger.py
[2023-04-14T19:32:46.066+0000] {processor.py:743} INFO - Processing file /home/airflow/.local/lib/python3.10/site-packages/airflow/example_dags/example_latest_only_with_trigger.py for tasks to queue
[2023-04-14T19:32:46.066+0000] {logging_mixin.py:137} INFO - [2023-04-14T19:32:46.066+0000] {dagbag.py:532} INFO - Filling up the DagBag from /home/airflow/.local/lib/python3.10/site-packages/airflow/example_dags/example_latest_only_with_trigger.py
[2023-04-14T19:32:46.082+0000] {processor.py:753} INFO - DAG(s) dict_keys(['latest_only_with_trigger']) retrieved from /home/airflow/.local/lib/python3.10/site-packages/airflow/example_dags/example_latest_only_with_trigger.py
[2023-04-14T19:32:46.101+0000] {logging_mixin.py:137} INFO - [2023-04-14T19:32:46.100+0000] {dag.py:2705} INFO - Sync 1 DAGs
[2023-04-14T19:32:46.117+0000] {logging_mixin.py:137} INFO - [2023-04-14T19:32:46.117+0000] {dag.py:3452} INFO - Setting next_dagrun for latest_only_with_trigger to 2023-04-14T15:32:46.117438+00:00, run_after=2023-04-14T19:32:46.117438+00:00
[2023-04-14T19:32:46.127+0000] {processor.py:175} INFO - Processing /home/airflow/.local/lib/python3.10/site-packages/airflow/example_dags/example_latest_only_with_trigger.py took 0.064 seconds
[2023-04-14T19:33:24.234+0000] {processor.py:153} INFO - Started process (PID=48) to work on /home/airflow/.local/lib/python3.10/site-packages/airflow/example_dags/example_latest_only_with_trigger.py
[2023-04-14T19:33:24.235+0000] {processor.py:743} INFO - Processing file /home/airflow/.local/lib/python3.10/site-packages/airflow/example_dags/example_latest_only_with_trigger.py for tasks to queue
[2023-04-14T19:33:24.236+0000] {logging_mixin.py:137} INFO - [2023-04-14T19:33:24.236+0000] {dagbag.py:532} INFO - Filling up the DagBag from /home/airflow/.local/lib/python3.10/site-packages/airflow/example_dags/example_latest_only_with_trigger.py
[2023-04-14T19:33:24.247+0000] {processor.py:753} INFO - DAG(s) dict_keys(['latest_only_with_trigger']) retrieved from /home/airflow/.local/lib/python3.10/site-packages/airflow/example_dags/example_latest_only_with_trigger.py
[2023-04-14T19:33:24.258+0000] {logging_mixin.py:137} INFO - [2023-04-14T19:33:24.258+0000] {dag.py:2705} INFO - Sync 1 DAGs
[2023-04-14T19:33:24.273+0000] {logging_mixin.py:137} INFO - [2023-04-14T19:33:24.273+0000] {dag.py:3452} INFO - Setting next_dagrun for latest_only_with_trigger to 2023-04-14T15:33:24.273290+00:00, run_after=2023-04-14T19:33:24.273290+00:00
[2023-04-14T19:33:24.286+0000] {processor.py:175} INFO - Processing /home/airflow/.local/lib/python3.10/site-packages/airflow/example_dags/example_latest_only_with_trigger.py took 0.054 seconds
[2023-04-14T19:33:55.182+0000] {processor.py:153} INFO - Started process (PID=132) to work on /home/airflow/.local/lib/python3.10/site-packages/airflow/example_dags/example_latest_only_with_trigger.py
[2023-04-14T19:33:55.183+0000] {processor.py:743} INFO - Processing file /home/airflow/.local/lib/python3.10/site-packages/airflow/example_dags/example_latest_only_with_trigger.py for tasks to queue
[2023-04-14T19:33:55.184+0000] {logging_mixin.py:137} INFO - [2023-04-14T19:33:55.183+0000] {dagbag.py:532} INFO - Filling up the DagBag from /home/airflow/.local/lib/python3.10/site-packages/airflow/example_dags/example_latest_only_with_trigger.py
[2023-04-14T19:33:55.194+0000] {processor.py:753} INFO - DAG(s) dict_keys(['latest_only_with_trigger']) retrieved from /home/airflow/.local/lib/python3.10/site-packages/airflow/example_dags/example_latest_only_with_trigger.py
[2023-04-14T19:33:55.211+0000] {logging_mixin.py:137} INFO - [2023-04-14T19:33:55.211+0000] {dag.py:2705} INFO - Sync 1 DAGs
[2023-04-14T19:33:55.226+0000] {logging_mixin.py:137} INFO - [2023-04-14T19:33:55.226+0000] {dag.py:3452} INFO - Setting next_dagrun for latest_only_with_trigger to 2023-04-14T15:33:55.225991+00:00, run_after=2023-04-14T19:33:55.225991+00:00
[2023-04-14T19:33:55.238+0000] {processor.py:175} INFO - Processing /home/airflow/.local/lib/python3.10/site-packages/airflow/example_dags/example_latest_only_with_trigger.py took 0.058 seconds
[2023-04-14T19:34:26.155+0000] {processor.py:153} INFO - Started process (PID=216) to work on /home/airflow/.local/lib/python3.10/site-packages/airflow/example_dags/example_latest_only_with_trigger.py
[2023-04-14T19:34:26.156+0000] {processor.py:743} INFO - Processing file /home/airflow/.local/lib/python3.10/site-packages/airflow/example_dags/example_latest_only_with_trigger.py for tasks to queue
[2023-04-14T19:34:26.157+0000] {logging_mixin.py:137} INFO - [2023-04-14T19:34:26.157+0000] {dagbag.py:532} INFO - Filling up the DagBag from /home/airflow/.local/lib/python3.10/site-packages/airflow/example_dags/example_latest_only_with_trigger.py
[2023-04-14T19:34:26.168+0000] {processor.py:753} INFO - DAG(s) dict_keys(['latest_only_with_trigger']) retrieved from /home/airflow/.local/lib/python3.10/site-packages/airflow/example_dags/example_latest_only_with_trigger.py
[2023-04-14T19:34:26.188+0000] {logging_mixin.py:137} INFO - [2023-04-14T19:34:26.188+0000] {dag.py:2705} INFO - Sync 1 DAGs
[2023-04-14T19:34:26.205+0000] {logging_mixin.py:137} INFO - [2023-04-14T19:34:26.204+0000] {dag.py:3452} INFO - Setting next_dagrun for latest_only_with_trigger to 2023-04-14T15:34:26.204813+00:00, run_after=2023-04-14T19:34:26.204813+00:00
[2023-04-14T19:34:26.216+0000] {processor.py:175} INFO - Processing /home/airflow/.local/lib/python3.10/site-packages/airflow/example_dags/example_latest_only_with_trigger.py took 0.063 seconds
[2023-04-14T19:35:37.565+0000] {processor.py:153} INFO - Started process (PID=48) to work on /home/airflow/.local/lib/python3.10/site-packages/airflow/example_dags/example_latest_only_with_trigger.py
[2023-04-14T19:35:37.566+0000] {processor.py:743} INFO - Processing file /home/airflow/.local/lib/python3.10/site-packages/airflow/example_dags/example_latest_only_with_trigger.py for tasks to queue
[2023-04-14T19:35:37.566+0000] {logging_mixin.py:137} INFO - [2023-04-14T19:35:37.566+0000] {dagbag.py:532} INFO - Filling up the DagBag from /home/airflow/.local/lib/python3.10/site-packages/airflow/example_dags/example_latest_only_with_trigger.py
[2023-04-14T19:35:37.580+0000] {processor.py:753} INFO - DAG(s) dict_keys(['latest_only_with_trigger']) retrieved from /home/airflow/.local/lib/python3.10/site-packages/airflow/example_dags/example_latest_only_with_trigger.py
[2023-04-14T19:35:37.587+0000] {logging_mixin.py:137} INFO - [2023-04-14T19:35:37.587+0000] {dag.py:2705} INFO - Sync 1 DAGs
[2023-04-14T19:35:37.601+0000] {logging_mixin.py:137} INFO - [2023-04-14T19:35:37.601+0000] {dag.py:3452} INFO - Setting next_dagrun for latest_only_with_trigger to 2023-04-14T15:35:37.600819+00:00, run_after=2023-04-14T19:35:37.600819+00:00
[2023-04-14T19:35:37.612+0000] {processor.py:175} INFO - Processing /home/airflow/.local/lib/python3.10/site-packages/airflow/example_dags/example_latest_only_with_trigger.py took 0.049 seconds
[2023-04-14T19:36:08.668+0000] {processor.py:153} INFO - Started process (PID=133) to work on /home/airflow/.local/lib/python3.10/site-packages/airflow/example_dags/example_latest_only_with_trigger.py
[2023-04-14T19:36:08.669+0000] {processor.py:743} INFO - Processing file /home/airflow/.local/lib/python3.10/site-packages/airflow/example_dags/example_latest_only_with_trigger.py for tasks to queue
[2023-04-14T19:36:08.669+0000] {logging_mixin.py:137} INFO - [2023-04-14T19:36:08.669+0000] {dagbag.py:532} INFO - Filling up the DagBag from /home/airflow/.local/lib/python3.10/site-packages/airflow/example_dags/example_latest_only_with_trigger.py
[2023-04-14T19:36:08.679+0000] {processor.py:753} INFO - DAG(s) dict_keys(['latest_only_with_trigger']) retrieved from /home/airflow/.local/lib/python3.10/site-packages/airflow/example_dags/example_latest_only_with_trigger.py
[2023-04-14T19:36:08.698+0000] {logging_mixin.py:137} INFO - [2023-04-14T19:36:08.698+0000] {dag.py:2705} INFO - Sync 1 DAGs
[2023-04-14T19:36:08.712+0000] {logging_mixin.py:137} INFO - [2023-04-14T19:36:08.712+0000] {dag.py:3452} INFO - Setting next_dagrun for latest_only_with_trigger to 2023-04-14T15:36:08.712020+00:00, run_after=2023-04-14T19:36:08.712020+00:00
[2023-04-14T19:36:08.723+0000] {processor.py:175} INFO - Processing /home/airflow/.local/lib/python3.10/site-packages/airflow/example_dags/example_latest_only_with_trigger.py took 0.058 seconds
