[2023-04-14T19:13:18.492+0000] {processor.py:153} INFO - Started process (PID=61) to work on /home/airflow/.local/lib/python3.7/site-packages/airflow/example_dags/example_subdag_operator.py
[2023-04-14T19:13:18.492+0000] {processor.py:743} INFO - Processing file /home/airflow/.local/lib/python3.7/site-packages/airflow/example_dags/example_subdag_operator.py for tasks to queue
[2023-04-14T19:13:18.493+0000] {logging_mixin.py:137} INFO - [2023-04-14T19:13:18.493+0000] {dagbag.py:532} INFO - Filling up the DagBag from /home/airflow/.local/lib/python3.7/site-packages/airflow/example_dags/example_subdag_operator.py
[2023-04-14T19:13:18.522+0000] {processor.py:753} INFO - DAG(s) dict_keys(['example_subdag_operator.section-1', 'example_subdag_operator.section-2', 'example_subdag_operator']) retrieved from /home/airflow/.local/lib/python3.7/site-packages/airflow/example_dags/example_subdag_operator.py
[2023-04-14T19:13:18.526+0000] {logging_mixin.py:137} INFO - [2023-04-14T19:13:18.525+0000] {dag.py:2705} INFO - Sync 3 DAGs
[2023-04-14T19:13:18.551+0000] {logging_mixin.py:137} INFO - [2023-04-14T19:13:18.551+0000] {dag.py:3456} INFO - Setting next_dagrun for example_subdag_operator to 2022-01-01T00:00:00+00:00, run_after=2022-01-01T00:00:00+00:00
[2023-04-14T19:13:18.555+0000] {logging_mixin.py:137} INFO - [2023-04-14T19:13:18.555+0000] {dag.py:3456} INFO - Setting next_dagrun for example_subdag_operator.section-1 to None, run_after=None
[2023-04-14T19:13:18.557+0000] {logging_mixin.py:137} INFO - [2023-04-14T19:13:18.557+0000] {dag.py:3456} INFO - Setting next_dagrun for example_subdag_operator.section-2 to None, run_after=None
[2023-04-14T19:13:18.566+0000] {logging_mixin.py:137} INFO - [2023-04-14T19:13:18.566+0000] {dag.py:2705} INFO - Sync 2 DAGs
[2023-04-14T19:13:18.574+0000] {logging_mixin.py:137} INFO - [2023-04-14T19:13:18.573+0000] {dag.py:3456} INFO - Setting next_dagrun for example_subdag_operator.section-1 to None, run_after=None
[2023-04-14T19:13:18.574+0000] {logging_mixin.py:137} INFO - [2023-04-14T19:13:18.574+0000] {dag.py:3456} INFO - Setting next_dagrun for example_subdag_operator.section-2 to None, run_after=None
[2023-04-14T19:13:18.586+0000] {processor.py:175} INFO - Processing /home/airflow/.local/lib/python3.7/site-packages/airflow/example_dags/example_subdag_operator.py took 0.098 seconds
[2023-04-14T19:13:49.417+0000] {processor.py:153} INFO - Started process (PID=151) to work on /home/airflow/.local/lib/python3.7/site-packages/airflow/example_dags/example_subdag_operator.py
[2023-04-14T19:13:49.417+0000] {processor.py:743} INFO - Processing file /home/airflow/.local/lib/python3.7/site-packages/airflow/example_dags/example_subdag_operator.py for tasks to queue
[2023-04-14T19:13:49.418+0000] {logging_mixin.py:137} INFO - [2023-04-14T19:13:49.418+0000] {dagbag.py:532} INFO - Filling up the DagBag from /home/airflow/.local/lib/python3.7/site-packages/airflow/example_dags/example_subdag_operator.py
[2023-04-14T19:13:49.446+0000] {processor.py:753} INFO - DAG(s) dict_keys(['example_subdag_operator.section-1', 'example_subdag_operator.section-2', 'example_subdag_operator']) retrieved from /home/airflow/.local/lib/python3.7/site-packages/airflow/example_dags/example_subdag_operator.py
[2023-04-14T19:13:49.461+0000] {logging_mixin.py:137} INFO - [2023-04-14T19:13:49.461+0000] {dag.py:2705} INFO - Sync 3 DAGs
[2023-04-14T19:13:49.478+0000] {logging_mixin.py:137} INFO - [2023-04-14T19:13:49.477+0000] {dag.py:3456} INFO - Setting next_dagrun for example_subdag_operator to 2022-01-01T00:00:00+00:00, run_after=2022-01-01T00:00:00+00:00
[2023-04-14T19:13:49.480+0000] {logging_mixin.py:137} INFO - [2023-04-14T19:13:49.480+0000] {dag.py:3456} INFO - Setting next_dagrun for example_subdag_operator.section-1 to None, run_after=None
[2023-04-14T19:13:49.481+0000] {logging_mixin.py:137} INFO - [2023-04-14T19:13:49.481+0000] {dag.py:3456} INFO - Setting next_dagrun for example_subdag_operator.section-2 to None, run_after=None
[2023-04-14T19:13:49.486+0000] {logging_mixin.py:137} INFO - [2023-04-14T19:13:49.486+0000] {dag.py:2705} INFO - Sync 2 DAGs
[2023-04-14T19:13:49.490+0000] {logging_mixin.py:137} INFO - [2023-04-14T19:13:49.490+0000] {dag.py:3456} INFO - Setting next_dagrun for example_subdag_operator.section-1 to None, run_after=None
[2023-04-14T19:13:49.490+0000] {logging_mixin.py:137} INFO - [2023-04-14T19:13:49.490+0000] {dag.py:3456} INFO - Setting next_dagrun for example_subdag_operator.section-2 to None, run_after=None
[2023-04-14T19:13:49.497+0000] {processor.py:175} INFO - Processing /home/airflow/.local/lib/python3.7/site-packages/airflow/example_dags/example_subdag_operator.py took 0.083 seconds
[2023-04-14T19:14:19.677+0000] {processor.py:153} INFO - Started process (PID=242) to work on /home/airflow/.local/lib/python3.7/site-packages/airflow/example_dags/example_subdag_operator.py
[2023-04-14T19:14:19.678+0000] {processor.py:743} INFO - Processing file /home/airflow/.local/lib/python3.7/site-packages/airflow/example_dags/example_subdag_operator.py for tasks to queue
[2023-04-14T19:14:19.678+0000] {logging_mixin.py:137} INFO - [2023-04-14T19:14:19.678+0000] {dagbag.py:532} INFO - Filling up the DagBag from /home/airflow/.local/lib/python3.7/site-packages/airflow/example_dags/example_subdag_operator.py
[2023-04-14T19:14:19.706+0000] {processor.py:753} INFO - DAG(s) dict_keys(['example_subdag_operator.section-1', 'example_subdag_operator.section-2', 'example_subdag_operator']) retrieved from /home/airflow/.local/lib/python3.7/site-packages/airflow/example_dags/example_subdag_operator.py
[2023-04-14T19:14:19.722+0000] {logging_mixin.py:137} INFO - [2023-04-14T19:14:19.722+0000] {dag.py:2705} INFO - Sync 3 DAGs
[2023-04-14T19:14:19.740+0000] {logging_mixin.py:137} INFO - [2023-04-14T19:14:19.739+0000] {dag.py:3456} INFO - Setting next_dagrun for example_subdag_operator to 2022-01-01T00:00:00+00:00, run_after=2022-01-01T00:00:00+00:00
[2023-04-14T19:14:19.744+0000] {logging_mixin.py:137} INFO - [2023-04-14T19:14:19.744+0000] {dag.py:3456} INFO - Setting next_dagrun for example_subdag_operator.section-1 to None, run_after=None
[2023-04-14T19:14:19.745+0000] {logging_mixin.py:137} INFO - [2023-04-14T19:14:19.745+0000] {dag.py:3456} INFO - Setting next_dagrun for example_subdag_operator.section-2 to None, run_after=None
[2023-04-14T19:14:19.753+0000] {logging_mixin.py:137} INFO - [2023-04-14T19:14:19.753+0000] {dag.py:2705} INFO - Sync 2 DAGs
[2023-04-14T19:14:19.757+0000] {logging_mixin.py:137} INFO - [2023-04-14T19:14:19.757+0000] {dag.py:3456} INFO - Setting next_dagrun for example_subdag_operator.section-1 to None, run_after=None
[2023-04-14T19:14:19.757+0000] {logging_mixin.py:137} INFO - [2023-04-14T19:14:19.757+0000] {dag.py:3456} INFO - Setting next_dagrun for example_subdag_operator.section-2 to None, run_after=None
[2023-04-14T19:14:19.766+0000] {processor.py:175} INFO - Processing /home/airflow/.local/lib/python3.7/site-packages/airflow/example_dags/example_subdag_operator.py took 0.092 seconds
[2023-04-14T19:14:49.850+0000] {processor.py:153} INFO - Started process (PID=317) to work on /home/airflow/.local/lib/python3.7/site-packages/airflow/example_dags/example_subdag_operator.py
[2023-04-14T19:14:49.850+0000] {processor.py:743} INFO - Processing file /home/airflow/.local/lib/python3.7/site-packages/airflow/example_dags/example_subdag_operator.py for tasks to queue
[2023-04-14T19:14:49.851+0000] {logging_mixin.py:137} INFO - [2023-04-14T19:14:49.851+0000] {dagbag.py:532} INFO - Filling up the DagBag from /home/airflow/.local/lib/python3.7/site-packages/airflow/example_dags/example_subdag_operator.py
[2023-04-14T19:14:49.875+0000] {processor.py:753} INFO - DAG(s) dict_keys(['example_subdag_operator.section-1', 'example_subdag_operator.section-2', 'example_subdag_operator']) retrieved from /home/airflow/.local/lib/python3.7/site-packages/airflow/example_dags/example_subdag_operator.py
[2023-04-14T19:14:49.888+0000] {logging_mixin.py:137} INFO - [2023-04-14T19:14:49.888+0000] {dag.py:2705} INFO - Sync 3 DAGs
[2023-04-14T19:14:49.904+0000] {logging_mixin.py:137} INFO - [2023-04-14T19:14:49.904+0000] {dag.py:3456} INFO - Setting next_dagrun for example_subdag_operator to 2022-01-01T00:00:00+00:00, run_after=2022-01-01T00:00:00+00:00
[2023-04-14T19:14:49.907+0000] {logging_mixin.py:137} INFO - [2023-04-14T19:14:49.907+0000] {dag.py:3456} INFO - Setting next_dagrun for example_subdag_operator.section-1 to None, run_after=None
[2023-04-14T19:14:49.908+0000] {logging_mixin.py:137} INFO - [2023-04-14T19:14:49.908+0000] {dag.py:3456} INFO - Setting next_dagrun for example_subdag_operator.section-2 to None, run_after=None
[2023-04-14T19:14:49.913+0000] {logging_mixin.py:137} INFO - [2023-04-14T19:14:49.912+0000] {dag.py:2705} INFO - Sync 2 DAGs
[2023-04-14T19:14:49.916+0000] {logging_mixin.py:137} INFO - [2023-04-14T19:14:49.916+0000] {dag.py:3456} INFO - Setting next_dagrun for example_subdag_operator.section-1 to None, run_after=None
[2023-04-14T19:14:49.916+0000] {logging_mixin.py:137} INFO - [2023-04-14T19:14:49.916+0000] {dag.py:3456} INFO - Setting next_dagrun for example_subdag_operator.section-2 to None, run_after=None
[2023-04-14T19:14:49.923+0000] {processor.py:175} INFO - Processing /home/airflow/.local/lib/python3.7/site-packages/airflow/example_dags/example_subdag_operator.py took 0.078 seconds
[2023-04-14T19:15:20.043+0000] {processor.py:153} INFO - Started process (PID=408) to work on /home/airflow/.local/lib/python3.7/site-packages/airflow/example_dags/example_subdag_operator.py
[2023-04-14T19:15:20.044+0000] {processor.py:743} INFO - Processing file /home/airflow/.local/lib/python3.7/site-packages/airflow/example_dags/example_subdag_operator.py for tasks to queue
[2023-04-14T19:15:20.045+0000] {logging_mixin.py:137} INFO - [2023-04-14T19:15:20.044+0000] {dagbag.py:532} INFO - Filling up the DagBag from /home/airflow/.local/lib/python3.7/site-packages/airflow/example_dags/example_subdag_operator.py
[2023-04-14T19:15:20.069+0000] {processor.py:753} INFO - DAG(s) dict_keys(['example_subdag_operator.section-1', 'example_subdag_operator.section-2', 'example_subdag_operator']) retrieved from /home/airflow/.local/lib/python3.7/site-packages/airflow/example_dags/example_subdag_operator.py
[2023-04-14T19:15:20.085+0000] {logging_mixin.py:137} INFO - [2023-04-14T19:15:20.085+0000] {dag.py:2705} INFO - Sync 3 DAGs
[2023-04-14T19:15:20.102+0000] {logging_mixin.py:137} INFO - [2023-04-14T19:15:20.101+0000] {dag.py:3456} INFO - Setting next_dagrun for example_subdag_operator to 2022-01-01T00:00:00+00:00, run_after=2022-01-01T00:00:00+00:00
[2023-04-14T19:15:20.104+0000] {logging_mixin.py:137} INFO - [2023-04-14T19:15:20.104+0000] {dag.py:3456} INFO - Setting next_dagrun for example_subdag_operator.section-1 to None, run_after=None
[2023-04-14T19:15:20.105+0000] {logging_mixin.py:137} INFO - [2023-04-14T19:15:20.105+0000] {dag.py:3456} INFO - Setting next_dagrun for example_subdag_operator.section-2 to None, run_after=None
[2023-04-14T19:15:20.111+0000] {logging_mixin.py:137} INFO - [2023-04-14T19:15:20.110+0000] {dag.py:2705} INFO - Sync 2 DAGs
[2023-04-14T19:15:20.114+0000] {logging_mixin.py:137} INFO - [2023-04-14T19:15:20.114+0000] {dag.py:3456} INFO - Setting next_dagrun for example_subdag_operator.section-1 to None, run_after=None
[2023-04-14T19:15:20.115+0000] {logging_mixin.py:137} INFO - [2023-04-14T19:15:20.115+0000] {dag.py:3456} INFO - Setting next_dagrun for example_subdag_operator.section-2 to None, run_after=None
[2023-04-14T19:15:20.122+0000] {processor.py:175} INFO - Processing /home/airflow/.local/lib/python3.7/site-packages/airflow/example_dags/example_subdag_operator.py took 0.081 seconds
[2023-04-14T19:17:35.856+0000] {processor.py:153} INFO - Started process (PID=61) to work on /home/airflow/.local/lib/python3.7/site-packages/airflow/example_dags/example_subdag_operator.py
[2023-04-14T19:17:35.857+0000] {processor.py:743} INFO - Processing file /home/airflow/.local/lib/python3.7/site-packages/airflow/example_dags/example_subdag_operator.py for tasks to queue
[2023-04-14T19:17:35.858+0000] {logging_mixin.py:137} INFO - [2023-04-14T19:17:35.858+0000] {dagbag.py:532} INFO - Filling up the DagBag from /home/airflow/.local/lib/python3.7/site-packages/airflow/example_dags/example_subdag_operator.py
[2023-04-14T19:17:35.897+0000] {processor.py:753} INFO - DAG(s) dict_keys(['example_subdag_operator.section-1', 'example_subdag_operator.section-2', 'example_subdag_operator']) retrieved from /home/airflow/.local/lib/python3.7/site-packages/airflow/example_dags/example_subdag_operator.py
[2023-04-14T19:17:35.903+0000] {logging_mixin.py:137} INFO - [2023-04-14T19:17:35.903+0000] {dag.py:2705} INFO - Sync 3 DAGs
[2023-04-14T19:17:35.940+0000] {logging_mixin.py:137} INFO - [2023-04-14T19:17:35.940+0000] {dag.py:3456} INFO - Setting next_dagrun for example_subdag_operator to 2022-01-01T00:00:00+00:00, run_after=2022-01-01T00:00:00+00:00
[2023-04-14T19:17:35.944+0000] {logging_mixin.py:137} INFO - [2023-04-14T19:17:35.944+0000] {dag.py:3456} INFO - Setting next_dagrun for example_subdag_operator.section-1 to None, run_after=None
[2023-04-14T19:17:35.946+0000] {logging_mixin.py:137} INFO - [2023-04-14T19:17:35.945+0000] {dag.py:3456} INFO - Setting next_dagrun for example_subdag_operator.section-2 to None, run_after=None
[2023-04-14T19:17:35.953+0000] {logging_mixin.py:137} INFO - [2023-04-14T19:17:35.953+0000] {dag.py:2705} INFO - Sync 2 DAGs
[2023-04-14T19:17:35.960+0000] {logging_mixin.py:137} INFO - [2023-04-14T19:17:35.960+0000] {dag.py:3456} INFO - Setting next_dagrun for example_subdag_operator.section-1 to None, run_after=None
[2023-04-14T19:17:35.960+0000] {logging_mixin.py:137} INFO - [2023-04-14T19:17:35.960+0000] {dag.py:3456} INFO - Setting next_dagrun for example_subdag_operator.section-2 to None, run_after=None
[2023-04-14T19:17:35.970+0000] {processor.py:175} INFO - Processing /home/airflow/.local/lib/python3.7/site-packages/airflow/example_dags/example_subdag_operator.py took 0.119 seconds
[2023-04-14T19:18:06.279+0000] {processor.py:153} INFO - Started process (PID=153) to work on /home/airflow/.local/lib/python3.7/site-packages/airflow/example_dags/example_subdag_operator.py
[2023-04-14T19:18:06.281+0000] {processor.py:743} INFO - Processing file /home/airflow/.local/lib/python3.7/site-packages/airflow/example_dags/example_subdag_operator.py for tasks to queue
[2023-04-14T19:18:06.281+0000] {logging_mixin.py:137} INFO - [2023-04-14T19:18:06.281+0000] {dagbag.py:532} INFO - Filling up the DagBag from /home/airflow/.local/lib/python3.7/site-packages/airflow/example_dags/example_subdag_operator.py
[2023-04-14T19:18:06.307+0000] {processor.py:753} INFO - DAG(s) dict_keys(['example_subdag_operator.section-1', 'example_subdag_operator.section-2', 'example_subdag_operator']) retrieved from /home/airflow/.local/lib/python3.7/site-packages/airflow/example_dags/example_subdag_operator.py
[2023-04-14T19:18:06.321+0000] {logging_mixin.py:137} INFO - [2023-04-14T19:18:06.321+0000] {dag.py:2705} INFO - Sync 3 DAGs
[2023-04-14T19:18:06.338+0000] {logging_mixin.py:137} INFO - [2023-04-14T19:18:06.338+0000] {dag.py:3456} INFO - Setting next_dagrun for example_subdag_operator to 2022-01-01T00:00:00+00:00, run_after=2022-01-01T00:00:00+00:00
[2023-04-14T19:18:06.341+0000] {logging_mixin.py:137} INFO - [2023-04-14T19:18:06.341+0000] {dag.py:3456} INFO - Setting next_dagrun for example_subdag_operator.section-1 to None, run_after=None
[2023-04-14T19:18:06.342+0000] {logging_mixin.py:137} INFO - [2023-04-14T19:18:06.342+0000] {dag.py:3456} INFO - Setting next_dagrun for example_subdag_operator.section-2 to None, run_after=None
[2023-04-14T19:18:06.348+0000] {logging_mixin.py:137} INFO - [2023-04-14T19:18:06.348+0000] {dag.py:2705} INFO - Sync 2 DAGs
[2023-04-14T19:18:06.353+0000] {logging_mixin.py:137} INFO - [2023-04-14T19:18:06.352+0000] {dag.py:3456} INFO - Setting next_dagrun for example_subdag_operator.section-1 to None, run_after=None
[2023-04-14T19:18:06.353+0000] {logging_mixin.py:137} INFO - [2023-04-14T19:18:06.353+0000] {dag.py:3456} INFO - Setting next_dagrun for example_subdag_operator.section-2 to None, run_after=None
[2023-04-14T19:18:06.365+0000] {processor.py:175} INFO - Processing /home/airflow/.local/lib/python3.7/site-packages/airflow/example_dags/example_subdag_operator.py took 0.089 seconds
[2023-04-14T19:18:36.832+0000] {processor.py:153} INFO - Started process (PID=244) to work on /home/airflow/.local/lib/python3.7/site-packages/airflow/example_dags/example_subdag_operator.py
[2023-04-14T19:18:36.832+0000] {processor.py:743} INFO - Processing file /home/airflow/.local/lib/python3.7/site-packages/airflow/example_dags/example_subdag_operator.py for tasks to queue
[2023-04-14T19:18:36.833+0000] {logging_mixin.py:137} INFO - [2023-04-14T19:18:36.833+0000] {dagbag.py:532} INFO - Filling up the DagBag from /home/airflow/.local/lib/python3.7/site-packages/airflow/example_dags/example_subdag_operator.py
[2023-04-14T19:18:36.858+0000] {processor.py:753} INFO - DAG(s) dict_keys(['example_subdag_operator.section-1', 'example_subdag_operator.section-2', 'example_subdag_operator']) retrieved from /home/airflow/.local/lib/python3.7/site-packages/airflow/example_dags/example_subdag_operator.py
[2023-04-14T19:18:36.873+0000] {logging_mixin.py:137} INFO - [2023-04-14T19:18:36.873+0000] {dag.py:2705} INFO - Sync 3 DAGs
[2023-04-14T19:18:36.891+0000] {logging_mixin.py:137} INFO - [2023-04-14T19:18:36.890+0000] {dag.py:3456} INFO - Setting next_dagrun for example_subdag_operator to 2022-01-01T00:00:00+00:00, run_after=2022-01-01T00:00:00+00:00
[2023-04-14T19:18:36.893+0000] {logging_mixin.py:137} INFO - [2023-04-14T19:18:36.893+0000] {dag.py:3456} INFO - Setting next_dagrun for example_subdag_operator.section-1 to None, run_after=None
[2023-04-14T19:18:36.895+0000] {logging_mixin.py:137} INFO - [2023-04-14T19:18:36.895+0000] {dag.py:3456} INFO - Setting next_dagrun for example_subdag_operator.section-2 to None, run_after=None
[2023-04-14T19:18:36.903+0000] {logging_mixin.py:137} INFO - [2023-04-14T19:18:36.903+0000] {dag.py:2705} INFO - Sync 2 DAGs
[2023-04-14T19:18:36.908+0000] {logging_mixin.py:137} INFO - [2023-04-14T19:18:36.908+0000] {dag.py:3456} INFO - Setting next_dagrun for example_subdag_operator.section-1 to None, run_after=None
[2023-04-14T19:18:36.909+0000] {logging_mixin.py:137} INFO - [2023-04-14T19:18:36.909+0000] {dag.py:3456} INFO - Setting next_dagrun for example_subdag_operator.section-2 to None, run_after=None
[2023-04-14T19:18:36.917+0000] {processor.py:175} INFO - Processing /home/airflow/.local/lib/python3.7/site-packages/airflow/example_dags/example_subdag_operator.py took 0.088 seconds
[2023-04-14T19:19:07.164+0000] {processor.py:153} INFO - Started process (PID=319) to work on /home/airflow/.local/lib/python3.7/site-packages/airflow/example_dags/example_subdag_operator.py
[2023-04-14T19:19:07.165+0000] {processor.py:743} INFO - Processing file /home/airflow/.local/lib/python3.7/site-packages/airflow/example_dags/example_subdag_operator.py for tasks to queue
[2023-04-14T19:19:07.166+0000] {logging_mixin.py:137} INFO - [2023-04-14T19:19:07.165+0000] {dagbag.py:532} INFO - Filling up the DagBag from /home/airflow/.local/lib/python3.7/site-packages/airflow/example_dags/example_subdag_operator.py
[2023-04-14T19:19:07.194+0000] {processor.py:753} INFO - DAG(s) dict_keys(['example_subdag_operator.section-1', 'example_subdag_operator.section-2', 'example_subdag_operator']) retrieved from /home/airflow/.local/lib/python3.7/site-packages/airflow/example_dags/example_subdag_operator.py
[2023-04-14T19:19:07.209+0000] {logging_mixin.py:137} INFO - [2023-04-14T19:19:07.208+0000] {dag.py:2705} INFO - Sync 3 DAGs
[2023-04-14T19:19:07.228+0000] {logging_mixin.py:137} INFO - [2023-04-14T19:19:07.228+0000] {dag.py:3456} INFO - Setting next_dagrun for example_subdag_operator to 2022-01-01T00:00:00+00:00, run_after=2022-01-01T00:00:00+00:00
[2023-04-14T19:19:07.231+0000] {logging_mixin.py:137} INFO - [2023-04-14T19:19:07.231+0000] {dag.py:3456} INFO - Setting next_dagrun for example_subdag_operator.section-1 to None, run_after=None
[2023-04-14T19:19:07.233+0000] {logging_mixin.py:137} INFO - [2023-04-14T19:19:07.232+0000] {dag.py:3456} INFO - Setting next_dagrun for example_subdag_operator.section-2 to None, run_after=None
[2023-04-14T19:19:07.239+0000] {logging_mixin.py:137} INFO - [2023-04-14T19:19:07.239+0000] {dag.py:2705} INFO - Sync 2 DAGs
[2023-04-14T19:19:07.244+0000] {logging_mixin.py:137} INFO - [2023-04-14T19:19:07.244+0000] {dag.py:3456} INFO - Setting next_dagrun for example_subdag_operator.section-1 to None, run_after=None
[2023-04-14T19:19:07.245+0000] {logging_mixin.py:137} INFO - [2023-04-14T19:19:07.245+0000] {dag.py:3456} INFO - Setting next_dagrun for example_subdag_operator.section-2 to None, run_after=None
[2023-04-14T19:19:07.252+0000] {processor.py:175} INFO - Processing /home/airflow/.local/lib/python3.7/site-packages/airflow/example_dags/example_subdag_operator.py took 0.091 seconds
[2023-04-14T19:19:37.501+0000] {processor.py:153} INFO - Started process (PID=412) to work on /home/airflow/.local/lib/python3.7/site-packages/airflow/example_dags/example_subdag_operator.py
[2023-04-14T19:19:37.502+0000] {processor.py:743} INFO - Processing file /home/airflow/.local/lib/python3.7/site-packages/airflow/example_dags/example_subdag_operator.py for tasks to queue
[2023-04-14T19:19:37.503+0000] {logging_mixin.py:137} INFO - [2023-04-14T19:19:37.502+0000] {dagbag.py:532} INFO - Filling up the DagBag from /home/airflow/.local/lib/python3.7/site-packages/airflow/example_dags/example_subdag_operator.py
[2023-04-14T19:19:37.529+0000] {processor.py:753} INFO - DAG(s) dict_keys(['example_subdag_operator.section-1', 'example_subdag_operator.section-2', 'example_subdag_operator']) retrieved from /home/airflow/.local/lib/python3.7/site-packages/airflow/example_dags/example_subdag_operator.py
[2023-04-14T19:19:37.543+0000] {logging_mixin.py:137} INFO - [2023-04-14T19:19:37.543+0000] {dag.py:2705} INFO - Sync 3 DAGs
[2023-04-14T19:19:37.562+0000] {logging_mixin.py:137} INFO - [2023-04-14T19:19:37.561+0000] {dag.py:3456} INFO - Setting next_dagrun for example_subdag_operator to 2022-01-01T00:00:00+00:00, run_after=2022-01-01T00:00:00+00:00
[2023-04-14T19:19:37.564+0000] {logging_mixin.py:137} INFO - [2023-04-14T19:19:37.564+0000] {dag.py:3456} INFO - Setting next_dagrun for example_subdag_operator.section-1 to None, run_after=None
[2023-04-14T19:19:37.565+0000] {logging_mixin.py:137} INFO - [2023-04-14T19:19:37.565+0000] {dag.py:3456} INFO - Setting next_dagrun for example_subdag_operator.section-2 to None, run_after=None
[2023-04-14T19:19:37.570+0000] {logging_mixin.py:137} INFO - [2023-04-14T19:19:37.570+0000] {dag.py:2705} INFO - Sync 2 DAGs
[2023-04-14T19:19:37.574+0000] {logging_mixin.py:137} INFO - [2023-04-14T19:19:37.574+0000] {dag.py:3456} INFO - Setting next_dagrun for example_subdag_operator.section-1 to None, run_after=None
[2023-04-14T19:19:37.574+0000] {logging_mixin.py:137} INFO - [2023-04-14T19:19:37.574+0000] {dag.py:3456} INFO - Setting next_dagrun for example_subdag_operator.section-2 to None, run_after=None
[2023-04-14T19:19:37.582+0000] {processor.py:175} INFO - Processing /home/airflow/.local/lib/python3.7/site-packages/airflow/example_dags/example_subdag_operator.py took 0.083 seconds
[2023-04-14T19:20:07.954+0000] {processor.py:153} INFO - Started process (PID=497) to work on /home/airflow/.local/lib/python3.7/site-packages/airflow/example_dags/example_subdag_operator.py
[2023-04-14T19:20:07.954+0000] {processor.py:743} INFO - Processing file /home/airflow/.local/lib/python3.7/site-packages/airflow/example_dags/example_subdag_operator.py for tasks to queue
[2023-04-14T19:20:07.955+0000] {logging_mixin.py:137} INFO - [2023-04-14T19:20:07.955+0000] {dagbag.py:532} INFO - Filling up the DagBag from /home/airflow/.local/lib/python3.7/site-packages/airflow/example_dags/example_subdag_operator.py
[2023-04-14T19:20:07.981+0000] {processor.py:753} INFO - DAG(s) dict_keys(['example_subdag_operator.section-1', 'example_subdag_operator.section-2', 'example_subdag_operator']) retrieved from /home/airflow/.local/lib/python3.7/site-packages/airflow/example_dags/example_subdag_operator.py
[2023-04-14T19:20:07.996+0000] {logging_mixin.py:137} INFO - [2023-04-14T19:20:07.996+0000] {dag.py:2705} INFO - Sync 3 DAGs
[2023-04-14T19:20:08.019+0000] {logging_mixin.py:137} INFO - [2023-04-14T19:20:08.019+0000] {dag.py:3456} INFO - Setting next_dagrun for example_subdag_operator to 2022-01-01T00:00:00+00:00, run_after=2022-01-01T00:00:00+00:00
[2023-04-14T19:20:08.023+0000] {logging_mixin.py:137} INFO - [2023-04-14T19:20:08.023+0000] {dag.py:3456} INFO - Setting next_dagrun for example_subdag_operator.section-1 to None, run_after=None
[2023-04-14T19:20:08.025+0000] {logging_mixin.py:137} INFO - [2023-04-14T19:20:08.024+0000] {dag.py:3456} INFO - Setting next_dagrun for example_subdag_operator.section-2 to None, run_after=None
[2023-04-14T19:20:08.030+0000] {logging_mixin.py:137} INFO - [2023-04-14T19:20:08.030+0000] {dag.py:2705} INFO - Sync 2 DAGs
[2023-04-14T19:20:08.033+0000] {logging_mixin.py:137} INFO - [2023-04-14T19:20:08.033+0000] {dag.py:3456} INFO - Setting next_dagrun for example_subdag_operator.section-1 to None, run_after=None
[2023-04-14T19:20:08.034+0000] {logging_mixin.py:137} INFO - [2023-04-14T19:20:08.034+0000] {dag.py:3456} INFO - Setting next_dagrun for example_subdag_operator.section-2 to None, run_after=None
[2023-04-14T19:20:08.044+0000] {processor.py:175} INFO - Processing /home/airflow/.local/lib/python3.7/site-packages/airflow/example_dags/example_subdag_operator.py took 0.093 seconds
[2023-04-14T19:20:38.345+0000] {processor.py:153} INFO - Started process (PID=579) to work on /home/airflow/.local/lib/python3.7/site-packages/airflow/example_dags/example_subdag_operator.py
[2023-04-14T19:20:38.346+0000] {processor.py:743} INFO - Processing file /home/airflow/.local/lib/python3.7/site-packages/airflow/example_dags/example_subdag_operator.py for tasks to queue
[2023-04-14T19:20:38.347+0000] {logging_mixin.py:137} INFO - [2023-04-14T19:20:38.347+0000] {dagbag.py:532} INFO - Filling up the DagBag from /home/airflow/.local/lib/python3.7/site-packages/airflow/example_dags/example_subdag_operator.py
[2023-04-14T19:20:38.383+0000] {processor.py:753} INFO - DAG(s) dict_keys(['example_subdag_operator.section-1', 'example_subdag_operator.section-2', 'example_subdag_operator']) retrieved from /home/airflow/.local/lib/python3.7/site-packages/airflow/example_dags/example_subdag_operator.py
[2023-04-14T19:20:38.403+0000] {logging_mixin.py:137} INFO - [2023-04-14T19:20:38.403+0000] {dag.py:2705} INFO - Sync 3 DAGs
[2023-04-14T19:20:38.423+0000] {logging_mixin.py:137} INFO - [2023-04-14T19:20:38.423+0000] {dag.py:3456} INFO - Setting next_dagrun for example_subdag_operator to 2022-01-01T00:00:00+00:00, run_after=2022-01-01T00:00:00+00:00
[2023-04-14T19:20:38.427+0000] {logging_mixin.py:137} INFO - [2023-04-14T19:20:38.427+0000] {dag.py:3456} INFO - Setting next_dagrun for example_subdag_operator.section-1 to None, run_after=None
[2023-04-14T19:20:38.428+0000] {logging_mixin.py:137} INFO - [2023-04-14T19:20:38.428+0000] {dag.py:3456} INFO - Setting next_dagrun for example_subdag_operator.section-2 to None, run_after=None
[2023-04-14T19:20:38.434+0000] {logging_mixin.py:137} INFO - [2023-04-14T19:20:38.434+0000] {dag.py:2705} INFO - Sync 2 DAGs
[2023-04-14T19:20:38.440+0000] {logging_mixin.py:137} INFO - [2023-04-14T19:20:38.439+0000] {dag.py:3456} INFO - Setting next_dagrun for example_subdag_operator.section-1 to None, run_after=None
[2023-04-14T19:20:38.440+0000] {logging_mixin.py:137} INFO - [2023-04-14T19:20:38.440+0000] {dag.py:3456} INFO - Setting next_dagrun for example_subdag_operator.section-2 to None, run_after=None
[2023-04-14T19:20:38.449+0000] {processor.py:175} INFO - Processing /home/airflow/.local/lib/python3.7/site-packages/airflow/example_dags/example_subdag_operator.py took 0.109 seconds
[2023-04-14T19:21:08.591+0000] {processor.py:153} INFO - Started process (PID=670) to work on /home/airflow/.local/lib/python3.7/site-packages/airflow/example_dags/example_subdag_operator.py
[2023-04-14T19:21:08.591+0000] {processor.py:743} INFO - Processing file /home/airflow/.local/lib/python3.7/site-packages/airflow/example_dags/example_subdag_operator.py for tasks to queue
[2023-04-14T19:21:08.592+0000] {logging_mixin.py:137} INFO - [2023-04-14T19:21:08.592+0000] {dagbag.py:532} INFO - Filling up the DagBag from /home/airflow/.local/lib/python3.7/site-packages/airflow/example_dags/example_subdag_operator.py
[2023-04-14T19:21:08.613+0000] {processor.py:753} INFO - DAG(s) dict_keys(['example_subdag_operator.section-1', 'example_subdag_operator.section-2', 'example_subdag_operator']) retrieved from /home/airflow/.local/lib/python3.7/site-packages/airflow/example_dags/example_subdag_operator.py
[2023-04-14T19:21:08.626+0000] {logging_mixin.py:137} INFO - [2023-04-14T19:21:08.626+0000] {dag.py:2705} INFO - Sync 3 DAGs
[2023-04-14T19:21:08.644+0000] {logging_mixin.py:137} INFO - [2023-04-14T19:21:08.644+0000] {dag.py:3456} INFO - Setting next_dagrun for example_subdag_operator to 2022-01-01T00:00:00+00:00, run_after=2022-01-01T00:00:00+00:00
[2023-04-14T19:21:08.647+0000] {logging_mixin.py:137} INFO - [2023-04-14T19:21:08.647+0000] {dag.py:3456} INFO - Setting next_dagrun for example_subdag_operator.section-1 to None, run_after=None
[2023-04-14T19:21:08.648+0000] {logging_mixin.py:137} INFO - [2023-04-14T19:21:08.648+0000] {dag.py:3456} INFO - Setting next_dagrun for example_subdag_operator.section-2 to None, run_after=None
[2023-04-14T19:21:08.654+0000] {logging_mixin.py:137} INFO - [2023-04-14T19:21:08.654+0000] {dag.py:2705} INFO - Sync 2 DAGs
[2023-04-14T19:21:08.659+0000] {logging_mixin.py:137} INFO - [2023-04-14T19:21:08.659+0000] {dag.py:3456} INFO - Setting next_dagrun for example_subdag_operator.section-1 to None, run_after=None
[2023-04-14T19:21:08.659+0000] {logging_mixin.py:137} INFO - [2023-04-14T19:21:08.659+0000] {dag.py:3456} INFO - Setting next_dagrun for example_subdag_operator.section-2 to None, run_after=None
[2023-04-14T19:21:08.668+0000] {processor.py:175} INFO - Processing /home/airflow/.local/lib/python3.7/site-packages/airflow/example_dags/example_subdag_operator.py took 0.080 seconds
[2023-04-14T19:21:38.736+0000] {processor.py:153} INFO - Started process (PID=745) to work on /home/airflow/.local/lib/python3.7/site-packages/airflow/example_dags/example_subdag_operator.py
[2023-04-14T19:21:38.737+0000] {processor.py:743} INFO - Processing file /home/airflow/.local/lib/python3.7/site-packages/airflow/example_dags/example_subdag_operator.py for tasks to queue
[2023-04-14T19:21:38.737+0000] {logging_mixin.py:137} INFO - [2023-04-14T19:21:38.737+0000] {dagbag.py:532} INFO - Filling up the DagBag from /home/airflow/.local/lib/python3.7/site-packages/airflow/example_dags/example_subdag_operator.py
[2023-04-14T19:21:38.764+0000] {processor.py:753} INFO - DAG(s) dict_keys(['example_subdag_operator.section-1', 'example_subdag_operator.section-2', 'example_subdag_operator']) retrieved from /home/airflow/.local/lib/python3.7/site-packages/airflow/example_dags/example_subdag_operator.py
[2023-04-14T19:21:38.779+0000] {logging_mixin.py:137} INFO - [2023-04-14T19:21:38.779+0000] {dag.py:2705} INFO - Sync 3 DAGs
[2023-04-14T19:21:38.799+0000] {logging_mixin.py:137} INFO - [2023-04-14T19:21:38.799+0000] {dag.py:3456} INFO - Setting next_dagrun for example_subdag_operator to 2022-01-01T00:00:00+00:00, run_after=2022-01-01T00:00:00+00:00
[2023-04-14T19:21:38.801+0000] {logging_mixin.py:137} INFO - [2023-04-14T19:21:38.801+0000] {dag.py:3456} INFO - Setting next_dagrun for example_subdag_operator.section-1 to None, run_after=None
[2023-04-14T19:21:38.802+0000] {logging_mixin.py:137} INFO - [2023-04-14T19:21:38.802+0000] {dag.py:3456} INFO - Setting next_dagrun for example_subdag_operator.section-2 to None, run_after=None
[2023-04-14T19:21:38.808+0000] {logging_mixin.py:137} INFO - [2023-04-14T19:21:38.808+0000] {dag.py:2705} INFO - Sync 2 DAGs
[2023-04-14T19:21:38.812+0000] {logging_mixin.py:137} INFO - [2023-04-14T19:21:38.812+0000] {dag.py:3456} INFO - Setting next_dagrun for example_subdag_operator.section-1 to None, run_after=None
[2023-04-14T19:21:38.812+0000] {logging_mixin.py:137} INFO - [2023-04-14T19:21:38.812+0000] {dag.py:3456} INFO - Setting next_dagrun for example_subdag_operator.section-2 to None, run_after=None
[2023-04-14T19:21:38.819+0000] {processor.py:175} INFO - Processing /home/airflow/.local/lib/python3.7/site-packages/airflow/example_dags/example_subdag_operator.py took 0.086 seconds
[2023-04-14T19:22:08.874+0000] {processor.py:153} INFO - Started process (PID=836) to work on /home/airflow/.local/lib/python3.7/site-packages/airflow/example_dags/example_subdag_operator.py
[2023-04-14T19:22:08.875+0000] {processor.py:743} INFO - Processing file /home/airflow/.local/lib/python3.7/site-packages/airflow/example_dags/example_subdag_operator.py for tasks to queue
[2023-04-14T19:22:08.875+0000] {logging_mixin.py:137} INFO - [2023-04-14T19:22:08.875+0000] {dagbag.py:532} INFO - Filling up the DagBag from /home/airflow/.local/lib/python3.7/site-packages/airflow/example_dags/example_subdag_operator.py
[2023-04-14T19:22:08.904+0000] {processor.py:753} INFO - DAG(s) dict_keys(['example_subdag_operator.section-1', 'example_subdag_operator.section-2', 'example_subdag_operator']) retrieved from /home/airflow/.local/lib/python3.7/site-packages/airflow/example_dags/example_subdag_operator.py
[2023-04-14T19:22:08.921+0000] {logging_mixin.py:137} INFO - [2023-04-14T19:22:08.921+0000] {dag.py:2705} INFO - Sync 3 DAGs
[2023-04-14T19:22:08.944+0000] {logging_mixin.py:137} INFO - [2023-04-14T19:22:08.944+0000] {dag.py:3456} INFO - Setting next_dagrun for example_subdag_operator to 2022-01-01T00:00:00+00:00, run_after=2022-01-01T00:00:00+00:00
[2023-04-14T19:22:08.947+0000] {logging_mixin.py:137} INFO - [2023-04-14T19:22:08.947+0000] {dag.py:3456} INFO - Setting next_dagrun for example_subdag_operator.section-1 to None, run_after=None
[2023-04-14T19:22:08.948+0000] {logging_mixin.py:137} INFO - [2023-04-14T19:22:08.948+0000] {dag.py:3456} INFO - Setting next_dagrun for example_subdag_operator.section-2 to None, run_after=None
[2023-04-14T19:22:08.956+0000] {logging_mixin.py:137} INFO - [2023-04-14T19:22:08.955+0000] {dag.py:2705} INFO - Sync 2 DAGs
[2023-04-14T19:22:08.962+0000] {logging_mixin.py:137} INFO - [2023-04-14T19:22:08.961+0000] {dag.py:3456} INFO - Setting next_dagrun for example_subdag_operator.section-1 to None, run_after=None
[2023-04-14T19:22:08.962+0000] {logging_mixin.py:137} INFO - [2023-04-14T19:22:08.962+0000] {dag.py:3456} INFO - Setting next_dagrun for example_subdag_operator.section-2 to None, run_after=None
[2023-04-14T19:22:08.977+0000] {processor.py:175} INFO - Processing /home/airflow/.local/lib/python3.7/site-packages/airflow/example_dags/example_subdag_operator.py took 0.106 seconds
[2023-04-14T19:22:39.374+0000] {processor.py:153} INFO - Started process (PID=927) to work on /home/airflow/.local/lib/python3.7/site-packages/airflow/example_dags/example_subdag_operator.py
[2023-04-14T19:22:39.375+0000] {processor.py:743} INFO - Processing file /home/airflow/.local/lib/python3.7/site-packages/airflow/example_dags/example_subdag_operator.py for tasks to queue
[2023-04-14T19:22:39.375+0000] {logging_mixin.py:137} INFO - [2023-04-14T19:22:39.375+0000] {dagbag.py:532} INFO - Filling up the DagBag from /home/airflow/.local/lib/python3.7/site-packages/airflow/example_dags/example_subdag_operator.py
[2023-04-14T19:22:39.409+0000] {processor.py:753} INFO - DAG(s) dict_keys(['example_subdag_operator.section-1', 'example_subdag_operator.section-2', 'example_subdag_operator']) retrieved from /home/airflow/.local/lib/python3.7/site-packages/airflow/example_dags/example_subdag_operator.py
[2023-04-14T19:22:39.429+0000] {logging_mixin.py:137} INFO - [2023-04-14T19:22:39.429+0000] {dag.py:2705} INFO - Sync 3 DAGs
[2023-04-14T19:22:39.455+0000] {logging_mixin.py:137} INFO - [2023-04-14T19:22:39.455+0000] {dag.py:3456} INFO - Setting next_dagrun for example_subdag_operator to 2022-01-01T00:00:00+00:00, run_after=2022-01-01T00:00:00+00:00
[2023-04-14T19:22:39.460+0000] {logging_mixin.py:137} INFO - [2023-04-14T19:22:39.460+0000] {dag.py:3456} INFO - Setting next_dagrun for example_subdag_operator.section-1 to None, run_after=None
[2023-04-14T19:22:39.462+0000] {logging_mixin.py:137} INFO - [2023-04-14T19:22:39.461+0000] {dag.py:3456} INFO - Setting next_dagrun for example_subdag_operator.section-2 to None, run_after=None
[2023-04-14T19:22:39.470+0000] {logging_mixin.py:137} INFO - [2023-04-14T19:22:39.470+0000] {dag.py:2705} INFO - Sync 2 DAGs
[2023-04-14T19:22:39.476+0000] {logging_mixin.py:137} INFO - [2023-04-14T19:22:39.476+0000] {dag.py:3456} INFO - Setting next_dagrun for example_subdag_operator.section-1 to None, run_after=None
[2023-04-14T19:22:39.477+0000] {logging_mixin.py:137} INFO - [2023-04-14T19:22:39.477+0000] {dag.py:3456} INFO - Setting next_dagrun for example_subdag_operator.section-2 to None, run_after=None
[2023-04-14T19:22:39.490+0000] {processor.py:175} INFO - Processing /home/airflow/.local/lib/python3.7/site-packages/airflow/example_dags/example_subdag_operator.py took 0.119 seconds
[2023-04-14T19:23:09.803+0000] {processor.py:153} INFO - Started process (PID=1002) to work on /home/airflow/.local/lib/python3.7/site-packages/airflow/example_dags/example_subdag_operator.py
[2023-04-14T19:23:09.804+0000] {processor.py:743} INFO - Processing file /home/airflow/.local/lib/python3.7/site-packages/airflow/example_dags/example_subdag_operator.py for tasks to queue
[2023-04-14T19:23:09.804+0000] {logging_mixin.py:137} INFO - [2023-04-14T19:23:09.804+0000] {dagbag.py:532} INFO - Filling up the DagBag from /home/airflow/.local/lib/python3.7/site-packages/airflow/example_dags/example_subdag_operator.py
[2023-04-14T19:23:09.827+0000] {processor.py:753} INFO - DAG(s) dict_keys(['example_subdag_operator.section-1', 'example_subdag_operator.section-2', 'example_subdag_operator']) retrieved from /home/airflow/.local/lib/python3.7/site-packages/airflow/example_dags/example_subdag_operator.py
[2023-04-14T19:23:09.840+0000] {logging_mixin.py:137} INFO - [2023-04-14T19:23:09.840+0000] {dag.py:2705} INFO - Sync 3 DAGs
[2023-04-14T19:23:09.857+0000] {logging_mixin.py:137} INFO - [2023-04-14T19:23:09.857+0000] {dag.py:3456} INFO - Setting next_dagrun for example_subdag_operator to 2022-01-01T00:00:00+00:00, run_after=2022-01-01T00:00:00+00:00
[2023-04-14T19:23:09.860+0000] {logging_mixin.py:137} INFO - [2023-04-14T19:23:09.860+0000] {dag.py:3456} INFO - Setting next_dagrun for example_subdag_operator.section-1 to None, run_after=None
[2023-04-14T19:23:09.861+0000] {logging_mixin.py:137} INFO - [2023-04-14T19:23:09.861+0000] {dag.py:3456} INFO - Setting next_dagrun for example_subdag_operator.section-2 to None, run_after=None
[2023-04-14T19:23:09.867+0000] {logging_mixin.py:137} INFO - [2023-04-14T19:23:09.867+0000] {dag.py:2705} INFO - Sync 2 DAGs
[2023-04-14T19:23:09.871+0000] {logging_mixin.py:137} INFO - [2023-04-14T19:23:09.871+0000] {dag.py:3456} INFO - Setting next_dagrun for example_subdag_operator.section-1 to None, run_after=None
[2023-04-14T19:23:09.871+0000] {logging_mixin.py:137} INFO - [2023-04-14T19:23:09.871+0000] {dag.py:3456} INFO - Setting next_dagrun for example_subdag_operator.section-2 to None, run_after=None
[2023-04-14T19:23:09.880+0000] {processor.py:175} INFO - Processing /home/airflow/.local/lib/python3.7/site-packages/airflow/example_dags/example_subdag_operator.py took 0.080 seconds
[2023-04-14T19:23:39.945+0000] {processor.py:153} INFO - Started process (PID=1093) to work on /home/airflow/.local/lib/python3.7/site-packages/airflow/example_dags/example_subdag_operator.py
[2023-04-14T19:23:39.946+0000] {processor.py:743} INFO - Processing file /home/airflow/.local/lib/python3.7/site-packages/airflow/example_dags/example_subdag_operator.py for tasks to queue
[2023-04-14T19:23:39.947+0000] {logging_mixin.py:137} INFO - [2023-04-14T19:23:39.947+0000] {dagbag.py:532} INFO - Filling up the DagBag from /home/airflow/.local/lib/python3.7/site-packages/airflow/example_dags/example_subdag_operator.py
[2023-04-14T19:23:39.970+0000] {processor.py:753} INFO - DAG(s) dict_keys(['example_subdag_operator.section-1', 'example_subdag_operator.section-2', 'example_subdag_operator']) retrieved from /home/airflow/.local/lib/python3.7/site-packages/airflow/example_dags/example_subdag_operator.py
[2023-04-14T19:23:39.984+0000] {logging_mixin.py:137} INFO - [2023-04-14T19:23:39.984+0000] {dag.py:2705} INFO - Sync 3 DAGs
[2023-04-14T19:23:40.003+0000] {logging_mixin.py:137} INFO - [2023-04-14T19:23:40.002+0000] {dag.py:3456} INFO - Setting next_dagrun for example_subdag_operator to 2022-01-01T00:00:00+00:00, run_after=2022-01-01T00:00:00+00:00
[2023-04-14T19:23:40.006+0000] {logging_mixin.py:137} INFO - [2023-04-14T19:23:40.005+0000] {dag.py:3456} INFO - Setting next_dagrun for example_subdag_operator.section-1 to None, run_after=None
[2023-04-14T19:23:40.007+0000] {logging_mixin.py:137} INFO - [2023-04-14T19:23:40.007+0000] {dag.py:3456} INFO - Setting next_dagrun for example_subdag_operator.section-2 to None, run_after=None
[2023-04-14T19:23:40.012+0000] {logging_mixin.py:137} INFO - [2023-04-14T19:23:40.012+0000] {dag.py:2705} INFO - Sync 2 DAGs
[2023-04-14T19:23:40.016+0000] {logging_mixin.py:137} INFO - [2023-04-14T19:23:40.016+0000] {dag.py:3456} INFO - Setting next_dagrun for example_subdag_operator.section-1 to None, run_after=None
[2023-04-14T19:23:40.016+0000] {logging_mixin.py:137} INFO - [2023-04-14T19:23:40.016+0000] {dag.py:3456} INFO - Setting next_dagrun for example_subdag_operator.section-2 to None, run_after=None
[2023-04-14T19:23:40.024+0000] {processor.py:175} INFO - Processing /home/airflow/.local/lib/python3.7/site-packages/airflow/example_dags/example_subdag_operator.py took 0.081 seconds
[2023-04-14T19:24:10.134+0000] {processor.py:153} INFO - Started process (PID=1184) to work on /home/airflow/.local/lib/python3.7/site-packages/airflow/example_dags/example_subdag_operator.py
[2023-04-14T19:24:10.135+0000] {processor.py:743} INFO - Processing file /home/airflow/.local/lib/python3.7/site-packages/airflow/example_dags/example_subdag_operator.py for tasks to queue
[2023-04-14T19:24:10.136+0000] {logging_mixin.py:137} INFO - [2023-04-14T19:24:10.136+0000] {dagbag.py:532} INFO - Filling up the DagBag from /home/airflow/.local/lib/python3.7/site-packages/airflow/example_dags/example_subdag_operator.py
[2023-04-14T19:24:10.159+0000] {processor.py:753} INFO - DAG(s) dict_keys(['example_subdag_operator.section-1', 'example_subdag_operator.section-2', 'example_subdag_operator']) retrieved from /home/airflow/.local/lib/python3.7/site-packages/airflow/example_dags/example_subdag_operator.py
[2023-04-14T19:24:10.174+0000] {logging_mixin.py:137} INFO - [2023-04-14T19:24:10.174+0000] {dag.py:2705} INFO - Sync 3 DAGs
[2023-04-14T19:24:10.191+0000] {logging_mixin.py:137} INFO - [2023-04-14T19:24:10.190+0000] {dag.py:3456} INFO - Setting next_dagrun for example_subdag_operator to 2022-01-01T00:00:00+00:00, run_after=2022-01-01T00:00:00+00:00
[2023-04-14T19:24:10.193+0000] {logging_mixin.py:137} INFO - [2023-04-14T19:24:10.193+0000] {dag.py:3456} INFO - Setting next_dagrun for example_subdag_operator.section-1 to None, run_after=None
[2023-04-14T19:24:10.194+0000] {logging_mixin.py:137} INFO - [2023-04-14T19:24:10.194+0000] {dag.py:3456} INFO - Setting next_dagrun for example_subdag_operator.section-2 to None, run_after=None
[2023-04-14T19:24:10.199+0000] {logging_mixin.py:137} INFO - [2023-04-14T19:24:10.199+0000] {dag.py:2705} INFO - Sync 2 DAGs
[2023-04-14T19:24:10.202+0000] {logging_mixin.py:137} INFO - [2023-04-14T19:24:10.202+0000] {dag.py:3456} INFO - Setting next_dagrun for example_subdag_operator.section-1 to None, run_after=None
[2023-04-14T19:24:10.202+0000] {logging_mixin.py:137} INFO - [2023-04-14T19:24:10.202+0000] {dag.py:3456} INFO - Setting next_dagrun for example_subdag_operator.section-2 to None, run_after=None
[2023-04-14T19:24:10.209+0000] {processor.py:175} INFO - Processing /home/airflow/.local/lib/python3.7/site-packages/airflow/example_dags/example_subdag_operator.py took 0.077 seconds
[2023-04-14T19:26:09.694+0000] {processor.py:153} INFO - Started process (PID=61) to work on /home/airflow/.local/lib/python3.7/site-packages/airflow/example_dags/example_subdag_operator.py
[2023-04-14T19:26:09.696+0000] {processor.py:743} INFO - Processing file /home/airflow/.local/lib/python3.7/site-packages/airflow/example_dags/example_subdag_operator.py for tasks to queue
[2023-04-14T19:26:09.697+0000] {logging_mixin.py:137} INFO - [2023-04-14T19:26:09.697+0000] {dagbag.py:532} INFO - Filling up the DagBag from /home/airflow/.local/lib/python3.7/site-packages/airflow/example_dags/example_subdag_operator.py
[2023-04-14T19:26:09.736+0000] {processor.py:753} INFO - DAG(s) dict_keys(['example_subdag_operator.section-1', 'example_subdag_operator.section-2', 'example_subdag_operator']) retrieved from /home/airflow/.local/lib/python3.7/site-packages/airflow/example_dags/example_subdag_operator.py
[2023-04-14T19:26:09.740+0000] {logging_mixin.py:137} INFO - [2023-04-14T19:26:09.740+0000] {dag.py:2705} INFO - Sync 3 DAGs
[2023-04-14T19:26:09.761+0000] {logging_mixin.py:137} INFO - [2023-04-14T19:26:09.761+0000] {dag.py:3456} INFO - Setting next_dagrun for example_subdag_operator to 2022-01-01T00:00:00+00:00, run_after=2022-01-01T00:00:00+00:00
[2023-04-14T19:26:09.765+0000] {logging_mixin.py:137} INFO - [2023-04-14T19:26:09.765+0000] {dag.py:3456} INFO - Setting next_dagrun for example_subdag_operator.section-1 to None, run_after=None
[2023-04-14T19:26:09.766+0000] {logging_mixin.py:137} INFO - [2023-04-14T19:26:09.766+0000] {dag.py:3456} INFO - Setting next_dagrun for example_subdag_operator.section-2 to None, run_after=None
[2023-04-14T19:26:09.777+0000] {logging_mixin.py:137} INFO - [2023-04-14T19:26:09.777+0000] {dag.py:2705} INFO - Sync 2 DAGs
[2023-04-14T19:26:09.784+0000] {logging_mixin.py:137} INFO - [2023-04-14T19:26:09.784+0000] {dag.py:3456} INFO - Setting next_dagrun for example_subdag_operator.section-1 to None, run_after=None
[2023-04-14T19:26:09.784+0000] {logging_mixin.py:137} INFO - [2023-04-14T19:26:09.784+0000] {dag.py:3456} INFO - Setting next_dagrun for example_subdag_operator.section-2 to None, run_after=None
[2023-04-14T19:26:09.800+0000] {processor.py:175} INFO - Processing /home/airflow/.local/lib/python3.7/site-packages/airflow/example_dags/example_subdag_operator.py took 0.111 seconds
[2023-04-14T19:26:39.963+0000] {processor.py:153} INFO - Started process (PID=152) to work on /home/airflow/.local/lib/python3.7/site-packages/airflow/example_dags/example_subdag_operator.py
[2023-04-14T19:26:39.964+0000] {processor.py:743} INFO - Processing file /home/airflow/.local/lib/python3.7/site-packages/airflow/example_dags/example_subdag_operator.py for tasks to queue
[2023-04-14T19:26:39.964+0000] {logging_mixin.py:137} INFO - [2023-04-14T19:26:39.964+0000] {dagbag.py:532} INFO - Filling up the DagBag from /home/airflow/.local/lib/python3.7/site-packages/airflow/example_dags/example_subdag_operator.py
[2023-04-14T19:26:39.985+0000] {processor.py:753} INFO - DAG(s) dict_keys(['example_subdag_operator.section-1', 'example_subdag_operator.section-2', 'example_subdag_operator']) retrieved from /home/airflow/.local/lib/python3.7/site-packages/airflow/example_dags/example_subdag_operator.py
[2023-04-14T19:26:39.999+0000] {logging_mixin.py:137} INFO - [2023-04-14T19:26:39.998+0000] {dag.py:2705} INFO - Sync 3 DAGs
[2023-04-14T19:26:40.016+0000] {logging_mixin.py:137} INFO - [2023-04-14T19:26:40.016+0000] {dag.py:3456} INFO - Setting next_dagrun for example_subdag_operator to 2022-01-01T00:00:00+00:00, run_after=2022-01-01T00:00:00+00:00
[2023-04-14T19:26:40.019+0000] {logging_mixin.py:137} INFO - [2023-04-14T19:26:40.019+0000] {dag.py:3456} INFO - Setting next_dagrun for example_subdag_operator.section-1 to None, run_after=None
[2023-04-14T19:26:40.020+0000] {logging_mixin.py:137} INFO - [2023-04-14T19:26:40.020+0000] {dag.py:3456} INFO - Setting next_dagrun for example_subdag_operator.section-2 to None, run_after=None
[2023-04-14T19:26:40.025+0000] {logging_mixin.py:137} INFO - [2023-04-14T19:26:40.025+0000] {dag.py:2705} INFO - Sync 2 DAGs
[2023-04-14T19:26:40.029+0000] {logging_mixin.py:137} INFO - [2023-04-14T19:26:40.029+0000] {dag.py:3456} INFO - Setting next_dagrun for example_subdag_operator.section-1 to None, run_after=None
[2023-04-14T19:26:40.029+0000] {logging_mixin.py:137} INFO - [2023-04-14T19:26:40.029+0000] {dag.py:3456} INFO - Setting next_dagrun for example_subdag_operator.section-2 to None, run_after=None
[2023-04-14T19:26:40.037+0000] {processor.py:175} INFO - Processing /home/airflow/.local/lib/python3.7/site-packages/airflow/example_dags/example_subdag_operator.py took 0.077 seconds
[2023-04-14T19:27:10.361+0000] {processor.py:153} INFO - Started process (PID=243) to work on /home/airflow/.local/lib/python3.7/site-packages/airflow/example_dags/example_subdag_operator.py
[2023-04-14T19:27:10.362+0000] {processor.py:743} INFO - Processing file /home/airflow/.local/lib/python3.7/site-packages/airflow/example_dags/example_subdag_operator.py for tasks to queue
[2023-04-14T19:27:10.363+0000] {logging_mixin.py:137} INFO - [2023-04-14T19:27:10.363+0000] {dagbag.py:532} INFO - Filling up the DagBag from /home/airflow/.local/lib/python3.7/site-packages/airflow/example_dags/example_subdag_operator.py
[2023-04-14T19:27:10.388+0000] {processor.py:753} INFO - DAG(s) dict_keys(['example_subdag_operator.section-1', 'example_subdag_operator.section-2', 'example_subdag_operator']) retrieved from /home/airflow/.local/lib/python3.7/site-packages/airflow/example_dags/example_subdag_operator.py
[2023-04-14T19:27:10.403+0000] {logging_mixin.py:137} INFO - [2023-04-14T19:27:10.403+0000] {dag.py:2705} INFO - Sync 3 DAGs
[2023-04-14T19:27:10.423+0000] {logging_mixin.py:137} INFO - [2023-04-14T19:27:10.422+0000] {dag.py:3456} INFO - Setting next_dagrun for example_subdag_operator to 2022-01-01T00:00:00+00:00, run_after=2022-01-01T00:00:00+00:00
[2023-04-14T19:27:10.426+0000] {logging_mixin.py:137} INFO - [2023-04-14T19:27:10.426+0000] {dag.py:3456} INFO - Setting next_dagrun for example_subdag_operator.section-1 to None, run_after=None
[2023-04-14T19:27:10.427+0000] {logging_mixin.py:137} INFO - [2023-04-14T19:27:10.427+0000] {dag.py:3456} INFO - Setting next_dagrun for example_subdag_operator.section-2 to None, run_after=None
[2023-04-14T19:27:10.433+0000] {logging_mixin.py:137} INFO - [2023-04-14T19:27:10.433+0000] {dag.py:2705} INFO - Sync 2 DAGs
[2023-04-14T19:27:10.438+0000] {logging_mixin.py:137} INFO - [2023-04-14T19:27:10.438+0000] {dag.py:3456} INFO - Setting next_dagrun for example_subdag_operator.section-1 to None, run_after=None
[2023-04-14T19:27:10.439+0000] {logging_mixin.py:137} INFO - [2023-04-14T19:27:10.439+0000] {dag.py:3456} INFO - Setting next_dagrun for example_subdag_operator.section-2 to None, run_after=None
[2023-04-14T19:27:10.447+0000] {processor.py:175} INFO - Processing /home/airflow/.local/lib/python3.7/site-packages/airflow/example_dags/example_subdag_operator.py took 0.090 seconds
[2023-04-14T19:31:45.184+0000] {processor.py:153} INFO - Started process (PID=52) to work on /home/airflow/.local/lib/python3.10/site-packages/airflow/example_dags/example_subdag_operator.py
[2023-04-14T19:31:45.185+0000] {processor.py:743} INFO - Processing file /home/airflow/.local/lib/python3.10/site-packages/airflow/example_dags/example_subdag_operator.py for tasks to queue
[2023-04-14T19:31:45.185+0000] {logging_mixin.py:137} INFO - [2023-04-14T19:31:45.185+0000] {dagbag.py:532} INFO - Filling up the DagBag from /home/airflow/.local/lib/python3.10/site-packages/airflow/example_dags/example_subdag_operator.py
[2023-04-14T19:31:45.211+0000] {processor.py:753} INFO - DAG(s) dict_keys(['example_subdag_operator.section-1', 'example_subdag_operator.section-2', 'example_subdag_operator']) retrieved from /home/airflow/.local/lib/python3.10/site-packages/airflow/example_dags/example_subdag_operator.py
[2023-04-14T19:31:45.214+0000] {logging_mixin.py:137} INFO - [2023-04-14T19:31:45.214+0000] {dag.py:2705} INFO - Sync 3 DAGs
[2023-04-14T19:31:45.229+0000] {logging_mixin.py:137} INFO - [2023-04-14T19:31:45.229+0000] {dag.py:3452} INFO - Setting next_dagrun for example_subdag_operator to 2022-01-01T00:00:00+00:00, run_after=2022-01-01T00:00:00+00:00
[2023-04-14T19:31:45.232+0000] {logging_mixin.py:137} INFO - [2023-04-14T19:31:45.232+0000] {dag.py:3452} INFO - Setting next_dagrun for example_subdag_operator.section-1 to None, run_after=None
[2023-04-14T19:31:45.233+0000] {logging_mixin.py:137} INFO - [2023-04-14T19:31:45.233+0000] {dag.py:3452} INFO - Setting next_dagrun for example_subdag_operator.section-2 to None, run_after=None
[2023-04-14T19:31:45.238+0000] {logging_mixin.py:137} INFO - [2023-04-14T19:31:45.237+0000] {dag.py:2705} INFO - Sync 2 DAGs
[2023-04-14T19:31:45.242+0000] {logging_mixin.py:137} INFO - [2023-04-14T19:31:45.242+0000] {dag.py:3452} INFO - Setting next_dagrun for example_subdag_operator.section-1 to None, run_after=None
[2023-04-14T19:31:45.243+0000] {logging_mixin.py:137} INFO - [2023-04-14T19:31:45.242+0000] {dag.py:3452} INFO - Setting next_dagrun for example_subdag_operator.section-2 to None, run_after=None
[2023-04-14T19:31:45.251+0000] {processor.py:175} INFO - Processing /home/airflow/.local/lib/python3.10/site-packages/airflow/example_dags/example_subdag_operator.py took 0.069 seconds
[2023-04-14T19:32:16.231+0000] {processor.py:153} INFO - Started process (PID=136) to work on /home/airflow/.local/lib/python3.10/site-packages/airflow/example_dags/example_subdag_operator.py
[2023-04-14T19:32:16.232+0000] {processor.py:743} INFO - Processing file /home/airflow/.local/lib/python3.10/site-packages/airflow/example_dags/example_subdag_operator.py for tasks to queue
[2023-04-14T19:32:16.232+0000] {logging_mixin.py:137} INFO - [2023-04-14T19:32:16.232+0000] {dagbag.py:532} INFO - Filling up the DagBag from /home/airflow/.local/lib/python3.10/site-packages/airflow/example_dags/example_subdag_operator.py
[2023-04-14T19:32:16.259+0000] {processor.py:753} INFO - DAG(s) dict_keys(['example_subdag_operator.section-1', 'example_subdag_operator.section-2', 'example_subdag_operator']) retrieved from /home/airflow/.local/lib/python3.10/site-packages/airflow/example_dags/example_subdag_operator.py
[2023-04-14T19:32:16.274+0000] {logging_mixin.py:137} INFO - [2023-04-14T19:32:16.274+0000] {dag.py:2705} INFO - Sync 3 DAGs
[2023-04-14T19:32:16.289+0000] {logging_mixin.py:137} INFO - [2023-04-14T19:32:16.289+0000] {dag.py:3452} INFO - Setting next_dagrun for example_subdag_operator to 2022-01-01T00:00:00+00:00, run_after=2022-01-01T00:00:00+00:00
[2023-04-14T19:32:16.293+0000] {logging_mixin.py:137} INFO - [2023-04-14T19:32:16.293+0000] {dag.py:3452} INFO - Setting next_dagrun for example_subdag_operator.section-1 to None, run_after=None
[2023-04-14T19:32:16.294+0000] {logging_mixin.py:137} INFO - [2023-04-14T19:32:16.294+0000] {dag.py:3452} INFO - Setting next_dagrun for example_subdag_operator.section-2 to None, run_after=None
[2023-04-14T19:32:16.300+0000] {logging_mixin.py:137} INFO - [2023-04-14T19:32:16.300+0000] {dag.py:2705} INFO - Sync 2 DAGs
[2023-04-14T19:32:16.304+0000] {logging_mixin.py:137} INFO - [2023-04-14T19:32:16.304+0000] {dag.py:3452} INFO - Setting next_dagrun for example_subdag_operator.section-1 to None, run_after=None
[2023-04-14T19:32:16.305+0000] {logging_mixin.py:137} INFO - [2023-04-14T19:32:16.305+0000] {dag.py:3452} INFO - Setting next_dagrun for example_subdag_operator.section-2 to None, run_after=None
[2023-04-14T19:32:16.314+0000] {processor.py:175} INFO - Processing /home/airflow/.local/lib/python3.10/site-packages/airflow/example_dags/example_subdag_operator.py took 0.089 seconds
[2023-04-14T19:32:47.245+0000] {processor.py:153} INFO - Started process (PID=220) to work on /home/airflow/.local/lib/python3.10/site-packages/airflow/example_dags/example_subdag_operator.py
[2023-04-14T19:32:47.246+0000] {processor.py:743} INFO - Processing file /home/airflow/.local/lib/python3.10/site-packages/airflow/example_dags/example_subdag_operator.py for tasks to queue
[2023-04-14T19:32:47.247+0000] {logging_mixin.py:137} INFO - [2023-04-14T19:32:47.247+0000] {dagbag.py:532} INFO - Filling up the DagBag from /home/airflow/.local/lib/python3.10/site-packages/airflow/example_dags/example_subdag_operator.py
[2023-04-14T19:32:47.271+0000] {processor.py:753} INFO - DAG(s) dict_keys(['example_subdag_operator.section-1', 'example_subdag_operator.section-2', 'example_subdag_operator']) retrieved from /home/airflow/.local/lib/python3.10/site-packages/airflow/example_dags/example_subdag_operator.py
[2023-04-14T19:32:47.284+0000] {logging_mixin.py:137} INFO - [2023-04-14T19:32:47.284+0000] {dag.py:2705} INFO - Sync 3 DAGs
[2023-04-14T19:32:47.299+0000] {logging_mixin.py:137} INFO - [2023-04-14T19:32:47.299+0000] {dag.py:3452} INFO - Setting next_dagrun for example_subdag_operator to 2022-01-01T00:00:00+00:00, run_after=2022-01-01T00:00:00+00:00
[2023-04-14T19:32:47.301+0000] {logging_mixin.py:137} INFO - [2023-04-14T19:32:47.301+0000] {dag.py:3452} INFO - Setting next_dagrun for example_subdag_operator.section-1 to None, run_after=None
[2023-04-14T19:32:47.302+0000] {logging_mixin.py:137} INFO - [2023-04-14T19:32:47.302+0000] {dag.py:3452} INFO - Setting next_dagrun for example_subdag_operator.section-2 to None, run_after=None
[2023-04-14T19:32:47.307+0000] {logging_mixin.py:137} INFO - [2023-04-14T19:32:47.307+0000] {dag.py:2705} INFO - Sync 2 DAGs
[2023-04-14T19:32:47.311+0000] {logging_mixin.py:137} INFO - [2023-04-14T19:32:47.311+0000] {dag.py:3452} INFO - Setting next_dagrun for example_subdag_operator.section-1 to None, run_after=None
[2023-04-14T19:32:47.312+0000] {logging_mixin.py:137} INFO - [2023-04-14T19:32:47.311+0000] {dag.py:3452} INFO - Setting next_dagrun for example_subdag_operator.section-2 to None, run_after=None
[2023-04-14T19:32:47.321+0000] {processor.py:175} INFO - Processing /home/airflow/.local/lib/python3.10/site-packages/airflow/example_dags/example_subdag_operator.py took 0.079 seconds
[2023-04-14T19:33:24.382+0000] {processor.py:153} INFO - Started process (PID=53) to work on /home/airflow/.local/lib/python3.10/site-packages/airflow/example_dags/example_subdag_operator.py
[2023-04-14T19:33:24.383+0000] {processor.py:743} INFO - Processing file /home/airflow/.local/lib/python3.10/site-packages/airflow/example_dags/example_subdag_operator.py for tasks to queue
[2023-04-14T19:33:24.384+0000] {logging_mixin.py:137} INFO - [2023-04-14T19:33:24.383+0000] {dagbag.py:532} INFO - Filling up the DagBag from /home/airflow/.local/lib/python3.10/site-packages/airflow/example_dags/example_subdag_operator.py
[2023-04-14T19:33:24.410+0000] {processor.py:753} INFO - DAG(s) dict_keys(['example_subdag_operator.section-1', 'example_subdag_operator.section-2', 'example_subdag_operator']) retrieved from /home/airflow/.local/lib/python3.10/site-packages/airflow/example_dags/example_subdag_operator.py
[2023-04-14T19:33:24.413+0000] {logging_mixin.py:137} INFO - [2023-04-14T19:33:24.413+0000] {dag.py:2705} INFO - Sync 3 DAGs
[2023-04-14T19:33:24.428+0000] {logging_mixin.py:137} INFO - [2023-04-14T19:33:24.428+0000] {dag.py:3452} INFO - Setting next_dagrun for example_subdag_operator to 2022-01-01T00:00:00+00:00, run_after=2022-01-01T00:00:00+00:00
[2023-04-14T19:33:24.431+0000] {logging_mixin.py:137} INFO - [2023-04-14T19:33:24.431+0000] {dag.py:3452} INFO - Setting next_dagrun for example_subdag_operator.section-1 to None, run_after=None
[2023-04-14T19:33:24.432+0000] {logging_mixin.py:137} INFO - [2023-04-14T19:33:24.432+0000] {dag.py:3452} INFO - Setting next_dagrun for example_subdag_operator.section-2 to None, run_after=None
[2023-04-14T19:33:24.437+0000] {logging_mixin.py:137} INFO - [2023-04-14T19:33:24.437+0000] {dag.py:2705} INFO - Sync 2 DAGs
[2023-04-14T19:33:24.441+0000] {logging_mixin.py:137} INFO - [2023-04-14T19:33:24.441+0000] {dag.py:3452} INFO - Setting next_dagrun for example_subdag_operator.section-1 to None, run_after=None
[2023-04-14T19:33:24.442+0000] {logging_mixin.py:137} INFO - [2023-04-14T19:33:24.442+0000] {dag.py:3452} INFO - Setting next_dagrun for example_subdag_operator.section-2 to None, run_after=None
[2023-04-14T19:33:24.452+0000] {processor.py:175} INFO - Processing /home/airflow/.local/lib/python3.10/site-packages/airflow/example_dags/example_subdag_operator.py took 0.072 seconds
[2023-04-14T19:33:55.370+0000] {processor.py:153} INFO - Started process (PID=137) to work on /home/airflow/.local/lib/python3.10/site-packages/airflow/example_dags/example_subdag_operator.py
[2023-04-14T19:33:55.371+0000] {processor.py:743} INFO - Processing file /home/airflow/.local/lib/python3.10/site-packages/airflow/example_dags/example_subdag_operator.py for tasks to queue
[2023-04-14T19:33:55.371+0000] {logging_mixin.py:137} INFO - [2023-04-14T19:33:55.371+0000] {dagbag.py:532} INFO - Filling up the DagBag from /home/airflow/.local/lib/python3.10/site-packages/airflow/example_dags/example_subdag_operator.py
[2023-04-14T19:33:55.395+0000] {processor.py:753} INFO - DAG(s) dict_keys(['example_subdag_operator.section-1', 'example_subdag_operator.section-2', 'example_subdag_operator']) retrieved from /home/airflow/.local/lib/python3.10/site-packages/airflow/example_dags/example_subdag_operator.py
[2023-04-14T19:33:55.409+0000] {logging_mixin.py:137} INFO - [2023-04-14T19:33:55.408+0000] {dag.py:2705} INFO - Sync 3 DAGs
[2023-04-14T19:33:55.423+0000] {logging_mixin.py:137} INFO - [2023-04-14T19:33:55.423+0000] {dag.py:3452} INFO - Setting next_dagrun for example_subdag_operator to 2022-01-01T00:00:00+00:00, run_after=2022-01-01T00:00:00+00:00
[2023-04-14T19:33:55.425+0000] {logging_mixin.py:137} INFO - [2023-04-14T19:33:55.425+0000] {dag.py:3452} INFO - Setting next_dagrun for example_subdag_operator.section-1 to None, run_after=None
[2023-04-14T19:33:55.427+0000] {logging_mixin.py:137} INFO - [2023-04-14T19:33:55.427+0000] {dag.py:3452} INFO - Setting next_dagrun for example_subdag_operator.section-2 to None, run_after=None
[2023-04-14T19:33:55.432+0000] {logging_mixin.py:137} INFO - [2023-04-14T19:33:55.431+0000] {dag.py:2705} INFO - Sync 2 DAGs
[2023-04-14T19:33:55.435+0000] {logging_mixin.py:137} INFO - [2023-04-14T19:33:55.435+0000] {dag.py:3452} INFO - Setting next_dagrun for example_subdag_operator.section-1 to None, run_after=None
[2023-04-14T19:33:55.435+0000] {logging_mixin.py:137} INFO - [2023-04-14T19:33:55.435+0000] {dag.py:3452} INFO - Setting next_dagrun for example_subdag_operator.section-2 to None, run_after=None
[2023-04-14T19:33:55.442+0000] {processor.py:175} INFO - Processing /home/airflow/.local/lib/python3.10/site-packages/airflow/example_dags/example_subdag_operator.py took 0.075 seconds
[2023-04-14T19:34:26.434+0000] {processor.py:153} INFO - Started process (PID=221) to work on /home/airflow/.local/lib/python3.10/site-packages/airflow/example_dags/example_subdag_operator.py
[2023-04-14T19:34:26.435+0000] {processor.py:743} INFO - Processing file /home/airflow/.local/lib/python3.10/site-packages/airflow/example_dags/example_subdag_operator.py for tasks to queue
[2023-04-14T19:34:26.435+0000] {logging_mixin.py:137} INFO - [2023-04-14T19:34:26.435+0000] {dagbag.py:532} INFO - Filling up the DagBag from /home/airflow/.local/lib/python3.10/site-packages/airflow/example_dags/example_subdag_operator.py
[2023-04-14T19:34:26.461+0000] {processor.py:753} INFO - DAG(s) dict_keys(['example_subdag_operator.section-1', 'example_subdag_operator.section-2', 'example_subdag_operator']) retrieved from /home/airflow/.local/lib/python3.10/site-packages/airflow/example_dags/example_subdag_operator.py
[2023-04-14T19:34:26.475+0000] {logging_mixin.py:137} INFO - [2023-04-14T19:34:26.475+0000] {dag.py:2705} INFO - Sync 3 DAGs
[2023-04-14T19:34:26.492+0000] {logging_mixin.py:137} INFO - [2023-04-14T19:34:26.492+0000] {dag.py:3452} INFO - Setting next_dagrun for example_subdag_operator to 2022-01-01T00:00:00+00:00, run_after=2022-01-01T00:00:00+00:00
[2023-04-14T19:34:26.495+0000] {logging_mixin.py:137} INFO - [2023-04-14T19:34:26.495+0000] {dag.py:3452} INFO - Setting next_dagrun for example_subdag_operator.section-1 to None, run_after=None
[2023-04-14T19:34:26.496+0000] {logging_mixin.py:137} INFO - [2023-04-14T19:34:26.496+0000] {dag.py:3452} INFO - Setting next_dagrun for example_subdag_operator.section-2 to None, run_after=None
[2023-04-14T19:34:26.501+0000] {logging_mixin.py:137} INFO - [2023-04-14T19:34:26.501+0000] {dag.py:2705} INFO - Sync 2 DAGs
[2023-04-14T19:34:26.505+0000] {logging_mixin.py:137} INFO - [2023-04-14T19:34:26.505+0000] {dag.py:3452} INFO - Setting next_dagrun for example_subdag_operator.section-1 to None, run_after=None
[2023-04-14T19:34:26.505+0000] {logging_mixin.py:137} INFO - [2023-04-14T19:34:26.505+0000] {dag.py:3452} INFO - Setting next_dagrun for example_subdag_operator.section-2 to None, run_after=None
[2023-04-14T19:34:26.513+0000] {processor.py:175} INFO - Processing /home/airflow/.local/lib/python3.10/site-packages/airflow/example_dags/example_subdag_operator.py took 0.082 seconds
[2023-04-14T19:35:37.709+0000] {processor.py:153} INFO - Started process (PID=53) to work on /home/airflow/.local/lib/python3.10/site-packages/airflow/example_dags/example_subdag_operator.py
[2023-04-14T19:35:37.710+0000] {processor.py:743} INFO - Processing file /home/airflow/.local/lib/python3.10/site-packages/airflow/example_dags/example_subdag_operator.py for tasks to queue
[2023-04-14T19:35:37.711+0000] {logging_mixin.py:137} INFO - [2023-04-14T19:35:37.710+0000] {dagbag.py:532} INFO - Filling up the DagBag from /home/airflow/.local/lib/python3.10/site-packages/airflow/example_dags/example_subdag_operator.py
[2023-04-14T19:35:37.733+0000] {processor.py:753} INFO - DAG(s) dict_keys(['example_subdag_operator.section-1', 'example_subdag_operator.section-2', 'example_subdag_operator']) retrieved from /home/airflow/.local/lib/python3.10/site-packages/airflow/example_dags/example_subdag_operator.py
[2023-04-14T19:35:37.736+0000] {logging_mixin.py:137} INFO - [2023-04-14T19:35:37.736+0000] {dag.py:2705} INFO - Sync 3 DAGs
[2023-04-14T19:35:37.750+0000] {logging_mixin.py:137} INFO - [2023-04-14T19:35:37.750+0000] {dag.py:3452} INFO - Setting next_dagrun for example_subdag_operator to 2022-01-01T00:00:00+00:00, run_after=2022-01-01T00:00:00+00:00
[2023-04-14T19:35:37.752+0000] {logging_mixin.py:137} INFO - [2023-04-14T19:35:37.752+0000] {dag.py:3452} INFO - Setting next_dagrun for example_subdag_operator.section-1 to None, run_after=None
[2023-04-14T19:35:37.753+0000] {logging_mixin.py:137} INFO - [2023-04-14T19:35:37.753+0000] {dag.py:3452} INFO - Setting next_dagrun for example_subdag_operator.section-2 to None, run_after=None
[2023-04-14T19:35:37.760+0000] {logging_mixin.py:137} INFO - [2023-04-14T19:35:37.760+0000] {dag.py:2705} INFO - Sync 2 DAGs
[2023-04-14T19:35:37.765+0000] {logging_mixin.py:137} INFO - [2023-04-14T19:35:37.765+0000] {dag.py:3452} INFO - Setting next_dagrun for example_subdag_operator.section-1 to None, run_after=None
[2023-04-14T19:35:37.765+0000] {logging_mixin.py:137} INFO - [2023-04-14T19:35:37.765+0000] {dag.py:3452} INFO - Setting next_dagrun for example_subdag_operator.section-2 to None, run_after=None
[2023-04-14T19:35:37.773+0000] {processor.py:175} INFO - Processing /home/airflow/.local/lib/python3.10/site-packages/airflow/example_dags/example_subdag_operator.py took 0.066 seconds
[2023-04-14T19:36:08.845+0000] {processor.py:153} INFO - Started process (PID=138) to work on /home/airflow/.local/lib/python3.10/site-packages/airflow/example_dags/example_subdag_operator.py
[2023-04-14T19:36:08.846+0000] {processor.py:743} INFO - Processing file /home/airflow/.local/lib/python3.10/site-packages/airflow/example_dags/example_subdag_operator.py for tasks to queue
[2023-04-14T19:36:08.846+0000] {logging_mixin.py:137} INFO - [2023-04-14T19:36:08.846+0000] {dagbag.py:532} INFO - Filling up the DagBag from /home/airflow/.local/lib/python3.10/site-packages/airflow/example_dags/example_subdag_operator.py
[2023-04-14T19:36:08.868+0000] {processor.py:753} INFO - DAG(s) dict_keys(['example_subdag_operator.section-1', 'example_subdag_operator.section-2', 'example_subdag_operator']) retrieved from /home/airflow/.local/lib/python3.10/site-packages/airflow/example_dags/example_subdag_operator.py
[2023-04-14T19:36:08.881+0000] {logging_mixin.py:137} INFO - [2023-04-14T19:36:08.881+0000] {dag.py:2705} INFO - Sync 3 DAGs
[2023-04-14T19:36:08.894+0000] {logging_mixin.py:137} INFO - [2023-04-14T19:36:08.894+0000] {dag.py:3452} INFO - Setting next_dagrun for example_subdag_operator to 2022-01-01T00:00:00+00:00, run_after=2022-01-01T00:00:00+00:00
[2023-04-14T19:36:08.896+0000] {logging_mixin.py:137} INFO - [2023-04-14T19:36:08.896+0000] {dag.py:3452} INFO - Setting next_dagrun for example_subdag_operator.section-1 to None, run_after=None
[2023-04-14T19:36:08.898+0000] {logging_mixin.py:137} INFO - [2023-04-14T19:36:08.898+0000] {dag.py:3452} INFO - Setting next_dagrun for example_subdag_operator.section-2 to None, run_after=None
[2023-04-14T19:36:08.903+0000] {logging_mixin.py:137} INFO - [2023-04-14T19:36:08.903+0000] {dag.py:2705} INFO - Sync 2 DAGs
[2023-04-14T19:36:08.907+0000] {logging_mixin.py:137} INFO - [2023-04-14T19:36:08.907+0000] {dag.py:3452} INFO - Setting next_dagrun for example_subdag_operator.section-1 to None, run_after=None
[2023-04-14T19:36:08.907+0000] {logging_mixin.py:137} INFO - [2023-04-14T19:36:08.907+0000] {dag.py:3452} INFO - Setting next_dagrun for example_subdag_operator.section-2 to None, run_after=None
[2023-04-14T19:36:08.914+0000] {processor.py:175} INFO - Processing /home/airflow/.local/lib/python3.10/site-packages/airflow/example_dags/example_subdag_operator.py took 0.072 seconds
