[2023-04-14T19:13:18.615+0000] {processor.py:153} INFO - Started process (PID=63) to work on /home/airflow/.local/lib/python3.7/site-packages/airflow/example_dags/example_xcom.py
[2023-04-14T19:13:18.616+0000] {processor.py:743} INFO - Processing file /home/airflow/.local/lib/python3.7/site-packages/airflow/example_dags/example_xcom.py for tasks to queue
[2023-04-14T19:13:18.617+0000] {logging_mixin.py:137} INFO - [2023-04-14T19:13:18.617+0000] {dagbag.py:532} INFO - Filling up the DagBag from /home/airflow/.local/lib/python3.7/site-packages/airflow/example_dags/example_xcom.py
[2023-04-14T19:13:18.641+0000] {processor.py:753} INFO - DAG(s) dict_keys(['example_xcom']) retrieved from /home/airflow/.local/lib/python3.7/site-packages/airflow/example_dags/example_xcom.py
[2023-04-14T19:13:18.654+0000] {logging_mixin.py:137} INFO - [2023-04-14T19:13:18.654+0000] {dag.py:2705} INFO - Sync 1 DAGs
[2023-04-14T19:13:18.676+0000] {logging_mixin.py:137} INFO - [2023-04-14T19:13:18.676+0000] {dag.py:3456} INFO - Setting next_dagrun for example_xcom to 2021-01-01T00:00:00+00:00, run_after=2021-01-01T00:00:00+00:00
[2023-04-14T19:13:18.693+0000] {processor.py:175} INFO - Processing /home/airflow/.local/lib/python3.7/site-packages/airflow/example_dags/example_xcom.py took 0.081 seconds
[2023-04-14T19:13:49.515+0000] {processor.py:153} INFO - Started process (PID=153) to work on /home/airflow/.local/lib/python3.7/site-packages/airflow/example_dags/example_xcom.py
[2023-04-14T19:13:49.515+0000] {processor.py:743} INFO - Processing file /home/airflow/.local/lib/python3.7/site-packages/airflow/example_dags/example_xcom.py for tasks to queue
[2023-04-14T19:13:49.516+0000] {logging_mixin.py:137} INFO - [2023-04-14T19:13:49.516+0000] {dagbag.py:532} INFO - Filling up the DagBag from /home/airflow/.local/lib/python3.7/site-packages/airflow/example_dags/example_xcom.py
[2023-04-14T19:13:49.536+0000] {processor.py:753} INFO - DAG(s) dict_keys(['example_xcom']) retrieved from /home/airflow/.local/lib/python3.7/site-packages/airflow/example_dags/example_xcom.py
[2023-04-14T19:13:49.557+0000] {logging_mixin.py:137} INFO - [2023-04-14T19:13:49.557+0000] {dag.py:2705} INFO - Sync 1 DAGs
[2023-04-14T19:13:49.578+0000] {logging_mixin.py:137} INFO - [2023-04-14T19:13:49.577+0000] {dag.py:3456} INFO - Setting next_dagrun for example_xcom to 2021-01-01T00:00:00+00:00, run_after=2021-01-01T00:00:00+00:00
[2023-04-14T19:13:49.591+0000] {processor.py:175} INFO - Processing /home/airflow/.local/lib/python3.7/site-packages/airflow/example_dags/example_xcom.py took 0.079 seconds
[2023-04-14T19:14:19.790+0000] {processor.py:153} INFO - Started process (PID=244) to work on /home/airflow/.local/lib/python3.7/site-packages/airflow/example_dags/example_xcom.py
[2023-04-14T19:14:19.791+0000] {processor.py:743} INFO - Processing file /home/airflow/.local/lib/python3.7/site-packages/airflow/example_dags/example_xcom.py for tasks to queue
[2023-04-14T19:14:19.792+0000] {logging_mixin.py:137} INFO - [2023-04-14T19:14:19.791+0000] {dagbag.py:532} INFO - Filling up the DagBag from /home/airflow/.local/lib/python3.7/site-packages/airflow/example_dags/example_xcom.py
[2023-04-14T19:14:19.810+0000] {processor.py:753} INFO - DAG(s) dict_keys(['example_xcom']) retrieved from /home/airflow/.local/lib/python3.7/site-packages/airflow/example_dags/example_xcom.py
[2023-04-14T19:14:19.832+0000] {logging_mixin.py:137} INFO - [2023-04-14T19:14:19.832+0000] {dag.py:2705} INFO - Sync 1 DAGs
[2023-04-14T19:14:19.851+0000] {logging_mixin.py:137} INFO - [2023-04-14T19:14:19.851+0000] {dag.py:3456} INFO - Setting next_dagrun for example_xcom to 2021-01-01T00:00:00+00:00, run_after=2021-01-01T00:00:00+00:00
[2023-04-14T19:14:19.867+0000] {processor.py:175} INFO - Processing /home/airflow/.local/lib/python3.7/site-packages/airflow/example_dags/example_xcom.py took 0.080 seconds
[2023-04-14T19:14:49.945+0000] {processor.py:153} INFO - Started process (PID=319) to work on /home/airflow/.local/lib/python3.7/site-packages/airflow/example_dags/example_xcom.py
[2023-04-14T19:14:49.946+0000] {processor.py:743} INFO - Processing file /home/airflow/.local/lib/python3.7/site-packages/airflow/example_dags/example_xcom.py for tasks to queue
[2023-04-14T19:14:49.946+0000] {logging_mixin.py:137} INFO - [2023-04-14T19:14:49.946+0000] {dagbag.py:532} INFO - Filling up the DagBag from /home/airflow/.local/lib/python3.7/site-packages/airflow/example_dags/example_xcom.py
[2023-04-14T19:14:49.963+0000] {processor.py:753} INFO - DAG(s) dict_keys(['example_xcom']) retrieved from /home/airflow/.local/lib/python3.7/site-packages/airflow/example_dags/example_xcom.py
[2023-04-14T19:14:49.983+0000] {logging_mixin.py:137} INFO - [2023-04-14T19:14:49.982+0000] {dag.py:2705} INFO - Sync 1 DAGs
[2023-04-14T19:14:50.004+0000] {logging_mixin.py:137} INFO - [2023-04-14T19:14:50.003+0000] {dag.py:3456} INFO - Setting next_dagrun for example_xcom to 2021-01-01T00:00:00+00:00, run_after=2021-01-01T00:00:00+00:00
[2023-04-14T19:14:50.017+0000] {processor.py:175} INFO - Processing /home/airflow/.local/lib/python3.7/site-packages/airflow/example_dags/example_xcom.py took 0.074 seconds
[2023-04-14T19:15:20.143+0000] {processor.py:153} INFO - Started process (PID=410) to work on /home/airflow/.local/lib/python3.7/site-packages/airflow/example_dags/example_xcom.py
[2023-04-14T19:15:20.144+0000] {processor.py:743} INFO - Processing file /home/airflow/.local/lib/python3.7/site-packages/airflow/example_dags/example_xcom.py for tasks to queue
[2023-04-14T19:15:20.145+0000] {logging_mixin.py:137} INFO - [2023-04-14T19:15:20.145+0000] {dagbag.py:532} INFO - Filling up the DagBag from /home/airflow/.local/lib/python3.7/site-packages/airflow/example_dags/example_xcom.py
[2023-04-14T19:15:20.162+0000] {processor.py:753} INFO - DAG(s) dict_keys(['example_xcom']) retrieved from /home/airflow/.local/lib/python3.7/site-packages/airflow/example_dags/example_xcom.py
[2023-04-14T19:15:20.180+0000] {logging_mixin.py:137} INFO - [2023-04-14T19:15:20.180+0000] {dag.py:2705} INFO - Sync 1 DAGs
[2023-04-14T19:15:20.198+0000] {logging_mixin.py:137} INFO - [2023-04-14T19:15:20.198+0000] {dag.py:3456} INFO - Setting next_dagrun for example_xcom to 2021-01-01T00:00:00+00:00, run_after=2021-01-01T00:00:00+00:00
[2023-04-14T19:15:20.210+0000] {processor.py:175} INFO - Processing /home/airflow/.local/lib/python3.7/site-packages/airflow/example_dags/example_xcom.py took 0.071 seconds
[2023-04-14T19:17:35.993+0000] {processor.py:153} INFO - Started process (PID=63) to work on /home/airflow/.local/lib/python3.7/site-packages/airflow/example_dags/example_xcom.py
[2023-04-14T19:17:35.994+0000] {processor.py:743} INFO - Processing file /home/airflow/.local/lib/python3.7/site-packages/airflow/example_dags/example_xcom.py for tasks to queue
[2023-04-14T19:17:35.994+0000] {logging_mixin.py:137} INFO - [2023-04-14T19:17:35.994+0000] {dagbag.py:532} INFO - Filling up the DagBag from /home/airflow/.local/lib/python3.7/site-packages/airflow/example_dags/example_xcom.py
[2023-04-14T19:17:36.015+0000] {processor.py:753} INFO - DAG(s) dict_keys(['example_xcom']) retrieved from /home/airflow/.local/lib/python3.7/site-packages/airflow/example_dags/example_xcom.py
[2023-04-14T19:17:36.028+0000] {logging_mixin.py:137} INFO - [2023-04-14T19:17:36.028+0000] {dag.py:2705} INFO - Sync 1 DAGs
[2023-04-14T19:17:36.051+0000] {logging_mixin.py:137} INFO - [2023-04-14T19:17:36.050+0000] {dag.py:3456} INFO - Setting next_dagrun for example_xcom to 2021-01-01T00:00:00+00:00, run_after=2021-01-01T00:00:00+00:00
[2023-04-14T19:17:36.068+0000] {processor.py:175} INFO - Processing /home/airflow/.local/lib/python3.7/site-packages/airflow/example_dags/example_xcom.py took 0.078 seconds
[2023-04-14T19:18:06.393+0000] {processor.py:153} INFO - Started process (PID=155) to work on /home/airflow/.local/lib/python3.7/site-packages/airflow/example_dags/example_xcom.py
[2023-04-14T19:18:06.394+0000] {processor.py:743} INFO - Processing file /home/airflow/.local/lib/python3.7/site-packages/airflow/example_dags/example_xcom.py for tasks to queue
[2023-04-14T19:18:06.395+0000] {logging_mixin.py:137} INFO - [2023-04-14T19:18:06.395+0000] {dagbag.py:532} INFO - Filling up the DagBag from /home/airflow/.local/lib/python3.7/site-packages/airflow/example_dags/example_xcom.py
[2023-04-14T19:18:06.415+0000] {processor.py:753} INFO - DAG(s) dict_keys(['example_xcom']) retrieved from /home/airflow/.local/lib/python3.7/site-packages/airflow/example_dags/example_xcom.py
[2023-04-14T19:18:06.443+0000] {logging_mixin.py:137} INFO - [2023-04-14T19:18:06.443+0000] {dag.py:2705} INFO - Sync 1 DAGs
[2023-04-14T19:18:06.461+0000] {logging_mixin.py:137} INFO - [2023-04-14T19:18:06.461+0000] {dag.py:3456} INFO - Setting next_dagrun for example_xcom to 2021-01-01T00:00:00+00:00, run_after=2021-01-01T00:00:00+00:00
[2023-04-14T19:18:06.475+0000] {processor.py:175} INFO - Processing /home/airflow/.local/lib/python3.7/site-packages/airflow/example_dags/example_xcom.py took 0.086 seconds
[2023-04-14T19:18:36.940+0000] {processor.py:153} INFO - Started process (PID=246) to work on /home/airflow/.local/lib/python3.7/site-packages/airflow/example_dags/example_xcom.py
[2023-04-14T19:18:36.940+0000] {processor.py:743} INFO - Processing file /home/airflow/.local/lib/python3.7/site-packages/airflow/example_dags/example_xcom.py for tasks to queue
[2023-04-14T19:18:36.942+0000] {logging_mixin.py:137} INFO - [2023-04-14T19:18:36.941+0000] {dagbag.py:532} INFO - Filling up the DagBag from /home/airflow/.local/lib/python3.7/site-packages/airflow/example_dags/example_xcom.py
[2023-04-14T19:18:36.962+0000] {processor.py:753} INFO - DAG(s) dict_keys(['example_xcom']) retrieved from /home/airflow/.local/lib/python3.7/site-packages/airflow/example_dags/example_xcom.py
[2023-04-14T19:18:36.984+0000] {logging_mixin.py:137} INFO - [2023-04-14T19:18:36.984+0000] {dag.py:2705} INFO - Sync 1 DAGs
[2023-04-14T19:18:37.002+0000] {logging_mixin.py:137} INFO - [2023-04-14T19:18:37.002+0000] {dag.py:3456} INFO - Setting next_dagrun for example_xcom to 2021-01-01T00:00:00+00:00, run_after=2021-01-01T00:00:00+00:00
[2023-04-14T19:18:37.022+0000] {processor.py:175} INFO - Processing /home/airflow/.local/lib/python3.7/site-packages/airflow/example_dags/example_xcom.py took 0.086 seconds
[2023-04-14T19:19:07.274+0000] {processor.py:153} INFO - Started process (PID=321) to work on /home/airflow/.local/lib/python3.7/site-packages/airflow/example_dags/example_xcom.py
[2023-04-14T19:19:07.275+0000] {processor.py:743} INFO - Processing file /home/airflow/.local/lib/python3.7/site-packages/airflow/example_dags/example_xcom.py for tasks to queue
[2023-04-14T19:19:07.276+0000] {logging_mixin.py:137} INFO - [2023-04-14T19:19:07.276+0000] {dagbag.py:532} INFO - Filling up the DagBag from /home/airflow/.local/lib/python3.7/site-packages/airflow/example_dags/example_xcom.py
[2023-04-14T19:19:07.294+0000] {processor.py:753} INFO - DAG(s) dict_keys(['example_xcom']) retrieved from /home/airflow/.local/lib/python3.7/site-packages/airflow/example_dags/example_xcom.py
[2023-04-14T19:19:07.316+0000] {logging_mixin.py:137} INFO - [2023-04-14T19:19:07.316+0000] {dag.py:2705} INFO - Sync 1 DAGs
[2023-04-14T19:19:07.335+0000] {logging_mixin.py:137} INFO - [2023-04-14T19:19:07.335+0000] {dag.py:3456} INFO - Setting next_dagrun for example_xcom to 2021-01-01T00:00:00+00:00, run_after=2021-01-01T00:00:00+00:00
[2023-04-14T19:19:07.351+0000] {processor.py:175} INFO - Processing /home/airflow/.local/lib/python3.7/site-packages/airflow/example_dags/example_xcom.py took 0.080 seconds
[2023-04-14T19:19:37.602+0000] {processor.py:153} INFO - Started process (PID=414) to work on /home/airflow/.local/lib/python3.7/site-packages/airflow/example_dags/example_xcom.py
[2023-04-14T19:19:37.603+0000] {processor.py:743} INFO - Processing file /home/airflow/.local/lib/python3.7/site-packages/airflow/example_dags/example_xcom.py for tasks to queue
[2023-04-14T19:19:37.603+0000] {logging_mixin.py:137} INFO - [2023-04-14T19:19:37.603+0000] {dagbag.py:532} INFO - Filling up the DagBag from /home/airflow/.local/lib/python3.7/site-packages/airflow/example_dags/example_xcom.py
[2023-04-14T19:19:37.620+0000] {processor.py:753} INFO - DAG(s) dict_keys(['example_xcom']) retrieved from /home/airflow/.local/lib/python3.7/site-packages/airflow/example_dags/example_xcom.py
[2023-04-14T19:19:37.641+0000] {logging_mixin.py:137} INFO - [2023-04-14T19:19:37.641+0000] {dag.py:2705} INFO - Sync 1 DAGs
[2023-04-14T19:19:37.667+0000] {logging_mixin.py:137} INFO - [2023-04-14T19:19:37.667+0000] {dag.py:3456} INFO - Setting next_dagrun for example_xcom to 2021-01-01T00:00:00+00:00, run_after=2021-01-01T00:00:00+00:00
[2023-04-14T19:19:37.681+0000] {processor.py:175} INFO - Processing /home/airflow/.local/lib/python3.7/site-packages/airflow/example_dags/example_xcom.py took 0.082 seconds
[2023-04-14T19:20:08.067+0000] {processor.py:153} INFO - Started process (PID=499) to work on /home/airflow/.local/lib/python3.7/site-packages/airflow/example_dags/example_xcom.py
[2023-04-14T19:20:08.068+0000] {processor.py:743} INFO - Processing file /home/airflow/.local/lib/python3.7/site-packages/airflow/example_dags/example_xcom.py for tasks to queue
[2023-04-14T19:20:08.068+0000] {logging_mixin.py:137} INFO - [2023-04-14T19:20:08.068+0000] {dagbag.py:532} INFO - Filling up the DagBag from /home/airflow/.local/lib/python3.7/site-packages/airflow/example_dags/example_xcom.py
[2023-04-14T19:20:08.086+0000] {processor.py:753} INFO - DAG(s) dict_keys(['example_xcom']) retrieved from /home/airflow/.local/lib/python3.7/site-packages/airflow/example_dags/example_xcom.py
[2023-04-14T19:20:08.107+0000] {logging_mixin.py:137} INFO - [2023-04-14T19:20:08.107+0000] {dag.py:2705} INFO - Sync 1 DAGs
[2023-04-14T19:20:08.128+0000] {logging_mixin.py:137} INFO - [2023-04-14T19:20:08.128+0000] {dag.py:3456} INFO - Setting next_dagrun for example_xcom to 2021-01-01T00:00:00+00:00, run_after=2021-01-01T00:00:00+00:00
[2023-04-14T19:20:08.141+0000] {processor.py:175} INFO - Processing /home/airflow/.local/lib/python3.7/site-packages/airflow/example_dags/example_xcom.py took 0.078 seconds
[2023-04-14T19:20:38.469+0000] {processor.py:153} INFO - Started process (PID=581) to work on /home/airflow/.local/lib/python3.7/site-packages/airflow/example_dags/example_xcom.py
[2023-04-14T19:20:38.471+0000] {processor.py:743} INFO - Processing file /home/airflow/.local/lib/python3.7/site-packages/airflow/example_dags/example_xcom.py for tasks to queue
[2023-04-14T19:20:38.471+0000] {logging_mixin.py:137} INFO - [2023-04-14T19:20:38.471+0000] {dagbag.py:532} INFO - Filling up the DagBag from /home/airflow/.local/lib/python3.7/site-packages/airflow/example_dags/example_xcom.py
[2023-04-14T19:20:38.490+0000] {processor.py:753} INFO - DAG(s) dict_keys(['example_xcom']) retrieved from /home/airflow/.local/lib/python3.7/site-packages/airflow/example_dags/example_xcom.py
[2023-04-14T19:20:38.510+0000] {logging_mixin.py:137} INFO - [2023-04-14T19:20:38.510+0000] {dag.py:2705} INFO - Sync 1 DAGs
[2023-04-14T19:20:38.528+0000] {logging_mixin.py:137} INFO - [2023-04-14T19:20:38.528+0000] {dag.py:3456} INFO - Setting next_dagrun for example_xcom to 2021-01-01T00:00:00+00:00, run_after=2021-01-01T00:00:00+00:00
[2023-04-14T19:20:38.540+0000] {processor.py:175} INFO - Processing /home/airflow/.local/lib/python3.7/site-packages/airflow/example_dags/example_xcom.py took 0.074 seconds
[2023-04-14T19:21:08.688+0000] {processor.py:153} INFO - Started process (PID=672) to work on /home/airflow/.local/lib/python3.7/site-packages/airflow/example_dags/example_xcom.py
[2023-04-14T19:21:08.688+0000] {processor.py:743} INFO - Processing file /home/airflow/.local/lib/python3.7/site-packages/airflow/example_dags/example_xcom.py for tasks to queue
[2023-04-14T19:21:08.689+0000] {logging_mixin.py:137} INFO - [2023-04-14T19:21:08.689+0000] {dagbag.py:532} INFO - Filling up the DagBag from /home/airflow/.local/lib/python3.7/site-packages/airflow/example_dags/example_xcom.py
[2023-04-14T19:21:08.705+0000] {processor.py:753} INFO - DAG(s) dict_keys(['example_xcom']) retrieved from /home/airflow/.local/lib/python3.7/site-packages/airflow/example_dags/example_xcom.py
[2023-04-14T19:21:08.722+0000] {logging_mixin.py:137} INFO - [2023-04-14T19:21:08.722+0000] {dag.py:2705} INFO - Sync 1 DAGs
[2023-04-14T19:21:08.738+0000] {logging_mixin.py:137} INFO - [2023-04-14T19:21:08.738+0000] {dag.py:3456} INFO - Setting next_dagrun for example_xcom to 2021-01-01T00:00:00+00:00, run_after=2021-01-01T00:00:00+00:00
[2023-04-14T19:21:08.752+0000] {processor.py:175} INFO - Processing /home/airflow/.local/lib/python3.7/site-packages/airflow/example_dags/example_xcom.py took 0.067 seconds
[2023-04-14T19:21:38.838+0000] {processor.py:153} INFO - Started process (PID=747) to work on /home/airflow/.local/lib/python3.7/site-packages/airflow/example_dags/example_xcom.py
[2023-04-14T19:21:38.839+0000] {processor.py:743} INFO - Processing file /home/airflow/.local/lib/python3.7/site-packages/airflow/example_dags/example_xcom.py for tasks to queue
[2023-04-14T19:21:38.839+0000] {logging_mixin.py:137} INFO - [2023-04-14T19:21:38.839+0000] {dagbag.py:532} INFO - Filling up the DagBag from /home/airflow/.local/lib/python3.7/site-packages/airflow/example_dags/example_xcom.py
[2023-04-14T19:21:38.855+0000] {processor.py:753} INFO - DAG(s) dict_keys(['example_xcom']) retrieved from /home/airflow/.local/lib/python3.7/site-packages/airflow/example_dags/example_xcom.py
[2023-04-14T19:21:38.876+0000] {logging_mixin.py:137} INFO - [2023-04-14T19:21:38.876+0000] {dag.py:2705} INFO - Sync 1 DAGs
[2023-04-14T19:21:38.893+0000] {logging_mixin.py:137} INFO - [2023-04-14T19:21:38.893+0000] {dag.py:3456} INFO - Setting next_dagrun for example_xcom to 2021-01-01T00:00:00+00:00, run_after=2021-01-01T00:00:00+00:00
[2023-04-14T19:21:38.908+0000] {processor.py:175} INFO - Processing /home/airflow/.local/lib/python3.7/site-packages/airflow/example_dags/example_xcom.py took 0.072 seconds
[2023-04-14T19:22:08.996+0000] {processor.py:153} INFO - Started process (PID=838) to work on /home/airflow/.local/lib/python3.7/site-packages/airflow/example_dags/example_xcom.py
[2023-04-14T19:22:08.996+0000] {processor.py:743} INFO - Processing file /home/airflow/.local/lib/python3.7/site-packages/airflow/example_dags/example_xcom.py for tasks to queue
[2023-04-14T19:22:08.997+0000] {logging_mixin.py:137} INFO - [2023-04-14T19:22:08.997+0000] {dagbag.py:532} INFO - Filling up the DagBag from /home/airflow/.local/lib/python3.7/site-packages/airflow/example_dags/example_xcom.py
[2023-04-14T19:22:09.013+0000] {processor.py:753} INFO - DAG(s) dict_keys(['example_xcom']) retrieved from /home/airflow/.local/lib/python3.7/site-packages/airflow/example_dags/example_xcom.py
[2023-04-14T19:22:09.031+0000] {logging_mixin.py:137} INFO - [2023-04-14T19:22:09.031+0000] {dag.py:2705} INFO - Sync 1 DAGs
[2023-04-14T19:22:09.048+0000] {logging_mixin.py:137} INFO - [2023-04-14T19:22:09.048+0000] {dag.py:3456} INFO - Setting next_dagrun for example_xcom to 2021-01-01T00:00:00+00:00, run_after=2021-01-01T00:00:00+00:00
[2023-04-14T19:22:09.061+0000] {processor.py:175} INFO - Processing /home/airflow/.local/lib/python3.7/site-packages/airflow/example_dags/example_xcom.py took 0.068 seconds
[2023-04-14T19:22:39.520+0000] {processor.py:153} INFO - Started process (PID=929) to work on /home/airflow/.local/lib/python3.7/site-packages/airflow/example_dags/example_xcom.py
[2023-04-14T19:22:39.521+0000] {processor.py:743} INFO - Processing file /home/airflow/.local/lib/python3.7/site-packages/airflow/example_dags/example_xcom.py for tasks to queue
[2023-04-14T19:22:39.522+0000] {logging_mixin.py:137} INFO - [2023-04-14T19:22:39.522+0000] {dagbag.py:532} INFO - Filling up the DagBag from /home/airflow/.local/lib/python3.7/site-packages/airflow/example_dags/example_xcom.py
[2023-04-14T19:22:39.547+0000] {processor.py:753} INFO - DAG(s) dict_keys(['example_xcom']) retrieved from /home/airflow/.local/lib/python3.7/site-packages/airflow/example_dags/example_xcom.py
[2023-04-14T19:22:39.577+0000] {logging_mixin.py:137} INFO - [2023-04-14T19:22:39.577+0000] {dag.py:2705} INFO - Sync 1 DAGs
[2023-04-14T19:22:39.598+0000] {logging_mixin.py:137} INFO - [2023-04-14T19:22:39.598+0000] {dag.py:3456} INFO - Setting next_dagrun for example_xcom to 2021-01-01T00:00:00+00:00, run_after=2021-01-01T00:00:00+00:00
[2023-04-14T19:22:39.618+0000] {processor.py:175} INFO - Processing /home/airflow/.local/lib/python3.7/site-packages/airflow/example_dags/example_xcom.py took 0.104 seconds
[2023-04-14T19:23:09.899+0000] {processor.py:153} INFO - Started process (PID=1004) to work on /home/airflow/.local/lib/python3.7/site-packages/airflow/example_dags/example_xcom.py
[2023-04-14T19:23:09.900+0000] {processor.py:743} INFO - Processing file /home/airflow/.local/lib/python3.7/site-packages/airflow/example_dags/example_xcom.py for tasks to queue
[2023-04-14T19:23:09.901+0000] {logging_mixin.py:137} INFO - [2023-04-14T19:23:09.900+0000] {dagbag.py:532} INFO - Filling up the DagBag from /home/airflow/.local/lib/python3.7/site-packages/airflow/example_dags/example_xcom.py
[2023-04-14T19:23:09.917+0000] {processor.py:753} INFO - DAG(s) dict_keys(['example_xcom']) retrieved from /home/airflow/.local/lib/python3.7/site-packages/airflow/example_dags/example_xcom.py
[2023-04-14T19:23:09.935+0000] {logging_mixin.py:137} INFO - [2023-04-14T19:23:09.935+0000] {dag.py:2705} INFO - Sync 1 DAGs
[2023-04-14T19:23:09.951+0000] {logging_mixin.py:137} INFO - [2023-04-14T19:23:09.951+0000] {dag.py:3456} INFO - Setting next_dagrun for example_xcom to 2021-01-01T00:00:00+00:00, run_after=2021-01-01T00:00:00+00:00
[2023-04-14T19:23:09.962+0000] {processor.py:175} INFO - Processing /home/airflow/.local/lib/python3.7/site-packages/airflow/example_dags/example_xcom.py took 0.066 seconds
[2023-04-14T19:23:39.979+0000] {processor.py:153} INFO - Started process (PID=1094) to work on /home/airflow/.local/lib/python3.7/site-packages/airflow/example_dags/example_xcom.py
[2023-04-14T19:23:39.980+0000] {processor.py:743} INFO - Processing file /home/airflow/.local/lib/python3.7/site-packages/airflow/example_dags/example_xcom.py for tasks to queue
[2023-04-14T19:23:39.980+0000] {logging_mixin.py:137} INFO - [2023-04-14T19:23:39.980+0000] {dagbag.py:532} INFO - Filling up the DagBag from /home/airflow/.local/lib/python3.7/site-packages/airflow/example_dags/example_xcom.py
[2023-04-14T19:23:39.997+0000] {processor.py:753} INFO - DAG(s) dict_keys(['example_xcom']) retrieved from /home/airflow/.local/lib/python3.7/site-packages/airflow/example_dags/example_xcom.py
[2023-04-14T19:23:40.016+0000] {logging_mixin.py:137} INFO - [2023-04-14T19:23:40.016+0000] {dag.py:2705} INFO - Sync 1 DAGs
[2023-04-14T19:23:40.033+0000] {logging_mixin.py:137} INFO - [2023-04-14T19:23:40.033+0000] {dag.py:3456} INFO - Setting next_dagrun for example_xcom to 2021-01-01T00:00:00+00:00, run_after=2021-01-01T00:00:00+00:00
[2023-04-14T19:23:40.045+0000] {processor.py:175} INFO - Processing /home/airflow/.local/lib/python3.7/site-packages/airflow/example_dags/example_xcom.py took 0.069 seconds
[2023-04-14T19:24:10.165+0000] {processor.py:153} INFO - Started process (PID=1185) to work on /home/airflow/.local/lib/python3.7/site-packages/airflow/example_dags/example_xcom.py
[2023-04-14T19:24:10.166+0000] {processor.py:743} INFO - Processing file /home/airflow/.local/lib/python3.7/site-packages/airflow/example_dags/example_xcom.py for tasks to queue
[2023-04-14T19:24:10.167+0000] {logging_mixin.py:137} INFO - [2023-04-14T19:24:10.167+0000] {dagbag.py:532} INFO - Filling up the DagBag from /home/airflow/.local/lib/python3.7/site-packages/airflow/example_dags/example_xcom.py
[2023-04-14T19:24:10.183+0000] {processor.py:753} INFO - DAG(s) dict_keys(['example_xcom']) retrieved from /home/airflow/.local/lib/python3.7/site-packages/airflow/example_dags/example_xcom.py
[2023-04-14T19:24:10.202+0000] {logging_mixin.py:137} INFO - [2023-04-14T19:24:10.202+0000] {dag.py:2705} INFO - Sync 1 DAGs
[2023-04-14T19:24:10.220+0000] {logging_mixin.py:137} INFO - [2023-04-14T19:24:10.220+0000] {dag.py:3456} INFO - Setting next_dagrun for example_xcom to 2021-01-01T00:00:00+00:00, run_after=2021-01-01T00:00:00+00:00
[2023-04-14T19:24:10.234+0000] {processor.py:175} INFO - Processing /home/airflow/.local/lib/python3.7/site-packages/airflow/example_dags/example_xcom.py took 0.071 seconds
[2023-04-14T19:26:09.826+0000] {processor.py:153} INFO - Started process (PID=63) to work on /home/airflow/.local/lib/python3.7/site-packages/airflow/example_dags/example_xcom.py
[2023-04-14T19:26:09.827+0000] {processor.py:743} INFO - Processing file /home/airflow/.local/lib/python3.7/site-packages/airflow/example_dags/example_xcom.py for tasks to queue
[2023-04-14T19:26:09.828+0000] {logging_mixin.py:137} INFO - [2023-04-14T19:26:09.828+0000] {dagbag.py:532} INFO - Filling up the DagBag from /home/airflow/.local/lib/python3.7/site-packages/airflow/example_dags/example_xcom.py
[2023-04-14T19:26:09.853+0000] {processor.py:753} INFO - DAG(s) dict_keys(['example_xcom']) retrieved from /home/airflow/.local/lib/python3.7/site-packages/airflow/example_dags/example_xcom.py
[2023-04-14T19:26:09.869+0000] {logging_mixin.py:137} INFO - [2023-04-14T19:26:09.868+0000] {dag.py:2705} INFO - Sync 1 DAGs
[2023-04-14T19:26:09.895+0000] {logging_mixin.py:137} INFO - [2023-04-14T19:26:09.895+0000] {dag.py:3456} INFO - Setting next_dagrun for example_xcom to 2021-01-01T00:00:00+00:00, run_after=2021-01-01T00:00:00+00:00
[2023-04-14T19:26:09.912+0000] {processor.py:175} INFO - Processing /home/airflow/.local/lib/python3.7/site-packages/airflow/example_dags/example_xcom.py took 0.090 seconds
[2023-04-14T19:26:40.058+0000] {processor.py:153} INFO - Started process (PID=154) to work on /home/airflow/.local/lib/python3.7/site-packages/airflow/example_dags/example_xcom.py
[2023-04-14T19:26:40.058+0000] {processor.py:743} INFO - Processing file /home/airflow/.local/lib/python3.7/site-packages/airflow/example_dags/example_xcom.py for tasks to queue
[2023-04-14T19:26:40.059+0000] {logging_mixin.py:137} INFO - [2023-04-14T19:26:40.059+0000] {dagbag.py:532} INFO - Filling up the DagBag from /home/airflow/.local/lib/python3.7/site-packages/airflow/example_dags/example_xcom.py
[2023-04-14T19:26:40.076+0000] {processor.py:753} INFO - DAG(s) dict_keys(['example_xcom']) retrieved from /home/airflow/.local/lib/python3.7/site-packages/airflow/example_dags/example_xcom.py
[2023-04-14T19:26:40.099+0000] {logging_mixin.py:137} INFO - [2023-04-14T19:26:40.099+0000] {dag.py:2705} INFO - Sync 1 DAGs
[2023-04-14T19:26:40.120+0000] {logging_mixin.py:137} INFO - [2023-04-14T19:26:40.120+0000] {dag.py:3456} INFO - Setting next_dagrun for example_xcom to 2021-01-01T00:00:00+00:00, run_after=2021-01-01T00:00:00+00:00
[2023-04-14T19:26:40.134+0000] {processor.py:175} INFO - Processing /home/airflow/.local/lib/python3.7/site-packages/airflow/example_dags/example_xcom.py took 0.079 seconds
[2023-04-14T19:27:10.469+0000] {processor.py:153} INFO - Started process (PID=245) to work on /home/airflow/.local/lib/python3.7/site-packages/airflow/example_dags/example_xcom.py
[2023-04-14T19:27:10.469+0000] {processor.py:743} INFO - Processing file /home/airflow/.local/lib/python3.7/site-packages/airflow/example_dags/example_xcom.py for tasks to queue
[2023-04-14T19:27:10.470+0000] {logging_mixin.py:137} INFO - [2023-04-14T19:27:10.470+0000] {dagbag.py:532} INFO - Filling up the DagBag from /home/airflow/.local/lib/python3.7/site-packages/airflow/example_dags/example_xcom.py
[2023-04-14T19:27:10.489+0000] {processor.py:753} INFO - DAG(s) dict_keys(['example_xcom']) retrieved from /home/airflow/.local/lib/python3.7/site-packages/airflow/example_dags/example_xcom.py
[2023-04-14T19:27:10.513+0000] {logging_mixin.py:137} INFO - [2023-04-14T19:27:10.513+0000] {dag.py:2705} INFO - Sync 1 DAGs
[2023-04-14T19:27:10.531+0000] {logging_mixin.py:137} INFO - [2023-04-14T19:27:10.531+0000] {dag.py:3456} INFO - Setting next_dagrun for example_xcom to 2021-01-01T00:00:00+00:00, run_after=2021-01-01T00:00:00+00:00
[2023-04-14T19:27:10.542+0000] {processor.py:175} INFO - Processing /home/airflow/.local/lib/python3.7/site-packages/airflow/example_dags/example_xcom.py took 0.077 seconds
[2023-04-14T19:31:45.269+0000] {processor.py:153} INFO - Started process (PID=54) to work on /home/airflow/.local/lib/python3.10/site-packages/airflow/example_dags/example_xcom.py
[2023-04-14T19:31:45.270+0000] {processor.py:743} INFO - Processing file /home/airflow/.local/lib/python3.10/site-packages/airflow/example_dags/example_xcom.py for tasks to queue
[2023-04-14T19:31:45.270+0000] {logging_mixin.py:137} INFO - [2023-04-14T19:31:45.270+0000] {dagbag.py:532} INFO - Filling up the DagBag from /home/airflow/.local/lib/python3.10/site-packages/airflow/example_dags/example_xcom.py
[2023-04-14T19:31:45.289+0000] {processor.py:753} INFO - DAG(s) dict_keys(['example_xcom']) retrieved from /home/airflow/.local/lib/python3.10/site-packages/airflow/example_dags/example_xcom.py
[2023-04-14T19:31:45.300+0000] {logging_mixin.py:137} INFO - [2023-04-14T19:31:45.300+0000] {dag.py:2705} INFO - Sync 1 DAGs
[2023-04-14T19:31:45.316+0000] {logging_mixin.py:137} INFO - [2023-04-14T19:31:45.315+0000] {dag.py:3452} INFO - Setting next_dagrun for example_xcom to 2021-01-01T00:00:00+00:00, run_after=2021-01-01T00:00:00+00:00
[2023-04-14T19:31:45.330+0000] {processor.py:175} INFO - Processing /home/airflow/.local/lib/python3.10/site-packages/airflow/example_dags/example_xcom.py took 0.063 seconds
[2023-04-14T19:32:16.333+0000] {processor.py:153} INFO - Started process (PID=138) to work on /home/airflow/.local/lib/python3.10/site-packages/airflow/example_dags/example_xcom.py
[2023-04-14T19:32:16.334+0000] {processor.py:743} INFO - Processing file /home/airflow/.local/lib/python3.10/site-packages/airflow/example_dags/example_xcom.py for tasks to queue
[2023-04-14T19:32:16.335+0000] {logging_mixin.py:137} INFO - [2023-04-14T19:32:16.335+0000] {dagbag.py:532} INFO - Filling up the DagBag from /home/airflow/.local/lib/python3.10/site-packages/airflow/example_dags/example_xcom.py
[2023-04-14T19:32:16.353+0000] {processor.py:753} INFO - DAG(s) dict_keys(['example_xcom']) retrieved from /home/airflow/.local/lib/python3.10/site-packages/airflow/example_dags/example_xcom.py
[2023-04-14T19:32:16.373+0000] {logging_mixin.py:137} INFO - [2023-04-14T19:32:16.373+0000] {dag.py:2705} INFO - Sync 1 DAGs
[2023-04-14T19:32:16.389+0000] {logging_mixin.py:137} INFO - [2023-04-14T19:32:16.388+0000] {dag.py:3452} INFO - Setting next_dagrun for example_xcom to 2021-01-01T00:00:00+00:00, run_after=2021-01-01T00:00:00+00:00
[2023-04-14T19:32:16.400+0000] {processor.py:175} INFO - Processing /home/airflow/.local/lib/python3.10/site-packages/airflow/example_dags/example_xcom.py took 0.069 seconds
[2023-04-14T19:32:47.339+0000] {processor.py:153} INFO - Started process (PID=222) to work on /home/airflow/.local/lib/python3.10/site-packages/airflow/example_dags/example_xcom.py
[2023-04-14T19:32:47.340+0000] {processor.py:743} INFO - Processing file /home/airflow/.local/lib/python3.10/site-packages/airflow/example_dags/example_xcom.py for tasks to queue
[2023-04-14T19:32:47.341+0000] {logging_mixin.py:137} INFO - [2023-04-14T19:32:47.341+0000] {dagbag.py:532} INFO - Filling up the DagBag from /home/airflow/.local/lib/python3.10/site-packages/airflow/example_dags/example_xcom.py
[2023-04-14T19:32:47.360+0000] {processor.py:753} INFO - DAG(s) dict_keys(['example_xcom']) retrieved from /home/airflow/.local/lib/python3.10/site-packages/airflow/example_dags/example_xcom.py
[2023-04-14T19:32:47.382+0000] {logging_mixin.py:137} INFO - [2023-04-14T19:32:47.381+0000] {dag.py:2705} INFO - Sync 1 DAGs
[2023-04-14T19:32:47.399+0000] {logging_mixin.py:137} INFO - [2023-04-14T19:32:47.398+0000] {dag.py:3452} INFO - Setting next_dagrun for example_xcom to 2021-01-01T00:00:00+00:00, run_after=2021-01-01T00:00:00+00:00
[2023-04-14T19:32:47.409+0000] {processor.py:175} INFO - Processing /home/airflow/.local/lib/python3.10/site-packages/airflow/example_dags/example_xcom.py took 0.072 seconds
[2023-04-14T19:33:24.473+0000] {processor.py:153} INFO - Started process (PID=55) to work on /home/airflow/.local/lib/python3.10/site-packages/airflow/example_dags/example_xcom.py
[2023-04-14T19:33:24.474+0000] {processor.py:743} INFO - Processing file /home/airflow/.local/lib/python3.10/site-packages/airflow/example_dags/example_xcom.py for tasks to queue
[2023-04-14T19:33:24.474+0000] {logging_mixin.py:137} INFO - [2023-04-14T19:33:24.474+0000] {dagbag.py:532} INFO - Filling up the DagBag from /home/airflow/.local/lib/python3.10/site-packages/airflow/example_dags/example_xcom.py
[2023-04-14T19:33:24.493+0000] {processor.py:753} INFO - DAG(s) dict_keys(['example_xcom']) retrieved from /home/airflow/.local/lib/python3.10/site-packages/airflow/example_dags/example_xcom.py
[2023-04-14T19:33:24.504+0000] {logging_mixin.py:137} INFO - [2023-04-14T19:33:24.504+0000] {dag.py:2705} INFO - Sync 1 DAGs
[2023-04-14T19:33:24.519+0000] {logging_mixin.py:137} INFO - [2023-04-14T19:33:24.519+0000] {dag.py:3452} INFO - Setting next_dagrun for example_xcom to 2021-01-01T00:00:00+00:00, run_after=2021-01-01T00:00:00+00:00
[2023-04-14T19:33:24.529+0000] {processor.py:175} INFO - Processing /home/airflow/.local/lib/python3.10/site-packages/airflow/example_dags/example_xcom.py took 0.059 seconds
[2023-04-14T19:33:55.462+0000] {processor.py:153} INFO - Started process (PID=139) to work on /home/airflow/.local/lib/python3.10/site-packages/airflow/example_dags/example_xcom.py
[2023-04-14T19:33:55.463+0000] {processor.py:743} INFO - Processing file /home/airflow/.local/lib/python3.10/site-packages/airflow/example_dags/example_xcom.py for tasks to queue
[2023-04-14T19:33:55.463+0000] {logging_mixin.py:137} INFO - [2023-04-14T19:33:55.463+0000] {dagbag.py:532} INFO - Filling up the DagBag from /home/airflow/.local/lib/python3.10/site-packages/airflow/example_dags/example_xcom.py
[2023-04-14T19:33:55.479+0000] {processor.py:753} INFO - DAG(s) dict_keys(['example_xcom']) retrieved from /home/airflow/.local/lib/python3.10/site-packages/airflow/example_dags/example_xcom.py
[2023-04-14T19:33:55.496+0000] {logging_mixin.py:137} INFO - [2023-04-14T19:33:55.496+0000] {dag.py:2705} INFO - Sync 1 DAGs
[2023-04-14T19:33:55.510+0000] {logging_mixin.py:137} INFO - [2023-04-14T19:33:55.510+0000] {dag.py:3452} INFO - Setting next_dagrun for example_xcom to 2021-01-01T00:00:00+00:00, run_after=2021-01-01T00:00:00+00:00
[2023-04-14T19:33:55.522+0000] {processor.py:175} INFO - Processing /home/airflow/.local/lib/python3.10/site-packages/airflow/example_dags/example_xcom.py took 0.063 seconds
[2023-04-14T19:34:26.538+0000] {processor.py:153} INFO - Started process (PID=223) to work on /home/airflow/.local/lib/python3.10/site-packages/airflow/example_dags/example_xcom.py
[2023-04-14T19:34:26.540+0000] {processor.py:743} INFO - Processing file /home/airflow/.local/lib/python3.10/site-packages/airflow/example_dags/example_xcom.py for tasks to queue
[2023-04-14T19:34:26.541+0000] {logging_mixin.py:137} INFO - [2023-04-14T19:34:26.540+0000] {dagbag.py:532} INFO - Filling up the DagBag from /home/airflow/.local/lib/python3.10/site-packages/airflow/example_dags/example_xcom.py
[2023-04-14T19:34:26.559+0000] {processor.py:753} INFO - DAG(s) dict_keys(['example_xcom']) retrieved from /home/airflow/.local/lib/python3.10/site-packages/airflow/example_dags/example_xcom.py
[2023-04-14T19:34:26.580+0000] {logging_mixin.py:137} INFO - [2023-04-14T19:34:26.580+0000] {dag.py:2705} INFO - Sync 1 DAGs
[2023-04-14T19:34:26.596+0000] {logging_mixin.py:137} INFO - [2023-04-14T19:34:26.596+0000] {dag.py:3452} INFO - Setting next_dagrun for example_xcom to 2021-01-01T00:00:00+00:00, run_after=2021-01-01T00:00:00+00:00
[2023-04-14T19:34:26.612+0000] {processor.py:175} INFO - Processing /home/airflow/.local/lib/python3.10/site-packages/airflow/example_dags/example_xcom.py took 0.077 seconds
[2023-04-14T19:35:37.792+0000] {processor.py:153} INFO - Started process (PID=55) to work on /home/airflow/.local/lib/python3.10/site-packages/airflow/example_dags/example_xcom.py
[2023-04-14T19:35:37.793+0000] {processor.py:743} INFO - Processing file /home/airflow/.local/lib/python3.10/site-packages/airflow/example_dags/example_xcom.py for tasks to queue
[2023-04-14T19:35:37.794+0000] {logging_mixin.py:137} INFO - [2023-04-14T19:35:37.794+0000] {dagbag.py:532} INFO - Filling up the DagBag from /home/airflow/.local/lib/python3.10/site-packages/airflow/example_dags/example_xcom.py
[2023-04-14T19:35:37.812+0000] {processor.py:753} INFO - DAG(s) dict_keys(['example_xcom']) retrieved from /home/airflow/.local/lib/python3.10/site-packages/airflow/example_dags/example_xcom.py
[2023-04-14T19:35:37.823+0000] {logging_mixin.py:137} INFO - [2023-04-14T19:35:37.823+0000] {dag.py:2705} INFO - Sync 1 DAGs
[2023-04-14T19:35:37.843+0000] {logging_mixin.py:137} INFO - [2023-04-14T19:35:37.843+0000] {dag.py:3452} INFO - Setting next_dagrun for example_xcom to 2021-01-01T00:00:00+00:00, run_after=2021-01-01T00:00:00+00:00
[2023-04-14T19:35:37.854+0000] {processor.py:175} INFO - Processing /home/airflow/.local/lib/python3.10/site-packages/airflow/example_dags/example_xcom.py took 0.064 seconds
[2023-04-14T19:36:08.937+0000] {processor.py:153} INFO - Started process (PID=140) to work on /home/airflow/.local/lib/python3.10/site-packages/airflow/example_dags/example_xcom.py
[2023-04-14T19:36:08.938+0000] {processor.py:743} INFO - Processing file /home/airflow/.local/lib/python3.10/site-packages/airflow/example_dags/example_xcom.py for tasks to queue
[2023-04-14T19:36:08.939+0000] {logging_mixin.py:137} INFO - [2023-04-14T19:36:08.939+0000] {dagbag.py:532} INFO - Filling up the DagBag from /home/airflow/.local/lib/python3.10/site-packages/airflow/example_dags/example_xcom.py
[2023-04-14T19:36:08.955+0000] {processor.py:753} INFO - DAG(s) dict_keys(['example_xcom']) retrieved from /home/airflow/.local/lib/python3.10/site-packages/airflow/example_dags/example_xcom.py
[2023-04-14T19:36:08.978+0000] {logging_mixin.py:137} INFO - [2023-04-14T19:36:08.978+0000] {dag.py:2705} INFO - Sync 1 DAGs
[2023-04-14T19:36:08.993+0000] {logging_mixin.py:137} INFO - [2023-04-14T19:36:08.993+0000] {dag.py:3452} INFO - Setting next_dagrun for example_xcom to 2021-01-01T00:00:00+00:00, run_after=2021-01-01T00:00:00+00:00
[2023-04-14T19:36:09.003+0000] {processor.py:175} INFO - Processing /home/airflow/.local/lib/python3.10/site-packages/airflow/example_dags/example_xcom.py took 0.070 seconds
