[2023-04-14T19:13:18.955+0000] {processor.py:153} INFO - Started process (PID=70) to work on /home/airflow/.local/lib/python3.7/site-packages/airflow/example_dags/example_xcomargs.py
[2023-04-14T19:13:18.956+0000] {processor.py:743} INFO - Processing file /home/airflow/.local/lib/python3.7/site-packages/airflow/example_dags/example_xcomargs.py for tasks to queue
[2023-04-14T19:13:18.957+0000] {logging_mixin.py:137} INFO - [2023-04-14T19:13:18.957+0000] {dagbag.py:532} INFO - Filling up the DagBag from /home/airflow/.local/lib/python3.7/site-packages/airflow/example_dags/example_xcomargs.py
[2023-04-14T19:13:18.976+0000] {processor.py:753} INFO - DAG(s) dict_keys(['example_xcom_args', 'example_xcom_args_with_operators']) retrieved from /home/airflow/.local/lib/python3.7/site-packages/airflow/example_dags/example_xcomargs.py
[2023-04-14T19:13:18.991+0000] {logging_mixin.py:137} INFO - [2023-04-14T19:13:18.991+0000] {dag.py:2705} INFO - Sync 2 DAGs
[2023-04-14T19:13:19.017+0000] {logging_mixin.py:137} INFO - [2023-04-14T19:13:19.017+0000] {dag.py:3456} INFO - Setting next_dagrun for example_xcom_args to None, run_after=None
[2023-04-14T19:13:19.022+0000] {logging_mixin.py:137} INFO - [2023-04-14T19:13:19.022+0000] {dag.py:3456} INFO - Setting next_dagrun for example_xcom_args_with_operators to None, run_after=None
[2023-04-14T19:13:19.037+0000] {processor.py:175} INFO - Processing /home/airflow/.local/lib/python3.7/site-packages/airflow/example_dags/example_xcomargs.py took 0.086 seconds
[2023-04-14T19:13:49.834+0000] {processor.py:153} INFO - Started process (PID=160) to work on /home/airflow/.local/lib/python3.7/site-packages/airflow/example_dags/example_xcomargs.py
[2023-04-14T19:13:49.834+0000] {processor.py:743} INFO - Processing file /home/airflow/.local/lib/python3.7/site-packages/airflow/example_dags/example_xcomargs.py for tasks to queue
[2023-04-14T19:13:49.835+0000] {logging_mixin.py:137} INFO - [2023-04-14T19:13:49.835+0000] {dagbag.py:532} INFO - Filling up the DagBag from /home/airflow/.local/lib/python3.7/site-packages/airflow/example_dags/example_xcomargs.py
[2023-04-14T19:13:49.851+0000] {processor.py:753} INFO - DAG(s) dict_keys(['example_xcom_args', 'example_xcom_args_with_operators']) retrieved from /home/airflow/.local/lib/python3.7/site-packages/airflow/example_dags/example_xcomargs.py
[2023-04-14T19:13:49.872+0000] {logging_mixin.py:137} INFO - [2023-04-14T19:13:49.871+0000] {dag.py:2705} INFO - Sync 2 DAGs
[2023-04-14T19:13:49.889+0000] {logging_mixin.py:137} INFO - [2023-04-14T19:13:49.888+0000] {dag.py:3456} INFO - Setting next_dagrun for example_xcom_args to None, run_after=None
[2023-04-14T19:13:49.891+0000] {logging_mixin.py:137} INFO - [2023-04-14T19:13:49.891+0000] {dag.py:3456} INFO - Setting next_dagrun for example_xcom_args_with_operators to None, run_after=None
[2023-04-14T19:13:49.904+0000] {processor.py:175} INFO - Processing /home/airflow/.local/lib/python3.7/site-packages/airflow/example_dags/example_xcomargs.py took 0.073 seconds
[2023-04-14T19:14:20.130+0000] {processor.py:153} INFO - Started process (PID=251) to work on /home/airflow/.local/lib/python3.7/site-packages/airflow/example_dags/example_xcomargs.py
[2023-04-14T19:14:20.131+0000] {processor.py:743} INFO - Processing file /home/airflow/.local/lib/python3.7/site-packages/airflow/example_dags/example_xcomargs.py for tasks to queue
[2023-04-14T19:14:20.131+0000] {logging_mixin.py:137} INFO - [2023-04-14T19:14:20.131+0000] {dagbag.py:532} INFO - Filling up the DagBag from /home/airflow/.local/lib/python3.7/site-packages/airflow/example_dags/example_xcomargs.py
[2023-04-14T19:14:20.151+0000] {processor.py:753} INFO - DAG(s) dict_keys(['example_xcom_args', 'example_xcom_args_with_operators']) retrieved from /home/airflow/.local/lib/python3.7/site-packages/airflow/example_dags/example_xcomargs.py
[2023-04-14T19:14:20.172+0000] {logging_mixin.py:137} INFO - [2023-04-14T19:14:20.172+0000] {dag.py:2705} INFO - Sync 2 DAGs
[2023-04-14T19:14:20.190+0000] {logging_mixin.py:137} INFO - [2023-04-14T19:14:20.190+0000] {dag.py:3456} INFO - Setting next_dagrun for example_xcom_args to None, run_after=None
[2023-04-14T19:14:20.193+0000] {logging_mixin.py:137} INFO - [2023-04-14T19:14:20.193+0000] {dag.py:3456} INFO - Setting next_dagrun for example_xcom_args_with_operators to None, run_after=None
[2023-04-14T19:14:20.206+0000] {processor.py:175} INFO - Processing /home/airflow/.local/lib/python3.7/site-packages/airflow/example_dags/example_xcomargs.py took 0.079 seconds
[2023-04-14T19:14:50.263+0000] {processor.py:153} INFO - Started process (PID=326) to work on /home/airflow/.local/lib/python3.7/site-packages/airflow/example_dags/example_xcomargs.py
[2023-04-14T19:14:50.263+0000] {processor.py:743} INFO - Processing file /home/airflow/.local/lib/python3.7/site-packages/airflow/example_dags/example_xcomargs.py for tasks to queue
[2023-04-14T19:14:50.264+0000] {logging_mixin.py:137} INFO - [2023-04-14T19:14:50.264+0000] {dagbag.py:532} INFO - Filling up the DagBag from /home/airflow/.local/lib/python3.7/site-packages/airflow/example_dags/example_xcomargs.py
[2023-04-14T19:14:50.281+0000] {processor.py:753} INFO - DAG(s) dict_keys(['example_xcom_args', 'example_xcom_args_with_operators']) retrieved from /home/airflow/.local/lib/python3.7/site-packages/airflow/example_dags/example_xcomargs.py
[2023-04-14T19:14:50.303+0000] {logging_mixin.py:137} INFO - [2023-04-14T19:14:50.303+0000] {dag.py:2705} INFO - Sync 2 DAGs
[2023-04-14T19:14:50.321+0000] {logging_mixin.py:137} INFO - [2023-04-14T19:14:50.321+0000] {dag.py:3456} INFO - Setting next_dagrun for example_xcom_args to None, run_after=None
[2023-04-14T19:14:50.324+0000] {logging_mixin.py:137} INFO - [2023-04-14T19:14:50.324+0000] {dag.py:3456} INFO - Setting next_dagrun for example_xcom_args_with_operators to None, run_after=None
[2023-04-14T19:14:50.334+0000] {processor.py:175} INFO - Processing /home/airflow/.local/lib/python3.7/site-packages/airflow/example_dags/example_xcomargs.py took 0.074 seconds
[2023-04-14T19:15:20.474+0000] {processor.py:153} INFO - Started process (PID=417) to work on /home/airflow/.local/lib/python3.7/site-packages/airflow/example_dags/example_xcomargs.py
[2023-04-14T19:15:20.475+0000] {processor.py:743} INFO - Processing file /home/airflow/.local/lib/python3.7/site-packages/airflow/example_dags/example_xcomargs.py for tasks to queue
[2023-04-14T19:15:20.477+0000] {logging_mixin.py:137} INFO - [2023-04-14T19:15:20.477+0000] {dagbag.py:532} INFO - Filling up the DagBag from /home/airflow/.local/lib/python3.7/site-packages/airflow/example_dags/example_xcomargs.py
[2023-04-14T19:15:20.497+0000] {processor.py:753} INFO - DAG(s) dict_keys(['example_xcom_args_with_operators', 'example_xcom_args']) retrieved from /home/airflow/.local/lib/python3.7/site-packages/airflow/example_dags/example_xcomargs.py
[2023-04-14T19:15:20.527+0000] {logging_mixin.py:137} INFO - [2023-04-14T19:15:20.527+0000] {dag.py:2705} INFO - Sync 2 DAGs
[2023-04-14T19:15:20.548+0000] {logging_mixin.py:137} INFO - [2023-04-14T19:15:20.548+0000] {dag.py:3456} INFO - Setting next_dagrun for example_xcom_args to None, run_after=None
[2023-04-14T19:15:20.551+0000] {logging_mixin.py:137} INFO - [2023-04-14T19:15:20.551+0000] {dag.py:3456} INFO - Setting next_dagrun for example_xcom_args_with_operators to None, run_after=None
[2023-04-14T19:15:20.564+0000] {processor.py:175} INFO - Processing /home/airflow/.local/lib/python3.7/site-packages/airflow/example_dags/example_xcomargs.py took 0.093 seconds
[2023-04-14T19:17:36.368+0000] {processor.py:153} INFO - Started process (PID=70) to work on /home/airflow/.local/lib/python3.7/site-packages/airflow/example_dags/example_xcomargs.py
[2023-04-14T19:17:36.369+0000] {processor.py:743} INFO - Processing file /home/airflow/.local/lib/python3.7/site-packages/airflow/example_dags/example_xcomargs.py for tasks to queue
[2023-04-14T19:17:36.371+0000] {logging_mixin.py:137} INFO - [2023-04-14T19:17:36.371+0000] {dagbag.py:532} INFO - Filling up the DagBag from /home/airflow/.local/lib/python3.7/site-packages/airflow/example_dags/example_xcomargs.py
[2023-04-14T19:17:36.396+0000] {processor.py:753} INFO - DAG(s) dict_keys(['example_xcom_args', 'example_xcom_args_with_operators']) retrieved from /home/airflow/.local/lib/python3.7/site-packages/airflow/example_dags/example_xcomargs.py
[2023-04-14T19:17:36.410+0000] {logging_mixin.py:137} INFO - [2023-04-14T19:17:36.410+0000] {dag.py:2705} INFO - Sync 2 DAGs
[2023-04-14T19:17:36.434+0000] {logging_mixin.py:137} INFO - [2023-04-14T19:17:36.434+0000] {dag.py:3456} INFO - Setting next_dagrun for example_xcom_args to None, run_after=None
[2023-04-14T19:17:36.438+0000] {logging_mixin.py:137} INFO - [2023-04-14T19:17:36.438+0000] {dag.py:3456} INFO - Setting next_dagrun for example_xcom_args_with_operators to None, run_after=None
[2023-04-14T19:17:36.455+0000] {processor.py:175} INFO - Processing /home/airflow/.local/lib/python3.7/site-packages/airflow/example_dags/example_xcomargs.py took 0.092 seconds
[2023-04-14T19:18:06.811+0000] {processor.py:153} INFO - Started process (PID=162) to work on /home/airflow/.local/lib/python3.7/site-packages/airflow/example_dags/example_xcomargs.py
[2023-04-14T19:18:06.812+0000] {processor.py:743} INFO - Processing file /home/airflow/.local/lib/python3.7/site-packages/airflow/example_dags/example_xcomargs.py for tasks to queue
[2023-04-14T19:18:06.813+0000] {logging_mixin.py:137} INFO - [2023-04-14T19:18:06.812+0000] {dagbag.py:532} INFO - Filling up the DagBag from /home/airflow/.local/lib/python3.7/site-packages/airflow/example_dags/example_xcomargs.py
[2023-04-14T19:18:06.833+0000] {processor.py:753} INFO - DAG(s) dict_keys(['example_xcom_args_with_operators', 'example_xcom_args']) retrieved from /home/airflow/.local/lib/python3.7/site-packages/airflow/example_dags/example_xcomargs.py
[2023-04-14T19:18:06.854+0000] {logging_mixin.py:137} INFO - [2023-04-14T19:18:06.854+0000] {dag.py:2705} INFO - Sync 2 DAGs
[2023-04-14T19:18:06.872+0000] {logging_mixin.py:137} INFO - [2023-04-14T19:18:06.872+0000] {dag.py:3456} INFO - Setting next_dagrun for example_xcom_args to None, run_after=None
[2023-04-14T19:18:06.874+0000] {logging_mixin.py:137} INFO - [2023-04-14T19:18:06.874+0000] {dag.py:3456} INFO - Setting next_dagrun for example_xcom_args_with_operators to None, run_after=None
[2023-04-14T19:18:06.886+0000] {processor.py:175} INFO - Processing /home/airflow/.local/lib/python3.7/site-packages/airflow/example_dags/example_xcomargs.py took 0.079 seconds
[2023-04-14T19:18:37.355+0000] {processor.py:153} INFO - Started process (PID=253) to work on /home/airflow/.local/lib/python3.7/site-packages/airflow/example_dags/example_xcomargs.py
[2023-04-14T19:18:37.356+0000] {processor.py:743} INFO - Processing file /home/airflow/.local/lib/python3.7/site-packages/airflow/example_dags/example_xcomargs.py for tasks to queue
[2023-04-14T19:18:37.357+0000] {logging_mixin.py:137} INFO - [2023-04-14T19:18:37.357+0000] {dagbag.py:532} INFO - Filling up the DagBag from /home/airflow/.local/lib/python3.7/site-packages/airflow/example_dags/example_xcomargs.py
[2023-04-14T19:18:37.376+0000] {processor.py:753} INFO - DAG(s) dict_keys(['example_xcom_args', 'example_xcom_args_with_operators']) retrieved from /home/airflow/.local/lib/python3.7/site-packages/airflow/example_dags/example_xcomargs.py
[2023-04-14T19:18:37.400+0000] {logging_mixin.py:137} INFO - [2023-04-14T19:18:37.400+0000] {dag.py:2705} INFO - Sync 2 DAGs
[2023-04-14T19:18:37.419+0000] {logging_mixin.py:137} INFO - [2023-04-14T19:18:37.419+0000] {dag.py:3456} INFO - Setting next_dagrun for example_xcom_args to None, run_after=None
[2023-04-14T19:18:37.422+0000] {logging_mixin.py:137} INFO - [2023-04-14T19:18:37.422+0000] {dag.py:3456} INFO - Setting next_dagrun for example_xcom_args_with_operators to None, run_after=None
[2023-04-14T19:18:37.437+0000] {processor.py:175} INFO - Processing /home/airflow/.local/lib/python3.7/site-packages/airflow/example_dags/example_xcomargs.py took 0.084 seconds
[2023-04-14T19:19:07.638+0000] {processor.py:153} INFO - Started process (PID=328) to work on /home/airflow/.local/lib/python3.7/site-packages/airflow/example_dags/example_xcomargs.py
[2023-04-14T19:19:07.639+0000] {processor.py:743} INFO - Processing file /home/airflow/.local/lib/python3.7/site-packages/airflow/example_dags/example_xcomargs.py for tasks to queue
[2023-04-14T19:19:07.639+0000] {logging_mixin.py:137} INFO - [2023-04-14T19:19:07.639+0000] {dagbag.py:532} INFO - Filling up the DagBag from /home/airflow/.local/lib/python3.7/site-packages/airflow/example_dags/example_xcomargs.py
[2023-04-14T19:19:07.656+0000] {processor.py:753} INFO - DAG(s) dict_keys(['example_xcom_args_with_operators', 'example_xcom_args']) retrieved from /home/airflow/.local/lib/python3.7/site-packages/airflow/example_dags/example_xcomargs.py
[2023-04-14T19:19:07.677+0000] {logging_mixin.py:137} INFO - [2023-04-14T19:19:07.677+0000] {dag.py:2705} INFO - Sync 2 DAGs
[2023-04-14T19:19:07.696+0000] {logging_mixin.py:137} INFO - [2023-04-14T19:19:07.695+0000] {dag.py:3456} INFO - Setting next_dagrun for example_xcom_args to None, run_after=None
[2023-04-14T19:19:07.698+0000] {logging_mixin.py:137} INFO - [2023-04-14T19:19:07.698+0000] {dag.py:3456} INFO - Setting next_dagrun for example_xcom_args_with_operators to None, run_after=None
[2023-04-14T19:19:07.709+0000] {processor.py:175} INFO - Processing /home/airflow/.local/lib/python3.7/site-packages/airflow/example_dags/example_xcomargs.py took 0.074 seconds
[2023-04-14T19:19:37.932+0000] {processor.py:153} INFO - Started process (PID=421) to work on /home/airflow/.local/lib/python3.7/site-packages/airflow/example_dags/example_xcomargs.py
[2023-04-14T19:19:37.933+0000] {processor.py:743} INFO - Processing file /home/airflow/.local/lib/python3.7/site-packages/airflow/example_dags/example_xcomargs.py for tasks to queue
[2023-04-14T19:19:37.933+0000] {logging_mixin.py:137} INFO - [2023-04-14T19:19:37.933+0000] {dagbag.py:532} INFO - Filling up the DagBag from /home/airflow/.local/lib/python3.7/site-packages/airflow/example_dags/example_xcomargs.py
[2023-04-14T19:19:37.952+0000] {processor.py:753} INFO - DAG(s) dict_keys(['example_xcom_args_with_operators', 'example_xcom_args']) retrieved from /home/airflow/.local/lib/python3.7/site-packages/airflow/example_dags/example_xcomargs.py
[2023-04-14T19:19:37.977+0000] {logging_mixin.py:137} INFO - [2023-04-14T19:19:37.977+0000] {dag.py:2705} INFO - Sync 2 DAGs
[2023-04-14T19:19:37.998+0000] {logging_mixin.py:137} INFO - [2023-04-14T19:19:37.998+0000] {dag.py:3456} INFO - Setting next_dagrun for example_xcom_args to None, run_after=None
[2023-04-14T19:19:38.002+0000] {logging_mixin.py:137} INFO - [2023-04-14T19:19:38.002+0000] {dag.py:3456} INFO - Setting next_dagrun for example_xcom_args_with_operators to None, run_after=None
[2023-04-14T19:19:38.018+0000] {processor.py:175} INFO - Processing /home/airflow/.local/lib/python3.7/site-packages/airflow/example_dags/example_xcomargs.py took 0.089 seconds
[2023-04-14T19:20:08.514+0000] {processor.py:153} INFO - Started process (PID=513) to work on /home/airflow/.local/lib/python3.7/site-packages/airflow/example_dags/example_xcomargs.py
[2023-04-14T19:20:08.515+0000] {processor.py:743} INFO - Processing file /home/airflow/.local/lib/python3.7/site-packages/airflow/example_dags/example_xcomargs.py for tasks to queue
[2023-04-14T19:20:08.515+0000] {logging_mixin.py:137} INFO - [2023-04-14T19:20:08.515+0000] {dagbag.py:532} INFO - Filling up the DagBag from /home/airflow/.local/lib/python3.7/site-packages/airflow/example_dags/example_xcomargs.py
[2023-04-14T19:20:08.534+0000] {processor.py:753} INFO - DAG(s) dict_keys(['example_xcom_args_with_operators', 'example_xcom_args']) retrieved from /home/airflow/.local/lib/python3.7/site-packages/airflow/example_dags/example_xcomargs.py
[2023-04-14T19:20:08.559+0000] {logging_mixin.py:137} INFO - [2023-04-14T19:20:08.559+0000] {dag.py:2705} INFO - Sync 2 DAGs
[2023-04-14T19:20:08.579+0000] {logging_mixin.py:137} INFO - [2023-04-14T19:20:08.579+0000] {dag.py:3456} INFO - Setting next_dagrun for example_xcom_args to None, run_after=None
[2023-04-14T19:20:08.582+0000] {logging_mixin.py:137} INFO - [2023-04-14T19:20:08.582+0000] {dag.py:3456} INFO - Setting next_dagrun for example_xcom_args_with_operators to None, run_after=None
[2023-04-14T19:20:08.593+0000] {processor.py:175} INFO - Processing /home/airflow/.local/lib/python3.7/site-packages/airflow/example_dags/example_xcomargs.py took 0.083 seconds
[2023-04-14T19:20:38.776+0000] {processor.py:153} INFO - Started process (PID=588) to work on /home/airflow/.local/lib/python3.7/site-packages/airflow/example_dags/example_xcomargs.py
[2023-04-14T19:20:38.777+0000] {processor.py:743} INFO - Processing file /home/airflow/.local/lib/python3.7/site-packages/airflow/example_dags/example_xcomargs.py for tasks to queue
[2023-04-14T19:20:38.778+0000] {logging_mixin.py:137} INFO - [2023-04-14T19:20:38.777+0000] {dagbag.py:532} INFO - Filling up the DagBag from /home/airflow/.local/lib/python3.7/site-packages/airflow/example_dags/example_xcomargs.py
[2023-04-14T19:20:38.795+0000] {processor.py:753} INFO - DAG(s) dict_keys(['example_xcom_args_with_operators', 'example_xcom_args']) retrieved from /home/airflow/.local/lib/python3.7/site-packages/airflow/example_dags/example_xcomargs.py
[2023-04-14T19:20:38.819+0000] {logging_mixin.py:137} INFO - [2023-04-14T19:20:38.819+0000] {dag.py:2705} INFO - Sync 2 DAGs
[2023-04-14T19:20:38.845+0000] {logging_mixin.py:137} INFO - [2023-04-14T19:20:38.844+0000] {dag.py:3456} INFO - Setting next_dagrun for example_xcom_args to None, run_after=None
[2023-04-14T19:20:38.848+0000] {logging_mixin.py:137} INFO - [2023-04-14T19:20:38.848+0000] {dag.py:3456} INFO - Setting next_dagrun for example_xcom_args_with_operators to None, run_after=None
[2023-04-14T19:20:38.860+0000] {processor.py:175} INFO - Processing /home/airflow/.local/lib/python3.7/site-packages/airflow/example_dags/example_xcomargs.py took 0.088 seconds
[2023-04-14T19:21:09.015+0000] {processor.py:153} INFO - Started process (PID=679) to work on /home/airflow/.local/lib/python3.7/site-packages/airflow/example_dags/example_xcomargs.py
[2023-04-14T19:21:09.015+0000] {processor.py:743} INFO - Processing file /home/airflow/.local/lib/python3.7/site-packages/airflow/example_dags/example_xcomargs.py for tasks to queue
[2023-04-14T19:21:09.016+0000] {logging_mixin.py:137} INFO - [2023-04-14T19:21:09.016+0000] {dagbag.py:532} INFO - Filling up the DagBag from /home/airflow/.local/lib/python3.7/site-packages/airflow/example_dags/example_xcomargs.py
[2023-04-14T19:21:09.035+0000] {processor.py:753} INFO - DAG(s) dict_keys(['example_xcom_args_with_operators', 'example_xcom_args']) retrieved from /home/airflow/.local/lib/python3.7/site-packages/airflow/example_dags/example_xcomargs.py
[2023-04-14T19:21:09.060+0000] {logging_mixin.py:137} INFO - [2023-04-14T19:21:09.060+0000] {dag.py:2705} INFO - Sync 2 DAGs
[2023-04-14T19:21:09.078+0000] {logging_mixin.py:137} INFO - [2023-04-14T19:21:09.078+0000] {dag.py:3456} INFO - Setting next_dagrun for example_xcom_args to None, run_after=None
[2023-04-14T19:21:09.080+0000] {logging_mixin.py:137} INFO - [2023-04-14T19:21:09.080+0000] {dag.py:3456} INFO - Setting next_dagrun for example_xcom_args_with_operators to None, run_after=None
[2023-04-14T19:21:09.092+0000] {processor.py:175} INFO - Processing /home/airflow/.local/lib/python3.7/site-packages/airflow/example_dags/example_xcomargs.py took 0.080 seconds
[2023-04-14T19:21:39.171+0000] {processor.py:153} INFO - Started process (PID=754) to work on /home/airflow/.local/lib/python3.7/site-packages/airflow/example_dags/example_xcomargs.py
[2023-04-14T19:21:39.171+0000] {processor.py:743} INFO - Processing file /home/airflow/.local/lib/python3.7/site-packages/airflow/example_dags/example_xcomargs.py for tasks to queue
[2023-04-14T19:21:39.172+0000] {logging_mixin.py:137} INFO - [2023-04-14T19:21:39.172+0000] {dagbag.py:532} INFO - Filling up the DagBag from /home/airflow/.local/lib/python3.7/site-packages/airflow/example_dags/example_xcomargs.py
[2023-04-14T19:21:39.188+0000] {processor.py:753} INFO - DAG(s) dict_keys(['example_xcom_args', 'example_xcom_args_with_operators']) retrieved from /home/airflow/.local/lib/python3.7/site-packages/airflow/example_dags/example_xcomargs.py
[2023-04-14T19:21:39.210+0000] {logging_mixin.py:137} INFO - [2023-04-14T19:21:39.210+0000] {dag.py:2705} INFO - Sync 2 DAGs
[2023-04-14T19:21:39.229+0000] {logging_mixin.py:137} INFO - [2023-04-14T19:21:39.229+0000] {dag.py:3456} INFO - Setting next_dagrun for example_xcom_args to None, run_after=None
[2023-04-14T19:21:39.232+0000] {logging_mixin.py:137} INFO - [2023-04-14T19:21:39.232+0000] {dag.py:3456} INFO - Setting next_dagrun for example_xcom_args_with_operators to None, run_after=None
[2023-04-14T19:21:39.243+0000] {processor.py:175} INFO - Processing /home/airflow/.local/lib/python3.7/site-packages/airflow/example_dags/example_xcomargs.py took 0.075 seconds
[2023-04-14T19:22:09.326+0000] {processor.py:153} INFO - Started process (PID=845) to work on /home/airflow/.local/lib/python3.7/site-packages/airflow/example_dags/example_xcomargs.py
[2023-04-14T19:22:09.327+0000] {processor.py:743} INFO - Processing file /home/airflow/.local/lib/python3.7/site-packages/airflow/example_dags/example_xcomargs.py for tasks to queue
[2023-04-14T19:22:09.327+0000] {logging_mixin.py:137} INFO - [2023-04-14T19:22:09.327+0000] {dagbag.py:532} INFO - Filling up the DagBag from /home/airflow/.local/lib/python3.7/site-packages/airflow/example_dags/example_xcomargs.py
[2023-04-14T19:22:09.345+0000] {processor.py:753} INFO - DAG(s) dict_keys(['example_xcom_args', 'example_xcom_args_with_operators']) retrieved from /home/airflow/.local/lib/python3.7/site-packages/airflow/example_dags/example_xcomargs.py
[2023-04-14T19:22:09.374+0000] {logging_mixin.py:137} INFO - [2023-04-14T19:22:09.374+0000] {dag.py:2705} INFO - Sync 2 DAGs
[2023-04-14T19:22:09.395+0000] {logging_mixin.py:137} INFO - [2023-04-14T19:22:09.394+0000] {dag.py:3456} INFO - Setting next_dagrun for example_xcom_args to None, run_after=None
[2023-04-14T19:22:09.398+0000] {logging_mixin.py:137} INFO - [2023-04-14T19:22:09.398+0000] {dag.py:3456} INFO - Setting next_dagrun for example_xcom_args_with_operators to None, run_after=None
[2023-04-14T19:22:09.411+0000] {processor.py:175} INFO - Processing /home/airflow/.local/lib/python3.7/site-packages/airflow/example_dags/example_xcomargs.py took 0.087 seconds
[2023-04-14T19:22:40.052+0000] {processor.py:153} INFO - Started process (PID=936) to work on /home/airflow/.local/lib/python3.7/site-packages/airflow/example_dags/example_xcomargs.py
[2023-04-14T19:22:40.053+0000] {processor.py:743} INFO - Processing file /home/airflow/.local/lib/python3.7/site-packages/airflow/example_dags/example_xcomargs.py for tasks to queue
[2023-04-14T19:22:40.054+0000] {logging_mixin.py:137} INFO - [2023-04-14T19:22:40.054+0000] {dagbag.py:532} INFO - Filling up the DagBag from /home/airflow/.local/lib/python3.7/site-packages/airflow/example_dags/example_xcomargs.py
[2023-04-14T19:22:40.073+0000] {processor.py:753} INFO - DAG(s) dict_keys(['example_xcom_args', 'example_xcom_args_with_operators']) retrieved from /home/airflow/.local/lib/python3.7/site-packages/airflow/example_dags/example_xcomargs.py
[2023-04-14T19:22:40.094+0000] {logging_mixin.py:137} INFO - [2023-04-14T19:22:40.094+0000] {dag.py:2705} INFO - Sync 2 DAGs
[2023-04-14T19:22:40.119+0000] {logging_mixin.py:137} INFO - [2023-04-14T19:22:40.119+0000] {dag.py:3456} INFO - Setting next_dagrun for example_xcom_args to None, run_after=None
[2023-04-14T19:22:40.123+0000] {logging_mixin.py:137} INFO - [2023-04-14T19:22:40.123+0000] {dag.py:3456} INFO - Setting next_dagrun for example_xcom_args_with_operators to None, run_after=None
[2023-04-14T19:22:40.141+0000] {processor.py:175} INFO - Processing /home/airflow/.local/lib/python3.7/site-packages/airflow/example_dags/example_xcomargs.py took 0.091 seconds
[2023-04-14T19:23:10.239+0000] {processor.py:153} INFO - Started process (PID=1011) to work on /home/airflow/.local/lib/python3.7/site-packages/airflow/example_dags/example_xcomargs.py
[2023-04-14T19:23:10.240+0000] {processor.py:743} INFO - Processing file /home/airflow/.local/lib/python3.7/site-packages/airflow/example_dags/example_xcomargs.py for tasks to queue
[2023-04-14T19:23:10.241+0000] {logging_mixin.py:137} INFO - [2023-04-14T19:23:10.241+0000] {dagbag.py:532} INFO - Filling up the DagBag from /home/airflow/.local/lib/python3.7/site-packages/airflow/example_dags/example_xcomargs.py
[2023-04-14T19:23:10.259+0000] {processor.py:753} INFO - DAG(s) dict_keys(['example_xcom_args_with_operators', 'example_xcom_args']) retrieved from /home/airflow/.local/lib/python3.7/site-packages/airflow/example_dags/example_xcomargs.py
[2023-04-14T19:23:10.281+0000] {logging_mixin.py:137} INFO - [2023-04-14T19:23:10.281+0000] {dag.py:2705} INFO - Sync 2 DAGs
[2023-04-14T19:23:10.299+0000] {logging_mixin.py:137} INFO - [2023-04-14T19:23:10.299+0000] {dag.py:3456} INFO - Setting next_dagrun for example_xcom_args to None, run_after=None
[2023-04-14T19:23:10.302+0000] {logging_mixin.py:137} INFO - [2023-04-14T19:23:10.302+0000] {dag.py:3456} INFO - Setting next_dagrun for example_xcom_args_with_operators to None, run_after=None
[2023-04-14T19:23:10.317+0000] {processor.py:175} INFO - Processing /home/airflow/.local/lib/python3.7/site-packages/airflow/example_dags/example_xcomargs.py took 0.080 seconds
[2023-04-14T19:23:40.391+0000] {processor.py:153} INFO - Started process (PID=1102) to work on /home/airflow/.local/lib/python3.7/site-packages/airflow/example_dags/example_xcomargs.py
[2023-04-14T19:23:40.392+0000] {processor.py:743} INFO - Processing file /home/airflow/.local/lib/python3.7/site-packages/airflow/example_dags/example_xcomargs.py for tasks to queue
[2023-04-14T19:23:40.393+0000] {logging_mixin.py:137} INFO - [2023-04-14T19:23:40.393+0000] {dagbag.py:532} INFO - Filling up the DagBag from /home/airflow/.local/lib/python3.7/site-packages/airflow/example_dags/example_xcomargs.py
[2023-04-14T19:23:40.410+0000] {processor.py:753} INFO - DAG(s) dict_keys(['example_xcom_args', 'example_xcom_args_with_operators']) retrieved from /home/airflow/.local/lib/python3.7/site-packages/airflow/example_dags/example_xcomargs.py
[2023-04-14T19:23:40.432+0000] {logging_mixin.py:137} INFO - [2023-04-14T19:23:40.432+0000] {dag.py:2705} INFO - Sync 2 DAGs
[2023-04-14T19:23:40.449+0000] {logging_mixin.py:137} INFO - [2023-04-14T19:23:40.449+0000] {dag.py:3456} INFO - Setting next_dagrun for example_xcom_args to None, run_after=None
[2023-04-14T19:23:40.452+0000] {logging_mixin.py:137} INFO - [2023-04-14T19:23:40.452+0000] {dag.py:3456} INFO - Setting next_dagrun for example_xcom_args_with_operators to None, run_after=None
[2023-04-14T19:23:40.463+0000] {processor.py:175} INFO - Processing /home/airflow/.local/lib/python3.7/site-packages/airflow/example_dags/example_xcomargs.py took 0.076 seconds
[2023-04-14T19:24:10.543+0000] {processor.py:153} INFO - Started process (PID=1193) to work on /home/airflow/.local/lib/python3.7/site-packages/airflow/example_dags/example_xcomargs.py
[2023-04-14T19:24:10.544+0000] {processor.py:743} INFO - Processing file /home/airflow/.local/lib/python3.7/site-packages/airflow/example_dags/example_xcomargs.py for tasks to queue
[2023-04-14T19:24:10.544+0000] {logging_mixin.py:137} INFO - [2023-04-14T19:24:10.544+0000] {dagbag.py:532} INFO - Filling up the DagBag from /home/airflow/.local/lib/python3.7/site-packages/airflow/example_dags/example_xcomargs.py
[2023-04-14T19:24:10.563+0000] {processor.py:753} INFO - DAG(s) dict_keys(['example_xcom_args_with_operators', 'example_xcom_args']) retrieved from /home/airflow/.local/lib/python3.7/site-packages/airflow/example_dags/example_xcomargs.py
[2023-04-14T19:24:10.582+0000] {logging_mixin.py:137} INFO - [2023-04-14T19:24:10.582+0000] {dag.py:2705} INFO - Sync 2 DAGs
[2023-04-14T19:24:10.599+0000] {logging_mixin.py:137} INFO - [2023-04-14T19:24:10.599+0000] {dag.py:3456} INFO - Setting next_dagrun for example_xcom_args to None, run_after=None
[2023-04-14T19:24:10.601+0000] {logging_mixin.py:137} INFO - [2023-04-14T19:24:10.601+0000] {dag.py:3456} INFO - Setting next_dagrun for example_xcom_args_with_operators to None, run_after=None
[2023-04-14T19:24:10.612+0000] {processor.py:175} INFO - Processing /home/airflow/.local/lib/python3.7/site-packages/airflow/example_dags/example_xcomargs.py took 0.071 seconds
[2023-04-14T19:26:10.202+0000] {processor.py:153} INFO - Started process (PID=70) to work on /home/airflow/.local/lib/python3.7/site-packages/airflow/example_dags/example_xcomargs.py
[2023-04-14T19:26:10.203+0000] {processor.py:743} INFO - Processing file /home/airflow/.local/lib/python3.7/site-packages/airflow/example_dags/example_xcomargs.py for tasks to queue
[2023-04-14T19:26:10.203+0000] {logging_mixin.py:137} INFO - [2023-04-14T19:26:10.203+0000] {dagbag.py:532} INFO - Filling up the DagBag from /home/airflow/.local/lib/python3.7/site-packages/airflow/example_dags/example_xcomargs.py
[2023-04-14T19:26:10.222+0000] {processor.py:753} INFO - DAG(s) dict_keys(['example_xcom_args', 'example_xcom_args_with_operators']) retrieved from /home/airflow/.local/lib/python3.7/site-packages/airflow/example_dags/example_xcomargs.py
[2023-04-14T19:26:10.235+0000] {logging_mixin.py:137} INFO - [2023-04-14T19:26:10.234+0000] {dag.py:2705} INFO - Sync 2 DAGs
[2023-04-14T19:26:10.258+0000] {logging_mixin.py:137} INFO - [2023-04-14T19:26:10.258+0000] {dag.py:3456} INFO - Setting next_dagrun for example_xcom_args to None, run_after=None
[2023-04-14T19:26:10.261+0000] {logging_mixin.py:137} INFO - [2023-04-14T19:26:10.261+0000] {dag.py:3456} INFO - Setting next_dagrun for example_xcom_args_with_operators to None, run_after=None
[2023-04-14T19:26:10.274+0000] {processor.py:175} INFO - Processing /home/airflow/.local/lib/python3.7/site-packages/airflow/example_dags/example_xcomargs.py took 0.075 seconds
[2023-04-14T19:26:40.437+0000] {processor.py:153} INFO - Started process (PID=161) to work on /home/airflow/.local/lib/python3.7/site-packages/airflow/example_dags/example_xcomargs.py
[2023-04-14T19:26:40.437+0000] {processor.py:743} INFO - Processing file /home/airflow/.local/lib/python3.7/site-packages/airflow/example_dags/example_xcomargs.py for tasks to queue
[2023-04-14T19:26:40.438+0000] {logging_mixin.py:137} INFO - [2023-04-14T19:26:40.438+0000] {dagbag.py:532} INFO - Filling up the DagBag from /home/airflow/.local/lib/python3.7/site-packages/airflow/example_dags/example_xcomargs.py
[2023-04-14T19:26:40.455+0000] {processor.py:753} INFO - DAG(s) dict_keys(['example_xcom_args', 'example_xcom_args_with_operators']) retrieved from /home/airflow/.local/lib/python3.7/site-packages/airflow/example_dags/example_xcomargs.py
[2023-04-14T19:26:40.477+0000] {logging_mixin.py:137} INFO - [2023-04-14T19:26:40.476+0000] {dag.py:2705} INFO - Sync 2 DAGs
[2023-04-14T19:26:40.494+0000] {logging_mixin.py:137} INFO - [2023-04-14T19:26:40.493+0000] {dag.py:3456} INFO - Setting next_dagrun for example_xcom_args to None, run_after=None
[2023-04-14T19:26:40.496+0000] {logging_mixin.py:137} INFO - [2023-04-14T19:26:40.496+0000] {dag.py:3456} INFO - Setting next_dagrun for example_xcom_args_with_operators to None, run_after=None
[2023-04-14T19:26:40.508+0000] {processor.py:175} INFO - Processing /home/airflow/.local/lib/python3.7/site-packages/airflow/example_dags/example_xcomargs.py took 0.074 seconds
[2023-04-14T19:27:10.803+0000] {processor.py:153} INFO - Started process (PID=252) to work on /home/airflow/.local/lib/python3.7/site-packages/airflow/example_dags/example_xcomargs.py
[2023-04-14T19:27:10.804+0000] {processor.py:743} INFO - Processing file /home/airflow/.local/lib/python3.7/site-packages/airflow/example_dags/example_xcomargs.py for tasks to queue
[2023-04-14T19:27:10.805+0000] {logging_mixin.py:137} INFO - [2023-04-14T19:27:10.804+0000] {dagbag.py:532} INFO - Filling up the DagBag from /home/airflow/.local/lib/python3.7/site-packages/airflow/example_dags/example_xcomargs.py
[2023-04-14T19:27:10.822+0000] {processor.py:753} INFO - DAG(s) dict_keys(['example_xcom_args_with_operators', 'example_xcom_args']) retrieved from /home/airflow/.local/lib/python3.7/site-packages/airflow/example_dags/example_xcomargs.py
[2023-04-14T19:27:10.842+0000] {logging_mixin.py:137} INFO - [2023-04-14T19:27:10.842+0000] {dag.py:2705} INFO - Sync 2 DAGs
[2023-04-14T19:27:10.858+0000] {logging_mixin.py:137} INFO - [2023-04-14T19:27:10.858+0000] {dag.py:3456} INFO - Setting next_dagrun for example_xcom_args to None, run_after=None
[2023-04-14T19:27:10.860+0000] {logging_mixin.py:137} INFO - [2023-04-14T19:27:10.860+0000] {dag.py:3456} INFO - Setting next_dagrun for example_xcom_args_with_operators to None, run_after=None
[2023-04-14T19:27:10.871+0000] {processor.py:175} INFO - Processing /home/airflow/.local/lib/python3.7/site-packages/airflow/example_dags/example_xcomargs.py took 0.070 seconds
[2023-04-14T19:31:45.567+0000] {processor.py:153} INFO - Started process (PID=61) to work on /home/airflow/.local/lib/python3.10/site-packages/airflow/example_dags/example_xcomargs.py
[2023-04-14T19:31:45.568+0000] {processor.py:743} INFO - Processing file /home/airflow/.local/lib/python3.10/site-packages/airflow/example_dags/example_xcomargs.py for tasks to queue
[2023-04-14T19:31:45.569+0000] {logging_mixin.py:137} INFO - [2023-04-14T19:31:45.568+0000] {dagbag.py:532} INFO - Filling up the DagBag from /home/airflow/.local/lib/python3.10/site-packages/airflow/example_dags/example_xcomargs.py
[2023-04-14T19:31:45.590+0000] {processor.py:753} INFO - DAG(s) dict_keys(['example_xcom_args_with_operators', 'example_xcom_args']) retrieved from /home/airflow/.local/lib/python3.10/site-packages/airflow/example_dags/example_xcomargs.py
[2023-04-14T19:31:45.602+0000] {logging_mixin.py:137} INFO - [2023-04-14T19:31:45.602+0000] {dag.py:2705} INFO - Sync 2 DAGs
[2023-04-14T19:31:45.623+0000] {logging_mixin.py:137} INFO - [2023-04-14T19:31:45.623+0000] {dag.py:3452} INFO - Setting next_dagrun for example_xcom_args to None, run_after=None
[2023-04-14T19:31:45.626+0000] {logging_mixin.py:137} INFO - [2023-04-14T19:31:45.626+0000] {dag.py:3452} INFO - Setting next_dagrun for example_xcom_args_with_operators to None, run_after=None
[2023-04-14T19:31:45.638+0000] {processor.py:175} INFO - Processing /home/airflow/.local/lib/python3.10/site-packages/airflow/example_dags/example_xcomargs.py took 0.074 seconds
[2023-04-14T19:32:16.673+0000] {processor.py:153} INFO - Started process (PID=145) to work on /home/airflow/.local/lib/python3.10/site-packages/airflow/example_dags/example_xcomargs.py
[2023-04-14T19:32:16.674+0000] {processor.py:743} INFO - Processing file /home/airflow/.local/lib/python3.10/site-packages/airflow/example_dags/example_xcomargs.py for tasks to queue
[2023-04-14T19:32:16.675+0000] {logging_mixin.py:137} INFO - [2023-04-14T19:32:16.674+0000] {dagbag.py:532} INFO - Filling up the DagBag from /home/airflow/.local/lib/python3.10/site-packages/airflow/example_dags/example_xcomargs.py
[2023-04-14T19:32:16.691+0000] {processor.py:753} INFO - DAG(s) dict_keys(['example_xcom_args', 'example_xcom_args_with_operators']) retrieved from /home/airflow/.local/lib/python3.10/site-packages/airflow/example_dags/example_xcomargs.py
[2023-04-14T19:32:16.711+0000] {logging_mixin.py:137} INFO - [2023-04-14T19:32:16.710+0000] {dag.py:2705} INFO - Sync 2 DAGs
[2023-04-14T19:32:16.727+0000] {logging_mixin.py:137} INFO - [2023-04-14T19:32:16.726+0000] {dag.py:3452} INFO - Setting next_dagrun for example_xcom_args to None, run_after=None
[2023-04-14T19:32:16.729+0000] {logging_mixin.py:137} INFO - [2023-04-14T19:32:16.729+0000] {dag.py:3452} INFO - Setting next_dagrun for example_xcom_args_with_operators to None, run_after=None
[2023-04-14T19:32:16.740+0000] {processor.py:175} INFO - Processing /home/airflow/.local/lib/python3.10/site-packages/airflow/example_dags/example_xcomargs.py took 0.069 seconds
[2023-04-14T19:32:47.629+0000] {processor.py:153} INFO - Started process (PID=229) to work on /home/airflow/.local/lib/python3.10/site-packages/airflow/example_dags/example_xcomargs.py
[2023-04-14T19:32:47.630+0000] {processor.py:743} INFO - Processing file /home/airflow/.local/lib/python3.10/site-packages/airflow/example_dags/example_xcomargs.py for tasks to queue
[2023-04-14T19:32:47.630+0000] {logging_mixin.py:137} INFO - [2023-04-14T19:32:47.630+0000] {dagbag.py:532} INFO - Filling up the DagBag from /home/airflow/.local/lib/python3.10/site-packages/airflow/example_dags/example_xcomargs.py
[2023-04-14T19:32:47.647+0000] {processor.py:753} INFO - DAG(s) dict_keys(['example_xcom_args', 'example_xcom_args_with_operators']) retrieved from /home/airflow/.local/lib/python3.10/site-packages/airflow/example_dags/example_xcomargs.py
[2023-04-14T19:32:47.670+0000] {logging_mixin.py:137} INFO - [2023-04-14T19:32:47.670+0000] {dag.py:2705} INFO - Sync 2 DAGs
[2023-04-14T19:32:47.688+0000] {logging_mixin.py:137} INFO - [2023-04-14T19:32:47.687+0000] {dag.py:3452} INFO - Setting next_dagrun for example_xcom_args to None, run_after=None
[2023-04-14T19:32:47.693+0000] {logging_mixin.py:137} INFO - [2023-04-14T19:32:47.693+0000] {dag.py:3452} INFO - Setting next_dagrun for example_xcom_args_with_operators to None, run_after=None
[2023-04-14T19:32:47.706+0000] {processor.py:175} INFO - Processing /home/airflow/.local/lib/python3.10/site-packages/airflow/example_dags/example_xcomargs.py took 0.080 seconds
[2023-04-14T19:33:24.792+0000] {processor.py:153} INFO - Started process (PID=62) to work on /home/airflow/.local/lib/python3.10/site-packages/airflow/example_dags/example_xcomargs.py
[2023-04-14T19:33:24.793+0000] {processor.py:743} INFO - Processing file /home/airflow/.local/lib/python3.10/site-packages/airflow/example_dags/example_xcomargs.py for tasks to queue
[2023-04-14T19:33:24.793+0000] {logging_mixin.py:137} INFO - [2023-04-14T19:33:24.793+0000] {dagbag.py:532} INFO - Filling up the DagBag from /home/airflow/.local/lib/python3.10/site-packages/airflow/example_dags/example_xcomargs.py
[2023-04-14T19:33:24.813+0000] {processor.py:753} INFO - DAG(s) dict_keys(['example_xcom_args_with_operators', 'example_xcom_args']) retrieved from /home/airflow/.local/lib/python3.10/site-packages/airflow/example_dags/example_xcomargs.py
[2023-04-14T19:33:24.825+0000] {logging_mixin.py:137} INFO - [2023-04-14T19:33:24.825+0000] {dag.py:2705} INFO - Sync 2 DAGs
[2023-04-14T19:33:24.843+0000] {logging_mixin.py:137} INFO - [2023-04-14T19:33:24.843+0000] {dag.py:3452} INFO - Setting next_dagrun for example_xcom_args to None, run_after=None
[2023-04-14T19:33:24.846+0000] {logging_mixin.py:137} INFO - [2023-04-14T19:33:24.845+0000] {dag.py:3452} INFO - Setting next_dagrun for example_xcom_args_with_operators to None, run_after=None
[2023-04-14T19:33:24.856+0000] {processor.py:175} INFO - Processing /home/airflow/.local/lib/python3.10/site-packages/airflow/example_dags/example_xcomargs.py took 0.068 seconds
[2023-04-14T19:33:55.759+0000] {processor.py:153} INFO - Started process (PID=146) to work on /home/airflow/.local/lib/python3.10/site-packages/airflow/example_dags/example_xcomargs.py
[2023-04-14T19:33:55.760+0000] {processor.py:743} INFO - Processing file /home/airflow/.local/lib/python3.10/site-packages/airflow/example_dags/example_xcomargs.py for tasks to queue
[2023-04-14T19:33:55.761+0000] {logging_mixin.py:137} INFO - [2023-04-14T19:33:55.760+0000] {dagbag.py:532} INFO - Filling up the DagBag from /home/airflow/.local/lib/python3.10/site-packages/airflow/example_dags/example_xcomargs.py
[2023-04-14T19:33:55.778+0000] {processor.py:753} INFO - DAG(s) dict_keys(['example_xcom_args', 'example_xcom_args_with_operators']) retrieved from /home/airflow/.local/lib/python3.10/site-packages/airflow/example_dags/example_xcomargs.py
[2023-04-14T19:33:55.797+0000] {logging_mixin.py:137} INFO - [2023-04-14T19:33:55.797+0000] {dag.py:2705} INFO - Sync 2 DAGs
[2023-04-14T19:33:55.812+0000] {logging_mixin.py:137} INFO - [2023-04-14T19:33:55.812+0000] {dag.py:3452} INFO - Setting next_dagrun for example_xcom_args to None, run_after=None
[2023-04-14T19:33:55.814+0000] {logging_mixin.py:137} INFO - [2023-04-14T19:33:55.814+0000] {dag.py:3452} INFO - Setting next_dagrun for example_xcom_args_with_operators to None, run_after=None
[2023-04-14T19:33:55.825+0000] {processor.py:175} INFO - Processing /home/airflow/.local/lib/python3.10/site-packages/airflow/example_dags/example_xcomargs.py took 0.069 seconds
[2023-04-14T19:34:26.860+0000] {processor.py:153} INFO - Started process (PID=230) to work on /home/airflow/.local/lib/python3.10/site-packages/airflow/example_dags/example_xcomargs.py
[2023-04-14T19:34:26.861+0000] {processor.py:743} INFO - Processing file /home/airflow/.local/lib/python3.10/site-packages/airflow/example_dags/example_xcomargs.py for tasks to queue
[2023-04-14T19:34:26.862+0000] {logging_mixin.py:137} INFO - [2023-04-14T19:34:26.862+0000] {dagbag.py:532} INFO - Filling up the DagBag from /home/airflow/.local/lib/python3.10/site-packages/airflow/example_dags/example_xcomargs.py
[2023-04-14T19:34:26.881+0000] {processor.py:753} INFO - DAG(s) dict_keys(['example_xcom_args', 'example_xcom_args_with_operators']) retrieved from /home/airflow/.local/lib/python3.10/site-packages/airflow/example_dags/example_xcomargs.py
[2023-04-14T19:34:26.911+0000] {logging_mixin.py:137} INFO - [2023-04-14T19:34:26.910+0000] {dag.py:2705} INFO - Sync 2 DAGs
[2023-04-14T19:34:26.931+0000] {logging_mixin.py:137} INFO - [2023-04-14T19:34:26.931+0000] {dag.py:3452} INFO - Setting next_dagrun for example_xcom_args to None, run_after=None
[2023-04-14T19:34:26.935+0000] {logging_mixin.py:137} INFO - [2023-04-14T19:34:26.935+0000] {dag.py:3452} INFO - Setting next_dagrun for example_xcom_args_with_operators to None, run_after=None
[2023-04-14T19:34:26.947+0000] {processor.py:175} INFO - Processing /home/airflow/.local/lib/python3.10/site-packages/airflow/example_dags/example_xcomargs.py took 0.090 seconds
[2023-04-14T19:35:38.150+0000] {processor.py:153} INFO - Started process (PID=62) to work on /home/airflow/.local/lib/python3.10/site-packages/airflow/example_dags/example_xcomargs.py
[2023-04-14T19:35:38.151+0000] {processor.py:743} INFO - Processing file /home/airflow/.local/lib/python3.10/site-packages/airflow/example_dags/example_xcomargs.py for tasks to queue
[2023-04-14T19:35:38.151+0000] {logging_mixin.py:137} INFO - [2023-04-14T19:35:38.151+0000] {dagbag.py:532} INFO - Filling up the DagBag from /home/airflow/.local/lib/python3.10/site-packages/airflow/example_dags/example_xcomargs.py
[2023-04-14T19:35:38.170+0000] {processor.py:753} INFO - DAG(s) dict_keys(['example_xcom_args_with_operators', 'example_xcom_args']) retrieved from /home/airflow/.local/lib/python3.10/site-packages/airflow/example_dags/example_xcomargs.py
[2023-04-14T19:35:38.179+0000] {logging_mixin.py:137} INFO - [2023-04-14T19:35:38.179+0000] {dag.py:2705} INFO - Sync 2 DAGs
[2023-04-14T19:35:38.193+0000] {logging_mixin.py:137} INFO - [2023-04-14T19:35:38.193+0000] {dag.py:3452} INFO - Setting next_dagrun for example_xcom_args to None, run_after=None
[2023-04-14T19:35:38.195+0000] {logging_mixin.py:137} INFO - [2023-04-14T19:35:38.195+0000] {dag.py:3452} INFO - Setting next_dagrun for example_xcom_args_with_operators to None, run_after=None
[2023-04-14T19:35:38.204+0000] {processor.py:175} INFO - Processing /home/airflow/.local/lib/python3.10/site-packages/airflow/example_dags/example_xcomargs.py took 0.057 seconds
[2023-04-14T19:36:09.256+0000] {processor.py:153} INFO - Started process (PID=147) to work on /home/airflow/.local/lib/python3.10/site-packages/airflow/example_dags/example_xcomargs.py
[2023-04-14T19:36:09.256+0000] {processor.py:743} INFO - Processing file /home/airflow/.local/lib/python3.10/site-packages/airflow/example_dags/example_xcomargs.py for tasks to queue
[2023-04-14T19:36:09.257+0000] {logging_mixin.py:137} INFO - [2023-04-14T19:36:09.257+0000] {dagbag.py:532} INFO - Filling up the DagBag from /home/airflow/.local/lib/python3.10/site-packages/airflow/example_dags/example_xcomargs.py
[2023-04-14T19:36:09.278+0000] {processor.py:753} INFO - DAG(s) dict_keys(['example_xcom_args_with_operators', 'example_xcom_args']) retrieved from /home/airflow/.local/lib/python3.10/site-packages/airflow/example_dags/example_xcomargs.py
[2023-04-14T19:36:09.301+0000] {logging_mixin.py:137} INFO - [2023-04-14T19:36:09.301+0000] {dag.py:2705} INFO - Sync 2 DAGs
[2023-04-14T19:36:09.317+0000] {logging_mixin.py:137} INFO - [2023-04-14T19:36:09.317+0000] {dag.py:3452} INFO - Setting next_dagrun for example_xcom_args to None, run_after=None
[2023-04-14T19:36:09.320+0000] {logging_mixin.py:137} INFO - [2023-04-14T19:36:09.319+0000] {dag.py:3452} INFO - Setting next_dagrun for example_xcom_args_with_operators to None, run_after=None
[2023-04-14T19:36:09.329+0000] {processor.py:175} INFO - Processing /home/airflow/.local/lib/python3.10/site-packages/airflow/example_dags/example_xcomargs.py took 0.076 seconds
