[2023-04-14T19:13:17.505+0000] {processor.py:153} INFO - Started process (PID=47) to work on /home/airflow/.local/lib/python3.7/site-packages/airflow/example_dags/example_skip_dag.py
[2023-04-14T19:13:17.506+0000] {processor.py:743} INFO - Processing file /home/airflow/.local/lib/python3.7/site-packages/airflow/example_dags/example_skip_dag.py for tasks to queue
[2023-04-14T19:13:17.507+0000] {logging_mixin.py:137} INFO - [2023-04-14T19:13:17.507+0000] {dagbag.py:532} INFO - Filling up the DagBag from /home/airflow/.local/lib/python3.7/site-packages/airflow/example_dags/example_skip_dag.py
[2023-04-14T19:13:17.524+0000] {processor.py:753} INFO - DAG(s) dict_keys(['example_skip_dag']) retrieved from /home/airflow/.local/lib/python3.7/site-packages/airflow/example_dags/example_skip_dag.py
[2023-04-14T19:13:17.536+0000] {logging_mixin.py:137} INFO - [2023-04-14T19:13:17.536+0000] {dag.py:2705} INFO - Sync 1 DAGs
[2023-04-14T19:13:17.560+0000] {logging_mixin.py:137} INFO - [2023-04-14T19:13:17.560+0000] {dag.py:3456} INFO - Setting next_dagrun for example_skip_dag to 2023-04-13T19:13:17.559830+00:00, run_after=2023-04-14T19:13:17.559830+00:00
[2023-04-14T19:13:17.585+0000] {processor.py:175} INFO - Processing /home/airflow/.local/lib/python3.7/site-packages/airflow/example_dags/example_skip_dag.py took 0.084 seconds
[2023-04-14T19:13:47.765+0000] {processor.py:153} INFO - Started process (PID=137) to work on /home/airflow/.local/lib/python3.7/site-packages/airflow/example_dags/example_skip_dag.py
[2023-04-14T19:13:47.766+0000] {processor.py:743} INFO - Processing file /home/airflow/.local/lib/python3.7/site-packages/airflow/example_dags/example_skip_dag.py for tasks to queue
[2023-04-14T19:13:47.766+0000] {logging_mixin.py:137} INFO - [2023-04-14T19:13:47.766+0000] {dagbag.py:532} INFO - Filling up the DagBag from /home/airflow/.local/lib/python3.7/site-packages/airflow/example_dags/example_skip_dag.py
[2023-04-14T19:13:47.777+0000] {processor.py:753} INFO - DAG(s) dict_keys(['example_skip_dag']) retrieved from /home/airflow/.local/lib/python3.7/site-packages/airflow/example_dags/example_skip_dag.py
[2023-04-14T19:13:47.797+0000] {logging_mixin.py:137} INFO - [2023-04-14T19:13:47.797+0000] {dag.py:2705} INFO - Sync 1 DAGs
[2023-04-14T19:13:47.816+0000] {logging_mixin.py:137} INFO - [2023-04-14T19:13:47.815+0000] {dag.py:3456} INFO - Setting next_dagrun for example_skip_dag to 2023-04-13T19:13:47.815688+00:00, run_after=2023-04-14T19:13:47.815688+00:00
[2023-04-14T19:13:47.829+0000] {processor.py:175} INFO - Processing /home/airflow/.local/lib/python3.7/site-packages/airflow/example_dags/example_skip_dag.py took 0.067 seconds
[2023-04-14T19:14:17.972+0000] {processor.py:153} INFO - Started process (PID=221) to work on /home/airflow/.local/lib/python3.7/site-packages/airflow/example_dags/example_skip_dag.py
[2023-04-14T19:14:17.973+0000] {processor.py:743} INFO - Processing file /home/airflow/.local/lib/python3.7/site-packages/airflow/example_dags/example_skip_dag.py for tasks to queue
[2023-04-14T19:14:17.974+0000] {logging_mixin.py:137} INFO - [2023-04-14T19:14:17.973+0000] {dagbag.py:532} INFO - Filling up the DagBag from /home/airflow/.local/lib/python3.7/site-packages/airflow/example_dags/example_skip_dag.py
[2023-04-14T19:14:17.991+0000] {processor.py:753} INFO - DAG(s) dict_keys(['example_skip_dag']) retrieved from /home/airflow/.local/lib/python3.7/site-packages/airflow/example_dags/example_skip_dag.py
[2023-04-14T19:14:18.016+0000] {logging_mixin.py:137} INFO - [2023-04-14T19:14:18.016+0000] {dag.py:2705} INFO - Sync 1 DAGs
[2023-04-14T19:14:18.036+0000] {logging_mixin.py:137} INFO - [2023-04-14T19:14:18.036+0000] {dag.py:3456} INFO - Setting next_dagrun for example_skip_dag to 2023-04-13T19:14:18.036290+00:00, run_after=2023-04-14T19:14:18.036290+00:00
[2023-04-14T19:14:18.053+0000] {processor.py:175} INFO - Processing /home/airflow/.local/lib/python3.7/site-packages/airflow/example_dags/example_skip_dag.py took 0.084 seconds
[2023-04-14T19:14:48.230+0000] {processor.py:153} INFO - Started process (PID=303) to work on /home/airflow/.local/lib/python3.7/site-packages/airflow/example_dags/example_skip_dag.py
[2023-04-14T19:14:48.231+0000] {processor.py:743} INFO - Processing file /home/airflow/.local/lib/python3.7/site-packages/airflow/example_dags/example_skip_dag.py for tasks to queue
[2023-04-14T19:14:48.231+0000] {logging_mixin.py:137} INFO - [2023-04-14T19:14:48.231+0000] {dagbag.py:532} INFO - Filling up the DagBag from /home/airflow/.local/lib/python3.7/site-packages/airflow/example_dags/example_skip_dag.py
[2023-04-14T19:14:48.242+0000] {processor.py:753} INFO - DAG(s) dict_keys(['example_skip_dag']) retrieved from /home/airflow/.local/lib/python3.7/site-packages/airflow/example_dags/example_skip_dag.py
[2023-04-14T19:14:48.260+0000] {logging_mixin.py:137} INFO - [2023-04-14T19:14:48.260+0000] {dag.py:2705} INFO - Sync 1 DAGs
[2023-04-14T19:14:48.276+0000] {logging_mixin.py:137} INFO - [2023-04-14T19:14:48.276+0000] {dag.py:3456} INFO - Setting next_dagrun for example_skip_dag to 2023-04-13T19:14:48.276215+00:00, run_after=2023-04-14T19:14:48.276215+00:00
[2023-04-14T19:14:48.289+0000] {processor.py:175} INFO - Processing /home/airflow/.local/lib/python3.7/site-packages/airflow/example_dags/example_skip_dag.py took 0.062 seconds
[2023-04-14T19:15:18.337+0000] {processor.py:153} INFO - Started process (PID=394) to work on /home/airflow/.local/lib/python3.7/site-packages/airflow/example_dags/example_skip_dag.py
[2023-04-14T19:15:18.337+0000] {processor.py:743} INFO - Processing file /home/airflow/.local/lib/python3.7/site-packages/airflow/example_dags/example_skip_dag.py for tasks to queue
[2023-04-14T19:15:18.338+0000] {logging_mixin.py:137} INFO - [2023-04-14T19:15:18.338+0000] {dagbag.py:532} INFO - Filling up the DagBag from /home/airflow/.local/lib/python3.7/site-packages/airflow/example_dags/example_skip_dag.py
[2023-04-14T19:15:18.350+0000] {processor.py:753} INFO - DAG(s) dict_keys(['example_skip_dag']) retrieved from /home/airflow/.local/lib/python3.7/site-packages/airflow/example_dags/example_skip_dag.py
[2023-04-14T19:15:18.368+0000] {logging_mixin.py:137} INFO - [2023-04-14T19:15:18.368+0000] {dag.py:2705} INFO - Sync 1 DAGs
[2023-04-14T19:15:18.385+0000] {logging_mixin.py:137} INFO - [2023-04-14T19:15:18.384+0000] {dag.py:3456} INFO - Setting next_dagrun for example_skip_dag to 2023-04-13T19:15:18.384698+00:00, run_after=2023-04-14T19:15:18.384698+00:00
[2023-04-14T19:15:18.398+0000] {processor.py:175} INFO - Processing /home/airflow/.local/lib/python3.7/site-packages/airflow/example_dags/example_skip_dag.py took 0.064 seconds
[2023-04-14T19:17:35.008+0000] {processor.py:153} INFO - Started process (PID=47) to work on /home/airflow/.local/lib/python3.7/site-packages/airflow/example_dags/example_skip_dag.py
[2023-04-14T19:17:35.009+0000] {processor.py:743} INFO - Processing file /home/airflow/.local/lib/python3.7/site-packages/airflow/example_dags/example_skip_dag.py for tasks to queue
[2023-04-14T19:17:35.010+0000] {logging_mixin.py:137} INFO - [2023-04-14T19:17:35.010+0000] {dagbag.py:532} INFO - Filling up the DagBag from /home/airflow/.local/lib/python3.7/site-packages/airflow/example_dags/example_skip_dag.py
[2023-04-14T19:17:35.025+0000] {processor.py:753} INFO - DAG(s) dict_keys(['example_skip_dag']) retrieved from /home/airflow/.local/lib/python3.7/site-packages/airflow/example_dags/example_skip_dag.py
[2023-04-14T19:17:35.037+0000] {logging_mixin.py:137} INFO - [2023-04-14T19:17:35.037+0000] {dag.py:2705} INFO - Sync 1 DAGs
[2023-04-14T19:17:35.063+0000] {logging_mixin.py:137} INFO - [2023-04-14T19:17:35.063+0000] {dag.py:3456} INFO - Setting next_dagrun for example_skip_dag to 2023-04-13T19:17:35.063330+00:00, run_after=2023-04-14T19:17:35.063330+00:00
[2023-04-14T19:17:35.082+0000] {processor.py:175} INFO - Processing /home/airflow/.local/lib/python3.7/site-packages/airflow/example_dags/example_skip_dag.py took 0.077 seconds
[2023-04-14T19:18:05.562+0000] {processor.py:153} INFO - Started process (PID=139) to work on /home/airflow/.local/lib/python3.7/site-packages/airflow/example_dags/example_skip_dag.py
[2023-04-14T19:18:05.564+0000] {processor.py:743} INFO - Processing file /home/airflow/.local/lib/python3.7/site-packages/airflow/example_dags/example_skip_dag.py for tasks to queue
[2023-04-14T19:18:05.564+0000] {logging_mixin.py:137} INFO - [2023-04-14T19:18:05.564+0000] {dagbag.py:532} INFO - Filling up the DagBag from /home/airflow/.local/lib/python3.7/site-packages/airflow/example_dags/example_skip_dag.py
[2023-04-14T19:18:05.576+0000] {processor.py:753} INFO - DAG(s) dict_keys(['example_skip_dag']) retrieved from /home/airflow/.local/lib/python3.7/site-packages/airflow/example_dags/example_skip_dag.py
[2023-04-14T19:18:05.600+0000] {logging_mixin.py:137} INFO - [2023-04-14T19:18:05.600+0000] {dag.py:2705} INFO - Sync 1 DAGs
[2023-04-14T19:18:05.621+0000] {logging_mixin.py:137} INFO - [2023-04-14T19:18:05.621+0000] {dag.py:3456} INFO - Setting next_dagrun for example_skip_dag to 2023-04-13T19:18:05.621277+00:00, run_after=2023-04-14T19:18:05.621277+00:00
[2023-04-14T19:18:05.638+0000] {processor.py:175} INFO - Processing /home/airflow/.local/lib/python3.7/site-packages/airflow/example_dags/example_skip_dag.py took 0.080 seconds
[2023-04-14T19:18:36.082+0000] {processor.py:153} INFO - Started process (PID=230) to work on /home/airflow/.local/lib/python3.7/site-packages/airflow/example_dags/example_skip_dag.py
[2023-04-14T19:18:36.083+0000] {processor.py:743} INFO - Processing file /home/airflow/.local/lib/python3.7/site-packages/airflow/example_dags/example_skip_dag.py for tasks to queue
[2023-04-14T19:18:36.084+0000] {logging_mixin.py:137} INFO - [2023-04-14T19:18:36.084+0000] {dagbag.py:532} INFO - Filling up the DagBag from /home/airflow/.local/lib/python3.7/site-packages/airflow/example_dags/example_skip_dag.py
[2023-04-14T19:18:36.099+0000] {processor.py:753} INFO - DAG(s) dict_keys(['example_skip_dag']) retrieved from /home/airflow/.local/lib/python3.7/site-packages/airflow/example_dags/example_skip_dag.py
[2023-04-14T19:18:36.118+0000] {logging_mixin.py:137} INFO - [2023-04-14T19:18:36.118+0000] {dag.py:2705} INFO - Sync 1 DAGs
[2023-04-14T19:18:36.138+0000] {logging_mixin.py:137} INFO - [2023-04-14T19:18:36.138+0000] {dag.py:3456} INFO - Setting next_dagrun for example_skip_dag to 2023-04-13T19:18:36.138135+00:00, run_after=2023-04-14T19:18:36.138135+00:00
[2023-04-14T19:18:36.152+0000] {processor.py:175} INFO - Processing /home/airflow/.local/lib/python3.7/site-packages/airflow/example_dags/example_skip_dag.py took 0.072 seconds
[2023-04-14T19:19:06.496+0000] {processor.py:153} INFO - Started process (PID=305) to work on /home/airflow/.local/lib/python3.7/site-packages/airflow/example_dags/example_skip_dag.py
[2023-04-14T19:19:06.497+0000] {processor.py:743} INFO - Processing file /home/airflow/.local/lib/python3.7/site-packages/airflow/example_dags/example_skip_dag.py for tasks to queue
[2023-04-14T19:19:06.498+0000] {logging_mixin.py:137} INFO - [2023-04-14T19:19:06.497+0000] {dagbag.py:532} INFO - Filling up the DagBag from /home/airflow/.local/lib/python3.7/site-packages/airflow/example_dags/example_skip_dag.py
[2023-04-14T19:19:06.509+0000] {processor.py:753} INFO - DAG(s) dict_keys(['example_skip_dag']) retrieved from /home/airflow/.local/lib/python3.7/site-packages/airflow/example_dags/example_skip_dag.py
[2023-04-14T19:19:06.528+0000] {logging_mixin.py:137} INFO - [2023-04-14T19:19:06.528+0000] {dag.py:2705} INFO - Sync 1 DAGs
[2023-04-14T19:19:06.546+0000] {logging_mixin.py:137} INFO - [2023-04-14T19:19:06.545+0000] {dag.py:3456} INFO - Setting next_dagrun for example_skip_dag to 2023-04-13T19:19:06.545689+00:00, run_after=2023-04-14T19:19:06.545689+00:00
[2023-04-14T19:19:06.559+0000] {processor.py:175} INFO - Processing /home/airflow/.local/lib/python3.7/site-packages/airflow/example_dags/example_skip_dag.py took 0.065 seconds
[2023-04-14T19:19:36.719+0000] {processor.py:153} INFO - Started process (PID=398) to work on /home/airflow/.local/lib/python3.7/site-packages/airflow/example_dags/example_skip_dag.py
[2023-04-14T19:19:36.720+0000] {processor.py:743} INFO - Processing file /home/airflow/.local/lib/python3.7/site-packages/airflow/example_dags/example_skip_dag.py for tasks to queue
[2023-04-14T19:19:36.721+0000] {logging_mixin.py:137} INFO - [2023-04-14T19:19:36.721+0000] {dagbag.py:532} INFO - Filling up the DagBag from /home/airflow/.local/lib/python3.7/site-packages/airflow/example_dags/example_skip_dag.py
[2023-04-14T19:19:36.733+0000] {processor.py:753} INFO - DAG(s) dict_keys(['example_skip_dag']) retrieved from /home/airflow/.local/lib/python3.7/site-packages/airflow/example_dags/example_skip_dag.py
[2023-04-14T19:19:36.755+0000] {logging_mixin.py:137} INFO - [2023-04-14T19:19:36.754+0000] {dag.py:2705} INFO - Sync 1 DAGs
[2023-04-14T19:19:36.776+0000] {logging_mixin.py:137} INFO - [2023-04-14T19:19:36.775+0000] {dag.py:3456} INFO - Setting next_dagrun for example_skip_dag to 2023-04-13T19:19:36.775581+00:00, run_after=2023-04-14T19:19:36.775581+00:00
[2023-04-14T19:19:36.794+0000] {processor.py:175} INFO - Processing /home/airflow/.local/lib/python3.7/site-packages/airflow/example_dags/example_skip_dag.py took 0.078 seconds
[2023-04-14T19:20:07.098+0000] {processor.py:153} INFO - Started process (PID=473) to work on /home/airflow/.local/lib/python3.7/site-packages/airflow/example_dags/example_skip_dag.py
[2023-04-14T19:20:07.099+0000] {processor.py:743} INFO - Processing file /home/airflow/.local/lib/python3.7/site-packages/airflow/example_dags/example_skip_dag.py for tasks to queue
[2023-04-14T19:20:07.100+0000] {logging_mixin.py:137} INFO - [2023-04-14T19:20:07.100+0000] {dagbag.py:532} INFO - Filling up the DagBag from /home/airflow/.local/lib/python3.7/site-packages/airflow/example_dags/example_skip_dag.py
[2023-04-14T19:20:07.112+0000] {processor.py:753} INFO - DAG(s) dict_keys(['example_skip_dag']) retrieved from /home/airflow/.local/lib/python3.7/site-packages/airflow/example_dags/example_skip_dag.py
[2023-04-14T19:20:07.132+0000] {logging_mixin.py:137} INFO - [2023-04-14T19:20:07.131+0000] {dag.py:2705} INFO - Sync 1 DAGs
[2023-04-14T19:20:07.150+0000] {logging_mixin.py:137} INFO - [2023-04-14T19:20:07.150+0000] {dag.py:3456} INFO - Setting next_dagrun for example_skip_dag to 2023-04-13T19:20:07.150327+00:00, run_after=2023-04-14T19:20:07.150327+00:00
[2023-04-14T19:20:07.167+0000] {processor.py:175} INFO - Processing /home/airflow/.local/lib/python3.7/site-packages/airflow/example_dags/example_skip_dag.py took 0.071 seconds
[2023-04-14T19:20:37.503+0000] {processor.py:153} INFO - Started process (PID=565) to work on /home/airflow/.local/lib/python3.7/site-packages/airflow/example_dags/example_skip_dag.py
[2023-04-14T19:20:37.504+0000] {processor.py:743} INFO - Processing file /home/airflow/.local/lib/python3.7/site-packages/airflow/example_dags/example_skip_dag.py for tasks to queue
[2023-04-14T19:20:37.504+0000] {logging_mixin.py:137} INFO - [2023-04-14T19:20:37.504+0000] {dagbag.py:532} INFO - Filling up the DagBag from /home/airflow/.local/lib/python3.7/site-packages/airflow/example_dags/example_skip_dag.py
[2023-04-14T19:20:37.515+0000] {processor.py:753} INFO - DAG(s) dict_keys(['example_skip_dag']) retrieved from /home/airflow/.local/lib/python3.7/site-packages/airflow/example_dags/example_skip_dag.py
[2023-04-14T19:20:37.534+0000] {logging_mixin.py:137} INFO - [2023-04-14T19:20:37.534+0000] {dag.py:2705} INFO - Sync 1 DAGs
[2023-04-14T19:20:37.558+0000] {logging_mixin.py:137} INFO - [2023-04-14T19:20:37.557+0000] {dag.py:3456} INFO - Setting next_dagrun for example_skip_dag to 2023-04-13T19:20:37.557584+00:00, run_after=2023-04-14T19:20:37.557584+00:00
[2023-04-14T19:20:37.571+0000] {processor.py:175} INFO - Processing /home/airflow/.local/lib/python3.7/site-packages/airflow/example_dags/example_skip_dag.py took 0.071 seconds
[2023-04-14T19:21:07.861+0000] {processor.py:153} INFO - Started process (PID=656) to work on /home/airflow/.local/lib/python3.7/site-packages/airflow/example_dags/example_skip_dag.py
[2023-04-14T19:21:07.862+0000] {processor.py:743} INFO - Processing file /home/airflow/.local/lib/python3.7/site-packages/airflow/example_dags/example_skip_dag.py for tasks to queue
[2023-04-14T19:21:07.863+0000] {logging_mixin.py:137} INFO - [2023-04-14T19:21:07.862+0000] {dagbag.py:532} INFO - Filling up the DagBag from /home/airflow/.local/lib/python3.7/site-packages/airflow/example_dags/example_skip_dag.py
[2023-04-14T19:21:07.875+0000] {processor.py:753} INFO - DAG(s) dict_keys(['example_skip_dag']) retrieved from /home/airflow/.local/lib/python3.7/site-packages/airflow/example_dags/example_skip_dag.py
[2023-04-14T19:21:07.894+0000] {logging_mixin.py:137} INFO - [2023-04-14T19:21:07.894+0000] {dag.py:2705} INFO - Sync 1 DAGs
[2023-04-14T19:21:07.909+0000] {logging_mixin.py:137} INFO - [2023-04-14T19:21:07.909+0000] {dag.py:3456} INFO - Setting next_dagrun for example_skip_dag to 2023-04-13T19:21:07.909457+00:00, run_after=2023-04-14T19:21:07.909457+00:00
[2023-04-14T19:21:07.924+0000] {processor.py:175} INFO - Processing /home/airflow/.local/lib/python3.7/site-packages/airflow/example_dags/example_skip_dag.py took 0.065 seconds
[2023-04-14T19:21:38.086+0000] {processor.py:153} INFO - Started process (PID=731) to work on /home/airflow/.local/lib/python3.7/site-packages/airflow/example_dags/example_skip_dag.py
[2023-04-14T19:21:38.087+0000] {processor.py:743} INFO - Processing file /home/airflow/.local/lib/python3.7/site-packages/airflow/example_dags/example_skip_dag.py for tasks to queue
[2023-04-14T19:21:38.087+0000] {logging_mixin.py:137} INFO - [2023-04-14T19:21:38.087+0000] {dagbag.py:532} INFO - Filling up the DagBag from /home/airflow/.local/lib/python3.7/site-packages/airflow/example_dags/example_skip_dag.py
[2023-04-14T19:21:38.099+0000] {processor.py:753} INFO - DAG(s) dict_keys(['example_skip_dag']) retrieved from /home/airflow/.local/lib/python3.7/site-packages/airflow/example_dags/example_skip_dag.py
[2023-04-14T19:21:38.123+0000] {logging_mixin.py:137} INFO - [2023-04-14T19:21:38.123+0000] {dag.py:2705} INFO - Sync 1 DAGs
[2023-04-14T19:21:38.143+0000] {logging_mixin.py:137} INFO - [2023-04-14T19:21:38.143+0000] {dag.py:3456} INFO - Setting next_dagrun for example_skip_dag to 2023-04-13T19:21:38.143409+00:00, run_after=2023-04-14T19:21:38.143409+00:00
[2023-04-14T19:21:38.158+0000] {processor.py:175} INFO - Processing /home/airflow/.local/lib/python3.7/site-packages/airflow/example_dags/example_skip_dag.py took 0.074 seconds
[2023-04-14T19:22:08.207+0000] {processor.py:153} INFO - Started process (PID=822) to work on /home/airflow/.local/lib/python3.7/site-packages/airflow/example_dags/example_skip_dag.py
[2023-04-14T19:22:08.208+0000] {processor.py:743} INFO - Processing file /home/airflow/.local/lib/python3.7/site-packages/airflow/example_dags/example_skip_dag.py for tasks to queue
[2023-04-14T19:22:08.209+0000] {logging_mixin.py:137} INFO - [2023-04-14T19:22:08.209+0000] {dagbag.py:532} INFO - Filling up the DagBag from /home/airflow/.local/lib/python3.7/site-packages/airflow/example_dags/example_skip_dag.py
[2023-04-14T19:22:08.221+0000] {processor.py:753} INFO - DAG(s) dict_keys(['example_skip_dag']) retrieved from /home/airflow/.local/lib/python3.7/site-packages/airflow/example_dags/example_skip_dag.py
[2023-04-14T19:22:08.241+0000] {logging_mixin.py:137} INFO - [2023-04-14T19:22:08.241+0000] {dag.py:2705} INFO - Sync 1 DAGs
[2023-04-14T19:22:08.257+0000] {logging_mixin.py:137} INFO - [2023-04-14T19:22:08.257+0000] {dag.py:3456} INFO - Setting next_dagrun for example_skip_dag to 2023-04-13T19:22:08.257576+00:00, run_after=2023-04-14T19:22:08.257576+00:00
[2023-04-14T19:22:08.270+0000] {processor.py:175} INFO - Processing /home/airflow/.local/lib/python3.7/site-packages/airflow/example_dags/example_skip_dag.py took 0.065 seconds
[2023-04-14T19:22:38.457+0000] {processor.py:153} INFO - Started process (PID=913) to work on /home/airflow/.local/lib/python3.7/site-packages/airflow/example_dags/example_skip_dag.py
[2023-04-14T19:22:38.459+0000] {processor.py:743} INFO - Processing file /home/airflow/.local/lib/python3.7/site-packages/airflow/example_dags/example_skip_dag.py for tasks to queue
[2023-04-14T19:22:38.460+0000] {logging_mixin.py:137} INFO - [2023-04-14T19:22:38.460+0000] {dagbag.py:532} INFO - Filling up the DagBag from /home/airflow/.local/lib/python3.7/site-packages/airflow/example_dags/example_skip_dag.py
[2023-04-14T19:22:38.474+0000] {processor.py:753} INFO - DAG(s) dict_keys(['example_skip_dag']) retrieved from /home/airflow/.local/lib/python3.7/site-packages/airflow/example_dags/example_skip_dag.py
[2023-04-14T19:22:38.498+0000] {logging_mixin.py:137} INFO - [2023-04-14T19:22:38.498+0000] {dag.py:2705} INFO - Sync 1 DAGs
[2023-04-14T19:22:38.520+0000] {logging_mixin.py:137} INFO - [2023-04-14T19:22:38.520+0000] {dag.py:3456} INFO - Setting next_dagrun for example_skip_dag to 2023-04-13T19:22:38.519872+00:00, run_after=2023-04-14T19:22:38.519872+00:00
[2023-04-14T19:22:38.538+0000] {processor.py:175} INFO - Processing /home/airflow/.local/lib/python3.7/site-packages/airflow/example_dags/example_skip_dag.py took 0.085 seconds
[2023-04-14T19:23:09.140+0000] {processor.py:153} INFO - Started process (PID=988) to work on /home/airflow/.local/lib/python3.7/site-packages/airflow/example_dags/example_skip_dag.py
[2023-04-14T19:23:09.141+0000] {processor.py:743} INFO - Processing file /home/airflow/.local/lib/python3.7/site-packages/airflow/example_dags/example_skip_dag.py for tasks to queue
[2023-04-14T19:23:09.142+0000] {logging_mixin.py:137} INFO - [2023-04-14T19:23:09.142+0000] {dagbag.py:532} INFO - Filling up the DagBag from /home/airflow/.local/lib/python3.7/site-packages/airflow/example_dags/example_skip_dag.py
[2023-04-14T19:23:09.154+0000] {processor.py:753} INFO - DAG(s) dict_keys(['example_skip_dag']) retrieved from /home/airflow/.local/lib/python3.7/site-packages/airflow/example_dags/example_skip_dag.py
[2023-04-14T19:23:09.175+0000] {logging_mixin.py:137} INFO - [2023-04-14T19:23:09.175+0000] {dag.py:2705} INFO - Sync 1 DAGs
[2023-04-14T19:23:09.193+0000] {logging_mixin.py:137} INFO - [2023-04-14T19:23:09.192+0000] {dag.py:3456} INFO - Setting next_dagrun for example_skip_dag to 2023-04-13T19:23:09.192491+00:00, run_after=2023-04-14T19:23:09.192491+00:00
[2023-04-14T19:23:09.205+0000] {processor.py:175} INFO - Processing /home/airflow/.local/lib/python3.7/site-packages/airflow/example_dags/example_skip_dag.py took 0.068 seconds
[2023-04-14T19:23:39.268+0000] {processor.py:153} INFO - Started process (PID=1079) to work on /home/airflow/.local/lib/python3.7/site-packages/airflow/example_dags/example_skip_dag.py
[2023-04-14T19:23:39.268+0000] {processor.py:743} INFO - Processing file /home/airflow/.local/lib/python3.7/site-packages/airflow/example_dags/example_skip_dag.py for tasks to queue
[2023-04-14T19:23:39.269+0000] {logging_mixin.py:137} INFO - [2023-04-14T19:23:39.269+0000] {dagbag.py:532} INFO - Filling up the DagBag from /home/airflow/.local/lib/python3.7/site-packages/airflow/example_dags/example_skip_dag.py
[2023-04-14T19:23:39.279+0000] {processor.py:753} INFO - DAG(s) dict_keys(['example_skip_dag']) retrieved from /home/airflow/.local/lib/python3.7/site-packages/airflow/example_dags/example_skip_dag.py
[2023-04-14T19:23:39.300+0000] {logging_mixin.py:137} INFO - [2023-04-14T19:23:39.300+0000] {dag.py:2705} INFO - Sync 1 DAGs
[2023-04-14T19:23:39.320+0000] {logging_mixin.py:137} INFO - [2023-04-14T19:23:39.320+0000] {dag.py:3456} INFO - Setting next_dagrun for example_skip_dag to 2023-04-13T19:23:39.320281+00:00, run_after=2023-04-14T19:23:39.320281+00:00
[2023-04-14T19:23:39.335+0000] {processor.py:175} INFO - Processing /home/airflow/.local/lib/python3.7/site-packages/airflow/example_dags/example_skip_dag.py took 0.070 seconds
[2023-04-14T19:24:09.449+0000] {processor.py:153} INFO - Started process (PID=1170) to work on /home/airflow/.local/lib/python3.7/site-packages/airflow/example_dags/example_skip_dag.py
[2023-04-14T19:24:09.449+0000] {processor.py:743} INFO - Processing file /home/airflow/.local/lib/python3.7/site-packages/airflow/example_dags/example_skip_dag.py for tasks to queue
[2023-04-14T19:24:09.450+0000] {logging_mixin.py:137} INFO - [2023-04-14T19:24:09.450+0000] {dagbag.py:532} INFO - Filling up the DagBag from /home/airflow/.local/lib/python3.7/site-packages/airflow/example_dags/example_skip_dag.py
[2023-04-14T19:24:09.461+0000] {processor.py:753} INFO - DAG(s) dict_keys(['example_skip_dag']) retrieved from /home/airflow/.local/lib/python3.7/site-packages/airflow/example_dags/example_skip_dag.py
[2023-04-14T19:24:09.483+0000] {logging_mixin.py:137} INFO - [2023-04-14T19:24:09.483+0000] {dag.py:2705} INFO - Sync 1 DAGs
[2023-04-14T19:24:09.501+0000] {logging_mixin.py:137} INFO - [2023-04-14T19:24:09.501+0000] {dag.py:3456} INFO - Setting next_dagrun for example_skip_dag to 2023-04-13T19:24:09.501437+00:00, run_after=2023-04-14T19:24:09.501437+00:00
[2023-04-14T19:24:09.514+0000] {processor.py:175} INFO - Processing /home/airflow/.local/lib/python3.7/site-packages/airflow/example_dags/example_skip_dag.py took 0.069 seconds
[2023-04-14T19:26:08.881+0000] {processor.py:153} INFO - Started process (PID=47) to work on /home/airflow/.local/lib/python3.7/site-packages/airflow/example_dags/example_skip_dag.py
[2023-04-14T19:26:08.882+0000] {processor.py:743} INFO - Processing file /home/airflow/.local/lib/python3.7/site-packages/airflow/example_dags/example_skip_dag.py for tasks to queue
[2023-04-14T19:26:08.883+0000] {logging_mixin.py:137} INFO - [2023-04-14T19:26:08.883+0000] {dagbag.py:532} INFO - Filling up the DagBag from /home/airflow/.local/lib/python3.7/site-packages/airflow/example_dags/example_skip_dag.py
[2023-04-14T19:26:08.907+0000] {processor.py:753} INFO - DAG(s) dict_keys(['example_skip_dag']) retrieved from /home/airflow/.local/lib/python3.7/site-packages/airflow/example_dags/example_skip_dag.py
[2023-04-14T19:26:08.921+0000] {logging_mixin.py:137} INFO - [2023-04-14T19:26:08.921+0000] {dag.py:2705} INFO - Sync 1 DAGs
[2023-04-14T19:26:08.946+0000] {logging_mixin.py:137} INFO - [2023-04-14T19:26:08.946+0000] {dag.py:3456} INFO - Setting next_dagrun for example_skip_dag to 2023-04-13T19:26:08.946130+00:00, run_after=2023-04-14T19:26:08.946130+00:00
[2023-04-14T19:26:08.968+0000] {processor.py:175} INFO - Processing /home/airflow/.local/lib/python3.7/site-packages/airflow/example_dags/example_skip_dag.py took 0.092 seconds
[2023-04-14T19:26:39.027+0000] {processor.py:153} INFO - Started process (PID=138) to work on /home/airflow/.local/lib/python3.7/site-packages/airflow/example_dags/example_skip_dag.py
[2023-04-14T19:26:39.028+0000] {processor.py:743} INFO - Processing file /home/airflow/.local/lib/python3.7/site-packages/airflow/example_dags/example_skip_dag.py for tasks to queue
[2023-04-14T19:26:39.029+0000] {logging_mixin.py:137} INFO - [2023-04-14T19:26:39.029+0000] {dagbag.py:532} INFO - Filling up the DagBag from /home/airflow/.local/lib/python3.7/site-packages/airflow/example_dags/example_skip_dag.py
[2023-04-14T19:26:39.040+0000] {processor.py:753} INFO - DAG(s) dict_keys(['example_skip_dag']) retrieved from /home/airflow/.local/lib/python3.7/site-packages/airflow/example_dags/example_skip_dag.py
[2023-04-14T19:26:39.063+0000] {logging_mixin.py:137} INFO - [2023-04-14T19:26:39.063+0000] {dag.py:2705} INFO - Sync 1 DAGs
[2023-04-14T19:26:39.083+0000] {logging_mixin.py:137} INFO - [2023-04-14T19:26:39.083+0000] {dag.py:3456} INFO - Setting next_dagrun for example_skip_dag to 2023-04-13T19:26:39.083157+00:00, run_after=2023-04-14T19:26:39.083157+00:00
[2023-04-14T19:26:39.097+0000] {processor.py:175} INFO - Processing /home/airflow/.local/lib/python3.7/site-packages/airflow/example_dags/example_skip_dag.py took 0.074 seconds
[2023-04-14T19:27:09.595+0000] {processor.py:153} INFO - Started process (PID=222) to work on /home/airflow/.local/lib/python3.7/site-packages/airflow/example_dags/example_skip_dag.py
[2023-04-14T19:27:09.596+0000] {processor.py:743} INFO - Processing file /home/airflow/.local/lib/python3.7/site-packages/airflow/example_dags/example_skip_dag.py for tasks to queue
[2023-04-14T19:27:09.596+0000] {logging_mixin.py:137} INFO - [2023-04-14T19:27:09.596+0000] {dagbag.py:532} INFO - Filling up the DagBag from /home/airflow/.local/lib/python3.7/site-packages/airflow/example_dags/example_skip_dag.py
[2023-04-14T19:27:09.608+0000] {processor.py:753} INFO - DAG(s) dict_keys(['example_skip_dag']) retrieved from /home/airflow/.local/lib/python3.7/site-packages/airflow/example_dags/example_skip_dag.py
[2023-04-14T19:27:09.628+0000] {logging_mixin.py:137} INFO - [2023-04-14T19:27:09.628+0000] {dag.py:2705} INFO - Sync 1 DAGs
[2023-04-14T19:27:09.650+0000] {logging_mixin.py:137} INFO - [2023-04-14T19:27:09.650+0000] {dag.py:3456} INFO - Setting next_dagrun for example_skip_dag to 2023-04-13T19:27:09.649705+00:00, run_after=2023-04-14T19:27:09.649705+00:00
[2023-04-14T19:27:09.671+0000] {processor.py:175} INFO - Processing /home/airflow/.local/lib/python3.7/site-packages/airflow/example_dags/example_skip_dag.py took 0.080 seconds
[2023-04-14T19:31:44.665+0000] {processor.py:153} INFO - Started process (PID=38) to work on /home/airflow/.local/lib/python3.10/site-packages/airflow/example_dags/example_skip_dag.py
[2023-04-14T19:31:44.666+0000] {processor.py:743} INFO - Processing file /home/airflow/.local/lib/python3.10/site-packages/airflow/example_dags/example_skip_dag.py for tasks to queue
[2023-04-14T19:31:44.666+0000] {logging_mixin.py:137} INFO - [2023-04-14T19:31:44.666+0000] {dagbag.py:532} INFO - Filling up the DagBag from /home/airflow/.local/lib/python3.10/site-packages/airflow/example_dags/example_skip_dag.py
[2023-04-14T19:31:44.680+0000] {processor.py:753} INFO - DAG(s) dict_keys(['example_skip_dag']) retrieved from /home/airflow/.local/lib/python3.10/site-packages/airflow/example_dags/example_skip_dag.py
[2023-04-14T19:31:44.691+0000] {logging_mixin.py:137} INFO - [2023-04-14T19:31:44.691+0000] {dag.py:2705} INFO - Sync 1 DAGs
[2023-04-14T19:31:44.708+0000] {logging_mixin.py:137} INFO - [2023-04-14T19:31:44.707+0000] {dag.py:3452} INFO - Setting next_dagrun for example_skip_dag to 2023-04-13T19:31:44.707706+00:00, run_after=2023-04-14T19:31:44.707706+00:00
[2023-04-14T19:31:44.724+0000] {processor.py:175} INFO - Processing /home/airflow/.local/lib/python3.10/site-packages/airflow/example_dags/example_skip_dag.py took 0.062 seconds
[2023-04-14T19:32:15.566+0000] {processor.py:153} INFO - Started process (PID=122) to work on /home/airflow/.local/lib/python3.10/site-packages/airflow/example_dags/example_skip_dag.py
[2023-04-14T19:32:15.567+0000] {processor.py:743} INFO - Processing file /home/airflow/.local/lib/python3.10/site-packages/airflow/example_dags/example_skip_dag.py for tasks to queue
[2023-04-14T19:32:15.568+0000] {logging_mixin.py:137} INFO - [2023-04-14T19:32:15.568+0000] {dagbag.py:532} INFO - Filling up the DagBag from /home/airflow/.local/lib/python3.10/site-packages/airflow/example_dags/example_skip_dag.py
[2023-04-14T19:32:15.583+0000] {processor.py:753} INFO - DAG(s) dict_keys(['example_skip_dag']) retrieved from /home/airflow/.local/lib/python3.10/site-packages/airflow/example_dags/example_skip_dag.py
[2023-04-14T19:32:15.602+0000] {logging_mixin.py:137} INFO - [2023-04-14T19:32:15.602+0000] {dag.py:2705} INFO - Sync 1 DAGs
[2023-04-14T19:32:15.618+0000] {logging_mixin.py:137} INFO - [2023-04-14T19:32:15.617+0000] {dag.py:3452} INFO - Setting next_dagrun for example_skip_dag to 2023-04-13T19:32:15.617772+00:00, run_after=2023-04-14T19:32:15.617772+00:00
[2023-04-14T19:32:15.631+0000] {processor.py:175} INFO - Processing /home/airflow/.local/lib/python3.10/site-packages/airflow/example_dags/example_skip_dag.py took 0.068 seconds
[2023-04-14T19:32:45.663+0000] {processor.py:153} INFO - Started process (PID=192) to work on /home/airflow/.local/lib/python3.10/site-packages/airflow/example_dags/example_skip_dag.py
[2023-04-14T19:32:45.664+0000] {processor.py:743} INFO - Processing file /home/airflow/.local/lib/python3.10/site-packages/airflow/example_dags/example_skip_dag.py for tasks to queue
[2023-04-14T19:32:45.664+0000] {logging_mixin.py:137} INFO - [2023-04-14T19:32:45.664+0000] {dagbag.py:532} INFO - Filling up the DagBag from /home/airflow/.local/lib/python3.10/site-packages/airflow/example_dags/example_skip_dag.py
[2023-04-14T19:32:45.676+0000] {processor.py:753} INFO - DAG(s) dict_keys(['example_skip_dag']) retrieved from /home/airflow/.local/lib/python3.10/site-packages/airflow/example_dags/example_skip_dag.py
[2023-04-14T19:32:45.692+0000] {logging_mixin.py:137} INFO - [2023-04-14T19:32:45.692+0000] {dag.py:2705} INFO - Sync 1 DAGs
[2023-04-14T19:32:45.707+0000] {logging_mixin.py:137} INFO - [2023-04-14T19:32:45.707+0000] {dag.py:3452} INFO - Setting next_dagrun for example_skip_dag to 2023-04-13T19:32:45.706899+00:00, run_after=2023-04-14T19:32:45.706899+00:00
[2023-04-14T19:32:45.716+0000] {processor.py:175} INFO - Processing /home/airflow/.local/lib/python3.10/site-packages/airflow/example_dags/example_skip_dag.py took 0.056 seconds
[2023-04-14T19:33:23.784+0000] {processor.py:153} INFO - Started process (PID=39) to work on /home/airflow/.local/lib/python3.10/site-packages/airflow/example_dags/example_skip_dag.py
[2023-04-14T19:33:23.785+0000] {processor.py:743} INFO - Processing file /home/airflow/.local/lib/python3.10/site-packages/airflow/example_dags/example_skip_dag.py for tasks to queue
[2023-04-14T19:33:23.786+0000] {logging_mixin.py:137} INFO - [2023-04-14T19:33:23.786+0000] {dagbag.py:532} INFO - Filling up the DagBag from /home/airflow/.local/lib/python3.10/site-packages/airflow/example_dags/example_skip_dag.py
[2023-04-14T19:33:23.799+0000] {processor.py:753} INFO - DAG(s) dict_keys(['example_skip_dag']) retrieved from /home/airflow/.local/lib/python3.10/site-packages/airflow/example_dags/example_skip_dag.py
[2023-04-14T19:33:23.816+0000] {logging_mixin.py:137} INFO - [2023-04-14T19:33:23.816+0000] {dag.py:2705} INFO - Sync 1 DAGs
[2023-04-14T19:33:23.837+0000] {logging_mixin.py:137} INFO - [2023-04-14T19:33:23.836+0000] {dag.py:3452} INFO - Setting next_dagrun for example_skip_dag to 2023-04-13T19:33:23.836695+00:00, run_after=2023-04-14T19:33:23.836695+00:00
[2023-04-14T19:33:23.849+0000] {processor.py:175} INFO - Processing /home/airflow/.local/lib/python3.10/site-packages/airflow/example_dags/example_skip_dag.py took 0.068 seconds
[2023-04-14T19:33:54.815+0000] {processor.py:153} INFO - Started process (PID=123) to work on /home/airflow/.local/lib/python3.10/site-packages/airflow/example_dags/example_skip_dag.py
[2023-04-14T19:33:54.816+0000] {processor.py:743} INFO - Processing file /home/airflow/.local/lib/python3.10/site-packages/airflow/example_dags/example_skip_dag.py for tasks to queue
[2023-04-14T19:33:54.817+0000] {logging_mixin.py:137} INFO - [2023-04-14T19:33:54.817+0000] {dagbag.py:532} INFO - Filling up the DagBag from /home/airflow/.local/lib/python3.10/site-packages/airflow/example_dags/example_skip_dag.py
[2023-04-14T19:33:54.828+0000] {processor.py:753} INFO - DAG(s) dict_keys(['example_skip_dag']) retrieved from /home/airflow/.local/lib/python3.10/site-packages/airflow/example_dags/example_skip_dag.py
[2023-04-14T19:33:54.845+0000] {logging_mixin.py:137} INFO - [2023-04-14T19:33:54.845+0000] {dag.py:2705} INFO - Sync 1 DAGs
[2023-04-14T19:33:54.859+0000] {logging_mixin.py:137} INFO - [2023-04-14T19:33:54.859+0000] {dag.py:3452} INFO - Setting next_dagrun for example_skip_dag to 2023-04-13T19:33:54.858879+00:00, run_after=2023-04-14T19:33:54.858879+00:00
[2023-04-14T19:33:54.870+0000] {processor.py:175} INFO - Processing /home/airflow/.local/lib/python3.10/site-packages/airflow/example_dags/example_skip_dag.py took 0.059 seconds
[2023-04-14T19:34:25.755+0000] {processor.py:153} INFO - Started process (PID=200) to work on /home/airflow/.local/lib/python3.10/site-packages/airflow/example_dags/example_skip_dag.py
[2023-04-14T19:34:25.756+0000] {processor.py:743} INFO - Processing file /home/airflow/.local/lib/python3.10/site-packages/airflow/example_dags/example_skip_dag.py for tasks to queue
[2023-04-14T19:34:25.757+0000] {logging_mixin.py:137} INFO - [2023-04-14T19:34:25.757+0000] {dagbag.py:532} INFO - Filling up the DagBag from /home/airflow/.local/lib/python3.10/site-packages/airflow/example_dags/example_skip_dag.py
[2023-04-14T19:34:25.770+0000] {processor.py:753} INFO - DAG(s) dict_keys(['example_skip_dag']) retrieved from /home/airflow/.local/lib/python3.10/site-packages/airflow/example_dags/example_skip_dag.py
[2023-04-14T19:34:25.790+0000] {logging_mixin.py:137} INFO - [2023-04-14T19:34:25.790+0000] {dag.py:2705} INFO - Sync 1 DAGs
[2023-04-14T19:34:25.807+0000] {logging_mixin.py:137} INFO - [2023-04-14T19:34:25.807+0000] {dag.py:3452} INFO - Setting next_dagrun for example_skip_dag to 2023-04-13T19:34:25.807169+00:00, run_after=2023-04-14T19:34:25.807169+00:00
[2023-04-14T19:34:25.820+0000] {processor.py:175} INFO - Processing /home/airflow/.local/lib/python3.10/site-packages/airflow/example_dags/example_skip_dag.py took 0.067 seconds
[2023-04-14T19:35:37.218+0000] {processor.py:153} INFO - Started process (PID=39) to work on /home/airflow/.local/lib/python3.10/site-packages/airflow/example_dags/example_skip_dag.py
[2023-04-14T19:35:37.219+0000] {processor.py:743} INFO - Processing file /home/airflow/.local/lib/python3.10/site-packages/airflow/example_dags/example_skip_dag.py for tasks to queue
[2023-04-14T19:35:37.219+0000] {logging_mixin.py:137} INFO - [2023-04-14T19:35:37.219+0000] {dagbag.py:532} INFO - Filling up the DagBag from /home/airflow/.local/lib/python3.10/site-packages/airflow/example_dags/example_skip_dag.py
[2023-04-14T19:35:37.230+0000] {processor.py:753} INFO - DAG(s) dict_keys(['example_skip_dag']) retrieved from /home/airflow/.local/lib/python3.10/site-packages/airflow/example_dags/example_skip_dag.py
[2023-04-14T19:35:37.243+0000] {logging_mixin.py:137} INFO - [2023-04-14T19:35:37.243+0000] {dag.py:2705} INFO - Sync 1 DAGs
[2023-04-14T19:35:37.257+0000] {logging_mixin.py:137} INFO - [2023-04-14T19:35:37.257+0000] {dag.py:3452} INFO - Setting next_dagrun for example_skip_dag to 2023-04-13T19:35:37.257503+00:00, run_after=2023-04-14T19:35:37.257503+00:00
[2023-04-14T19:35:37.271+0000] {processor.py:175} INFO - Processing /home/airflow/.local/lib/python3.10/site-packages/airflow/example_dags/example_skip_dag.py took 0.056 seconds
[2023-04-14T19:36:08.278+0000] {processor.py:153} INFO - Started process (PID=124) to work on /home/airflow/.local/lib/python3.10/site-packages/airflow/example_dags/example_skip_dag.py
[2023-04-14T19:36:08.279+0000] {processor.py:743} INFO - Processing file /home/airflow/.local/lib/python3.10/site-packages/airflow/example_dags/example_skip_dag.py for tasks to queue
[2023-04-14T19:36:08.280+0000] {logging_mixin.py:137} INFO - [2023-04-14T19:36:08.280+0000] {dagbag.py:532} INFO - Filling up the DagBag from /home/airflow/.local/lib/python3.10/site-packages/airflow/example_dags/example_skip_dag.py
[2023-04-14T19:36:08.293+0000] {processor.py:753} INFO - DAG(s) dict_keys(['example_skip_dag']) retrieved from /home/airflow/.local/lib/python3.10/site-packages/airflow/example_dags/example_skip_dag.py
[2023-04-14T19:36:08.311+0000] {logging_mixin.py:137} INFO - [2023-04-14T19:36:08.311+0000] {dag.py:2705} INFO - Sync 1 DAGs
[2023-04-14T19:36:08.326+0000] {logging_mixin.py:137} INFO - [2023-04-14T19:36:08.326+0000] {dag.py:3452} INFO - Setting next_dagrun for example_skip_dag to 2023-04-13T19:36:08.326671+00:00, run_after=2023-04-14T19:36:08.326671+00:00
[2023-04-14T19:36:08.338+0000] {processor.py:175} INFO - Processing /home/airflow/.local/lib/python3.10/site-packages/airflow/example_dags/example_skip_dag.py took 0.062 seconds
[2023-04-14T19:36:39.190+0000] {processor.py:153} INFO - Started process (PID=201) to work on /home/airflow/.local/lib/python3.10/site-packages/airflow/example_dags/example_skip_dag.py
[2023-04-14T19:36:39.190+0000] {processor.py:743} INFO - Processing file /home/airflow/.local/lib/python3.10/site-packages/airflow/example_dags/example_skip_dag.py for tasks to queue
[2023-04-14T19:36:39.191+0000] {logging_mixin.py:137} INFO - [2023-04-14T19:36:39.191+0000] {dagbag.py:532} INFO - Filling up the DagBag from /home/airflow/.local/lib/python3.10/site-packages/airflow/example_dags/example_skip_dag.py
[2023-04-14T19:36:39.201+0000] {processor.py:753} INFO - DAG(s) dict_keys(['example_skip_dag']) retrieved from /home/airflow/.local/lib/python3.10/site-packages/airflow/example_dags/example_skip_dag.py
[2023-04-14T19:36:39.219+0000] {logging_mixin.py:137} INFO - [2023-04-14T19:36:39.219+0000] {dag.py:2705} INFO - Sync 1 DAGs
[2023-04-14T19:36:39.235+0000] {logging_mixin.py:137} INFO - [2023-04-14T19:36:39.235+0000] {dag.py:3452} INFO - Setting next_dagrun for example_skip_dag to 2023-04-13T19:36:39.234908+00:00, run_after=2023-04-14T19:36:39.234908+00:00
[2023-04-14T19:36:39.246+0000] {processor.py:175} INFO - Processing /home/airflow/.local/lib/python3.10/site-packages/airflow/example_dags/example_skip_dag.py took 0.059 seconds
