[2023-04-14T19:13:18.848+0000] {processor.py:153} INFO - Started process (PID=68) to work on /home/airflow/.local/lib/python3.7/site-packages/airflow/example_dags/example_sensors.py
[2023-04-14T19:13:18.849+0000] {processor.py:743} INFO - Processing file /home/airflow/.local/lib/python3.7/site-packages/airflow/example_dags/example_sensors.py for tasks to queue
[2023-04-14T19:13:18.849+0000] {logging_mixin.py:137} INFO - [2023-04-14T19:13:18.849+0000] {dagbag.py:532} INFO - Filling up the DagBag from /home/airflow/.local/lib/python3.7/site-packages/airflow/example_dags/example_sensors.py
[2023-04-14T19:13:18.878+0000] {processor.py:753} INFO - DAG(s) dict_keys(['example_sensors']) retrieved from /home/airflow/.local/lib/python3.7/site-packages/airflow/example_dags/example_sensors.py
[2023-04-14T19:13:18.891+0000] {logging_mixin.py:137} INFO - [2023-04-14T19:13:18.891+0000] {dag.py:2705} INFO - Sync 1 DAGs
[2023-04-14T19:13:18.913+0000] {logging_mixin.py:137} INFO - [2023-04-14T19:13:18.913+0000] {dag.py:3456} INFO - Setting next_dagrun for example_sensors to None, run_after=None
[2023-04-14T19:13:18.928+0000] {processor.py:175} INFO - Processing /home/airflow/.local/lib/python3.7/site-packages/airflow/example_dags/example_sensors.py took 0.083 seconds
[2023-04-14T19:13:49.748+0000] {processor.py:153} INFO - Started process (PID=158) to work on /home/airflow/.local/lib/python3.7/site-packages/airflow/example_dags/example_sensors.py
[2023-04-14T19:13:49.748+0000] {processor.py:743} INFO - Processing file /home/airflow/.local/lib/python3.7/site-packages/airflow/example_dags/example_sensors.py for tasks to queue
[2023-04-14T19:13:49.749+0000] {logging_mixin.py:137} INFO - [2023-04-14T19:13:49.749+0000] {dagbag.py:532} INFO - Filling up the DagBag from /home/airflow/.local/lib/python3.7/site-packages/airflow/example_dags/example_sensors.py
[2023-04-14T19:13:49.762+0000] {processor.py:753} INFO - DAG(s) dict_keys(['example_sensors']) retrieved from /home/airflow/.local/lib/python3.7/site-packages/airflow/example_dags/example_sensors.py
[2023-04-14T19:13:49.782+0000] {logging_mixin.py:137} INFO - [2023-04-14T19:13:49.782+0000] {dag.py:2705} INFO - Sync 1 DAGs
[2023-04-14T19:13:49.798+0000] {logging_mixin.py:137} INFO - [2023-04-14T19:13:49.798+0000] {dag.py:3456} INFO - Setting next_dagrun for example_sensors to None, run_after=None
[2023-04-14T19:13:49.812+0000] {processor.py:175} INFO - Processing /home/airflow/.local/lib/python3.7/site-packages/airflow/example_dags/example_sensors.py took 0.067 seconds
[2023-04-14T19:14:20.045+0000] {processor.py:153} INFO - Started process (PID=249) to work on /home/airflow/.local/lib/python3.7/site-packages/airflow/example_dags/example_sensors.py
[2023-04-14T19:14:20.046+0000] {processor.py:743} INFO - Processing file /home/airflow/.local/lib/python3.7/site-packages/airflow/example_dags/example_sensors.py for tasks to queue
[2023-04-14T19:14:20.046+0000] {logging_mixin.py:137} INFO - [2023-04-14T19:14:20.046+0000] {dagbag.py:532} INFO - Filling up the DagBag from /home/airflow/.local/lib/python3.7/site-packages/airflow/example_dags/example_sensors.py
[2023-04-14T19:14:20.060+0000] {processor.py:753} INFO - DAG(s) dict_keys(['example_sensors']) retrieved from /home/airflow/.local/lib/python3.7/site-packages/airflow/example_dags/example_sensors.py
[2023-04-14T19:14:20.081+0000] {logging_mixin.py:137} INFO - [2023-04-14T19:14:20.081+0000] {dag.py:2705} INFO - Sync 1 DAGs
[2023-04-14T19:14:20.098+0000] {logging_mixin.py:137} INFO - [2023-04-14T19:14:20.098+0000] {dag.py:3456} INFO - Setting next_dagrun for example_sensors to None, run_after=None
[2023-04-14T19:14:20.110+0000] {processor.py:175} INFO - Processing /home/airflow/.local/lib/python3.7/site-packages/airflow/example_dags/example_sensors.py took 0.068 seconds
[2023-04-14T19:14:50.174+0000] {processor.py:153} INFO - Started process (PID=324) to work on /home/airflow/.local/lib/python3.7/site-packages/airflow/example_dags/example_sensors.py
[2023-04-14T19:14:50.174+0000] {processor.py:743} INFO - Processing file /home/airflow/.local/lib/python3.7/site-packages/airflow/example_dags/example_sensors.py for tasks to queue
[2023-04-14T19:14:50.175+0000] {logging_mixin.py:137} INFO - [2023-04-14T19:14:50.175+0000] {dagbag.py:532} INFO - Filling up the DagBag from /home/airflow/.local/lib/python3.7/site-packages/airflow/example_dags/example_sensors.py
[2023-04-14T19:14:50.189+0000] {processor.py:753} INFO - DAG(s) dict_keys(['example_sensors']) retrieved from /home/airflow/.local/lib/python3.7/site-packages/airflow/example_dags/example_sensors.py
[2023-04-14T19:14:50.210+0000] {logging_mixin.py:137} INFO - [2023-04-14T19:14:50.210+0000] {dag.py:2705} INFO - Sync 1 DAGs
[2023-04-14T19:14:50.227+0000] {logging_mixin.py:137} INFO - [2023-04-14T19:14:50.227+0000] {dag.py:3456} INFO - Setting next_dagrun for example_sensors to None, run_after=None
[2023-04-14T19:14:50.240+0000] {processor.py:175} INFO - Processing /home/airflow/.local/lib/python3.7/site-packages/airflow/example_dags/example_sensors.py took 0.069 seconds
[2023-04-14T19:15:20.380+0000] {processor.py:153} INFO - Started process (PID=415) to work on /home/airflow/.local/lib/python3.7/site-packages/airflow/example_dags/example_sensors.py
[2023-04-14T19:15:20.381+0000] {processor.py:743} INFO - Processing file /home/airflow/.local/lib/python3.7/site-packages/airflow/example_dags/example_sensors.py for tasks to queue
[2023-04-14T19:15:20.381+0000] {logging_mixin.py:137} INFO - [2023-04-14T19:15:20.381+0000] {dagbag.py:532} INFO - Filling up the DagBag from /home/airflow/.local/lib/python3.7/site-packages/airflow/example_dags/example_sensors.py
[2023-04-14T19:15:20.397+0000] {processor.py:753} INFO - DAG(s) dict_keys(['example_sensors']) retrieved from /home/airflow/.local/lib/python3.7/site-packages/airflow/example_dags/example_sensors.py
[2023-04-14T19:15:20.420+0000] {logging_mixin.py:137} INFO - [2023-04-14T19:15:20.420+0000] {dag.py:2705} INFO - Sync 1 DAGs
[2023-04-14T19:15:20.439+0000] {logging_mixin.py:137} INFO - [2023-04-14T19:15:20.439+0000] {dag.py:3456} INFO - Setting next_dagrun for example_sensors to None, run_after=None
[2023-04-14T19:15:20.452+0000] {processor.py:175} INFO - Processing /home/airflow/.local/lib/python3.7/site-packages/airflow/example_dags/example_sensors.py took 0.075 seconds
[2023-04-14T19:17:36.270+0000] {processor.py:153} INFO - Started process (PID=68) to work on /home/airflow/.local/lib/python3.7/site-packages/airflow/example_dags/example_sensors.py
[2023-04-14T19:17:36.271+0000] {processor.py:743} INFO - Processing file /home/airflow/.local/lib/python3.7/site-packages/airflow/example_dags/example_sensors.py for tasks to queue
[2023-04-14T19:17:36.272+0000] {logging_mixin.py:137} INFO - [2023-04-14T19:17:36.272+0000] {dagbag.py:532} INFO - Filling up the DagBag from /home/airflow/.local/lib/python3.7/site-packages/airflow/example_dags/example_sensors.py
[2023-04-14T19:17:36.290+0000] {processor.py:753} INFO - DAG(s) dict_keys(['example_sensors']) retrieved from /home/airflow/.local/lib/python3.7/site-packages/airflow/example_dags/example_sensors.py
[2023-04-14T19:17:36.305+0000] {logging_mixin.py:137} INFO - [2023-04-14T19:17:36.305+0000] {dag.py:2705} INFO - Sync 1 DAGs
[2023-04-14T19:17:36.327+0000] {logging_mixin.py:137} INFO - [2023-04-14T19:17:36.327+0000] {dag.py:3456} INFO - Setting next_dagrun for example_sensors to None, run_after=None
[2023-04-14T19:17:36.343+0000] {processor.py:175} INFO - Processing /home/airflow/.local/lib/python3.7/site-packages/airflow/example_dags/example_sensors.py took 0.076 seconds
[2023-04-14T19:18:06.622+0000] {processor.py:153} INFO - Started process (PID=160) to work on /home/airflow/.local/lib/python3.7/site-packages/airflow/example_dags/example_sensors.py
[2023-04-14T19:18:06.623+0000] {processor.py:743} INFO - Processing file /home/airflow/.local/lib/python3.7/site-packages/airflow/example_dags/example_sensors.py for tasks to queue
[2023-04-14T19:18:06.624+0000] {logging_mixin.py:137} INFO - [2023-04-14T19:18:06.623+0000] {dagbag.py:532} INFO - Filling up the DagBag from /home/airflow/.local/lib/python3.7/site-packages/airflow/example_dags/example_sensors.py
[2023-04-14T19:18:06.642+0000] {processor.py:753} INFO - DAG(s) dict_keys(['example_sensors']) retrieved from /home/airflow/.local/lib/python3.7/site-packages/airflow/example_dags/example_sensors.py
[2023-04-14T19:18:06.663+0000] {logging_mixin.py:137} INFO - [2023-04-14T19:18:06.663+0000] {dag.py:2705} INFO - Sync 1 DAGs
[2023-04-14T19:18:06.682+0000] {logging_mixin.py:137} INFO - [2023-04-14T19:18:06.682+0000] {dag.py:3456} INFO - Setting next_dagrun for example_sensors to None, run_after=None
[2023-04-14T19:18:06.697+0000] {processor.py:175} INFO - Processing /home/airflow/.local/lib/python3.7/site-packages/airflow/example_dags/example_sensors.py took 0.080 seconds
[2023-04-14T19:18:37.253+0000] {processor.py:153} INFO - Started process (PID=251) to work on /home/airflow/.local/lib/python3.7/site-packages/airflow/example_dags/example_sensors.py
[2023-04-14T19:18:37.254+0000] {processor.py:743} INFO - Processing file /home/airflow/.local/lib/python3.7/site-packages/airflow/example_dags/example_sensors.py for tasks to queue
[2023-04-14T19:18:37.255+0000] {logging_mixin.py:137} INFO - [2023-04-14T19:18:37.255+0000] {dagbag.py:532} INFO - Filling up the DagBag from /home/airflow/.local/lib/python3.7/site-packages/airflow/example_dags/example_sensors.py
[2023-04-14T19:18:37.273+0000] {processor.py:753} INFO - DAG(s) dict_keys(['example_sensors']) retrieved from /home/airflow/.local/lib/python3.7/site-packages/airflow/example_dags/example_sensors.py
[2023-04-14T19:18:37.305+0000] {logging_mixin.py:137} INFO - [2023-04-14T19:18:37.305+0000] {dag.py:2705} INFO - Sync 1 DAGs
[2023-04-14T19:18:37.323+0000] {logging_mixin.py:137} INFO - [2023-04-14T19:18:37.323+0000] {dag.py:3456} INFO - Setting next_dagrun for example_sensors to None, run_after=None
[2023-04-14T19:18:37.335+0000] {processor.py:175} INFO - Processing /home/airflow/.local/lib/python3.7/site-packages/airflow/example_dags/example_sensors.py took 0.085 seconds
[2023-04-14T19:19:07.538+0000] {processor.py:153} INFO - Started process (PID=326) to work on /home/airflow/.local/lib/python3.7/site-packages/airflow/example_dags/example_sensors.py
[2023-04-14T19:19:07.539+0000] {processor.py:743} INFO - Processing file /home/airflow/.local/lib/python3.7/site-packages/airflow/example_dags/example_sensors.py for tasks to queue
[2023-04-14T19:19:07.540+0000] {logging_mixin.py:137} INFO - [2023-04-14T19:19:07.540+0000] {dagbag.py:532} INFO - Filling up the DagBag from /home/airflow/.local/lib/python3.7/site-packages/airflow/example_dags/example_sensors.py
[2023-04-14T19:19:07.556+0000] {processor.py:753} INFO - DAG(s) dict_keys(['example_sensors']) retrieved from /home/airflow/.local/lib/python3.7/site-packages/airflow/example_dags/example_sensors.py
[2023-04-14T19:19:07.579+0000] {logging_mixin.py:137} INFO - [2023-04-14T19:19:07.578+0000] {dag.py:2705} INFO - Sync 1 DAGs
[2023-04-14T19:19:07.597+0000] {logging_mixin.py:137} INFO - [2023-04-14T19:19:07.597+0000] {dag.py:3456} INFO - Setting next_dagrun for example_sensors to None, run_after=None
[2023-04-14T19:19:07.615+0000] {processor.py:175} INFO - Processing /home/airflow/.local/lib/python3.7/site-packages/airflow/example_dags/example_sensors.py took 0.080 seconds
[2023-04-14T19:19:37.833+0000] {processor.py:153} INFO - Started process (PID=419) to work on /home/airflow/.local/lib/python3.7/site-packages/airflow/example_dags/example_sensors.py
[2023-04-14T19:19:37.834+0000] {processor.py:743} INFO - Processing file /home/airflow/.local/lib/python3.7/site-packages/airflow/example_dags/example_sensors.py for tasks to queue
[2023-04-14T19:19:37.835+0000] {logging_mixin.py:137} INFO - [2023-04-14T19:19:37.835+0000] {dagbag.py:532} INFO - Filling up the DagBag from /home/airflow/.local/lib/python3.7/site-packages/airflow/example_dags/example_sensors.py
[2023-04-14T19:19:37.849+0000] {processor.py:753} INFO - DAG(s) dict_keys(['example_sensors']) retrieved from /home/airflow/.local/lib/python3.7/site-packages/airflow/example_dags/example_sensors.py
[2023-04-14T19:19:37.874+0000] {logging_mixin.py:137} INFO - [2023-04-14T19:19:37.874+0000] {dag.py:2705} INFO - Sync 1 DAGs
[2023-04-14T19:19:37.892+0000] {logging_mixin.py:137} INFO - [2023-04-14T19:19:37.892+0000] {dag.py:3456} INFO - Setting next_dagrun for example_sensors to None, run_after=None
[2023-04-14T19:19:37.908+0000] {processor.py:175} INFO - Processing /home/airflow/.local/lib/python3.7/site-packages/airflow/example_dags/example_sensors.py took 0.077 seconds
[2023-04-14T19:20:08.402+0000] {processor.py:153} INFO - Started process (PID=511) to work on /home/airflow/.local/lib/python3.7/site-packages/airflow/example_dags/example_sensors.py
[2023-04-14T19:20:08.403+0000] {processor.py:743} INFO - Processing file /home/airflow/.local/lib/python3.7/site-packages/airflow/example_dags/example_sensors.py for tasks to queue
[2023-04-14T19:20:08.404+0000] {logging_mixin.py:137} INFO - [2023-04-14T19:20:08.404+0000] {dagbag.py:532} INFO - Filling up the DagBag from /home/airflow/.local/lib/python3.7/site-packages/airflow/example_dags/example_sensors.py
[2023-04-14T19:20:08.424+0000] {processor.py:753} INFO - DAG(s) dict_keys(['example_sensors']) retrieved from /home/airflow/.local/lib/python3.7/site-packages/airflow/example_dags/example_sensors.py
[2023-04-14T19:20:08.454+0000] {logging_mixin.py:137} INFO - [2023-04-14T19:20:08.454+0000] {dag.py:2705} INFO - Sync 1 DAGs
[2023-04-14T19:20:08.473+0000] {logging_mixin.py:137} INFO - [2023-04-14T19:20:08.472+0000] {dag.py:3456} INFO - Setting next_dagrun for example_sensors to None, run_after=None
[2023-04-14T19:20:08.491+0000] {processor.py:175} INFO - Processing /home/airflow/.local/lib/python3.7/site-packages/airflow/example_dags/example_sensors.py took 0.093 seconds
[2023-04-14T19:20:38.681+0000] {processor.py:153} INFO - Started process (PID=586) to work on /home/airflow/.local/lib/python3.7/site-packages/airflow/example_dags/example_sensors.py
[2023-04-14T19:20:38.682+0000] {processor.py:743} INFO - Processing file /home/airflow/.local/lib/python3.7/site-packages/airflow/example_dags/example_sensors.py for tasks to queue
[2023-04-14T19:20:38.682+0000] {logging_mixin.py:137} INFO - [2023-04-14T19:20:38.682+0000] {dagbag.py:532} INFO - Filling up the DagBag from /home/airflow/.local/lib/python3.7/site-packages/airflow/example_dags/example_sensors.py
[2023-04-14T19:20:38.697+0000] {processor.py:753} INFO - DAG(s) dict_keys(['example_sensors']) retrieved from /home/airflow/.local/lib/python3.7/site-packages/airflow/example_dags/example_sensors.py
[2023-04-14T19:20:38.720+0000] {logging_mixin.py:137} INFO - [2023-04-14T19:20:38.720+0000] {dag.py:2705} INFO - Sync 1 DAGs
[2023-04-14T19:20:38.739+0000] {logging_mixin.py:137} INFO - [2023-04-14T19:20:38.739+0000] {dag.py:3456} INFO - Setting next_dagrun for example_sensors to None, run_after=None
[2023-04-14T19:20:38.753+0000] {processor.py:175} INFO - Processing /home/airflow/.local/lib/python3.7/site-packages/airflow/example_dags/example_sensors.py took 0.075 seconds
[2023-04-14T19:21:08.926+0000] {processor.py:153} INFO - Started process (PID=677) to work on /home/airflow/.local/lib/python3.7/site-packages/airflow/example_dags/example_sensors.py
[2023-04-14T19:21:08.927+0000] {processor.py:743} INFO - Processing file /home/airflow/.local/lib/python3.7/site-packages/airflow/example_dags/example_sensors.py for tasks to queue
[2023-04-14T19:21:08.928+0000] {logging_mixin.py:137} INFO - [2023-04-14T19:21:08.928+0000] {dagbag.py:532} INFO - Filling up the DagBag from /home/airflow/.local/lib/python3.7/site-packages/airflow/example_dags/example_sensors.py
[2023-04-14T19:21:08.942+0000] {processor.py:753} INFO - DAG(s) dict_keys(['example_sensors']) retrieved from /home/airflow/.local/lib/python3.7/site-packages/airflow/example_dags/example_sensors.py
[2023-04-14T19:21:08.964+0000] {logging_mixin.py:137} INFO - [2023-04-14T19:21:08.963+0000] {dag.py:2705} INFO - Sync 1 DAGs
[2023-04-14T19:21:08.982+0000] {logging_mixin.py:137} INFO - [2023-04-14T19:21:08.982+0000] {dag.py:3456} INFO - Setting next_dagrun for example_sensors to None, run_after=None
[2023-04-14T19:21:08.995+0000] {processor.py:175} INFO - Processing /home/airflow/.local/lib/python3.7/site-packages/airflow/example_dags/example_sensors.py took 0.072 seconds
[2023-04-14T19:21:39.088+0000] {processor.py:153} INFO - Started process (PID=752) to work on /home/airflow/.local/lib/python3.7/site-packages/airflow/example_dags/example_sensors.py
[2023-04-14T19:21:39.089+0000] {processor.py:743} INFO - Processing file /home/airflow/.local/lib/python3.7/site-packages/airflow/example_dags/example_sensors.py for tasks to queue
[2023-04-14T19:21:39.089+0000] {logging_mixin.py:137} INFO - [2023-04-14T19:21:39.089+0000] {dagbag.py:532} INFO - Filling up the DagBag from /home/airflow/.local/lib/python3.7/site-packages/airflow/example_dags/example_sensors.py
[2023-04-14T19:21:39.103+0000] {processor.py:753} INFO - DAG(s) dict_keys(['example_sensors']) retrieved from /home/airflow/.local/lib/python3.7/site-packages/airflow/example_dags/example_sensors.py
[2023-04-14T19:21:39.123+0000] {logging_mixin.py:137} INFO - [2023-04-14T19:21:39.123+0000] {dag.py:2705} INFO - Sync 1 DAGs
[2023-04-14T19:21:39.141+0000] {logging_mixin.py:137} INFO - [2023-04-14T19:21:39.141+0000] {dag.py:3456} INFO - Setting next_dagrun for example_sensors to None, run_after=None
[2023-04-14T19:21:39.153+0000] {processor.py:175} INFO - Processing /home/airflow/.local/lib/python3.7/site-packages/airflow/example_dags/example_sensors.py took 0.068 seconds
[2023-04-14T19:22:09.242+0000] {processor.py:153} INFO - Started process (PID=843) to work on /home/airflow/.local/lib/python3.7/site-packages/airflow/example_dags/example_sensors.py
[2023-04-14T19:22:09.243+0000] {processor.py:743} INFO - Processing file /home/airflow/.local/lib/python3.7/site-packages/airflow/example_dags/example_sensors.py for tasks to queue
[2023-04-14T19:22:09.244+0000] {logging_mixin.py:137} INFO - [2023-04-14T19:22:09.244+0000] {dagbag.py:532} INFO - Filling up the DagBag from /home/airflow/.local/lib/python3.7/site-packages/airflow/example_dags/example_sensors.py
[2023-04-14T19:22:09.258+0000] {processor.py:753} INFO - DAG(s) dict_keys(['example_sensors']) retrieved from /home/airflow/.local/lib/python3.7/site-packages/airflow/example_dags/example_sensors.py
[2023-04-14T19:22:09.280+0000] {logging_mixin.py:137} INFO - [2023-04-14T19:22:09.280+0000] {dag.py:2705} INFO - Sync 1 DAGs
[2023-04-14T19:22:09.295+0000] {logging_mixin.py:137} INFO - [2023-04-14T19:22:09.295+0000] {dag.py:3456} INFO - Setting next_dagrun for example_sensors to None, run_after=None
[2023-04-14T19:22:09.307+0000] {processor.py:175} INFO - Processing /home/airflow/.local/lib/python3.7/site-packages/airflow/example_dags/example_sensors.py took 0.068 seconds
[2023-04-14T19:22:39.872+0000] {processor.py:153} INFO - Started process (PID=934) to work on /home/airflow/.local/lib/python3.7/site-packages/airflow/example_dags/example_sensors.py
[2023-04-14T19:22:39.874+0000] {processor.py:743} INFO - Processing file /home/airflow/.local/lib/python3.7/site-packages/airflow/example_dags/example_sensors.py for tasks to queue
[2023-04-14T19:22:39.875+0000] {logging_mixin.py:137} INFO - [2023-04-14T19:22:39.875+0000] {dagbag.py:532} INFO - Filling up the DagBag from /home/airflow/.local/lib/python3.7/site-packages/airflow/example_dags/example_sensors.py
[2023-04-14T19:22:39.893+0000] {processor.py:753} INFO - DAG(s) dict_keys(['example_sensors']) retrieved from /home/airflow/.local/lib/python3.7/site-packages/airflow/example_dags/example_sensors.py
[2023-04-14T19:22:39.916+0000] {logging_mixin.py:137} INFO - [2023-04-14T19:22:39.916+0000] {dag.py:2705} INFO - Sync 1 DAGs
[2023-04-14T19:22:39.933+0000] {logging_mixin.py:137} INFO - [2023-04-14T19:22:39.933+0000] {dag.py:3456} INFO - Setting next_dagrun for example_sensors to None, run_after=None
[2023-04-14T19:22:39.948+0000] {processor.py:175} INFO - Processing /home/airflow/.local/lib/python3.7/site-packages/airflow/example_dags/example_sensors.py took 0.080 seconds
[2023-04-14T19:23:10.149+0000] {processor.py:153} INFO - Started process (PID=1009) to work on /home/airflow/.local/lib/python3.7/site-packages/airflow/example_dags/example_sensors.py
[2023-04-14T19:23:10.150+0000] {processor.py:743} INFO - Processing file /home/airflow/.local/lib/python3.7/site-packages/airflow/example_dags/example_sensors.py for tasks to queue
[2023-04-14T19:23:10.151+0000] {logging_mixin.py:137} INFO - [2023-04-14T19:23:10.151+0000] {dagbag.py:532} INFO - Filling up the DagBag from /home/airflow/.local/lib/python3.7/site-packages/airflow/example_dags/example_sensors.py
[2023-04-14T19:23:10.166+0000] {processor.py:753} INFO - DAG(s) dict_keys(['example_sensors']) retrieved from /home/airflow/.local/lib/python3.7/site-packages/airflow/example_dags/example_sensors.py
[2023-04-14T19:23:10.188+0000] {logging_mixin.py:137} INFO - [2023-04-14T19:23:10.188+0000] {dag.py:2705} INFO - Sync 1 DAGs
[2023-04-14T19:23:10.207+0000] {logging_mixin.py:137} INFO - [2023-04-14T19:23:10.207+0000] {dag.py:3456} INFO - Setting next_dagrun for example_sensors to None, run_after=None
[2023-04-14T19:23:10.220+0000] {processor.py:175} INFO - Processing /home/airflow/.local/lib/python3.7/site-packages/airflow/example_dags/example_sensors.py took 0.075 seconds
[2023-04-14T19:23:40.296+0000] {processor.py:153} INFO - Started process (PID=1100) to work on /home/airflow/.local/lib/python3.7/site-packages/airflow/example_dags/example_sensors.py
[2023-04-14T19:23:40.297+0000] {processor.py:743} INFO - Processing file /home/airflow/.local/lib/python3.7/site-packages/airflow/example_dags/example_sensors.py for tasks to queue
[2023-04-14T19:23:40.297+0000] {logging_mixin.py:137} INFO - [2023-04-14T19:23:40.297+0000] {dagbag.py:532} INFO - Filling up the DagBag from /home/airflow/.local/lib/python3.7/site-packages/airflow/example_dags/example_sensors.py
[2023-04-14T19:23:40.317+0000] {processor.py:753} INFO - DAG(s) dict_keys(['example_sensors']) retrieved from /home/airflow/.local/lib/python3.7/site-packages/airflow/example_dags/example_sensors.py
[2023-04-14T19:23:40.338+0000] {logging_mixin.py:137} INFO - [2023-04-14T19:23:40.338+0000] {dag.py:2705} INFO - Sync 1 DAGs
[2023-04-14T19:23:40.356+0000] {logging_mixin.py:137} INFO - [2023-04-14T19:23:40.356+0000] {dag.py:3456} INFO - Setting next_dagrun for example_sensors to None, run_after=None
[2023-04-14T19:23:40.370+0000] {processor.py:175} INFO - Processing /home/airflow/.local/lib/python3.7/site-packages/airflow/example_dags/example_sensors.py took 0.076 seconds
[2023-04-14T19:24:10.459+0000] {processor.py:153} INFO - Started process (PID=1191) to work on /home/airflow/.local/lib/python3.7/site-packages/airflow/example_dags/example_sensors.py
[2023-04-14T19:24:10.459+0000] {processor.py:743} INFO - Processing file /home/airflow/.local/lib/python3.7/site-packages/airflow/example_dags/example_sensors.py for tasks to queue
[2023-04-14T19:24:10.460+0000] {logging_mixin.py:137} INFO - [2023-04-14T19:24:10.460+0000] {dagbag.py:532} INFO - Filling up the DagBag from /home/airflow/.local/lib/python3.7/site-packages/airflow/example_dags/example_sensors.py
[2023-04-14T19:24:10.474+0000] {processor.py:753} INFO - DAG(s) dict_keys(['example_sensors']) retrieved from /home/airflow/.local/lib/python3.7/site-packages/airflow/example_dags/example_sensors.py
[2023-04-14T19:24:10.495+0000] {logging_mixin.py:137} INFO - [2023-04-14T19:24:10.495+0000] {dag.py:2705} INFO - Sync 1 DAGs
[2023-04-14T19:24:10.512+0000] {logging_mixin.py:137} INFO - [2023-04-14T19:24:10.511+0000] {dag.py:3456} INFO - Setting next_dagrun for example_sensors to None, run_after=None
[2023-04-14T19:24:10.525+0000] {processor.py:175} INFO - Processing /home/airflow/.local/lib/python3.7/site-packages/airflow/example_dags/example_sensors.py took 0.068 seconds
[2023-04-14T19:26:10.115+0000] {processor.py:153} INFO - Started process (PID=68) to work on /home/airflow/.local/lib/python3.7/site-packages/airflow/example_dags/example_sensors.py
[2023-04-14T19:26:10.116+0000] {processor.py:743} INFO - Processing file /home/airflow/.local/lib/python3.7/site-packages/airflow/example_dags/example_sensors.py for tasks to queue
[2023-04-14T19:26:10.117+0000] {logging_mixin.py:137} INFO - [2023-04-14T19:26:10.117+0000] {dagbag.py:532} INFO - Filling up the DagBag from /home/airflow/.local/lib/python3.7/site-packages/airflow/example_dags/example_sensors.py
[2023-04-14T19:26:10.136+0000] {processor.py:753} INFO - DAG(s) dict_keys(['example_sensors']) retrieved from /home/airflow/.local/lib/python3.7/site-packages/airflow/example_dags/example_sensors.py
[2023-04-14T19:26:10.146+0000] {logging_mixin.py:137} INFO - [2023-04-14T19:26:10.146+0000] {dag.py:2705} INFO - Sync 1 DAGs
[2023-04-14T19:26:10.163+0000] {logging_mixin.py:137} INFO - [2023-04-14T19:26:10.163+0000] {dag.py:3456} INFO - Setting next_dagrun for example_sensors to None, run_after=None
[2023-04-14T19:26:10.179+0000] {processor.py:175} INFO - Processing /home/airflow/.local/lib/python3.7/site-packages/airflow/example_dags/example_sensors.py took 0.068 seconds
[2023-04-14T19:26:40.275+0000] {processor.py:153} INFO - Started process (PID=159) to work on /home/airflow/.local/lib/python3.7/site-packages/airflow/example_dags/example_sensors.py
[2023-04-14T19:26:40.276+0000] {processor.py:743} INFO - Processing file /home/airflow/.local/lib/python3.7/site-packages/airflow/example_dags/example_sensors.py for tasks to queue
[2023-04-14T19:26:40.276+0000] {logging_mixin.py:137} INFO - [2023-04-14T19:26:40.276+0000] {dagbag.py:532} INFO - Filling up the DagBag from /home/airflow/.local/lib/python3.7/site-packages/airflow/example_dags/example_sensors.py
[2023-04-14T19:26:40.291+0000] {processor.py:753} INFO - DAG(s) dict_keys(['example_sensors']) retrieved from /home/airflow/.local/lib/python3.7/site-packages/airflow/example_dags/example_sensors.py
[2023-04-14T19:26:40.311+0000] {logging_mixin.py:137} INFO - [2023-04-14T19:26:40.311+0000] {dag.py:2705} INFO - Sync 1 DAGs
[2023-04-14T19:26:40.326+0000] {logging_mixin.py:137} INFO - [2023-04-14T19:26:40.326+0000] {dag.py:3456} INFO - Setting next_dagrun for example_sensors to None, run_after=None
[2023-04-14T19:26:40.338+0000] {processor.py:175} INFO - Processing /home/airflow/.local/lib/python3.7/site-packages/airflow/example_dags/example_sensors.py took 0.066 seconds
[2023-04-14T19:27:10.718+0000] {processor.py:153} INFO - Started process (PID=250) to work on /home/airflow/.local/lib/python3.7/site-packages/airflow/example_dags/example_sensors.py
[2023-04-14T19:27:10.719+0000] {processor.py:743} INFO - Processing file /home/airflow/.local/lib/python3.7/site-packages/airflow/example_dags/example_sensors.py for tasks to queue
[2023-04-14T19:27:10.720+0000] {logging_mixin.py:137} INFO - [2023-04-14T19:27:10.719+0000] {dagbag.py:532} INFO - Filling up the DagBag from /home/airflow/.local/lib/python3.7/site-packages/airflow/example_dags/example_sensors.py
[2023-04-14T19:27:10.734+0000] {processor.py:753} INFO - DAG(s) dict_keys(['example_sensors']) retrieved from /home/airflow/.local/lib/python3.7/site-packages/airflow/example_dags/example_sensors.py
[2023-04-14T19:27:10.754+0000] {logging_mixin.py:137} INFO - [2023-04-14T19:27:10.754+0000] {dag.py:2705} INFO - Sync 1 DAGs
[2023-04-14T19:27:10.772+0000] {logging_mixin.py:137} INFO - [2023-04-14T19:27:10.772+0000] {dag.py:3456} INFO - Setting next_dagrun for example_sensors to None, run_after=None
[2023-04-14T19:27:10.785+0000] {processor.py:175} INFO - Processing /home/airflow/.local/lib/python3.7/site-packages/airflow/example_dags/example_sensors.py took 0.069 seconds
[2023-04-14T19:31:45.490+0000] {processor.py:153} INFO - Started process (PID=59) to work on /home/airflow/.local/lib/python3.10/site-packages/airflow/example_dags/example_sensors.py
[2023-04-14T19:31:45.491+0000] {processor.py:743} INFO - Processing file /home/airflow/.local/lib/python3.10/site-packages/airflow/example_dags/example_sensors.py for tasks to queue
[2023-04-14T19:31:45.492+0000] {logging_mixin.py:137} INFO - [2023-04-14T19:31:45.492+0000] {dagbag.py:532} INFO - Filling up the DagBag from /home/airflow/.local/lib/python3.10/site-packages/airflow/example_dags/example_sensors.py
[2023-04-14T19:31:45.511+0000] {processor.py:753} INFO - DAG(s) dict_keys(['example_sensors']) retrieved from /home/airflow/.local/lib/python3.10/site-packages/airflow/example_dags/example_sensors.py
[2023-04-14T19:31:45.520+0000] {logging_mixin.py:137} INFO - [2023-04-14T19:31:45.520+0000] {dag.py:2705} INFO - Sync 1 DAGs
[2023-04-14T19:31:45.534+0000] {logging_mixin.py:137} INFO - [2023-04-14T19:31:45.534+0000] {dag.py:3452} INFO - Setting next_dagrun for example_sensors to None, run_after=None
[2023-04-14T19:31:45.546+0000] {processor.py:175} INFO - Processing /home/airflow/.local/lib/python3.10/site-packages/airflow/example_dags/example_sensors.py took 0.059 seconds
[2023-04-14T19:32:16.518+0000] {processor.py:153} INFO - Started process (PID=143) to work on /home/airflow/.local/lib/python3.10/site-packages/airflow/example_dags/example_sensors.py
[2023-04-14T19:32:16.519+0000] {processor.py:743} INFO - Processing file /home/airflow/.local/lib/python3.10/site-packages/airflow/example_dags/example_sensors.py for tasks to queue
[2023-04-14T19:32:16.519+0000] {logging_mixin.py:137} INFO - [2023-04-14T19:32:16.519+0000] {dagbag.py:532} INFO - Filling up the DagBag from /home/airflow/.local/lib/python3.10/site-packages/airflow/example_dags/example_sensors.py
[2023-04-14T19:32:16.535+0000] {processor.py:753} INFO - DAG(s) dict_keys(['example_sensors']) retrieved from /home/airflow/.local/lib/python3.10/site-packages/airflow/example_dags/example_sensors.py
[2023-04-14T19:32:16.554+0000] {logging_mixin.py:137} INFO - [2023-04-14T19:32:16.554+0000] {dag.py:2705} INFO - Sync 1 DAGs
[2023-04-14T19:32:16.568+0000] {logging_mixin.py:137} INFO - [2023-04-14T19:32:16.568+0000] {dag.py:3452} INFO - Setting next_dagrun for example_sensors to None, run_after=None
[2023-04-14T19:32:16.578+0000] {processor.py:175} INFO - Processing /home/airflow/.local/lib/python3.10/site-packages/airflow/example_dags/example_sensors.py took 0.063 seconds
[2023-04-14T19:32:47.547+0000] {processor.py:153} INFO - Started process (PID=227) to work on /home/airflow/.local/lib/python3.10/site-packages/airflow/example_dags/example_sensors.py
[2023-04-14T19:32:47.548+0000] {processor.py:743} INFO - Processing file /home/airflow/.local/lib/python3.10/site-packages/airflow/example_dags/example_sensors.py for tasks to queue
[2023-04-14T19:32:47.549+0000] {logging_mixin.py:137} INFO - [2023-04-14T19:32:47.548+0000] {dagbag.py:532} INFO - Filling up the DagBag from /home/airflow/.local/lib/python3.10/site-packages/airflow/example_dags/example_sensors.py
[2023-04-14T19:32:47.562+0000] {processor.py:753} INFO - DAG(s) dict_keys(['example_sensors']) retrieved from /home/airflow/.local/lib/python3.10/site-packages/airflow/example_dags/example_sensors.py
[2023-04-14T19:32:47.584+0000] {logging_mixin.py:137} INFO - [2023-04-14T19:32:47.584+0000] {dag.py:2705} INFO - Sync 1 DAGs
[2023-04-14T19:32:47.599+0000] {logging_mixin.py:137} INFO - [2023-04-14T19:32:47.599+0000] {dag.py:3452} INFO - Setting next_dagrun for example_sensors to None, run_after=None
[2023-04-14T19:32:47.610+0000] {processor.py:175} INFO - Processing /home/airflow/.local/lib/python3.10/site-packages/airflow/example_dags/example_sensors.py took 0.066 seconds
[2023-04-14T19:33:24.709+0000] {processor.py:153} INFO - Started process (PID=60) to work on /home/airflow/.local/lib/python3.10/site-packages/airflow/example_dags/example_sensors.py
[2023-04-14T19:33:24.710+0000] {processor.py:743} INFO - Processing file /home/airflow/.local/lib/python3.10/site-packages/airflow/example_dags/example_sensors.py for tasks to queue
[2023-04-14T19:33:24.711+0000] {logging_mixin.py:137} INFO - [2023-04-14T19:33:24.710+0000] {dagbag.py:532} INFO - Filling up the DagBag from /home/airflow/.local/lib/python3.10/site-packages/airflow/example_dags/example_sensors.py
[2023-04-14T19:33:24.732+0000] {processor.py:753} INFO - DAG(s) dict_keys(['example_sensors']) retrieved from /home/airflow/.local/lib/python3.10/site-packages/airflow/example_dags/example_sensors.py
[2023-04-14T19:33:24.743+0000] {logging_mixin.py:137} INFO - [2023-04-14T19:33:24.743+0000] {dag.py:2705} INFO - Sync 1 DAGs
[2023-04-14T19:33:24.760+0000] {logging_mixin.py:137} INFO - [2023-04-14T19:33:24.759+0000] {dag.py:3452} INFO - Setting next_dagrun for example_sensors to None, run_after=None
[2023-04-14T19:33:24.771+0000] {processor.py:175} INFO - Processing /home/airflow/.local/lib/python3.10/site-packages/airflow/example_dags/example_sensors.py took 0.065 seconds
[2023-04-14T19:33:55.683+0000] {processor.py:153} INFO - Started process (PID=144) to work on /home/airflow/.local/lib/python3.10/site-packages/airflow/example_dags/example_sensors.py
[2023-04-14T19:33:55.683+0000] {processor.py:743} INFO - Processing file /home/airflow/.local/lib/python3.10/site-packages/airflow/example_dags/example_sensors.py for tasks to queue
[2023-04-14T19:33:55.684+0000] {logging_mixin.py:137} INFO - [2023-04-14T19:33:55.684+0000] {dagbag.py:532} INFO - Filling up the DagBag from /home/airflow/.local/lib/python3.10/site-packages/airflow/example_dags/example_sensors.py
[2023-04-14T19:33:55.699+0000] {processor.py:753} INFO - DAG(s) dict_keys(['example_sensors']) retrieved from /home/airflow/.local/lib/python3.10/site-packages/airflow/example_dags/example_sensors.py
[2023-04-14T19:33:55.718+0000] {logging_mixin.py:137} INFO - [2023-04-14T19:33:55.717+0000] {dag.py:2705} INFO - Sync 1 DAGs
[2023-04-14T19:33:55.732+0000] {logging_mixin.py:137} INFO - [2023-04-14T19:33:55.732+0000] {dag.py:3452} INFO - Setting next_dagrun for example_sensors to None, run_after=None
[2023-04-14T19:33:55.742+0000] {processor.py:175} INFO - Processing /home/airflow/.local/lib/python3.10/site-packages/airflow/example_dags/example_sensors.py took 0.061 seconds
[2023-04-14T19:34:26.762+0000] {processor.py:153} INFO - Started process (PID=228) to work on /home/airflow/.local/lib/python3.10/site-packages/airflow/example_dags/example_sensors.py
[2023-04-14T19:34:26.763+0000] {processor.py:743} INFO - Processing file /home/airflow/.local/lib/python3.10/site-packages/airflow/example_dags/example_sensors.py for tasks to queue
[2023-04-14T19:34:26.763+0000] {logging_mixin.py:137} INFO - [2023-04-14T19:34:26.763+0000] {dagbag.py:532} INFO - Filling up the DagBag from /home/airflow/.local/lib/python3.10/site-packages/airflow/example_dags/example_sensors.py
[2023-04-14T19:34:26.780+0000] {processor.py:753} INFO - DAG(s) dict_keys(['example_sensors']) retrieved from /home/airflow/.local/lib/python3.10/site-packages/airflow/example_dags/example_sensors.py
[2023-04-14T19:34:26.807+0000] {logging_mixin.py:137} INFO - [2023-04-14T19:34:26.807+0000] {dag.py:2705} INFO - Sync 1 DAGs
[2023-04-14T19:34:26.822+0000] {logging_mixin.py:137} INFO - [2023-04-14T19:34:26.822+0000] {dag.py:3452} INFO - Setting next_dagrun for example_sensors to None, run_after=None
[2023-04-14T19:34:26.837+0000] {processor.py:175} INFO - Processing /home/airflow/.local/lib/python3.10/site-packages/airflow/example_dags/example_sensors.py took 0.079 seconds
[2023-04-14T19:35:38.076+0000] {processor.py:153} INFO - Started process (PID=60) to work on /home/airflow/.local/lib/python3.10/site-packages/airflow/example_dags/example_sensors.py
[2023-04-14T19:35:38.077+0000] {processor.py:743} INFO - Processing file /home/airflow/.local/lib/python3.10/site-packages/airflow/example_dags/example_sensors.py for tasks to queue
[2023-04-14T19:35:38.077+0000] {logging_mixin.py:137} INFO - [2023-04-14T19:35:38.077+0000] {dagbag.py:532} INFO - Filling up the DagBag from /home/airflow/.local/lib/python3.10/site-packages/airflow/example_dags/example_sensors.py
[2023-04-14T19:35:38.095+0000] {processor.py:753} INFO - DAG(s) dict_keys(['example_sensors']) retrieved from /home/airflow/.local/lib/python3.10/site-packages/airflow/example_dags/example_sensors.py
[2023-04-14T19:35:38.106+0000] {logging_mixin.py:137} INFO - [2023-04-14T19:35:38.105+0000] {dag.py:2705} INFO - Sync 1 DAGs
[2023-04-14T19:35:38.120+0000] {logging_mixin.py:137} INFO - [2023-04-14T19:35:38.120+0000] {dag.py:3452} INFO - Setting next_dagrun for example_sensors to None, run_after=None
[2023-04-14T19:35:38.132+0000] {processor.py:175} INFO - Processing /home/airflow/.local/lib/python3.10/site-packages/airflow/example_dags/example_sensors.py took 0.059 seconds
[2023-04-14T19:36:09.175+0000] {processor.py:153} INFO - Started process (PID=145) to work on /home/airflow/.local/lib/python3.10/site-packages/airflow/example_dags/example_sensors.py
[2023-04-14T19:36:09.176+0000] {processor.py:743} INFO - Processing file /home/airflow/.local/lib/python3.10/site-packages/airflow/example_dags/example_sensors.py for tasks to queue
[2023-04-14T19:36:09.176+0000] {logging_mixin.py:137} INFO - [2023-04-14T19:36:09.176+0000] {dagbag.py:532} INFO - Filling up the DagBag from /home/airflow/.local/lib/python3.10/site-packages/airflow/example_dags/example_sensors.py
[2023-04-14T19:36:09.192+0000] {processor.py:753} INFO - DAG(s) dict_keys(['example_sensors']) retrieved from /home/airflow/.local/lib/python3.10/site-packages/airflow/example_dags/example_sensors.py
[2023-04-14T19:36:09.212+0000] {logging_mixin.py:137} INFO - [2023-04-14T19:36:09.212+0000] {dag.py:2705} INFO - Sync 1 DAGs
[2023-04-14T19:36:09.227+0000] {logging_mixin.py:137} INFO - [2023-04-14T19:36:09.227+0000] {dag.py:3452} INFO - Setting next_dagrun for example_sensors to None, run_after=None
[2023-04-14T19:36:09.238+0000] {processor.py:175} INFO - Processing /home/airflow/.local/lib/python3.10/site-packages/airflow/example_dags/example_sensors.py took 0.066 seconds
