[2023-04-14T19:13:18.019+0000] {processor.py:153} INFO - Started process (PID=54) to work on /home/airflow/.local/lib/python3.7/site-packages/airflow/example_dags/example_branch_labels.py
[2023-04-14T19:13:18.021+0000] {processor.py:743} INFO - Processing file /home/airflow/.local/lib/python3.7/site-packages/airflow/example_dags/example_branch_labels.py for tasks to queue
[2023-04-14T19:13:18.022+0000] {logging_mixin.py:137} INFO - [2023-04-14T19:13:18.022+0000] {dagbag.py:532} INFO - Filling up the DagBag from /home/airflow/.local/lib/python3.7/site-packages/airflow/example_dags/example_branch_labels.py
[2023-04-14T19:13:18.037+0000] {processor.py:753} INFO - DAG(s) dict_keys(['example_branch_labels']) retrieved from /home/airflow/.local/lib/python3.7/site-packages/airflow/example_dags/example_branch_labels.py
[2023-04-14T19:13:18.055+0000] {logging_mixin.py:137} INFO - [2023-04-14T19:13:18.054+0000] {dag.py:2705} INFO - Sync 1 DAGs
[2023-04-14T19:13:18.083+0000] {logging_mixin.py:137} INFO - [2023-04-14T19:13:18.083+0000] {dag.py:3456} INFO - Setting next_dagrun for example_branch_labels to 2023-04-13T00:00:00+00:00, run_after=2023-04-14T00:00:00+00:00
[2023-04-14T19:13:18.105+0000] {processor.py:175} INFO - Processing /home/airflow/.local/lib/python3.7/site-packages/airflow/example_dags/example_branch_labels.py took 0.091 seconds
[2023-04-14T19:13:49.062+0000] {processor.py:153} INFO - Started process (PID=144) to work on /home/airflow/.local/lib/python3.7/site-packages/airflow/example_dags/example_branch_labels.py
[2023-04-14T19:13:49.063+0000] {processor.py:743} INFO - Processing file /home/airflow/.local/lib/python3.7/site-packages/airflow/example_dags/example_branch_labels.py for tasks to queue
[2023-04-14T19:13:49.064+0000] {logging_mixin.py:137} INFO - [2023-04-14T19:13:49.064+0000] {dagbag.py:532} INFO - Filling up the DagBag from /home/airflow/.local/lib/python3.7/site-packages/airflow/example_dags/example_branch_labels.py
[2023-04-14T19:13:49.078+0000] {processor.py:753} INFO - DAG(s) dict_keys(['example_branch_labels']) retrieved from /home/airflow/.local/lib/python3.7/site-packages/airflow/example_dags/example_branch_labels.py
[2023-04-14T19:13:49.098+0000] {logging_mixin.py:137} INFO - [2023-04-14T19:13:49.098+0000] {dag.py:2705} INFO - Sync 1 DAGs
[2023-04-14T19:13:49.116+0000] {logging_mixin.py:137} INFO - [2023-04-14T19:13:49.116+0000] {dag.py:3456} INFO - Setting next_dagrun for example_branch_labels to 2023-04-13T00:00:00+00:00, run_after=2023-04-14T00:00:00+00:00
[2023-04-14T19:13:49.128+0000] {processor.py:175} INFO - Processing /home/airflow/.local/lib/python3.7/site-packages/airflow/example_dags/example_branch_labels.py took 0.074 seconds
[2023-04-14T19:14:19.312+0000] {processor.py:153} INFO - Started process (PID=235) to work on /home/airflow/.local/lib/python3.7/site-packages/airflow/example_dags/example_branch_labels.py
[2023-04-14T19:14:19.313+0000] {processor.py:743} INFO - Processing file /home/airflow/.local/lib/python3.7/site-packages/airflow/example_dags/example_branch_labels.py for tasks to queue
[2023-04-14T19:14:19.314+0000] {logging_mixin.py:137} INFO - [2023-04-14T19:14:19.314+0000] {dagbag.py:532} INFO - Filling up the DagBag from /home/airflow/.local/lib/python3.7/site-packages/airflow/example_dags/example_branch_labels.py
[2023-04-14T19:14:19.335+0000] {processor.py:753} INFO - DAG(s) dict_keys(['example_branch_labels']) retrieved from /home/airflow/.local/lib/python3.7/site-packages/airflow/example_dags/example_branch_labels.py
[2023-04-14T19:14:19.357+0000] {logging_mixin.py:137} INFO - [2023-04-14T19:14:19.357+0000] {dag.py:2705} INFO - Sync 1 DAGs
[2023-04-14T19:14:19.377+0000] {logging_mixin.py:137} INFO - [2023-04-14T19:14:19.376+0000] {dag.py:3456} INFO - Setting next_dagrun for example_branch_labels to 2023-04-13T00:00:00+00:00, run_after=2023-04-14T00:00:00+00:00
[2023-04-14T19:14:19.391+0000] {processor.py:175} INFO - Processing /home/airflow/.local/lib/python3.7/site-packages/airflow/example_dags/example_branch_labels.py took 0.082 seconds
[2023-04-14T19:14:49.507+0000] {processor.py:153} INFO - Started process (PID=310) to work on /home/airflow/.local/lib/python3.7/site-packages/airflow/example_dags/example_branch_labels.py
[2023-04-14T19:14:49.508+0000] {processor.py:743} INFO - Processing file /home/airflow/.local/lib/python3.7/site-packages/airflow/example_dags/example_branch_labels.py for tasks to queue
[2023-04-14T19:14:49.509+0000] {logging_mixin.py:137} INFO - [2023-04-14T19:14:49.508+0000] {dagbag.py:532} INFO - Filling up the DagBag from /home/airflow/.local/lib/python3.7/site-packages/airflow/example_dags/example_branch_labels.py
[2023-04-14T19:14:49.521+0000] {processor.py:753} INFO - DAG(s) dict_keys(['example_branch_labels']) retrieved from /home/airflow/.local/lib/python3.7/site-packages/airflow/example_dags/example_branch_labels.py
[2023-04-14T19:14:49.542+0000] {logging_mixin.py:137} INFO - [2023-04-14T19:14:49.542+0000] {dag.py:2705} INFO - Sync 1 DAGs
[2023-04-14T19:14:49.559+0000] {logging_mixin.py:137} INFO - [2023-04-14T19:14:49.559+0000] {dag.py:3456} INFO - Setting next_dagrun for example_branch_labels to 2023-04-13T00:00:00+00:00, run_after=2023-04-14T00:00:00+00:00
[2023-04-14T19:14:49.570+0000] {processor.py:175} INFO - Processing /home/airflow/.local/lib/python3.7/site-packages/airflow/example_dags/example_branch_labels.py took 0.067 seconds
[2023-04-14T19:15:19.710+0000] {processor.py:153} INFO - Started process (PID=401) to work on /home/airflow/.local/lib/python3.7/site-packages/airflow/example_dags/example_branch_labels.py
[2023-04-14T19:15:19.711+0000] {processor.py:743} INFO - Processing file /home/airflow/.local/lib/python3.7/site-packages/airflow/example_dags/example_branch_labels.py for tasks to queue
[2023-04-14T19:15:19.712+0000] {logging_mixin.py:137} INFO - [2023-04-14T19:15:19.711+0000] {dagbag.py:532} INFO - Filling up the DagBag from /home/airflow/.local/lib/python3.7/site-packages/airflow/example_dags/example_branch_labels.py
[2023-04-14T19:15:19.722+0000] {processor.py:753} INFO - DAG(s) dict_keys(['example_branch_labels']) retrieved from /home/airflow/.local/lib/python3.7/site-packages/airflow/example_dags/example_branch_labels.py
[2023-04-14T19:15:19.741+0000] {logging_mixin.py:137} INFO - [2023-04-14T19:15:19.741+0000] {dag.py:2705} INFO - Sync 1 DAGs
[2023-04-14T19:15:19.759+0000] {logging_mixin.py:137} INFO - [2023-04-14T19:15:19.759+0000] {dag.py:3456} INFO - Setting next_dagrun for example_branch_labels to 2023-04-13T00:00:00+00:00, run_after=2023-04-14T00:00:00+00:00
[2023-04-14T19:15:19.772+0000] {processor.py:175} INFO - Processing /home/airflow/.local/lib/python3.7/site-packages/airflow/example_dags/example_branch_labels.py took 0.065 seconds
[2023-04-14T19:17:35.395+0000] {processor.py:153} INFO - Started process (PID=54) to work on /home/airflow/.local/lib/python3.7/site-packages/airflow/example_dags/example_branch_labels.py
[2023-04-14T19:17:35.396+0000] {processor.py:743} INFO - Processing file /home/airflow/.local/lib/python3.7/site-packages/airflow/example_dags/example_branch_labels.py for tasks to queue
[2023-04-14T19:17:35.398+0000] {logging_mixin.py:137} INFO - [2023-04-14T19:17:35.398+0000] {dagbag.py:532} INFO - Filling up the DagBag from /home/airflow/.local/lib/python3.7/site-packages/airflow/example_dags/example_branch_labels.py
[2023-04-14T19:17:35.413+0000] {processor.py:753} INFO - DAG(s) dict_keys(['example_branch_labels']) retrieved from /home/airflow/.local/lib/python3.7/site-packages/airflow/example_dags/example_branch_labels.py
[2023-04-14T19:17:35.427+0000] {logging_mixin.py:137} INFO - [2023-04-14T19:17:35.426+0000] {dag.py:2705} INFO - Sync 1 DAGs
[2023-04-14T19:17:35.456+0000] {logging_mixin.py:137} INFO - [2023-04-14T19:17:35.456+0000] {dag.py:3456} INFO - Setting next_dagrun for example_branch_labels to 2023-04-13T00:00:00+00:00, run_after=2023-04-14T00:00:00+00:00
[2023-04-14T19:17:35.477+0000] {processor.py:175} INFO - Processing /home/airflow/.local/lib/python3.7/site-packages/airflow/example_dags/example_branch_labels.py took 0.088 seconds
[2023-04-14T19:18:05.914+0000] {processor.py:153} INFO - Started process (PID=146) to work on /home/airflow/.local/lib/python3.7/site-packages/airflow/example_dags/example_branch_labels.py
[2023-04-14T19:18:05.915+0000] {processor.py:743} INFO - Processing file /home/airflow/.local/lib/python3.7/site-packages/airflow/example_dags/example_branch_labels.py for tasks to queue
[2023-04-14T19:18:05.916+0000] {logging_mixin.py:137} INFO - [2023-04-14T19:18:05.915+0000] {dagbag.py:532} INFO - Filling up the DagBag from /home/airflow/.local/lib/python3.7/site-packages/airflow/example_dags/example_branch_labels.py
[2023-04-14T19:18:05.930+0000] {processor.py:753} INFO - DAG(s) dict_keys(['example_branch_labels']) retrieved from /home/airflow/.local/lib/python3.7/site-packages/airflow/example_dags/example_branch_labels.py
[2023-04-14T19:18:05.951+0000] {logging_mixin.py:137} INFO - [2023-04-14T19:18:05.951+0000] {dag.py:2705} INFO - Sync 1 DAGs
[2023-04-14T19:18:05.972+0000] {logging_mixin.py:137} INFO - [2023-04-14T19:18:05.971+0000] {dag.py:3456} INFO - Setting next_dagrun for example_branch_labels to 2023-04-13T00:00:00+00:00, run_after=2023-04-14T00:00:00+00:00
[2023-04-14T19:18:05.987+0000] {processor.py:175} INFO - Processing /home/airflow/.local/lib/python3.7/site-packages/airflow/example_dags/example_branch_labels.py took 0.076 seconds
[2023-04-14T19:18:36.387+0000] {processor.py:153} INFO - Started process (PID=237) to work on /home/airflow/.local/lib/python3.7/site-packages/airflow/example_dags/example_branch_labels.py
[2023-04-14T19:18:36.387+0000] {processor.py:743} INFO - Processing file /home/airflow/.local/lib/python3.7/site-packages/airflow/example_dags/example_branch_labels.py for tasks to queue
[2023-04-14T19:18:36.388+0000] {logging_mixin.py:137} INFO - [2023-04-14T19:18:36.388+0000] {dagbag.py:532} INFO - Filling up the DagBag from /home/airflow/.local/lib/python3.7/site-packages/airflow/example_dags/example_branch_labels.py
[2023-04-14T19:18:36.400+0000] {processor.py:753} INFO - DAG(s) dict_keys(['example_branch_labels']) retrieved from /home/airflow/.local/lib/python3.7/site-packages/airflow/example_dags/example_branch_labels.py
[2023-04-14T19:18:36.422+0000] {logging_mixin.py:137} INFO - [2023-04-14T19:18:36.422+0000] {dag.py:2705} INFO - Sync 1 DAGs
[2023-04-14T19:18:36.440+0000] {logging_mixin.py:137} INFO - [2023-04-14T19:18:36.440+0000] {dag.py:3456} INFO - Setting next_dagrun for example_branch_labels to 2023-04-13T00:00:00+00:00, run_after=2023-04-14T00:00:00+00:00
[2023-04-14T19:18:36.455+0000] {processor.py:175} INFO - Processing /home/airflow/.local/lib/python3.7/site-packages/airflow/example_dags/example_branch_labels.py took 0.072 seconds
[2023-04-14T19:19:06.807+0000] {processor.py:153} INFO - Started process (PID=312) to work on /home/airflow/.local/lib/python3.7/site-packages/airflow/example_dags/example_branch_labels.py
[2023-04-14T19:19:06.807+0000] {processor.py:743} INFO - Processing file /home/airflow/.local/lib/python3.7/site-packages/airflow/example_dags/example_branch_labels.py for tasks to queue
[2023-04-14T19:19:06.808+0000] {logging_mixin.py:137} INFO - [2023-04-14T19:19:06.808+0000] {dagbag.py:532} INFO - Filling up the DagBag from /home/airflow/.local/lib/python3.7/site-packages/airflow/example_dags/example_branch_labels.py
[2023-04-14T19:19:06.819+0000] {processor.py:753} INFO - DAG(s) dict_keys(['example_branch_labels']) retrieved from /home/airflow/.local/lib/python3.7/site-packages/airflow/example_dags/example_branch_labels.py
[2023-04-14T19:19:06.845+0000] {logging_mixin.py:137} INFO - [2023-04-14T19:19:06.845+0000] {dag.py:2705} INFO - Sync 1 DAGs
[2023-04-14T19:19:06.867+0000] {logging_mixin.py:137} INFO - [2023-04-14T19:19:06.867+0000] {dag.py:3456} INFO - Setting next_dagrun for example_branch_labels to 2023-04-13T00:00:00+00:00, run_after=2023-04-14T00:00:00+00:00
[2023-04-14T19:19:06.885+0000] {processor.py:175} INFO - Processing /home/airflow/.local/lib/python3.7/site-packages/airflow/example_dags/example_branch_labels.py took 0.081 seconds
[2023-04-14T19:19:37.089+0000] {processor.py:153} INFO - Started process (PID=405) to work on /home/airflow/.local/lib/python3.7/site-packages/airflow/example_dags/example_branch_labels.py
[2023-04-14T19:19:37.090+0000] {processor.py:743} INFO - Processing file /home/airflow/.local/lib/python3.7/site-packages/airflow/example_dags/example_branch_labels.py for tasks to queue
[2023-04-14T19:19:37.092+0000] {logging_mixin.py:137} INFO - [2023-04-14T19:19:37.091+0000] {dagbag.py:532} INFO - Filling up the DagBag from /home/airflow/.local/lib/python3.7/site-packages/airflow/example_dags/example_branch_labels.py
[2023-04-14T19:19:37.103+0000] {processor.py:753} INFO - DAG(s) dict_keys(['example_branch_labels']) retrieved from /home/airflow/.local/lib/python3.7/site-packages/airflow/example_dags/example_branch_labels.py
[2023-04-14T19:19:37.124+0000] {logging_mixin.py:137} INFO - [2023-04-14T19:19:37.124+0000] {dag.py:2705} INFO - Sync 1 DAGs
[2023-04-14T19:19:37.148+0000] {logging_mixin.py:137} INFO - [2023-04-14T19:19:37.148+0000] {dag.py:3456} INFO - Setting next_dagrun for example_branch_labels to 2023-04-13T00:00:00+00:00, run_after=2023-04-14T00:00:00+00:00
[2023-04-14T19:19:37.168+0000] {processor.py:175} INFO - Processing /home/airflow/.local/lib/python3.7/site-packages/airflow/example_dags/example_branch_labels.py took 0.082 seconds
[2023-04-14T19:20:07.612+0000] {processor.py:153} INFO - Started process (PID=490) to work on /home/airflow/.local/lib/python3.7/site-packages/airflow/example_dags/example_branch_labels.py
[2023-04-14T19:20:07.613+0000] {processor.py:743} INFO - Processing file /home/airflow/.local/lib/python3.7/site-packages/airflow/example_dags/example_branch_labels.py for tasks to queue
[2023-04-14T19:20:07.613+0000] {logging_mixin.py:137} INFO - [2023-04-14T19:20:07.613+0000] {dagbag.py:532} INFO - Filling up the DagBag from /home/airflow/.local/lib/python3.7/site-packages/airflow/example_dags/example_branch_labels.py
[2023-04-14T19:20:07.629+0000] {processor.py:753} INFO - DAG(s) dict_keys(['example_branch_labels']) retrieved from /home/airflow/.local/lib/python3.7/site-packages/airflow/example_dags/example_branch_labels.py
[2023-04-14T19:20:07.652+0000] {logging_mixin.py:137} INFO - [2023-04-14T19:20:07.652+0000] {dag.py:2705} INFO - Sync 1 DAGs
[2023-04-14T19:20:07.671+0000] {logging_mixin.py:137} INFO - [2023-04-14T19:20:07.671+0000] {dag.py:3456} INFO - Setting next_dagrun for example_branch_labels to 2023-04-13T00:00:00+00:00, run_after=2023-04-14T00:00:00+00:00
[2023-04-14T19:20:07.689+0000] {processor.py:175} INFO - Processing /home/airflow/.local/lib/python3.7/site-packages/airflow/example_dags/example_branch_labels.py took 0.081 seconds
[2023-04-14T19:20:37.836+0000] {processor.py:153} INFO - Started process (PID=572) to work on /home/airflow/.local/lib/python3.7/site-packages/airflow/example_dags/example_branch_labels.py
[2023-04-14T19:20:37.837+0000] {processor.py:743} INFO - Processing file /home/airflow/.local/lib/python3.7/site-packages/airflow/example_dags/example_branch_labels.py for tasks to queue
[2023-04-14T19:20:37.839+0000] {logging_mixin.py:137} INFO - [2023-04-14T19:20:37.838+0000] {dagbag.py:532} INFO - Filling up the DagBag from /home/airflow/.local/lib/python3.7/site-packages/airflow/example_dags/example_branch_labels.py
[2023-04-14T19:20:37.854+0000] {processor.py:753} INFO - DAG(s) dict_keys(['example_branch_labels']) retrieved from /home/airflow/.local/lib/python3.7/site-packages/airflow/example_dags/example_branch_labels.py
[2023-04-14T19:20:37.877+0000] {logging_mixin.py:137} INFO - [2023-04-14T19:20:37.877+0000] {dag.py:2705} INFO - Sync 1 DAGs
[2023-04-14T19:20:37.899+0000] {logging_mixin.py:137} INFO - [2023-04-14T19:20:37.898+0000] {dag.py:3456} INFO - Setting next_dagrun for example_branch_labels to 2023-04-13T00:00:00+00:00, run_after=2023-04-14T00:00:00+00:00
[2023-04-14T19:20:37.921+0000] {processor.py:175} INFO - Processing /home/airflow/.local/lib/python3.7/site-packages/airflow/example_dags/example_branch_labels.py took 0.087 seconds
[2023-04-14T19:21:08.315+0000] {processor.py:153} INFO - Started process (PID=663) to work on /home/airflow/.local/lib/python3.7/site-packages/airflow/example_dags/example_branch_labels.py
[2023-04-14T19:21:08.316+0000] {processor.py:743} INFO - Processing file /home/airflow/.local/lib/python3.7/site-packages/airflow/example_dags/example_branch_labels.py for tasks to queue
[2023-04-14T19:21:08.317+0000] {logging_mixin.py:137} INFO - [2023-04-14T19:21:08.317+0000] {dagbag.py:532} INFO - Filling up the DagBag from /home/airflow/.local/lib/python3.7/site-packages/airflow/example_dags/example_branch_labels.py
[2023-04-14T19:21:08.328+0000] {processor.py:753} INFO - DAG(s) dict_keys(['example_branch_labels']) retrieved from /home/airflow/.local/lib/python3.7/site-packages/airflow/example_dags/example_branch_labels.py
[2023-04-14T19:21:08.348+0000] {logging_mixin.py:137} INFO - [2023-04-14T19:21:08.348+0000] {dag.py:2705} INFO - Sync 1 DAGs
[2023-04-14T19:21:08.366+0000] {logging_mixin.py:137} INFO - [2023-04-14T19:21:08.366+0000] {dag.py:3456} INFO - Setting next_dagrun for example_branch_labels to 2023-04-13T00:00:00+00:00, run_after=2023-04-14T00:00:00+00:00
[2023-04-14T19:21:08.376+0000] {processor.py:175} INFO - Processing /home/airflow/.local/lib/python3.7/site-packages/airflow/example_dags/example_branch_labels.py took 0.064 seconds
[2023-04-14T19:21:38.404+0000] {processor.py:153} INFO - Started process (PID=738) to work on /home/airflow/.local/lib/python3.7/site-packages/airflow/example_dags/example_branch_labels.py
[2023-04-14T19:21:38.405+0000] {processor.py:743} INFO - Processing file /home/airflow/.local/lib/python3.7/site-packages/airflow/example_dags/example_branch_labels.py for tasks to queue
[2023-04-14T19:21:38.405+0000] {logging_mixin.py:137} INFO - [2023-04-14T19:21:38.405+0000] {dagbag.py:532} INFO - Filling up the DagBag from /home/airflow/.local/lib/python3.7/site-packages/airflow/example_dags/example_branch_labels.py
[2023-04-14T19:21:38.416+0000] {processor.py:753} INFO - DAG(s) dict_keys(['example_branch_labels']) retrieved from /home/airflow/.local/lib/python3.7/site-packages/airflow/example_dags/example_branch_labels.py
[2023-04-14T19:21:38.436+0000] {logging_mixin.py:137} INFO - [2023-04-14T19:21:38.435+0000] {dag.py:2705} INFO - Sync 1 DAGs
[2023-04-14T19:21:38.453+0000] {logging_mixin.py:137} INFO - [2023-04-14T19:21:38.452+0000] {dag.py:3456} INFO - Setting next_dagrun for example_branch_labels to 2023-04-13T00:00:00+00:00, run_after=2023-04-14T00:00:00+00:00
[2023-04-14T19:21:38.466+0000] {processor.py:175} INFO - Processing /home/airflow/.local/lib/python3.7/site-packages/airflow/example_dags/example_branch_labels.py took 0.064 seconds
[2023-04-14T19:22:08.508+0000] {processor.py:153} INFO - Started process (PID=829) to work on /home/airflow/.local/lib/python3.7/site-packages/airflow/example_dags/example_branch_labels.py
[2023-04-14T19:22:08.509+0000] {processor.py:743} INFO - Processing file /home/airflow/.local/lib/python3.7/site-packages/airflow/example_dags/example_branch_labels.py for tasks to queue
[2023-04-14T19:22:08.509+0000] {logging_mixin.py:137} INFO - [2023-04-14T19:22:08.509+0000] {dagbag.py:532} INFO - Filling up the DagBag from /home/airflow/.local/lib/python3.7/site-packages/airflow/example_dags/example_branch_labels.py
[2023-04-14T19:22:08.520+0000] {processor.py:753} INFO - DAG(s) dict_keys(['example_branch_labels']) retrieved from /home/airflow/.local/lib/python3.7/site-packages/airflow/example_dags/example_branch_labels.py
[2023-04-14T19:22:08.540+0000] {logging_mixin.py:137} INFO - [2023-04-14T19:22:08.540+0000] {dag.py:2705} INFO - Sync 1 DAGs
[2023-04-14T19:22:08.557+0000] {logging_mixin.py:137} INFO - [2023-04-14T19:22:08.556+0000] {dag.py:3456} INFO - Setting next_dagrun for example_branch_labels to 2023-04-13T00:00:00+00:00, run_after=2023-04-14T00:00:00+00:00
[2023-04-14T19:22:08.569+0000] {processor.py:175} INFO - Processing /home/airflow/.local/lib/python3.7/site-packages/airflow/example_dags/example_branch_labels.py took 0.064 seconds
[2023-04-14T19:22:38.843+0000] {processor.py:153} INFO - Started process (PID=919) to work on /home/airflow/.local/lib/python3.7/site-packages/airflow/example_dags/example_branch_labels.py
[2023-04-14T19:22:38.844+0000] {processor.py:743} INFO - Processing file /home/airflow/.local/lib/python3.7/site-packages/airflow/example_dags/example_branch_labels.py for tasks to queue
[2023-04-14T19:22:38.844+0000] {logging_mixin.py:137} INFO - [2023-04-14T19:22:38.844+0000] {dagbag.py:532} INFO - Filling up the DagBag from /home/airflow/.local/lib/python3.7/site-packages/airflow/example_dags/example_branch_labels.py
[2023-04-14T19:22:38.857+0000] {processor.py:753} INFO - DAG(s) dict_keys(['example_branch_labels']) retrieved from /home/airflow/.local/lib/python3.7/site-packages/airflow/example_dags/example_branch_labels.py
[2023-04-14T19:22:38.880+0000] {logging_mixin.py:137} INFO - [2023-04-14T19:22:38.879+0000] {dag.py:2705} INFO - Sync 1 DAGs
[2023-04-14T19:22:38.901+0000] {logging_mixin.py:137} INFO - [2023-04-14T19:22:38.901+0000] {dag.py:3456} INFO - Setting next_dagrun for example_branch_labels to 2023-04-13T00:00:00+00:00, run_after=2023-04-14T00:00:00+00:00
[2023-04-14T19:22:38.921+0000] {processor.py:175} INFO - Processing /home/airflow/.local/lib/python3.7/site-packages/airflow/example_dags/example_branch_labels.py took 0.081 seconds
[2023-04-14T19:23:09.458+0000] {processor.py:153} INFO - Started process (PID=995) to work on /home/airflow/.local/lib/python3.7/site-packages/airflow/example_dags/example_branch_labels.py
[2023-04-14T19:23:09.459+0000] {processor.py:743} INFO - Processing file /home/airflow/.local/lib/python3.7/site-packages/airflow/example_dags/example_branch_labels.py for tasks to queue
[2023-04-14T19:23:09.460+0000] {logging_mixin.py:137} INFO - [2023-04-14T19:23:09.460+0000] {dagbag.py:532} INFO - Filling up the DagBag from /home/airflow/.local/lib/python3.7/site-packages/airflow/example_dags/example_branch_labels.py
[2023-04-14T19:23:09.470+0000] {processor.py:753} INFO - DAG(s) dict_keys(['example_branch_labels']) retrieved from /home/airflow/.local/lib/python3.7/site-packages/airflow/example_dags/example_branch_labels.py
[2023-04-14T19:23:09.491+0000] {logging_mixin.py:137} INFO - [2023-04-14T19:23:09.491+0000] {dag.py:2705} INFO - Sync 1 DAGs
[2023-04-14T19:23:09.508+0000] {logging_mixin.py:137} INFO - [2023-04-14T19:23:09.508+0000] {dag.py:3456} INFO - Setting next_dagrun for example_branch_labels to 2023-04-13T00:00:00+00:00, run_after=2023-04-14T00:00:00+00:00
[2023-04-14T19:23:09.521+0000] {processor.py:175} INFO - Processing /home/airflow/.local/lib/python3.7/site-packages/airflow/example_dags/example_branch_labels.py took 0.065 seconds
[2023-04-14T19:23:39.614+0000] {processor.py:153} INFO - Started process (PID=1086) to work on /home/airflow/.local/lib/python3.7/site-packages/airflow/example_dags/example_branch_labels.py
[2023-04-14T19:23:39.615+0000] {processor.py:743} INFO - Processing file /home/airflow/.local/lib/python3.7/site-packages/airflow/example_dags/example_branch_labels.py for tasks to queue
[2023-04-14T19:23:39.616+0000] {logging_mixin.py:137} INFO - [2023-04-14T19:23:39.616+0000] {dagbag.py:532} INFO - Filling up the DagBag from /home/airflow/.local/lib/python3.7/site-packages/airflow/example_dags/example_branch_labels.py
[2023-04-14T19:23:39.626+0000] {processor.py:753} INFO - DAG(s) dict_keys(['example_branch_labels']) retrieved from /home/airflow/.local/lib/python3.7/site-packages/airflow/example_dags/example_branch_labels.py
[2023-04-14T19:23:39.645+0000] {logging_mixin.py:137} INFO - [2023-04-14T19:23:39.645+0000] {dag.py:2705} INFO - Sync 1 DAGs
[2023-04-14T19:23:39.663+0000] {logging_mixin.py:137} INFO - [2023-04-14T19:23:39.663+0000] {dag.py:3456} INFO - Setting next_dagrun for example_branch_labels to 2023-04-13T00:00:00+00:00, run_after=2023-04-14T00:00:00+00:00
[2023-04-14T19:23:39.676+0000] {processor.py:175} INFO - Processing /home/airflow/.local/lib/python3.7/site-packages/airflow/example_dags/example_branch_labels.py took 0.064 seconds
[2023-04-14T19:24:09.799+0000] {processor.py:153} INFO - Started process (PID=1177) to work on /home/airflow/.local/lib/python3.7/site-packages/airflow/example_dags/example_branch_labels.py
[2023-04-14T19:24:09.800+0000] {processor.py:743} INFO - Processing file /home/airflow/.local/lib/python3.7/site-packages/airflow/example_dags/example_branch_labels.py for tasks to queue
[2023-04-14T19:24:09.801+0000] {logging_mixin.py:137} INFO - [2023-04-14T19:24:09.800+0000] {dagbag.py:532} INFO - Filling up the DagBag from /home/airflow/.local/lib/python3.7/site-packages/airflow/example_dags/example_branch_labels.py
[2023-04-14T19:24:09.812+0000] {processor.py:753} INFO - DAG(s) dict_keys(['example_branch_labels']) retrieved from /home/airflow/.local/lib/python3.7/site-packages/airflow/example_dags/example_branch_labels.py
[2023-04-14T19:24:09.835+0000] {logging_mixin.py:137} INFO - [2023-04-14T19:24:09.835+0000] {dag.py:2705} INFO - Sync 1 DAGs
[2023-04-14T19:24:09.857+0000] {logging_mixin.py:137} INFO - [2023-04-14T19:24:09.857+0000] {dag.py:3456} INFO - Setting next_dagrun for example_branch_labels to 2023-04-13T00:00:00+00:00, run_after=2023-04-14T00:00:00+00:00
[2023-04-14T19:24:09.870+0000] {processor.py:175} INFO - Processing /home/airflow/.local/lib/python3.7/site-packages/airflow/example_dags/example_branch_labels.py took 0.074 seconds
[2023-04-14T19:26:09.305+0000] {processor.py:153} INFO - Started process (PID=54) to work on /home/airflow/.local/lib/python3.7/site-packages/airflow/example_dags/example_branch_labels.py
[2023-04-14T19:26:09.306+0000] {processor.py:743} INFO - Processing file /home/airflow/.local/lib/python3.7/site-packages/airflow/example_dags/example_branch_labels.py for tasks to queue
[2023-04-14T19:26:09.307+0000] {logging_mixin.py:137} INFO - [2023-04-14T19:26:09.306+0000] {dagbag.py:532} INFO - Filling up the DagBag from /home/airflow/.local/lib/python3.7/site-packages/airflow/example_dags/example_branch_labels.py
[2023-04-14T19:26:09.318+0000] {processor.py:753} INFO - DAG(s) dict_keys(['example_branch_labels']) retrieved from /home/airflow/.local/lib/python3.7/site-packages/airflow/example_dags/example_branch_labels.py
[2023-04-14T19:26:09.333+0000] {logging_mixin.py:137} INFO - [2023-04-14T19:26:09.332+0000] {dag.py:2705} INFO - Sync 1 DAGs
[2023-04-14T19:26:09.353+0000] {logging_mixin.py:137} INFO - [2023-04-14T19:26:09.353+0000] {dag.py:3456} INFO - Setting next_dagrun for example_branch_labels to 2023-04-13T00:00:00+00:00, run_after=2023-04-14T00:00:00+00:00
[2023-04-14T19:26:09.366+0000] {processor.py:175} INFO - Processing /home/airflow/.local/lib/python3.7/site-packages/airflow/example_dags/example_branch_labels.py took 0.066 seconds
[2023-04-14T19:26:39.390+0000] {processor.py:153} INFO - Started process (PID=144) to work on /home/airflow/.local/lib/python3.7/site-packages/airflow/example_dags/example_branch_labels.py
[2023-04-14T19:26:39.391+0000] {processor.py:743} INFO - Processing file /home/airflow/.local/lib/python3.7/site-packages/airflow/example_dags/example_branch_labels.py for tasks to queue
[2023-04-14T19:26:39.392+0000] {logging_mixin.py:137} INFO - [2023-04-14T19:26:39.391+0000] {dagbag.py:532} INFO - Filling up the DagBag from /home/airflow/.local/lib/python3.7/site-packages/airflow/example_dags/example_branch_labels.py
[2023-04-14T19:26:39.402+0000] {processor.py:753} INFO - DAG(s) dict_keys(['example_branch_labels']) retrieved from /home/airflow/.local/lib/python3.7/site-packages/airflow/example_dags/example_branch_labels.py
[2023-04-14T19:26:39.421+0000] {logging_mixin.py:137} INFO - [2023-04-14T19:26:39.421+0000] {dag.py:2705} INFO - Sync 1 DAGs
[2023-04-14T19:26:39.438+0000] {logging_mixin.py:137} INFO - [2023-04-14T19:26:39.438+0000] {dag.py:3456} INFO - Setting next_dagrun for example_branch_labels to 2023-04-13T00:00:00+00:00, run_after=2023-04-14T00:00:00+00:00
[2023-04-14T19:26:39.450+0000] {processor.py:175} INFO - Processing /home/airflow/.local/lib/python3.7/site-packages/airflow/example_dags/example_branch_labels.py took 0.065 seconds
[2023-04-14T19:27:09.991+0000] {processor.py:153} INFO - Started process (PID=236) to work on /home/airflow/.local/lib/python3.7/site-packages/airflow/example_dags/example_branch_labels.py
[2023-04-14T19:27:09.992+0000] {processor.py:743} INFO - Processing file /home/airflow/.local/lib/python3.7/site-packages/airflow/example_dags/example_branch_labels.py for tasks to queue
[2023-04-14T19:27:09.993+0000] {logging_mixin.py:137} INFO - [2023-04-14T19:27:09.992+0000] {dagbag.py:532} INFO - Filling up the DagBag from /home/airflow/.local/lib/python3.7/site-packages/airflow/example_dags/example_branch_labels.py
[2023-04-14T19:27:10.003+0000] {processor.py:753} INFO - DAG(s) dict_keys(['example_branch_labels']) retrieved from /home/airflow/.local/lib/python3.7/site-packages/airflow/example_dags/example_branch_labels.py
[2023-04-14T19:27:10.023+0000] {logging_mixin.py:137} INFO - [2023-04-14T19:27:10.023+0000] {dag.py:2705} INFO - Sync 1 DAGs
[2023-04-14T19:27:10.040+0000] {logging_mixin.py:137} INFO - [2023-04-14T19:27:10.040+0000] {dag.py:3456} INFO - Setting next_dagrun for example_branch_labels to 2023-04-13T00:00:00+00:00, run_after=2023-04-14T00:00:00+00:00
[2023-04-14T19:27:10.054+0000] {processor.py:175} INFO - Processing /home/airflow/.local/lib/python3.7/site-packages/airflow/example_dags/example_branch_labels.py took 0.066 seconds
[2023-04-14T19:31:44.933+0000] {processor.py:153} INFO - Started process (PID=45) to work on /home/airflow/.local/lib/python3.10/site-packages/airflow/example_dags/example_branch_labels.py
[2023-04-14T19:31:44.934+0000] {processor.py:743} INFO - Processing file /home/airflow/.local/lib/python3.10/site-packages/airflow/example_dags/example_branch_labels.py for tasks to queue
[2023-04-14T19:31:44.935+0000] {logging_mixin.py:137} INFO - [2023-04-14T19:31:44.935+0000] {dagbag.py:532} INFO - Filling up the DagBag from /home/airflow/.local/lib/python3.10/site-packages/airflow/example_dags/example_branch_labels.py
[2023-04-14T19:31:44.949+0000] {processor.py:753} INFO - DAG(s) dict_keys(['example_branch_labels']) retrieved from /home/airflow/.local/lib/python3.10/site-packages/airflow/example_dags/example_branch_labels.py
[2023-04-14T19:31:44.958+0000] {logging_mixin.py:137} INFO - [2023-04-14T19:31:44.958+0000] {dag.py:2705} INFO - Sync 1 DAGs
[2023-04-14T19:31:44.975+0000] {logging_mixin.py:137} INFO - [2023-04-14T19:31:44.975+0000] {dag.py:3452} INFO - Setting next_dagrun for example_branch_labels to 2023-04-13T00:00:00+00:00, run_after=2023-04-14T00:00:00+00:00
[2023-04-14T19:31:44.987+0000] {processor.py:175} INFO - Processing /home/airflow/.local/lib/python3.10/site-packages/airflow/example_dags/example_branch_labels.py took 0.057 seconds
[2023-04-14T19:32:15.857+0000] {processor.py:153} INFO - Started process (PID=129) to work on /home/airflow/.local/lib/python3.10/site-packages/airflow/example_dags/example_branch_labels.py
[2023-04-14T19:32:15.858+0000] {processor.py:743} INFO - Processing file /home/airflow/.local/lib/python3.10/site-packages/airflow/example_dags/example_branch_labels.py for tasks to queue
[2023-04-14T19:32:15.859+0000] {logging_mixin.py:137} INFO - [2023-04-14T19:32:15.858+0000] {dagbag.py:532} INFO - Filling up the DagBag from /home/airflow/.local/lib/python3.10/site-packages/airflow/example_dags/example_branch_labels.py
[2023-04-14T19:32:15.870+0000] {processor.py:753} INFO - DAG(s) dict_keys(['example_branch_labels']) retrieved from /home/airflow/.local/lib/python3.10/site-packages/airflow/example_dags/example_branch_labels.py
[2023-04-14T19:32:15.890+0000] {logging_mixin.py:137} INFO - [2023-04-14T19:32:15.890+0000] {dag.py:2705} INFO - Sync 1 DAGs
[2023-04-14T19:32:15.904+0000] {logging_mixin.py:137} INFO - [2023-04-14T19:32:15.904+0000] {dag.py:3452} INFO - Setting next_dagrun for example_branch_labels to 2023-04-13T00:00:00+00:00, run_after=2023-04-14T00:00:00+00:00
[2023-04-14T19:32:15.915+0000] {processor.py:175} INFO - Processing /home/airflow/.local/lib/python3.10/site-packages/airflow/example_dags/example_branch_labels.py took 0.062 seconds
[2023-04-14T19:32:45.968+0000] {processor.py:153} INFO - Started process (PID=199) to work on /home/airflow/.local/lib/python3.10/site-packages/airflow/example_dags/example_branch_labels.py
[2023-04-14T19:32:45.969+0000] {processor.py:743} INFO - Processing file /home/airflow/.local/lib/python3.10/site-packages/airflow/example_dags/example_branch_labels.py for tasks to queue
[2023-04-14T19:32:45.969+0000] {logging_mixin.py:137} INFO - [2023-04-14T19:32:45.969+0000] {dagbag.py:532} INFO - Filling up the DagBag from /home/airflow/.local/lib/python3.10/site-packages/airflow/example_dags/example_branch_labels.py
[2023-04-14T19:32:45.980+0000] {processor.py:753} INFO - DAG(s) dict_keys(['example_branch_labels']) retrieved from /home/airflow/.local/lib/python3.10/site-packages/airflow/example_dags/example_branch_labels.py
[2023-04-14T19:32:45.999+0000] {logging_mixin.py:137} INFO - [2023-04-14T19:32:45.998+0000] {dag.py:2705} INFO - Sync 1 DAGs
[2023-04-14T19:32:46.013+0000] {logging_mixin.py:137} INFO - [2023-04-14T19:32:46.012+0000] {dag.py:3452} INFO - Setting next_dagrun for example_branch_labels to 2023-04-13T00:00:00+00:00, run_after=2023-04-14T00:00:00+00:00
[2023-04-14T19:32:46.023+0000] {processor.py:175} INFO - Processing /home/airflow/.local/lib/python3.10/site-packages/airflow/example_dags/example_branch_labels.py took 0.058 seconds
[2023-04-14T19:33:24.090+0000] {processor.py:153} INFO - Started process (PID=46) to work on /home/airflow/.local/lib/python3.10/site-packages/airflow/example_dags/example_branch_labels.py
[2023-04-14T19:33:24.091+0000] {processor.py:743} INFO - Processing file /home/airflow/.local/lib/python3.10/site-packages/airflow/example_dags/example_branch_labels.py for tasks to queue
[2023-04-14T19:33:24.091+0000] {logging_mixin.py:137} INFO - [2023-04-14T19:33:24.091+0000] {dagbag.py:532} INFO - Filling up the DagBag from /home/airflow/.local/lib/python3.10/site-packages/airflow/example_dags/example_branch_labels.py
[2023-04-14T19:33:24.103+0000] {processor.py:753} INFO - DAG(s) dict_keys(['example_branch_labels']) retrieved from /home/airflow/.local/lib/python3.10/site-packages/airflow/example_dags/example_branch_labels.py
[2023-04-14T19:33:24.119+0000] {logging_mixin.py:137} INFO - [2023-04-14T19:33:24.118+0000] {dag.py:2705} INFO - Sync 1 DAGs
[2023-04-14T19:33:24.139+0000] {logging_mixin.py:137} INFO - [2023-04-14T19:33:24.139+0000] {dag.py:3452} INFO - Setting next_dagrun for example_branch_labels to 2023-04-13T00:00:00+00:00, run_after=2023-04-14T00:00:00+00:00
[2023-04-14T19:33:24.150+0000] {processor.py:175} INFO - Processing /home/airflow/.local/lib/python3.10/site-packages/airflow/example_dags/example_branch_labels.py took 0.065 seconds
[2023-04-14T19:33:55.080+0000] {processor.py:153} INFO - Started process (PID=130) to work on /home/airflow/.local/lib/python3.10/site-packages/airflow/example_dags/example_branch_labels.py
[2023-04-14T19:33:55.082+0000] {processor.py:743} INFO - Processing file /home/airflow/.local/lib/python3.10/site-packages/airflow/example_dags/example_branch_labels.py for tasks to queue
[2023-04-14T19:33:55.083+0000] {logging_mixin.py:137} INFO - [2023-04-14T19:33:55.083+0000] {dagbag.py:532} INFO - Filling up the DagBag from /home/airflow/.local/lib/python3.10/site-packages/airflow/example_dags/example_branch_labels.py
[2023-04-14T19:33:55.095+0000] {processor.py:753} INFO - DAG(s) dict_keys(['example_branch_labels']) retrieved from /home/airflow/.local/lib/python3.10/site-packages/airflow/example_dags/example_branch_labels.py
[2023-04-14T19:33:55.114+0000] {logging_mixin.py:137} INFO - [2023-04-14T19:33:55.114+0000] {dag.py:2705} INFO - Sync 1 DAGs
[2023-04-14T19:33:55.129+0000] {logging_mixin.py:137} INFO - [2023-04-14T19:33:55.129+0000] {dag.py:3452} INFO - Setting next_dagrun for example_branch_labels to 2023-04-13T00:00:00+00:00, run_after=2023-04-14T00:00:00+00:00
[2023-04-14T19:33:55.143+0000] {processor.py:175} INFO - Processing /home/airflow/.local/lib/python3.10/site-packages/airflow/example_dags/example_branch_labels.py took 0.066 seconds
[2023-04-14T19:34:26.066+0000] {processor.py:153} INFO - Started process (PID=214) to work on /home/airflow/.local/lib/python3.10/site-packages/airflow/example_dags/example_branch_labels.py
[2023-04-14T19:34:26.067+0000] {processor.py:743} INFO - Processing file /home/airflow/.local/lib/python3.10/site-packages/airflow/example_dags/example_branch_labels.py for tasks to queue
[2023-04-14T19:34:26.068+0000] {logging_mixin.py:137} INFO - [2023-04-14T19:34:26.068+0000] {dagbag.py:532} INFO - Filling up the DagBag from /home/airflow/.local/lib/python3.10/site-packages/airflow/example_dags/example_branch_labels.py
[2023-04-14T19:34:26.079+0000] {processor.py:753} INFO - DAG(s) dict_keys(['example_branch_labels']) retrieved from /home/airflow/.local/lib/python3.10/site-packages/airflow/example_dags/example_branch_labels.py
[2023-04-14T19:34:26.103+0000] {logging_mixin.py:137} INFO - [2023-04-14T19:34:26.102+0000] {dag.py:2705} INFO - Sync 1 DAGs
[2023-04-14T19:34:26.120+0000] {logging_mixin.py:137} INFO - [2023-04-14T19:34:26.120+0000] {dag.py:3452} INFO - Setting next_dagrun for example_branch_labels to 2023-04-13T00:00:00+00:00, run_after=2023-04-14T00:00:00+00:00
[2023-04-14T19:34:26.135+0000] {processor.py:175} INFO - Processing /home/airflow/.local/lib/python3.10/site-packages/airflow/example_dags/example_branch_labels.py took 0.072 seconds
[2023-04-14T19:35:37.496+0000] {processor.py:153} INFO - Started process (PID=46) to work on /home/airflow/.local/lib/python3.10/site-packages/airflow/example_dags/example_branch_labels.py
[2023-04-14T19:35:37.497+0000] {processor.py:743} INFO - Processing file /home/airflow/.local/lib/python3.10/site-packages/airflow/example_dags/example_branch_labels.py for tasks to queue
[2023-04-14T19:35:37.498+0000] {logging_mixin.py:137} INFO - [2023-04-14T19:35:37.498+0000] {dagbag.py:532} INFO - Filling up the DagBag from /home/airflow/.local/lib/python3.10/site-packages/airflow/example_dags/example_branch_labels.py
[2023-04-14T19:35:37.509+0000] {processor.py:753} INFO - DAG(s) dict_keys(['example_branch_labels']) retrieved from /home/airflow/.local/lib/python3.10/site-packages/airflow/example_dags/example_branch_labels.py
[2023-04-14T19:35:37.517+0000] {logging_mixin.py:137} INFO - [2023-04-14T19:35:37.517+0000] {dag.py:2705} INFO - Sync 1 DAGs
[2023-04-14T19:35:37.536+0000] {logging_mixin.py:137} INFO - [2023-04-14T19:35:37.536+0000] {dag.py:3452} INFO - Setting next_dagrun for example_branch_labels to 2023-04-13T00:00:00+00:00, run_after=2023-04-14T00:00:00+00:00
[2023-04-14T19:35:37.547+0000] {processor.py:175} INFO - Processing /home/airflow/.local/lib/python3.10/site-packages/airflow/example_dags/example_branch_labels.py took 0.053 seconds
[2023-04-14T19:36:08.565+0000] {processor.py:153} INFO - Started process (PID=131) to work on /home/airflow/.local/lib/python3.10/site-packages/airflow/example_dags/example_branch_labels.py
[2023-04-14T19:36:08.566+0000] {processor.py:743} INFO - Processing file /home/airflow/.local/lib/python3.10/site-packages/airflow/example_dags/example_branch_labels.py for tasks to queue
[2023-04-14T19:36:08.567+0000] {logging_mixin.py:137} INFO - [2023-04-14T19:36:08.567+0000] {dagbag.py:532} INFO - Filling up the DagBag from /home/airflow/.local/lib/python3.10/site-packages/airflow/example_dags/example_branch_labels.py
[2023-04-14T19:36:08.579+0000] {processor.py:753} INFO - DAG(s) dict_keys(['example_branch_labels']) retrieved from /home/airflow/.local/lib/python3.10/site-packages/airflow/example_dags/example_branch_labels.py
[2023-04-14T19:36:08.598+0000] {logging_mixin.py:137} INFO - [2023-04-14T19:36:08.598+0000] {dag.py:2705} INFO - Sync 1 DAGs
[2023-04-14T19:36:08.613+0000] {logging_mixin.py:137} INFO - [2023-04-14T19:36:08.613+0000] {dag.py:3452} INFO - Setting next_dagrun for example_branch_labels to 2023-04-13T00:00:00+00:00, run_after=2023-04-14T00:00:00+00:00
[2023-04-14T19:36:08.624+0000] {processor.py:175} INFO - Processing /home/airflow/.local/lib/python3.10/site-packages/airflow/example_dags/example_branch_labels.py took 0.063 seconds
