[2023-04-14T19:13:19.062+0000] {processor.py:153} INFO - Started process (PID=72) to work on /home/airflow/.local/lib/python3.7/site-packages/airflow/example_dags/example_trigger_target_dag.py
[2023-04-14T19:13:19.063+0000] {processor.py:743} INFO - Processing file /home/airflow/.local/lib/python3.7/site-packages/airflow/example_dags/example_trigger_target_dag.py for tasks to queue
[2023-04-14T19:13:19.063+0000] {logging_mixin.py:137} INFO - [2023-04-14T19:13:19.063+0000] {dagbag.py:532} INFO - Filling up the DagBag from /home/airflow/.local/lib/python3.7/site-packages/airflow/example_dags/example_trigger_target_dag.py
[2023-04-14T19:13:19.080+0000] {processor.py:753} INFO - DAG(s) dict_keys(['example_trigger_target_dag']) retrieved from /home/airflow/.local/lib/python3.7/site-packages/airflow/example_dags/example_trigger_target_dag.py
[2023-04-14T19:13:19.093+0000] {logging_mixin.py:137} INFO - [2023-04-14T19:13:19.093+0000] {dag.py:2705} INFO - Sync 1 DAGs
[2023-04-14T19:13:19.116+0000] {logging_mixin.py:137} INFO - [2023-04-14T19:13:19.116+0000] {dag.py:3456} INFO - Setting next_dagrun for example_trigger_target_dag to None, run_after=None
[2023-04-14T19:13:19.139+0000] {processor.py:175} INFO - Processing /home/airflow/.local/lib/python3.7/site-packages/airflow/example_dags/example_trigger_target_dag.py took 0.081 seconds
[2023-04-14T19:13:49.925+0000] {processor.py:153} INFO - Started process (PID=162) to work on /home/airflow/.local/lib/python3.7/site-packages/airflow/example_dags/example_trigger_target_dag.py
[2023-04-14T19:13:49.926+0000] {processor.py:743} INFO - Processing file /home/airflow/.local/lib/python3.7/site-packages/airflow/example_dags/example_trigger_target_dag.py for tasks to queue
[2023-04-14T19:13:49.926+0000] {logging_mixin.py:137} INFO - [2023-04-14T19:13:49.926+0000] {dagbag.py:532} INFO - Filling up the DagBag from /home/airflow/.local/lib/python3.7/site-packages/airflow/example_dags/example_trigger_target_dag.py
[2023-04-14T19:13:49.942+0000] {processor.py:753} INFO - DAG(s) dict_keys(['example_trigger_target_dag']) retrieved from /home/airflow/.local/lib/python3.7/site-packages/airflow/example_dags/example_trigger_target_dag.py
[2023-04-14T19:13:49.960+0000] {logging_mixin.py:137} INFO - [2023-04-14T19:13:49.960+0000] {dag.py:2705} INFO - Sync 1 DAGs
[2023-04-14T19:13:49.976+0000] {logging_mixin.py:137} INFO - [2023-04-14T19:13:49.976+0000] {dag.py:3456} INFO - Setting next_dagrun for example_trigger_target_dag to None, run_after=None
[2023-04-14T19:13:49.988+0000] {processor.py:175} INFO - Processing /home/airflow/.local/lib/python3.7/site-packages/airflow/example_dags/example_trigger_target_dag.py took 0.066 seconds
[2023-04-14T19:14:20.230+0000] {processor.py:153} INFO - Started process (PID=253) to work on /home/airflow/.local/lib/python3.7/site-packages/airflow/example_dags/example_trigger_target_dag.py
[2023-04-14T19:14:20.230+0000] {processor.py:743} INFO - Processing file /home/airflow/.local/lib/python3.7/site-packages/airflow/example_dags/example_trigger_target_dag.py for tasks to queue
[2023-04-14T19:14:20.231+0000] {logging_mixin.py:137} INFO - [2023-04-14T19:14:20.231+0000] {dagbag.py:532} INFO - Filling up the DagBag from /home/airflow/.local/lib/python3.7/site-packages/airflow/example_dags/example_trigger_target_dag.py
[2023-04-14T19:14:20.248+0000] {processor.py:753} INFO - DAG(s) dict_keys(['example_trigger_target_dag']) retrieved from /home/airflow/.local/lib/python3.7/site-packages/airflow/example_dags/example_trigger_target_dag.py
[2023-04-14T19:14:20.271+0000] {logging_mixin.py:137} INFO - [2023-04-14T19:14:20.271+0000] {dag.py:2705} INFO - Sync 1 DAGs
[2023-04-14T19:14:20.289+0000] {logging_mixin.py:137} INFO - [2023-04-14T19:14:20.289+0000] {dag.py:3456} INFO - Setting next_dagrun for example_trigger_target_dag to None, run_after=None
[2023-04-14T19:14:20.302+0000] {processor.py:175} INFO - Processing /home/airflow/.local/lib/python3.7/site-packages/airflow/example_dags/example_trigger_target_dag.py took 0.076 seconds
[2023-04-14T19:14:50.358+0000] {processor.py:153} INFO - Started process (PID=328) to work on /home/airflow/.local/lib/python3.7/site-packages/airflow/example_dags/example_trigger_target_dag.py
[2023-04-14T19:14:50.359+0000] {processor.py:743} INFO - Processing file /home/airflow/.local/lib/python3.7/site-packages/airflow/example_dags/example_trigger_target_dag.py for tasks to queue
[2023-04-14T19:14:50.359+0000] {logging_mixin.py:137} INFO - [2023-04-14T19:14:50.359+0000] {dagbag.py:532} INFO - Filling up the DagBag from /home/airflow/.local/lib/python3.7/site-packages/airflow/example_dags/example_trigger_target_dag.py
[2023-04-14T19:14:50.375+0000] {processor.py:753} INFO - DAG(s) dict_keys(['example_trigger_target_dag']) retrieved from /home/airflow/.local/lib/python3.7/site-packages/airflow/example_dags/example_trigger_target_dag.py
[2023-04-14T19:14:50.394+0000] {logging_mixin.py:137} INFO - [2023-04-14T19:14:50.393+0000] {dag.py:2705} INFO - Sync 1 DAGs
[2023-04-14T19:14:50.411+0000] {logging_mixin.py:137} INFO - [2023-04-14T19:14:50.411+0000] {dag.py:3456} INFO - Setting next_dagrun for example_trigger_target_dag to None, run_after=None
[2023-04-14T19:14:50.424+0000] {processor.py:175} INFO - Processing /home/airflow/.local/lib/python3.7/site-packages/airflow/example_dags/example_trigger_target_dag.py took 0.068 seconds
[2023-04-14T19:15:20.585+0000] {processor.py:153} INFO - Started process (PID=419) to work on /home/airflow/.local/lib/python3.7/site-packages/airflow/example_dags/example_trigger_target_dag.py
[2023-04-14T19:15:20.586+0000] {processor.py:743} INFO - Processing file /home/airflow/.local/lib/python3.7/site-packages/airflow/example_dags/example_trigger_target_dag.py for tasks to queue
[2023-04-14T19:15:20.587+0000] {logging_mixin.py:137} INFO - [2023-04-14T19:15:20.587+0000] {dagbag.py:532} INFO - Filling up the DagBag from /home/airflow/.local/lib/python3.7/site-packages/airflow/example_dags/example_trigger_target_dag.py
[2023-04-14T19:15:20.606+0000] {processor.py:753} INFO - DAG(s) dict_keys(['example_trigger_target_dag']) retrieved from /home/airflow/.local/lib/python3.7/site-packages/airflow/example_dags/example_trigger_target_dag.py
[2023-04-14T19:15:20.632+0000] {logging_mixin.py:137} INFO - [2023-04-14T19:15:20.632+0000] {dag.py:2705} INFO - Sync 1 DAGs
[2023-04-14T19:15:20.651+0000] {logging_mixin.py:137} INFO - [2023-04-14T19:15:20.651+0000] {dag.py:3456} INFO - Setting next_dagrun for example_trigger_target_dag to None, run_after=None
[2023-04-14T19:15:20.669+0000] {processor.py:175} INFO - Processing /home/airflow/.local/lib/python3.7/site-packages/airflow/example_dags/example_trigger_target_dag.py took 0.087 seconds
[2023-04-14T19:17:36.481+0000] {processor.py:153} INFO - Started process (PID=72) to work on /home/airflow/.local/lib/python3.7/site-packages/airflow/example_dags/example_trigger_target_dag.py
[2023-04-14T19:17:36.482+0000] {processor.py:743} INFO - Processing file /home/airflow/.local/lib/python3.7/site-packages/airflow/example_dags/example_trigger_target_dag.py for tasks to queue
[2023-04-14T19:17:36.483+0000] {logging_mixin.py:137} INFO - [2023-04-14T19:17:36.482+0000] {dagbag.py:532} INFO - Filling up the DagBag from /home/airflow/.local/lib/python3.7/site-packages/airflow/example_dags/example_trigger_target_dag.py
[2023-04-14T19:17:36.502+0000] {processor.py:753} INFO - DAG(s) dict_keys(['example_trigger_target_dag']) retrieved from /home/airflow/.local/lib/python3.7/site-packages/airflow/example_dags/example_trigger_target_dag.py
[2023-04-14T19:17:36.519+0000] {logging_mixin.py:137} INFO - [2023-04-14T19:17:36.518+0000] {dag.py:2705} INFO - Sync 1 DAGs
[2023-04-14T19:17:36.555+0000] {logging_mixin.py:137} INFO - [2023-04-14T19:17:36.554+0000] {dag.py:3456} INFO - Setting next_dagrun for example_trigger_target_dag to None, run_after=None
[2023-04-14T19:17:36.569+0000] {processor.py:175} INFO - Processing /home/airflow/.local/lib/python3.7/site-packages/airflow/example_dags/example_trigger_target_dag.py took 0.093 seconds
[2023-04-14T19:18:06.911+0000] {processor.py:153} INFO - Started process (PID=164) to work on /home/airflow/.local/lib/python3.7/site-packages/airflow/example_dags/example_trigger_target_dag.py
[2023-04-14T19:18:06.912+0000] {processor.py:743} INFO - Processing file /home/airflow/.local/lib/python3.7/site-packages/airflow/example_dags/example_trigger_target_dag.py for tasks to queue
[2023-04-14T19:18:06.912+0000] {logging_mixin.py:137} INFO - [2023-04-14T19:18:06.912+0000] {dagbag.py:532} INFO - Filling up the DagBag from /home/airflow/.local/lib/python3.7/site-packages/airflow/example_dags/example_trigger_target_dag.py
[2023-04-14T19:18:06.932+0000] {processor.py:753} INFO - DAG(s) dict_keys(['example_trigger_target_dag']) retrieved from /home/airflow/.local/lib/python3.7/site-packages/airflow/example_dags/example_trigger_target_dag.py
[2023-04-14T19:18:06.956+0000] {logging_mixin.py:137} INFO - [2023-04-14T19:18:06.955+0000] {dag.py:2705} INFO - Sync 1 DAGs
[2023-04-14T19:18:06.974+0000] {logging_mixin.py:137} INFO - [2023-04-14T19:18:06.974+0000] {dag.py:3456} INFO - Setting next_dagrun for example_trigger_target_dag to None, run_after=None
[2023-04-14T19:18:06.991+0000] {processor.py:175} INFO - Processing /home/airflow/.local/lib/python3.7/site-packages/airflow/example_dags/example_trigger_target_dag.py took 0.084 seconds
[2023-04-14T19:18:37.461+0000] {processor.py:153} INFO - Started process (PID=255) to work on /home/airflow/.local/lib/python3.7/site-packages/airflow/example_dags/example_trigger_target_dag.py
[2023-04-14T19:18:37.462+0000] {processor.py:743} INFO - Processing file /home/airflow/.local/lib/python3.7/site-packages/airflow/example_dags/example_trigger_target_dag.py for tasks to queue
[2023-04-14T19:18:37.463+0000] {logging_mixin.py:137} INFO - [2023-04-14T19:18:37.463+0000] {dagbag.py:532} INFO - Filling up the DagBag from /home/airflow/.local/lib/python3.7/site-packages/airflow/example_dags/example_trigger_target_dag.py
[2023-04-14T19:18:37.480+0000] {processor.py:753} INFO - DAG(s) dict_keys(['example_trigger_target_dag']) retrieved from /home/airflow/.local/lib/python3.7/site-packages/airflow/example_dags/example_trigger_target_dag.py
[2023-04-14T19:18:37.503+0000] {logging_mixin.py:137} INFO - [2023-04-14T19:18:37.503+0000] {dag.py:2705} INFO - Sync 1 DAGs
[2023-04-14T19:18:37.521+0000] {logging_mixin.py:137} INFO - [2023-04-14T19:18:37.521+0000] {dag.py:3456} INFO - Setting next_dagrun for example_trigger_target_dag to None, run_after=None
[2023-04-14T19:18:37.532+0000] {processor.py:175} INFO - Processing /home/airflow/.local/lib/python3.7/site-packages/airflow/example_dags/example_trigger_target_dag.py took 0.075 seconds
[2023-04-14T19:19:07.731+0000] {processor.py:153} INFO - Started process (PID=330) to work on /home/airflow/.local/lib/python3.7/site-packages/airflow/example_dags/example_trigger_target_dag.py
[2023-04-14T19:19:07.732+0000] {processor.py:743} INFO - Processing file /home/airflow/.local/lib/python3.7/site-packages/airflow/example_dags/example_trigger_target_dag.py for tasks to queue
[2023-04-14T19:19:07.732+0000] {logging_mixin.py:137} INFO - [2023-04-14T19:19:07.732+0000] {dagbag.py:532} INFO - Filling up the DagBag from /home/airflow/.local/lib/python3.7/site-packages/airflow/example_dags/example_trigger_target_dag.py
[2023-04-14T19:19:07.748+0000] {processor.py:753} INFO - DAG(s) dict_keys(['example_trigger_target_dag']) retrieved from /home/airflow/.local/lib/python3.7/site-packages/airflow/example_dags/example_trigger_target_dag.py
[2023-04-14T19:19:07.767+0000] {logging_mixin.py:137} INFO - [2023-04-14T19:19:07.767+0000] {dag.py:2705} INFO - Sync 1 DAGs
[2023-04-14T19:19:07.791+0000] {logging_mixin.py:137} INFO - [2023-04-14T19:19:07.791+0000] {dag.py:3456} INFO - Setting next_dagrun for example_trigger_target_dag to None, run_after=None
[2023-04-14T19:19:07.808+0000] {processor.py:175} INFO - Processing /home/airflow/.local/lib/python3.7/site-packages/airflow/example_dags/example_trigger_target_dag.py took 0.081 seconds
[2023-04-14T19:19:38.038+0000] {processor.py:153} INFO - Started process (PID=423) to work on /home/airflow/.local/lib/python3.7/site-packages/airflow/example_dags/example_trigger_target_dag.py
[2023-04-14T19:19:38.038+0000] {processor.py:743} INFO - Processing file /home/airflow/.local/lib/python3.7/site-packages/airflow/example_dags/example_trigger_target_dag.py for tasks to queue
[2023-04-14T19:19:38.039+0000] {logging_mixin.py:137} INFO - [2023-04-14T19:19:38.039+0000] {dagbag.py:532} INFO - Filling up the DagBag from /home/airflow/.local/lib/python3.7/site-packages/airflow/example_dags/example_trigger_target_dag.py
[2023-04-14T19:19:38.055+0000] {processor.py:753} INFO - DAG(s) dict_keys(['example_trigger_target_dag']) retrieved from /home/airflow/.local/lib/python3.7/site-packages/airflow/example_dags/example_trigger_target_dag.py
[2023-04-14T19:19:38.079+0000] {logging_mixin.py:137} INFO - [2023-04-14T19:19:38.079+0000] {dag.py:2705} INFO - Sync 1 DAGs
[2023-04-14T19:19:38.099+0000] {logging_mixin.py:137} INFO - [2023-04-14T19:19:38.099+0000] {dag.py:3456} INFO - Setting next_dagrun for example_trigger_target_dag to None, run_after=None
[2023-04-14T19:19:38.113+0000] {processor.py:175} INFO - Processing /home/airflow/.local/lib/python3.7/site-packages/airflow/example_dags/example_trigger_target_dag.py took 0.078 seconds
[2023-04-14T19:20:08.614+0000] {processor.py:153} INFO - Started process (PID=515) to work on /home/airflow/.local/lib/python3.7/site-packages/airflow/example_dags/example_trigger_target_dag.py
[2023-04-14T19:20:08.615+0000] {processor.py:743} INFO - Processing file /home/airflow/.local/lib/python3.7/site-packages/airflow/example_dags/example_trigger_target_dag.py for tasks to queue
[2023-04-14T19:20:08.616+0000] {logging_mixin.py:137} INFO - [2023-04-14T19:20:08.616+0000] {dagbag.py:532} INFO - Filling up the DagBag from /home/airflow/.local/lib/python3.7/site-packages/airflow/example_dags/example_trigger_target_dag.py
[2023-04-14T19:20:08.632+0000] {processor.py:753} INFO - DAG(s) dict_keys(['example_trigger_target_dag']) retrieved from /home/airflow/.local/lib/python3.7/site-packages/airflow/example_dags/example_trigger_target_dag.py
[2023-04-14T19:20:08.653+0000] {logging_mixin.py:137} INFO - [2023-04-14T19:20:08.653+0000] {dag.py:2705} INFO - Sync 1 DAGs
[2023-04-14T19:20:08.669+0000] {logging_mixin.py:137} INFO - [2023-04-14T19:20:08.669+0000] {dag.py:3456} INFO - Setting next_dagrun for example_trigger_target_dag to None, run_after=None
[2023-04-14T19:20:08.684+0000] {processor.py:175} INFO - Processing /home/airflow/.local/lib/python3.7/site-packages/airflow/example_dags/example_trigger_target_dag.py took 0.073 seconds
[2023-04-14T19:20:38.884+0000] {processor.py:153} INFO - Started process (PID=590) to work on /home/airflow/.local/lib/python3.7/site-packages/airflow/example_dags/example_trigger_target_dag.py
[2023-04-14T19:20:38.885+0000] {processor.py:743} INFO - Processing file /home/airflow/.local/lib/python3.7/site-packages/airflow/example_dags/example_trigger_target_dag.py for tasks to queue
[2023-04-14T19:20:38.885+0000] {logging_mixin.py:137} INFO - [2023-04-14T19:20:38.885+0000] {dagbag.py:532} INFO - Filling up the DagBag from /home/airflow/.local/lib/python3.7/site-packages/airflow/example_dags/example_trigger_target_dag.py
[2023-04-14T19:20:38.901+0000] {processor.py:753} INFO - DAG(s) dict_keys(['example_trigger_target_dag']) retrieved from /home/airflow/.local/lib/python3.7/site-packages/airflow/example_dags/example_trigger_target_dag.py
[2023-04-14T19:20:38.919+0000] {logging_mixin.py:137} INFO - [2023-04-14T19:20:38.919+0000] {dag.py:2705} INFO - Sync 1 DAGs
[2023-04-14T19:20:38.938+0000] {logging_mixin.py:137} INFO - [2023-04-14T19:20:38.938+0000] {dag.py:3456} INFO - Setting next_dagrun for example_trigger_target_dag to None, run_after=None
[2023-04-14T19:20:38.954+0000] {processor.py:175} INFO - Processing /home/airflow/.local/lib/python3.7/site-packages/airflow/example_dags/example_trigger_target_dag.py took 0.073 seconds
[2023-04-14T19:21:09.115+0000] {processor.py:153} INFO - Started process (PID=681) to work on /home/airflow/.local/lib/python3.7/site-packages/airflow/example_dags/example_trigger_target_dag.py
[2023-04-14T19:21:09.116+0000] {processor.py:743} INFO - Processing file /home/airflow/.local/lib/python3.7/site-packages/airflow/example_dags/example_trigger_target_dag.py for tasks to queue
[2023-04-14T19:21:09.117+0000] {logging_mixin.py:137} INFO - [2023-04-14T19:21:09.116+0000] {dagbag.py:532} INFO - Filling up the DagBag from /home/airflow/.local/lib/python3.7/site-packages/airflow/example_dags/example_trigger_target_dag.py
[2023-04-14T19:21:09.134+0000] {processor.py:753} INFO - DAG(s) dict_keys(['example_trigger_target_dag']) retrieved from /home/airflow/.local/lib/python3.7/site-packages/airflow/example_dags/example_trigger_target_dag.py
[2023-04-14T19:21:09.153+0000] {logging_mixin.py:137} INFO - [2023-04-14T19:21:09.153+0000] {dag.py:2705} INFO - Sync 1 DAGs
[2023-04-14T19:21:09.172+0000] {logging_mixin.py:137} INFO - [2023-04-14T19:21:09.172+0000] {dag.py:3456} INFO - Setting next_dagrun for example_trigger_target_dag to None, run_after=None
[2023-04-14T19:21:09.184+0000] {processor.py:175} INFO - Processing /home/airflow/.local/lib/python3.7/site-packages/airflow/example_dags/example_trigger_target_dag.py took 0.073 seconds
[2023-04-14T19:21:39.262+0000] {processor.py:153} INFO - Started process (PID=756) to work on /home/airflow/.local/lib/python3.7/site-packages/airflow/example_dags/example_trigger_target_dag.py
[2023-04-14T19:21:39.263+0000] {processor.py:743} INFO - Processing file /home/airflow/.local/lib/python3.7/site-packages/airflow/example_dags/example_trigger_target_dag.py for tasks to queue
[2023-04-14T19:21:39.263+0000] {logging_mixin.py:137} INFO - [2023-04-14T19:21:39.263+0000] {dagbag.py:532} INFO - Filling up the DagBag from /home/airflow/.local/lib/python3.7/site-packages/airflow/example_dags/example_trigger_target_dag.py
[2023-04-14T19:21:39.278+0000] {processor.py:753} INFO - DAG(s) dict_keys(['example_trigger_target_dag']) retrieved from /home/airflow/.local/lib/python3.7/site-packages/airflow/example_dags/example_trigger_target_dag.py
[2023-04-14T19:21:39.298+0000] {logging_mixin.py:137} INFO - [2023-04-14T19:21:39.298+0000] {dag.py:2705} INFO - Sync 1 DAGs
[2023-04-14T19:21:39.315+0000] {logging_mixin.py:137} INFO - [2023-04-14T19:21:39.315+0000] {dag.py:3456} INFO - Setting next_dagrun for example_trigger_target_dag to None, run_after=None
[2023-04-14T19:21:39.327+0000] {processor.py:175} INFO - Processing /home/airflow/.local/lib/python3.7/site-packages/airflow/example_dags/example_trigger_target_dag.py took 0.067 seconds
[2023-04-14T19:22:09.435+0000] {processor.py:153} INFO - Started process (PID=847) to work on /home/airflow/.local/lib/python3.7/site-packages/airflow/example_dags/example_trigger_target_dag.py
[2023-04-14T19:22:09.435+0000] {processor.py:743} INFO - Processing file /home/airflow/.local/lib/python3.7/site-packages/airflow/example_dags/example_trigger_target_dag.py for tasks to queue
[2023-04-14T19:22:09.436+0000] {logging_mixin.py:137} INFO - [2023-04-14T19:22:09.436+0000] {dagbag.py:532} INFO - Filling up the DagBag from /home/airflow/.local/lib/python3.7/site-packages/airflow/example_dags/example_trigger_target_dag.py
[2023-04-14T19:22:09.454+0000] {processor.py:753} INFO - DAG(s) dict_keys(['example_trigger_target_dag']) retrieved from /home/airflow/.local/lib/python3.7/site-packages/airflow/example_dags/example_trigger_target_dag.py
[2023-04-14T19:22:09.473+0000] {logging_mixin.py:137} INFO - [2023-04-14T19:22:09.473+0000] {dag.py:2705} INFO - Sync 1 DAGs
[2023-04-14T19:22:09.490+0000] {logging_mixin.py:137} INFO - [2023-04-14T19:22:09.490+0000] {dag.py:3456} INFO - Setting next_dagrun for example_trigger_target_dag to None, run_after=None
[2023-04-14T19:22:09.501+0000] {processor.py:175} INFO - Processing /home/airflow/.local/lib/python3.7/site-packages/airflow/example_dags/example_trigger_target_dag.py took 0.071 seconds
[2023-04-14T19:22:40.169+0000] {processor.py:153} INFO - Started process (PID=938) to work on /home/airflow/.local/lib/python3.7/site-packages/airflow/example_dags/example_trigger_target_dag.py
[2023-04-14T19:22:40.170+0000] {processor.py:743} INFO - Processing file /home/airflow/.local/lib/python3.7/site-packages/airflow/example_dags/example_trigger_target_dag.py for tasks to queue
[2023-04-14T19:22:40.171+0000] {logging_mixin.py:137} INFO - [2023-04-14T19:22:40.171+0000] {dagbag.py:532} INFO - Filling up the DagBag from /home/airflow/.local/lib/python3.7/site-packages/airflow/example_dags/example_trigger_target_dag.py
[2023-04-14T19:22:40.189+0000] {processor.py:753} INFO - DAG(s) dict_keys(['example_trigger_target_dag']) retrieved from /home/airflow/.local/lib/python3.7/site-packages/airflow/example_dags/example_trigger_target_dag.py
[2023-04-14T19:22:40.209+0000] {logging_mixin.py:137} INFO - [2023-04-14T19:22:40.209+0000] {dag.py:2705} INFO - Sync 1 DAGs
[2023-04-14T19:22:40.233+0000] {logging_mixin.py:137} INFO - [2023-04-14T19:22:40.233+0000] {dag.py:3456} INFO - Setting next_dagrun for example_trigger_target_dag to None, run_after=None
[2023-04-14T19:22:40.248+0000] {processor.py:175} INFO - Processing /home/airflow/.local/lib/python3.7/site-packages/airflow/example_dags/example_trigger_target_dag.py took 0.083 seconds
[2023-04-14T19:23:10.336+0000] {processor.py:153} INFO - Started process (PID=1013) to work on /home/airflow/.local/lib/python3.7/site-packages/airflow/example_dags/example_trigger_target_dag.py
[2023-04-14T19:23:10.337+0000] {processor.py:743} INFO - Processing file /home/airflow/.local/lib/python3.7/site-packages/airflow/example_dags/example_trigger_target_dag.py for tasks to queue
[2023-04-14T19:23:10.338+0000] {logging_mixin.py:137} INFO - [2023-04-14T19:23:10.337+0000] {dagbag.py:532} INFO - Filling up the DagBag from /home/airflow/.local/lib/python3.7/site-packages/airflow/example_dags/example_trigger_target_dag.py
[2023-04-14T19:23:10.354+0000] {processor.py:753} INFO - DAG(s) dict_keys(['example_trigger_target_dag']) retrieved from /home/airflow/.local/lib/python3.7/site-packages/airflow/example_dags/example_trigger_target_dag.py
[2023-04-14T19:23:10.375+0000] {logging_mixin.py:137} INFO - [2023-04-14T19:23:10.375+0000] {dag.py:2705} INFO - Sync 1 DAGs
[2023-04-14T19:23:10.395+0000] {logging_mixin.py:137} INFO - [2023-04-14T19:23:10.395+0000] {dag.py:3456} INFO - Setting next_dagrun for example_trigger_target_dag to None, run_after=None
[2023-04-14T19:23:10.409+0000] {processor.py:175} INFO - Processing /home/airflow/.local/lib/python3.7/site-packages/airflow/example_dags/example_trigger_target_dag.py took 0.076 seconds
[2023-04-14T19:23:40.484+0000] {processor.py:153} INFO - Started process (PID=1104) to work on /home/airflow/.local/lib/python3.7/site-packages/airflow/example_dags/example_trigger_target_dag.py
[2023-04-14T19:23:40.485+0000] {processor.py:743} INFO - Processing file /home/airflow/.local/lib/python3.7/site-packages/airflow/example_dags/example_trigger_target_dag.py for tasks to queue
[2023-04-14T19:23:40.487+0000] {logging_mixin.py:137} INFO - [2023-04-14T19:23:40.486+0000] {dagbag.py:532} INFO - Filling up the DagBag from /home/airflow/.local/lib/python3.7/site-packages/airflow/example_dags/example_trigger_target_dag.py
[2023-04-14T19:23:40.505+0000] {processor.py:753} INFO - DAG(s) dict_keys(['example_trigger_target_dag']) retrieved from /home/airflow/.local/lib/python3.7/site-packages/airflow/example_dags/example_trigger_target_dag.py
[2023-04-14T19:23:40.525+0000] {logging_mixin.py:137} INFO - [2023-04-14T19:23:40.525+0000] {dag.py:2705} INFO - Sync 1 DAGs
[2023-04-14T19:23:40.542+0000] {logging_mixin.py:137} INFO - [2023-04-14T19:23:40.542+0000] {dag.py:3456} INFO - Setting next_dagrun for example_trigger_target_dag to None, run_after=None
[2023-04-14T19:23:40.560+0000] {processor.py:175} INFO - Processing /home/airflow/.local/lib/python3.7/site-packages/airflow/example_dags/example_trigger_target_dag.py took 0.080 seconds
[2023-04-14T19:24:10.635+0000] {processor.py:153} INFO - Started process (PID=1195) to work on /home/airflow/.local/lib/python3.7/site-packages/airflow/example_dags/example_trigger_target_dag.py
[2023-04-14T19:24:10.636+0000] {processor.py:743} INFO - Processing file /home/airflow/.local/lib/python3.7/site-packages/airflow/example_dags/example_trigger_target_dag.py for tasks to queue
[2023-04-14T19:24:10.637+0000] {logging_mixin.py:137} INFO - [2023-04-14T19:24:10.637+0000] {dagbag.py:532} INFO - Filling up the DagBag from /home/airflow/.local/lib/python3.7/site-packages/airflow/example_dags/example_trigger_target_dag.py
[2023-04-14T19:24:10.655+0000] {processor.py:753} INFO - DAG(s) dict_keys(['example_trigger_target_dag']) retrieved from /home/airflow/.local/lib/python3.7/site-packages/airflow/example_dags/example_trigger_target_dag.py
[2023-04-14T19:24:10.678+0000] {logging_mixin.py:137} INFO - [2023-04-14T19:24:10.678+0000] {dag.py:2705} INFO - Sync 1 DAGs
[2023-04-14T19:24:10.698+0000] {logging_mixin.py:137} INFO - [2023-04-14T19:24:10.698+0000] {dag.py:3456} INFO - Setting next_dagrun for example_trigger_target_dag to None, run_after=None
[2023-04-14T19:24:10.713+0000] {processor.py:175} INFO - Processing /home/airflow/.local/lib/python3.7/site-packages/airflow/example_dags/example_trigger_target_dag.py took 0.082 seconds
[2023-04-14T19:26:10.296+0000] {processor.py:153} INFO - Started process (PID=72) to work on /home/airflow/.local/lib/python3.7/site-packages/airflow/example_dags/example_trigger_target_dag.py
[2023-04-14T19:26:10.297+0000] {processor.py:743} INFO - Processing file /home/airflow/.local/lib/python3.7/site-packages/airflow/example_dags/example_trigger_target_dag.py for tasks to queue
[2023-04-14T19:26:10.298+0000] {logging_mixin.py:137} INFO - [2023-04-14T19:26:10.298+0000] {dagbag.py:532} INFO - Filling up the DagBag from /home/airflow/.local/lib/python3.7/site-packages/airflow/example_dags/example_trigger_target_dag.py
[2023-04-14T19:26:10.315+0000] {processor.py:753} INFO - DAG(s) dict_keys(['example_trigger_target_dag']) retrieved from /home/airflow/.local/lib/python3.7/site-packages/airflow/example_dags/example_trigger_target_dag.py
[2023-04-14T19:26:10.328+0000] {logging_mixin.py:137} INFO - [2023-04-14T19:26:10.328+0000] {dag.py:2705} INFO - Sync 1 DAGs
[2023-04-14T19:26:10.351+0000] {logging_mixin.py:137} INFO - [2023-04-14T19:26:10.351+0000] {dag.py:3456} INFO - Setting next_dagrun for example_trigger_target_dag to None, run_after=None
[2023-04-14T19:26:10.370+0000] {processor.py:175} INFO - Processing /home/airflow/.local/lib/python3.7/site-packages/airflow/example_dags/example_trigger_target_dag.py took 0.077 seconds
[2023-04-14T19:26:40.528+0000] {processor.py:153} INFO - Started process (PID=163) to work on /home/airflow/.local/lib/python3.7/site-packages/airflow/example_dags/example_trigger_target_dag.py
[2023-04-14T19:26:40.528+0000] {processor.py:743} INFO - Processing file /home/airflow/.local/lib/python3.7/site-packages/airflow/example_dags/example_trigger_target_dag.py for tasks to queue
[2023-04-14T19:26:40.529+0000] {logging_mixin.py:137} INFO - [2023-04-14T19:26:40.529+0000] {dagbag.py:532} INFO - Filling up the DagBag from /home/airflow/.local/lib/python3.7/site-packages/airflow/example_dags/example_trigger_target_dag.py
[2023-04-14T19:26:40.545+0000] {processor.py:753} INFO - DAG(s) dict_keys(['example_trigger_target_dag']) retrieved from /home/airflow/.local/lib/python3.7/site-packages/airflow/example_dags/example_trigger_target_dag.py
[2023-04-14T19:26:40.564+0000] {logging_mixin.py:137} INFO - [2023-04-14T19:26:40.564+0000] {dag.py:2705} INFO - Sync 1 DAGs
[2023-04-14T19:26:40.581+0000] {logging_mixin.py:137} INFO - [2023-04-14T19:26:40.581+0000] {dag.py:3456} INFO - Setting next_dagrun for example_trigger_target_dag to None, run_after=None
[2023-04-14T19:26:40.593+0000] {processor.py:175} INFO - Processing /home/airflow/.local/lib/python3.7/site-packages/airflow/example_dags/example_trigger_target_dag.py took 0.068 seconds
[2023-04-14T19:27:10.888+0000] {processor.py:153} INFO - Started process (PID=254) to work on /home/airflow/.local/lib/python3.7/site-packages/airflow/example_dags/example_trigger_target_dag.py
[2023-04-14T19:27:10.889+0000] {processor.py:743} INFO - Processing file /home/airflow/.local/lib/python3.7/site-packages/airflow/example_dags/example_trigger_target_dag.py for tasks to queue
[2023-04-14T19:27:10.890+0000] {logging_mixin.py:137} INFO - [2023-04-14T19:27:10.890+0000] {dagbag.py:532} INFO - Filling up the DagBag from /home/airflow/.local/lib/python3.7/site-packages/airflow/example_dags/example_trigger_target_dag.py
[2023-04-14T19:27:10.906+0000] {processor.py:753} INFO - DAG(s) dict_keys(['example_trigger_target_dag']) retrieved from /home/airflow/.local/lib/python3.7/site-packages/airflow/example_dags/example_trigger_target_dag.py
[2023-04-14T19:27:10.925+0000] {logging_mixin.py:137} INFO - [2023-04-14T19:27:10.925+0000] {dag.py:2705} INFO - Sync 1 DAGs
[2023-04-14T19:27:10.942+0000] {logging_mixin.py:137} INFO - [2023-04-14T19:27:10.941+0000] {dag.py:3456} INFO - Setting next_dagrun for example_trigger_target_dag to None, run_after=None
[2023-04-14T19:27:10.954+0000] {processor.py:175} INFO - Processing /home/airflow/.local/lib/python3.7/site-packages/airflow/example_dags/example_trigger_target_dag.py took 0.068 seconds
[2023-04-14T19:31:45.660+0000] {processor.py:153} INFO - Started process (PID=63) to work on /home/airflow/.local/lib/python3.10/site-packages/airflow/example_dags/example_trigger_target_dag.py
[2023-04-14T19:31:45.661+0000] {processor.py:743} INFO - Processing file /home/airflow/.local/lib/python3.10/site-packages/airflow/example_dags/example_trigger_target_dag.py for tasks to queue
[2023-04-14T19:31:45.662+0000] {logging_mixin.py:137} INFO - [2023-04-14T19:31:45.661+0000] {dagbag.py:532} INFO - Filling up the DagBag from /home/airflow/.local/lib/python3.10/site-packages/airflow/example_dags/example_trigger_target_dag.py
[2023-04-14T19:31:45.684+0000] {processor.py:753} INFO - DAG(s) dict_keys(['example_trigger_target_dag']) retrieved from /home/airflow/.local/lib/python3.10/site-packages/airflow/example_dags/example_trigger_target_dag.py
[2023-04-14T19:31:45.694+0000] {logging_mixin.py:137} INFO - [2023-04-14T19:31:45.694+0000] {dag.py:2705} INFO - Sync 1 DAGs
[2023-04-14T19:31:45.712+0000] {logging_mixin.py:137} INFO - [2023-04-14T19:31:45.711+0000] {dag.py:3452} INFO - Setting next_dagrun for example_trigger_target_dag to None, run_after=None
[2023-04-14T19:31:45.723+0000] {processor.py:175} INFO - Processing /home/airflow/.local/lib/python3.10/site-packages/airflow/example_dags/example_trigger_target_dag.py took 0.066 seconds
[2023-04-14T19:32:16.759+0000] {processor.py:153} INFO - Started process (PID=147) to work on /home/airflow/.local/lib/python3.10/site-packages/airflow/example_dags/example_trigger_target_dag.py
[2023-04-14T19:32:16.759+0000] {processor.py:743} INFO - Processing file /home/airflow/.local/lib/python3.10/site-packages/airflow/example_dags/example_trigger_target_dag.py for tasks to queue
[2023-04-14T19:32:16.760+0000] {logging_mixin.py:137} INFO - [2023-04-14T19:32:16.760+0000] {dagbag.py:532} INFO - Filling up the DagBag from /home/airflow/.local/lib/python3.10/site-packages/airflow/example_dags/example_trigger_target_dag.py
[2023-04-14T19:32:16.778+0000] {processor.py:753} INFO - DAG(s) dict_keys(['example_trigger_target_dag']) retrieved from /home/airflow/.local/lib/python3.10/site-packages/airflow/example_dags/example_trigger_target_dag.py
[2023-04-14T19:32:16.803+0000] {logging_mixin.py:137} INFO - [2023-04-14T19:32:16.803+0000] {dag.py:2705} INFO - Sync 1 DAGs
[2023-04-14T19:32:16.820+0000] {logging_mixin.py:137} INFO - [2023-04-14T19:32:16.820+0000] {dag.py:3452} INFO - Setting next_dagrun for example_trigger_target_dag to None, run_after=None
[2023-04-14T19:32:16.833+0000] {processor.py:175} INFO - Processing /home/airflow/.local/lib/python3.10/site-packages/airflow/example_dags/example_trigger_target_dag.py took 0.077 seconds
[2023-04-14T19:32:47.729+0000] {processor.py:153} INFO - Started process (PID=231) to work on /home/airflow/.local/lib/python3.10/site-packages/airflow/example_dags/example_trigger_target_dag.py
[2023-04-14T19:32:47.730+0000] {processor.py:743} INFO - Processing file /home/airflow/.local/lib/python3.10/site-packages/airflow/example_dags/example_trigger_target_dag.py for tasks to queue
[2023-04-14T19:32:47.730+0000] {logging_mixin.py:137} INFO - [2023-04-14T19:32:47.730+0000] {dagbag.py:532} INFO - Filling up the DagBag from /home/airflow/.local/lib/python3.10/site-packages/airflow/example_dags/example_trigger_target_dag.py
[2023-04-14T19:32:47.747+0000] {processor.py:753} INFO - DAG(s) dict_keys(['example_trigger_target_dag']) retrieved from /home/airflow/.local/lib/python3.10/site-packages/airflow/example_dags/example_trigger_target_dag.py
[2023-04-14T19:32:47.768+0000] {logging_mixin.py:137} INFO - [2023-04-14T19:32:47.768+0000] {dag.py:2705} INFO - Sync 1 DAGs
[2023-04-14T19:32:47.784+0000] {logging_mixin.py:137} INFO - [2023-04-14T19:32:47.784+0000] {dag.py:3452} INFO - Setting next_dagrun for example_trigger_target_dag to None, run_after=None
[2023-04-14T19:32:47.798+0000] {processor.py:175} INFO - Processing /home/airflow/.local/lib/python3.10/site-packages/airflow/example_dags/example_trigger_target_dag.py took 0.072 seconds
[2023-04-14T19:33:24.876+0000] {processor.py:153} INFO - Started process (PID=64) to work on /home/airflow/.local/lib/python3.10/site-packages/airflow/example_dags/example_trigger_target_dag.py
[2023-04-14T19:33:24.877+0000] {processor.py:743} INFO - Processing file /home/airflow/.local/lib/python3.10/site-packages/airflow/example_dags/example_trigger_target_dag.py for tasks to queue
[2023-04-14T19:33:24.877+0000] {logging_mixin.py:137} INFO - [2023-04-14T19:33:24.877+0000] {dagbag.py:532} INFO - Filling up the DagBag from /home/airflow/.local/lib/python3.10/site-packages/airflow/example_dags/example_trigger_target_dag.py
[2023-04-14T19:33:24.895+0000] {processor.py:753} INFO - DAG(s) dict_keys(['example_trigger_target_dag']) retrieved from /home/airflow/.local/lib/python3.10/site-packages/airflow/example_dags/example_trigger_target_dag.py
[2023-04-14T19:33:24.903+0000] {logging_mixin.py:137} INFO - [2023-04-14T19:33:24.903+0000] {dag.py:2705} INFO - Sync 1 DAGs
[2023-04-14T19:33:24.919+0000] {logging_mixin.py:137} INFO - [2023-04-14T19:33:24.919+0000] {dag.py:3452} INFO - Setting next_dagrun for example_trigger_target_dag to None, run_after=None
[2023-04-14T19:33:24.930+0000] {processor.py:175} INFO - Processing /home/airflow/.local/lib/python3.10/site-packages/airflow/example_dags/example_trigger_target_dag.py took 0.056 seconds
[2023-04-14T19:33:55.845+0000] {processor.py:153} INFO - Started process (PID=148) to work on /home/airflow/.local/lib/python3.10/site-packages/airflow/example_dags/example_trigger_target_dag.py
[2023-04-14T19:33:55.846+0000] {processor.py:743} INFO - Processing file /home/airflow/.local/lib/python3.10/site-packages/airflow/example_dags/example_trigger_target_dag.py for tasks to queue
[2023-04-14T19:33:55.846+0000] {logging_mixin.py:137} INFO - [2023-04-14T19:33:55.846+0000] {dagbag.py:532} INFO - Filling up the DagBag from /home/airflow/.local/lib/python3.10/site-packages/airflow/example_dags/example_trigger_target_dag.py
[2023-04-14T19:33:55.863+0000] {processor.py:753} INFO - DAG(s) dict_keys(['example_trigger_target_dag']) retrieved from /home/airflow/.local/lib/python3.10/site-packages/airflow/example_dags/example_trigger_target_dag.py
[2023-04-14T19:33:55.880+0000] {logging_mixin.py:137} INFO - [2023-04-14T19:33:55.880+0000] {dag.py:2705} INFO - Sync 1 DAGs
[2023-04-14T19:33:55.895+0000] {logging_mixin.py:137} INFO - [2023-04-14T19:33:55.894+0000] {dag.py:3452} INFO - Setting next_dagrun for example_trigger_target_dag to None, run_after=None
[2023-04-14T19:33:55.905+0000] {processor.py:175} INFO - Processing /home/airflow/.local/lib/python3.10/site-packages/airflow/example_dags/example_trigger_target_dag.py took 0.062 seconds
[2023-04-14T19:34:26.968+0000] {processor.py:153} INFO - Started process (PID=232) to work on /home/airflow/.local/lib/python3.10/site-packages/airflow/example_dags/example_trigger_target_dag.py
[2023-04-14T19:34:26.969+0000] {processor.py:743} INFO - Processing file /home/airflow/.local/lib/python3.10/site-packages/airflow/example_dags/example_trigger_target_dag.py for tasks to queue
[2023-04-14T19:34:26.970+0000] {logging_mixin.py:137} INFO - [2023-04-14T19:34:26.970+0000] {dagbag.py:532} INFO - Filling up the DagBag from /home/airflow/.local/lib/python3.10/site-packages/airflow/example_dags/example_trigger_target_dag.py
[2023-04-14T19:34:26.987+0000] {processor.py:753} INFO - DAG(s) dict_keys(['example_trigger_target_dag']) retrieved from /home/airflow/.local/lib/python3.10/site-packages/airflow/example_dags/example_trigger_target_dag.py
[2023-04-14T19:34:27.008+0000] {logging_mixin.py:137} INFO - [2023-04-14T19:34:27.008+0000] {dag.py:2705} INFO - Sync 1 DAGs
[2023-04-14T19:34:27.025+0000] {logging_mixin.py:137} INFO - [2023-04-14T19:34:27.025+0000] {dag.py:3452} INFO - Setting next_dagrun for example_trigger_target_dag to None, run_after=None
[2023-04-14T19:34:27.039+0000] {processor.py:175} INFO - Processing /home/airflow/.local/lib/python3.10/site-packages/airflow/example_dags/example_trigger_target_dag.py took 0.074 seconds
[2023-04-14T19:35:38.227+0000] {processor.py:153} INFO - Started process (PID=64) to work on /home/airflow/.local/lib/python3.10/site-packages/airflow/example_dags/example_trigger_target_dag.py
[2023-04-14T19:35:38.227+0000] {processor.py:743} INFO - Processing file /home/airflow/.local/lib/python3.10/site-packages/airflow/example_dags/example_trigger_target_dag.py for tasks to queue
[2023-04-14T19:35:38.228+0000] {logging_mixin.py:137} INFO - [2023-04-14T19:35:38.228+0000] {dagbag.py:532} INFO - Filling up the DagBag from /home/airflow/.local/lib/python3.10/site-packages/airflow/example_dags/example_trigger_target_dag.py
[2023-04-14T19:35:38.247+0000] {processor.py:753} INFO - DAG(s) dict_keys(['example_trigger_target_dag']) retrieved from /home/airflow/.local/lib/python3.10/site-packages/airflow/example_dags/example_trigger_target_dag.py
[2023-04-14T19:35:38.256+0000] {logging_mixin.py:137} INFO - [2023-04-14T19:35:38.256+0000] {dag.py:2705} INFO - Sync 1 DAGs
[2023-04-14T19:35:38.270+0000] {logging_mixin.py:137} INFO - [2023-04-14T19:35:38.270+0000] {dag.py:3452} INFO - Setting next_dagrun for example_trigger_target_dag to None, run_after=None
[2023-04-14T19:35:38.284+0000] {processor.py:175} INFO - Processing /home/airflow/.local/lib/python3.10/site-packages/airflow/example_dags/example_trigger_target_dag.py took 0.060 seconds
[2023-04-14T19:36:09.346+0000] {processor.py:153} INFO - Started process (PID=149) to work on /home/airflow/.local/lib/python3.10/site-packages/airflow/example_dags/example_trigger_target_dag.py
[2023-04-14T19:36:09.346+0000] {processor.py:743} INFO - Processing file /home/airflow/.local/lib/python3.10/site-packages/airflow/example_dags/example_trigger_target_dag.py for tasks to queue
[2023-04-14T19:36:09.347+0000] {logging_mixin.py:137} INFO - [2023-04-14T19:36:09.347+0000] {dagbag.py:532} INFO - Filling up the DagBag from /home/airflow/.local/lib/python3.10/site-packages/airflow/example_dags/example_trigger_target_dag.py
[2023-04-14T19:36:09.364+0000] {processor.py:753} INFO - DAG(s) dict_keys(['example_trigger_target_dag']) retrieved from /home/airflow/.local/lib/python3.10/site-packages/airflow/example_dags/example_trigger_target_dag.py
[2023-04-14T19:36:09.381+0000] {logging_mixin.py:137} INFO - [2023-04-14T19:36:09.381+0000] {dag.py:2705} INFO - Sync 1 DAGs
[2023-04-14T19:36:09.396+0000] {logging_mixin.py:137} INFO - [2023-04-14T19:36:09.395+0000] {dag.py:3452} INFO - Setting next_dagrun for example_trigger_target_dag to None, run_after=None
[2023-04-14T19:36:09.406+0000] {processor.py:175} INFO - Processing /home/airflow/.local/lib/python3.10/site-packages/airflow/example_dags/example_trigger_target_dag.py took 0.063 seconds
