[2023-04-14T19:13:17.365+0000] {processor.py:153} INFO - Started process (PID=44) to work on /home/airflow/.local/lib/python3.7/site-packages/airflow/example_dags/example_datasets.py
[2023-04-14T19:13:17.366+0000] {processor.py:743} INFO - Processing file /home/airflow/.local/lib/python3.7/site-packages/airflow/example_dags/example_datasets.py for tasks to queue
[2023-04-14T19:13:17.367+0000] {logging_mixin.py:137} INFO - [2023-04-14T19:13:17.366+0000] {dagbag.py:532} INFO - Filling up the DagBag from /home/airflow/.local/lib/python3.7/site-packages/airflow/example_dags/example_datasets.py
[2023-04-14T19:13:17.385+0000] {processor.py:753} INFO - DAG(s) dict_keys(['dataset_consumes_1_never_scheduled', 'dataset_produces_2', 'dataset_consumes_unknown_never_scheduled', 'dataset_consumes_1_and_2', 'dataset_produces_1', 'dataset_consumes_1']) retrieved from /home/airflow/.local/lib/python3.7/site-packages/airflow/example_dags/example_datasets.py
[2023-04-14T19:13:17.402+0000] {logging_mixin.py:137} INFO - [2023-04-14T19:13:17.402+0000] {dag.py:2705} INFO - Sync 6 DAGs
[2023-04-14T19:13:17.438+0000] {logging_mixin.py:137} INFO - [2023-04-14T19:13:17.438+0000] {dag.py:3456} INFO - Setting next_dagrun for dataset_consumes_1 to None, run_after=None
[2023-04-14T19:13:17.442+0000] {logging_mixin.py:137} INFO - [2023-04-14T19:13:17.442+0000] {dag.py:3456} INFO - Setting next_dagrun for dataset_consumes_1_and_2 to None, run_after=None
[2023-04-14T19:13:17.444+0000] {logging_mixin.py:137} INFO - [2023-04-14T19:13:17.444+0000] {dag.py:3456} INFO - Setting next_dagrun for dataset_consumes_1_never_scheduled to None, run_after=None
[2023-04-14T19:13:17.446+0000] {logging_mixin.py:137} INFO - [2023-04-14T19:13:17.446+0000] {dag.py:3456} INFO - Setting next_dagrun for dataset_consumes_unknown_never_scheduled to None, run_after=None
[2023-04-14T19:13:17.450+0000] {logging_mixin.py:137} INFO - [2023-04-14T19:13:17.450+0000] {dag.py:3456} INFO - Setting next_dagrun for dataset_produces_1 to 2023-04-13T00:00:00+00:00, run_after=2023-04-14T00:00:00+00:00
[2023-04-14T19:13:17.452+0000] {logging_mixin.py:137} INFO - [2023-04-14T19:13:17.452+0000] {dag.py:3456} INFO - Setting next_dagrun for dataset_produces_2 to None, run_after=None
[2023-04-14T19:13:17.481+0000] {processor.py:175} INFO - Processing /home/airflow/.local/lib/python3.7/site-packages/airflow/example_dags/example_datasets.py took 0.120 seconds
[2023-04-14T19:13:47.591+0000] {processor.py:153} INFO - Started process (PID=134) to work on /home/airflow/.local/lib/python3.7/site-packages/airflow/example_dags/example_datasets.py
[2023-04-14T19:13:47.591+0000] {processor.py:743} INFO - Processing file /home/airflow/.local/lib/python3.7/site-packages/airflow/example_dags/example_datasets.py for tasks to queue
[2023-04-14T19:13:47.592+0000] {logging_mixin.py:137} INFO - [2023-04-14T19:13:47.592+0000] {dagbag.py:532} INFO - Filling up the DagBag from /home/airflow/.local/lib/python3.7/site-packages/airflow/example_dags/example_datasets.py
[2023-04-14T19:13:47.603+0000] {processor.py:753} INFO - DAG(s) dict_keys(['dataset_consumes_1', 'dataset_consumes_1_never_scheduled', 'dataset_produces_1', 'dataset_consumes_unknown_never_scheduled', 'dataset_consumes_1_and_2', 'dataset_produces_2']) retrieved from /home/airflow/.local/lib/python3.7/site-packages/airflow/example_dags/example_datasets.py
[2023-04-14T19:13:47.666+0000] {logging_mixin.py:137} INFO - [2023-04-14T19:13:47.666+0000] {dag.py:2705} INFO - Sync 6 DAGs
[2023-04-14T19:13:47.684+0000] {logging_mixin.py:137} INFO - [2023-04-14T19:13:47.684+0000] {dag.py:3456} INFO - Setting next_dagrun for dataset_consumes_1 to None, run_after=None
[2023-04-14T19:13:47.687+0000] {logging_mixin.py:137} INFO - [2023-04-14T19:13:47.686+0000] {dag.py:3456} INFO - Setting next_dagrun for dataset_consumes_1_and_2 to None, run_after=None
[2023-04-14T19:13:47.688+0000] {logging_mixin.py:137} INFO - [2023-04-14T19:13:47.687+0000] {dag.py:3456} INFO - Setting next_dagrun for dataset_consumes_1_never_scheduled to None, run_after=None
[2023-04-14T19:13:47.689+0000] {logging_mixin.py:137} INFO - [2023-04-14T19:13:47.689+0000] {dag.py:3456} INFO - Setting next_dagrun for dataset_consumes_unknown_never_scheduled to None, run_after=None
[2023-04-14T19:13:47.691+0000] {logging_mixin.py:137} INFO - [2023-04-14T19:13:47.691+0000] {dag.py:3456} INFO - Setting next_dagrun for dataset_produces_1 to 2023-04-13T00:00:00+00:00, run_after=2023-04-14T00:00:00+00:00
[2023-04-14T19:13:47.692+0000] {logging_mixin.py:137} INFO - [2023-04-14T19:13:47.692+0000] {dag.py:3456} INFO - Setting next_dagrun for dataset_produces_2 to None, run_after=None
[2023-04-14T19:13:47.713+0000] {processor.py:175} INFO - Processing /home/airflow/.local/lib/python3.7/site-packages/airflow/example_dags/example_datasets.py took 0.126 seconds
[2023-04-14T19:14:17.851+0000] {processor.py:153} INFO - Started process (PID=218) to work on /home/airflow/.local/lib/python3.7/site-packages/airflow/example_dags/example_datasets.py
[2023-04-14T19:14:17.851+0000] {processor.py:743} INFO - Processing file /home/airflow/.local/lib/python3.7/site-packages/airflow/example_dags/example_datasets.py for tasks to queue
[2023-04-14T19:14:17.853+0000] {logging_mixin.py:137} INFO - [2023-04-14T19:14:17.852+0000] {dagbag.py:532} INFO - Filling up the DagBag from /home/airflow/.local/lib/python3.7/site-packages/airflow/example_dags/example_datasets.py
[2023-04-14T19:14:17.866+0000] {processor.py:753} INFO - DAG(s) dict_keys(['dataset_consumes_1_and_2', 'dataset_consumes_1_never_scheduled', 'dataset_produces_1', 'dataset_consumes_unknown_never_scheduled', 'dataset_consumes_1', 'dataset_produces_2']) retrieved from /home/airflow/.local/lib/python3.7/site-packages/airflow/example_dags/example_datasets.py
[2023-04-14T19:14:17.898+0000] {logging_mixin.py:137} INFO - [2023-04-14T19:14:17.898+0000] {dag.py:2705} INFO - Sync 6 DAGs
[2023-04-14T19:14:17.916+0000] {logging_mixin.py:137} INFO - [2023-04-14T19:14:17.916+0000] {dag.py:3456} INFO - Setting next_dagrun for dataset_consumes_1 to None, run_after=None
[2023-04-14T19:14:17.919+0000] {logging_mixin.py:137} INFO - [2023-04-14T19:14:17.919+0000] {dag.py:3456} INFO - Setting next_dagrun for dataset_consumes_1_and_2 to None, run_after=None
[2023-04-14T19:14:17.920+0000] {logging_mixin.py:137} INFO - [2023-04-14T19:14:17.920+0000] {dag.py:3456} INFO - Setting next_dagrun for dataset_consumes_1_never_scheduled to None, run_after=None
[2023-04-14T19:14:17.921+0000] {logging_mixin.py:137} INFO - [2023-04-14T19:14:17.921+0000] {dag.py:3456} INFO - Setting next_dagrun for dataset_consumes_unknown_never_scheduled to None, run_after=None
[2023-04-14T19:14:17.923+0000] {logging_mixin.py:137} INFO - [2023-04-14T19:14:17.923+0000] {dag.py:3456} INFO - Setting next_dagrun for dataset_produces_1 to 2023-04-13T00:00:00+00:00, run_after=2023-04-14T00:00:00+00:00
[2023-04-14T19:14:17.924+0000] {logging_mixin.py:137} INFO - [2023-04-14T19:14:17.924+0000] {dag.py:3456} INFO - Setting next_dagrun for dataset_produces_2 to None, run_after=None
[2023-04-14T19:14:17.950+0000] {processor.py:175} INFO - Processing /home/airflow/.local/lib/python3.7/site-packages/airflow/example_dags/example_datasets.py took 0.102 seconds
[2023-04-14T19:14:48.122+0000] {processor.py:153} INFO - Started process (PID=300) to work on /home/airflow/.local/lib/python3.7/site-packages/airflow/example_dags/example_datasets.py
[2023-04-14T19:14:48.123+0000] {processor.py:743} INFO - Processing file /home/airflow/.local/lib/python3.7/site-packages/airflow/example_dags/example_datasets.py for tasks to queue
[2023-04-14T19:14:48.123+0000] {logging_mixin.py:137} INFO - [2023-04-14T19:14:48.123+0000] {dagbag.py:532} INFO - Filling up the DagBag from /home/airflow/.local/lib/python3.7/site-packages/airflow/example_dags/example_datasets.py
[2023-04-14T19:14:48.138+0000] {processor.py:753} INFO - DAG(s) dict_keys(['dataset_consumes_1_never_scheduled', 'dataset_consumes_1_and_2', 'dataset_consumes_unknown_never_scheduled', 'dataset_consumes_1', 'dataset_produces_1', 'dataset_produces_2']) retrieved from /home/airflow/.local/lib/python3.7/site-packages/airflow/example_dags/example_datasets.py
[2023-04-14T19:14:48.165+0000] {logging_mixin.py:137} INFO - [2023-04-14T19:14:48.165+0000] {dag.py:2705} INFO - Sync 6 DAGs
[2023-04-14T19:14:48.181+0000] {logging_mixin.py:137} INFO - [2023-04-14T19:14:48.181+0000] {dag.py:3456} INFO - Setting next_dagrun for dataset_consumes_1 to None, run_after=None
[2023-04-14T19:14:48.184+0000] {logging_mixin.py:137} INFO - [2023-04-14T19:14:48.184+0000] {dag.py:3456} INFO - Setting next_dagrun for dataset_consumes_1_and_2 to None, run_after=None
[2023-04-14T19:14:48.185+0000] {logging_mixin.py:137} INFO - [2023-04-14T19:14:48.185+0000] {dag.py:3456} INFO - Setting next_dagrun for dataset_consumes_1_never_scheduled to None, run_after=None
[2023-04-14T19:14:48.186+0000] {logging_mixin.py:137} INFO - [2023-04-14T19:14:48.186+0000] {dag.py:3456} INFO - Setting next_dagrun for dataset_consumes_unknown_never_scheduled to None, run_after=None
[2023-04-14T19:14:48.187+0000] {logging_mixin.py:137} INFO - [2023-04-14T19:14:48.187+0000] {dag.py:3456} INFO - Setting next_dagrun for dataset_produces_1 to 2023-04-13T00:00:00+00:00, run_after=2023-04-14T00:00:00+00:00
[2023-04-14T19:14:48.188+0000] {logging_mixin.py:137} INFO - [2023-04-14T19:14:48.188+0000] {dag.py:3456} INFO - Setting next_dagrun for dataset_produces_2 to None, run_after=None
[2023-04-14T19:14:48.210+0000] {processor.py:175} INFO - Processing /home/airflow/.local/lib/python3.7/site-packages/airflow/example_dags/example_datasets.py took 0.090 seconds
[2023-04-14T19:15:18.234+0000] {processor.py:153} INFO - Started process (PID=391) to work on /home/airflow/.local/lib/python3.7/site-packages/airflow/example_dags/example_datasets.py
[2023-04-14T19:15:18.234+0000] {processor.py:743} INFO - Processing file /home/airflow/.local/lib/python3.7/site-packages/airflow/example_dags/example_datasets.py for tasks to queue
[2023-04-14T19:15:18.235+0000] {logging_mixin.py:137} INFO - [2023-04-14T19:15:18.235+0000] {dagbag.py:532} INFO - Filling up the DagBag from /home/airflow/.local/lib/python3.7/site-packages/airflow/example_dags/example_datasets.py
[2023-04-14T19:15:18.247+0000] {processor.py:753} INFO - DAG(s) dict_keys(['dataset_consumes_1', 'dataset_consumes_unknown_never_scheduled', 'dataset_consumes_1_never_scheduled', 'dataset_consumes_1_and_2', 'dataset_produces_1', 'dataset_produces_2']) retrieved from /home/airflow/.local/lib/python3.7/site-packages/airflow/example_dags/example_datasets.py
[2023-04-14T19:15:18.273+0000] {logging_mixin.py:137} INFO - [2023-04-14T19:15:18.273+0000] {dag.py:2705} INFO - Sync 6 DAGs
[2023-04-14T19:15:18.290+0000] {logging_mixin.py:137} INFO - [2023-04-14T19:15:18.290+0000] {dag.py:3456} INFO - Setting next_dagrun for dataset_consumes_1 to None, run_after=None
[2023-04-14T19:15:18.293+0000] {logging_mixin.py:137} INFO - [2023-04-14T19:15:18.293+0000] {dag.py:3456} INFO - Setting next_dagrun for dataset_consumes_1_and_2 to None, run_after=None
[2023-04-14T19:15:18.294+0000] {logging_mixin.py:137} INFO - [2023-04-14T19:15:18.294+0000] {dag.py:3456} INFO - Setting next_dagrun for dataset_consumes_1_never_scheduled to None, run_after=None
[2023-04-14T19:15:18.295+0000] {logging_mixin.py:137} INFO - [2023-04-14T19:15:18.295+0000] {dag.py:3456} INFO - Setting next_dagrun for dataset_consumes_unknown_never_scheduled to None, run_after=None
[2023-04-14T19:15:18.296+0000] {logging_mixin.py:137} INFO - [2023-04-14T19:15:18.296+0000] {dag.py:3456} INFO - Setting next_dagrun for dataset_produces_1 to 2023-04-13T00:00:00+00:00, run_after=2023-04-14T00:00:00+00:00
[2023-04-14T19:15:18.297+0000] {logging_mixin.py:137} INFO - [2023-04-14T19:15:18.297+0000] {dag.py:3456} INFO - Setting next_dagrun for dataset_produces_2 to None, run_after=None
[2023-04-14T19:15:18.317+0000] {processor.py:175} INFO - Processing /home/airflow/.local/lib/python3.7/site-packages/airflow/example_dags/example_datasets.py took 0.085 seconds
[2023-04-14T19:17:34.872+0000] {processor.py:153} INFO - Started process (PID=44) to work on /home/airflow/.local/lib/python3.7/site-packages/airflow/example_dags/example_datasets.py
[2023-04-14T19:17:34.873+0000] {processor.py:743} INFO - Processing file /home/airflow/.local/lib/python3.7/site-packages/airflow/example_dags/example_datasets.py for tasks to queue
[2023-04-14T19:17:34.874+0000] {logging_mixin.py:137} INFO - [2023-04-14T19:17:34.874+0000] {dagbag.py:532} INFO - Filling up the DagBag from /home/airflow/.local/lib/python3.7/site-packages/airflow/example_dags/example_datasets.py
[2023-04-14T19:17:34.893+0000] {processor.py:753} INFO - DAG(s) dict_keys(['dataset_produces_2', 'dataset_consumes_1_and_2', 'dataset_consumes_1_never_scheduled', 'dataset_consumes_1', 'dataset_produces_1', 'dataset_consumes_unknown_never_scheduled']) retrieved from /home/airflow/.local/lib/python3.7/site-packages/airflow/example_dags/example_datasets.py
[2023-04-14T19:17:34.908+0000] {logging_mixin.py:137} INFO - [2023-04-14T19:17:34.908+0000] {dag.py:2705} INFO - Sync 6 DAGs
[2023-04-14T19:17:34.930+0000] {logging_mixin.py:137} INFO - [2023-04-14T19:17:34.930+0000] {dag.py:3456} INFO - Setting next_dagrun for dataset_consumes_1 to None, run_after=None
[2023-04-14T19:17:34.935+0000] {logging_mixin.py:137} INFO - [2023-04-14T19:17:34.935+0000] {dag.py:3456} INFO - Setting next_dagrun for dataset_consumes_1_and_2 to None, run_after=None
[2023-04-14T19:17:34.937+0000] {logging_mixin.py:137} INFO - [2023-04-14T19:17:34.936+0000] {dag.py:3456} INFO - Setting next_dagrun for dataset_consumes_1_never_scheduled to None, run_after=None
[2023-04-14T19:17:34.938+0000] {logging_mixin.py:137} INFO - [2023-04-14T19:17:34.938+0000] {dag.py:3456} INFO - Setting next_dagrun for dataset_consumes_unknown_never_scheduled to None, run_after=None
[2023-04-14T19:17:34.941+0000] {logging_mixin.py:137} INFO - [2023-04-14T19:17:34.940+0000] {dag.py:3456} INFO - Setting next_dagrun for dataset_produces_1 to 2023-04-13T00:00:00+00:00, run_after=2023-04-14T00:00:00+00:00
[2023-04-14T19:17:34.942+0000] {logging_mixin.py:137} INFO - [2023-04-14T19:17:34.942+0000] {dag.py:3456} INFO - Setting next_dagrun for dataset_produces_2 to None, run_after=None
[2023-04-14T19:17:34.969+0000] {processor.py:175} INFO - Processing /home/airflow/.local/lib/python3.7/site-packages/airflow/example_dags/example_datasets.py took 0.099 seconds
[2023-04-14T19:18:05.387+0000] {processor.py:153} INFO - Started process (PID=136) to work on /home/airflow/.local/lib/python3.7/site-packages/airflow/example_dags/example_datasets.py
[2023-04-14T19:18:05.388+0000] {processor.py:743} INFO - Processing file /home/airflow/.local/lib/python3.7/site-packages/airflow/example_dags/example_datasets.py for tasks to queue
[2023-04-14T19:18:05.389+0000] {logging_mixin.py:137} INFO - [2023-04-14T19:18:05.388+0000] {dagbag.py:532} INFO - Filling up the DagBag from /home/airflow/.local/lib/python3.7/site-packages/airflow/example_dags/example_datasets.py
[2023-04-14T19:18:05.402+0000] {processor.py:753} INFO - DAG(s) dict_keys(['dataset_consumes_1', 'dataset_consumes_1_and_2', 'dataset_produces_2', 'dataset_consumes_unknown_never_scheduled', 'dataset_consumes_1_never_scheduled', 'dataset_produces_1']) retrieved from /home/airflow/.local/lib/python3.7/site-packages/airflow/example_dags/example_datasets.py
[2023-04-14T19:18:05.474+0000] {logging_mixin.py:137} INFO - [2023-04-14T19:18:05.473+0000] {dag.py:2705} INFO - Sync 6 DAGs
[2023-04-14T19:18:05.495+0000] {logging_mixin.py:137} INFO - [2023-04-14T19:18:05.494+0000] {dag.py:3456} INFO - Setting next_dagrun for dataset_consumes_1 to None, run_after=None
[2023-04-14T19:18:05.498+0000] {logging_mixin.py:137} INFO - [2023-04-14T19:18:05.498+0000] {dag.py:3456} INFO - Setting next_dagrun for dataset_consumes_1_and_2 to None, run_after=None
[2023-04-14T19:18:05.500+0000] {logging_mixin.py:137} INFO - [2023-04-14T19:18:05.499+0000] {dag.py:3456} INFO - Setting next_dagrun for dataset_consumes_1_never_scheduled to None, run_after=None
[2023-04-14T19:18:05.501+0000] {logging_mixin.py:137} INFO - [2023-04-14T19:18:05.501+0000] {dag.py:3456} INFO - Setting next_dagrun for dataset_consumes_unknown_never_scheduled to None, run_after=None
[2023-04-14T19:18:05.504+0000] {logging_mixin.py:137} INFO - [2023-04-14T19:18:05.504+0000] {dag.py:3456} INFO - Setting next_dagrun for dataset_produces_1 to 2023-04-13T00:00:00+00:00, run_after=2023-04-14T00:00:00+00:00
[2023-04-14T19:18:05.506+0000] {logging_mixin.py:137} INFO - [2023-04-14T19:18:05.506+0000] {dag.py:3456} INFO - Setting next_dagrun for dataset_produces_2 to None, run_after=None
[2023-04-14T19:18:05.538+0000] {processor.py:175} INFO - Processing /home/airflow/.local/lib/python3.7/site-packages/airflow/example_dags/example_datasets.py took 0.154 seconds
[2023-04-14T19:18:35.962+0000] {processor.py:153} INFO - Started process (PID=228) to work on /home/airflow/.local/lib/python3.7/site-packages/airflow/example_dags/example_datasets.py
[2023-04-14T19:18:35.963+0000] {processor.py:743} INFO - Processing file /home/airflow/.local/lib/python3.7/site-packages/airflow/example_dags/example_datasets.py for tasks to queue
[2023-04-14T19:18:35.964+0000] {logging_mixin.py:137} INFO - [2023-04-14T19:18:35.964+0000] {dagbag.py:532} INFO - Filling up the DagBag from /home/airflow/.local/lib/python3.7/site-packages/airflow/example_dags/example_datasets.py
[2023-04-14T19:18:35.978+0000] {processor.py:753} INFO - DAG(s) dict_keys(['dataset_consumes_unknown_never_scheduled', 'dataset_consumes_1_and_2', 'dataset_consumes_1', 'dataset_produces_1', 'dataset_consumes_1_never_scheduled', 'dataset_produces_2']) retrieved from /home/airflow/.local/lib/python3.7/site-packages/airflow/example_dags/example_datasets.py
[2023-04-14T19:18:36.010+0000] {logging_mixin.py:137} INFO - [2023-04-14T19:18:36.010+0000] {dag.py:2705} INFO - Sync 6 DAGs
[2023-04-14T19:18:36.029+0000] {logging_mixin.py:137} INFO - [2023-04-14T19:18:36.029+0000] {dag.py:3456} INFO - Setting next_dagrun for dataset_consumes_1 to None, run_after=None
[2023-04-14T19:18:36.031+0000] {logging_mixin.py:137} INFO - [2023-04-14T19:18:36.031+0000] {dag.py:3456} INFO - Setting next_dagrun for dataset_consumes_1_and_2 to None, run_after=None
[2023-04-14T19:18:36.032+0000] {logging_mixin.py:137} INFO - [2023-04-14T19:18:36.032+0000] {dag.py:3456} INFO - Setting next_dagrun for dataset_consumes_1_never_scheduled to None, run_after=None
[2023-04-14T19:18:36.033+0000] {logging_mixin.py:137} INFO - [2023-04-14T19:18:36.033+0000] {dag.py:3456} INFO - Setting next_dagrun for dataset_consumes_unknown_never_scheduled to None, run_after=None
[2023-04-14T19:18:36.036+0000] {logging_mixin.py:137} INFO - [2023-04-14T19:18:36.036+0000] {dag.py:3456} INFO - Setting next_dagrun for dataset_produces_1 to 2023-04-13T00:00:00+00:00, run_after=2023-04-14T00:00:00+00:00
[2023-04-14T19:18:36.038+0000] {logging_mixin.py:137} INFO - [2023-04-14T19:18:36.038+0000] {dag.py:3456} INFO - Setting next_dagrun for dataset_produces_2 to None, run_after=None
[2023-04-14T19:18:36.060+0000] {processor.py:175} INFO - Processing /home/airflow/.local/lib/python3.7/site-packages/airflow/example_dags/example_datasets.py took 0.102 seconds
[2023-04-14T19:19:06.329+0000] {processor.py:153} INFO - Started process (PID=302) to work on /home/airflow/.local/lib/python3.7/site-packages/airflow/example_dags/example_datasets.py
[2023-04-14T19:19:06.330+0000] {processor.py:743} INFO - Processing file /home/airflow/.local/lib/python3.7/site-packages/airflow/example_dags/example_datasets.py for tasks to queue
[2023-04-14T19:19:06.331+0000] {logging_mixin.py:137} INFO - [2023-04-14T19:19:06.330+0000] {dagbag.py:532} INFO - Filling up the DagBag from /home/airflow/.local/lib/python3.7/site-packages/airflow/example_dags/example_datasets.py
[2023-04-14T19:19:06.343+0000] {processor.py:753} INFO - DAG(s) dict_keys(['dataset_consumes_1', 'dataset_produces_2', 'dataset_produces_1', 'dataset_consumes_1_and_2', 'dataset_consumes_1_never_scheduled', 'dataset_consumes_unknown_never_scheduled']) retrieved from /home/airflow/.local/lib/python3.7/site-packages/airflow/example_dags/example_datasets.py
[2023-04-14T19:19:06.376+0000] {logging_mixin.py:137} INFO - [2023-04-14T19:19:06.376+0000] {dag.py:2705} INFO - Sync 6 DAGs
[2023-04-14T19:19:06.395+0000] {logging_mixin.py:137} INFO - [2023-04-14T19:19:06.395+0000] {dag.py:3456} INFO - Setting next_dagrun for dataset_consumes_1 to None, run_after=None
[2023-04-14T19:19:06.398+0000] {logging_mixin.py:137} INFO - [2023-04-14T19:19:06.398+0000] {dag.py:3456} INFO - Setting next_dagrun for dataset_consumes_1_and_2 to None, run_after=None
[2023-04-14T19:19:06.399+0000] {logging_mixin.py:137} INFO - [2023-04-14T19:19:06.399+0000] {dag.py:3456} INFO - Setting next_dagrun for dataset_consumes_1_never_scheduled to None, run_after=None
[2023-04-14T19:19:06.400+0000] {logging_mixin.py:137} INFO - [2023-04-14T19:19:06.400+0000] {dag.py:3456} INFO - Setting next_dagrun for dataset_consumes_unknown_never_scheduled to None, run_after=None
[2023-04-14T19:19:06.402+0000] {logging_mixin.py:137} INFO - [2023-04-14T19:19:06.402+0000] {dag.py:3456} INFO - Setting next_dagrun for dataset_produces_1 to 2023-04-13T00:00:00+00:00, run_after=2023-04-14T00:00:00+00:00
[2023-04-14T19:19:06.403+0000] {logging_mixin.py:137} INFO - [2023-04-14T19:19:06.403+0000] {dag.py:3456} INFO - Setting next_dagrun for dataset_produces_2 to None, run_after=None
[2023-04-14T19:19:06.424+0000] {processor.py:175} INFO - Processing /home/airflow/.local/lib/python3.7/site-packages/airflow/example_dags/example_datasets.py took 0.097 seconds
[2023-04-14T19:19:36.534+0000] {processor.py:153} INFO - Started process (PID=395) to work on /home/airflow/.local/lib/python3.7/site-packages/airflow/example_dags/example_datasets.py
[2023-04-14T19:19:36.535+0000] {processor.py:743} INFO - Processing file /home/airflow/.local/lib/python3.7/site-packages/airflow/example_dags/example_datasets.py for tasks to queue
[2023-04-14T19:19:36.536+0000] {logging_mixin.py:137} INFO - [2023-04-14T19:19:36.536+0000] {dagbag.py:532} INFO - Filling up the DagBag from /home/airflow/.local/lib/python3.7/site-packages/airflow/example_dags/example_datasets.py
[2023-04-14T19:19:36.548+0000] {processor.py:753} INFO - DAG(s) dict_keys(['dataset_produces_1', 'dataset_consumes_1_and_2', 'dataset_produces_2', 'dataset_consumes_1_never_scheduled', 'dataset_consumes_unknown_never_scheduled', 'dataset_consumes_1']) retrieved from /home/airflow/.local/lib/python3.7/site-packages/airflow/example_dags/example_datasets.py
[2023-04-14T19:19:36.578+0000] {logging_mixin.py:137} INFO - [2023-04-14T19:19:36.578+0000] {dag.py:2705} INFO - Sync 6 DAGs
[2023-04-14T19:19:36.606+0000] {logging_mixin.py:137} INFO - [2023-04-14T19:19:36.605+0000] {dag.py:3456} INFO - Setting next_dagrun for dataset_consumes_1 to None, run_after=None
[2023-04-14T19:19:36.609+0000] {logging_mixin.py:137} INFO - [2023-04-14T19:19:36.609+0000] {dag.py:3456} INFO - Setting next_dagrun for dataset_consumes_1_and_2 to None, run_after=None
[2023-04-14T19:19:36.610+0000] {logging_mixin.py:137} INFO - [2023-04-14T19:19:36.610+0000] {dag.py:3456} INFO - Setting next_dagrun for dataset_consumes_1_never_scheduled to None, run_after=None
[2023-04-14T19:19:36.612+0000] {logging_mixin.py:137} INFO - [2023-04-14T19:19:36.612+0000] {dag.py:3456} INFO - Setting next_dagrun for dataset_consumes_unknown_never_scheduled to None, run_after=None
[2023-04-14T19:19:36.614+0000] {logging_mixin.py:137} INFO - [2023-04-14T19:19:36.614+0000] {dag.py:3456} INFO - Setting next_dagrun for dataset_produces_1 to 2023-04-13T00:00:00+00:00, run_after=2023-04-14T00:00:00+00:00
[2023-04-14T19:19:36.616+0000] {logging_mixin.py:137} INFO - [2023-04-14T19:19:36.616+0000] {dag.py:3456} INFO - Setting next_dagrun for dataset_produces_2 to None, run_after=None
[2023-04-14T19:19:36.644+0000] {processor.py:175} INFO - Processing /home/airflow/.local/lib/python3.7/site-packages/airflow/example_dags/example_datasets.py took 0.112 seconds
[2023-04-14T19:20:06.979+0000] {processor.py:153} INFO - Started process (PID=470) to work on /home/airflow/.local/lib/python3.7/site-packages/airflow/example_dags/example_datasets.py
[2023-04-14T19:20:06.980+0000] {processor.py:743} INFO - Processing file /home/airflow/.local/lib/python3.7/site-packages/airflow/example_dags/example_datasets.py for tasks to queue
[2023-04-14T19:20:06.980+0000] {logging_mixin.py:137} INFO - [2023-04-14T19:20:06.980+0000] {dagbag.py:532} INFO - Filling up the DagBag from /home/airflow/.local/lib/python3.7/site-packages/airflow/example_dags/example_datasets.py
[2023-04-14T19:20:06.993+0000] {processor.py:753} INFO - DAG(s) dict_keys(['dataset_produces_1', 'dataset_consumes_1_and_2', 'dataset_produces_2', 'dataset_consumes_1', 'dataset_consumes_unknown_never_scheduled', 'dataset_consumes_1_never_scheduled']) retrieved from /home/airflow/.local/lib/python3.7/site-packages/airflow/example_dags/example_datasets.py
[2023-04-14T19:20:07.023+0000] {logging_mixin.py:137} INFO - [2023-04-14T19:20:07.022+0000] {dag.py:2705} INFO - Sync 6 DAGs
[2023-04-14T19:20:07.042+0000] {logging_mixin.py:137} INFO - [2023-04-14T19:20:07.042+0000] {dag.py:3456} INFO - Setting next_dagrun for dataset_consumes_1 to None, run_after=None
[2023-04-14T19:20:07.046+0000] {logging_mixin.py:137} INFO - [2023-04-14T19:20:07.046+0000] {dag.py:3456} INFO - Setting next_dagrun for dataset_consumes_1_and_2 to None, run_after=None
[2023-04-14T19:20:07.047+0000] {logging_mixin.py:137} INFO - [2023-04-14T19:20:07.047+0000] {dag.py:3456} INFO - Setting next_dagrun for dataset_consumes_1_never_scheduled to None, run_after=None
[2023-04-14T19:20:07.049+0000] {logging_mixin.py:137} INFO - [2023-04-14T19:20:07.048+0000] {dag.py:3456} INFO - Setting next_dagrun for dataset_consumes_unknown_never_scheduled to None, run_after=None
[2023-04-14T19:20:07.051+0000] {logging_mixin.py:137} INFO - [2023-04-14T19:20:07.051+0000] {dag.py:3456} INFO - Setting next_dagrun for dataset_produces_1 to 2023-04-13T00:00:00+00:00, run_after=2023-04-14T00:00:00+00:00
[2023-04-14T19:20:07.052+0000] {logging_mixin.py:137} INFO - [2023-04-14T19:20:07.052+0000] {dag.py:3456} INFO - Setting next_dagrun for dataset_produces_2 to None, run_after=None
[2023-04-14T19:20:07.074+0000] {processor.py:175} INFO - Processing /home/airflow/.local/lib/python3.7/site-packages/airflow/example_dags/example_datasets.py took 0.098 seconds
[2023-04-14T19:20:37.394+0000] {processor.py:153} INFO - Started process (PID=563) to work on /home/airflow/.local/lib/python3.7/site-packages/airflow/example_dags/example_datasets.py
[2023-04-14T19:20:37.395+0000] {processor.py:743} INFO - Processing file /home/airflow/.local/lib/python3.7/site-packages/airflow/example_dags/example_datasets.py for tasks to queue
[2023-04-14T19:20:37.395+0000] {logging_mixin.py:137} INFO - [2023-04-14T19:20:37.395+0000] {dagbag.py:532} INFO - Filling up the DagBag from /home/airflow/.local/lib/python3.7/site-packages/airflow/example_dags/example_datasets.py
[2023-04-14T19:20:37.407+0000] {processor.py:753} INFO - DAG(s) dict_keys(['dataset_consumes_1', 'dataset_produces_1', 'dataset_consumes_unknown_never_scheduled', 'dataset_consumes_1_and_2', 'dataset_consumes_1_never_scheduled', 'dataset_produces_2']) retrieved from /home/airflow/.local/lib/python3.7/site-packages/airflow/example_dags/example_datasets.py
[2023-04-14T19:20:37.438+0000] {logging_mixin.py:137} INFO - [2023-04-14T19:20:37.438+0000] {dag.py:2705} INFO - Sync 6 DAGs
[2023-04-14T19:20:37.457+0000] {logging_mixin.py:137} INFO - [2023-04-14T19:20:37.457+0000] {dag.py:3456} INFO - Setting next_dagrun for dataset_consumes_1 to None, run_after=None
[2023-04-14T19:20:37.460+0000] {logging_mixin.py:137} INFO - [2023-04-14T19:20:37.460+0000] {dag.py:3456} INFO - Setting next_dagrun for dataset_consumes_1_and_2 to None, run_after=None
[2023-04-14T19:20:37.461+0000] {logging_mixin.py:137} INFO - [2023-04-14T19:20:37.461+0000] {dag.py:3456} INFO - Setting next_dagrun for dataset_consumes_1_never_scheduled to None, run_after=None
[2023-04-14T19:20:37.462+0000] {logging_mixin.py:137} INFO - [2023-04-14T19:20:37.462+0000] {dag.py:3456} INFO - Setting next_dagrun for dataset_consumes_unknown_never_scheduled to None, run_after=None
[2023-04-14T19:20:37.463+0000] {logging_mixin.py:137} INFO - [2023-04-14T19:20:37.463+0000] {dag.py:3456} INFO - Setting next_dagrun for dataset_produces_1 to 2023-04-13T00:00:00+00:00, run_after=2023-04-14T00:00:00+00:00
[2023-04-14T19:20:37.464+0000] {logging_mixin.py:137} INFO - [2023-04-14T19:20:37.464+0000] {dag.py:3456} INFO - Setting next_dagrun for dataset_produces_2 to None, run_after=None
[2023-04-14T19:20:37.485+0000] {processor.py:175} INFO - Processing /home/airflow/.local/lib/python3.7/site-packages/airflow/example_dags/example_datasets.py took 0.094 seconds
[2023-04-14T19:21:07.745+0000] {processor.py:153} INFO - Started process (PID=653) to work on /home/airflow/.local/lib/python3.7/site-packages/airflow/example_dags/example_datasets.py
[2023-04-14T19:21:07.746+0000] {processor.py:743} INFO - Processing file /home/airflow/.local/lib/python3.7/site-packages/airflow/example_dags/example_datasets.py for tasks to queue
[2023-04-14T19:21:07.746+0000] {logging_mixin.py:137} INFO - [2023-04-14T19:21:07.746+0000] {dagbag.py:532} INFO - Filling up the DagBag from /home/airflow/.local/lib/python3.7/site-packages/airflow/example_dags/example_datasets.py
[2023-04-14T19:21:07.758+0000] {processor.py:753} INFO - DAG(s) dict_keys(['dataset_produces_1', 'dataset_consumes_1_never_scheduled', 'dataset_produces_2', 'dataset_consumes_unknown_never_scheduled', 'dataset_consumes_1_and_2', 'dataset_consumes_1']) retrieved from /home/airflow/.local/lib/python3.7/site-packages/airflow/example_dags/example_datasets.py
[2023-04-14T19:21:07.785+0000] {logging_mixin.py:137} INFO - [2023-04-14T19:21:07.785+0000] {dag.py:2705} INFO - Sync 6 DAGs
[2023-04-14T19:21:07.803+0000] {logging_mixin.py:137} INFO - [2023-04-14T19:21:07.803+0000] {dag.py:3456} INFO - Setting next_dagrun for dataset_consumes_1 to None, run_after=None
[2023-04-14T19:21:07.806+0000] {logging_mixin.py:137} INFO - [2023-04-14T19:21:07.806+0000] {dag.py:3456} INFO - Setting next_dagrun for dataset_consumes_1_and_2 to None, run_after=None
[2023-04-14T19:21:07.807+0000] {logging_mixin.py:137} INFO - [2023-04-14T19:21:07.807+0000] {dag.py:3456} INFO - Setting next_dagrun for dataset_consumes_1_never_scheduled to None, run_after=None
[2023-04-14T19:21:07.809+0000] {logging_mixin.py:137} INFO - [2023-04-14T19:21:07.809+0000] {dag.py:3456} INFO - Setting next_dagrun for dataset_consumes_unknown_never_scheduled to None, run_after=None
[2023-04-14T19:21:07.811+0000] {logging_mixin.py:137} INFO - [2023-04-14T19:21:07.811+0000] {dag.py:3456} INFO - Setting next_dagrun for dataset_produces_1 to 2023-04-13T00:00:00+00:00, run_after=2023-04-14T00:00:00+00:00
[2023-04-14T19:21:07.812+0000] {logging_mixin.py:137} INFO - [2023-04-14T19:21:07.812+0000] {dag.py:3456} INFO - Setting next_dagrun for dataset_produces_2 to None, run_after=None
[2023-04-14T19:21:07.838+0000] {processor.py:175} INFO - Processing /home/airflow/.local/lib/python3.7/site-packages/airflow/example_dags/example_datasets.py took 0.096 seconds
[2023-04-14T19:21:37.896+0000] {processor.py:153} INFO - Started process (PID=728) to work on /home/airflow/.local/lib/python3.7/site-packages/airflow/example_dags/example_datasets.py
[2023-04-14T19:21:37.896+0000] {processor.py:743} INFO - Processing file /home/airflow/.local/lib/python3.7/site-packages/airflow/example_dags/example_datasets.py for tasks to queue
[2023-04-14T19:21:37.897+0000] {logging_mixin.py:137} INFO - [2023-04-14T19:21:37.897+0000] {dagbag.py:532} INFO - Filling up the DagBag from /home/airflow/.local/lib/python3.7/site-packages/airflow/example_dags/example_datasets.py
[2023-04-14T19:21:37.909+0000] {processor.py:753} INFO - DAG(s) dict_keys(['dataset_consumes_1_never_scheduled', 'dataset_consumes_unknown_never_scheduled', 'dataset_consumes_1', 'dataset_produces_2', 'dataset_produces_1', 'dataset_consumes_1_and_2']) retrieved from /home/airflow/.local/lib/python3.7/site-packages/airflow/example_dags/example_datasets.py
[2023-04-14T19:21:37.944+0000] {logging_mixin.py:137} INFO - [2023-04-14T19:21:37.943+0000] {dag.py:2705} INFO - Sync 6 DAGs
[2023-04-14T19:21:37.964+0000] {logging_mixin.py:137} INFO - [2023-04-14T19:21:37.964+0000] {dag.py:3456} INFO - Setting next_dagrun for dataset_consumes_1 to None, run_after=None
[2023-04-14T19:21:37.969+0000] {logging_mixin.py:137} INFO - [2023-04-14T19:21:37.969+0000] {dag.py:3456} INFO - Setting next_dagrun for dataset_consumes_1_and_2 to None, run_after=None
[2023-04-14T19:21:37.971+0000] {logging_mixin.py:137} INFO - [2023-04-14T19:21:37.971+0000] {dag.py:3456} INFO - Setting next_dagrun for dataset_consumes_1_never_scheduled to None, run_after=None
[2023-04-14T19:21:37.973+0000] {logging_mixin.py:137} INFO - [2023-04-14T19:21:37.973+0000] {dag.py:3456} INFO - Setting next_dagrun for dataset_consumes_unknown_never_scheduled to None, run_after=None
[2023-04-14T19:21:37.976+0000] {logging_mixin.py:137} INFO - [2023-04-14T19:21:37.976+0000] {dag.py:3456} INFO - Setting next_dagrun for dataset_produces_1 to 2023-04-13T00:00:00+00:00, run_after=2023-04-14T00:00:00+00:00
[2023-04-14T19:21:37.978+0000] {logging_mixin.py:137} INFO - [2023-04-14T19:21:37.978+0000] {dag.py:3456} INFO - Setting next_dagrun for dataset_produces_2 to None, run_after=None
[2023-04-14T19:21:38.005+0000] {processor.py:175} INFO - Processing /home/airflow/.local/lib/python3.7/site-packages/airflow/example_dags/example_datasets.py took 0.113 seconds
[2023-04-14T19:22:08.040+0000] {processor.py:153} INFO - Started process (PID=819) to work on /home/airflow/.local/lib/python3.7/site-packages/airflow/example_dags/example_datasets.py
[2023-04-14T19:22:08.040+0000] {processor.py:743} INFO - Processing file /home/airflow/.local/lib/python3.7/site-packages/airflow/example_dags/example_datasets.py for tasks to queue
[2023-04-14T19:22:08.041+0000] {logging_mixin.py:137} INFO - [2023-04-14T19:22:08.041+0000] {dagbag.py:532} INFO - Filling up the DagBag from /home/airflow/.local/lib/python3.7/site-packages/airflow/example_dags/example_datasets.py
[2023-04-14T19:22:08.053+0000] {processor.py:753} INFO - DAG(s) dict_keys(['dataset_produces_1', 'dataset_produces_2', 'dataset_consumes_1', 'dataset_consumes_unknown_never_scheduled', 'dataset_consumes_1_never_scheduled', 'dataset_consumes_1_and_2']) retrieved from /home/airflow/.local/lib/python3.7/site-packages/airflow/example_dags/example_datasets.py
[2023-04-14T19:22:08.082+0000] {logging_mixin.py:137} INFO - [2023-04-14T19:22:08.082+0000] {dag.py:2705} INFO - Sync 6 DAGs
[2023-04-14T19:22:08.100+0000] {logging_mixin.py:137} INFO - [2023-04-14T19:22:08.100+0000] {dag.py:3456} INFO - Setting next_dagrun for dataset_consumes_1 to None, run_after=None
[2023-04-14T19:22:08.103+0000] {logging_mixin.py:137} INFO - [2023-04-14T19:22:08.102+0000] {dag.py:3456} INFO - Setting next_dagrun for dataset_consumes_1_and_2 to None, run_after=None
[2023-04-14T19:22:08.104+0000] {logging_mixin.py:137} INFO - [2023-04-14T19:22:08.103+0000] {dag.py:3456} INFO - Setting next_dagrun for dataset_consumes_1_never_scheduled to None, run_after=None
[2023-04-14T19:22:08.104+0000] {logging_mixin.py:137} INFO - [2023-04-14T19:22:08.104+0000] {dag.py:3456} INFO - Setting next_dagrun for dataset_consumes_unknown_never_scheduled to None, run_after=None
[2023-04-14T19:22:08.106+0000] {logging_mixin.py:137} INFO - [2023-04-14T19:22:08.106+0000] {dag.py:3456} INFO - Setting next_dagrun for dataset_produces_1 to 2023-04-13T00:00:00+00:00, run_after=2023-04-14T00:00:00+00:00
[2023-04-14T19:22:08.107+0000] {logging_mixin.py:137} INFO - [2023-04-14T19:22:08.107+0000] {dag.py:3456} INFO - Setting next_dagrun for dataset_produces_2 to None, run_after=None
[2023-04-14T19:22:08.128+0000] {processor.py:175} INFO - Processing /home/airflow/.local/lib/python3.7/site-packages/airflow/example_dags/example_datasets.py took 0.091 seconds
[2023-04-14T19:22:38.240+0000] {processor.py:153} INFO - Started process (PID=910) to work on /home/airflow/.local/lib/python3.7/site-packages/airflow/example_dags/example_datasets.py
[2023-04-14T19:22:38.242+0000] {processor.py:743} INFO - Processing file /home/airflow/.local/lib/python3.7/site-packages/airflow/example_dags/example_datasets.py for tasks to queue
[2023-04-14T19:22:38.244+0000] {logging_mixin.py:137} INFO - [2023-04-14T19:22:38.243+0000] {dagbag.py:532} INFO - Filling up the DagBag from /home/airflow/.local/lib/python3.7/site-packages/airflow/example_dags/example_datasets.py
[2023-04-14T19:22:38.261+0000] {processor.py:753} INFO - DAG(s) dict_keys(['dataset_consumes_unknown_never_scheduled', 'dataset_consumes_1_and_2', 'dataset_produces_1', 'dataset_consumes_1', 'dataset_consumes_1_never_scheduled', 'dataset_produces_2']) retrieved from /home/airflow/.local/lib/python3.7/site-packages/airflow/example_dags/example_datasets.py
[2023-04-14T19:22:38.300+0000] {logging_mixin.py:137} INFO - [2023-04-14T19:22:38.300+0000] {dag.py:2705} INFO - Sync 6 DAGs
[2023-04-14T19:22:38.324+0000] {logging_mixin.py:137} INFO - [2023-04-14T19:22:38.323+0000] {dag.py:3456} INFO - Setting next_dagrun for dataset_consumes_1 to None, run_after=None
[2023-04-14T19:22:38.329+0000] {logging_mixin.py:137} INFO - [2023-04-14T19:22:38.328+0000] {dag.py:3456} INFO - Setting next_dagrun for dataset_consumes_1_and_2 to None, run_after=None
[2023-04-14T19:22:38.330+0000] {logging_mixin.py:137} INFO - [2023-04-14T19:22:38.330+0000] {dag.py:3456} INFO - Setting next_dagrun for dataset_consumes_1_never_scheduled to None, run_after=None
[2023-04-14T19:22:38.332+0000] {logging_mixin.py:137} INFO - [2023-04-14T19:22:38.332+0000] {dag.py:3456} INFO - Setting next_dagrun for dataset_consumes_unknown_never_scheduled to None, run_after=None
[2023-04-14T19:22:38.335+0000] {logging_mixin.py:137} INFO - [2023-04-14T19:22:38.335+0000] {dag.py:3456} INFO - Setting next_dagrun for dataset_produces_1 to 2023-04-13T00:00:00+00:00, run_after=2023-04-14T00:00:00+00:00
[2023-04-14T19:22:38.336+0000] {logging_mixin.py:137} INFO - [2023-04-14T19:22:38.336+0000] {dag.py:3456} INFO - Setting next_dagrun for dataset_produces_2 to None, run_after=None
[2023-04-14T19:22:38.366+0000] {processor.py:175} INFO - Processing /home/airflow/.local/lib/python3.7/site-packages/airflow/example_dags/example_datasets.py took 0.130 seconds
[2023-04-14T19:23:08.968+0000] {processor.py:153} INFO - Started process (PID=985) to work on /home/airflow/.local/lib/python3.7/site-packages/airflow/example_dags/example_datasets.py
[2023-04-14T19:23:08.968+0000] {processor.py:743} INFO - Processing file /home/airflow/.local/lib/python3.7/site-packages/airflow/example_dags/example_datasets.py for tasks to queue
[2023-04-14T19:23:08.970+0000] {logging_mixin.py:137} INFO - [2023-04-14T19:23:08.969+0000] {dagbag.py:532} INFO - Filling up the DagBag from /home/airflow/.local/lib/python3.7/site-packages/airflow/example_dags/example_datasets.py
[2023-04-14T19:23:08.982+0000] {processor.py:753} INFO - DAG(s) dict_keys(['dataset_consumes_1_and_2', 'dataset_produces_1', 'dataset_consumes_1', 'dataset_consumes_unknown_never_scheduled', 'dataset_consumes_1_never_scheduled', 'dataset_produces_2']) retrieved from /home/airflow/.local/lib/python3.7/site-packages/airflow/example_dags/example_datasets.py
[2023-04-14T19:23:09.009+0000] {logging_mixin.py:137} INFO - [2023-04-14T19:23:09.009+0000] {dag.py:2705} INFO - Sync 6 DAGs
[2023-04-14T19:23:09.029+0000] {logging_mixin.py:137} INFO - [2023-04-14T19:23:09.029+0000] {dag.py:3456} INFO - Setting next_dagrun for dataset_consumes_1 to None, run_after=None
[2023-04-14T19:23:09.032+0000] {logging_mixin.py:137} INFO - [2023-04-14T19:23:09.032+0000] {dag.py:3456} INFO - Setting next_dagrun for dataset_consumes_1_and_2 to None, run_after=None
[2023-04-14T19:23:09.033+0000] {logging_mixin.py:137} INFO - [2023-04-14T19:23:09.033+0000] {dag.py:3456} INFO - Setting next_dagrun for dataset_consumes_1_never_scheduled to None, run_after=None
[2023-04-14T19:23:09.034+0000] {logging_mixin.py:137} INFO - [2023-04-14T19:23:09.034+0000] {dag.py:3456} INFO - Setting next_dagrun for dataset_consumes_unknown_never_scheduled to None, run_after=None
[2023-04-14T19:23:09.038+0000] {logging_mixin.py:137} INFO - [2023-04-14T19:23:09.038+0000] {dag.py:3456} INFO - Setting next_dagrun for dataset_produces_1 to 2023-04-13T00:00:00+00:00, run_after=2023-04-14T00:00:00+00:00
[2023-04-14T19:23:09.039+0000] {logging_mixin.py:137} INFO - [2023-04-14T19:23:09.039+0000] {dag.py:3456} INFO - Setting next_dagrun for dataset_produces_2 to None, run_after=None
[2023-04-14T19:23:09.064+0000] {processor.py:175} INFO - Processing /home/airflow/.local/lib/python3.7/site-packages/airflow/example_dags/example_datasets.py took 0.100 seconds
[2023-04-14T19:23:39.142+0000] {processor.py:153} INFO - Started process (PID=1076) to work on /home/airflow/.local/lib/python3.7/site-packages/airflow/example_dags/example_datasets.py
[2023-04-14T19:23:39.144+0000] {processor.py:743} INFO - Processing file /home/airflow/.local/lib/python3.7/site-packages/airflow/example_dags/example_datasets.py for tasks to queue
[2023-04-14T19:23:39.144+0000] {logging_mixin.py:137} INFO - [2023-04-14T19:23:39.144+0000] {dagbag.py:532} INFO - Filling up the DagBag from /home/airflow/.local/lib/python3.7/site-packages/airflow/example_dags/example_datasets.py
[2023-04-14T19:23:39.163+0000] {processor.py:753} INFO - DAG(s) dict_keys(['dataset_consumes_1_never_scheduled', 'dataset_consumes_1', 'dataset_produces_1', 'dataset_consumes_1_and_2', 'dataset_produces_2', 'dataset_consumes_unknown_never_scheduled']) retrieved from /home/airflow/.local/lib/python3.7/site-packages/airflow/example_dags/example_datasets.py
[2023-04-14T19:23:39.192+0000] {logging_mixin.py:137} INFO - [2023-04-14T19:23:39.192+0000] {dag.py:2705} INFO - Sync 6 DAGs
[2023-04-14T19:23:39.211+0000] {logging_mixin.py:137} INFO - [2023-04-14T19:23:39.211+0000] {dag.py:3456} INFO - Setting next_dagrun for dataset_consumes_1 to None, run_after=None
[2023-04-14T19:23:39.213+0000] {logging_mixin.py:137} INFO - [2023-04-14T19:23:39.213+0000] {dag.py:3456} INFO - Setting next_dagrun for dataset_consumes_1_and_2 to None, run_after=None
[2023-04-14T19:23:39.214+0000] {logging_mixin.py:137} INFO - [2023-04-14T19:23:39.214+0000] {dag.py:3456} INFO - Setting next_dagrun for dataset_consumes_1_never_scheduled to None, run_after=None
[2023-04-14T19:23:39.215+0000] {logging_mixin.py:137} INFO - [2023-04-14T19:23:39.215+0000] {dag.py:3456} INFO - Setting next_dagrun for dataset_consumes_unknown_never_scheduled to None, run_after=None
[2023-04-14T19:23:39.217+0000] {logging_mixin.py:137} INFO - [2023-04-14T19:23:39.217+0000] {dag.py:3456} INFO - Setting next_dagrun for dataset_produces_1 to 2023-04-13T00:00:00+00:00, run_after=2023-04-14T00:00:00+00:00
[2023-04-14T19:23:39.219+0000] {logging_mixin.py:137} INFO - [2023-04-14T19:23:39.219+0000] {dag.py:3456} INFO - Setting next_dagrun for dataset_produces_2 to None, run_after=None
[2023-04-14T19:23:39.243+0000] {processor.py:175} INFO - Processing /home/airflow/.local/lib/python3.7/site-packages/airflow/example_dags/example_datasets.py took 0.105 seconds
[2023-04-14T19:24:09.285+0000] {processor.py:153} INFO - Started process (PID=1167) to work on /home/airflow/.local/lib/python3.7/site-packages/airflow/example_dags/example_datasets.py
[2023-04-14T19:24:09.286+0000] {processor.py:743} INFO - Processing file /home/airflow/.local/lib/python3.7/site-packages/airflow/example_dags/example_datasets.py for tasks to queue
[2023-04-14T19:24:09.287+0000] {logging_mixin.py:137} INFO - [2023-04-14T19:24:09.287+0000] {dagbag.py:532} INFO - Filling up the DagBag from /home/airflow/.local/lib/python3.7/site-packages/airflow/example_dags/example_datasets.py
[2023-04-14T19:24:09.299+0000] {processor.py:753} INFO - DAG(s) dict_keys(['dataset_produces_2', 'dataset_consumes_unknown_never_scheduled', 'dataset_consumes_1_and_2', 'dataset_produces_1', 'dataset_consumes_1_never_scheduled', 'dataset_consumes_1']) retrieved from /home/airflow/.local/lib/python3.7/site-packages/airflow/example_dags/example_datasets.py
[2023-04-14T19:24:09.329+0000] {logging_mixin.py:137} INFO - [2023-04-14T19:24:09.328+0000] {dag.py:2705} INFO - Sync 6 DAGs
[2023-04-14T19:24:09.346+0000] {logging_mixin.py:137} INFO - [2023-04-14T19:24:09.345+0000] {dag.py:3456} INFO - Setting next_dagrun for dataset_consumes_1 to None, run_after=None
[2023-04-14T19:24:09.349+0000] {logging_mixin.py:137} INFO - [2023-04-14T19:24:09.349+0000] {dag.py:3456} INFO - Setting next_dagrun for dataset_consumes_1_and_2 to None, run_after=None
[2023-04-14T19:24:09.350+0000] {logging_mixin.py:137} INFO - [2023-04-14T19:24:09.350+0000] {dag.py:3456} INFO - Setting next_dagrun for dataset_consumes_1_never_scheduled to None, run_after=None
[2023-04-14T19:24:09.351+0000] {logging_mixin.py:137} INFO - [2023-04-14T19:24:09.351+0000] {dag.py:3456} INFO - Setting next_dagrun for dataset_consumes_unknown_never_scheduled to None, run_after=None
[2023-04-14T19:24:09.354+0000] {logging_mixin.py:137} INFO - [2023-04-14T19:24:09.354+0000] {dag.py:3456} INFO - Setting next_dagrun for dataset_produces_1 to 2023-04-13T00:00:00+00:00, run_after=2023-04-14T00:00:00+00:00
[2023-04-14T19:24:09.355+0000] {logging_mixin.py:137} INFO - [2023-04-14T19:24:09.355+0000] {dag.py:3456} INFO - Setting next_dagrun for dataset_produces_2 to None, run_after=None
[2023-04-14T19:24:09.378+0000] {processor.py:175} INFO - Processing /home/airflow/.local/lib/python3.7/site-packages/airflow/example_dags/example_datasets.py took 0.095 seconds
[2023-04-14T19:26:08.661+0000] {processor.py:153} INFO - Started process (PID=44) to work on /home/airflow/.local/lib/python3.7/site-packages/airflow/example_dags/example_datasets.py
[2023-04-14T19:26:08.662+0000] {processor.py:743} INFO - Processing file /home/airflow/.local/lib/python3.7/site-packages/airflow/example_dags/example_datasets.py for tasks to queue
[2023-04-14T19:26:08.663+0000] {logging_mixin.py:137} INFO - [2023-04-14T19:26:08.662+0000] {dagbag.py:532} INFO - Filling up the DagBag from /home/airflow/.local/lib/python3.7/site-packages/airflow/example_dags/example_datasets.py
[2023-04-14T19:26:08.680+0000] {processor.py:753} INFO - DAG(s) dict_keys(['dataset_consumes_1_and_2', 'dataset_consumes_1_never_scheduled', 'dataset_produces_2', 'dataset_produces_1', 'dataset_consumes_unknown_never_scheduled', 'dataset_consumes_1']) retrieved from /home/airflow/.local/lib/python3.7/site-packages/airflow/example_dags/example_datasets.py
[2023-04-14T19:26:08.696+0000] {logging_mixin.py:137} INFO - [2023-04-14T19:26:08.695+0000] {dag.py:2705} INFO - Sync 6 DAGs
[2023-04-14T19:26:08.717+0000] {logging_mixin.py:137} INFO - [2023-04-14T19:26:08.717+0000] {dag.py:3456} INFO - Setting next_dagrun for dataset_consumes_1 to None, run_after=None
[2023-04-14T19:26:08.721+0000] {logging_mixin.py:137} INFO - [2023-04-14T19:26:08.721+0000] {dag.py:3456} INFO - Setting next_dagrun for dataset_consumes_1_and_2 to None, run_after=None
[2023-04-14T19:26:08.723+0000] {logging_mixin.py:137} INFO - [2023-04-14T19:26:08.723+0000] {dag.py:3456} INFO - Setting next_dagrun for dataset_consumes_1_never_scheduled to None, run_after=None
[2023-04-14T19:26:08.725+0000] {logging_mixin.py:137} INFO - [2023-04-14T19:26:08.724+0000] {dag.py:3456} INFO - Setting next_dagrun for dataset_consumes_unknown_never_scheduled to None, run_after=None
[2023-04-14T19:26:08.727+0000] {logging_mixin.py:137} INFO - [2023-04-14T19:26:08.727+0000] {dag.py:3456} INFO - Setting next_dagrun for dataset_produces_1 to 2023-04-13T00:00:00+00:00, run_after=2023-04-14T00:00:00+00:00
[2023-04-14T19:26:08.729+0000] {logging_mixin.py:137} INFO - [2023-04-14T19:26:08.729+0000] {dag.py:3456} INFO - Setting next_dagrun for dataset_produces_2 to None, run_after=None
[2023-04-14T19:26:08.756+0000] {processor.py:175} INFO - Processing /home/airflow/.local/lib/python3.7/site-packages/airflow/example_dags/example_datasets.py took 0.099 seconds
[2023-04-14T19:26:38.871+0000] {processor.py:153} INFO - Started process (PID=135) to work on /home/airflow/.local/lib/python3.7/site-packages/airflow/example_dags/example_datasets.py
[2023-04-14T19:26:38.872+0000] {processor.py:743} INFO - Processing file /home/airflow/.local/lib/python3.7/site-packages/airflow/example_dags/example_datasets.py for tasks to queue
[2023-04-14T19:26:38.873+0000] {logging_mixin.py:137} INFO - [2023-04-14T19:26:38.872+0000] {dagbag.py:532} INFO - Filling up the DagBag from /home/airflow/.local/lib/python3.7/site-packages/airflow/example_dags/example_datasets.py
[2023-04-14T19:26:38.887+0000] {processor.py:753} INFO - DAG(s) dict_keys(['dataset_consumes_1_and_2', 'dataset_produces_1', 'dataset_consumes_1', 'dataset_consumes_1_never_scheduled', 'dataset_consumes_unknown_never_scheduled', 'dataset_produces_2']) retrieved from /home/airflow/.local/lib/python3.7/site-packages/airflow/example_dags/example_datasets.py
[2023-04-14T19:26:38.952+0000] {logging_mixin.py:137} INFO - [2023-04-14T19:26:38.952+0000] {dag.py:2705} INFO - Sync 6 DAGs
[2023-04-14T19:26:38.970+0000] {logging_mixin.py:137} INFO - [2023-04-14T19:26:38.969+0000] {dag.py:3456} INFO - Setting next_dagrun for dataset_consumes_1 to None, run_after=None
[2023-04-14T19:26:38.972+0000] {logging_mixin.py:137} INFO - [2023-04-14T19:26:38.972+0000] {dag.py:3456} INFO - Setting next_dagrun for dataset_consumes_1_and_2 to None, run_after=None
[2023-04-14T19:26:38.974+0000] {logging_mixin.py:137} INFO - [2023-04-14T19:26:38.973+0000] {dag.py:3456} INFO - Setting next_dagrun for dataset_consumes_1_never_scheduled to None, run_after=None
[2023-04-14T19:26:38.975+0000] {logging_mixin.py:137} INFO - [2023-04-14T19:26:38.975+0000] {dag.py:3456} INFO - Setting next_dagrun for dataset_consumes_unknown_never_scheduled to None, run_after=None
[2023-04-14T19:26:38.976+0000] {logging_mixin.py:137} INFO - [2023-04-14T19:26:38.976+0000] {dag.py:3456} INFO - Setting next_dagrun for dataset_produces_1 to 2023-04-13T00:00:00+00:00, run_after=2023-04-14T00:00:00+00:00
[2023-04-14T19:26:38.977+0000] {logging_mixin.py:137} INFO - [2023-04-14T19:26:38.977+0000] {dag.py:3456} INFO - Setting next_dagrun for dataset_produces_2 to None, run_after=None
[2023-04-14T19:26:39.000+0000] {processor.py:175} INFO - Processing /home/airflow/.local/lib/python3.7/site-packages/airflow/example_dags/example_datasets.py took 0.133 seconds
[2023-04-14T19:27:09.404+0000] {processor.py:153} INFO - Started process (PID=219) to work on /home/airflow/.local/lib/python3.7/site-packages/airflow/example_dags/example_datasets.py
[2023-04-14T19:27:09.405+0000] {processor.py:743} INFO - Processing file /home/airflow/.local/lib/python3.7/site-packages/airflow/example_dags/example_datasets.py for tasks to queue
[2023-04-14T19:27:09.406+0000] {logging_mixin.py:137} INFO - [2023-04-14T19:27:09.405+0000] {dagbag.py:532} INFO - Filling up the DagBag from /home/airflow/.local/lib/python3.7/site-packages/airflow/example_dags/example_datasets.py
[2023-04-14T19:27:09.418+0000] {processor.py:753} INFO - DAG(s) dict_keys(['dataset_consumes_1_never_scheduled', 'dataset_produces_2', 'dataset_produces_1', 'dataset_consumes_1_and_2', 'dataset_consumes_unknown_never_scheduled', 'dataset_consumes_1']) retrieved from /home/airflow/.local/lib/python3.7/site-packages/airflow/example_dags/example_datasets.py
[2023-04-14T19:27:09.450+0000] {logging_mixin.py:137} INFO - [2023-04-14T19:27:09.450+0000] {dag.py:2705} INFO - Sync 6 DAGs
[2023-04-14T19:27:09.469+0000] {logging_mixin.py:137} INFO - [2023-04-14T19:27:09.469+0000] {dag.py:3456} INFO - Setting next_dagrun for dataset_consumes_1 to None, run_after=None
[2023-04-14T19:27:09.472+0000] {logging_mixin.py:137} INFO - [2023-04-14T19:27:09.472+0000] {dag.py:3456} INFO - Setting next_dagrun for dataset_consumes_1_and_2 to None, run_after=None
[2023-04-14T19:27:09.474+0000] {logging_mixin.py:137} INFO - [2023-04-14T19:27:09.474+0000] {dag.py:3456} INFO - Setting next_dagrun for dataset_consumes_1_never_scheduled to None, run_after=None
[2023-04-14T19:27:09.475+0000] {logging_mixin.py:137} INFO - [2023-04-14T19:27:09.475+0000] {dag.py:3456} INFO - Setting next_dagrun for dataset_consumes_unknown_never_scheduled to None, run_after=None
[2023-04-14T19:27:09.477+0000] {logging_mixin.py:137} INFO - [2023-04-14T19:27:09.477+0000] {dag.py:3456} INFO - Setting next_dagrun for dataset_produces_1 to 2023-04-13T00:00:00+00:00, run_after=2023-04-14T00:00:00+00:00
[2023-04-14T19:27:09.478+0000] {logging_mixin.py:137} INFO - [2023-04-14T19:27:09.478+0000] {dag.py:3456} INFO - Setting next_dagrun for dataset_produces_2 to None, run_after=None
[2023-04-14T19:27:09.500+0000] {processor.py:175} INFO - Processing /home/airflow/.local/lib/python3.7/site-packages/airflow/example_dags/example_datasets.py took 0.099 seconds
[2023-04-14T19:31:44.527+0000] {processor.py:153} INFO - Started process (PID=35) to work on /home/airflow/.local/lib/python3.10/site-packages/airflow/example_dags/example_datasets.py
[2023-04-14T19:31:44.527+0000] {processor.py:743} INFO - Processing file /home/airflow/.local/lib/python3.10/site-packages/airflow/example_dags/example_datasets.py for tasks to queue
[2023-04-14T19:31:44.528+0000] {logging_mixin.py:137} INFO - [2023-04-14T19:31:44.528+0000] {dagbag.py:532} INFO - Filling up the DagBag from /home/airflow/.local/lib/python3.10/site-packages/airflow/example_dags/example_datasets.py
[2023-04-14T19:31:44.544+0000] {processor.py:753} INFO - DAG(s) dict_keys(['dataset_produces_2', 'dataset_consumes_1_never_scheduled', 'dataset_consumes_unknown_never_scheduled', 'dataset_consumes_1_and_2', 'dataset_produces_1', 'dataset_consumes_1']) retrieved from /home/airflow/.local/lib/python3.10/site-packages/airflow/example_dags/example_datasets.py
[2023-04-14T19:31:44.554+0000] {logging_mixin.py:137} INFO - [2023-04-14T19:31:44.554+0000] {dag.py:2705} INFO - Sync 6 DAGs
[2023-04-14T19:31:44.571+0000] {logging_mixin.py:137} INFO - [2023-04-14T19:31:44.571+0000] {dag.py:3452} INFO - Setting next_dagrun for dataset_consumes_1 to None, run_after=None
[2023-04-14T19:31:44.573+0000] {logging_mixin.py:137} INFO - [2023-04-14T19:31:44.573+0000] {dag.py:3452} INFO - Setting next_dagrun for dataset_consumes_1_and_2 to None, run_after=None
[2023-04-14T19:31:44.574+0000] {logging_mixin.py:137} INFO - [2023-04-14T19:31:44.574+0000] {dag.py:3452} INFO - Setting next_dagrun for dataset_consumes_1_never_scheduled to None, run_after=None
[2023-04-14T19:31:44.575+0000] {logging_mixin.py:137} INFO - [2023-04-14T19:31:44.575+0000] {dag.py:3452} INFO - Setting next_dagrun for dataset_consumes_unknown_never_scheduled to None, run_after=None
[2023-04-14T19:31:44.577+0000] {logging_mixin.py:137} INFO - [2023-04-14T19:31:44.577+0000] {dag.py:3452} INFO - Setting next_dagrun for dataset_produces_1 to 2023-04-13T00:00:00+00:00, run_after=2023-04-14T00:00:00+00:00
[2023-04-14T19:31:44.578+0000] {logging_mixin.py:137} INFO - [2023-04-14T19:31:44.578+0000] {dag.py:3452} INFO - Setting next_dagrun for dataset_produces_2 to None, run_after=None
[2023-04-14T19:31:44.600+0000] {processor.py:175} INFO - Processing /home/airflow/.local/lib/python3.10/site-packages/airflow/example_dags/example_datasets.py took 0.076 seconds
[2023-04-14T19:32:15.406+0000] {processor.py:153} INFO - Started process (PID=119) to work on /home/airflow/.local/lib/python3.10/site-packages/airflow/example_dags/example_datasets.py
[2023-04-14T19:32:15.407+0000] {processor.py:743} INFO - Processing file /home/airflow/.local/lib/python3.10/site-packages/airflow/example_dags/example_datasets.py for tasks to queue
[2023-04-14T19:32:15.409+0000] {logging_mixin.py:137} INFO - [2023-04-14T19:32:15.408+0000] {dagbag.py:532} INFO - Filling up the DagBag from /home/airflow/.local/lib/python3.10/site-packages/airflow/example_dags/example_datasets.py
[2023-04-14T19:32:15.426+0000] {processor.py:753} INFO - DAG(s) dict_keys(['dataset_consumes_1', 'dataset_produces_2', 'dataset_consumes_unknown_never_scheduled', 'dataset_consumes_1_and_2', 'dataset_produces_1', 'dataset_consumes_1_never_scheduled']) retrieved from /home/airflow/.local/lib/python3.10/site-packages/airflow/example_dags/example_datasets.py
[2023-04-14T19:32:15.494+0000] {logging_mixin.py:137} INFO - [2023-04-14T19:32:15.494+0000] {dag.py:2705} INFO - Sync 6 DAGs
[2023-04-14T19:32:15.514+0000] {logging_mixin.py:137} INFO - [2023-04-14T19:32:15.514+0000] {dag.py:3452} INFO - Setting next_dagrun for dataset_consumes_1 to None, run_after=None
[2023-04-14T19:32:15.517+0000] {logging_mixin.py:137} INFO - [2023-04-14T19:32:15.517+0000] {dag.py:3452} INFO - Setting next_dagrun for dataset_consumes_1_and_2 to None, run_after=None
[2023-04-14T19:32:15.519+0000] {logging_mixin.py:137} INFO - [2023-04-14T19:32:15.519+0000] {dag.py:3452} INFO - Setting next_dagrun for dataset_consumes_1_never_scheduled to None, run_after=None
[2023-04-14T19:32:15.520+0000] {logging_mixin.py:137} INFO - [2023-04-14T19:32:15.520+0000] {dag.py:3452} INFO - Setting next_dagrun for dataset_consumes_unknown_never_scheduled to None, run_after=None
[2023-04-14T19:32:15.523+0000] {logging_mixin.py:137} INFO - [2023-04-14T19:32:15.522+0000] {dag.py:3452} INFO - Setting next_dagrun for dataset_produces_1 to 2023-04-13T00:00:00+00:00, run_after=2023-04-14T00:00:00+00:00
[2023-04-14T19:32:15.524+0000] {logging_mixin.py:137} INFO - [2023-04-14T19:32:15.524+0000] {dag.py:3452} INFO - Setting next_dagrun for dataset_produces_2 to None, run_after=None
[2023-04-14T19:32:15.545+0000] {processor.py:175} INFO - Processing /home/airflow/.local/lib/python3.10/site-packages/airflow/example_dags/example_datasets.py took 0.142 seconds
[2023-04-14T19:32:45.562+0000] {processor.py:153} INFO - Started process (PID=189) to work on /home/airflow/.local/lib/python3.10/site-packages/airflow/example_dags/example_datasets.py
[2023-04-14T19:32:45.563+0000] {processor.py:743} INFO - Processing file /home/airflow/.local/lib/python3.10/site-packages/airflow/example_dags/example_datasets.py for tasks to queue
[2023-04-14T19:32:45.564+0000] {logging_mixin.py:137} INFO - [2023-04-14T19:32:45.564+0000] {dagbag.py:532} INFO - Filling up the DagBag from /home/airflow/.local/lib/python3.10/site-packages/airflow/example_dags/example_datasets.py
[2023-04-14T19:32:45.576+0000] {processor.py:753} INFO - DAG(s) dict_keys(['dataset_consumes_unknown_never_scheduled', 'dataset_consumes_1_and_2', 'dataset_consumes_1_never_scheduled', 'dataset_consumes_1', 'dataset_produces_2', 'dataset_produces_1']) retrieved from /home/airflow/.local/lib/python3.10/site-packages/airflow/example_dags/example_datasets.py
[2023-04-14T19:32:45.602+0000] {logging_mixin.py:137} INFO - [2023-04-14T19:32:45.602+0000] {dag.py:2705} INFO - Sync 6 DAGs
[2023-04-14T19:32:45.617+0000] {logging_mixin.py:137} INFO - [2023-04-14T19:32:45.617+0000] {dag.py:3452} INFO - Setting next_dagrun for dataset_consumes_1 to None, run_after=None
[2023-04-14T19:32:45.619+0000] {logging_mixin.py:137} INFO - [2023-04-14T19:32:45.619+0000] {dag.py:3452} INFO - Setting next_dagrun for dataset_consumes_1_and_2 to None, run_after=None
[2023-04-14T19:32:45.620+0000] {logging_mixin.py:137} INFO - [2023-04-14T19:32:45.620+0000] {dag.py:3452} INFO - Setting next_dagrun for dataset_consumes_1_never_scheduled to None, run_after=None
[2023-04-14T19:32:45.622+0000] {logging_mixin.py:137} INFO - [2023-04-14T19:32:45.622+0000] {dag.py:3452} INFO - Setting next_dagrun for dataset_consumes_unknown_never_scheduled to None, run_after=None
[2023-04-14T19:32:45.624+0000] {logging_mixin.py:137} INFO - [2023-04-14T19:32:45.624+0000] {dag.py:3452} INFO - Setting next_dagrun for dataset_produces_1 to 2023-04-13T00:00:00+00:00, run_after=2023-04-14T00:00:00+00:00
[2023-04-14T19:32:45.625+0000] {logging_mixin.py:137} INFO - [2023-04-14T19:32:45.625+0000] {dag.py:3452} INFO - Setting next_dagrun for dataset_produces_2 to None, run_after=None
[2023-04-14T19:32:45.643+0000] {processor.py:175} INFO - Processing /home/airflow/.local/lib/python3.10/site-packages/airflow/example_dags/example_datasets.py took 0.084 seconds
[2023-04-14T19:33:23.662+0000] {processor.py:153} INFO - Started process (PID=36) to work on /home/airflow/.local/lib/python3.10/site-packages/airflow/example_dags/example_datasets.py
[2023-04-14T19:33:23.663+0000] {processor.py:743} INFO - Processing file /home/airflow/.local/lib/python3.10/site-packages/airflow/example_dags/example_datasets.py for tasks to queue
[2023-04-14T19:33:23.663+0000] {logging_mixin.py:137} INFO - [2023-04-14T19:33:23.663+0000] {dagbag.py:532} INFO - Filling up the DagBag from /home/airflow/.local/lib/python3.10/site-packages/airflow/example_dags/example_datasets.py
[2023-04-14T19:33:23.676+0000] {processor.py:753} INFO - DAG(s) dict_keys(['dataset_consumes_1', 'dataset_consumes_1_and_2', 'dataset_consumes_1_never_scheduled', 'dataset_consumes_unknown_never_scheduled', 'dataset_produces_1', 'dataset_produces_2']) retrieved from /home/airflow/.local/lib/python3.10/site-packages/airflow/example_dags/example_datasets.py
[2023-04-14T19:33:23.690+0000] {logging_mixin.py:137} INFO - [2023-04-14T19:33:23.690+0000] {dag.py:2705} INFO - Sync 6 DAGs
[2023-04-14T19:33:23.716+0000] {logging_mixin.py:137} INFO - [2023-04-14T19:33:23.716+0000] {dag.py:3452} INFO - Setting next_dagrun for dataset_consumes_1 to None, run_after=None
[2023-04-14T19:33:23.720+0000] {logging_mixin.py:137} INFO - [2023-04-14T19:33:23.719+0000] {dag.py:3452} INFO - Setting next_dagrun for dataset_consumes_1_and_2 to None, run_after=None
[2023-04-14T19:33:23.723+0000] {logging_mixin.py:137} INFO - [2023-04-14T19:33:23.722+0000] {dag.py:3452} INFO - Setting next_dagrun for dataset_consumes_1_never_scheduled to None, run_after=None
[2023-04-14T19:33:23.724+0000] {logging_mixin.py:137} INFO - [2023-04-14T19:33:23.724+0000] {dag.py:3452} INFO - Setting next_dagrun for dataset_consumes_unknown_never_scheduled to None, run_after=None
[2023-04-14T19:33:23.727+0000] {logging_mixin.py:137} INFO - [2023-04-14T19:33:23.727+0000] {dag.py:3452} INFO - Setting next_dagrun for dataset_produces_1 to 2023-04-13T00:00:00+00:00, run_after=2023-04-14T00:00:00+00:00
[2023-04-14T19:33:23.728+0000] {logging_mixin.py:137} INFO - [2023-04-14T19:33:23.728+0000] {dag.py:3452} INFO - Setting next_dagrun for dataset_produces_2 to None, run_after=None
[2023-04-14T19:33:23.758+0000] {processor.py:175} INFO - Processing /home/airflow/.local/lib/python3.10/site-packages/airflow/example_dags/example_datasets.py took 0.099 seconds
[2023-04-14T19:33:54.673+0000] {processor.py:153} INFO - Started process (PID=120) to work on /home/airflow/.local/lib/python3.10/site-packages/airflow/example_dags/example_datasets.py
[2023-04-14T19:33:54.673+0000] {processor.py:743} INFO - Processing file /home/airflow/.local/lib/python3.10/site-packages/airflow/example_dags/example_datasets.py for tasks to queue
[2023-04-14T19:33:54.674+0000] {logging_mixin.py:137} INFO - [2023-04-14T19:33:54.674+0000] {dagbag.py:532} INFO - Filling up the DagBag from /home/airflow/.local/lib/python3.10/site-packages/airflow/example_dags/example_datasets.py
[2023-04-14T19:33:54.687+0000] {processor.py:753} INFO - DAG(s) dict_keys(['dataset_consumes_1_and_2', 'dataset_consumes_1_never_scheduled', 'dataset_consumes_1', 'dataset_consumes_unknown_never_scheduled', 'dataset_produces_1', 'dataset_produces_2']) retrieved from /home/airflow/.local/lib/python3.10/site-packages/airflow/example_dags/example_datasets.py
[2023-04-14T19:33:54.736+0000] {logging_mixin.py:137} INFO - [2023-04-14T19:33:54.736+0000] {dag.py:2705} INFO - Sync 6 DAGs
[2023-04-14T19:33:54.750+0000] {logging_mixin.py:137} INFO - [2023-04-14T19:33:54.750+0000] {dag.py:3452} INFO - Setting next_dagrun for dataset_consumes_1 to None, run_after=None
[2023-04-14T19:33:54.752+0000] {logging_mixin.py:137} INFO - [2023-04-14T19:33:54.752+0000] {dag.py:3452} INFO - Setting next_dagrun for dataset_consumes_1_and_2 to None, run_after=None
[2023-04-14T19:33:54.753+0000] {logging_mixin.py:137} INFO - [2023-04-14T19:33:54.753+0000] {dag.py:3452} INFO - Setting next_dagrun for dataset_consumes_1_never_scheduled to None, run_after=None
[2023-04-14T19:33:54.753+0000] {logging_mixin.py:137} INFO - [2023-04-14T19:33:54.753+0000] {dag.py:3452} INFO - Setting next_dagrun for dataset_consumes_unknown_never_scheduled to None, run_after=None
[2023-04-14T19:33:54.755+0000] {logging_mixin.py:137} INFO - [2023-04-14T19:33:54.755+0000] {dag.py:3452} INFO - Setting next_dagrun for dataset_produces_1 to 2023-04-13T00:00:00+00:00, run_after=2023-04-14T00:00:00+00:00
[2023-04-14T19:33:54.756+0000] {logging_mixin.py:137} INFO - [2023-04-14T19:33:54.756+0000] {dag.py:3452} INFO - Setting next_dagrun for dataset_produces_2 to None, run_after=None
[2023-04-14T19:33:54.776+0000] {processor.py:175} INFO - Processing /home/airflow/.local/lib/python3.10/site-packages/airflow/example_dags/example_datasets.py took 0.106 seconds
[2023-04-14T19:34:25.641+0000] {processor.py:153} INFO - Started process (PID=197) to work on /home/airflow/.local/lib/python3.10/site-packages/airflow/example_dags/example_datasets.py
[2023-04-14T19:34:25.642+0000] {processor.py:743} INFO - Processing file /home/airflow/.local/lib/python3.10/site-packages/airflow/example_dags/example_datasets.py for tasks to queue
[2023-04-14T19:34:25.643+0000] {logging_mixin.py:137} INFO - [2023-04-14T19:34:25.643+0000] {dagbag.py:532} INFO - Filling up the DagBag from /home/airflow/.local/lib/python3.10/site-packages/airflow/example_dags/example_datasets.py
[2023-04-14T19:34:25.658+0000] {processor.py:753} INFO - DAG(s) dict_keys(['dataset_produces_1', 'dataset_produces_2', 'dataset_consumes_1', 'dataset_consumes_unknown_never_scheduled', 'dataset_consumes_1_never_scheduled', 'dataset_consumes_1_and_2']) retrieved from /home/airflow/.local/lib/python3.10/site-packages/airflow/example_dags/example_datasets.py
[2023-04-14T19:34:25.686+0000] {logging_mixin.py:137} INFO - [2023-04-14T19:34:25.686+0000] {dag.py:2705} INFO - Sync 6 DAGs
[2023-04-14T19:34:25.703+0000] {logging_mixin.py:137} INFO - [2023-04-14T19:34:25.703+0000] {dag.py:3452} INFO - Setting next_dagrun for dataset_consumes_1 to None, run_after=None
[2023-04-14T19:34:25.705+0000] {logging_mixin.py:137} INFO - [2023-04-14T19:34:25.705+0000] {dag.py:3452} INFO - Setting next_dagrun for dataset_consumes_1_and_2 to None, run_after=None
[2023-04-14T19:34:25.706+0000] {logging_mixin.py:137} INFO - [2023-04-14T19:34:25.706+0000] {dag.py:3452} INFO - Setting next_dagrun for dataset_consumes_1_never_scheduled to None, run_after=None
[2023-04-14T19:34:25.707+0000] {logging_mixin.py:137} INFO - [2023-04-14T19:34:25.707+0000] {dag.py:3452} INFO - Setting next_dagrun for dataset_consumes_unknown_never_scheduled to None, run_after=None
[2023-04-14T19:34:25.709+0000] {logging_mixin.py:137} INFO - [2023-04-14T19:34:25.709+0000] {dag.py:3452} INFO - Setting next_dagrun for dataset_produces_1 to 2023-04-13T00:00:00+00:00, run_after=2023-04-14T00:00:00+00:00
[2023-04-14T19:34:25.710+0000] {logging_mixin.py:137} INFO - [2023-04-14T19:34:25.710+0000] {dag.py:3452} INFO - Setting next_dagrun for dataset_produces_2 to None, run_after=None
[2023-04-14T19:34:25.735+0000] {processor.py:175} INFO - Processing /home/airflow/.local/lib/python3.10/site-packages/airflow/example_dags/example_datasets.py took 0.099 seconds
[2023-04-14T19:35:37.122+0000] {processor.py:153} INFO - Started process (PID=36) to work on /home/airflow/.local/lib/python3.10/site-packages/airflow/example_dags/example_datasets.py
[2023-04-14T19:35:37.123+0000] {processor.py:743} INFO - Processing file /home/airflow/.local/lib/python3.10/site-packages/airflow/example_dags/example_datasets.py for tasks to queue
[2023-04-14T19:35:37.123+0000] {logging_mixin.py:137} INFO - [2023-04-14T19:35:37.123+0000] {dagbag.py:532} INFO - Filling up the DagBag from /home/airflow/.local/lib/python3.10/site-packages/airflow/example_dags/example_datasets.py
[2023-04-14T19:35:37.135+0000] {processor.py:753} INFO - DAG(s) dict_keys(['dataset_consumes_1_never_scheduled', 'dataset_produces_1', 'dataset_consumes_1_and_2', 'dataset_produces_2', 'dataset_consumes_1', 'dataset_consumes_unknown_never_scheduled']) retrieved from /home/airflow/.local/lib/python3.10/site-packages/airflow/example_dags/example_datasets.py
[2023-04-14T19:35:37.150+0000] {logging_mixin.py:137} INFO - [2023-04-14T19:35:37.150+0000] {dag.py:2705} INFO - Sync 6 DAGs
[2023-04-14T19:35:37.165+0000] {logging_mixin.py:137} INFO - [2023-04-14T19:35:37.165+0000] {dag.py:3452} INFO - Setting next_dagrun for dataset_consumes_1 to None, run_after=None
[2023-04-14T19:35:37.168+0000] {logging_mixin.py:137} INFO - [2023-04-14T19:35:37.167+0000] {dag.py:3452} INFO - Setting next_dagrun for dataset_consumes_1_and_2 to None, run_after=None
[2023-04-14T19:35:37.169+0000] {logging_mixin.py:137} INFO - [2023-04-14T19:35:37.169+0000] {dag.py:3452} INFO - Setting next_dagrun for dataset_consumes_1_never_scheduled to None, run_after=None
[2023-04-14T19:35:37.170+0000] {logging_mixin.py:137} INFO - [2023-04-14T19:35:37.170+0000] {dag.py:3452} INFO - Setting next_dagrun for dataset_consumes_unknown_never_scheduled to None, run_after=None
[2023-04-14T19:35:37.173+0000] {logging_mixin.py:137} INFO - [2023-04-14T19:35:37.173+0000] {dag.py:3452} INFO - Setting next_dagrun for dataset_produces_1 to 2023-04-13T00:00:00+00:00, run_after=2023-04-14T00:00:00+00:00
[2023-04-14T19:35:37.174+0000] {logging_mixin.py:137} INFO - [2023-04-14T19:35:37.174+0000] {dag.py:3452} INFO - Setting next_dagrun for dataset_produces_2 to None, run_after=None
[2023-04-14T19:35:37.196+0000] {processor.py:175} INFO - Processing /home/airflow/.local/lib/python3.10/site-packages/airflow/example_dags/example_datasets.py took 0.077 seconds
[2023-04-14T19:36:08.126+0000] {processor.py:153} INFO - Started process (PID=121) to work on /home/airflow/.local/lib/python3.10/site-packages/airflow/example_dags/example_datasets.py
[2023-04-14T19:36:08.127+0000] {processor.py:743} INFO - Processing file /home/airflow/.local/lib/python3.10/site-packages/airflow/example_dags/example_datasets.py for tasks to queue
[2023-04-14T19:36:08.127+0000] {logging_mixin.py:137} INFO - [2023-04-14T19:36:08.127+0000] {dagbag.py:532} INFO - Filling up the DagBag from /home/airflow/.local/lib/python3.10/site-packages/airflow/example_dags/example_datasets.py
[2023-04-14T19:36:08.140+0000] {processor.py:753} INFO - DAG(s) dict_keys(['dataset_consumes_1_never_scheduled', 'dataset_produces_2', 'dataset_consumes_1_and_2', 'dataset_consumes_unknown_never_scheduled', 'dataset_consumes_1', 'dataset_produces_1']) retrieved from /home/airflow/.local/lib/python3.10/site-packages/airflow/example_dags/example_datasets.py
[2023-04-14T19:36:08.196+0000] {logging_mixin.py:137} INFO - [2023-04-14T19:36:08.196+0000] {dag.py:2705} INFO - Sync 6 DAGs
[2023-04-14T19:36:08.212+0000] {logging_mixin.py:137} INFO - [2023-04-14T19:36:08.211+0000] {dag.py:3452} INFO - Setting next_dagrun for dataset_consumes_1 to None, run_after=None
[2023-04-14T19:36:08.214+0000] {logging_mixin.py:137} INFO - [2023-04-14T19:36:08.214+0000] {dag.py:3452} INFO - Setting next_dagrun for dataset_consumes_1_and_2 to None, run_after=None
[2023-04-14T19:36:08.215+0000] {logging_mixin.py:137} INFO - [2023-04-14T19:36:08.215+0000] {dag.py:3452} INFO - Setting next_dagrun for dataset_consumes_1_never_scheduled to None, run_after=None
[2023-04-14T19:36:08.216+0000] {logging_mixin.py:137} INFO - [2023-04-14T19:36:08.216+0000] {dag.py:3452} INFO - Setting next_dagrun for dataset_consumes_unknown_never_scheduled to None, run_after=None
[2023-04-14T19:36:08.218+0000] {logging_mixin.py:137} INFO - [2023-04-14T19:36:08.218+0000] {dag.py:3452} INFO - Setting next_dagrun for dataset_produces_1 to 2023-04-13T00:00:00+00:00, run_after=2023-04-14T00:00:00+00:00
[2023-04-14T19:36:08.219+0000] {logging_mixin.py:137} INFO - [2023-04-14T19:36:08.219+0000] {dag.py:3452} INFO - Setting next_dagrun for dataset_produces_2 to None, run_after=None
[2023-04-14T19:36:08.238+0000] {processor.py:175} INFO - Processing /home/airflow/.local/lib/python3.10/site-packages/airflow/example_dags/example_datasets.py took 0.115 seconds
[2023-04-14T19:36:39.043+0000] {processor.py:153} INFO - Started process (PID=198) to work on /home/airflow/.local/lib/python3.10/site-packages/airflow/example_dags/example_datasets.py
[2023-04-14T19:36:39.044+0000] {processor.py:743} INFO - Processing file /home/airflow/.local/lib/python3.10/site-packages/airflow/example_dags/example_datasets.py for tasks to queue
[2023-04-14T19:36:39.044+0000] {logging_mixin.py:137} INFO - [2023-04-14T19:36:39.044+0000] {dagbag.py:532} INFO - Filling up the DagBag from /home/airflow/.local/lib/python3.10/site-packages/airflow/example_dags/example_datasets.py
[2023-04-14T19:36:39.056+0000] {processor.py:753} INFO - DAG(s) dict_keys(['dataset_produces_1', 'dataset_consumes_1', 'dataset_consumes_1_and_2', 'dataset_consumes_1_never_scheduled', 'dataset_consumes_unknown_never_scheduled', 'dataset_produces_2']) retrieved from /home/airflow/.local/lib/python3.10/site-packages/airflow/example_dags/example_datasets.py
[2023-04-14T19:36:39.082+0000] {logging_mixin.py:137} INFO - [2023-04-14T19:36:39.082+0000] {dag.py:2705} INFO - Sync 6 DAGs
[2023-04-14T19:36:39.099+0000] {logging_mixin.py:137} INFO - [2023-04-14T19:36:39.098+0000] {dag.py:3452} INFO - Setting next_dagrun for dataset_consumes_1 to None, run_after=None
[2023-04-14T19:36:39.101+0000] {logging_mixin.py:137} INFO - [2023-04-14T19:36:39.100+0000] {dag.py:3452} INFO - Setting next_dagrun for dataset_consumes_1_and_2 to None, run_after=None
[2023-04-14T19:36:39.102+0000] {logging_mixin.py:137} INFO - [2023-04-14T19:36:39.101+0000] {dag.py:3452} INFO - Setting next_dagrun for dataset_consumes_1_never_scheduled to None, run_after=None
[2023-04-14T19:36:39.103+0000] {logging_mixin.py:137} INFO - [2023-04-14T19:36:39.103+0000] {dag.py:3452} INFO - Setting next_dagrun for dataset_consumes_unknown_never_scheduled to None, run_after=None
[2023-04-14T19:36:39.106+0000] {logging_mixin.py:137} INFO - [2023-04-14T19:36:39.106+0000] {dag.py:3452} INFO - Setting next_dagrun for dataset_produces_1 to 2023-04-13T00:00:00+00:00, run_after=2023-04-14T00:00:00+00:00
[2023-04-14T19:36:39.107+0000] {logging_mixin.py:137} INFO - [2023-04-14T19:36:39.107+0000] {dag.py:3452} INFO - Setting next_dagrun for dataset_produces_2 to None, run_after=None
[2023-04-14T19:36:39.130+0000] {processor.py:175} INFO - Processing /home/airflow/.local/lib/python3.10/site-packages/airflow/example_dags/example_datasets.py took 0.091 seconds
