[2023-04-14T19:13:19.145+0000] {processor.py:153} INFO - Started process (PID=73) to work on /home/airflow/.local/lib/python3.7/site-packages/airflow/example_dags/example_trigger_controller_dag.py
[2023-04-14T19:13:19.146+0000] {processor.py:743} INFO - Processing file /home/airflow/.local/lib/python3.7/site-packages/airflow/example_dags/example_trigger_controller_dag.py for tasks to queue
[2023-04-14T19:13:19.147+0000] {logging_mixin.py:137} INFO - [2023-04-14T19:13:19.146+0000] {dagbag.py:532} INFO - Filling up the DagBag from /home/airflow/.local/lib/python3.7/site-packages/airflow/example_dags/example_trigger_controller_dag.py
[2023-04-14T19:13:19.160+0000] {processor.py:753} INFO - DAG(s) dict_keys(['example_trigger_controller_dag']) retrieved from /home/airflow/.local/lib/python3.7/site-packages/airflow/example_dags/example_trigger_controller_dag.py
[2023-04-14T19:13:19.173+0000] {logging_mixin.py:137} INFO - [2023-04-14T19:13:19.173+0000] {dag.py:2705} INFO - Sync 1 DAGs
[2023-04-14T19:13:19.202+0000] {logging_mixin.py:137} INFO - [2023-04-14T19:13:19.202+0000] {dag.py:3456} INFO - Setting next_dagrun for example_trigger_controller_dag to 2021-01-01T00:00:00+00:00, run_after=2021-01-01T00:00:00+00:00
[2023-04-14T19:13:19.225+0000] {processor.py:175} INFO - Processing /home/airflow/.local/lib/python3.7/site-packages/airflow/example_dags/example_trigger_controller_dag.py took 0.083 seconds
[2023-04-14T19:13:50.005+0000] {processor.py:153} INFO - Started process (PID=163) to work on /home/airflow/.local/lib/python3.7/site-packages/airflow/example_dags/example_trigger_controller_dag.py
[2023-04-14T19:13:50.006+0000] {processor.py:743} INFO - Processing file /home/airflow/.local/lib/python3.7/site-packages/airflow/example_dags/example_trigger_controller_dag.py for tasks to queue
[2023-04-14T19:13:50.006+0000] {logging_mixin.py:137} INFO - [2023-04-14T19:13:50.006+0000] {dagbag.py:532} INFO - Filling up the DagBag from /home/airflow/.local/lib/python3.7/site-packages/airflow/example_dags/example_trigger_controller_dag.py
[2023-04-14T19:13:50.014+0000] {processor.py:753} INFO - DAG(s) dict_keys(['example_trigger_controller_dag']) retrieved from /home/airflow/.local/lib/python3.7/site-packages/airflow/example_dags/example_trigger_controller_dag.py
[2023-04-14T19:13:50.033+0000] {logging_mixin.py:137} INFO - [2023-04-14T19:13:50.033+0000] {dag.py:2705} INFO - Sync 1 DAGs
[2023-04-14T19:13:50.049+0000] {logging_mixin.py:137} INFO - [2023-04-14T19:13:50.049+0000] {dag.py:3456} INFO - Setting next_dagrun for example_trigger_controller_dag to 2021-01-01T00:00:00+00:00, run_after=2021-01-01T00:00:00+00:00
[2023-04-14T19:13:50.061+0000] {processor.py:175} INFO - Processing /home/airflow/.local/lib/python3.7/site-packages/airflow/example_dags/example_trigger_controller_dag.py took 0.058 seconds
[2023-04-14T19:14:20.286+0000] {processor.py:153} INFO - Started process (PID=254) to work on /home/airflow/.local/lib/python3.7/site-packages/airflow/example_dags/example_trigger_controller_dag.py
[2023-04-14T19:14:20.287+0000] {processor.py:743} INFO - Processing file /home/airflow/.local/lib/python3.7/site-packages/airflow/example_dags/example_trigger_controller_dag.py for tasks to queue
[2023-04-14T19:14:20.287+0000] {logging_mixin.py:137} INFO - [2023-04-14T19:14:20.287+0000] {dagbag.py:532} INFO - Filling up the DagBag from /home/airflow/.local/lib/python3.7/site-packages/airflow/example_dags/example_trigger_controller_dag.py
[2023-04-14T19:14:20.296+0000] {processor.py:753} INFO - DAG(s) dict_keys(['example_trigger_controller_dag']) retrieved from /home/airflow/.local/lib/python3.7/site-packages/airflow/example_dags/example_trigger_controller_dag.py
[2023-04-14T19:14:20.316+0000] {logging_mixin.py:137} INFO - [2023-04-14T19:14:20.316+0000] {dag.py:2705} INFO - Sync 1 DAGs
[2023-04-14T19:14:20.334+0000] {logging_mixin.py:137} INFO - [2023-04-14T19:14:20.333+0000] {dag.py:3456} INFO - Setting next_dagrun for example_trigger_controller_dag to 2021-01-01T00:00:00+00:00, run_after=2021-01-01T00:00:00+00:00
[2023-04-14T19:14:20.345+0000] {processor.py:175} INFO - Processing /home/airflow/.local/lib/python3.7/site-packages/airflow/example_dags/example_trigger_controller_dag.py took 0.062 seconds
[2023-04-14T19:14:50.407+0000] {processor.py:153} INFO - Started process (PID=329) to work on /home/airflow/.local/lib/python3.7/site-packages/airflow/example_dags/example_trigger_controller_dag.py
[2023-04-14T19:14:50.408+0000] {processor.py:743} INFO - Processing file /home/airflow/.local/lib/python3.7/site-packages/airflow/example_dags/example_trigger_controller_dag.py for tasks to queue
[2023-04-14T19:14:50.408+0000] {logging_mixin.py:137} INFO - [2023-04-14T19:14:50.408+0000] {dagbag.py:532} INFO - Filling up the DagBag from /home/airflow/.local/lib/python3.7/site-packages/airflow/example_dags/example_trigger_controller_dag.py
[2023-04-14T19:14:50.417+0000] {processor.py:753} INFO - DAG(s) dict_keys(['example_trigger_controller_dag']) retrieved from /home/airflow/.local/lib/python3.7/site-packages/airflow/example_dags/example_trigger_controller_dag.py
[2023-04-14T19:14:50.438+0000] {logging_mixin.py:137} INFO - [2023-04-14T19:14:50.438+0000] {dag.py:2705} INFO - Sync 1 DAGs
[2023-04-14T19:14:50.455+0000] {logging_mixin.py:137} INFO - [2023-04-14T19:14:50.455+0000] {dag.py:3456} INFO - Setting next_dagrun for example_trigger_controller_dag to 2021-01-01T00:00:00+00:00, run_after=2021-01-01T00:00:00+00:00
[2023-04-14T19:14:50.467+0000] {processor.py:175} INFO - Processing /home/airflow/.local/lib/python3.7/site-packages/airflow/example_dags/example_trigger_controller_dag.py took 0.063 seconds
[2023-04-14T19:15:20.637+0000] {processor.py:153} INFO - Started process (PID=420) to work on /home/airflow/.local/lib/python3.7/site-packages/airflow/example_dags/example_trigger_controller_dag.py
[2023-04-14T19:15:20.638+0000] {processor.py:743} INFO - Processing file /home/airflow/.local/lib/python3.7/site-packages/airflow/example_dags/example_trigger_controller_dag.py for tasks to queue
[2023-04-14T19:15:20.638+0000] {logging_mixin.py:137} INFO - [2023-04-14T19:15:20.638+0000] {dagbag.py:532} INFO - Filling up the DagBag from /home/airflow/.local/lib/python3.7/site-packages/airflow/example_dags/example_trigger_controller_dag.py
[2023-04-14T19:15:20.647+0000] {processor.py:753} INFO - DAG(s) dict_keys(['example_trigger_controller_dag']) retrieved from /home/airflow/.local/lib/python3.7/site-packages/airflow/example_dags/example_trigger_controller_dag.py
[2023-04-14T19:15:20.667+0000] {logging_mixin.py:137} INFO - [2023-04-14T19:15:20.667+0000] {dag.py:2705} INFO - Sync 1 DAGs
[2023-04-14T19:15:20.685+0000] {logging_mixin.py:137} INFO - [2023-04-14T19:15:20.685+0000] {dag.py:3456} INFO - Setting next_dagrun for example_trigger_controller_dag to 2021-01-01T00:00:00+00:00, run_after=2021-01-01T00:00:00+00:00
[2023-04-14T19:15:20.698+0000] {processor.py:175} INFO - Processing /home/airflow/.local/lib/python3.7/site-packages/airflow/example_dags/example_trigger_controller_dag.py took 0.064 seconds
[2023-04-14T19:17:36.530+0000] {processor.py:153} INFO - Started process (PID=73) to work on /home/airflow/.local/lib/python3.7/site-packages/airflow/example_dags/example_trigger_controller_dag.py
[2023-04-14T19:17:36.531+0000] {processor.py:743} INFO - Processing file /home/airflow/.local/lib/python3.7/site-packages/airflow/example_dags/example_trigger_controller_dag.py for tasks to queue
[2023-04-14T19:17:36.532+0000] {logging_mixin.py:137} INFO - [2023-04-14T19:17:36.532+0000] {dagbag.py:532} INFO - Filling up the DagBag from /home/airflow/.local/lib/python3.7/site-packages/airflow/example_dags/example_trigger_controller_dag.py
[2023-04-14T19:17:36.545+0000] {processor.py:753} INFO - DAG(s) dict_keys(['example_trigger_controller_dag']) retrieved from /home/airflow/.local/lib/python3.7/site-packages/airflow/example_dags/example_trigger_controller_dag.py
[2023-04-14T19:17:36.558+0000] {logging_mixin.py:137} INFO - [2023-04-14T19:17:36.558+0000] {dag.py:2705} INFO - Sync 1 DAGs
[2023-04-14T19:17:36.580+0000] {logging_mixin.py:137} INFO - [2023-04-14T19:17:36.580+0000] {dag.py:3456} INFO - Setting next_dagrun for example_trigger_controller_dag to 2021-01-01T00:00:00+00:00, run_after=2021-01-01T00:00:00+00:00
[2023-04-14T19:17:36.603+0000] {processor.py:175} INFO - Processing /home/airflow/.local/lib/python3.7/site-packages/airflow/example_dags/example_trigger_controller_dag.py took 0.077 seconds
[2023-04-14T19:18:07.015+0000] {processor.py:153} INFO - Started process (PID=165) to work on /home/airflow/.local/lib/python3.7/site-packages/airflow/example_dags/example_trigger_controller_dag.py
[2023-04-14T19:18:07.016+0000] {processor.py:743} INFO - Processing file /home/airflow/.local/lib/python3.7/site-packages/airflow/example_dags/example_trigger_controller_dag.py for tasks to queue
[2023-04-14T19:18:07.016+0000] {logging_mixin.py:137} INFO - [2023-04-14T19:18:07.016+0000] {dagbag.py:532} INFO - Filling up the DagBag from /home/airflow/.local/lib/python3.7/site-packages/airflow/example_dags/example_trigger_controller_dag.py
[2023-04-14T19:18:07.027+0000] {processor.py:753} INFO - DAG(s) dict_keys(['example_trigger_controller_dag']) retrieved from /home/airflow/.local/lib/python3.7/site-packages/airflow/example_dags/example_trigger_controller_dag.py
[2023-04-14T19:18:07.051+0000] {logging_mixin.py:137} INFO - [2023-04-14T19:18:07.050+0000] {dag.py:2705} INFO - Sync 1 DAGs
[2023-04-14T19:18:07.075+0000] {logging_mixin.py:137} INFO - [2023-04-14T19:18:07.074+0000] {dag.py:3456} INFO - Setting next_dagrun for example_trigger_controller_dag to 2021-01-01T00:00:00+00:00, run_after=2021-01-01T00:00:00+00:00
[2023-04-14T19:18:07.099+0000] {processor.py:175} INFO - Processing /home/airflow/.local/lib/python3.7/site-packages/airflow/example_dags/example_trigger_controller_dag.py took 0.087 seconds
[2023-04-14T19:18:37.501+0000] {processor.py:153} INFO - Started process (PID=256) to work on /home/airflow/.local/lib/python3.7/site-packages/airflow/example_dags/example_trigger_controller_dag.py
[2023-04-14T19:18:37.502+0000] {processor.py:743} INFO - Processing file /home/airflow/.local/lib/python3.7/site-packages/airflow/example_dags/example_trigger_controller_dag.py for tasks to queue
[2023-04-14T19:18:37.502+0000] {logging_mixin.py:137} INFO - [2023-04-14T19:18:37.502+0000] {dagbag.py:532} INFO - Filling up the DagBag from /home/airflow/.local/lib/python3.7/site-packages/airflow/example_dags/example_trigger_controller_dag.py
[2023-04-14T19:18:37.511+0000] {processor.py:753} INFO - DAG(s) dict_keys(['example_trigger_controller_dag']) retrieved from /home/airflow/.local/lib/python3.7/site-packages/airflow/example_dags/example_trigger_controller_dag.py
[2023-04-14T19:18:37.532+0000] {logging_mixin.py:137} INFO - [2023-04-14T19:18:37.532+0000] {dag.py:2705} INFO - Sync 1 DAGs
[2023-04-14T19:18:37.551+0000] {logging_mixin.py:137} INFO - [2023-04-14T19:18:37.550+0000] {dag.py:3456} INFO - Setting next_dagrun for example_trigger_controller_dag to 2021-01-01T00:00:00+00:00, run_after=2021-01-01T00:00:00+00:00
[2023-04-14T19:18:37.563+0000] {processor.py:175} INFO - Processing /home/airflow/.local/lib/python3.7/site-packages/airflow/example_dags/example_trigger_controller_dag.py took 0.066 seconds
[2023-04-14T19:19:07.785+0000] {processor.py:153} INFO - Started process (PID=331) to work on /home/airflow/.local/lib/python3.7/site-packages/airflow/example_dags/example_trigger_controller_dag.py
[2023-04-14T19:19:07.786+0000] {processor.py:743} INFO - Processing file /home/airflow/.local/lib/python3.7/site-packages/airflow/example_dags/example_trigger_controller_dag.py for tasks to queue
[2023-04-14T19:19:07.787+0000] {logging_mixin.py:137} INFO - [2023-04-14T19:19:07.787+0000] {dagbag.py:532} INFO - Filling up the DagBag from /home/airflow/.local/lib/python3.7/site-packages/airflow/example_dags/example_trigger_controller_dag.py
[2023-04-14T19:19:07.797+0000] {processor.py:753} INFO - DAG(s) dict_keys(['example_trigger_controller_dag']) retrieved from /home/airflow/.local/lib/python3.7/site-packages/airflow/example_dags/example_trigger_controller_dag.py
[2023-04-14T19:19:07.819+0000] {logging_mixin.py:137} INFO - [2023-04-14T19:19:07.818+0000] {dag.py:2705} INFO - Sync 1 DAGs
[2023-04-14T19:19:07.837+0000] {logging_mixin.py:137} INFO - [2023-04-14T19:19:07.837+0000] {dag.py:3456} INFO - Setting next_dagrun for example_trigger_controller_dag to 2021-01-01T00:00:00+00:00, run_after=2021-01-01T00:00:00+00:00
[2023-04-14T19:19:07.849+0000] {processor.py:175} INFO - Processing /home/airflow/.local/lib/python3.7/site-packages/airflow/example_dags/example_trigger_controller_dag.py took 0.066 seconds
[2023-04-14T19:19:38.100+0000] {processor.py:153} INFO - Started process (PID=424) to work on /home/airflow/.local/lib/python3.7/site-packages/airflow/example_dags/example_trigger_controller_dag.py
[2023-04-14T19:19:38.101+0000] {processor.py:743} INFO - Processing file /home/airflow/.local/lib/python3.7/site-packages/airflow/example_dags/example_trigger_controller_dag.py for tasks to queue
[2023-04-14T19:19:38.102+0000] {logging_mixin.py:137} INFO - [2023-04-14T19:19:38.101+0000] {dagbag.py:532} INFO - Filling up the DagBag from /home/airflow/.local/lib/python3.7/site-packages/airflow/example_dags/example_trigger_controller_dag.py
[2023-04-14T19:19:38.111+0000] {processor.py:753} INFO - DAG(s) dict_keys(['example_trigger_controller_dag']) retrieved from /home/airflow/.local/lib/python3.7/site-packages/airflow/example_dags/example_trigger_controller_dag.py
[2023-04-14T19:19:38.134+0000] {logging_mixin.py:137} INFO - [2023-04-14T19:19:38.134+0000] {dag.py:2705} INFO - Sync 1 DAGs
[2023-04-14T19:19:38.152+0000] {logging_mixin.py:137} INFO - [2023-04-14T19:19:38.152+0000] {dag.py:3456} INFO - Setting next_dagrun for example_trigger_controller_dag to 2021-01-01T00:00:00+00:00, run_after=2021-01-01T00:00:00+00:00
[2023-04-14T19:19:38.168+0000] {processor.py:175} INFO - Processing /home/airflow/.local/lib/python3.7/site-packages/airflow/example_dags/example_trigger_controller_dag.py took 0.071 seconds
[2023-04-14T19:20:08.643+0000] {processor.py:153} INFO - Started process (PID=516) to work on /home/airflow/.local/lib/python3.7/site-packages/airflow/example_dags/example_trigger_controller_dag.py
[2023-04-14T19:20:08.644+0000] {processor.py:743} INFO - Processing file /home/airflow/.local/lib/python3.7/site-packages/airflow/example_dags/example_trigger_controller_dag.py for tasks to queue
[2023-04-14T19:20:08.645+0000] {logging_mixin.py:137} INFO - [2023-04-14T19:20:08.645+0000] {dagbag.py:532} INFO - Filling up the DagBag from /home/airflow/.local/lib/python3.7/site-packages/airflow/example_dags/example_trigger_controller_dag.py
[2023-04-14T19:20:08.655+0000] {processor.py:753} INFO - DAG(s) dict_keys(['example_trigger_controller_dag']) retrieved from /home/airflow/.local/lib/python3.7/site-packages/airflow/example_dags/example_trigger_controller_dag.py
[2023-04-14T19:20:08.675+0000] {logging_mixin.py:137} INFO - [2023-04-14T19:20:08.675+0000] {dag.py:2705} INFO - Sync 1 DAGs
[2023-04-14T19:20:08.695+0000] {logging_mixin.py:137} INFO - [2023-04-14T19:20:08.695+0000] {dag.py:3456} INFO - Setting next_dagrun for example_trigger_controller_dag to 2021-01-01T00:00:00+00:00, run_after=2021-01-01T00:00:00+00:00
[2023-04-14T19:20:08.708+0000] {processor.py:175} INFO - Processing /home/airflow/.local/lib/python3.7/site-packages/airflow/example_dags/example_trigger_controller_dag.py took 0.069 seconds
[2023-04-14T19:20:38.960+0000] {processor.py:153} INFO - Started process (PID=591) to work on /home/airflow/.local/lib/python3.7/site-packages/airflow/example_dags/example_trigger_controller_dag.py
[2023-04-14T19:20:38.961+0000] {processor.py:743} INFO - Processing file /home/airflow/.local/lib/python3.7/site-packages/airflow/example_dags/example_trigger_controller_dag.py for tasks to queue
[2023-04-14T19:20:38.962+0000] {logging_mixin.py:137} INFO - [2023-04-14T19:20:38.962+0000] {dagbag.py:532} INFO - Filling up the DagBag from /home/airflow/.local/lib/python3.7/site-packages/airflow/example_dags/example_trigger_controller_dag.py
[2023-04-14T19:20:38.971+0000] {processor.py:753} INFO - DAG(s) dict_keys(['example_trigger_controller_dag']) retrieved from /home/airflow/.local/lib/python3.7/site-packages/airflow/example_dags/example_trigger_controller_dag.py
[2023-04-14T19:20:38.991+0000] {logging_mixin.py:137} INFO - [2023-04-14T19:20:38.991+0000] {dag.py:2705} INFO - Sync 1 DAGs
[2023-04-14T19:20:39.010+0000] {logging_mixin.py:137} INFO - [2023-04-14T19:20:39.010+0000] {dag.py:3456} INFO - Setting next_dagrun for example_trigger_controller_dag to 2021-01-01T00:00:00+00:00, run_after=2021-01-01T00:00:00+00:00
[2023-04-14T19:20:39.022+0000] {processor.py:175} INFO - Processing /home/airflow/.local/lib/python3.7/site-packages/airflow/example_dags/example_trigger_controller_dag.py took 0.066 seconds
[2023-04-14T19:21:09.166+0000] {processor.py:153} INFO - Started process (PID=682) to work on /home/airflow/.local/lib/python3.7/site-packages/airflow/example_dags/example_trigger_controller_dag.py
[2023-04-14T19:21:09.167+0000] {processor.py:743} INFO - Processing file /home/airflow/.local/lib/python3.7/site-packages/airflow/example_dags/example_trigger_controller_dag.py for tasks to queue
[2023-04-14T19:21:09.168+0000] {logging_mixin.py:137} INFO - [2023-04-14T19:21:09.168+0000] {dagbag.py:532} INFO - Filling up the DagBag from /home/airflow/.local/lib/python3.7/site-packages/airflow/example_dags/example_trigger_controller_dag.py
[2023-04-14T19:21:09.177+0000] {processor.py:753} INFO - DAG(s) dict_keys(['example_trigger_controller_dag']) retrieved from /home/airflow/.local/lib/python3.7/site-packages/airflow/example_dags/example_trigger_controller_dag.py
[2023-04-14T19:21:09.195+0000] {logging_mixin.py:137} INFO - [2023-04-14T19:21:09.195+0000] {dag.py:2705} INFO - Sync 1 DAGs
[2023-04-14T19:21:09.213+0000] {logging_mixin.py:137} INFO - [2023-04-14T19:21:09.213+0000] {dag.py:3456} INFO - Setting next_dagrun for example_trigger_controller_dag to 2021-01-01T00:00:00+00:00, run_after=2021-01-01T00:00:00+00:00
[2023-04-14T19:21:09.225+0000] {processor.py:175} INFO - Processing /home/airflow/.local/lib/python3.7/site-packages/airflow/example_dags/example_trigger_controller_dag.py took 0.061 seconds
[2023-04-14T19:21:39.311+0000] {processor.py:153} INFO - Started process (PID=757) to work on /home/airflow/.local/lib/python3.7/site-packages/airflow/example_dags/example_trigger_controller_dag.py
[2023-04-14T19:21:39.311+0000] {processor.py:743} INFO - Processing file /home/airflow/.local/lib/python3.7/site-packages/airflow/example_dags/example_trigger_controller_dag.py for tasks to queue
[2023-04-14T19:21:39.312+0000] {logging_mixin.py:137} INFO - [2023-04-14T19:21:39.312+0000] {dagbag.py:532} INFO - Filling up the DagBag from /home/airflow/.local/lib/python3.7/site-packages/airflow/example_dags/example_trigger_controller_dag.py
[2023-04-14T19:21:39.321+0000] {processor.py:753} INFO - DAG(s) dict_keys(['example_trigger_controller_dag']) retrieved from /home/airflow/.local/lib/python3.7/site-packages/airflow/example_dags/example_trigger_controller_dag.py
[2023-04-14T19:21:39.342+0000] {logging_mixin.py:137} INFO - [2023-04-14T19:21:39.342+0000] {dag.py:2705} INFO - Sync 1 DAGs
[2023-04-14T19:21:39.362+0000] {logging_mixin.py:137} INFO - [2023-04-14T19:21:39.362+0000] {dag.py:3456} INFO - Setting next_dagrun for example_trigger_controller_dag to 2021-01-01T00:00:00+00:00, run_after=2021-01-01T00:00:00+00:00
[2023-04-14T19:21:39.376+0000] {processor.py:175} INFO - Processing /home/airflow/.local/lib/python3.7/site-packages/airflow/example_dags/example_trigger_controller_dag.py took 0.068 seconds
[2023-04-14T19:22:09.468+0000] {processor.py:153} INFO - Started process (PID=848) to work on /home/airflow/.local/lib/python3.7/site-packages/airflow/example_dags/example_trigger_controller_dag.py
[2023-04-14T19:22:09.469+0000] {processor.py:743} INFO - Processing file /home/airflow/.local/lib/python3.7/site-packages/airflow/example_dags/example_trigger_controller_dag.py for tasks to queue
[2023-04-14T19:22:09.470+0000] {logging_mixin.py:137} INFO - [2023-04-14T19:22:09.469+0000] {dagbag.py:532} INFO - Filling up the DagBag from /home/airflow/.local/lib/python3.7/site-packages/airflow/example_dags/example_trigger_controller_dag.py
[2023-04-14T19:22:09.479+0000] {processor.py:753} INFO - DAG(s) dict_keys(['example_trigger_controller_dag']) retrieved from /home/airflow/.local/lib/python3.7/site-packages/airflow/example_dags/example_trigger_controller_dag.py
[2023-04-14T19:22:09.497+0000] {logging_mixin.py:137} INFO - [2023-04-14T19:22:09.497+0000] {dag.py:2705} INFO - Sync 1 DAGs
[2023-04-14T19:22:09.513+0000] {logging_mixin.py:137} INFO - [2023-04-14T19:22:09.513+0000] {dag.py:3456} INFO - Setting next_dagrun for example_trigger_controller_dag to 2021-01-01T00:00:00+00:00, run_after=2021-01-01T00:00:00+00:00
[2023-04-14T19:22:09.526+0000] {processor.py:175} INFO - Processing /home/airflow/.local/lib/python3.7/site-packages/airflow/example_dags/example_trigger_controller_dag.py took 0.060 seconds
[2023-04-14T19:22:40.182+0000] {processor.py:153} INFO - Started process (PID=939) to work on /home/airflow/.local/lib/python3.7/site-packages/airflow/example_dags/example_trigger_controller_dag.py
[2023-04-14T19:22:40.182+0000] {processor.py:743} INFO - Processing file /home/airflow/.local/lib/python3.7/site-packages/airflow/example_dags/example_trigger_controller_dag.py for tasks to queue
[2023-04-14T19:22:40.183+0000] {logging_mixin.py:137} INFO - [2023-04-14T19:22:40.183+0000] {dagbag.py:532} INFO - Filling up the DagBag from /home/airflow/.local/lib/python3.7/site-packages/airflow/example_dags/example_trigger_controller_dag.py
[2023-04-14T19:22:40.192+0000] {processor.py:753} INFO - DAG(s) dict_keys(['example_trigger_controller_dag']) retrieved from /home/airflow/.local/lib/python3.7/site-packages/airflow/example_dags/example_trigger_controller_dag.py
[2023-04-14T19:22:40.212+0000] {logging_mixin.py:137} INFO - [2023-04-14T19:22:40.211+0000] {dag.py:2705} INFO - Sync 1 DAGs
[2023-04-14T19:22:40.229+0000] {logging_mixin.py:137} INFO - [2023-04-14T19:22:40.229+0000] {dag.py:3456} INFO - Setting next_dagrun for example_trigger_controller_dag to 2021-01-01T00:00:00+00:00, run_after=2021-01-01T00:00:00+00:00
[2023-04-14T19:22:40.242+0000] {processor.py:175} INFO - Processing /home/airflow/.local/lib/python3.7/site-packages/airflow/example_dags/example_trigger_controller_dag.py took 0.063 seconds
[2023-04-14T19:23:10.388+0000] {processor.py:153} INFO - Started process (PID=1014) to work on /home/airflow/.local/lib/python3.7/site-packages/airflow/example_dags/example_trigger_controller_dag.py
[2023-04-14T19:23:10.389+0000] {processor.py:743} INFO - Processing file /home/airflow/.local/lib/python3.7/site-packages/airflow/example_dags/example_trigger_controller_dag.py for tasks to queue
[2023-04-14T19:23:10.390+0000] {logging_mixin.py:137} INFO - [2023-04-14T19:23:10.390+0000] {dagbag.py:532} INFO - Filling up the DagBag from /home/airflow/.local/lib/python3.7/site-packages/airflow/example_dags/example_trigger_controller_dag.py
[2023-04-14T19:23:10.400+0000] {processor.py:753} INFO - DAG(s) dict_keys(['example_trigger_controller_dag']) retrieved from /home/airflow/.local/lib/python3.7/site-packages/airflow/example_dags/example_trigger_controller_dag.py
[2023-04-14T19:23:10.423+0000] {logging_mixin.py:137} INFO - [2023-04-14T19:23:10.422+0000] {dag.py:2705} INFO - Sync 1 DAGs
[2023-04-14T19:23:10.440+0000] {logging_mixin.py:137} INFO - [2023-04-14T19:23:10.440+0000] {dag.py:3456} INFO - Setting next_dagrun for example_trigger_controller_dag to 2021-01-01T00:00:00+00:00, run_after=2021-01-01T00:00:00+00:00
[2023-04-14T19:23:10.452+0000] {processor.py:175} INFO - Processing /home/airflow/.local/lib/python3.7/site-packages/airflow/example_dags/example_trigger_controller_dag.py took 0.069 seconds
[2023-04-14T19:23:40.555+0000] {processor.py:153} INFO - Started process (PID=1105) to work on /home/airflow/.local/lib/python3.7/site-packages/airflow/example_dags/example_trigger_controller_dag.py
[2023-04-14T19:23:40.555+0000] {processor.py:743} INFO - Processing file /home/airflow/.local/lib/python3.7/site-packages/airflow/example_dags/example_trigger_controller_dag.py for tasks to queue
[2023-04-14T19:23:40.556+0000] {logging_mixin.py:137} INFO - [2023-04-14T19:23:40.556+0000] {dagbag.py:532} INFO - Filling up the DagBag from /home/airflow/.local/lib/python3.7/site-packages/airflow/example_dags/example_trigger_controller_dag.py
[2023-04-14T19:23:40.568+0000] {processor.py:753} INFO - DAG(s) dict_keys(['example_trigger_controller_dag']) retrieved from /home/airflow/.local/lib/python3.7/site-packages/airflow/example_dags/example_trigger_controller_dag.py
[2023-04-14T19:23:40.591+0000] {logging_mixin.py:137} INFO - [2023-04-14T19:23:40.591+0000] {dag.py:2705} INFO - Sync 1 DAGs
[2023-04-14T19:23:40.611+0000] {logging_mixin.py:137} INFO - [2023-04-14T19:23:40.611+0000] {dag.py:3456} INFO - Setting next_dagrun for example_trigger_controller_dag to 2021-01-01T00:00:00+00:00, run_after=2021-01-01T00:00:00+00:00
[2023-04-14T19:23:40.624+0000] {processor.py:175} INFO - Processing /home/airflow/.local/lib/python3.7/site-packages/airflow/example_dags/example_trigger_controller_dag.py took 0.074 seconds
[2023-04-14T19:24:10.720+0000] {processor.py:153} INFO - Started process (PID=1196) to work on /home/airflow/.local/lib/python3.7/site-packages/airflow/example_dags/example_trigger_controller_dag.py
[2023-04-14T19:24:10.721+0000] {processor.py:743} INFO - Processing file /home/airflow/.local/lib/python3.7/site-packages/airflow/example_dags/example_trigger_controller_dag.py for tasks to queue
[2023-04-14T19:24:10.722+0000] {logging_mixin.py:137} INFO - [2023-04-14T19:24:10.722+0000] {dagbag.py:532} INFO - Filling up the DagBag from /home/airflow/.local/lib/python3.7/site-packages/airflow/example_dags/example_trigger_controller_dag.py
[2023-04-14T19:24:10.731+0000] {processor.py:753} INFO - DAG(s) dict_keys(['example_trigger_controller_dag']) retrieved from /home/airflow/.local/lib/python3.7/site-packages/airflow/example_dags/example_trigger_controller_dag.py
[2023-04-14T19:24:10.753+0000] {logging_mixin.py:137} INFO - [2023-04-14T19:24:10.753+0000] {dag.py:2705} INFO - Sync 1 DAGs
[2023-04-14T19:24:10.771+0000] {logging_mixin.py:137} INFO - [2023-04-14T19:24:10.771+0000] {dag.py:3456} INFO - Setting next_dagrun for example_trigger_controller_dag to 2021-01-01T00:00:00+00:00, run_after=2021-01-01T00:00:00+00:00
[2023-04-14T19:24:10.783+0000] {processor.py:175} INFO - Processing /home/airflow/.local/lib/python3.7/site-packages/airflow/example_dags/example_trigger_controller_dag.py took 0.065 seconds
[2023-04-14T19:26:10.327+0000] {processor.py:153} INFO - Started process (PID=73) to work on /home/airflow/.local/lib/python3.7/site-packages/airflow/example_dags/example_trigger_controller_dag.py
[2023-04-14T19:26:10.328+0000] {processor.py:743} INFO - Processing file /home/airflow/.local/lib/python3.7/site-packages/airflow/example_dags/example_trigger_controller_dag.py for tasks to queue
[2023-04-14T19:26:10.328+0000] {logging_mixin.py:137} INFO - [2023-04-14T19:26:10.328+0000] {dagbag.py:532} INFO - Filling up the DagBag from /home/airflow/.local/lib/python3.7/site-packages/airflow/example_dags/example_trigger_controller_dag.py
[2023-04-14T19:26:10.341+0000] {processor.py:753} INFO - DAG(s) dict_keys(['example_trigger_controller_dag']) retrieved from /home/airflow/.local/lib/python3.7/site-packages/airflow/example_dags/example_trigger_controller_dag.py
[2023-04-14T19:26:10.353+0000] {logging_mixin.py:137} INFO - [2023-04-14T19:26:10.353+0000] {dag.py:2705} INFO - Sync 1 DAGs
[2023-04-14T19:26:10.375+0000] {logging_mixin.py:137} INFO - [2023-04-14T19:26:10.374+0000] {dag.py:3456} INFO - Setting next_dagrun for example_trigger_controller_dag to 2021-01-01T00:00:00+00:00, run_after=2021-01-01T00:00:00+00:00
[2023-04-14T19:26:10.390+0000] {processor.py:175} INFO - Processing /home/airflow/.local/lib/python3.7/site-packages/airflow/example_dags/example_trigger_controller_dag.py took 0.066 seconds
[2023-04-14T19:26:40.610+0000] {processor.py:153} INFO - Started process (PID=164) to work on /home/airflow/.local/lib/python3.7/site-packages/airflow/example_dags/example_trigger_controller_dag.py
[2023-04-14T19:26:40.611+0000] {processor.py:743} INFO - Processing file /home/airflow/.local/lib/python3.7/site-packages/airflow/example_dags/example_trigger_controller_dag.py for tasks to queue
[2023-04-14T19:26:40.611+0000] {logging_mixin.py:137} INFO - [2023-04-14T19:26:40.611+0000] {dagbag.py:532} INFO - Filling up the DagBag from /home/airflow/.local/lib/python3.7/site-packages/airflow/example_dags/example_trigger_controller_dag.py
[2023-04-14T19:26:40.620+0000] {processor.py:753} INFO - DAG(s) dict_keys(['example_trigger_controller_dag']) retrieved from /home/airflow/.local/lib/python3.7/site-packages/airflow/example_dags/example_trigger_controller_dag.py
[2023-04-14T19:26:40.637+0000] {logging_mixin.py:137} INFO - [2023-04-14T19:26:40.637+0000] {dag.py:2705} INFO - Sync 1 DAGs
[2023-04-14T19:26:40.653+0000] {logging_mixin.py:137} INFO - [2023-04-14T19:26:40.653+0000] {dag.py:3456} INFO - Setting next_dagrun for example_trigger_controller_dag to 2021-01-01T00:00:00+00:00, run_after=2021-01-01T00:00:00+00:00
[2023-04-14T19:26:40.665+0000] {processor.py:175} INFO - Processing /home/airflow/.local/lib/python3.7/site-packages/airflow/example_dags/example_trigger_controller_dag.py took 0.057 seconds
[2023-04-14T19:27:10.923+0000] {processor.py:153} INFO - Started process (PID=255) to work on /home/airflow/.local/lib/python3.7/site-packages/airflow/example_dags/example_trigger_controller_dag.py
[2023-04-14T19:27:10.923+0000] {processor.py:743} INFO - Processing file /home/airflow/.local/lib/python3.7/site-packages/airflow/example_dags/example_trigger_controller_dag.py for tasks to queue
[2023-04-14T19:27:10.924+0000] {logging_mixin.py:137} INFO - [2023-04-14T19:27:10.924+0000] {dagbag.py:532} INFO - Filling up the DagBag from /home/airflow/.local/lib/python3.7/site-packages/airflow/example_dags/example_trigger_controller_dag.py
[2023-04-14T19:27:10.933+0000] {processor.py:753} INFO - DAG(s) dict_keys(['example_trigger_controller_dag']) retrieved from /home/airflow/.local/lib/python3.7/site-packages/airflow/example_dags/example_trigger_controller_dag.py
[2023-04-14T19:27:10.956+0000] {logging_mixin.py:137} INFO - [2023-04-14T19:27:10.955+0000] {dag.py:2705} INFO - Sync 1 DAGs
[2023-04-14T19:27:10.973+0000] {logging_mixin.py:137} INFO - [2023-04-14T19:27:10.973+0000] {dag.py:3456} INFO - Setting next_dagrun for example_trigger_controller_dag to 2021-01-01T00:00:00+00:00, run_after=2021-01-01T00:00:00+00:00
[2023-04-14T19:27:10.985+0000] {processor.py:175} INFO - Processing /home/airflow/.local/lib/python3.7/site-packages/airflow/example_dags/example_trigger_controller_dag.py took 0.065 seconds
[2023-04-14T19:31:45.695+0000] {processor.py:153} INFO - Started process (PID=64) to work on /home/airflow/.local/lib/python3.10/site-packages/airflow/example_dags/example_trigger_controller_dag.py
[2023-04-14T19:31:45.696+0000] {processor.py:743} INFO - Processing file /home/airflow/.local/lib/python3.10/site-packages/airflow/example_dags/example_trigger_controller_dag.py for tasks to queue
[2023-04-14T19:31:45.696+0000] {logging_mixin.py:137} INFO - [2023-04-14T19:31:45.696+0000] {dagbag.py:532} INFO - Filling up the DagBag from /home/airflow/.local/lib/python3.10/site-packages/airflow/example_dags/example_trigger_controller_dag.py
[2023-04-14T19:31:45.710+0000] {processor.py:753} INFO - DAG(s) dict_keys(['example_trigger_controller_dag']) retrieved from /home/airflow/.local/lib/python3.10/site-packages/airflow/example_dags/example_trigger_controller_dag.py
[2023-04-14T19:31:45.722+0000] {logging_mixin.py:137} INFO - [2023-04-14T19:31:45.722+0000] {dag.py:2705} INFO - Sync 1 DAGs
[2023-04-14T19:31:45.747+0000] {logging_mixin.py:137} INFO - [2023-04-14T19:31:45.746+0000] {dag.py:3452} INFO - Setting next_dagrun for example_trigger_controller_dag to 2021-01-01T00:00:00+00:00, run_after=2021-01-01T00:00:00+00:00
[2023-04-14T19:31:45.760+0000] {processor.py:175} INFO - Processing /home/airflow/.local/lib/python3.10/site-packages/airflow/example_dags/example_trigger_controller_dag.py took 0.068 seconds
[2023-04-14T19:32:16.768+0000] {processor.py:153} INFO - Started process (PID=148) to work on /home/airflow/.local/lib/python3.10/site-packages/airflow/example_dags/example_trigger_controller_dag.py
[2023-04-14T19:32:16.769+0000] {processor.py:743} INFO - Processing file /home/airflow/.local/lib/python3.10/site-packages/airflow/example_dags/example_trigger_controller_dag.py for tasks to queue
[2023-04-14T19:32:16.769+0000] {logging_mixin.py:137} INFO - [2023-04-14T19:32:16.769+0000] {dagbag.py:532} INFO - Filling up the DagBag from /home/airflow/.local/lib/python3.10/site-packages/airflow/example_dags/example_trigger_controller_dag.py
[2023-04-14T19:32:16.779+0000] {processor.py:753} INFO - DAG(s) dict_keys(['example_trigger_controller_dag']) retrieved from /home/airflow/.local/lib/python3.10/site-packages/airflow/example_dags/example_trigger_controller_dag.py
[2023-04-14T19:32:16.798+0000] {logging_mixin.py:137} INFO - [2023-04-14T19:32:16.798+0000] {dag.py:2705} INFO - Sync 1 DAGs
[2023-04-14T19:32:16.813+0000] {logging_mixin.py:137} INFO - [2023-04-14T19:32:16.813+0000] {dag.py:3452} INFO - Setting next_dagrun for example_trigger_controller_dag to 2021-01-01T00:00:00+00:00, run_after=2021-01-01T00:00:00+00:00
[2023-04-14T19:32:16.829+0000] {processor.py:175} INFO - Processing /home/airflow/.local/lib/python3.10/site-packages/airflow/example_dags/example_trigger_controller_dag.py took 0.063 seconds
[2023-04-14T19:32:47.819+0000] {processor.py:153} INFO - Started process (PID=232) to work on /home/airflow/.local/lib/python3.10/site-packages/airflow/example_dags/example_trigger_controller_dag.py
[2023-04-14T19:32:47.819+0000] {processor.py:743} INFO - Processing file /home/airflow/.local/lib/python3.10/site-packages/airflow/example_dags/example_trigger_controller_dag.py for tasks to queue
[2023-04-14T19:32:47.820+0000] {logging_mixin.py:137} INFO - [2023-04-14T19:32:47.820+0000] {dagbag.py:532} INFO - Filling up the DagBag from /home/airflow/.local/lib/python3.10/site-packages/airflow/example_dags/example_trigger_controller_dag.py
[2023-04-14T19:32:47.829+0000] {processor.py:753} INFO - DAG(s) dict_keys(['example_trigger_controller_dag']) retrieved from /home/airflow/.local/lib/python3.10/site-packages/airflow/example_dags/example_trigger_controller_dag.py
[2023-04-14T19:32:47.848+0000] {logging_mixin.py:137} INFO - [2023-04-14T19:32:47.848+0000] {dag.py:2705} INFO - Sync 1 DAGs
[2023-04-14T19:32:47.863+0000] {logging_mixin.py:137} INFO - [2023-04-14T19:32:47.863+0000] {dag.py:3452} INFO - Setting next_dagrun for example_trigger_controller_dag to 2021-01-01T00:00:00+00:00, run_after=2021-01-01T00:00:00+00:00
[2023-04-14T19:32:47.874+0000] {processor.py:175} INFO - Processing /home/airflow/.local/lib/python3.10/site-packages/airflow/example_dags/example_trigger_controller_dag.py took 0.058 seconds
[2023-04-14T19:33:24.929+0000] {processor.py:153} INFO - Started process (PID=65) to work on /home/airflow/.local/lib/python3.10/site-packages/airflow/example_dags/example_trigger_controller_dag.py
[2023-04-14T19:33:24.929+0000] {processor.py:743} INFO - Processing file /home/airflow/.local/lib/python3.10/site-packages/airflow/example_dags/example_trigger_controller_dag.py for tasks to queue
[2023-04-14T19:33:24.930+0000] {logging_mixin.py:137} INFO - [2023-04-14T19:33:24.930+0000] {dagbag.py:532} INFO - Filling up the DagBag from /home/airflow/.local/lib/python3.10/site-packages/airflow/example_dags/example_trigger_controller_dag.py
[2023-04-14T19:33:24.940+0000] {processor.py:753} INFO - DAG(s) dict_keys(['example_trigger_controller_dag']) retrieved from /home/airflow/.local/lib/python3.10/site-packages/airflow/example_dags/example_trigger_controller_dag.py
[2023-04-14T19:33:24.952+0000] {logging_mixin.py:137} INFO - [2023-04-14T19:33:24.952+0000] {dag.py:2705} INFO - Sync 1 DAGs
[2023-04-14T19:33:24.974+0000] {logging_mixin.py:137} INFO - [2023-04-14T19:33:24.974+0000] {dag.py:3452} INFO - Setting next_dagrun for example_trigger_controller_dag to 2021-01-01T00:00:00+00:00, run_after=2021-01-01T00:00:00+00:00
[2023-04-14T19:33:24.988+0000] {processor.py:175} INFO - Processing /home/airflow/.local/lib/python3.10/site-packages/airflow/example_dags/example_trigger_controller_dag.py took 0.062 seconds
[2023-04-14T19:33:55.874+0000] {processor.py:153} INFO - Started process (PID=149) to work on /home/airflow/.local/lib/python3.10/site-packages/airflow/example_dags/example_trigger_controller_dag.py
[2023-04-14T19:33:55.875+0000] {processor.py:743} INFO - Processing file /home/airflow/.local/lib/python3.10/site-packages/airflow/example_dags/example_trigger_controller_dag.py for tasks to queue
[2023-04-14T19:33:55.876+0000] {logging_mixin.py:137} INFO - [2023-04-14T19:33:55.876+0000] {dagbag.py:532} INFO - Filling up the DagBag from /home/airflow/.local/lib/python3.10/site-packages/airflow/example_dags/example_trigger_controller_dag.py
[2023-04-14T19:33:55.887+0000] {processor.py:753} INFO - DAG(s) dict_keys(['example_trigger_controller_dag']) retrieved from /home/airflow/.local/lib/python3.10/site-packages/airflow/example_dags/example_trigger_controller_dag.py
[2023-04-14T19:33:55.904+0000] {logging_mixin.py:137} INFO - [2023-04-14T19:33:55.904+0000] {dag.py:2705} INFO - Sync 1 DAGs
[2023-04-14T19:33:55.919+0000] {logging_mixin.py:137} INFO - [2023-04-14T19:33:55.918+0000] {dag.py:3452} INFO - Setting next_dagrun for example_trigger_controller_dag to 2021-01-01T00:00:00+00:00, run_after=2021-01-01T00:00:00+00:00
[2023-04-14T19:33:55.931+0000] {processor.py:175} INFO - Processing /home/airflow/.local/lib/python3.10/site-packages/airflow/example_dags/example_trigger_controller_dag.py took 0.060 seconds
[2023-04-14T19:34:27.044+0000] {processor.py:153} INFO - Started process (PID=233) to work on /home/airflow/.local/lib/python3.10/site-packages/airflow/example_dags/example_trigger_controller_dag.py
[2023-04-14T19:34:27.045+0000] {processor.py:743} INFO - Processing file /home/airflow/.local/lib/python3.10/site-packages/airflow/example_dags/example_trigger_controller_dag.py for tasks to queue
[2023-04-14T19:34:27.046+0000] {logging_mixin.py:137} INFO - [2023-04-14T19:34:27.045+0000] {dagbag.py:532} INFO - Filling up the DagBag from /home/airflow/.local/lib/python3.10/site-packages/airflow/example_dags/example_trigger_controller_dag.py
[2023-04-14T19:34:27.056+0000] {processor.py:753} INFO - DAG(s) dict_keys(['example_trigger_controller_dag']) retrieved from /home/airflow/.local/lib/python3.10/site-packages/airflow/example_dags/example_trigger_controller_dag.py
[2023-04-14T19:34:27.076+0000] {logging_mixin.py:137} INFO - [2023-04-14T19:34:27.076+0000] {dag.py:2705} INFO - Sync 1 DAGs
[2023-04-14T19:34:27.093+0000] {logging_mixin.py:137} INFO - [2023-04-14T19:34:27.093+0000] {dag.py:3452} INFO - Setting next_dagrun for example_trigger_controller_dag to 2021-01-01T00:00:00+00:00, run_after=2021-01-01T00:00:00+00:00
[2023-04-14T19:34:27.106+0000] {processor.py:175} INFO - Processing /home/airflow/.local/lib/python3.10/site-packages/airflow/example_dags/example_trigger_controller_dag.py took 0.065 seconds
[2023-04-14T19:35:38.302+0000] {processor.py:153} INFO - Started process (PID=65) to work on /home/airflow/.local/lib/python3.10/site-packages/airflow/example_dags/example_trigger_controller_dag.py
[2023-04-14T19:35:38.303+0000] {processor.py:743} INFO - Processing file /home/airflow/.local/lib/python3.10/site-packages/airflow/example_dags/example_trigger_controller_dag.py for tasks to queue
[2023-04-14T19:35:38.304+0000] {logging_mixin.py:137} INFO - [2023-04-14T19:35:38.303+0000] {dagbag.py:532} INFO - Filling up the DagBag from /home/airflow/.local/lib/python3.10/site-packages/airflow/example_dags/example_trigger_controller_dag.py
[2023-04-14T19:35:38.313+0000] {processor.py:753} INFO - DAG(s) dict_keys(['example_trigger_controller_dag']) retrieved from /home/airflow/.local/lib/python3.10/site-packages/airflow/example_dags/example_trigger_controller_dag.py
[2023-04-14T19:35:38.323+0000] {logging_mixin.py:137} INFO - [2023-04-14T19:35:38.323+0000] {dag.py:2705} INFO - Sync 1 DAGs
[2023-04-14T19:35:38.337+0000] {logging_mixin.py:137} INFO - [2023-04-14T19:35:38.337+0000] {dag.py:3452} INFO - Setting next_dagrun for example_trigger_controller_dag to 2021-01-01T00:00:00+00:00, run_after=2021-01-01T00:00:00+00:00
[2023-04-14T19:35:38.348+0000] {processor.py:175} INFO - Processing /home/airflow/.local/lib/python3.10/site-packages/airflow/example_dags/example_trigger_controller_dag.py took 0.048 seconds
[2023-04-14T19:36:09.375+0000] {processor.py:153} INFO - Started process (PID=150) to work on /home/airflow/.local/lib/python3.10/site-packages/airflow/example_dags/example_trigger_controller_dag.py
[2023-04-14T19:36:09.375+0000] {processor.py:743} INFO - Processing file /home/airflow/.local/lib/python3.10/site-packages/airflow/example_dags/example_trigger_controller_dag.py for tasks to queue
[2023-04-14T19:36:09.376+0000] {logging_mixin.py:137} INFO - [2023-04-14T19:36:09.376+0000] {dagbag.py:532} INFO - Filling up the DagBag from /home/airflow/.local/lib/python3.10/site-packages/airflow/example_dags/example_trigger_controller_dag.py
[2023-04-14T19:36:09.385+0000] {processor.py:753} INFO - DAG(s) dict_keys(['example_trigger_controller_dag']) retrieved from /home/airflow/.local/lib/python3.10/site-packages/airflow/example_dags/example_trigger_controller_dag.py
[2023-04-14T19:36:09.404+0000] {logging_mixin.py:137} INFO - [2023-04-14T19:36:09.404+0000] {dag.py:2705} INFO - Sync 1 DAGs
[2023-04-14T19:36:09.420+0000] {logging_mixin.py:137} INFO - [2023-04-14T19:36:09.419+0000] {dag.py:3452} INFO - Setting next_dagrun for example_trigger_controller_dag to 2021-01-01T00:00:00+00:00, run_after=2021-01-01T00:00:00+00:00
[2023-04-14T19:36:09.434+0000] {processor.py:175} INFO - Processing /home/airflow/.local/lib/python3.10/site-packages/airflow/example_dags/example_trigger_controller_dag.py took 0.062 seconds
