[2023-04-14T19:13:17.384+0000] {processor.py:153} INFO - Started process (PID=45) to work on /home/airflow/.local/lib/python3.7/site-packages/airflow/example_dags/example_short_circuit_operator.py
[2023-04-14T19:13:17.385+0000] {processor.py:743} INFO - Processing file /home/airflow/.local/lib/python3.7/site-packages/airflow/example_dags/example_short_circuit_operator.py for tasks to queue
[2023-04-14T19:13:17.385+0000] {logging_mixin.py:137} INFO - [2023-04-14T19:13:17.385+0000] {dagbag.py:532} INFO - Filling up the DagBag from /home/airflow/.local/lib/python3.7/site-packages/airflow/example_dags/example_short_circuit_operator.py
[2023-04-14T19:13:17.403+0000] {processor.py:753} INFO - DAG(s) dict_keys(['example_short_circuit_operator']) retrieved from /home/airflow/.local/lib/python3.7/site-packages/airflow/example_dags/example_short_circuit_operator.py
[2023-04-14T19:13:17.414+0000] {logging_mixin.py:137} INFO - [2023-04-14T19:13:17.414+0000] {dag.py:2705} INFO - Sync 1 DAGs
[2023-04-14T19:13:17.435+0000] {logging_mixin.py:137} INFO - [2023-04-14T19:13:17.435+0000] {dag.py:3456} INFO - Setting next_dagrun for example_short_circuit_operator to 2023-04-13T19:13:17.435554+00:00, run_after=2023-04-14T19:13:17.435554+00:00
[2023-04-14T19:13:17.452+0000] {processor.py:175} INFO - Processing /home/airflow/.local/lib/python3.7/site-packages/airflow/example_dags/example_short_circuit_operator.py took 0.071 seconds
[2023-04-14T19:13:47.675+0000] {processor.py:153} INFO - Started process (PID=135) to work on /home/airflow/.local/lib/python3.7/site-packages/airflow/example_dags/example_short_circuit_operator.py
[2023-04-14T19:13:47.675+0000] {processor.py:743} INFO - Processing file /home/airflow/.local/lib/python3.7/site-packages/airflow/example_dags/example_short_circuit_operator.py for tasks to queue
[2023-04-14T19:13:47.677+0000] {logging_mixin.py:137} INFO - [2023-04-14T19:13:47.676+0000] {dagbag.py:532} INFO - Filling up the DagBag from /home/airflow/.local/lib/python3.7/site-packages/airflow/example_dags/example_short_circuit_operator.py
[2023-04-14T19:13:47.692+0000] {processor.py:753} INFO - DAG(s) dict_keys(['example_short_circuit_operator']) retrieved from /home/airflow/.local/lib/python3.7/site-packages/airflow/example_dags/example_short_circuit_operator.py
[2023-04-14T19:13:47.712+0000] {logging_mixin.py:137} INFO - [2023-04-14T19:13:47.712+0000] {dag.py:2705} INFO - Sync 1 DAGs
[2023-04-14T19:13:47.732+0000] {logging_mixin.py:137} INFO - [2023-04-14T19:13:47.731+0000] {dag.py:3456} INFO - Setting next_dagrun for example_short_circuit_operator to 2023-04-13T19:13:47.731786+00:00, run_after=2023-04-14T19:13:47.731786+00:00
[2023-04-14T19:13:47.744+0000] {processor.py:175} INFO - Processing /home/airflow/.local/lib/python3.7/site-packages/airflow/example_dags/example_short_circuit_operator.py took 0.072 seconds
[2023-04-14T19:14:17.861+0000] {processor.py:153} INFO - Started process (PID=219) to work on /home/airflow/.local/lib/python3.7/site-packages/airflow/example_dags/example_short_circuit_operator.py
[2023-04-14T19:14:17.861+0000] {processor.py:743} INFO - Processing file /home/airflow/.local/lib/python3.7/site-packages/airflow/example_dags/example_short_circuit_operator.py for tasks to queue
[2023-04-14T19:14:17.862+0000] {logging_mixin.py:137} INFO - [2023-04-14T19:14:17.862+0000] {dagbag.py:532} INFO - Filling up the DagBag from /home/airflow/.local/lib/python3.7/site-packages/airflow/example_dags/example_short_circuit_operator.py
[2023-04-14T19:14:17.874+0000] {processor.py:753} INFO - DAG(s) dict_keys(['example_short_circuit_operator']) retrieved from /home/airflow/.local/lib/python3.7/site-packages/airflow/example_dags/example_short_circuit_operator.py
[2023-04-14T19:14:17.894+0000] {logging_mixin.py:137} INFO - [2023-04-14T19:14:17.894+0000] {dag.py:2705} INFO - Sync 1 DAGs
[2023-04-14T19:14:17.911+0000] {logging_mixin.py:137} INFO - [2023-04-14T19:14:17.911+0000] {dag.py:3456} INFO - Setting next_dagrun for example_short_circuit_operator to 2023-04-13T19:14:17.911618+00:00, run_after=2023-04-14T19:14:17.911618+00:00
[2023-04-14T19:14:17.928+0000] {processor.py:175} INFO - Processing /home/airflow/.local/lib/python3.7/site-packages/airflow/example_dags/example_short_circuit_operator.py took 0.070 seconds
[2023-04-14T19:14:48.132+0000] {processor.py:153} INFO - Started process (PID=301) to work on /home/airflow/.local/lib/python3.7/site-packages/airflow/example_dags/example_short_circuit_operator.py
[2023-04-14T19:14:48.133+0000] {processor.py:743} INFO - Processing file /home/airflow/.local/lib/python3.7/site-packages/airflow/example_dags/example_short_circuit_operator.py for tasks to queue
[2023-04-14T19:14:48.133+0000] {logging_mixin.py:137} INFO - [2023-04-14T19:14:48.133+0000] {dagbag.py:532} INFO - Filling up the DagBag from /home/airflow/.local/lib/python3.7/site-packages/airflow/example_dags/example_short_circuit_operator.py
[2023-04-14T19:14:48.147+0000] {processor.py:753} INFO - DAG(s) dict_keys(['example_short_circuit_operator']) retrieved from /home/airflow/.local/lib/python3.7/site-packages/airflow/example_dags/example_short_circuit_operator.py
[2023-04-14T19:14:48.166+0000] {logging_mixin.py:137} INFO - [2023-04-14T19:14:48.166+0000] {dag.py:2705} INFO - Sync 1 DAGs
[2023-04-14T19:14:48.181+0000] {logging_mixin.py:137} INFO - [2023-04-14T19:14:48.181+0000] {dag.py:3456} INFO - Setting next_dagrun for example_short_circuit_operator to 2023-04-13T19:14:48.181507+00:00, run_after=2023-04-14T19:14:48.181507+00:00
[2023-04-14T19:14:48.194+0000] {processor.py:175} INFO - Processing /home/airflow/.local/lib/python3.7/site-packages/airflow/example_dags/example_short_circuit_operator.py took 0.064 seconds
[2023-04-14T19:15:18.243+0000] {processor.py:153} INFO - Started process (PID=392) to work on /home/airflow/.local/lib/python3.7/site-packages/airflow/example_dags/example_short_circuit_operator.py
[2023-04-14T19:15:18.243+0000] {processor.py:743} INFO - Processing file /home/airflow/.local/lib/python3.7/site-packages/airflow/example_dags/example_short_circuit_operator.py for tasks to queue
[2023-04-14T19:15:18.244+0000] {logging_mixin.py:137} INFO - [2023-04-14T19:15:18.244+0000] {dagbag.py:532} INFO - Filling up the DagBag from /home/airflow/.local/lib/python3.7/site-packages/airflow/example_dags/example_short_circuit_operator.py
[2023-04-14T19:15:18.256+0000] {processor.py:753} INFO - DAG(s) dict_keys(['example_short_circuit_operator']) retrieved from /home/airflow/.local/lib/python3.7/site-packages/airflow/example_dags/example_short_circuit_operator.py
[2023-04-14T19:15:18.274+0000] {logging_mixin.py:137} INFO - [2023-04-14T19:15:18.274+0000] {dag.py:2705} INFO - Sync 1 DAGs
[2023-04-14T19:15:18.291+0000] {logging_mixin.py:137} INFO - [2023-04-14T19:15:18.291+0000] {dag.py:3456} INFO - Setting next_dagrun for example_short_circuit_operator to 2023-04-13T19:15:18.291093+00:00, run_after=2023-04-14T19:15:18.291093+00:00
[2023-04-14T19:15:18.307+0000] {processor.py:175} INFO - Processing /home/airflow/.local/lib/python3.7/site-packages/airflow/example_dags/example_short_circuit_operator.py took 0.067 seconds
[2023-04-14T19:17:34.908+0000] {processor.py:153} INFO - Started process (PID=45) to work on /home/airflow/.local/lib/python3.7/site-packages/airflow/example_dags/example_short_circuit_operator.py
[2023-04-14T19:17:34.911+0000] {processor.py:743} INFO - Processing file /home/airflow/.local/lib/python3.7/site-packages/airflow/example_dags/example_short_circuit_operator.py for tasks to queue
[2023-04-14T19:17:34.912+0000] {logging_mixin.py:137} INFO - [2023-04-14T19:17:34.912+0000] {dagbag.py:532} INFO - Filling up the DagBag from /home/airflow/.local/lib/python3.7/site-packages/airflow/example_dags/example_short_circuit_operator.py
[2023-04-14T19:17:34.929+0000] {processor.py:753} INFO - DAG(s) dict_keys(['example_short_circuit_operator']) retrieved from /home/airflow/.local/lib/python3.7/site-packages/airflow/example_dags/example_short_circuit_operator.py
[2023-04-14T19:17:34.944+0000] {logging_mixin.py:137} INFO - [2023-04-14T19:17:34.943+0000] {dag.py:2705} INFO - Sync 1 DAGs
[2023-04-14T19:17:34.966+0000] {logging_mixin.py:137} INFO - [2023-04-14T19:17:34.966+0000] {dag.py:3456} INFO - Setting next_dagrun for example_short_circuit_operator to 2023-04-13T19:17:34.966252+00:00, run_after=2023-04-14T19:17:34.966252+00:00
[2023-04-14T19:17:34.982+0000] {processor.py:175} INFO - Processing /home/airflow/.local/lib/python3.7/site-packages/airflow/example_dags/example_short_circuit_operator.py took 0.078 seconds
[2023-04-14T19:18:05.392+0000] {processor.py:153} INFO - Started process (PID=137) to work on /home/airflow/.local/lib/python3.7/site-packages/airflow/example_dags/example_short_circuit_operator.py
[2023-04-14T19:18:05.393+0000] {processor.py:743} INFO - Processing file /home/airflow/.local/lib/python3.7/site-packages/airflow/example_dags/example_short_circuit_operator.py for tasks to queue
[2023-04-14T19:18:05.394+0000] {logging_mixin.py:137} INFO - [2023-04-14T19:18:05.394+0000] {dagbag.py:532} INFO - Filling up the DagBag from /home/airflow/.local/lib/python3.7/site-packages/airflow/example_dags/example_short_circuit_operator.py
[2023-04-14T19:18:05.407+0000] {processor.py:753} INFO - DAG(s) dict_keys(['example_short_circuit_operator']) retrieved from /home/airflow/.local/lib/python3.7/site-packages/airflow/example_dags/example_short_circuit_operator.py
[2023-04-14T19:18:05.431+0000] {logging_mixin.py:137} INFO - [2023-04-14T19:18:05.431+0000] {dag.py:2705} INFO - Sync 1 DAGs
[2023-04-14T19:18:05.453+0000] {logging_mixin.py:137} INFO - [2023-04-14T19:18:05.453+0000] {dag.py:3456} INFO - Setting next_dagrun for example_short_circuit_operator to 2023-04-13T19:18:05.453262+00:00, run_after=2023-04-14T19:18:05.453262+00:00
[2023-04-14T19:18:05.470+0000] {processor.py:175} INFO - Processing /home/airflow/.local/lib/python3.7/site-packages/airflow/example_dags/example_short_circuit_operator.py took 0.081 seconds
[2023-04-14T19:18:35.874+0000] {processor.py:153} INFO - Started process (PID=227) to work on /home/airflow/.local/lib/python3.7/site-packages/airflow/example_dags/example_short_circuit_operator.py
[2023-04-14T19:18:35.879+0000] {processor.py:743} INFO - Processing file /home/airflow/.local/lib/python3.7/site-packages/airflow/example_dags/example_short_circuit_operator.py for tasks to queue
[2023-04-14T19:18:35.880+0000] {logging_mixin.py:137} INFO - [2023-04-14T19:18:35.880+0000] {dagbag.py:532} INFO - Filling up the DagBag from /home/airflow/.local/lib/python3.7/site-packages/airflow/example_dags/example_short_circuit_operator.py
[2023-04-14T19:18:35.904+0000] {processor.py:753} INFO - DAG(s) dict_keys(['example_short_circuit_operator']) retrieved from /home/airflow/.local/lib/python3.7/site-packages/airflow/example_dags/example_short_circuit_operator.py
[2023-04-14T19:18:35.937+0000] {logging_mixin.py:137} INFO - [2023-04-14T19:18:35.937+0000] {dag.py:2705} INFO - Sync 1 DAGs
[2023-04-14T19:18:35.957+0000] {logging_mixin.py:137} INFO - [2023-04-14T19:18:35.957+0000] {dag.py:3456} INFO - Setting next_dagrun for example_short_circuit_operator to 2023-04-13T19:18:35.957430+00:00, run_after=2023-04-14T19:18:35.957430+00:00
[2023-04-14T19:18:35.972+0000] {processor.py:175} INFO - Processing /home/airflow/.local/lib/python3.7/site-packages/airflow/example_dags/example_short_circuit_operator.py took 0.100 seconds
[2023-04-14T19:19:06.410+0000] {processor.py:153} INFO - Started process (PID=303) to work on /home/airflow/.local/lib/python3.7/site-packages/airflow/example_dags/example_short_circuit_operator.py
[2023-04-14T19:19:06.411+0000] {processor.py:743} INFO - Processing file /home/airflow/.local/lib/python3.7/site-packages/airflow/example_dags/example_short_circuit_operator.py for tasks to queue
[2023-04-14T19:19:06.411+0000] {logging_mixin.py:137} INFO - [2023-04-14T19:19:06.411+0000] {dagbag.py:532} INFO - Filling up the DagBag from /home/airflow/.local/lib/python3.7/site-packages/airflow/example_dags/example_short_circuit_operator.py
[2023-04-14T19:19:06.425+0000] {processor.py:753} INFO - DAG(s) dict_keys(['example_short_circuit_operator']) retrieved from /home/airflow/.local/lib/python3.7/site-packages/airflow/example_dags/example_short_circuit_operator.py
[2023-04-14T19:19:06.447+0000] {logging_mixin.py:137} INFO - [2023-04-14T19:19:06.447+0000] {dag.py:2705} INFO - Sync 1 DAGs
[2023-04-14T19:19:06.464+0000] {logging_mixin.py:137} INFO - [2023-04-14T19:19:06.464+0000] {dag.py:3456} INFO - Setting next_dagrun for example_short_circuit_operator to 2023-04-13T19:19:06.464264+00:00, run_after=2023-04-14T19:19:06.464264+00:00
[2023-04-14T19:19:06.476+0000] {processor.py:175} INFO - Processing /home/airflow/.local/lib/python3.7/site-packages/airflow/example_dags/example_short_circuit_operator.py took 0.069 seconds
[2023-04-14T19:19:36.621+0000] {processor.py:153} INFO - Started process (PID=396) to work on /home/airflow/.local/lib/python3.7/site-packages/airflow/example_dags/example_short_circuit_operator.py
[2023-04-14T19:19:36.622+0000] {processor.py:743} INFO - Processing file /home/airflow/.local/lib/python3.7/site-packages/airflow/example_dags/example_short_circuit_operator.py for tasks to queue
[2023-04-14T19:19:36.622+0000] {logging_mixin.py:137} INFO - [2023-04-14T19:19:36.622+0000] {dagbag.py:532} INFO - Filling up the DagBag from /home/airflow/.local/lib/python3.7/site-packages/airflow/example_dags/example_short_circuit_operator.py
[2023-04-14T19:19:36.636+0000] {processor.py:753} INFO - DAG(s) dict_keys(['example_short_circuit_operator']) retrieved from /home/airflow/.local/lib/python3.7/site-packages/airflow/example_dags/example_short_circuit_operator.py
[2023-04-14T19:19:36.661+0000] {logging_mixin.py:137} INFO - [2023-04-14T19:19:36.660+0000] {dag.py:2705} INFO - Sync 1 DAGs
[2023-04-14T19:19:36.682+0000] {logging_mixin.py:137} INFO - [2023-04-14T19:19:36.681+0000] {dag.py:3456} INFO - Setting next_dagrun for example_short_circuit_operator to 2023-04-13T19:19:36.681652+00:00, run_after=2023-04-14T19:19:36.681652+00:00
[2023-04-14T19:19:36.697+0000] {processor.py:175} INFO - Processing /home/airflow/.local/lib/python3.7/site-packages/airflow/example_dags/example_short_circuit_operator.py took 0.080 seconds
[2023-04-14T19:20:06.982+0000] {processor.py:153} INFO - Started process (PID=471) to work on /home/airflow/.local/lib/python3.7/site-packages/airflow/example_dags/example_short_circuit_operator.py
[2023-04-14T19:20:06.983+0000] {processor.py:743} INFO - Processing file /home/airflow/.local/lib/python3.7/site-packages/airflow/example_dags/example_short_circuit_operator.py for tasks to queue
[2023-04-14T19:20:06.984+0000] {logging_mixin.py:137} INFO - [2023-04-14T19:20:06.984+0000] {dagbag.py:532} INFO - Filling up the DagBag from /home/airflow/.local/lib/python3.7/site-packages/airflow/example_dags/example_short_circuit_operator.py
[2023-04-14T19:20:06.996+0000] {processor.py:753} INFO - DAG(s) dict_keys(['example_short_circuit_operator']) retrieved from /home/airflow/.local/lib/python3.7/site-packages/airflow/example_dags/example_short_circuit_operator.py
[2023-04-14T19:20:07.022+0000] {logging_mixin.py:137} INFO - [2023-04-14T19:20:07.022+0000] {dag.py:2705} INFO - Sync 1 DAGs
[2023-04-14T19:20:07.043+0000] {logging_mixin.py:137} INFO - [2023-04-14T19:20:07.043+0000] {dag.py:3456} INFO - Setting next_dagrun for example_short_circuit_operator to 2023-04-13T19:20:07.043131+00:00, run_after=2023-04-14T19:20:07.043131+00:00
[2023-04-14T19:20:07.058+0000] {processor.py:175} INFO - Processing /home/airflow/.local/lib/python3.7/site-packages/airflow/example_dags/example_short_circuit_operator.py took 0.080 seconds
[2023-04-14T19:20:37.375+0000] {processor.py:153} INFO - Started process (PID=562) to work on /home/airflow/.local/lib/python3.7/site-packages/airflow/example_dags/example_short_circuit_operator.py
[2023-04-14T19:20:37.376+0000] {processor.py:743} INFO - Processing file /home/airflow/.local/lib/python3.7/site-packages/airflow/example_dags/example_short_circuit_operator.py for tasks to queue
[2023-04-14T19:20:37.377+0000] {logging_mixin.py:137} INFO - [2023-04-14T19:20:37.377+0000] {dagbag.py:532} INFO - Filling up the DagBag from /home/airflow/.local/lib/python3.7/site-packages/airflow/example_dags/example_short_circuit_operator.py
[2023-04-14T19:20:37.390+0000] {processor.py:753} INFO - DAG(s) dict_keys(['example_short_circuit_operator']) retrieved from /home/airflow/.local/lib/python3.7/site-packages/airflow/example_dags/example_short_circuit_operator.py
[2023-04-14T19:20:37.412+0000] {logging_mixin.py:137} INFO - [2023-04-14T19:20:37.412+0000] {dag.py:2705} INFO - Sync 1 DAGs
[2023-04-14T19:20:37.428+0000] {logging_mixin.py:137} INFO - [2023-04-14T19:20:37.428+0000] {dag.py:3456} INFO - Setting next_dagrun for example_short_circuit_operator to 2023-04-13T19:20:37.428338+00:00, run_after=2023-04-14T19:20:37.428338+00:00
[2023-04-14T19:20:37.440+0000] {processor.py:175} INFO - Processing /home/airflow/.local/lib/python3.7/site-packages/airflow/example_dags/example_short_circuit_operator.py took 0.068 seconds
[2023-04-14T19:21:07.758+0000] {processor.py:153} INFO - Started process (PID=654) to work on /home/airflow/.local/lib/python3.7/site-packages/airflow/example_dags/example_short_circuit_operator.py
[2023-04-14T19:21:07.759+0000] {processor.py:743} INFO - Processing file /home/airflow/.local/lib/python3.7/site-packages/airflow/example_dags/example_short_circuit_operator.py for tasks to queue
[2023-04-14T19:21:07.760+0000] {logging_mixin.py:137} INFO - [2023-04-14T19:21:07.760+0000] {dagbag.py:532} INFO - Filling up the DagBag from /home/airflow/.local/lib/python3.7/site-packages/airflow/example_dags/example_short_circuit_operator.py
[2023-04-14T19:21:07.772+0000] {processor.py:753} INFO - DAG(s) dict_keys(['example_short_circuit_operator']) retrieved from /home/airflow/.local/lib/python3.7/site-packages/airflow/example_dags/example_short_circuit_operator.py
[2023-04-14T19:21:07.792+0000] {logging_mixin.py:137} INFO - [2023-04-14T19:21:07.792+0000] {dag.py:2705} INFO - Sync 1 DAGs
[2023-04-14T19:21:07.810+0000] {logging_mixin.py:137} INFO - [2023-04-14T19:21:07.809+0000] {dag.py:3456} INFO - Setting next_dagrun for example_short_circuit_operator to 2023-04-13T19:21:07.809646+00:00, run_after=2023-04-14T19:21:07.809646+00:00
[2023-04-14T19:21:07.826+0000] {processor.py:175} INFO - Processing /home/airflow/.local/lib/python3.7/site-packages/airflow/example_dags/example_short_circuit_operator.py took 0.070 seconds
[2023-04-14T19:21:37.987+0000] {processor.py:153} INFO - Started process (PID=729) to work on /home/airflow/.local/lib/python3.7/site-packages/airflow/example_dags/example_short_circuit_operator.py
[2023-04-14T19:21:37.988+0000] {processor.py:743} INFO - Processing file /home/airflow/.local/lib/python3.7/site-packages/airflow/example_dags/example_short_circuit_operator.py for tasks to queue
[2023-04-14T19:21:37.989+0000] {logging_mixin.py:137} INFO - [2023-04-14T19:21:37.989+0000] {dagbag.py:532} INFO - Filling up the DagBag from /home/airflow/.local/lib/python3.7/site-packages/airflow/example_dags/example_short_circuit_operator.py
[2023-04-14T19:21:38.003+0000] {processor.py:753} INFO - DAG(s) dict_keys(['example_short_circuit_operator']) retrieved from /home/airflow/.local/lib/python3.7/site-packages/airflow/example_dags/example_short_circuit_operator.py
[2023-04-14T19:21:38.029+0000] {logging_mixin.py:137} INFO - [2023-04-14T19:21:38.028+0000] {dag.py:2705} INFO - Sync 1 DAGs
[2023-04-14T19:21:38.051+0000] {logging_mixin.py:137} INFO - [2023-04-14T19:21:38.051+0000] {dag.py:3456} INFO - Setting next_dagrun for example_short_circuit_operator to 2023-04-13T19:21:38.050835+00:00, run_after=2023-04-14T19:21:38.050835+00:00
[2023-04-14T19:21:38.065+0000] {processor.py:175} INFO - Processing /home/airflow/.local/lib/python3.7/site-packages/airflow/example_dags/example_short_circuit_operator.py took 0.082 seconds
[2023-04-14T19:22:08.113+0000] {processor.py:153} INFO - Started process (PID=820) to work on /home/airflow/.local/lib/python3.7/site-packages/airflow/example_dags/example_short_circuit_operator.py
[2023-04-14T19:22:08.114+0000] {processor.py:743} INFO - Processing file /home/airflow/.local/lib/python3.7/site-packages/airflow/example_dags/example_short_circuit_operator.py for tasks to queue
[2023-04-14T19:22:08.114+0000] {logging_mixin.py:137} INFO - [2023-04-14T19:22:08.114+0000] {dagbag.py:532} INFO - Filling up the DagBag from /home/airflow/.local/lib/python3.7/site-packages/airflow/example_dags/example_short_circuit_operator.py
[2023-04-14T19:22:08.127+0000] {processor.py:753} INFO - DAG(s) dict_keys(['example_short_circuit_operator']) retrieved from /home/airflow/.local/lib/python3.7/site-packages/airflow/example_dags/example_short_circuit_operator.py
[2023-04-14T19:22:08.158+0000] {logging_mixin.py:137} INFO - [2023-04-14T19:22:08.158+0000] {dag.py:2705} INFO - Sync 1 DAGs
[2023-04-14T19:22:08.176+0000] {logging_mixin.py:137} INFO - [2023-04-14T19:22:08.176+0000] {dag.py:3456} INFO - Setting next_dagrun for example_short_circuit_operator to 2023-04-13T19:22:08.175977+00:00, run_after=2023-04-14T19:22:08.175977+00:00
[2023-04-14T19:22:08.189+0000] {processor.py:175} INFO - Processing /home/airflow/.local/lib/python3.7/site-packages/airflow/example_dags/example_short_circuit_operator.py took 0.079 seconds
[2023-04-14T19:22:38.353+0000] {processor.py:153} INFO - Started process (PID=911) to work on /home/airflow/.local/lib/python3.7/site-packages/airflow/example_dags/example_short_circuit_operator.py
[2023-04-14T19:22:38.354+0000] {processor.py:743} INFO - Processing file /home/airflow/.local/lib/python3.7/site-packages/airflow/example_dags/example_short_circuit_operator.py for tasks to queue
[2023-04-14T19:22:38.355+0000] {logging_mixin.py:137} INFO - [2023-04-14T19:22:38.355+0000] {dagbag.py:532} INFO - Filling up the DagBag from /home/airflow/.local/lib/python3.7/site-packages/airflow/example_dags/example_short_circuit_operator.py
[2023-04-14T19:22:38.373+0000] {processor.py:753} INFO - DAG(s) dict_keys(['example_short_circuit_operator']) retrieved from /home/airflow/.local/lib/python3.7/site-packages/airflow/example_dags/example_short_circuit_operator.py
[2023-04-14T19:22:38.394+0000] {logging_mixin.py:137} INFO - [2023-04-14T19:22:38.394+0000] {dag.py:2705} INFO - Sync 1 DAGs
[2023-04-14T19:22:38.416+0000] {logging_mixin.py:137} INFO - [2023-04-14T19:22:38.416+0000] {dag.py:3456} INFO - Setting next_dagrun for example_short_circuit_operator to 2023-04-13T19:22:38.416208+00:00, run_after=2023-04-14T19:22:38.416208+00:00
[2023-04-14T19:22:38.432+0000] {processor.py:175} INFO - Processing /home/airflow/.local/lib/python3.7/site-packages/airflow/example_dags/example_short_circuit_operator.py took 0.084 seconds
[2023-04-14T19:23:09.043+0000] {processor.py:153} INFO - Started process (PID=986) to work on /home/airflow/.local/lib/python3.7/site-packages/airflow/example_dags/example_short_circuit_operator.py
[2023-04-14T19:23:09.044+0000] {processor.py:743} INFO - Processing file /home/airflow/.local/lib/python3.7/site-packages/airflow/example_dags/example_short_circuit_operator.py for tasks to queue
[2023-04-14T19:23:09.045+0000] {logging_mixin.py:137} INFO - [2023-04-14T19:23:09.045+0000] {dagbag.py:532} INFO - Filling up the DagBag from /home/airflow/.local/lib/python3.7/site-packages/airflow/example_dags/example_short_circuit_operator.py
[2023-04-14T19:23:09.058+0000] {processor.py:753} INFO - DAG(s) dict_keys(['example_short_circuit_operator']) retrieved from /home/airflow/.local/lib/python3.7/site-packages/airflow/example_dags/example_short_circuit_operator.py
[2023-04-14T19:23:09.082+0000] {logging_mixin.py:137} INFO - [2023-04-14T19:23:09.082+0000] {dag.py:2705} INFO - Sync 1 DAGs
[2023-04-14T19:23:09.103+0000] {logging_mixin.py:137} INFO - [2023-04-14T19:23:09.103+0000] {dag.py:3456} INFO - Setting next_dagrun for example_short_circuit_operator to 2023-04-13T19:23:09.103137+00:00, run_after=2023-04-14T19:23:09.103137+00:00
[2023-04-14T19:23:09.120+0000] {processor.py:175} INFO - Processing /home/airflow/.local/lib/python3.7/site-packages/airflow/example_dags/example_short_circuit_operator.py took 0.080 seconds
[2023-04-14T19:23:39.146+0000] {processor.py:153} INFO - Started process (PID=1077) to work on /home/airflow/.local/lib/python3.7/site-packages/airflow/example_dags/example_short_circuit_operator.py
[2023-04-14T19:23:39.148+0000] {processor.py:743} INFO - Processing file /home/airflow/.local/lib/python3.7/site-packages/airflow/example_dags/example_short_circuit_operator.py for tasks to queue
[2023-04-14T19:23:39.151+0000] {logging_mixin.py:137} INFO - [2023-04-14T19:23:39.151+0000] {dagbag.py:532} INFO - Filling up the DagBag from /home/airflow/.local/lib/python3.7/site-packages/airflow/example_dags/example_short_circuit_operator.py
[2023-04-14T19:23:39.165+0000] {processor.py:753} INFO - DAG(s) dict_keys(['example_short_circuit_operator']) retrieved from /home/airflow/.local/lib/python3.7/site-packages/airflow/example_dags/example_short_circuit_operator.py
[2023-04-14T19:23:39.183+0000] {logging_mixin.py:137} INFO - [2023-04-14T19:23:39.183+0000] {dag.py:2705} INFO - Sync 1 DAGs
[2023-04-14T19:23:39.201+0000] {logging_mixin.py:137} INFO - [2023-04-14T19:23:39.201+0000] {dag.py:3456} INFO - Setting next_dagrun for example_short_circuit_operator to 2023-04-13T19:23:39.201152+00:00, run_after=2023-04-14T19:23:39.201152+00:00
[2023-04-14T19:23:39.214+0000] {processor.py:175} INFO - Processing /home/airflow/.local/lib/python3.7/site-packages/airflow/example_dags/example_short_circuit_operator.py took 0.073 seconds
[2023-04-14T19:24:09.364+0000] {processor.py:153} INFO - Started process (PID=1168) to work on /home/airflow/.local/lib/python3.7/site-packages/airflow/example_dags/example_short_circuit_operator.py
[2023-04-14T19:24:09.364+0000] {processor.py:743} INFO - Processing file /home/airflow/.local/lib/python3.7/site-packages/airflow/example_dags/example_short_circuit_operator.py for tasks to queue
[2023-04-14T19:24:09.365+0000] {logging_mixin.py:137} INFO - [2023-04-14T19:24:09.365+0000] {dagbag.py:532} INFO - Filling up the DagBag from /home/airflow/.local/lib/python3.7/site-packages/airflow/example_dags/example_short_circuit_operator.py
[2023-04-14T19:24:09.378+0000] {processor.py:753} INFO - DAG(s) dict_keys(['example_short_circuit_operator']) retrieved from /home/airflow/.local/lib/python3.7/site-packages/airflow/example_dags/example_short_circuit_operator.py
[2023-04-14T19:24:09.399+0000] {logging_mixin.py:137} INFO - [2023-04-14T19:24:09.399+0000] {dag.py:2705} INFO - Sync 1 DAGs
[2023-04-14T19:24:09.417+0000] {logging_mixin.py:137} INFO - [2023-04-14T19:24:09.417+0000] {dag.py:3456} INFO - Setting next_dagrun for example_short_circuit_operator to 2023-04-13T19:24:09.417026+00:00, run_after=2023-04-14T19:24:09.417026+00:00
[2023-04-14T19:24:09.429+0000] {processor.py:175} INFO - Processing /home/airflow/.local/lib/python3.7/site-packages/airflow/example_dags/example_short_circuit_operator.py took 0.068 seconds
[2023-04-14T19:26:08.684+0000] {processor.py:153} INFO - Started process (PID=45) to work on /home/airflow/.local/lib/python3.7/site-packages/airflow/example_dags/example_short_circuit_operator.py
[2023-04-14T19:26:08.685+0000] {processor.py:743} INFO - Processing file /home/airflow/.local/lib/python3.7/site-packages/airflow/example_dags/example_short_circuit_operator.py for tasks to queue
[2023-04-14T19:26:08.686+0000] {logging_mixin.py:137} INFO - [2023-04-14T19:26:08.686+0000] {dagbag.py:532} INFO - Filling up the DagBag from /home/airflow/.local/lib/python3.7/site-packages/airflow/example_dags/example_short_circuit_operator.py
[2023-04-14T19:26:08.703+0000] {processor.py:753} INFO - DAG(s) dict_keys(['example_short_circuit_operator']) retrieved from /home/airflow/.local/lib/python3.7/site-packages/airflow/example_dags/example_short_circuit_operator.py
[2023-04-14T19:26:08.715+0000] {logging_mixin.py:137} INFO - [2023-04-14T19:26:08.715+0000] {dag.py:2705} INFO - Sync 1 DAGs
[2023-04-14T19:26:08.738+0000] {logging_mixin.py:137} INFO - [2023-04-14T19:26:08.737+0000] {dag.py:3456} INFO - Setting next_dagrun for example_short_circuit_operator to 2023-04-13T19:26:08.737670+00:00, run_after=2023-04-14T19:26:08.737670+00:00
[2023-04-14T19:26:08.752+0000] {processor.py:175} INFO - Processing /home/airflow/.local/lib/python3.7/site-packages/airflow/example_dags/example_short_circuit_operator.py took 0.071 seconds
[2023-04-14T19:26:38.882+0000] {processor.py:153} INFO - Started process (PID=136) to work on /home/airflow/.local/lib/python3.7/site-packages/airflow/example_dags/example_short_circuit_operator.py
[2023-04-14T19:26:38.883+0000] {processor.py:743} INFO - Processing file /home/airflow/.local/lib/python3.7/site-packages/airflow/example_dags/example_short_circuit_operator.py for tasks to queue
[2023-04-14T19:26:38.883+0000] {logging_mixin.py:137} INFO - [2023-04-14T19:26:38.883+0000] {dagbag.py:532} INFO - Filling up the DagBag from /home/airflow/.local/lib/python3.7/site-packages/airflow/example_dags/example_short_circuit_operator.py
[2023-04-14T19:26:38.899+0000] {processor.py:753} INFO - DAG(s) dict_keys(['example_short_circuit_operator']) retrieved from /home/airflow/.local/lib/python3.7/site-packages/airflow/example_dags/example_short_circuit_operator.py
[2023-04-14T19:26:38.919+0000] {logging_mixin.py:137} INFO - [2023-04-14T19:26:38.919+0000] {dag.py:2705} INFO - Sync 1 DAGs
[2023-04-14T19:26:38.937+0000] {logging_mixin.py:137} INFO - [2023-04-14T19:26:38.937+0000] {dag.py:3456} INFO - Setting next_dagrun for example_short_circuit_operator to 2023-04-13T19:26:38.936857+00:00, run_after=2023-04-14T19:26:38.936857+00:00
[2023-04-14T19:26:38.949+0000] {processor.py:175} INFO - Processing /home/airflow/.local/lib/python3.7/site-packages/airflow/example_dags/example_short_circuit_operator.py took 0.070 seconds
[2023-04-14T19:27:09.503+0000] {processor.py:153} INFO - Started process (PID=220) to work on /home/airflow/.local/lib/python3.7/site-packages/airflow/example_dags/example_short_circuit_operator.py
[2023-04-14T19:27:09.504+0000] {processor.py:743} INFO - Processing file /home/airflow/.local/lib/python3.7/site-packages/airflow/example_dags/example_short_circuit_operator.py for tasks to queue
[2023-04-14T19:27:09.505+0000] {logging_mixin.py:137} INFO - [2023-04-14T19:27:09.505+0000] {dagbag.py:532} INFO - Filling up the DagBag from /home/airflow/.local/lib/python3.7/site-packages/airflow/example_dags/example_short_circuit_operator.py
[2023-04-14T19:27:09.519+0000] {processor.py:753} INFO - DAG(s) dict_keys(['example_short_circuit_operator']) retrieved from /home/airflow/.local/lib/python3.7/site-packages/airflow/example_dags/example_short_circuit_operator.py
[2023-04-14T19:27:09.541+0000] {logging_mixin.py:137} INFO - [2023-04-14T19:27:09.540+0000] {dag.py:2705} INFO - Sync 1 DAGs
[2023-04-14T19:27:09.558+0000] {logging_mixin.py:137} INFO - [2023-04-14T19:27:09.558+0000] {dag.py:3456} INFO - Setting next_dagrun for example_short_circuit_operator to 2023-04-13T19:27:09.557946+00:00, run_after=2023-04-14T19:27:09.557946+00:00
[2023-04-14T19:27:09.571+0000] {processor.py:175} INFO - Processing /home/airflow/.local/lib/python3.7/site-packages/airflow/example_dags/example_short_circuit_operator.py took 0.072 seconds
[2023-04-14T19:31:44.538+0000] {processor.py:153} INFO - Started process (PID=36) to work on /home/airflow/.local/lib/python3.10/site-packages/airflow/example_dags/example_short_circuit_operator.py
[2023-04-14T19:31:44.539+0000] {processor.py:743} INFO - Processing file /home/airflow/.local/lib/python3.10/site-packages/airflow/example_dags/example_short_circuit_operator.py for tasks to queue
[2023-04-14T19:31:44.540+0000] {logging_mixin.py:137} INFO - [2023-04-14T19:31:44.540+0000] {dagbag.py:532} INFO - Filling up the DagBag from /home/airflow/.local/lib/python3.10/site-packages/airflow/example_dags/example_short_circuit_operator.py
[2023-04-14T19:31:44.554+0000] {processor.py:753} INFO - DAG(s) dict_keys(['example_short_circuit_operator']) retrieved from /home/airflow/.local/lib/python3.10/site-packages/airflow/example_dags/example_short_circuit_operator.py
[2023-04-14T19:31:44.565+0000] {logging_mixin.py:137} INFO - [2023-04-14T19:31:44.565+0000] {dag.py:2705} INFO - Sync 1 DAGs
[2023-04-14T19:31:44.581+0000] {logging_mixin.py:137} INFO - [2023-04-14T19:31:44.581+0000] {dag.py:3452} INFO - Setting next_dagrun for example_short_circuit_operator to 2023-04-13T19:31:44.581327+00:00, run_after=2023-04-14T19:31:44.581327+00:00
[2023-04-14T19:31:44.599+0000] {processor.py:175} INFO - Processing /home/airflow/.local/lib/python3.10/site-packages/airflow/example_dags/example_short_circuit_operator.py took 0.063 seconds
[2023-04-14T19:32:15.439+0000] {processor.py:153} INFO - Started process (PID=120) to work on /home/airflow/.local/lib/python3.10/site-packages/airflow/example_dags/example_short_circuit_operator.py
[2023-04-14T19:32:15.440+0000] {processor.py:743} INFO - Processing file /home/airflow/.local/lib/python3.10/site-packages/airflow/example_dags/example_short_circuit_operator.py for tasks to queue
[2023-04-14T19:32:15.442+0000] {logging_mixin.py:137} INFO - [2023-04-14T19:32:15.442+0000] {dagbag.py:532} INFO - Filling up the DagBag from /home/airflow/.local/lib/python3.10/site-packages/airflow/example_dags/example_short_circuit_operator.py
[2023-04-14T19:32:15.463+0000] {processor.py:753} INFO - DAG(s) dict_keys(['example_short_circuit_operator']) retrieved from /home/airflow/.local/lib/python3.10/site-packages/airflow/example_dags/example_short_circuit_operator.py
[2023-04-14T19:32:15.492+0000] {logging_mixin.py:137} INFO - [2023-04-14T19:32:15.491+0000] {dag.py:2705} INFO - Sync 1 DAGs
[2023-04-14T19:32:15.511+0000] {logging_mixin.py:137} INFO - [2023-04-14T19:32:15.511+0000] {dag.py:3452} INFO - Setting next_dagrun for example_short_circuit_operator to 2023-04-13T19:32:15.511006+00:00, run_after=2023-04-14T19:32:15.511006+00:00
[2023-04-14T19:32:15.528+0000] {processor.py:175} INFO - Processing /home/airflow/.local/lib/python3.10/site-packages/airflow/example_dags/example_short_circuit_operator.py took 0.093 seconds
[2023-04-14T19:32:45.566+0000] {processor.py:153} INFO - Started process (PID=190) to work on /home/airflow/.local/lib/python3.10/site-packages/airflow/example_dags/example_short_circuit_operator.py
[2023-04-14T19:32:45.567+0000] {processor.py:743} INFO - Processing file /home/airflow/.local/lib/python3.10/site-packages/airflow/example_dags/example_short_circuit_operator.py for tasks to queue
[2023-04-14T19:32:45.567+0000] {logging_mixin.py:137} INFO - [2023-04-14T19:32:45.567+0000] {dagbag.py:532} INFO - Filling up the DagBag from /home/airflow/.local/lib/python3.10/site-packages/airflow/example_dags/example_short_circuit_operator.py
[2023-04-14T19:32:45.578+0000] {processor.py:753} INFO - DAG(s) dict_keys(['example_short_circuit_operator']) retrieved from /home/airflow/.local/lib/python3.10/site-packages/airflow/example_dags/example_short_circuit_operator.py
[2023-04-14T19:32:45.595+0000] {logging_mixin.py:137} INFO - [2023-04-14T19:32:45.595+0000] {dag.py:2705} INFO - Sync 1 DAGs
[2023-04-14T19:32:45.609+0000] {logging_mixin.py:137} INFO - [2023-04-14T19:32:45.609+0000] {dag.py:3452} INFO - Setting next_dagrun for example_short_circuit_operator to 2023-04-13T19:32:45.609136+00:00, run_after=2023-04-14T19:32:45.609136+00:00
[2023-04-14T19:32:45.620+0000] {processor.py:175} INFO - Processing /home/airflow/.local/lib/python3.10/site-packages/airflow/example_dags/example_short_circuit_operator.py took 0.057 seconds
[2023-04-14T19:33:23.682+0000] {processor.py:153} INFO - Started process (PID=37) to work on /home/airflow/.local/lib/python3.10/site-packages/airflow/example_dags/example_short_circuit_operator.py
[2023-04-14T19:33:23.683+0000] {processor.py:743} INFO - Processing file /home/airflow/.local/lib/python3.10/site-packages/airflow/example_dags/example_short_circuit_operator.py for tasks to queue
[2023-04-14T19:33:23.683+0000] {logging_mixin.py:137} INFO - [2023-04-14T19:33:23.683+0000] {dagbag.py:532} INFO - Filling up the DagBag from /home/airflow/.local/lib/python3.10/site-packages/airflow/example_dags/example_short_circuit_operator.py
[2023-04-14T19:33:23.698+0000] {processor.py:753} INFO - DAG(s) dict_keys(['example_short_circuit_operator']) retrieved from /home/airflow/.local/lib/python3.10/site-packages/airflow/example_dags/example_short_circuit_operator.py
[2023-04-14T19:33:23.714+0000] {logging_mixin.py:137} INFO - [2023-04-14T19:33:23.713+0000] {dag.py:2705} INFO - Sync 1 DAGs
[2023-04-14T19:33:23.733+0000] {logging_mixin.py:137} INFO - [2023-04-14T19:33:23.733+0000] {dag.py:3452} INFO - Setting next_dagrun for example_short_circuit_operator to 2023-04-13T19:33:23.733295+00:00, run_after=2023-04-14T19:33:23.733295+00:00
[2023-04-14T19:33:23.747+0000] {processor.py:175} INFO - Processing /home/airflow/.local/lib/python3.10/site-packages/airflow/example_dags/example_short_circuit_operator.py took 0.068 seconds
[2023-04-14T19:33:54.738+0000] {processor.py:153} INFO - Started process (PID=121) to work on /home/airflow/.local/lib/python3.10/site-packages/airflow/example_dags/example_short_circuit_operator.py
[2023-04-14T19:33:54.739+0000] {processor.py:743} INFO - Processing file /home/airflow/.local/lib/python3.10/site-packages/airflow/example_dags/example_short_circuit_operator.py for tasks to queue
[2023-04-14T19:33:54.742+0000] {logging_mixin.py:137} INFO - [2023-04-14T19:33:54.742+0000] {dagbag.py:532} INFO - Filling up the DagBag from /home/airflow/.local/lib/python3.10/site-packages/airflow/example_dags/example_short_circuit_operator.py
[2023-04-14T19:33:54.753+0000] {processor.py:753} INFO - DAG(s) dict_keys(['example_short_circuit_operator']) retrieved from /home/airflow/.local/lib/python3.10/site-packages/airflow/example_dags/example_short_circuit_operator.py
[2023-04-14T19:33:54.770+0000] {logging_mixin.py:137} INFO - [2023-04-14T19:33:54.770+0000] {dag.py:2705} INFO - Sync 1 DAGs
[2023-04-14T19:33:54.784+0000] {logging_mixin.py:137} INFO - [2023-04-14T19:33:54.784+0000] {dag.py:3452} INFO - Setting next_dagrun for example_short_circuit_operator to 2023-04-13T19:33:54.784436+00:00, run_after=2023-04-14T19:33:54.784436+00:00
[2023-04-14T19:33:54.795+0000] {processor.py:175} INFO - Processing /home/airflow/.local/lib/python3.10/site-packages/airflow/example_dags/example_short_circuit_operator.py took 0.060 seconds
[2023-04-14T19:34:25.643+0000] {processor.py:153} INFO - Started process (PID=198) to work on /home/airflow/.local/lib/python3.10/site-packages/airflow/example_dags/example_short_circuit_operator.py
[2023-04-14T19:34:25.645+0000] {processor.py:743} INFO - Processing file /home/airflow/.local/lib/python3.10/site-packages/airflow/example_dags/example_short_circuit_operator.py for tasks to queue
[2023-04-14T19:34:25.646+0000] {logging_mixin.py:137} INFO - [2023-04-14T19:34:25.646+0000] {dagbag.py:532} INFO - Filling up the DagBag from /home/airflow/.local/lib/python3.10/site-packages/airflow/example_dags/example_short_circuit_operator.py
[2023-04-14T19:34:25.660+0000] {processor.py:753} INFO - DAG(s) dict_keys(['example_short_circuit_operator']) retrieved from /home/airflow/.local/lib/python3.10/site-packages/airflow/example_dags/example_short_circuit_operator.py
[2023-04-14T19:34:25.678+0000] {logging_mixin.py:137} INFO - [2023-04-14T19:34:25.678+0000] {dag.py:2705} INFO - Sync 1 DAGs
[2023-04-14T19:34:25.694+0000] {logging_mixin.py:137} INFO - [2023-04-14T19:34:25.694+0000] {dag.py:3452} INFO - Setting next_dagrun for example_short_circuit_operator to 2023-04-13T19:34:25.694380+00:00, run_after=2023-04-14T19:34:25.694380+00:00
[2023-04-14T19:34:25.708+0000] {processor.py:175} INFO - Processing /home/airflow/.local/lib/python3.10/site-packages/airflow/example_dags/example_short_circuit_operator.py took 0.070 seconds
[2023-04-14T19:35:37.125+0000] {processor.py:153} INFO - Started process (PID=37) to work on /home/airflow/.local/lib/python3.10/site-packages/airflow/example_dags/example_short_circuit_operator.py
[2023-04-14T19:35:37.126+0000] {processor.py:743} INFO - Processing file /home/airflow/.local/lib/python3.10/site-packages/airflow/example_dags/example_short_circuit_operator.py for tasks to queue
[2023-04-14T19:35:37.127+0000] {logging_mixin.py:137} INFO - [2023-04-14T19:35:37.126+0000] {dagbag.py:532} INFO - Filling up the DagBag from /home/airflow/.local/lib/python3.10/site-packages/airflow/example_dags/example_short_circuit_operator.py
[2023-04-14T19:35:37.141+0000] {processor.py:753} INFO - DAG(s) dict_keys(['example_short_circuit_operator']) retrieved from /home/airflow/.local/lib/python3.10/site-packages/airflow/example_dags/example_short_circuit_operator.py
[2023-04-14T19:35:37.151+0000] {logging_mixin.py:137} INFO - [2023-04-14T19:35:37.151+0000] {dag.py:2705} INFO - Sync 1 DAGs
[2023-04-14T19:35:37.167+0000] {logging_mixin.py:137} INFO - [2023-04-14T19:35:37.167+0000] {dag.py:3452} INFO - Setting next_dagrun for example_short_circuit_operator to 2023-04-13T19:35:37.167030+00:00, run_after=2023-04-14T19:35:37.167030+00:00
[2023-04-14T19:35:37.181+0000] {processor.py:175} INFO - Processing /home/airflow/.local/lib/python3.10/site-packages/airflow/example_dags/example_short_circuit_operator.py took 0.059 seconds
[2023-04-14T19:36:08.197+0000] {processor.py:153} INFO - Started process (PID=122) to work on /home/airflow/.local/lib/python3.10/site-packages/airflow/example_dags/example_short_circuit_operator.py
[2023-04-14T19:36:08.197+0000] {processor.py:743} INFO - Processing file /home/airflow/.local/lib/python3.10/site-packages/airflow/example_dags/example_short_circuit_operator.py for tasks to queue
[2023-04-14T19:36:08.198+0000] {logging_mixin.py:137} INFO - [2023-04-14T19:36:08.198+0000] {dagbag.py:532} INFO - Filling up the DagBag from /home/airflow/.local/lib/python3.10/site-packages/airflow/example_dags/example_short_circuit_operator.py
[2023-04-14T19:36:08.214+0000] {processor.py:753} INFO - DAG(s) dict_keys(['example_short_circuit_operator']) retrieved from /home/airflow/.local/lib/python3.10/site-packages/airflow/example_dags/example_short_circuit_operator.py
[2023-04-14T19:36:08.233+0000] {logging_mixin.py:137} INFO - [2023-04-14T19:36:08.233+0000] {dag.py:2705} INFO - Sync 1 DAGs
[2023-04-14T19:36:08.248+0000] {logging_mixin.py:137} INFO - [2023-04-14T19:36:08.248+0000] {dag.py:3452} INFO - Setting next_dagrun for example_short_circuit_operator to 2023-04-13T19:36:08.248172+00:00, run_after=2023-04-14T19:36:08.248172+00:00
[2023-04-14T19:36:08.260+0000] {processor.py:175} INFO - Processing /home/airflow/.local/lib/python3.10/site-packages/airflow/example_dags/example_short_circuit_operator.py took 0.066 seconds
[2023-04-14T19:36:39.111+0000] {processor.py:153} INFO - Started process (PID=199) to work on /home/airflow/.local/lib/python3.10/site-packages/airflow/example_dags/example_short_circuit_operator.py
[2023-04-14T19:36:39.111+0000] {processor.py:743} INFO - Processing file /home/airflow/.local/lib/python3.10/site-packages/airflow/example_dags/example_short_circuit_operator.py for tasks to queue
[2023-04-14T19:36:39.112+0000] {logging_mixin.py:137} INFO - [2023-04-14T19:36:39.112+0000] {dagbag.py:532} INFO - Filling up the DagBag from /home/airflow/.local/lib/python3.10/site-packages/airflow/example_dags/example_short_circuit_operator.py
[2023-04-14T19:36:39.124+0000] {processor.py:753} INFO - DAG(s) dict_keys(['example_short_circuit_operator']) retrieved from /home/airflow/.local/lib/python3.10/site-packages/airflow/example_dags/example_short_circuit_operator.py
[2023-04-14T19:36:39.145+0000] {logging_mixin.py:137} INFO - [2023-04-14T19:36:39.145+0000] {dag.py:2705} INFO - Sync 1 DAGs
[2023-04-14T19:36:39.160+0000] {logging_mixin.py:137} INFO - [2023-04-14T19:36:39.160+0000] {dag.py:3452} INFO - Setting next_dagrun for example_short_circuit_operator to 2023-04-13T19:36:39.160434+00:00, run_after=2023-04-14T19:36:39.160434+00:00
[2023-04-14T19:36:39.171+0000] {processor.py:175} INFO - Processing /home/airflow/.local/lib/python3.10/site-packages/airflow/example_dags/example_short_circuit_operator.py took 0.065 seconds
