[2023-04-14T19:13:17.280+0000] {processor.py:153} INFO - Started process (PID=43) to work on /home/airflow/.local/lib/python3.7/site-packages/airflow/example_dags/example_sla_dag.py
[2023-04-14T19:13:17.280+0000] {processor.py:743} INFO - Processing file /home/airflow/.local/lib/python3.7/site-packages/airflow/example_dags/example_sla_dag.py for tasks to queue
[2023-04-14T19:13:17.281+0000] {logging_mixin.py:137} INFO - [2023-04-14T19:13:17.281+0000] {dagbag.py:532} INFO - Filling up the DagBag from /home/airflow/.local/lib/python3.7/site-packages/airflow/example_dags/example_sla_dag.py
[2023-04-14T19:13:17.303+0000] {processor.py:753} INFO - DAG(s) dict_keys(['example_sla_dag']) retrieved from /home/airflow/.local/lib/python3.7/site-packages/airflow/example_dags/example_sla_dag.py
[2023-04-14T19:13:17.318+0000] {logging_mixin.py:137} INFO - [2023-04-14T19:13:17.317+0000] {dag.py:2705} INFO - Sync 1 DAGs
[2023-04-14T19:13:17.340+0000] {logging_mixin.py:137} INFO - [2023-04-14T19:13:17.339+0000] {dag.py:3456} INFO - Setting next_dagrun for example_sla_dag to 2023-04-14T19:10:00+00:00, run_after=2023-04-14T19:12:00+00:00
[2023-04-14T19:13:17.358+0000] {processor.py:175} INFO - Processing /home/airflow/.local/lib/python3.7/site-packages/airflow/example_dags/example_sla_dag.py took 0.081 seconds
[2023-04-14T19:13:47.587+0000] {processor.py:153} INFO - Started process (PID=133) to work on /home/airflow/.local/lib/python3.7/site-packages/airflow/example_dags/example_sla_dag.py
[2023-04-14T19:13:47.588+0000] {processor.py:743} INFO - Processing file /home/airflow/.local/lib/python3.7/site-packages/airflow/example_dags/example_sla_dag.py for tasks to queue
[2023-04-14T19:13:47.589+0000] {logging_mixin.py:137} INFO - [2023-04-14T19:13:47.589+0000] {dagbag.py:532} INFO - Filling up the DagBag from /home/airflow/.local/lib/python3.7/site-packages/airflow/example_dags/example_sla_dag.py
[2023-04-14T19:13:47.605+0000] {processor.py:753} INFO - DAG(s) dict_keys(['example_sla_dag']) retrieved from /home/airflow/.local/lib/python3.7/site-packages/airflow/example_dags/example_sla_dag.py
[2023-04-14T19:13:47.623+0000] {logging_mixin.py:137} INFO - [2023-04-14T19:13:47.623+0000] {dag.py:2705} INFO - Sync 1 DAGs
[2023-04-14T19:13:47.641+0000] {logging_mixin.py:137} INFO - [2023-04-14T19:13:47.641+0000] {dag.py:3456} INFO - Setting next_dagrun for example_sla_dag to 2023-04-14T19:10:00+00:00, run_after=2023-04-14T19:12:00+00:00
[2023-04-14T19:13:47.653+0000] {processor.py:175} INFO - Processing /home/airflow/.local/lib/python3.7/site-packages/airflow/example_dags/example_sla_dag.py took 0.068 seconds
[2023-04-14T19:14:17.744+0000] {processor.py:153} INFO - Started process (PID=215) to work on /home/airflow/.local/lib/python3.7/site-packages/airflow/example_dags/example_sla_dag.py
[2023-04-14T19:14:17.745+0000] {processor.py:743} INFO - Processing file /home/airflow/.local/lib/python3.7/site-packages/airflow/example_dags/example_sla_dag.py for tasks to queue
[2023-04-14T19:14:17.746+0000] {logging_mixin.py:137} INFO - [2023-04-14T19:14:17.746+0000] {dagbag.py:532} INFO - Filling up the DagBag from /home/airflow/.local/lib/python3.7/site-packages/airflow/example_dags/example_sla_dag.py
[2023-04-14T19:14:17.768+0000] {processor.py:753} INFO - DAG(s) dict_keys(['example_sla_dag']) retrieved from /home/airflow/.local/lib/python3.7/site-packages/airflow/example_dags/example_sla_dag.py
[2023-04-14T19:14:17.790+0000] {logging_mixin.py:137} INFO - [2023-04-14T19:14:17.790+0000] {dag.py:2705} INFO - Sync 1 DAGs
[2023-04-14T19:14:17.817+0000] {logging_mixin.py:137} INFO - [2023-04-14T19:14:17.817+0000] {dag.py:3456} INFO - Setting next_dagrun for example_sla_dag to 2023-04-14T19:12:00+00:00, run_after=2023-04-14T19:14:00+00:00
[2023-04-14T19:14:17.837+0000] {processor.py:175} INFO - Processing /home/airflow/.local/lib/python3.7/site-packages/airflow/example_dags/example_sla_dag.py took 0.096 seconds
[2023-04-14T19:14:48.040+0000] {processor.py:153} INFO - Started process (PID=299) to work on /home/airflow/.local/lib/python3.7/site-packages/airflow/example_dags/example_sla_dag.py
[2023-04-14T19:14:48.041+0000] {processor.py:743} INFO - Processing file /home/airflow/.local/lib/python3.7/site-packages/airflow/example_dags/example_sla_dag.py for tasks to queue
[2023-04-14T19:14:48.041+0000] {logging_mixin.py:137} INFO - [2023-04-14T19:14:48.041+0000] {dagbag.py:532} INFO - Filling up the DagBag from /home/airflow/.local/lib/python3.7/site-packages/airflow/example_dags/example_sla_dag.py
[2023-04-14T19:14:48.058+0000] {processor.py:753} INFO - DAG(s) dict_keys(['example_sla_dag']) retrieved from /home/airflow/.local/lib/python3.7/site-packages/airflow/example_dags/example_sla_dag.py
[2023-04-14T19:14:48.079+0000] {logging_mixin.py:137} INFO - [2023-04-14T19:14:48.079+0000] {dag.py:2705} INFO - Sync 1 DAGs
[2023-04-14T19:14:48.097+0000] {logging_mixin.py:137} INFO - [2023-04-14T19:14:48.097+0000] {dag.py:3456} INFO - Setting next_dagrun for example_sla_dag to 2023-04-14T19:12:00+00:00, run_after=2023-04-14T19:14:00+00:00
[2023-04-14T19:14:48.110+0000] {processor.py:175} INFO - Processing /home/airflow/.local/lib/python3.7/site-packages/airflow/example_dags/example_sla_dag.py took 0.073 seconds
[2023-04-14T19:15:18.152+0000] {processor.py:153} INFO - Started process (PID=390) to work on /home/airflow/.local/lib/python3.7/site-packages/airflow/example_dags/example_sla_dag.py
[2023-04-14T19:15:18.153+0000] {processor.py:743} INFO - Processing file /home/airflow/.local/lib/python3.7/site-packages/airflow/example_dags/example_sla_dag.py for tasks to queue
[2023-04-14T19:15:18.153+0000] {logging_mixin.py:137} INFO - [2023-04-14T19:15:18.153+0000] {dagbag.py:532} INFO - Filling up the DagBag from /home/airflow/.local/lib/python3.7/site-packages/airflow/example_dags/example_sla_dag.py
[2023-04-14T19:15:18.170+0000] {processor.py:753} INFO - DAG(s) dict_keys(['example_sla_dag']) retrieved from /home/airflow/.local/lib/python3.7/site-packages/airflow/example_dags/example_sla_dag.py
[2023-04-14T19:15:18.188+0000] {logging_mixin.py:137} INFO - [2023-04-14T19:15:18.188+0000] {dag.py:2705} INFO - Sync 1 DAGs
[2023-04-14T19:15:18.208+0000] {logging_mixin.py:137} INFO - [2023-04-14T19:15:18.208+0000] {dag.py:3456} INFO - Setting next_dagrun for example_sla_dag to 2023-04-14T19:12:00+00:00, run_after=2023-04-14T19:14:00+00:00
[2023-04-14T19:15:18.222+0000] {processor.py:175} INFO - Processing /home/airflow/.local/lib/python3.7/site-packages/airflow/example_dags/example_sla_dag.py took 0.073 seconds
[2023-04-14T19:17:34.792+0000] {processor.py:153} INFO - Started process (PID=43) to work on /home/airflow/.local/lib/python3.7/site-packages/airflow/example_dags/example_sla_dag.py
[2023-04-14T19:17:34.793+0000] {processor.py:743} INFO - Processing file /home/airflow/.local/lib/python3.7/site-packages/airflow/example_dags/example_sla_dag.py for tasks to queue
[2023-04-14T19:17:34.794+0000] {logging_mixin.py:137} INFO - [2023-04-14T19:17:34.794+0000] {dagbag.py:532} INFO - Filling up the DagBag from /home/airflow/.local/lib/python3.7/site-packages/airflow/example_dags/example_sla_dag.py
[2023-04-14T19:17:34.821+0000] {processor.py:753} INFO - DAG(s) dict_keys(['example_sla_dag']) retrieved from /home/airflow/.local/lib/python3.7/site-packages/airflow/example_dags/example_sla_dag.py
[2023-04-14T19:17:34.833+0000] {logging_mixin.py:137} INFO - [2023-04-14T19:17:34.833+0000] {dag.py:2705} INFO - Sync 1 DAGs
[2023-04-14T19:17:34.859+0000] {logging_mixin.py:137} INFO - [2023-04-14T19:17:34.858+0000] {dag.py:3456} INFO - Setting next_dagrun for example_sla_dag to 2023-04-14T19:14:00+00:00, run_after=2023-04-14T19:16:00+00:00
[2023-04-14T19:17:34.879+0000] {processor.py:175} INFO - Processing /home/airflow/.local/lib/python3.7/site-packages/airflow/example_dags/example_sla_dag.py took 0.093 seconds
[2023-04-14T19:18:05.272+0000] {processor.py:153} INFO - Started process (PID=135) to work on /home/airflow/.local/lib/python3.7/site-packages/airflow/example_dags/example_sla_dag.py
[2023-04-14T19:18:05.272+0000] {processor.py:743} INFO - Processing file /home/airflow/.local/lib/python3.7/site-packages/airflow/example_dags/example_sla_dag.py for tasks to queue
[2023-04-14T19:18:05.273+0000] {logging_mixin.py:137} INFO - [2023-04-14T19:18:05.273+0000] {dagbag.py:532} INFO - Filling up the DagBag from /home/airflow/.local/lib/python3.7/site-packages/airflow/example_dags/example_sla_dag.py
[2023-04-14T19:18:05.297+0000] {processor.py:753} INFO - DAG(s) dict_keys(['example_sla_dag']) retrieved from /home/airflow/.local/lib/python3.7/site-packages/airflow/example_dags/example_sla_dag.py
[2023-04-14T19:18:05.330+0000] {logging_mixin.py:137} INFO - [2023-04-14T19:18:05.329+0000] {dag.py:2705} INFO - Sync 1 DAGs
[2023-04-14T19:18:05.352+0000] {logging_mixin.py:137} INFO - [2023-04-14T19:18:05.352+0000] {dag.py:3456} INFO - Setting next_dagrun for example_sla_dag to 2023-04-14T19:16:00+00:00, run_after=2023-04-14T19:18:00+00:00
[2023-04-14T19:18:05.367+0000] {processor.py:175} INFO - Processing /home/airflow/.local/lib/python3.7/site-packages/airflow/example_dags/example_sla_dag.py took 0.098 seconds
[2023-04-14T19:18:35.856+0000] {processor.py:153} INFO - Started process (PID=219) to work on /home/airflow/.local/lib/python3.7/site-packages/airflow/example_dags/example_sla_dag.py
[2023-04-14T19:18:35.857+0000] {processor.py:743} INFO - Processing file /home/airflow/.local/lib/python3.7/site-packages/airflow/example_dags/example_sla_dag.py for tasks to queue
[2023-04-14T19:18:35.859+0000] {logging_mixin.py:137} INFO - [2023-04-14T19:18:35.858+0000] {dagbag.py:532} INFO - Filling up the DagBag from /home/airflow/.local/lib/python3.7/site-packages/airflow/example_dags/example_sla_dag.py
[2023-04-14T19:18:35.877+0000] {processor.py:753} INFO - DAG(s) dict_keys(['example_sla_dag']) retrieved from /home/airflow/.local/lib/python3.7/site-packages/airflow/example_dags/example_sla_dag.py
[2023-04-14T19:18:35.901+0000] {logging_mixin.py:137} INFO - [2023-04-14T19:18:35.901+0000] {dag.py:2705} INFO - Sync 1 DAGs
[2023-04-14T19:18:35.920+0000] {logging_mixin.py:137} INFO - [2023-04-14T19:18:35.920+0000] {dag.py:3456} INFO - Setting next_dagrun for example_sla_dag to 2023-04-14T19:16:00+00:00, run_after=2023-04-14T19:18:00+00:00
[2023-04-14T19:18:35.934+0000] {processor.py:175} INFO - Processing /home/airflow/.local/lib/python3.7/site-packages/airflow/example_dags/example_sla_dag.py took 0.081 seconds
[2023-04-14T19:19:06.317+0000] {processor.py:153} INFO - Started process (PID=301) to work on /home/airflow/.local/lib/python3.7/site-packages/airflow/example_dags/example_sla_dag.py
[2023-04-14T19:19:06.318+0000] {processor.py:743} INFO - Processing file /home/airflow/.local/lib/python3.7/site-packages/airflow/example_dags/example_sla_dag.py for tasks to queue
[2023-04-14T19:19:06.318+0000] {logging_mixin.py:137} INFO - [2023-04-14T19:19:06.318+0000] {dagbag.py:532} INFO - Filling up the DagBag from /home/airflow/.local/lib/python3.7/site-packages/airflow/example_dags/example_sla_dag.py
[2023-04-14T19:19:06.336+0000] {processor.py:753} INFO - DAG(s) dict_keys(['example_sla_dag']) retrieved from /home/airflow/.local/lib/python3.7/site-packages/airflow/example_dags/example_sla_dag.py
[2023-04-14T19:19:06.357+0000] {logging_mixin.py:137} INFO - [2023-04-14T19:19:06.357+0000] {dag.py:2705} INFO - Sync 1 DAGs
[2023-04-14T19:19:06.378+0000] {logging_mixin.py:137} INFO - [2023-04-14T19:19:06.378+0000] {dag.py:3456} INFO - Setting next_dagrun for example_sla_dag to 2023-04-14T19:16:00+00:00, run_after=2023-04-14T19:18:00+00:00
[2023-04-14T19:19:06.391+0000] {processor.py:175} INFO - Processing /home/airflow/.local/lib/python3.7/site-packages/airflow/example_dags/example_sla_dag.py took 0.076 seconds
[2023-04-14T19:19:36.525+0000] {processor.py:153} INFO - Started process (PID=394) to work on /home/airflow/.local/lib/python3.7/site-packages/airflow/example_dags/example_sla_dag.py
[2023-04-14T19:19:36.526+0000] {processor.py:743} INFO - Processing file /home/airflow/.local/lib/python3.7/site-packages/airflow/example_dags/example_sla_dag.py for tasks to queue
[2023-04-14T19:19:36.526+0000] {logging_mixin.py:137} INFO - [2023-04-14T19:19:36.526+0000] {dagbag.py:532} INFO - Filling up the DagBag from /home/airflow/.local/lib/python3.7/site-packages/airflow/example_dags/example_sla_dag.py
[2023-04-14T19:19:36.545+0000] {processor.py:753} INFO - DAG(s) dict_keys(['example_sla_dag']) retrieved from /home/airflow/.local/lib/python3.7/site-packages/airflow/example_dags/example_sla_dag.py
[2023-04-14T19:19:36.563+0000] {logging_mixin.py:137} INFO - [2023-04-14T19:19:36.563+0000] {dag.py:2705} INFO - Sync 1 DAGs
[2023-04-14T19:19:36.583+0000] {logging_mixin.py:137} INFO - [2023-04-14T19:19:36.582+0000] {dag.py:3456} INFO - Setting next_dagrun for example_sla_dag to 2023-04-14T19:16:00+00:00, run_after=2023-04-14T19:18:00+00:00
[2023-04-14T19:19:36.597+0000] {processor.py:175} INFO - Processing /home/airflow/.local/lib/python3.7/site-packages/airflow/example_dags/example_sla_dag.py took 0.074 seconds
[2023-04-14T19:20:06.884+0000] {processor.py:153} INFO - Started process (PID=469) to work on /home/airflow/.local/lib/python3.7/site-packages/airflow/example_dags/example_sla_dag.py
[2023-04-14T19:20:06.885+0000] {processor.py:743} INFO - Processing file /home/airflow/.local/lib/python3.7/site-packages/airflow/example_dags/example_sla_dag.py for tasks to queue
[2023-04-14T19:20:06.885+0000] {logging_mixin.py:137} INFO - [2023-04-14T19:20:06.885+0000] {dagbag.py:532} INFO - Filling up the DagBag from /home/airflow/.local/lib/python3.7/site-packages/airflow/example_dags/example_sla_dag.py
[2023-04-14T19:20:06.902+0000] {processor.py:753} INFO - DAG(s) dict_keys(['example_sla_dag']) retrieved from /home/airflow/.local/lib/python3.7/site-packages/airflow/example_dags/example_sla_dag.py
[2023-04-14T19:20:06.927+0000] {logging_mixin.py:137} INFO - [2023-04-14T19:20:06.927+0000] {dag.py:2705} INFO - Sync 1 DAGs
[2023-04-14T19:20:06.946+0000] {logging_mixin.py:137} INFO - [2023-04-14T19:20:06.945+0000] {dag.py:3456} INFO - Setting next_dagrun for example_sla_dag to 2023-04-14T19:18:00+00:00, run_after=2023-04-14T19:20:00+00:00
[2023-04-14T19:20:06.959+0000] {processor.py:175} INFO - Processing /home/airflow/.local/lib/python3.7/site-packages/airflow/example_dags/example_sla_dag.py took 0.078 seconds
[2023-04-14T19:20:37.301+0000] {processor.py:153} INFO - Started process (PID=561) to work on /home/airflow/.local/lib/python3.7/site-packages/airflow/example_dags/example_sla_dag.py
[2023-04-14T19:20:37.302+0000] {processor.py:743} INFO - Processing file /home/airflow/.local/lib/python3.7/site-packages/airflow/example_dags/example_sla_dag.py for tasks to queue
[2023-04-14T19:20:37.303+0000] {logging_mixin.py:137} INFO - [2023-04-14T19:20:37.302+0000] {dagbag.py:532} INFO - Filling up the DagBag from /home/airflow/.local/lib/python3.7/site-packages/airflow/example_dags/example_sla_dag.py
[2023-04-14T19:20:37.321+0000] {processor.py:753} INFO - DAG(s) dict_keys(['example_sla_dag']) retrieved from /home/airflow/.local/lib/python3.7/site-packages/airflow/example_dags/example_sla_dag.py
[2023-04-14T19:20:37.339+0000] {logging_mixin.py:137} INFO - [2023-04-14T19:20:37.339+0000] {dag.py:2705} INFO - Sync 1 DAGs
[2023-04-14T19:20:37.358+0000] {logging_mixin.py:137} INFO - [2023-04-14T19:20:37.358+0000] {dag.py:3456} INFO - Setting next_dagrun for example_sla_dag to 2023-04-14T19:18:00+00:00, run_after=2023-04-14T19:20:00+00:00
[2023-04-14T19:20:37.372+0000] {processor.py:175} INFO - Processing /home/airflow/.local/lib/python3.7/site-packages/airflow/example_dags/example_sla_dag.py took 0.073 seconds
[2023-04-14T19:21:07.667+0000] {processor.py:153} INFO - Started process (PID=652) to work on /home/airflow/.local/lib/python3.7/site-packages/airflow/example_dags/example_sla_dag.py
[2023-04-14T19:21:07.667+0000] {processor.py:743} INFO - Processing file /home/airflow/.local/lib/python3.7/site-packages/airflow/example_dags/example_sla_dag.py for tasks to queue
[2023-04-14T19:21:07.668+0000] {logging_mixin.py:137} INFO - [2023-04-14T19:21:07.668+0000] {dagbag.py:532} INFO - Filling up the DagBag from /home/airflow/.local/lib/python3.7/site-packages/airflow/example_dags/example_sla_dag.py
[2023-04-14T19:21:07.686+0000] {processor.py:753} INFO - DAG(s) dict_keys(['example_sla_dag']) retrieved from /home/airflow/.local/lib/python3.7/site-packages/airflow/example_dags/example_sla_dag.py
[2023-04-14T19:21:07.706+0000] {logging_mixin.py:137} INFO - [2023-04-14T19:21:07.706+0000] {dag.py:2705} INFO - Sync 1 DAGs
[2023-04-14T19:21:07.724+0000] {logging_mixin.py:137} INFO - [2023-04-14T19:21:07.724+0000] {dag.py:3456} INFO - Setting next_dagrun for example_sla_dag to 2023-04-14T19:18:00+00:00, run_after=2023-04-14T19:20:00+00:00
[2023-04-14T19:21:07.738+0000] {processor.py:175} INFO - Processing /home/airflow/.local/lib/python3.7/site-packages/airflow/example_dags/example_sla_dag.py took 0.074 seconds
[2023-04-14T19:21:37.880+0000] {processor.py:153} INFO - Started process (PID=727) to work on /home/airflow/.local/lib/python3.7/site-packages/airflow/example_dags/example_sla_dag.py
[2023-04-14T19:21:37.881+0000] {processor.py:743} INFO - Processing file /home/airflow/.local/lib/python3.7/site-packages/airflow/example_dags/example_sla_dag.py for tasks to queue
[2023-04-14T19:21:37.883+0000] {logging_mixin.py:137} INFO - [2023-04-14T19:21:37.882+0000] {dagbag.py:532} INFO - Filling up the DagBag from /home/airflow/.local/lib/python3.7/site-packages/airflow/example_dags/example_sla_dag.py
[2023-04-14T19:21:37.902+0000] {processor.py:753} INFO - DAG(s) dict_keys(['example_sla_dag']) retrieved from /home/airflow/.local/lib/python3.7/site-packages/airflow/example_dags/example_sla_dag.py
[2023-04-14T19:21:37.923+0000] {logging_mixin.py:137} INFO - [2023-04-14T19:21:37.923+0000] {dag.py:2705} INFO - Sync 1 DAGs
[2023-04-14T19:21:37.946+0000] {logging_mixin.py:137} INFO - [2023-04-14T19:21:37.946+0000] {dag.py:3456} INFO - Setting next_dagrun for example_sla_dag to 2023-04-14T19:18:00+00:00, run_after=2023-04-14T19:20:00+00:00
[2023-04-14T19:21:37.964+0000] {processor.py:175} INFO - Processing /home/airflow/.local/lib/python3.7/site-packages/airflow/example_dags/example_sla_dag.py took 0.087 seconds
[2023-04-14T19:22:08.024+0000] {processor.py:153} INFO - Started process (PID=818) to work on /home/airflow/.local/lib/python3.7/site-packages/airflow/example_dags/example_sla_dag.py
[2023-04-14T19:22:08.025+0000] {processor.py:743} INFO - Processing file /home/airflow/.local/lib/python3.7/site-packages/airflow/example_dags/example_sla_dag.py for tasks to queue
[2023-04-14T19:22:08.026+0000] {logging_mixin.py:137} INFO - [2023-04-14T19:22:08.025+0000] {dagbag.py:532} INFO - Filling up the DagBag from /home/airflow/.local/lib/python3.7/site-packages/airflow/example_dags/example_sla_dag.py
[2023-04-14T19:22:08.046+0000] {processor.py:753} INFO - DAG(s) dict_keys(['example_sla_dag']) retrieved from /home/airflow/.local/lib/python3.7/site-packages/airflow/example_dags/example_sla_dag.py
[2023-04-14T19:22:08.064+0000] {logging_mixin.py:137} INFO - [2023-04-14T19:22:08.063+0000] {dag.py:2705} INFO - Sync 1 DAGs
[2023-04-14T19:22:08.081+0000] {logging_mixin.py:137} INFO - [2023-04-14T19:22:08.081+0000] {dag.py:3456} INFO - Setting next_dagrun for example_sla_dag to 2023-04-14T19:20:00+00:00, run_after=2023-04-14T19:22:00+00:00
[2023-04-14T19:22:08.094+0000] {processor.py:175} INFO - Processing /home/airflow/.local/lib/python3.7/site-packages/airflow/example_dags/example_sla_dag.py took 0.075 seconds
[2023-04-14T19:22:38.226+0000] {processor.py:153} INFO - Started process (PID=909) to work on /home/airflow/.local/lib/python3.7/site-packages/airflow/example_dags/example_sla_dag.py
[2023-04-14T19:22:38.227+0000] {processor.py:743} INFO - Processing file /home/airflow/.local/lib/python3.7/site-packages/airflow/example_dags/example_sla_dag.py for tasks to queue
[2023-04-14T19:22:38.228+0000] {logging_mixin.py:137} INFO - [2023-04-14T19:22:38.228+0000] {dagbag.py:532} INFO - Filling up the DagBag from /home/airflow/.local/lib/python3.7/site-packages/airflow/example_dags/example_sla_dag.py
[2023-04-14T19:22:38.255+0000] {processor.py:753} INFO - DAG(s) dict_keys(['example_sla_dag']) retrieved from /home/airflow/.local/lib/python3.7/site-packages/airflow/example_dags/example_sla_dag.py
[2023-04-14T19:22:38.281+0000] {logging_mixin.py:137} INFO - [2023-04-14T19:22:38.280+0000] {dag.py:2705} INFO - Sync 1 DAGs
[2023-04-14T19:22:38.304+0000] {logging_mixin.py:137} INFO - [2023-04-14T19:22:38.304+0000] {dag.py:3456} INFO - Setting next_dagrun for example_sla_dag to 2023-04-14T19:20:00+00:00, run_after=2023-04-14T19:22:00+00:00
[2023-04-14T19:22:38.328+0000] {processor.py:175} INFO - Processing /home/airflow/.local/lib/python3.7/site-packages/airflow/example_dags/example_sla_dag.py took 0.106 seconds
[2023-04-14T19:23:08.957+0000] {processor.py:153} INFO - Started process (PID=984) to work on /home/airflow/.local/lib/python3.7/site-packages/airflow/example_dags/example_sla_dag.py
[2023-04-14T19:23:08.957+0000] {processor.py:743} INFO - Processing file /home/airflow/.local/lib/python3.7/site-packages/airflow/example_dags/example_sla_dag.py for tasks to queue
[2023-04-14T19:23:08.958+0000] {logging_mixin.py:137} INFO - [2023-04-14T19:23:08.958+0000] {dagbag.py:532} INFO - Filling up the DagBag from /home/airflow/.local/lib/python3.7/site-packages/airflow/example_dags/example_sla_dag.py
[2023-04-14T19:23:08.975+0000] {processor.py:753} INFO - DAG(s) dict_keys(['example_sla_dag']) retrieved from /home/airflow/.local/lib/python3.7/site-packages/airflow/example_dags/example_sla_dag.py
[2023-04-14T19:23:08.993+0000] {logging_mixin.py:137} INFO - [2023-04-14T19:23:08.992+0000] {dag.py:2705} INFO - Sync 1 DAGs
[2023-04-14T19:23:09.011+0000] {logging_mixin.py:137} INFO - [2023-04-14T19:23:09.011+0000] {dag.py:3456} INFO - Setting next_dagrun for example_sla_dag to 2023-04-14T19:20:00+00:00, run_after=2023-04-14T19:22:00+00:00
[2023-04-14T19:23:09.022+0000] {processor.py:175} INFO - Processing /home/airflow/.local/lib/python3.7/site-packages/airflow/example_dags/example_sla_dag.py took 0.068 seconds
[2023-04-14T19:23:39.059+0000] {processor.py:153} INFO - Started process (PID=1075) to work on /home/airflow/.local/lib/python3.7/site-packages/airflow/example_dags/example_sla_dag.py
[2023-04-14T19:23:39.059+0000] {processor.py:743} INFO - Processing file /home/airflow/.local/lib/python3.7/site-packages/airflow/example_dags/example_sla_dag.py for tasks to queue
[2023-04-14T19:23:39.060+0000] {logging_mixin.py:137} INFO - [2023-04-14T19:23:39.060+0000] {dagbag.py:532} INFO - Filling up the DagBag from /home/airflow/.local/lib/python3.7/site-packages/airflow/example_dags/example_sla_dag.py
[2023-04-14T19:23:39.075+0000] {processor.py:753} INFO - DAG(s) dict_keys(['example_sla_dag']) retrieved from /home/airflow/.local/lib/python3.7/site-packages/airflow/example_dags/example_sla_dag.py
[2023-04-14T19:23:39.093+0000] {logging_mixin.py:137} INFO - [2023-04-14T19:23:39.093+0000] {dag.py:2705} INFO - Sync 1 DAGs
[2023-04-14T19:23:39.110+0000] {logging_mixin.py:137} INFO - [2023-04-14T19:23:39.110+0000] {dag.py:3456} INFO - Setting next_dagrun for example_sla_dag to 2023-04-14T19:20:00+00:00, run_after=2023-04-14T19:22:00+00:00
[2023-04-14T19:23:39.121+0000] {processor.py:175} INFO - Processing /home/airflow/.local/lib/python3.7/site-packages/airflow/example_dags/example_sla_dag.py took 0.065 seconds
[2023-04-14T19:24:09.272+0000] {processor.py:153} INFO - Started process (PID=1166) to work on /home/airflow/.local/lib/python3.7/site-packages/airflow/example_dags/example_sla_dag.py
[2023-04-14T19:24:09.273+0000] {processor.py:743} INFO - Processing file /home/airflow/.local/lib/python3.7/site-packages/airflow/example_dags/example_sla_dag.py for tasks to queue
[2023-04-14T19:24:09.273+0000] {logging_mixin.py:137} INFO - [2023-04-14T19:24:09.273+0000] {dagbag.py:532} INFO - Filling up the DagBag from /home/airflow/.local/lib/python3.7/site-packages/airflow/example_dags/example_sla_dag.py
[2023-04-14T19:24:09.291+0000] {processor.py:753} INFO - DAG(s) dict_keys(['example_sla_dag']) retrieved from /home/airflow/.local/lib/python3.7/site-packages/airflow/example_dags/example_sla_dag.py
[2023-04-14T19:24:09.309+0000] {logging_mixin.py:137} INFO - [2023-04-14T19:24:09.309+0000] {dag.py:2705} INFO - Sync 1 DAGs
[2023-04-14T19:24:09.328+0000] {logging_mixin.py:137} INFO - [2023-04-14T19:24:09.328+0000] {dag.py:3456} INFO - Setting next_dagrun for example_sla_dag to 2023-04-14T19:22:00+00:00, run_after=2023-04-14T19:24:00+00:00
[2023-04-14T19:24:09.342+0000] {processor.py:175} INFO - Processing /home/airflow/.local/lib/python3.7/site-packages/airflow/example_dags/example_sla_dag.py took 0.073 seconds
[2023-04-14T19:26:08.586+0000] {processor.py:153} INFO - Started process (PID=43) to work on /home/airflow/.local/lib/python3.7/site-packages/airflow/example_dags/example_sla_dag.py
[2023-04-14T19:26:08.587+0000] {processor.py:743} INFO - Processing file /home/airflow/.local/lib/python3.7/site-packages/airflow/example_dags/example_sla_dag.py for tasks to queue
[2023-04-14T19:26:08.588+0000] {logging_mixin.py:137} INFO - [2023-04-14T19:26:08.588+0000] {dagbag.py:532} INFO - Filling up the DagBag from /home/airflow/.local/lib/python3.7/site-packages/airflow/example_dags/example_sla_dag.py
[2023-04-14T19:26:08.608+0000] {processor.py:753} INFO - DAG(s) dict_keys(['example_sla_dag']) retrieved from /home/airflow/.local/lib/python3.7/site-packages/airflow/example_dags/example_sla_dag.py
[2023-04-14T19:26:08.620+0000] {logging_mixin.py:137} INFO - [2023-04-14T19:26:08.620+0000] {dag.py:2705} INFO - Sync 1 DAGs
[2023-04-14T19:26:08.642+0000] {logging_mixin.py:137} INFO - [2023-04-14T19:26:08.642+0000] {dag.py:3456} INFO - Setting next_dagrun for example_sla_dag to 2023-04-14T19:24:00+00:00, run_after=2023-04-14T19:26:00+00:00
[2023-04-14T19:26:08.659+0000] {processor.py:175} INFO - Processing /home/airflow/.local/lib/python3.7/site-packages/airflow/example_dags/example_sla_dag.py took 0.075 seconds
[2023-04-14T19:26:38.788+0000] {processor.py:153} INFO - Started process (PID=134) to work on /home/airflow/.local/lib/python3.7/site-packages/airflow/example_dags/example_sla_dag.py
[2023-04-14T19:26:38.789+0000] {processor.py:743} INFO - Processing file /home/airflow/.local/lib/python3.7/site-packages/airflow/example_dags/example_sla_dag.py for tasks to queue
[2023-04-14T19:26:38.789+0000] {logging_mixin.py:137} INFO - [2023-04-14T19:26:38.789+0000] {dagbag.py:532} INFO - Filling up the DagBag from /home/airflow/.local/lib/python3.7/site-packages/airflow/example_dags/example_sla_dag.py
[2023-04-14T19:26:38.806+0000] {processor.py:753} INFO - DAG(s) dict_keys(['example_sla_dag']) retrieved from /home/airflow/.local/lib/python3.7/site-packages/airflow/example_dags/example_sla_dag.py
[2023-04-14T19:26:38.826+0000] {logging_mixin.py:137} INFO - [2023-04-14T19:26:38.825+0000] {dag.py:2705} INFO - Sync 1 DAGs
[2023-04-14T19:26:38.845+0000] {logging_mixin.py:137} INFO - [2023-04-14T19:26:38.845+0000] {dag.py:3456} INFO - Setting next_dagrun for example_sla_dag to 2023-04-14T19:24:00+00:00, run_after=2023-04-14T19:26:00+00:00
[2023-04-14T19:26:38.860+0000] {processor.py:175} INFO - Processing /home/airflow/.local/lib/python3.7/site-packages/airflow/example_dags/example_sla_dag.py took 0.075 seconds
[2023-04-14T19:27:09.396+0000] {processor.py:153} INFO - Started process (PID=218) to work on /home/airflow/.local/lib/python3.7/site-packages/airflow/example_dags/example_sla_dag.py
[2023-04-14T19:27:09.397+0000] {processor.py:743} INFO - Processing file /home/airflow/.local/lib/python3.7/site-packages/airflow/example_dags/example_sla_dag.py for tasks to queue
[2023-04-14T19:27:09.398+0000] {logging_mixin.py:137} INFO - [2023-04-14T19:27:09.398+0000] {dagbag.py:532} INFO - Filling up the DagBag from /home/airflow/.local/lib/python3.7/site-packages/airflow/example_dags/example_sla_dag.py
[2023-04-14T19:27:09.419+0000] {processor.py:753} INFO - DAG(s) dict_keys(['example_sla_dag']) retrieved from /home/airflow/.local/lib/python3.7/site-packages/airflow/example_dags/example_sla_dag.py
[2023-04-14T19:27:09.443+0000] {logging_mixin.py:137} INFO - [2023-04-14T19:27:09.443+0000] {dag.py:2705} INFO - Sync 1 DAGs
[2023-04-14T19:27:09.463+0000] {logging_mixin.py:137} INFO - [2023-04-14T19:27:09.463+0000] {dag.py:3456} INFO - Setting next_dagrun for example_sla_dag to 2023-04-14T19:24:00+00:00, run_after=2023-04-14T19:26:00+00:00
[2023-04-14T19:27:09.479+0000] {processor.py:175} INFO - Processing /home/airflow/.local/lib/python3.7/site-packages/airflow/example_dags/example_sla_dag.py took 0.087 seconds
[2023-04-14T19:31:44.456+0000] {processor.py:153} INFO - Started process (PID=34) to work on /home/airflow/.local/lib/python3.10/site-packages/airflow/example_dags/example_sla_dag.py
[2023-04-14T19:31:44.456+0000] {processor.py:743} INFO - Processing file /home/airflow/.local/lib/python3.10/site-packages/airflow/example_dags/example_sla_dag.py for tasks to queue
[2023-04-14T19:31:44.457+0000] {logging_mixin.py:137} INFO - [2023-04-14T19:31:44.457+0000] {dagbag.py:532} INFO - Filling up the DagBag from /home/airflow/.local/lib/python3.10/site-packages/airflow/example_dags/example_sla_dag.py
[2023-04-14T19:31:44.476+0000] {processor.py:753} INFO - DAG(s) dict_keys(['example_sla_dag']) retrieved from /home/airflow/.local/lib/python3.10/site-packages/airflow/example_dags/example_sla_dag.py
[2023-04-14T19:31:44.487+0000] {logging_mixin.py:137} INFO - [2023-04-14T19:31:44.487+0000] {dag.py:2705} INFO - Sync 1 DAGs
[2023-04-14T19:31:44.505+0000] {logging_mixin.py:137} INFO - [2023-04-14T19:31:44.505+0000] {dag.py:3452} INFO - Setting next_dagrun for example_sla_dag to 2023-04-14T19:28:00+00:00, run_after=2023-04-14T19:30:00+00:00
[2023-04-14T19:31:44.518+0000] {processor.py:175} INFO - Processing /home/airflow/.local/lib/python3.10/site-packages/airflow/example_dags/example_sla_dag.py took 0.065 seconds
[2023-04-14T19:32:15.320+0000] {processor.py:153} INFO - Started process (PID=118) to work on /home/airflow/.local/lib/python3.10/site-packages/airflow/example_dags/example_sla_dag.py
[2023-04-14T19:32:15.321+0000] {processor.py:743} INFO - Processing file /home/airflow/.local/lib/python3.10/site-packages/airflow/example_dags/example_sla_dag.py for tasks to queue
[2023-04-14T19:32:15.322+0000] {logging_mixin.py:137} INFO - [2023-04-14T19:32:15.322+0000] {dagbag.py:532} INFO - Filling up the DagBag from /home/airflow/.local/lib/python3.10/site-packages/airflow/example_dags/example_sla_dag.py
[2023-04-14T19:32:15.344+0000] {processor.py:753} INFO - DAG(s) dict_keys(['example_sla_dag']) retrieved from /home/airflow/.local/lib/python3.10/site-packages/airflow/example_dags/example_sla_dag.py
[2023-04-14T19:32:15.368+0000] {logging_mixin.py:137} INFO - [2023-04-14T19:32:15.368+0000] {dag.py:2705} INFO - Sync 1 DAGs
[2023-04-14T19:32:15.391+0000] {logging_mixin.py:137} INFO - [2023-04-14T19:32:15.391+0000] {dag.py:3452} INFO - Setting next_dagrun for example_sla_dag to 2023-04-14T19:30:00+00:00, run_after=2023-04-14T19:32:00+00:00
[2023-04-14T19:32:15.410+0000] {processor.py:175} INFO - Processing /home/airflow/.local/lib/python3.10/site-packages/airflow/example_dags/example_sla_dag.py took 0.094 seconds
[2023-04-14T19:32:45.487+0000] {processor.py:153} INFO - Started process (PID=188) to work on /home/airflow/.local/lib/python3.10/site-packages/airflow/example_dags/example_sla_dag.py
[2023-04-14T19:32:45.488+0000] {processor.py:743} INFO - Processing file /home/airflow/.local/lib/python3.10/site-packages/airflow/example_dags/example_sla_dag.py for tasks to queue
[2023-04-14T19:32:45.488+0000] {logging_mixin.py:137} INFO - [2023-04-14T19:32:45.488+0000] {dagbag.py:532} INFO - Filling up the DagBag from /home/airflow/.local/lib/python3.10/site-packages/airflow/example_dags/example_sla_dag.py
[2023-04-14T19:32:45.504+0000] {processor.py:753} INFO - DAG(s) dict_keys(['example_sla_dag']) retrieved from /home/airflow/.local/lib/python3.10/site-packages/airflow/example_dags/example_sla_dag.py
[2023-04-14T19:32:45.520+0000] {logging_mixin.py:137} INFO - [2023-04-14T19:32:45.520+0000] {dag.py:2705} INFO - Sync 1 DAGs
[2023-04-14T19:32:45.535+0000] {logging_mixin.py:137} INFO - [2023-04-14T19:32:45.534+0000] {dag.py:3452} INFO - Setting next_dagrun for example_sla_dag to 2023-04-14T19:30:00+00:00, run_after=2023-04-14T19:32:00+00:00
[2023-04-14T19:32:45.545+0000] {processor.py:175} INFO - Processing /home/airflow/.local/lib/python3.10/site-packages/airflow/example_dags/example_sla_dag.py took 0.060 seconds
[2023-04-14T19:33:23.595+0000] {processor.py:153} INFO - Started process (PID=35) to work on /home/airflow/.local/lib/python3.10/site-packages/airflow/example_dags/example_sla_dag.py
[2023-04-14T19:33:23.595+0000] {processor.py:743} INFO - Processing file /home/airflow/.local/lib/python3.10/site-packages/airflow/example_dags/example_sla_dag.py for tasks to queue
[2023-04-14T19:33:23.596+0000] {logging_mixin.py:137} INFO - [2023-04-14T19:33:23.596+0000] {dagbag.py:532} INFO - Filling up the DagBag from /home/airflow/.local/lib/python3.10/site-packages/airflow/example_dags/example_sla_dag.py
[2023-04-14T19:33:23.619+0000] {processor.py:753} INFO - DAG(s) dict_keys(['example_sla_dag']) retrieved from /home/airflow/.local/lib/python3.10/site-packages/airflow/example_dags/example_sla_dag.py
[2023-04-14T19:33:23.630+0000] {logging_mixin.py:137} INFO - [2023-04-14T19:33:23.630+0000] {dag.py:2705} INFO - Sync 1 DAGs
[2023-04-14T19:33:23.651+0000] {logging_mixin.py:137} INFO - [2023-04-14T19:33:23.651+0000] {dag.py:3452} INFO - Setting next_dagrun for example_sla_dag to 2023-04-14T19:30:00+00:00, run_after=2023-04-14T19:32:00+00:00
[2023-04-14T19:33:23.661+0000] {processor.py:175} INFO - Processing /home/airflow/.local/lib/python3.10/site-packages/airflow/example_dags/example_sla_dag.py took 0.069 seconds
[2023-04-14T19:33:54.660+0000] {processor.py:153} INFO - Started process (PID=119) to work on /home/airflow/.local/lib/python3.10/site-packages/airflow/example_dags/example_sla_dag.py
[2023-04-14T19:33:54.661+0000] {processor.py:743} INFO - Processing file /home/airflow/.local/lib/python3.10/site-packages/airflow/example_dags/example_sla_dag.py for tasks to queue
[2023-04-14T19:33:54.661+0000] {logging_mixin.py:137} INFO - [2023-04-14T19:33:54.661+0000] {dagbag.py:532} INFO - Filling up the DagBag from /home/airflow/.local/lib/python3.10/site-packages/airflow/example_dags/example_sla_dag.py
[2023-04-14T19:33:54.680+0000] {processor.py:753} INFO - DAG(s) dict_keys(['example_sla_dag']) retrieved from /home/airflow/.local/lib/python3.10/site-packages/airflow/example_dags/example_sla_dag.py
[2023-04-14T19:33:54.695+0000] {logging_mixin.py:137} INFO - [2023-04-14T19:33:54.695+0000] {dag.py:2705} INFO - Sync 1 DAGs
[2023-04-14T19:33:54.711+0000] {logging_mixin.py:137} INFO - [2023-04-14T19:33:54.711+0000] {dag.py:3452} INFO - Setting next_dagrun for example_sla_dag to 2023-04-14T19:30:00+00:00, run_after=2023-04-14T19:32:00+00:00
[2023-04-14T19:33:54.720+0000] {processor.py:175} INFO - Processing /home/airflow/.local/lib/python3.10/site-packages/airflow/example_dags/example_sla_dag.py took 0.063 seconds
[2023-04-14T19:34:25.554+0000] {processor.py:153} INFO - Started process (PID=196) to work on /home/airflow/.local/lib/python3.10/site-packages/airflow/example_dags/example_sla_dag.py
[2023-04-14T19:34:25.554+0000] {processor.py:743} INFO - Processing file /home/airflow/.local/lib/python3.10/site-packages/airflow/example_dags/example_sla_dag.py for tasks to queue
[2023-04-14T19:34:25.555+0000] {logging_mixin.py:137} INFO - [2023-04-14T19:34:25.555+0000] {dagbag.py:532} INFO - Filling up the DagBag from /home/airflow/.local/lib/python3.10/site-packages/airflow/example_dags/example_sla_dag.py
[2023-04-14T19:34:25.572+0000] {processor.py:753} INFO - DAG(s) dict_keys(['example_sla_dag']) retrieved from /home/airflow/.local/lib/python3.10/site-packages/airflow/example_dags/example_sla_dag.py
[2023-04-14T19:34:25.592+0000] {logging_mixin.py:137} INFO - [2023-04-14T19:34:25.591+0000] {dag.py:2705} INFO - Sync 1 DAGs
[2023-04-14T19:34:25.608+0000] {logging_mixin.py:137} INFO - [2023-04-14T19:34:25.608+0000] {dag.py:3452} INFO - Setting next_dagrun for example_sla_dag to 2023-04-14T19:32:00+00:00, run_after=2023-04-14T19:34:00+00:00
[2023-04-14T19:34:25.620+0000] {processor.py:175} INFO - Processing /home/airflow/.local/lib/python3.10/site-packages/airflow/example_dags/example_sla_dag.py took 0.069 seconds
[2023-04-14T19:35:37.050+0000] {processor.py:153} INFO - Started process (PID=35) to work on /home/airflow/.local/lib/python3.10/site-packages/airflow/example_dags/example_sla_dag.py
[2023-04-14T19:35:37.051+0000] {processor.py:743} INFO - Processing file /home/airflow/.local/lib/python3.10/site-packages/airflow/example_dags/example_sla_dag.py for tasks to queue
[2023-04-14T19:35:37.051+0000] {logging_mixin.py:137} INFO - [2023-04-14T19:35:37.051+0000] {dagbag.py:532} INFO - Filling up the DagBag from /home/airflow/.local/lib/python3.10/site-packages/airflow/example_dags/example_sla_dag.py
[2023-04-14T19:35:37.070+0000] {processor.py:753} INFO - DAG(s) dict_keys(['example_sla_dag']) retrieved from /home/airflow/.local/lib/python3.10/site-packages/airflow/example_dags/example_sla_dag.py
[2023-04-14T19:35:37.079+0000] {logging_mixin.py:137} INFO - [2023-04-14T19:35:37.079+0000] {dag.py:2705} INFO - Sync 1 DAGs
[2023-04-14T19:35:37.096+0000] {logging_mixin.py:137} INFO - [2023-04-14T19:35:37.096+0000] {dag.py:3452} INFO - Setting next_dagrun for example_sla_dag to 2023-04-14T19:32:00+00:00, run_after=2023-04-14T19:34:00+00:00
[2023-04-14T19:35:37.106+0000] {processor.py:175} INFO - Processing /home/airflow/.local/lib/python3.10/site-packages/airflow/example_dags/example_sla_dag.py took 0.059 seconds
[2023-04-14T19:36:08.117+0000] {processor.py:153} INFO - Started process (PID=120) to work on /home/airflow/.local/lib/python3.10/site-packages/airflow/example_dags/example_sla_dag.py
[2023-04-14T19:36:08.118+0000] {processor.py:743} INFO - Processing file /home/airflow/.local/lib/python3.10/site-packages/airflow/example_dags/example_sla_dag.py for tasks to queue
[2023-04-14T19:36:08.119+0000] {logging_mixin.py:137} INFO - [2023-04-14T19:36:08.118+0000] {dagbag.py:532} INFO - Filling up the DagBag from /home/airflow/.local/lib/python3.10/site-packages/airflow/example_dags/example_sla_dag.py
[2023-04-14T19:36:08.139+0000] {processor.py:753} INFO - DAG(s) dict_keys(['example_sla_dag']) retrieved from /home/airflow/.local/lib/python3.10/site-packages/airflow/example_dags/example_sla_dag.py
[2023-04-14T19:36:08.154+0000] {logging_mixin.py:137} INFO - [2023-04-14T19:36:08.154+0000] {dag.py:2705} INFO - Sync 1 DAGs
[2023-04-14T19:36:08.169+0000] {logging_mixin.py:137} INFO - [2023-04-14T19:36:08.169+0000] {dag.py:3452} INFO - Setting next_dagrun for example_sla_dag to 2023-04-14T19:34:00+00:00, run_after=2023-04-14T19:36:00+00:00
[2023-04-14T19:36:08.179+0000] {processor.py:175} INFO - Processing /home/airflow/.local/lib/python3.10/site-packages/airflow/example_dags/example_sla_dag.py took 0.064 seconds
[2023-04-14T19:36:39.027+0000] {processor.py:153} INFO - Started process (PID=197) to work on /home/airflow/.local/lib/python3.10/site-packages/airflow/example_dags/example_sla_dag.py
[2023-04-14T19:36:39.028+0000] {processor.py:743} INFO - Processing file /home/airflow/.local/lib/python3.10/site-packages/airflow/example_dags/example_sla_dag.py for tasks to queue
[2023-04-14T19:36:39.030+0000] {logging_mixin.py:137} INFO - [2023-04-14T19:36:39.029+0000] {dagbag.py:532} INFO - Filling up the DagBag from /home/airflow/.local/lib/python3.10/site-packages/airflow/example_dags/example_sla_dag.py
[2023-04-14T19:36:39.046+0000] {processor.py:753} INFO - DAG(s) dict_keys(['example_sla_dag']) retrieved from /home/airflow/.local/lib/python3.10/site-packages/airflow/example_dags/example_sla_dag.py
[2023-04-14T19:36:39.062+0000] {logging_mixin.py:137} INFO - [2023-04-14T19:36:39.062+0000] {dag.py:2705} INFO - Sync 1 DAGs
[2023-04-14T19:36:39.078+0000] {logging_mixin.py:137} INFO - [2023-04-14T19:36:39.078+0000] {dag.py:3452} INFO - Setting next_dagrun for example_sla_dag to 2023-04-14T19:34:00+00:00, run_after=2023-04-14T19:36:00+00:00
[2023-04-14T19:36:39.090+0000] {processor.py:175} INFO - Processing /home/airflow/.local/lib/python3.10/site-packages/airflow/example_dags/example_sla_dag.py took 0.065 seconds
