[2023-04-14T19:13:18.144+0000] {processor.py:153} INFO - Started process (PID=55) to work on /home/airflow/.local/lib/python3.7/site-packages/airflow/example_dags/example_time_delta_sensor_async.py
[2023-04-14T19:13:18.145+0000] {processor.py:743} INFO - Processing file /home/airflow/.local/lib/python3.7/site-packages/airflow/example_dags/example_time_delta_sensor_async.py for tasks to queue
[2023-04-14T19:13:18.145+0000] {logging_mixin.py:137} INFO - [2023-04-14T19:13:18.145+0000] {dagbag.py:532} INFO - Filling up the DagBag from /home/airflow/.local/lib/python3.7/site-packages/airflow/example_dags/example_time_delta_sensor_async.py
[2023-04-14T19:13:18.157+0000] {processor.py:753} INFO - DAG(s) dict_keys(['example_time_delta_sensor_async']) retrieved from /home/airflow/.local/lib/python3.7/site-packages/airflow/example_dags/example_time_delta_sensor_async.py
[2023-04-14T19:13:18.168+0000] {logging_mixin.py:137} INFO - [2023-04-14T19:13:18.168+0000] {dag.py:2705} INFO - Sync 1 DAGs
[2023-04-14T19:13:18.195+0000] {logging_mixin.py:137} INFO - [2023-04-14T19:13:18.194+0000] {dag.py:3456} INFO - Setting next_dagrun for example_time_delta_sensor_async to None, run_after=None
[2023-04-14T19:13:18.214+0000] {processor.py:175} INFO - Processing /home/airflow/.local/lib/python3.7/site-packages/airflow/example_dags/example_time_delta_sensor_async.py took 0.072 seconds
[2023-04-14T19:13:49.147+0000] {processor.py:153} INFO - Started process (PID=145) to work on /home/airflow/.local/lib/python3.7/site-packages/airflow/example_dags/example_time_delta_sensor_async.py
[2023-04-14T19:13:49.148+0000] {processor.py:743} INFO - Processing file /home/airflow/.local/lib/python3.7/site-packages/airflow/example_dags/example_time_delta_sensor_async.py for tasks to queue
[2023-04-14T19:13:49.149+0000] {logging_mixin.py:137} INFO - [2023-04-14T19:13:49.148+0000] {dagbag.py:532} INFO - Filling up the DagBag from /home/airflow/.local/lib/python3.7/site-packages/airflow/example_dags/example_time_delta_sensor_async.py
[2023-04-14T19:13:49.158+0000] {processor.py:753} INFO - DAG(s) dict_keys(['example_time_delta_sensor_async']) retrieved from /home/airflow/.local/lib/python3.7/site-packages/airflow/example_dags/example_time_delta_sensor_async.py
[2023-04-14T19:13:49.179+0000] {logging_mixin.py:137} INFO - [2023-04-14T19:13:49.179+0000] {dag.py:2705} INFO - Sync 1 DAGs
[2023-04-14T19:13:49.198+0000] {logging_mixin.py:137} INFO - [2023-04-14T19:13:49.198+0000] {dag.py:3456} INFO - Setting next_dagrun for example_time_delta_sensor_async to None, run_after=None
[2023-04-14T19:13:49.212+0000] {processor.py:175} INFO - Processing /home/airflow/.local/lib/python3.7/site-packages/airflow/example_dags/example_time_delta_sensor_async.py took 0.068 seconds
[2023-04-14T19:14:19.410+0000] {processor.py:153} INFO - Started process (PID=236) to work on /home/airflow/.local/lib/python3.7/site-packages/airflow/example_dags/example_time_delta_sensor_async.py
[2023-04-14T19:14:19.411+0000] {processor.py:743} INFO - Processing file /home/airflow/.local/lib/python3.7/site-packages/airflow/example_dags/example_time_delta_sensor_async.py for tasks to queue
[2023-04-14T19:14:19.411+0000] {logging_mixin.py:137} INFO - [2023-04-14T19:14:19.411+0000] {dagbag.py:532} INFO - Filling up the DagBag from /home/airflow/.local/lib/python3.7/site-packages/airflow/example_dags/example_time_delta_sensor_async.py
[2023-04-14T19:14:19.422+0000] {processor.py:753} INFO - DAG(s) dict_keys(['example_time_delta_sensor_async']) retrieved from /home/airflow/.local/lib/python3.7/site-packages/airflow/example_dags/example_time_delta_sensor_async.py
[2023-04-14T19:14:19.441+0000] {logging_mixin.py:137} INFO - [2023-04-14T19:14:19.441+0000] {dag.py:2705} INFO - Sync 1 DAGs
[2023-04-14T19:14:19.458+0000] {logging_mixin.py:137} INFO - [2023-04-14T19:14:19.458+0000] {dag.py:3456} INFO - Setting next_dagrun for example_time_delta_sensor_async to None, run_after=None
[2023-04-14T19:14:19.470+0000] {processor.py:175} INFO - Processing /home/airflow/.local/lib/python3.7/site-packages/airflow/example_dags/example_time_delta_sensor_async.py took 0.062 seconds
[2023-04-14T19:14:49.587+0000] {processor.py:153} INFO - Started process (PID=311) to work on /home/airflow/.local/lib/python3.7/site-packages/airflow/example_dags/example_time_delta_sensor_async.py
[2023-04-14T19:14:49.588+0000] {processor.py:743} INFO - Processing file /home/airflow/.local/lib/python3.7/site-packages/airflow/example_dags/example_time_delta_sensor_async.py for tasks to queue
[2023-04-14T19:14:49.588+0000] {logging_mixin.py:137} INFO - [2023-04-14T19:14:49.588+0000] {dagbag.py:532} INFO - Filling up the DagBag from /home/airflow/.local/lib/python3.7/site-packages/airflow/example_dags/example_time_delta_sensor_async.py
[2023-04-14T19:14:49.598+0000] {processor.py:753} INFO - DAG(s) dict_keys(['example_time_delta_sensor_async']) retrieved from /home/airflow/.local/lib/python3.7/site-packages/airflow/example_dags/example_time_delta_sensor_async.py
[2023-04-14T19:14:49.617+0000] {logging_mixin.py:137} INFO - [2023-04-14T19:14:49.616+0000] {dag.py:2705} INFO - Sync 1 DAGs
[2023-04-14T19:14:49.635+0000] {logging_mixin.py:137} INFO - [2023-04-14T19:14:49.635+0000] {dag.py:3456} INFO - Setting next_dagrun for example_time_delta_sensor_async to None, run_after=None
[2023-04-14T19:14:49.648+0000] {processor.py:175} INFO - Processing /home/airflow/.local/lib/python3.7/site-packages/airflow/example_dags/example_time_delta_sensor_async.py took 0.063 seconds
[2023-04-14T19:15:19.790+0000] {processor.py:153} INFO - Started process (PID=402) to work on /home/airflow/.local/lib/python3.7/site-packages/airflow/example_dags/example_time_delta_sensor_async.py
[2023-04-14T19:15:19.790+0000] {processor.py:743} INFO - Processing file /home/airflow/.local/lib/python3.7/site-packages/airflow/example_dags/example_time_delta_sensor_async.py for tasks to queue
[2023-04-14T19:15:19.791+0000] {logging_mixin.py:137} INFO - [2023-04-14T19:15:19.791+0000] {dagbag.py:532} INFO - Filling up the DagBag from /home/airflow/.local/lib/python3.7/site-packages/airflow/example_dags/example_time_delta_sensor_async.py
[2023-04-14T19:15:19.800+0000] {processor.py:753} INFO - DAG(s) dict_keys(['example_time_delta_sensor_async']) retrieved from /home/airflow/.local/lib/python3.7/site-packages/airflow/example_dags/example_time_delta_sensor_async.py
[2023-04-14T19:15:19.820+0000] {logging_mixin.py:137} INFO - [2023-04-14T19:15:19.820+0000] {dag.py:2705} INFO - Sync 1 DAGs
[2023-04-14T19:15:19.838+0000] {logging_mixin.py:137} INFO - [2023-04-14T19:15:19.837+0000] {dag.py:3456} INFO - Setting next_dagrun for example_time_delta_sensor_async to None, run_after=None
[2023-04-14T19:15:19.850+0000] {processor.py:175} INFO - Processing /home/airflow/.local/lib/python3.7/site-packages/airflow/example_dags/example_time_delta_sensor_async.py took 0.063 seconds
[2023-04-14T19:17:35.416+0000] {processor.py:153} INFO - Started process (PID=55) to work on /home/airflow/.local/lib/python3.7/site-packages/airflow/example_dags/example_time_delta_sensor_async.py
[2023-04-14T19:17:35.417+0000] {processor.py:743} INFO - Processing file /home/airflow/.local/lib/python3.7/site-packages/airflow/example_dags/example_time_delta_sensor_async.py for tasks to queue
[2023-04-14T19:17:35.418+0000] {logging_mixin.py:137} INFO - [2023-04-14T19:17:35.417+0000] {dagbag.py:532} INFO - Filling up the DagBag from /home/airflow/.local/lib/python3.7/site-packages/airflow/example_dags/example_time_delta_sensor_async.py
[2023-04-14T19:17:35.432+0000] {processor.py:753} INFO - DAG(s) dict_keys(['example_time_delta_sensor_async']) retrieved from /home/airflow/.local/lib/python3.7/site-packages/airflow/example_dags/example_time_delta_sensor_async.py
[2023-04-14T19:17:35.448+0000] {logging_mixin.py:137} INFO - [2023-04-14T19:17:35.448+0000] {dag.py:2705} INFO - Sync 1 DAGs
[2023-04-14T19:17:35.476+0000] {logging_mixin.py:137} INFO - [2023-04-14T19:17:35.475+0000] {dag.py:3456} INFO - Setting next_dagrun for example_time_delta_sensor_async to None, run_after=None
[2023-04-14T19:17:35.503+0000] {processor.py:175} INFO - Processing /home/airflow/.local/lib/python3.7/site-packages/airflow/example_dags/example_time_delta_sensor_async.py took 0.090 seconds
[2023-04-14T19:18:06.009+0000] {processor.py:153} INFO - Started process (PID=147) to work on /home/airflow/.local/lib/python3.7/site-packages/airflow/example_dags/example_time_delta_sensor_async.py
[2023-04-14T19:18:06.010+0000] {processor.py:743} INFO - Processing file /home/airflow/.local/lib/python3.7/site-packages/airflow/example_dags/example_time_delta_sensor_async.py for tasks to queue
[2023-04-14T19:18:06.011+0000] {logging_mixin.py:137} INFO - [2023-04-14T19:18:06.011+0000] {dagbag.py:532} INFO - Filling up the DagBag from /home/airflow/.local/lib/python3.7/site-packages/airflow/example_dags/example_time_delta_sensor_async.py
[2023-04-14T19:18:06.020+0000] {processor.py:753} INFO - DAG(s) dict_keys(['example_time_delta_sensor_async']) retrieved from /home/airflow/.local/lib/python3.7/site-packages/airflow/example_dags/example_time_delta_sensor_async.py
[2023-04-14T19:18:06.041+0000] {logging_mixin.py:137} INFO - [2023-04-14T19:18:06.041+0000] {dag.py:2705} INFO - Sync 1 DAGs
[2023-04-14T19:18:06.059+0000] {logging_mixin.py:137} INFO - [2023-04-14T19:18:06.059+0000] {dag.py:3456} INFO - Setting next_dagrun for example_time_delta_sensor_async to None, run_after=None
[2023-04-14T19:18:06.072+0000] {processor.py:175} INFO - Processing /home/airflow/.local/lib/python3.7/site-packages/airflow/example_dags/example_time_delta_sensor_async.py took 0.065 seconds
[2023-04-14T19:18:36.478+0000] {processor.py:153} INFO - Started process (PID=238) to work on /home/airflow/.local/lib/python3.7/site-packages/airflow/example_dags/example_time_delta_sensor_async.py
[2023-04-14T19:18:36.479+0000] {processor.py:743} INFO - Processing file /home/airflow/.local/lib/python3.7/site-packages/airflow/example_dags/example_time_delta_sensor_async.py for tasks to queue
[2023-04-14T19:18:36.481+0000] {logging_mixin.py:137} INFO - [2023-04-14T19:18:36.480+0000] {dagbag.py:532} INFO - Filling up the DagBag from /home/airflow/.local/lib/python3.7/site-packages/airflow/example_dags/example_time_delta_sensor_async.py
[2023-04-14T19:18:36.491+0000] {processor.py:753} INFO - DAG(s) dict_keys(['example_time_delta_sensor_async']) retrieved from /home/airflow/.local/lib/python3.7/site-packages/airflow/example_dags/example_time_delta_sensor_async.py
[2023-04-14T19:18:36.525+0000] {logging_mixin.py:137} INFO - [2023-04-14T19:18:36.524+0000] {dag.py:2705} INFO - Sync 1 DAGs
[2023-04-14T19:18:36.553+0000] {logging_mixin.py:137} INFO - [2023-04-14T19:18:36.553+0000] {dag.py:3456} INFO - Setting next_dagrun for example_time_delta_sensor_async to None, run_after=None
[2023-04-14T19:18:36.568+0000] {processor.py:175} INFO - Processing /home/airflow/.local/lib/python3.7/site-packages/airflow/example_dags/example_time_delta_sensor_async.py took 0.093 seconds
[2023-04-14T19:19:06.871+0000] {processor.py:153} INFO - Started process (PID=313) to work on /home/airflow/.local/lib/python3.7/site-packages/airflow/example_dags/example_time_delta_sensor_async.py
[2023-04-14T19:19:06.872+0000] {processor.py:743} INFO - Processing file /home/airflow/.local/lib/python3.7/site-packages/airflow/example_dags/example_time_delta_sensor_async.py for tasks to queue
[2023-04-14T19:19:06.872+0000] {logging_mixin.py:137} INFO - [2023-04-14T19:19:06.872+0000] {dagbag.py:532} INFO - Filling up the DagBag from /home/airflow/.local/lib/python3.7/site-packages/airflow/example_dags/example_time_delta_sensor_async.py
[2023-04-14T19:19:06.882+0000] {processor.py:753} INFO - DAG(s) dict_keys(['example_time_delta_sensor_async']) retrieved from /home/airflow/.local/lib/python3.7/site-packages/airflow/example_dags/example_time_delta_sensor_async.py
[2023-04-14T19:19:06.906+0000] {logging_mixin.py:137} INFO - [2023-04-14T19:19:06.906+0000] {dag.py:2705} INFO - Sync 1 DAGs
[2023-04-14T19:19:06.932+0000] {logging_mixin.py:137} INFO - [2023-04-14T19:19:06.932+0000] {dag.py:3456} INFO - Setting next_dagrun for example_time_delta_sensor_async to None, run_after=None
[2023-04-14T19:19:06.948+0000] {processor.py:175} INFO - Processing /home/airflow/.local/lib/python3.7/site-packages/airflow/example_dags/example_time_delta_sensor_async.py took 0.080 seconds
[2023-04-14T19:19:37.180+0000] {processor.py:153} INFO - Started process (PID=406) to work on /home/airflow/.local/lib/python3.7/site-packages/airflow/example_dags/example_time_delta_sensor_async.py
[2023-04-14T19:19:37.181+0000] {processor.py:743} INFO - Processing file /home/airflow/.local/lib/python3.7/site-packages/airflow/example_dags/example_time_delta_sensor_async.py for tasks to queue
[2023-04-14T19:19:37.182+0000] {logging_mixin.py:137} INFO - [2023-04-14T19:19:37.182+0000] {dagbag.py:532} INFO - Filling up the DagBag from /home/airflow/.local/lib/python3.7/site-packages/airflow/example_dags/example_time_delta_sensor_async.py
[2023-04-14T19:19:37.198+0000] {processor.py:753} INFO - DAG(s) dict_keys(['example_time_delta_sensor_async']) retrieved from /home/airflow/.local/lib/python3.7/site-packages/airflow/example_dags/example_time_delta_sensor_async.py
[2023-04-14T19:19:37.226+0000] {logging_mixin.py:137} INFO - [2023-04-14T19:19:37.226+0000] {dag.py:2705} INFO - Sync 1 DAGs
[2023-04-14T19:19:37.250+0000] {logging_mixin.py:137} INFO - [2023-04-14T19:19:37.250+0000] {dag.py:3456} INFO - Setting next_dagrun for example_time_delta_sensor_async to None, run_after=None
[2023-04-14T19:19:37.268+0000] {processor.py:175} INFO - Processing /home/airflow/.local/lib/python3.7/site-packages/airflow/example_dags/example_time_delta_sensor_async.py took 0.093 seconds
[2023-04-14T19:20:07.648+0000] {processor.py:153} INFO - Started process (PID=491) to work on /home/airflow/.local/lib/python3.7/site-packages/airflow/example_dags/example_time_delta_sensor_async.py
[2023-04-14T19:20:07.648+0000] {processor.py:743} INFO - Processing file /home/airflow/.local/lib/python3.7/site-packages/airflow/example_dags/example_time_delta_sensor_async.py for tasks to queue
[2023-04-14T19:20:07.649+0000] {logging_mixin.py:137} INFO - [2023-04-14T19:20:07.649+0000] {dagbag.py:532} INFO - Filling up the DagBag from /home/airflow/.local/lib/python3.7/site-packages/airflow/example_dags/example_time_delta_sensor_async.py
[2023-04-14T19:20:07.659+0000] {processor.py:753} INFO - DAG(s) dict_keys(['example_time_delta_sensor_async']) retrieved from /home/airflow/.local/lib/python3.7/site-packages/airflow/example_dags/example_time_delta_sensor_async.py
[2023-04-14T19:20:07.679+0000] {logging_mixin.py:137} INFO - [2023-04-14T19:20:07.679+0000] {dag.py:2705} INFO - Sync 1 DAGs
[2023-04-14T19:20:07.699+0000] {logging_mixin.py:137} INFO - [2023-04-14T19:20:07.699+0000] {dag.py:3456} INFO - Setting next_dagrun for example_time_delta_sensor_async to None, run_after=None
[2023-04-14T19:20:07.715+0000] {processor.py:175} INFO - Processing /home/airflow/.local/lib/python3.7/site-packages/airflow/example_dags/example_time_delta_sensor_async.py took 0.070 seconds
[2023-04-14T19:20:37.937+0000] {processor.py:153} INFO - Started process (PID=573) to work on /home/airflow/.local/lib/python3.7/site-packages/airflow/example_dags/example_time_delta_sensor_async.py
[2023-04-14T19:20:37.938+0000] {processor.py:743} INFO - Processing file /home/airflow/.local/lib/python3.7/site-packages/airflow/example_dags/example_time_delta_sensor_async.py for tasks to queue
[2023-04-14T19:20:37.938+0000] {logging_mixin.py:137} INFO - [2023-04-14T19:20:37.938+0000] {dagbag.py:532} INFO - Filling up the DagBag from /home/airflow/.local/lib/python3.7/site-packages/airflow/example_dags/example_time_delta_sensor_async.py
[2023-04-14T19:20:37.949+0000] {processor.py:753} INFO - DAG(s) dict_keys(['example_time_delta_sensor_async']) retrieved from /home/airflow/.local/lib/python3.7/site-packages/airflow/example_dags/example_time_delta_sensor_async.py
[2023-04-14T19:20:37.971+0000] {logging_mixin.py:137} INFO - [2023-04-14T19:20:37.971+0000] {dag.py:2705} INFO - Sync 1 DAGs
[2023-04-14T19:20:37.991+0000] {logging_mixin.py:137} INFO - [2023-04-14T19:20:37.990+0000] {dag.py:3456} INFO - Setting next_dagrun for example_time_delta_sensor_async to None, run_after=None
[2023-04-14T19:20:38.005+0000] {processor.py:175} INFO - Processing /home/airflow/.local/lib/python3.7/site-packages/airflow/example_dags/example_time_delta_sensor_async.py took 0.071 seconds
[2023-04-14T19:21:08.320+0000] {processor.py:153} INFO - Started process (PID=664) to work on /home/airflow/.local/lib/python3.7/site-packages/airflow/example_dags/example_time_delta_sensor_async.py
[2023-04-14T19:21:08.321+0000] {processor.py:743} INFO - Processing file /home/airflow/.local/lib/python3.7/site-packages/airflow/example_dags/example_time_delta_sensor_async.py for tasks to queue
[2023-04-14T19:21:08.321+0000] {logging_mixin.py:137} INFO - [2023-04-14T19:21:08.321+0000] {dagbag.py:532} INFO - Filling up the DagBag from /home/airflow/.local/lib/python3.7/site-packages/airflow/example_dags/example_time_delta_sensor_async.py
[2023-04-14T19:21:08.330+0000] {processor.py:753} INFO - DAG(s) dict_keys(['example_time_delta_sensor_async']) retrieved from /home/airflow/.local/lib/python3.7/site-packages/airflow/example_dags/example_time_delta_sensor_async.py
[2023-04-14T19:21:08.348+0000] {logging_mixin.py:137} INFO - [2023-04-14T19:21:08.348+0000] {dag.py:2705} INFO - Sync 1 DAGs
[2023-04-14T19:21:08.364+0000] {logging_mixin.py:137} INFO - [2023-04-14T19:21:08.364+0000] {dag.py:3456} INFO - Setting next_dagrun for example_time_delta_sensor_async to None, run_after=None
[2023-04-14T19:21:08.377+0000] {processor.py:175} INFO - Processing /home/airflow/.local/lib/python3.7/site-packages/airflow/example_dags/example_time_delta_sensor_async.py took 0.060 seconds
[2023-04-14T19:21:38.475+0000] {processor.py:153} INFO - Started process (PID=739) to work on /home/airflow/.local/lib/python3.7/site-packages/airflow/example_dags/example_time_delta_sensor_async.py
[2023-04-14T19:21:38.475+0000] {processor.py:743} INFO - Processing file /home/airflow/.local/lib/python3.7/site-packages/airflow/example_dags/example_time_delta_sensor_async.py for tasks to queue
[2023-04-14T19:21:38.476+0000] {logging_mixin.py:137} INFO - [2023-04-14T19:21:38.476+0000] {dagbag.py:532} INFO - Filling up the DagBag from /home/airflow/.local/lib/python3.7/site-packages/airflow/example_dags/example_time_delta_sensor_async.py
[2023-04-14T19:21:38.486+0000] {processor.py:753} INFO - DAG(s) dict_keys(['example_time_delta_sensor_async']) retrieved from /home/airflow/.local/lib/python3.7/site-packages/airflow/example_dags/example_time_delta_sensor_async.py
[2023-04-14T19:21:38.504+0000] {logging_mixin.py:137} INFO - [2023-04-14T19:21:38.504+0000] {dag.py:2705} INFO - Sync 1 DAGs
[2023-04-14T19:21:38.521+0000] {logging_mixin.py:137} INFO - [2023-04-14T19:21:38.521+0000] {dag.py:3456} INFO - Setting next_dagrun for example_time_delta_sensor_async to None, run_after=None
[2023-04-14T19:21:38.532+0000] {processor.py:175} INFO - Processing /home/airflow/.local/lib/python3.7/site-packages/airflow/example_dags/example_time_delta_sensor_async.py took 0.061 seconds
[2023-04-14T19:22:08.588+0000] {processor.py:153} INFO - Started process (PID=830) to work on /home/airflow/.local/lib/python3.7/site-packages/airflow/example_dags/example_time_delta_sensor_async.py
[2023-04-14T19:22:08.589+0000] {processor.py:743} INFO - Processing file /home/airflow/.local/lib/python3.7/site-packages/airflow/example_dags/example_time_delta_sensor_async.py for tasks to queue
[2023-04-14T19:22:08.590+0000] {logging_mixin.py:137} INFO - [2023-04-14T19:22:08.590+0000] {dagbag.py:532} INFO - Filling up the DagBag from /home/airflow/.local/lib/python3.7/site-packages/airflow/example_dags/example_time_delta_sensor_async.py
[2023-04-14T19:22:08.600+0000] {processor.py:753} INFO - DAG(s) dict_keys(['example_time_delta_sensor_async']) retrieved from /home/airflow/.local/lib/python3.7/site-packages/airflow/example_dags/example_time_delta_sensor_async.py
[2023-04-14T19:22:08.621+0000] {logging_mixin.py:137} INFO - [2023-04-14T19:22:08.621+0000] {dag.py:2705} INFO - Sync 1 DAGs
[2023-04-14T19:22:08.641+0000] {logging_mixin.py:137} INFO - [2023-04-14T19:22:08.641+0000] {dag.py:3456} INFO - Setting next_dagrun for example_time_delta_sensor_async to None, run_after=None
[2023-04-14T19:22:08.655+0000] {processor.py:175} INFO - Processing /home/airflow/.local/lib/python3.7/site-packages/airflow/example_dags/example_time_delta_sensor_async.py took 0.069 seconds
[2023-04-14T19:22:38.951+0000] {processor.py:153} INFO - Started process (PID=921) to work on /home/airflow/.local/lib/python3.7/site-packages/airflow/example_dags/example_time_delta_sensor_async.py
[2023-04-14T19:22:38.954+0000] {processor.py:743} INFO - Processing file /home/airflow/.local/lib/python3.7/site-packages/airflow/example_dags/example_time_delta_sensor_async.py for tasks to queue
[2023-04-14T19:22:38.955+0000] {logging_mixin.py:137} INFO - [2023-04-14T19:22:38.955+0000] {dagbag.py:532} INFO - Filling up the DagBag from /home/airflow/.local/lib/python3.7/site-packages/airflow/example_dags/example_time_delta_sensor_async.py
[2023-04-14T19:22:38.968+0000] {processor.py:753} INFO - DAG(s) dict_keys(['example_time_delta_sensor_async']) retrieved from /home/airflow/.local/lib/python3.7/site-packages/airflow/example_dags/example_time_delta_sensor_async.py
[2023-04-14T19:22:38.998+0000] {logging_mixin.py:137} INFO - [2023-04-14T19:22:38.998+0000] {dag.py:2705} INFO - Sync 1 DAGs
[2023-04-14T19:22:39.022+0000] {logging_mixin.py:137} INFO - [2023-04-14T19:22:39.022+0000] {dag.py:3456} INFO - Setting next_dagrun for example_time_delta_sensor_async to None, run_after=None
[2023-04-14T19:22:39.049+0000] {processor.py:175} INFO - Processing /home/airflow/.local/lib/python3.7/site-packages/airflow/example_dags/example_time_delta_sensor_async.py took 0.102 seconds
[2023-04-14T19:23:09.535+0000] {processor.py:153} INFO - Started process (PID=996) to work on /home/airflow/.local/lib/python3.7/site-packages/airflow/example_dags/example_time_delta_sensor_async.py
[2023-04-14T19:23:09.535+0000] {processor.py:743} INFO - Processing file /home/airflow/.local/lib/python3.7/site-packages/airflow/example_dags/example_time_delta_sensor_async.py for tasks to queue
[2023-04-14T19:23:09.536+0000] {logging_mixin.py:137} INFO - [2023-04-14T19:23:09.536+0000] {dagbag.py:532} INFO - Filling up the DagBag from /home/airflow/.local/lib/python3.7/site-packages/airflow/example_dags/example_time_delta_sensor_async.py
[2023-04-14T19:23:09.545+0000] {processor.py:753} INFO - DAG(s) dict_keys(['example_time_delta_sensor_async']) retrieved from /home/airflow/.local/lib/python3.7/site-packages/airflow/example_dags/example_time_delta_sensor_async.py
[2023-04-14T19:23:09.563+0000] {logging_mixin.py:137} INFO - [2023-04-14T19:23:09.563+0000] {dag.py:2705} INFO - Sync 1 DAGs
[2023-04-14T19:23:09.580+0000] {logging_mixin.py:137} INFO - [2023-04-14T19:23:09.580+0000] {dag.py:3456} INFO - Setting next_dagrun for example_time_delta_sensor_async to None, run_after=None
[2023-04-14T19:23:09.592+0000] {processor.py:175} INFO - Processing /home/airflow/.local/lib/python3.7/site-packages/airflow/example_dags/example_time_delta_sensor_async.py took 0.060 seconds
[2023-04-14T19:23:39.677+0000] {processor.py:153} INFO - Started process (PID=1087) to work on /home/airflow/.local/lib/python3.7/site-packages/airflow/example_dags/example_time_delta_sensor_async.py
[2023-04-14T19:23:39.679+0000] {processor.py:743} INFO - Processing file /home/airflow/.local/lib/python3.7/site-packages/airflow/example_dags/example_time_delta_sensor_async.py for tasks to queue
[2023-04-14T19:23:39.682+0000] {logging_mixin.py:137} INFO - [2023-04-14T19:23:39.681+0000] {dagbag.py:532} INFO - Filling up the DagBag from /home/airflow/.local/lib/python3.7/site-packages/airflow/example_dags/example_time_delta_sensor_async.py
[2023-04-14T19:23:39.692+0000] {processor.py:753} INFO - DAG(s) dict_keys(['example_time_delta_sensor_async']) retrieved from /home/airflow/.local/lib/python3.7/site-packages/airflow/example_dags/example_time_delta_sensor_async.py
[2023-04-14T19:23:39.715+0000] {logging_mixin.py:137} INFO - [2023-04-14T19:23:39.714+0000] {dag.py:2705} INFO - Sync 1 DAGs
[2023-04-14T19:23:39.732+0000] {logging_mixin.py:137} INFO - [2023-04-14T19:23:39.731+0000] {dag.py:3456} INFO - Setting next_dagrun for example_time_delta_sensor_async to None, run_after=None
[2023-04-14T19:23:39.743+0000] {processor.py:175} INFO - Processing /home/airflow/.local/lib/python3.7/site-packages/airflow/example_dags/example_time_delta_sensor_async.py took 0.069 seconds
[2023-04-14T19:24:09.850+0000] {processor.py:153} INFO - Started process (PID=1178) to work on /home/airflow/.local/lib/python3.7/site-packages/airflow/example_dags/example_time_delta_sensor_async.py
[2023-04-14T19:24:09.851+0000] {processor.py:743} INFO - Processing file /home/airflow/.local/lib/python3.7/site-packages/airflow/example_dags/example_time_delta_sensor_async.py for tasks to queue
[2023-04-14T19:24:09.852+0000] {logging_mixin.py:137} INFO - [2023-04-14T19:24:09.852+0000] {dagbag.py:532} INFO - Filling up the DagBag from /home/airflow/.local/lib/python3.7/site-packages/airflow/example_dags/example_time_delta_sensor_async.py
[2023-04-14T19:24:09.864+0000] {processor.py:753} INFO - DAG(s) dict_keys(['example_time_delta_sensor_async']) retrieved from /home/airflow/.local/lib/python3.7/site-packages/airflow/example_dags/example_time_delta_sensor_async.py
[2023-04-14T19:24:09.889+0000] {logging_mixin.py:137} INFO - [2023-04-14T19:24:09.889+0000] {dag.py:2705} INFO - Sync 1 DAGs
[2023-04-14T19:24:09.908+0000] {logging_mixin.py:137} INFO - [2023-04-14T19:24:09.908+0000] {dag.py:3456} INFO - Setting next_dagrun for example_time_delta_sensor_async to None, run_after=None
[2023-04-14T19:24:09.927+0000] {processor.py:175} INFO - Processing /home/airflow/.local/lib/python3.7/site-packages/airflow/example_dags/example_time_delta_sensor_async.py took 0.080 seconds
[2023-04-14T19:26:09.396+0000] {processor.py:153} INFO - Started process (PID=55) to work on /home/airflow/.local/lib/python3.7/site-packages/airflow/example_dags/example_time_delta_sensor_async.py
[2023-04-14T19:26:09.397+0000] {processor.py:743} INFO - Processing file /home/airflow/.local/lib/python3.7/site-packages/airflow/example_dags/example_time_delta_sensor_async.py for tasks to queue
[2023-04-14T19:26:09.398+0000] {logging_mixin.py:137} INFO - [2023-04-14T19:26:09.398+0000] {dagbag.py:532} INFO - Filling up the DagBag from /home/airflow/.local/lib/python3.7/site-packages/airflow/example_dags/example_time_delta_sensor_async.py
[2023-04-14T19:26:09.416+0000] {processor.py:753} INFO - DAG(s) dict_keys(['example_time_delta_sensor_async']) retrieved from /home/airflow/.local/lib/python3.7/site-packages/airflow/example_dags/example_time_delta_sensor_async.py
[2023-04-14T19:26:09.428+0000] {logging_mixin.py:137} INFO - [2023-04-14T19:26:09.428+0000] {dag.py:2705} INFO - Sync 1 DAGs
[2023-04-14T19:26:09.451+0000] {logging_mixin.py:137} INFO - [2023-04-14T19:26:09.451+0000] {dag.py:3456} INFO - Setting next_dagrun for example_time_delta_sensor_async to None, run_after=None
[2023-04-14T19:26:09.470+0000] {processor.py:175} INFO - Processing /home/airflow/.local/lib/python3.7/site-packages/airflow/example_dags/example_time_delta_sensor_async.py took 0.078 seconds
[2023-04-14T19:26:39.582+0000] {processor.py:153} INFO - Started process (PID=146) to work on /home/airflow/.local/lib/python3.7/site-packages/airflow/example_dags/example_time_delta_sensor_async.py
[2023-04-14T19:26:39.583+0000] {processor.py:743} INFO - Processing file /home/airflow/.local/lib/python3.7/site-packages/airflow/example_dags/example_time_delta_sensor_async.py for tasks to queue
[2023-04-14T19:26:39.584+0000] {logging_mixin.py:137} INFO - [2023-04-14T19:26:39.584+0000] {dagbag.py:532} INFO - Filling up the DagBag from /home/airflow/.local/lib/python3.7/site-packages/airflow/example_dags/example_time_delta_sensor_async.py
[2023-04-14T19:26:39.595+0000] {processor.py:753} INFO - DAG(s) dict_keys(['example_time_delta_sensor_async']) retrieved from /home/airflow/.local/lib/python3.7/site-packages/airflow/example_dags/example_time_delta_sensor_async.py
[2023-04-14T19:26:39.616+0000] {logging_mixin.py:137} INFO - [2023-04-14T19:26:39.616+0000] {dag.py:2705} INFO - Sync 1 DAGs
[2023-04-14T19:26:39.632+0000] {logging_mixin.py:137} INFO - [2023-04-14T19:26:39.632+0000] {dag.py:3456} INFO - Setting next_dagrun for example_time_delta_sensor_async to None, run_after=None
[2023-04-14T19:26:39.644+0000] {processor.py:175} INFO - Processing /home/airflow/.local/lib/python3.7/site-packages/airflow/example_dags/example_time_delta_sensor_async.py took 0.064 seconds
[2023-04-14T19:27:10.072+0000] {processor.py:153} INFO - Started process (PID=237) to work on /home/airflow/.local/lib/python3.7/site-packages/airflow/example_dags/example_time_delta_sensor_async.py
[2023-04-14T19:27:10.073+0000] {processor.py:743} INFO - Processing file /home/airflow/.local/lib/python3.7/site-packages/airflow/example_dags/example_time_delta_sensor_async.py for tasks to queue
[2023-04-14T19:27:10.073+0000] {logging_mixin.py:137} INFO - [2023-04-14T19:27:10.073+0000] {dagbag.py:532} INFO - Filling up the DagBag from /home/airflow/.local/lib/python3.7/site-packages/airflow/example_dags/example_time_delta_sensor_async.py
[2023-04-14T19:27:10.083+0000] {processor.py:753} INFO - DAG(s) dict_keys(['example_time_delta_sensor_async']) retrieved from /home/airflow/.local/lib/python3.7/site-packages/airflow/example_dags/example_time_delta_sensor_async.py
[2023-04-14T19:27:10.105+0000] {logging_mixin.py:137} INFO - [2023-04-14T19:27:10.105+0000] {dag.py:2705} INFO - Sync 1 DAGs
[2023-04-14T19:27:10.121+0000] {logging_mixin.py:137} INFO - [2023-04-14T19:27:10.121+0000] {dag.py:3456} INFO - Setting next_dagrun for example_time_delta_sensor_async to None, run_after=None
[2023-04-14T19:27:10.133+0000] {processor.py:175} INFO - Processing /home/airflow/.local/lib/python3.7/site-packages/airflow/example_dags/example_time_delta_sensor_async.py took 0.064 seconds
[2023-04-14T19:31:44.974+0000] {processor.py:153} INFO - Started process (PID=46) to work on /home/airflow/.local/lib/python3.10/site-packages/airflow/example_dags/example_time_delta_sensor_async.py
[2023-04-14T19:31:44.975+0000] {processor.py:743} INFO - Processing file /home/airflow/.local/lib/python3.10/site-packages/airflow/example_dags/example_time_delta_sensor_async.py for tasks to queue
[2023-04-14T19:31:44.976+0000] {logging_mixin.py:137} INFO - [2023-04-14T19:31:44.976+0000] {dagbag.py:532} INFO - Filling up the DagBag from /home/airflow/.local/lib/python3.10/site-packages/airflow/example_dags/example_time_delta_sensor_async.py
[2023-04-14T19:31:44.989+0000] {processor.py:753} INFO - DAG(s) dict_keys(['example_time_delta_sensor_async']) retrieved from /home/airflow/.local/lib/python3.10/site-packages/airflow/example_dags/example_time_delta_sensor_async.py
[2023-04-14T19:31:45.001+0000] {logging_mixin.py:137} INFO - [2023-04-14T19:31:45.001+0000] {dag.py:2705} INFO - Sync 1 DAGs
[2023-04-14T19:31:45.021+0000] {logging_mixin.py:137} INFO - [2023-04-14T19:31:45.021+0000] {dag.py:3452} INFO - Setting next_dagrun for example_time_delta_sensor_async to None, run_after=None
[2023-04-14T19:31:45.034+0000] {processor.py:175} INFO - Processing /home/airflow/.local/lib/python3.10/site-packages/airflow/example_dags/example_time_delta_sensor_async.py took 0.062 seconds
[2023-04-14T19:32:15.936+0000] {processor.py:153} INFO - Started process (PID=130) to work on /home/airflow/.local/lib/python3.10/site-packages/airflow/example_dags/example_time_delta_sensor_async.py
[2023-04-14T19:32:15.937+0000] {processor.py:743} INFO - Processing file /home/airflow/.local/lib/python3.10/site-packages/airflow/example_dags/example_time_delta_sensor_async.py for tasks to queue
[2023-04-14T19:32:15.937+0000] {logging_mixin.py:137} INFO - [2023-04-14T19:32:15.937+0000] {dagbag.py:532} INFO - Filling up the DagBag from /home/airflow/.local/lib/python3.10/site-packages/airflow/example_dags/example_time_delta_sensor_async.py
[2023-04-14T19:32:15.947+0000] {processor.py:753} INFO - DAG(s) dict_keys(['example_time_delta_sensor_async']) retrieved from /home/airflow/.local/lib/python3.10/site-packages/airflow/example_dags/example_time_delta_sensor_async.py
[2023-04-14T19:32:15.967+0000] {logging_mixin.py:137} INFO - [2023-04-14T19:32:15.967+0000] {dag.py:2705} INFO - Sync 1 DAGs
[2023-04-14T19:32:15.983+0000] {logging_mixin.py:137} INFO - [2023-04-14T19:32:15.983+0000] {dag.py:3452} INFO - Setting next_dagrun for example_time_delta_sensor_async to None, run_after=None
[2023-04-14T19:32:15.994+0000] {processor.py:175} INFO - Processing /home/airflow/.local/lib/python3.10/site-packages/airflow/example_dags/example_time_delta_sensor_async.py took 0.061 seconds
[2023-04-14T19:32:46.040+0000] {processor.py:153} INFO - Started process (PID=200) to work on /home/airflow/.local/lib/python3.10/site-packages/airflow/example_dags/example_time_delta_sensor_async.py
[2023-04-14T19:32:46.041+0000] {processor.py:743} INFO - Processing file /home/airflow/.local/lib/python3.10/site-packages/airflow/example_dags/example_time_delta_sensor_async.py for tasks to queue
[2023-04-14T19:32:46.041+0000] {logging_mixin.py:137} INFO - [2023-04-14T19:32:46.041+0000] {dagbag.py:532} INFO - Filling up the DagBag from /home/airflow/.local/lib/python3.10/site-packages/airflow/example_dags/example_time_delta_sensor_async.py
[2023-04-14T19:32:46.050+0000] {processor.py:753} INFO - DAG(s) dict_keys(['example_time_delta_sensor_async']) retrieved from /home/airflow/.local/lib/python3.10/site-packages/airflow/example_dags/example_time_delta_sensor_async.py
[2023-04-14T19:32:46.068+0000] {logging_mixin.py:137} INFO - [2023-04-14T19:32:46.068+0000] {dag.py:2705} INFO - Sync 1 DAGs
[2023-04-14T19:32:46.083+0000] {logging_mixin.py:137} INFO - [2023-04-14T19:32:46.083+0000] {dag.py:3452} INFO - Setting next_dagrun for example_time_delta_sensor_async to None, run_after=None
[2023-04-14T19:32:46.094+0000] {processor.py:175} INFO - Processing /home/airflow/.local/lib/python3.10/site-packages/airflow/example_dags/example_time_delta_sensor_async.py took 0.057 seconds
[2023-04-14T19:33:24.169+0000] {processor.py:153} INFO - Started process (PID=47) to work on /home/airflow/.local/lib/python3.10/site-packages/airflow/example_dags/example_time_delta_sensor_async.py
[2023-04-14T19:33:24.169+0000] {processor.py:743} INFO - Processing file /home/airflow/.local/lib/python3.10/site-packages/airflow/example_dags/example_time_delta_sensor_async.py for tasks to queue
[2023-04-14T19:33:24.170+0000] {logging_mixin.py:137} INFO - [2023-04-14T19:33:24.170+0000] {dagbag.py:532} INFO - Filling up the DagBag from /home/airflow/.local/lib/python3.10/site-packages/airflow/example_dags/example_time_delta_sensor_async.py
[2023-04-14T19:33:24.180+0000] {processor.py:753} INFO - DAG(s) dict_keys(['example_time_delta_sensor_async']) retrieved from /home/airflow/.local/lib/python3.10/site-packages/airflow/example_dags/example_time_delta_sensor_async.py
[2023-04-14T19:33:24.190+0000] {logging_mixin.py:137} INFO - [2023-04-14T19:33:24.190+0000] {dag.py:2705} INFO - Sync 1 DAGs
[2023-04-14T19:33:24.208+0000] {logging_mixin.py:137} INFO - [2023-04-14T19:33:24.208+0000] {dag.py:3452} INFO - Setting next_dagrun for example_time_delta_sensor_async to None, run_after=None
[2023-04-14T19:33:24.219+0000] {processor.py:175} INFO - Processing /home/airflow/.local/lib/python3.10/site-packages/airflow/example_dags/example_time_delta_sensor_async.py took 0.053 seconds
[2023-04-14T19:33:55.161+0000] {processor.py:153} INFO - Started process (PID=131) to work on /home/airflow/.local/lib/python3.10/site-packages/airflow/example_dags/example_time_delta_sensor_async.py
[2023-04-14T19:33:55.162+0000] {processor.py:743} INFO - Processing file /home/airflow/.local/lib/python3.10/site-packages/airflow/example_dags/example_time_delta_sensor_async.py for tasks to queue
[2023-04-14T19:33:55.162+0000] {logging_mixin.py:137} INFO - [2023-04-14T19:33:55.162+0000] {dagbag.py:532} INFO - Filling up the DagBag from /home/airflow/.local/lib/python3.10/site-packages/airflow/example_dags/example_time_delta_sensor_async.py
[2023-04-14T19:33:55.173+0000] {processor.py:753} INFO - DAG(s) dict_keys(['example_time_delta_sensor_async']) retrieved from /home/airflow/.local/lib/python3.10/site-packages/airflow/example_dags/example_time_delta_sensor_async.py
[2023-04-14T19:33:55.197+0000] {logging_mixin.py:137} INFO - [2023-04-14T19:33:55.197+0000] {dag.py:2705} INFO - Sync 1 DAGs
[2023-04-14T19:33:55.211+0000] {logging_mixin.py:137} INFO - [2023-04-14T19:33:55.211+0000] {dag.py:3452} INFO - Setting next_dagrun for example_time_delta_sensor_async to None, run_after=None
[2023-04-14T19:33:55.223+0000] {processor.py:175} INFO - Processing /home/airflow/.local/lib/python3.10/site-packages/airflow/example_dags/example_time_delta_sensor_async.py took 0.065 seconds
[2023-04-14T19:34:26.114+0000] {processor.py:153} INFO - Started process (PID=215) to work on /home/airflow/.local/lib/python3.10/site-packages/airflow/example_dags/example_time_delta_sensor_async.py
[2023-04-14T19:34:26.115+0000] {processor.py:743} INFO - Processing file /home/airflow/.local/lib/python3.10/site-packages/airflow/example_dags/example_time_delta_sensor_async.py for tasks to queue
[2023-04-14T19:34:26.116+0000] {logging_mixin.py:137} INFO - [2023-04-14T19:34:26.116+0000] {dagbag.py:532} INFO - Filling up the DagBag from /home/airflow/.local/lib/python3.10/site-packages/airflow/example_dags/example_time_delta_sensor_async.py
[2023-04-14T19:34:26.126+0000] {processor.py:753} INFO - DAG(s) dict_keys(['example_time_delta_sensor_async']) retrieved from /home/airflow/.local/lib/python3.10/site-packages/airflow/example_dags/example_time_delta_sensor_async.py
[2023-04-14T19:34:26.147+0000] {logging_mixin.py:137} INFO - [2023-04-14T19:34:26.146+0000] {dag.py:2705} INFO - Sync 1 DAGs
[2023-04-14T19:34:26.166+0000] {logging_mixin.py:137} INFO - [2023-04-14T19:34:26.166+0000] {dag.py:3452} INFO - Setting next_dagrun for example_time_delta_sensor_async to None, run_after=None
[2023-04-14T19:34:26.180+0000] {processor.py:175} INFO - Processing /home/airflow/.local/lib/python3.10/site-packages/airflow/example_dags/example_time_delta_sensor_async.py took 0.068 seconds
[2023-04-14T19:35:37.507+0000] {processor.py:153} INFO - Started process (PID=47) to work on /home/airflow/.local/lib/python3.10/site-packages/airflow/example_dags/example_time_delta_sensor_async.py
[2023-04-14T19:35:37.507+0000] {processor.py:743} INFO - Processing file /home/airflow/.local/lib/python3.10/site-packages/airflow/example_dags/example_time_delta_sensor_async.py for tasks to queue
[2023-04-14T19:35:37.508+0000] {logging_mixin.py:137} INFO - [2023-04-14T19:35:37.508+0000] {dagbag.py:532} INFO - Filling up the DagBag from /home/airflow/.local/lib/python3.10/site-packages/airflow/example_dags/example_time_delta_sensor_async.py
[2023-04-14T19:35:37.518+0000] {processor.py:753} INFO - DAG(s) dict_keys(['example_time_delta_sensor_async']) retrieved from /home/airflow/.local/lib/python3.10/site-packages/airflow/example_dags/example_time_delta_sensor_async.py
[2023-04-14T19:35:37.527+0000] {logging_mixin.py:137} INFO - [2023-04-14T19:35:37.527+0000] {dag.py:2705} INFO - Sync 1 DAGs
[2023-04-14T19:35:37.543+0000] {logging_mixin.py:137} INFO - [2023-04-14T19:35:37.543+0000] {dag.py:3452} INFO - Setting next_dagrun for example_time_delta_sensor_async to None, run_after=None
[2023-04-14T19:35:37.555+0000] {processor.py:175} INFO - Processing /home/airflow/.local/lib/python3.10/site-packages/airflow/example_dags/example_time_delta_sensor_async.py took 0.052 seconds
[2023-04-14T19:36:08.643+0000] {processor.py:153} INFO - Started process (PID=132) to work on /home/airflow/.local/lib/python3.10/site-packages/airflow/example_dags/example_time_delta_sensor_async.py
[2023-04-14T19:36:08.643+0000] {processor.py:743} INFO - Processing file /home/airflow/.local/lib/python3.10/site-packages/airflow/example_dags/example_time_delta_sensor_async.py for tasks to queue
[2023-04-14T19:36:08.644+0000] {logging_mixin.py:137} INFO - [2023-04-14T19:36:08.644+0000] {dagbag.py:532} INFO - Filling up the DagBag from /home/airflow/.local/lib/python3.10/site-packages/airflow/example_dags/example_time_delta_sensor_async.py
[2023-04-14T19:36:08.654+0000] {processor.py:753} INFO - DAG(s) dict_keys(['example_time_delta_sensor_async']) retrieved from /home/airflow/.local/lib/python3.10/site-packages/airflow/example_dags/example_time_delta_sensor_async.py
[2023-04-14T19:36:08.672+0000] {logging_mixin.py:137} INFO - [2023-04-14T19:36:08.671+0000] {dag.py:2705} INFO - Sync 1 DAGs
[2023-04-14T19:36:08.685+0000] {logging_mixin.py:137} INFO - [2023-04-14T19:36:08.685+0000] {dag.py:3452} INFO - Setting next_dagrun for example_time_delta_sensor_async to None, run_after=None
[2023-04-14T19:36:08.696+0000] {processor.py:175} INFO - Processing /home/airflow/.local/lib/python3.10/site-packages/airflow/example_dags/example_time_delta_sensor_async.py took 0.056 seconds
