[2023-04-14T19:13:17.262+0000] {processor.py:153} INFO - Started process (PID=42) to work on /home/airflow/.local/lib/python3.7/site-packages/airflow/example_dags/example_task_group.py
[2023-04-14T19:13:17.263+0000] {processor.py:743} INFO - Processing file /home/airflow/.local/lib/python3.7/site-packages/airflow/example_dags/example_task_group.py for tasks to queue
[2023-04-14T19:13:17.264+0000] {logging_mixin.py:137} INFO - [2023-04-14T19:13:17.264+0000] {dagbag.py:532} INFO - Filling up the DagBag from /home/airflow/.local/lib/python3.7/site-packages/airflow/example_dags/example_task_group.py
[2023-04-14T19:13:17.287+0000] {processor.py:753} INFO - DAG(s) dict_keys(['example_task_group']) retrieved from /home/airflow/.local/lib/python3.7/site-packages/airflow/example_dags/example_task_group.py
[2023-04-14T19:13:17.299+0000] {logging_mixin.py:137} INFO - [2023-04-14T19:13:17.299+0000] {dag.py:2705} INFO - Sync 1 DAGs
[2023-04-14T19:13:17.321+0000] {logging_mixin.py:137} INFO - [2023-04-14T19:13:17.320+0000] {dag.py:3456} INFO - Setting next_dagrun for example_task_group to 2023-04-13T19:13:17.320574+00:00, run_after=2023-04-14T19:13:17.320574+00:00
[2023-04-14T19:13:17.340+0000] {processor.py:175} INFO - Processing /home/airflow/.local/lib/python3.7/site-packages/airflow/example_dags/example_task_group.py took 0.083 seconds
[2023-04-14T19:13:47.510+0000] {processor.py:153} INFO - Started process (PID=132) to work on /home/airflow/.local/lib/python3.7/site-packages/airflow/example_dags/example_task_group.py
[2023-04-14T19:13:47.511+0000] {processor.py:743} INFO - Processing file /home/airflow/.local/lib/python3.7/site-packages/airflow/example_dags/example_task_group.py for tasks to queue
[2023-04-14T19:13:47.512+0000] {logging_mixin.py:137} INFO - [2023-04-14T19:13:47.512+0000] {dagbag.py:532} INFO - Filling up the DagBag from /home/airflow/.local/lib/python3.7/site-packages/airflow/example_dags/example_task_group.py
[2023-04-14T19:13:47.524+0000] {processor.py:753} INFO - DAG(s) dict_keys(['example_task_group']) retrieved from /home/airflow/.local/lib/python3.7/site-packages/airflow/example_dags/example_task_group.py
[2023-04-14T19:13:47.542+0000] {logging_mixin.py:137} INFO - [2023-04-14T19:13:47.542+0000] {dag.py:2705} INFO - Sync 1 DAGs
[2023-04-14T19:13:47.558+0000] {logging_mixin.py:137} INFO - [2023-04-14T19:13:47.558+0000] {dag.py:3456} INFO - Setting next_dagrun for example_task_group to 2023-04-13T19:13:47.558595+00:00, run_after=2023-04-14T19:13:47.558595+00:00
[2023-04-14T19:13:47.570+0000] {processor.py:175} INFO - Processing /home/airflow/.local/lib/python3.7/site-packages/airflow/example_dags/example_task_group.py took 0.062 seconds
[2023-04-14T19:14:17.739+0000] {processor.py:153} INFO - Started process (PID=214) to work on /home/airflow/.local/lib/python3.7/site-packages/airflow/example_dags/example_task_group.py
[2023-04-14T19:14:17.740+0000] {processor.py:743} INFO - Processing file /home/airflow/.local/lib/python3.7/site-packages/airflow/example_dags/example_task_group.py for tasks to queue
[2023-04-14T19:14:17.741+0000] {logging_mixin.py:137} INFO - [2023-04-14T19:14:17.741+0000] {dagbag.py:532} INFO - Filling up the DagBag from /home/airflow/.local/lib/python3.7/site-packages/airflow/example_dags/example_task_group.py
[2023-04-14T19:14:17.754+0000] {processor.py:753} INFO - DAG(s) dict_keys(['example_task_group']) retrieved from /home/airflow/.local/lib/python3.7/site-packages/airflow/example_dags/example_task_group.py
[2023-04-14T19:14:17.785+0000] {logging_mixin.py:137} INFO - [2023-04-14T19:14:17.785+0000] {dag.py:2705} INFO - Sync 1 DAGs
[2023-04-14T19:14:17.812+0000] {logging_mixin.py:137} INFO - [2023-04-14T19:14:17.812+0000] {dag.py:3456} INFO - Setting next_dagrun for example_task_group to 2023-04-13T19:14:17.811946+00:00, run_after=2023-04-14T19:14:17.811946+00:00
[2023-04-14T19:14:17.826+0000] {processor.py:175} INFO - Processing /home/airflow/.local/lib/python3.7/site-packages/airflow/example_dags/example_task_group.py took 0.090 seconds
[2023-04-14T19:14:48.037+0000] {processor.py:153} INFO - Started process (PID=298) to work on /home/airflow/.local/lib/python3.7/site-packages/airflow/example_dags/example_task_group.py
[2023-04-14T19:14:48.037+0000] {processor.py:743} INFO - Processing file /home/airflow/.local/lib/python3.7/site-packages/airflow/example_dags/example_task_group.py for tasks to queue
[2023-04-14T19:14:48.038+0000] {logging_mixin.py:137} INFO - [2023-04-14T19:14:48.038+0000] {dagbag.py:532} INFO - Filling up the DagBag from /home/airflow/.local/lib/python3.7/site-packages/airflow/example_dags/example_task_group.py
[2023-04-14T19:14:48.050+0000] {processor.py:753} INFO - DAG(s) dict_keys(['example_task_group']) retrieved from /home/airflow/.local/lib/python3.7/site-packages/airflow/example_dags/example_task_group.py
[2023-04-14T19:14:48.069+0000] {logging_mixin.py:137} INFO - [2023-04-14T19:14:48.069+0000] {dag.py:2705} INFO - Sync 1 DAGs
[2023-04-14T19:14:48.086+0000] {logging_mixin.py:137} INFO - [2023-04-14T19:14:48.086+0000] {dag.py:3456} INFO - Setting next_dagrun for example_task_group to 2023-04-13T19:14:48.086523+00:00, run_after=2023-04-14T19:14:48.086523+00:00
[2023-04-14T19:14:48.101+0000] {processor.py:175} INFO - Processing /home/airflow/.local/lib/python3.7/site-packages/airflow/example_dags/example_task_group.py took 0.067 seconds
[2023-04-14T19:15:18.148+0000] {processor.py:153} INFO - Started process (PID=389) to work on /home/airflow/.local/lib/python3.7/site-packages/airflow/example_dags/example_task_group.py
[2023-04-14T19:15:18.149+0000] {processor.py:743} INFO - Processing file /home/airflow/.local/lib/python3.7/site-packages/airflow/example_dags/example_task_group.py for tasks to queue
[2023-04-14T19:15:18.150+0000] {logging_mixin.py:137} INFO - [2023-04-14T19:15:18.149+0000] {dagbag.py:532} INFO - Filling up the DagBag from /home/airflow/.local/lib/python3.7/site-packages/airflow/example_dags/example_task_group.py
[2023-04-14T19:15:18.162+0000] {processor.py:753} INFO - DAG(s) dict_keys(['example_task_group']) retrieved from /home/airflow/.local/lib/python3.7/site-packages/airflow/example_dags/example_task_group.py
[2023-04-14T19:15:18.182+0000] {logging_mixin.py:137} INFO - [2023-04-14T19:15:18.182+0000] {dag.py:2705} INFO - Sync 1 DAGs
[2023-04-14T19:15:18.202+0000] {logging_mixin.py:137} INFO - [2023-04-14T19:15:18.201+0000] {dag.py:3456} INFO - Setting next_dagrun for example_task_group to 2023-04-13T19:15:18.201707+00:00, run_after=2023-04-14T19:15:18.201707+00:00
[2023-04-14T19:15:18.215+0000] {processor.py:175} INFO - Processing /home/airflow/.local/lib/python3.7/site-packages/airflow/example_dags/example_task_group.py took 0.069 seconds
[2023-04-14T19:17:34.763+0000] {processor.py:153} INFO - Started process (PID=42) to work on /home/airflow/.local/lib/python3.7/site-packages/airflow/example_dags/example_task_group.py
[2023-04-14T19:17:34.764+0000] {processor.py:743} INFO - Processing file /home/airflow/.local/lib/python3.7/site-packages/airflow/example_dags/example_task_group.py for tasks to queue
[2023-04-14T19:17:34.765+0000] {logging_mixin.py:137} INFO - [2023-04-14T19:17:34.765+0000] {dagbag.py:532} INFO - Filling up the DagBag from /home/airflow/.local/lib/python3.7/site-packages/airflow/example_dags/example_task_group.py
[2023-04-14T19:17:34.788+0000] {processor.py:753} INFO - DAG(s) dict_keys(['example_task_group']) retrieved from /home/airflow/.local/lib/python3.7/site-packages/airflow/example_dags/example_task_group.py
[2023-04-14T19:17:34.806+0000] {logging_mixin.py:137} INFO - [2023-04-14T19:17:34.806+0000] {dag.py:2705} INFO - Sync 1 DAGs
[2023-04-14T19:17:34.829+0000] {logging_mixin.py:137} INFO - [2023-04-14T19:17:34.829+0000] {dag.py:3456} INFO - Setting next_dagrun for example_task_group to 2023-04-13T19:17:34.829553+00:00, run_after=2023-04-14T19:17:34.829553+00:00
[2023-04-14T19:17:34.848+0000] {processor.py:175} INFO - Processing /home/airflow/.local/lib/python3.7/site-packages/airflow/example_dags/example_task_group.py took 0.090 seconds
[2023-04-14T19:18:05.185+0000] {processor.py:153} INFO - Started process (PID=134) to work on /home/airflow/.local/lib/python3.7/site-packages/airflow/example_dags/example_task_group.py
[2023-04-14T19:18:05.186+0000] {processor.py:743} INFO - Processing file /home/airflow/.local/lib/python3.7/site-packages/airflow/example_dags/example_task_group.py for tasks to queue
[2023-04-14T19:18:05.186+0000] {logging_mixin.py:137} INFO - [2023-04-14T19:18:05.186+0000] {dagbag.py:532} INFO - Filling up the DagBag from /home/airflow/.local/lib/python3.7/site-packages/airflow/example_dags/example_task_group.py
[2023-04-14T19:18:05.199+0000] {processor.py:753} INFO - DAG(s) dict_keys(['example_task_group']) retrieved from /home/airflow/.local/lib/python3.7/site-packages/airflow/example_dags/example_task_group.py
[2023-04-14T19:18:05.219+0000] {logging_mixin.py:137} INFO - [2023-04-14T19:18:05.219+0000] {dag.py:2705} INFO - Sync 1 DAGs
[2023-04-14T19:18:05.237+0000] {logging_mixin.py:137} INFO - [2023-04-14T19:18:05.237+0000] {dag.py:3456} INFO - Setting next_dagrun for example_task_group to 2023-04-13T19:18:05.237258+00:00, run_after=2023-04-14T19:18:05.237258+00:00
[2023-04-14T19:18:05.251+0000] {processor.py:175} INFO - Processing /home/airflow/.local/lib/python3.7/site-packages/airflow/example_dags/example_task_group.py took 0.069 seconds
[2023-04-14T19:18:35.760+0000] {processor.py:153} INFO - Started process (PID=218) to work on /home/airflow/.local/lib/python3.7/site-packages/airflow/example_dags/example_task_group.py
[2023-04-14T19:18:35.761+0000] {processor.py:743} INFO - Processing file /home/airflow/.local/lib/python3.7/site-packages/airflow/example_dags/example_task_group.py for tasks to queue
[2023-04-14T19:18:35.762+0000] {logging_mixin.py:137} INFO - [2023-04-14T19:18:35.762+0000] {dagbag.py:532} INFO - Filling up the DagBag from /home/airflow/.local/lib/python3.7/site-packages/airflow/example_dags/example_task_group.py
[2023-04-14T19:18:35.779+0000] {processor.py:753} INFO - DAG(s) dict_keys(['example_task_group']) retrieved from /home/airflow/.local/lib/python3.7/site-packages/airflow/example_dags/example_task_group.py
[2023-04-14T19:18:35.805+0000] {logging_mixin.py:137} INFO - [2023-04-14T19:18:35.805+0000] {dag.py:2705} INFO - Sync 1 DAGs
[2023-04-14T19:18:35.823+0000] {logging_mixin.py:137} INFO - [2023-04-14T19:18:35.823+0000] {dag.py:3456} INFO - Setting next_dagrun for example_task_group to 2023-04-13T19:18:35.822995+00:00, run_after=2023-04-14T19:18:35.822995+00:00
[2023-04-14T19:18:35.835+0000] {processor.py:175} INFO - Processing /home/airflow/.local/lib/python3.7/site-packages/airflow/example_dags/example_task_group.py took 0.078 seconds
[2023-04-14T19:19:06.215+0000] {processor.py:153} INFO - Started process (PID=300) to work on /home/airflow/.local/lib/python3.7/site-packages/airflow/example_dags/example_task_group.py
[2023-04-14T19:19:06.216+0000] {processor.py:743} INFO - Processing file /home/airflow/.local/lib/python3.7/site-packages/airflow/example_dags/example_task_group.py for tasks to queue
[2023-04-14T19:19:06.217+0000] {logging_mixin.py:137} INFO - [2023-04-14T19:19:06.217+0000] {dagbag.py:532} INFO - Filling up the DagBag from /home/airflow/.local/lib/python3.7/site-packages/airflow/example_dags/example_task_group.py
[2023-04-14T19:19:06.231+0000] {processor.py:753} INFO - DAG(s) dict_keys(['example_task_group']) retrieved from /home/airflow/.local/lib/python3.7/site-packages/airflow/example_dags/example_task_group.py
[2023-04-14T19:19:06.257+0000] {logging_mixin.py:137} INFO - [2023-04-14T19:19:06.256+0000] {dag.py:2705} INFO - Sync 1 DAGs
[2023-04-14T19:19:06.277+0000] {logging_mixin.py:137} INFO - [2023-04-14T19:19:06.276+0000] {dag.py:3456} INFO - Setting next_dagrun for example_task_group to 2023-04-13T19:19:06.276661+00:00, run_after=2023-04-14T19:19:06.276661+00:00
[2023-04-14T19:19:06.294+0000] {processor.py:175} INFO - Processing /home/airflow/.local/lib/python3.7/site-packages/airflow/example_dags/example_task_group.py took 0.083 seconds
[2023-04-14T19:19:36.435+0000] {processor.py:153} INFO - Started process (PID=393) to work on /home/airflow/.local/lib/python3.7/site-packages/airflow/example_dags/example_task_group.py
[2023-04-14T19:19:36.436+0000] {processor.py:743} INFO - Processing file /home/airflow/.local/lib/python3.7/site-packages/airflow/example_dags/example_task_group.py for tasks to queue
[2023-04-14T19:19:36.437+0000] {logging_mixin.py:137} INFO - [2023-04-14T19:19:36.437+0000] {dagbag.py:532} INFO - Filling up the DagBag from /home/airflow/.local/lib/python3.7/site-packages/airflow/example_dags/example_task_group.py
[2023-04-14T19:19:36.451+0000] {processor.py:753} INFO - DAG(s) dict_keys(['example_task_group']) retrieved from /home/airflow/.local/lib/python3.7/site-packages/airflow/example_dags/example_task_group.py
[2023-04-14T19:19:36.472+0000] {logging_mixin.py:137} INFO - [2023-04-14T19:19:36.472+0000] {dag.py:2705} INFO - Sync 1 DAGs
[2023-04-14T19:19:36.492+0000] {logging_mixin.py:137} INFO - [2023-04-14T19:19:36.492+0000] {dag.py:3456} INFO - Setting next_dagrun for example_task_group to 2023-04-13T19:19:36.492147+00:00, run_after=2023-04-14T19:19:36.492147+00:00
[2023-04-14T19:19:36.504+0000] {processor.py:175} INFO - Processing /home/airflow/.local/lib/python3.7/site-packages/airflow/example_dags/example_task_group.py took 0.072 seconds
[2023-04-14T19:20:06.794+0000] {processor.py:153} INFO - Started process (PID=468) to work on /home/airflow/.local/lib/python3.7/site-packages/airflow/example_dags/example_task_group.py
[2023-04-14T19:20:06.795+0000] {processor.py:743} INFO - Processing file /home/airflow/.local/lib/python3.7/site-packages/airflow/example_dags/example_task_group.py for tasks to queue
[2023-04-14T19:20:06.796+0000] {logging_mixin.py:137} INFO - [2023-04-14T19:20:06.796+0000] {dagbag.py:532} INFO - Filling up the DagBag from /home/airflow/.local/lib/python3.7/site-packages/airflow/example_dags/example_task_group.py
[2023-04-14T19:20:06.808+0000] {processor.py:753} INFO - DAG(s) dict_keys(['example_task_group']) retrieved from /home/airflow/.local/lib/python3.7/site-packages/airflow/example_dags/example_task_group.py
[2023-04-14T19:20:06.829+0000] {logging_mixin.py:137} INFO - [2023-04-14T19:20:06.829+0000] {dag.py:2705} INFO - Sync 1 DAGs
[2023-04-14T19:20:06.849+0000] {logging_mixin.py:137} INFO - [2023-04-14T19:20:06.848+0000] {dag.py:3456} INFO - Setting next_dagrun for example_task_group to 2023-04-13T19:20:06.848687+00:00, run_after=2023-04-14T19:20:06.848687+00:00
[2023-04-14T19:20:06.863+0000] {processor.py:175} INFO - Processing /home/airflow/.local/lib/python3.7/site-packages/airflow/example_dags/example_task_group.py took 0.072 seconds
[2023-04-14T19:20:37.292+0000] {processor.py:153} INFO - Started process (PID=560) to work on /home/airflow/.local/lib/python3.7/site-packages/airflow/example_dags/example_task_group.py
[2023-04-14T19:20:37.292+0000] {processor.py:743} INFO - Processing file /home/airflow/.local/lib/python3.7/site-packages/airflow/example_dags/example_task_group.py for tasks to queue
[2023-04-14T19:20:37.293+0000] {logging_mixin.py:137} INFO - [2023-04-14T19:20:37.293+0000] {dagbag.py:532} INFO - Filling up the DagBag from /home/airflow/.local/lib/python3.7/site-packages/airflow/example_dags/example_task_group.py
[2023-04-14T19:20:37.306+0000] {processor.py:753} INFO - DAG(s) dict_keys(['example_task_group']) retrieved from /home/airflow/.local/lib/python3.7/site-packages/airflow/example_dags/example_task_group.py
[2023-04-14T19:20:37.325+0000] {logging_mixin.py:137} INFO - [2023-04-14T19:20:37.325+0000] {dag.py:2705} INFO - Sync 1 DAGs
[2023-04-14T19:20:37.344+0000] {logging_mixin.py:137} INFO - [2023-04-14T19:20:37.344+0000] {dag.py:3456} INFO - Setting next_dagrun for example_task_group to 2023-04-13T19:20:37.344373+00:00, run_after=2023-04-14T19:20:37.344373+00:00
[2023-04-14T19:20:37.357+0000] {processor.py:175} INFO - Processing /home/airflow/.local/lib/python3.7/site-packages/airflow/example_dags/example_task_group.py took 0.067 seconds
[2023-04-14T19:21:07.662+0000] {processor.py:153} INFO - Started process (PID=651) to work on /home/airflow/.local/lib/python3.7/site-packages/airflow/example_dags/example_task_group.py
[2023-04-14T19:21:07.663+0000] {processor.py:743} INFO - Processing file /home/airflow/.local/lib/python3.7/site-packages/airflow/example_dags/example_task_group.py for tasks to queue
[2023-04-14T19:21:07.663+0000] {logging_mixin.py:137} INFO - [2023-04-14T19:21:07.663+0000] {dagbag.py:532} INFO - Filling up the DagBag from /home/airflow/.local/lib/python3.7/site-packages/airflow/example_dags/example_task_group.py
[2023-04-14T19:21:07.676+0000] {processor.py:753} INFO - DAG(s) dict_keys(['example_task_group']) retrieved from /home/airflow/.local/lib/python3.7/site-packages/airflow/example_dags/example_task_group.py
[2023-04-14T19:21:07.698+0000] {logging_mixin.py:137} INFO - [2023-04-14T19:21:07.698+0000] {dag.py:2705} INFO - Sync 1 DAGs
[2023-04-14T19:21:07.715+0000] {logging_mixin.py:137} INFO - [2023-04-14T19:21:07.715+0000] {dag.py:3456} INFO - Setting next_dagrun for example_task_group to 2023-04-13T19:21:07.714952+00:00, run_after=2023-04-14T19:21:07.714952+00:00
[2023-04-14T19:21:07.727+0000] {processor.py:175} INFO - Processing /home/airflow/.local/lib/python3.7/site-packages/airflow/example_dags/example_task_group.py took 0.068 seconds
[2023-04-14T19:21:37.784+0000] {processor.py:153} INFO - Started process (PID=726) to work on /home/airflow/.local/lib/python3.7/site-packages/airflow/example_dags/example_task_group.py
[2023-04-14T19:21:37.785+0000] {processor.py:743} INFO - Processing file /home/airflow/.local/lib/python3.7/site-packages/airflow/example_dags/example_task_group.py for tasks to queue
[2023-04-14T19:21:37.786+0000] {logging_mixin.py:137} INFO - [2023-04-14T19:21:37.785+0000] {dagbag.py:532} INFO - Filling up the DagBag from /home/airflow/.local/lib/python3.7/site-packages/airflow/example_dags/example_task_group.py
[2023-04-14T19:21:37.797+0000] {processor.py:753} INFO - DAG(s) dict_keys(['example_task_group']) retrieved from /home/airflow/.local/lib/python3.7/site-packages/airflow/example_dags/example_task_group.py
[2023-04-14T19:21:37.820+0000] {logging_mixin.py:137} INFO - [2023-04-14T19:21:37.820+0000] {dag.py:2705} INFO - Sync 1 DAGs
[2023-04-14T19:21:37.840+0000] {logging_mixin.py:137} INFO - [2023-04-14T19:21:37.840+0000] {dag.py:3456} INFO - Setting next_dagrun for example_task_group to 2023-04-13T19:21:37.840058+00:00, run_after=2023-04-14T19:21:37.840058+00:00
[2023-04-14T19:21:37.856+0000] {processor.py:175} INFO - Processing /home/airflow/.local/lib/python3.7/site-packages/airflow/example_dags/example_task_group.py took 0.074 seconds
[2023-04-14T19:22:07.943+0000] {processor.py:153} INFO - Started process (PID=817) to work on /home/airflow/.local/lib/python3.7/site-packages/airflow/example_dags/example_task_group.py
[2023-04-14T19:22:07.944+0000] {processor.py:743} INFO - Processing file /home/airflow/.local/lib/python3.7/site-packages/airflow/example_dags/example_task_group.py for tasks to queue
[2023-04-14T19:22:07.945+0000] {logging_mixin.py:137} INFO - [2023-04-14T19:22:07.944+0000] {dagbag.py:532} INFO - Filling up the DagBag from /home/airflow/.local/lib/python3.7/site-packages/airflow/example_dags/example_task_group.py
[2023-04-14T19:22:07.956+0000] {processor.py:753} INFO - DAG(s) dict_keys(['example_task_group']) retrieved from /home/airflow/.local/lib/python3.7/site-packages/airflow/example_dags/example_task_group.py
[2023-04-14T19:22:07.974+0000] {logging_mixin.py:137} INFO - [2023-04-14T19:22:07.974+0000] {dag.py:2705} INFO - Sync 1 DAGs
[2023-04-14T19:22:07.990+0000] {logging_mixin.py:137} INFO - [2023-04-14T19:22:07.990+0000] {dag.py:3456} INFO - Setting next_dagrun for example_task_group to 2023-04-13T19:22:07.990588+00:00, run_after=2023-04-14T19:22:07.990588+00:00
[2023-04-14T19:22:08.002+0000] {processor.py:175} INFO - Processing /home/airflow/.local/lib/python3.7/site-packages/airflow/example_dags/example_task_group.py took 0.062 seconds
[2023-04-14T19:22:38.112+0000] {processor.py:153} INFO - Started process (PID=908) to work on /home/airflow/.local/lib/python3.7/site-packages/airflow/example_dags/example_task_group.py
[2023-04-14T19:22:38.113+0000] {processor.py:743} INFO - Processing file /home/airflow/.local/lib/python3.7/site-packages/airflow/example_dags/example_task_group.py for tasks to queue
[2023-04-14T19:22:38.114+0000] {logging_mixin.py:137} INFO - [2023-04-14T19:22:38.114+0000] {dagbag.py:532} INFO - Filling up the DagBag from /home/airflow/.local/lib/python3.7/site-packages/airflow/example_dags/example_task_group.py
[2023-04-14T19:22:38.132+0000] {processor.py:753} INFO - DAG(s) dict_keys(['example_task_group']) retrieved from /home/airflow/.local/lib/python3.7/site-packages/airflow/example_dags/example_task_group.py
[2023-04-14T19:22:38.158+0000] {logging_mixin.py:137} INFO - [2023-04-14T19:22:38.158+0000] {dag.py:2705} INFO - Sync 1 DAGs
[2023-04-14T19:22:38.178+0000] {logging_mixin.py:137} INFO - [2023-04-14T19:22:38.178+0000] {dag.py:3456} INFO - Setting next_dagrun for example_task_group to 2023-04-13T19:22:38.178433+00:00, run_after=2023-04-14T19:22:38.178433+00:00
[2023-04-14T19:22:38.196+0000] {processor.py:175} INFO - Processing /home/airflow/.local/lib/python3.7/site-packages/airflow/example_dags/example_task_group.py took 0.088 seconds
[2023-04-14T19:23:08.878+0000] {processor.py:153} INFO - Started process (PID=983) to work on /home/airflow/.local/lib/python3.7/site-packages/airflow/example_dags/example_task_group.py
[2023-04-14T19:23:08.879+0000] {processor.py:743} INFO - Processing file /home/airflow/.local/lib/python3.7/site-packages/airflow/example_dags/example_task_group.py for tasks to queue
[2023-04-14T19:23:08.879+0000] {logging_mixin.py:137} INFO - [2023-04-14T19:23:08.879+0000] {dagbag.py:532} INFO - Filling up the DagBag from /home/airflow/.local/lib/python3.7/site-packages/airflow/example_dags/example_task_group.py
[2023-04-14T19:23:08.890+0000] {processor.py:753} INFO - DAG(s) dict_keys(['example_task_group']) retrieved from /home/airflow/.local/lib/python3.7/site-packages/airflow/example_dags/example_task_group.py
[2023-04-14T19:23:08.909+0000] {logging_mixin.py:137} INFO - [2023-04-14T19:23:08.909+0000] {dag.py:2705} INFO - Sync 1 DAGs
[2023-04-14T19:23:08.926+0000] {logging_mixin.py:137} INFO - [2023-04-14T19:23:08.926+0000] {dag.py:3456} INFO - Setting next_dagrun for example_task_group to 2023-04-13T19:23:08.926232+00:00, run_after=2023-04-14T19:23:08.926232+00:00
[2023-04-14T19:23:08.938+0000] {processor.py:175} INFO - Processing /home/airflow/.local/lib/python3.7/site-packages/airflow/example_dags/example_task_group.py took 0.063 seconds
[2023-04-14T19:23:38.978+0000] {processor.py:153} INFO - Started process (PID=1074) to work on /home/airflow/.local/lib/python3.7/site-packages/airflow/example_dags/example_task_group.py
[2023-04-14T19:23:38.978+0000] {processor.py:743} INFO - Processing file /home/airflow/.local/lib/python3.7/site-packages/airflow/example_dags/example_task_group.py for tasks to queue
[2023-04-14T19:23:38.979+0000] {logging_mixin.py:137} INFO - [2023-04-14T19:23:38.979+0000] {dagbag.py:532} INFO - Filling up the DagBag from /home/airflow/.local/lib/python3.7/site-packages/airflow/example_dags/example_task_group.py
[2023-04-14T19:23:38.989+0000] {processor.py:753} INFO - DAG(s) dict_keys(['example_task_group']) retrieved from /home/airflow/.local/lib/python3.7/site-packages/airflow/example_dags/example_task_group.py
[2023-04-14T19:23:39.008+0000] {logging_mixin.py:137} INFO - [2023-04-14T19:23:39.008+0000] {dag.py:2705} INFO - Sync 1 DAGs
[2023-04-14T19:23:39.025+0000] {logging_mixin.py:137} INFO - [2023-04-14T19:23:39.025+0000] {dag.py:3456} INFO - Setting next_dagrun for example_task_group to 2023-04-13T19:23:39.025471+00:00, run_after=2023-04-14T19:23:39.025471+00:00
[2023-04-14T19:23:39.038+0000] {processor.py:175} INFO - Processing /home/airflow/.local/lib/python3.7/site-packages/airflow/example_dags/example_task_group.py took 0.064 seconds
[2023-04-14T19:24:09.164+0000] {processor.py:153} INFO - Started process (PID=1165) to work on /home/airflow/.local/lib/python3.7/site-packages/airflow/example_dags/example_task_group.py
[2023-04-14T19:24:09.165+0000] {processor.py:743} INFO - Processing file /home/airflow/.local/lib/python3.7/site-packages/airflow/example_dags/example_task_group.py for tasks to queue
[2023-04-14T19:24:09.170+0000] {logging_mixin.py:137} INFO - [2023-04-14T19:24:09.169+0000] {dagbag.py:532} INFO - Filling up the DagBag from /home/airflow/.local/lib/python3.7/site-packages/airflow/example_dags/example_task_group.py
[2023-04-14T19:24:09.196+0000] {processor.py:753} INFO - DAG(s) dict_keys(['example_task_group']) retrieved from /home/airflow/.local/lib/python3.7/site-packages/airflow/example_dags/example_task_group.py
[2023-04-14T19:24:09.220+0000] {logging_mixin.py:137} INFO - [2023-04-14T19:24:09.220+0000] {dag.py:2705} INFO - Sync 1 DAGs
[2023-04-14T19:24:09.238+0000] {logging_mixin.py:137} INFO - [2023-04-14T19:24:09.237+0000] {dag.py:3456} INFO - Setting next_dagrun for example_task_group to 2023-04-13T19:24:09.237769+00:00, run_after=2023-04-14T19:24:09.237769+00:00
[2023-04-14T19:24:09.252+0000] {processor.py:175} INFO - Processing /home/airflow/.local/lib/python3.7/site-packages/airflow/example_dags/example_task_group.py took 0.090 seconds
[2023-04-14T19:26:08.573+0000] {processor.py:153} INFO - Started process (PID=42) to work on /home/airflow/.local/lib/python3.7/site-packages/airflow/example_dags/example_task_group.py
[2023-04-14T19:26:08.574+0000] {processor.py:743} INFO - Processing file /home/airflow/.local/lib/python3.7/site-packages/airflow/example_dags/example_task_group.py for tasks to queue
[2023-04-14T19:26:08.575+0000] {logging_mixin.py:137} INFO - [2023-04-14T19:26:08.575+0000] {dagbag.py:532} INFO - Filling up the DagBag from /home/airflow/.local/lib/python3.7/site-packages/airflow/example_dags/example_task_group.py
[2023-04-14T19:26:08.591+0000] {processor.py:753} INFO - DAG(s) dict_keys(['example_task_group']) retrieved from /home/airflow/.local/lib/python3.7/site-packages/airflow/example_dags/example_task_group.py
[2023-04-14T19:26:08.602+0000] {logging_mixin.py:137} INFO - [2023-04-14T19:26:08.602+0000] {dag.py:2705} INFO - Sync 1 DAGs
[2023-04-14T19:26:08.623+0000] {logging_mixin.py:137} INFO - [2023-04-14T19:26:08.623+0000] {dag.py:3456} INFO - Setting next_dagrun for example_task_group to 2023-04-13T19:26:08.622865+00:00, run_after=2023-04-14T19:26:08.622865+00:00
[2023-04-14T19:26:08.640+0000] {processor.py:175} INFO - Processing /home/airflow/.local/lib/python3.7/site-packages/airflow/example_dags/example_task_group.py took 0.071 seconds
[2023-04-14T19:26:38.784+0000] {processor.py:153} INFO - Started process (PID=133) to work on /home/airflow/.local/lib/python3.7/site-packages/airflow/example_dags/example_task_group.py
[2023-04-14T19:26:38.785+0000] {processor.py:743} INFO - Processing file /home/airflow/.local/lib/python3.7/site-packages/airflow/example_dags/example_task_group.py for tasks to queue
[2023-04-14T19:26:38.786+0000] {logging_mixin.py:137} INFO - [2023-04-14T19:26:38.786+0000] {dagbag.py:532} INFO - Filling up the DagBag from /home/airflow/.local/lib/python3.7/site-packages/airflow/example_dags/example_task_group.py
[2023-04-14T19:26:38.798+0000] {processor.py:753} INFO - DAG(s) dict_keys(['example_task_group']) retrieved from /home/airflow/.local/lib/python3.7/site-packages/airflow/example_dags/example_task_group.py
[2023-04-14T19:26:38.818+0000] {logging_mixin.py:137} INFO - [2023-04-14T19:26:38.818+0000] {dag.py:2705} INFO - Sync 1 DAGs
[2023-04-14T19:26:38.836+0000] {logging_mixin.py:137} INFO - [2023-04-14T19:26:38.836+0000] {dag.py:3456} INFO - Setting next_dagrun for example_task_group to 2023-04-13T19:26:38.835814+00:00, run_after=2023-04-14T19:26:38.835814+00:00
[2023-04-14T19:26:38.850+0000] {processor.py:175} INFO - Processing /home/airflow/.local/lib/python3.7/site-packages/airflow/example_dags/example_task_group.py took 0.068 seconds
[2023-04-14T19:27:09.286+0000] {processor.py:153} INFO - Started process (PID=217) to work on /home/airflow/.local/lib/python3.7/site-packages/airflow/example_dags/example_task_group.py
[2023-04-14T19:27:09.287+0000] {processor.py:743} INFO - Processing file /home/airflow/.local/lib/python3.7/site-packages/airflow/example_dags/example_task_group.py for tasks to queue
[2023-04-14T19:27:09.288+0000] {logging_mixin.py:137} INFO - [2023-04-14T19:27:09.288+0000] {dagbag.py:532} INFO - Filling up the DagBag from /home/airflow/.local/lib/python3.7/site-packages/airflow/example_dags/example_task_group.py
[2023-04-14T19:27:09.303+0000] {processor.py:753} INFO - DAG(s) dict_keys(['example_task_group']) retrieved from /home/airflow/.local/lib/python3.7/site-packages/airflow/example_dags/example_task_group.py
[2023-04-14T19:27:09.325+0000] {logging_mixin.py:137} INFO - [2023-04-14T19:27:09.325+0000] {dag.py:2705} INFO - Sync 1 DAGs
[2023-04-14T19:27:09.357+0000] {logging_mixin.py:137} INFO - [2023-04-14T19:27:09.357+0000] {dag.py:3456} INFO - Setting next_dagrun for example_task_group to 2023-04-13T19:27:09.356961+00:00, run_after=2023-04-14T19:27:09.356961+00:00
[2023-04-14T19:27:09.379+0000] {processor.py:175} INFO - Processing /home/airflow/.local/lib/python3.7/site-packages/airflow/example_dags/example_task_group.py took 0.098 seconds
[2023-04-14T19:31:44.446+0000] {processor.py:153} INFO - Started process (PID=33) to work on /home/airflow/.local/lib/python3.10/site-packages/airflow/example_dags/example_task_group.py
[2023-04-14T19:31:44.447+0000] {processor.py:743} INFO - Processing file /home/airflow/.local/lib/python3.10/site-packages/airflow/example_dags/example_task_group.py for tasks to queue
[2023-04-14T19:31:44.447+0000] {logging_mixin.py:137} INFO - [2023-04-14T19:31:44.447+0000] {dagbag.py:532} INFO - Filling up the DagBag from /home/airflow/.local/lib/python3.10/site-packages/airflow/example_dags/example_task_group.py
[2023-04-14T19:31:44.466+0000] {processor.py:753} INFO - DAG(s) dict_keys(['example_task_group']) retrieved from /home/airflow/.local/lib/python3.10/site-packages/airflow/example_dags/example_task_group.py
[2023-04-14T19:31:44.475+0000] {logging_mixin.py:137} INFO - [2023-04-14T19:31:44.475+0000] {dag.py:2705} INFO - Sync 1 DAGs
[2023-04-14T19:31:44.490+0000] {logging_mixin.py:137} INFO - [2023-04-14T19:31:44.489+0000] {dag.py:3452} INFO - Setting next_dagrun for example_task_group to 2023-04-13T19:31:44.489697+00:00, run_after=2023-04-14T19:31:44.489697+00:00
[2023-04-14T19:31:44.503+0000] {processor.py:175} INFO - Processing /home/airflow/.local/lib/python3.10/site-packages/airflow/example_dags/example_task_group.py took 0.060 seconds
[2023-04-14T19:32:15.301+0000] {processor.py:153} INFO - Started process (PID=117) to work on /home/airflow/.local/lib/python3.10/site-packages/airflow/example_dags/example_task_group.py
[2023-04-14T19:32:15.302+0000] {processor.py:743} INFO - Processing file /home/airflow/.local/lib/python3.10/site-packages/airflow/example_dags/example_task_group.py for tasks to queue
[2023-04-14T19:32:15.303+0000] {logging_mixin.py:137} INFO - [2023-04-14T19:32:15.303+0000] {dagbag.py:532} INFO - Filling up the DagBag from /home/airflow/.local/lib/python3.10/site-packages/airflow/example_dags/example_task_group.py
[2023-04-14T19:32:15.317+0000] {processor.py:753} INFO - DAG(s) dict_keys(['example_task_group']) retrieved from /home/airflow/.local/lib/python3.10/site-packages/airflow/example_dags/example_task_group.py
[2023-04-14T19:32:15.340+0000] {logging_mixin.py:137} INFO - [2023-04-14T19:32:15.339+0000] {dag.py:2705} INFO - Sync 1 DAGs
[2023-04-14T19:32:15.359+0000] {logging_mixin.py:137} INFO - [2023-04-14T19:32:15.359+0000] {dag.py:3452} INFO - Setting next_dagrun for example_task_group to 2023-04-13T19:32:15.359072+00:00, run_after=2023-04-14T19:32:15.359072+00:00
[2023-04-14T19:32:15.381+0000] {processor.py:175} INFO - Processing /home/airflow/.local/lib/python3.10/site-packages/airflow/example_dags/example_task_group.py took 0.083 seconds
[2023-04-14T19:32:45.413+0000] {processor.py:153} INFO - Started process (PID=187) to work on /home/airflow/.local/lib/python3.10/site-packages/airflow/example_dags/example_task_group.py
[2023-04-14T19:32:45.414+0000] {processor.py:743} INFO - Processing file /home/airflow/.local/lib/python3.10/site-packages/airflow/example_dags/example_task_group.py for tasks to queue
[2023-04-14T19:32:45.414+0000] {logging_mixin.py:137} INFO - [2023-04-14T19:32:45.414+0000] {dagbag.py:532} INFO - Filling up the DagBag from /home/airflow/.local/lib/python3.10/site-packages/airflow/example_dags/example_task_group.py
[2023-04-14T19:32:45.427+0000] {processor.py:753} INFO - DAG(s) dict_keys(['example_task_group']) retrieved from /home/airflow/.local/lib/python3.10/site-packages/airflow/example_dags/example_task_group.py
[2023-04-14T19:32:45.444+0000] {logging_mixin.py:137} INFO - [2023-04-14T19:32:45.443+0000] {dag.py:2705} INFO - Sync 1 DAGs
[2023-04-14T19:32:45.457+0000] {logging_mixin.py:137} INFO - [2023-04-14T19:32:45.457+0000] {dag.py:3452} INFO - Setting next_dagrun for example_task_group to 2023-04-13T19:32:45.457572+00:00, run_after=2023-04-14T19:32:45.457572+00:00
[2023-04-14T19:32:45.468+0000] {processor.py:175} INFO - Processing /home/airflow/.local/lib/python3.10/site-packages/airflow/example_dags/example_task_group.py took 0.058 seconds
[2023-04-14T19:33:23.583+0000] {processor.py:153} INFO - Started process (PID=34) to work on /home/airflow/.local/lib/python3.10/site-packages/airflow/example_dags/example_task_group.py
[2023-04-14T19:33:23.584+0000] {processor.py:743} INFO - Processing file /home/airflow/.local/lib/python3.10/site-packages/airflow/example_dags/example_task_group.py for tasks to queue
[2023-04-14T19:33:23.585+0000] {logging_mixin.py:137} INFO - [2023-04-14T19:33:23.585+0000] {dagbag.py:532} INFO - Filling up the DagBag from /home/airflow/.local/lib/python3.10/site-packages/airflow/example_dags/example_task_group.py
[2023-04-14T19:33:23.600+0000] {processor.py:753} INFO - DAG(s) dict_keys(['example_task_group']) retrieved from /home/airflow/.local/lib/python3.10/site-packages/airflow/example_dags/example_task_group.py
[2023-04-14T19:33:23.611+0000] {logging_mixin.py:137} INFO - [2023-04-14T19:33:23.610+0000] {dag.py:2705} INFO - Sync 1 DAGs
[2023-04-14T19:33:23.629+0000] {logging_mixin.py:137} INFO - [2023-04-14T19:33:23.629+0000] {dag.py:3452} INFO - Setting next_dagrun for example_task_group to 2023-04-13T19:33:23.628787+00:00, run_after=2023-04-14T19:33:23.628787+00:00
[2023-04-14T19:33:23.645+0000] {processor.py:175} INFO - Processing /home/airflow/.local/lib/python3.10/site-packages/airflow/example_dags/example_task_group.py took 0.065 seconds
[2023-04-14T19:33:54.583+0000] {processor.py:153} INFO - Started process (PID=118) to work on /home/airflow/.local/lib/python3.10/site-packages/airflow/example_dags/example_task_group.py
[2023-04-14T19:33:54.584+0000] {processor.py:743} INFO - Processing file /home/airflow/.local/lib/python3.10/site-packages/airflow/example_dags/example_task_group.py for tasks to queue
[2023-04-14T19:33:54.585+0000] {logging_mixin.py:137} INFO - [2023-04-14T19:33:54.585+0000] {dagbag.py:532} INFO - Filling up the DagBag from /home/airflow/.local/lib/python3.10/site-packages/airflow/example_dags/example_task_group.py
[2023-04-14T19:33:54.600+0000] {processor.py:753} INFO - DAG(s) dict_keys(['example_task_group']) retrieved from /home/airflow/.local/lib/python3.10/site-packages/airflow/example_dags/example_task_group.py
[2023-04-14T19:33:54.619+0000] {logging_mixin.py:137} INFO - [2023-04-14T19:33:54.619+0000] {dag.py:2705} INFO - Sync 1 DAGs
[2023-04-14T19:33:54.632+0000] {logging_mixin.py:137} INFO - [2023-04-14T19:33:54.632+0000] {dag.py:3452} INFO - Setting next_dagrun for example_task_group to 2023-04-13T19:33:54.632517+00:00, run_after=2023-04-14T19:33:54.632517+00:00
[2023-04-14T19:33:54.643+0000] {processor.py:175} INFO - Processing /home/airflow/.local/lib/python3.10/site-packages/airflow/example_dags/example_task_group.py took 0.063 seconds
[2023-04-14T19:34:25.464+0000] {processor.py:153} INFO - Started process (PID=195) to work on /home/airflow/.local/lib/python3.10/site-packages/airflow/example_dags/example_task_group.py
[2023-04-14T19:34:25.465+0000] {processor.py:743} INFO - Processing file /home/airflow/.local/lib/python3.10/site-packages/airflow/example_dags/example_task_group.py for tasks to queue
[2023-04-14T19:34:25.466+0000] {logging_mixin.py:137} INFO - [2023-04-14T19:34:25.466+0000] {dagbag.py:532} INFO - Filling up the DagBag from /home/airflow/.local/lib/python3.10/site-packages/airflow/example_dags/example_task_group.py
[2023-04-14T19:34:25.478+0000] {processor.py:753} INFO - DAG(s) dict_keys(['example_task_group']) retrieved from /home/airflow/.local/lib/python3.10/site-packages/airflow/example_dags/example_task_group.py
[2023-04-14T19:34:25.502+0000] {logging_mixin.py:137} INFO - [2023-04-14T19:34:25.502+0000] {dag.py:2705} INFO - Sync 1 DAGs
[2023-04-14T19:34:25.517+0000] {logging_mixin.py:137} INFO - [2023-04-14T19:34:25.517+0000] {dag.py:3452} INFO - Setting next_dagrun for example_task_group to 2023-04-13T19:34:25.517369+00:00, run_after=2023-04-14T19:34:25.517369+00:00
[2023-04-14T19:34:25.529+0000] {processor.py:175} INFO - Processing /home/airflow/.local/lib/python3.10/site-packages/airflow/example_dags/example_task_group.py took 0.069 seconds
[2023-04-14T19:35:36.982+0000] {processor.py:153} INFO - Started process (PID=34) to work on /home/airflow/.local/lib/python3.10/site-packages/airflow/example_dags/example_task_group.py
[2023-04-14T19:35:36.983+0000] {processor.py:743} INFO - Processing file /home/airflow/.local/lib/python3.10/site-packages/airflow/example_dags/example_task_group.py for tasks to queue
[2023-04-14T19:35:36.983+0000] {logging_mixin.py:137} INFO - [2023-04-14T19:35:36.983+0000] {dagbag.py:532} INFO - Filling up the DagBag from /home/airflow/.local/lib/python3.10/site-packages/airflow/example_dags/example_task_group.py
[2023-04-14T19:35:36.996+0000] {processor.py:753} INFO - DAG(s) dict_keys(['example_task_group']) retrieved from /home/airflow/.local/lib/python3.10/site-packages/airflow/example_dags/example_task_group.py
[2023-04-14T19:35:37.006+0000] {logging_mixin.py:137} INFO - [2023-04-14T19:35:37.006+0000] {dag.py:2705} INFO - Sync 1 DAGs
[2023-04-14T19:35:37.020+0000] {logging_mixin.py:137} INFO - [2023-04-14T19:35:37.020+0000] {dag.py:3452} INFO - Setting next_dagrun for example_task_group to 2023-04-13T19:35:37.020672+00:00, run_after=2023-04-14T19:35:37.020672+00:00
[2023-04-14T19:35:37.033+0000] {processor.py:175} INFO - Processing /home/airflow/.local/lib/python3.10/site-packages/airflow/example_dags/example_task_group.py took 0.054 seconds
[2023-04-14T19:36:08.042+0000] {processor.py:153} INFO - Started process (PID=119) to work on /home/airflow/.local/lib/python3.10/site-packages/airflow/example_dags/example_task_group.py
[2023-04-14T19:36:08.043+0000] {processor.py:743} INFO - Processing file /home/airflow/.local/lib/python3.10/site-packages/airflow/example_dags/example_task_group.py for tasks to queue
[2023-04-14T19:36:08.044+0000] {logging_mixin.py:137} INFO - [2023-04-14T19:36:08.043+0000] {dagbag.py:532} INFO - Filling up the DagBag from /home/airflow/.local/lib/python3.10/site-packages/airflow/example_dags/example_task_group.py
[2023-04-14T19:36:08.057+0000] {processor.py:753} INFO - DAG(s) dict_keys(['example_task_group']) retrieved from /home/airflow/.local/lib/python3.10/site-packages/airflow/example_dags/example_task_group.py
[2023-04-14T19:36:08.074+0000] {logging_mixin.py:137} INFO - [2023-04-14T19:36:08.074+0000] {dag.py:2705} INFO - Sync 1 DAGs
[2023-04-14T19:36:08.088+0000] {logging_mixin.py:137} INFO - [2023-04-14T19:36:08.088+0000] {dag.py:3452} INFO - Setting next_dagrun for example_task_group to 2023-04-13T19:36:08.088286+00:00, run_after=2023-04-14T19:36:08.088286+00:00
[2023-04-14T19:36:08.099+0000] {processor.py:175} INFO - Processing /home/airflow/.local/lib/python3.10/site-packages/airflow/example_dags/example_task_group.py took 0.060 seconds
[2023-04-14T19:36:38.953+0000] {processor.py:153} INFO - Started process (PID=196) to work on /home/airflow/.local/lib/python3.10/site-packages/airflow/example_dags/example_task_group.py
[2023-04-14T19:36:38.954+0000] {processor.py:743} INFO - Processing file /home/airflow/.local/lib/python3.10/site-packages/airflow/example_dags/example_task_group.py for tasks to queue
[2023-04-14T19:36:38.955+0000] {logging_mixin.py:137} INFO - [2023-04-14T19:36:38.955+0000] {dagbag.py:532} INFO - Filling up the DagBag from /home/airflow/.local/lib/python3.10/site-packages/airflow/example_dags/example_task_group.py
[2023-04-14T19:36:38.966+0000] {processor.py:753} INFO - DAG(s) dict_keys(['example_task_group']) retrieved from /home/airflow/.local/lib/python3.10/site-packages/airflow/example_dags/example_task_group.py
[2023-04-14T19:36:38.983+0000] {logging_mixin.py:137} INFO - [2023-04-14T19:36:38.983+0000] {dag.py:2705} INFO - Sync 1 DAGs
[2023-04-14T19:36:38.998+0000] {logging_mixin.py:137} INFO - [2023-04-14T19:36:38.998+0000] {dag.py:3452} INFO - Setting next_dagrun for example_task_group to 2023-04-13T19:36:38.997933+00:00, run_after=2023-04-14T19:36:38.997933+00:00
[2023-04-14T19:36:39.009+0000] {processor.py:175} INFO - Processing /home/airflow/.local/lib/python3.10/site-packages/airflow/example_dags/example_task_group.py took 0.059 seconds
