[2023-04-14T19:13:19.040+0000] {processor.py:153} INFO - Started process (PID=71) to work on /home/airflow/.local/lib/python3.7/site-packages/airflow/example_dags/example_branch_datetime_operator.py
[2023-04-14T19:13:19.041+0000] {processor.py:743} INFO - Processing file /home/airflow/.local/lib/python3.7/site-packages/airflow/example_dags/example_branch_datetime_operator.py for tasks to queue
[2023-04-14T19:13:19.041+0000] {logging_mixin.py:137} INFO - [2023-04-14T19:13:19.041+0000] {dagbag.py:532} INFO - Filling up the DagBag from /home/airflow/.local/lib/python3.7/site-packages/airflow/example_dags/example_branch_datetime_operator.py
[2023-04-14T19:13:19.056+0000] {processor.py:753} INFO - DAG(s) dict_keys(['example_branch_datetime_operator', 'example_branch_datetime_operator_3', 'example_branch_datetime_operator_2']) retrieved from /home/airflow/.local/lib/python3.7/site-packages/airflow/example_dags/example_branch_datetime_operator.py
[2023-04-14T19:13:19.071+0000] {logging_mixin.py:137} INFO - [2023-04-14T19:13:19.071+0000] {dag.py:2705} INFO - Sync 3 DAGs
[2023-04-14T19:13:19.095+0000] {logging_mixin.py:137} INFO - [2023-04-14T19:13:19.094+0000] {dag.py:3456} INFO - Setting next_dagrun for example_branch_datetime_operator to 2023-04-13T00:00:00+00:00, run_after=2023-04-14T00:00:00+00:00
[2023-04-14T19:13:19.098+0000] {logging_mixin.py:137} INFO - [2023-04-14T19:13:19.098+0000] {dag.py:3456} INFO - Setting next_dagrun for example_branch_datetime_operator_2 to 2023-04-13T00:00:00+00:00, run_after=2023-04-14T00:00:00+00:00
[2023-04-14T19:13:19.101+0000] {logging_mixin.py:137} INFO - [2023-04-14T19:13:19.101+0000] {dag.py:3456} INFO - Setting next_dagrun for example_branch_datetime_operator_3 to 2023-04-13T00:00:00+00:00, run_after=2023-04-14T00:00:00+00:00
[2023-04-14T19:13:19.116+0000] {processor.py:175} INFO - Processing /home/airflow/.local/lib/python3.7/site-packages/airflow/example_dags/example_branch_datetime_operator.py took 0.082 seconds
[2023-04-14T19:13:49.915+0000] {processor.py:153} INFO - Started process (PID=161) to work on /home/airflow/.local/lib/python3.7/site-packages/airflow/example_dags/example_branch_datetime_operator.py
[2023-04-14T19:13:49.916+0000] {processor.py:743} INFO - Processing file /home/airflow/.local/lib/python3.7/site-packages/airflow/example_dags/example_branch_datetime_operator.py for tasks to queue
[2023-04-14T19:13:49.917+0000] {logging_mixin.py:137} INFO - [2023-04-14T19:13:49.916+0000] {dagbag.py:532} INFO - Filling up the DagBag from /home/airflow/.local/lib/python3.7/site-packages/airflow/example_dags/example_branch_datetime_operator.py
[2023-04-14T19:13:49.930+0000] {processor.py:753} INFO - DAG(s) dict_keys(['example_branch_datetime_operator_3', 'example_branch_datetime_operator_2', 'example_branch_datetime_operator']) retrieved from /home/airflow/.local/lib/python3.7/site-packages/airflow/example_dags/example_branch_datetime_operator.py
[2023-04-14T19:13:49.953+0000] {logging_mixin.py:137} INFO - [2023-04-14T19:13:49.953+0000] {dag.py:2705} INFO - Sync 3 DAGs
[2023-04-14T19:13:49.970+0000] {logging_mixin.py:137} INFO - [2023-04-14T19:13:49.970+0000] {dag.py:3456} INFO - Setting next_dagrun for example_branch_datetime_operator to 2023-04-13T00:00:00+00:00, run_after=2023-04-14T00:00:00+00:00
[2023-04-14T19:13:49.973+0000] {logging_mixin.py:137} INFO - [2023-04-14T19:13:49.973+0000] {dag.py:3456} INFO - Setting next_dagrun for example_branch_datetime_operator_2 to 2023-04-13T00:00:00+00:00, run_after=2023-04-14T00:00:00+00:00
[2023-04-14T19:13:49.975+0000] {logging_mixin.py:137} INFO - [2023-04-14T19:13:49.975+0000] {dag.py:3456} INFO - Setting next_dagrun for example_branch_datetime_operator_3 to 2023-04-13T00:00:00+00:00, run_after=2023-04-14T00:00:00+00:00
[2023-04-14T19:13:49.986+0000] {processor.py:175} INFO - Processing /home/airflow/.local/lib/python3.7/site-packages/airflow/example_dags/example_branch_datetime_operator.py took 0.073 seconds
[2023-04-14T19:14:20.179+0000] {processor.py:153} INFO - Started process (PID=252) to work on /home/airflow/.local/lib/python3.7/site-packages/airflow/example_dags/example_branch_datetime_operator.py
[2023-04-14T19:14:20.181+0000] {processor.py:743} INFO - Processing file /home/airflow/.local/lib/python3.7/site-packages/airflow/example_dags/example_branch_datetime_operator.py for tasks to queue
[2023-04-14T19:14:20.182+0000] {logging_mixin.py:137} INFO - [2023-04-14T19:14:20.181+0000] {dagbag.py:532} INFO - Filling up the DagBag from /home/airflow/.local/lib/python3.7/site-packages/airflow/example_dags/example_branch_datetime_operator.py
[2023-04-14T19:14:20.198+0000] {processor.py:753} INFO - DAG(s) dict_keys(['example_branch_datetime_operator', 'example_branch_datetime_operator_3', 'example_branch_datetime_operator_2']) retrieved from /home/airflow/.local/lib/python3.7/site-packages/airflow/example_dags/example_branch_datetime_operator.py
[2023-04-14T19:14:20.226+0000] {logging_mixin.py:137} INFO - [2023-04-14T19:14:20.226+0000] {dag.py:2705} INFO - Sync 3 DAGs
[2023-04-14T19:14:20.246+0000] {logging_mixin.py:137} INFO - [2023-04-14T19:14:20.246+0000] {dag.py:3456} INFO - Setting next_dagrun for example_branch_datetime_operator to 2023-04-13T00:00:00+00:00, run_after=2023-04-14T00:00:00+00:00
[2023-04-14T19:14:20.250+0000] {logging_mixin.py:137} INFO - [2023-04-14T19:14:20.250+0000] {dag.py:3456} INFO - Setting next_dagrun for example_branch_datetime_operator_2 to 2023-04-13T00:00:00+00:00, run_after=2023-04-14T00:00:00+00:00
[2023-04-14T19:14:20.252+0000] {logging_mixin.py:137} INFO - [2023-04-14T19:14:20.252+0000] {dag.py:3456} INFO - Setting next_dagrun for example_branch_datetime_operator_3 to 2023-04-13T00:00:00+00:00, run_after=2023-04-14T00:00:00+00:00
[2023-04-14T19:14:20.266+0000] {processor.py:175} INFO - Processing /home/airflow/.local/lib/python3.7/site-packages/airflow/example_dags/example_branch_datetime_operator.py took 0.091 seconds
[2023-04-14T19:14:50.311+0000] {processor.py:153} INFO - Started process (PID=327) to work on /home/airflow/.local/lib/python3.7/site-packages/airflow/example_dags/example_branch_datetime_operator.py
[2023-04-14T19:14:50.312+0000] {processor.py:743} INFO - Processing file /home/airflow/.local/lib/python3.7/site-packages/airflow/example_dags/example_branch_datetime_operator.py for tasks to queue
[2023-04-14T19:14:50.313+0000] {logging_mixin.py:137} INFO - [2023-04-14T19:14:50.313+0000] {dagbag.py:532} INFO - Filling up the DagBag from /home/airflow/.local/lib/python3.7/site-packages/airflow/example_dags/example_branch_datetime_operator.py
[2023-04-14T19:14:50.326+0000] {processor.py:753} INFO - DAG(s) dict_keys(['example_branch_datetime_operator', 'example_branch_datetime_operator_3', 'example_branch_datetime_operator_2']) retrieved from /home/airflow/.local/lib/python3.7/site-packages/airflow/example_dags/example_branch_datetime_operator.py
[2023-04-14T19:14:50.350+0000] {logging_mixin.py:137} INFO - [2023-04-14T19:14:50.349+0000] {dag.py:2705} INFO - Sync 3 DAGs
[2023-04-14T19:14:50.368+0000] {logging_mixin.py:137} INFO - [2023-04-14T19:14:50.368+0000] {dag.py:3456} INFO - Setting next_dagrun for example_branch_datetime_operator to 2023-04-13T00:00:00+00:00, run_after=2023-04-14T00:00:00+00:00
[2023-04-14T19:14:50.371+0000] {logging_mixin.py:137} INFO - [2023-04-14T19:14:50.371+0000] {dag.py:3456} INFO - Setting next_dagrun for example_branch_datetime_operator_2 to 2023-04-13T00:00:00+00:00, run_after=2023-04-14T00:00:00+00:00
[2023-04-14T19:14:50.373+0000] {logging_mixin.py:137} INFO - [2023-04-14T19:14:50.373+0000] {dag.py:3456} INFO - Setting next_dagrun for example_branch_datetime_operator_3 to 2023-04-13T00:00:00+00:00, run_after=2023-04-14T00:00:00+00:00
[2023-04-14T19:14:50.385+0000] {processor.py:175} INFO - Processing /home/airflow/.local/lib/python3.7/site-packages/airflow/example_dags/example_branch_datetime_operator.py took 0.078 seconds
[2023-04-14T19:15:20.527+0000] {processor.py:153} INFO - Started process (PID=418) to work on /home/airflow/.local/lib/python3.7/site-packages/airflow/example_dags/example_branch_datetime_operator.py
[2023-04-14T19:15:20.528+0000] {processor.py:743} INFO - Processing file /home/airflow/.local/lib/python3.7/site-packages/airflow/example_dags/example_branch_datetime_operator.py for tasks to queue
[2023-04-14T19:15:20.529+0000] {logging_mixin.py:137} INFO - [2023-04-14T19:15:20.529+0000] {dagbag.py:532} INFO - Filling up the DagBag from /home/airflow/.local/lib/python3.7/site-packages/airflow/example_dags/example_branch_datetime_operator.py
[2023-04-14T19:15:20.543+0000] {processor.py:753} INFO - DAG(s) dict_keys(['example_branch_datetime_operator_3', 'example_branch_datetime_operator', 'example_branch_datetime_operator_2']) retrieved from /home/airflow/.local/lib/python3.7/site-packages/airflow/example_dags/example_branch_datetime_operator.py
[2023-04-14T19:15:20.571+0000] {logging_mixin.py:137} INFO - [2023-04-14T19:15:20.571+0000] {dag.py:2705} INFO - Sync 3 DAGs
[2023-04-14T19:15:20.593+0000] {logging_mixin.py:137} INFO - [2023-04-14T19:15:20.593+0000] {dag.py:3456} INFO - Setting next_dagrun for example_branch_datetime_operator to 2023-04-13T00:00:00+00:00, run_after=2023-04-14T00:00:00+00:00
[2023-04-14T19:15:20.598+0000] {logging_mixin.py:137} INFO - [2023-04-14T19:15:20.597+0000] {dag.py:3456} INFO - Setting next_dagrun for example_branch_datetime_operator_2 to 2023-04-13T00:00:00+00:00, run_after=2023-04-14T00:00:00+00:00
[2023-04-14T19:15:20.600+0000] {logging_mixin.py:137} INFO - [2023-04-14T19:15:20.600+0000] {dag.py:3456} INFO - Setting next_dagrun for example_branch_datetime_operator_3 to 2023-04-13T00:00:00+00:00, run_after=2023-04-14T00:00:00+00:00
[2023-04-14T19:15:20.614+0000] {processor.py:175} INFO - Processing /home/airflow/.local/lib/python3.7/site-packages/airflow/example_dags/example_branch_datetime_operator.py took 0.090 seconds
[2023-04-14T19:17:36.416+0000] {processor.py:153} INFO - Started process (PID=71) to work on /home/airflow/.local/lib/python3.7/site-packages/airflow/example_dags/example_branch_datetime_operator.py
[2023-04-14T19:17:36.417+0000] {processor.py:743} INFO - Processing file /home/airflow/.local/lib/python3.7/site-packages/airflow/example_dags/example_branch_datetime_operator.py for tasks to queue
[2023-04-14T19:17:36.417+0000] {logging_mixin.py:137} INFO - [2023-04-14T19:17:36.417+0000] {dagbag.py:532} INFO - Filling up the DagBag from /home/airflow/.local/lib/python3.7/site-packages/airflow/example_dags/example_branch_datetime_operator.py
[2023-04-14T19:17:36.431+0000] {processor.py:753} INFO - DAG(s) dict_keys(['example_branch_datetime_operator_2', 'example_branch_datetime_operator', 'example_branch_datetime_operator_3']) retrieved from /home/airflow/.local/lib/python3.7/site-packages/airflow/example_dags/example_branch_datetime_operator.py
[2023-04-14T19:17:36.449+0000] {logging_mixin.py:137} INFO - [2023-04-14T19:17:36.449+0000] {dag.py:2705} INFO - Sync 3 DAGs
[2023-04-14T19:17:36.479+0000] {logging_mixin.py:137} INFO - [2023-04-14T19:17:36.479+0000] {dag.py:3456} INFO - Setting next_dagrun for example_branch_datetime_operator to 2023-04-13T00:00:00+00:00, run_after=2023-04-14T00:00:00+00:00
[2023-04-14T19:17:36.484+0000] {logging_mixin.py:137} INFO - [2023-04-14T19:17:36.484+0000] {dag.py:3456} INFO - Setting next_dagrun for example_branch_datetime_operator_2 to 2023-04-13T00:00:00+00:00, run_after=2023-04-14T00:00:00+00:00
[2023-04-14T19:17:36.486+0000] {logging_mixin.py:137} INFO - [2023-04-14T19:17:36.486+0000] {dag.py:3456} INFO - Setting next_dagrun for example_branch_datetime_operator_3 to 2023-04-13T00:00:00+00:00, run_after=2023-04-14T00:00:00+00:00
[2023-04-14T19:17:36.502+0000] {processor.py:175} INFO - Processing /home/airflow/.local/lib/python3.7/site-packages/airflow/example_dags/example_branch_datetime_operator.py took 0.090 seconds
[2023-04-14T19:18:06.906+0000] {processor.py:153} INFO - Started process (PID=163) to work on /home/airflow/.local/lib/python3.7/site-packages/airflow/example_dags/example_branch_datetime_operator.py
[2023-04-14T19:18:06.907+0000] {processor.py:743} INFO - Processing file /home/airflow/.local/lib/python3.7/site-packages/airflow/example_dags/example_branch_datetime_operator.py for tasks to queue
[2023-04-14T19:18:06.908+0000] {logging_mixin.py:137} INFO - [2023-04-14T19:18:06.908+0000] {dagbag.py:532} INFO - Filling up the DagBag from /home/airflow/.local/lib/python3.7/site-packages/airflow/example_dags/example_branch_datetime_operator.py
[2023-04-14T19:18:06.924+0000] {processor.py:753} INFO - DAG(s) dict_keys(['example_branch_datetime_operator_3', 'example_branch_datetime_operator', 'example_branch_datetime_operator_2']) retrieved from /home/airflow/.local/lib/python3.7/site-packages/airflow/example_dags/example_branch_datetime_operator.py
[2023-04-14T19:18:06.954+0000] {logging_mixin.py:137} INFO - [2023-04-14T19:18:06.954+0000] {dag.py:2705} INFO - Sync 3 DAGs
[2023-04-14T19:18:06.975+0000] {logging_mixin.py:137} INFO - [2023-04-14T19:18:06.975+0000] {dag.py:3456} INFO - Setting next_dagrun for example_branch_datetime_operator to 2023-04-13T00:00:00+00:00, run_after=2023-04-14T00:00:00+00:00
[2023-04-14T19:18:06.979+0000] {logging_mixin.py:137} INFO - [2023-04-14T19:18:06.979+0000] {dag.py:3456} INFO - Setting next_dagrun for example_branch_datetime_operator_2 to 2023-04-13T00:00:00+00:00, run_after=2023-04-14T00:00:00+00:00
[2023-04-14T19:18:06.981+0000] {logging_mixin.py:137} INFO - [2023-04-14T19:18:06.981+0000] {dag.py:3456} INFO - Setting next_dagrun for example_branch_datetime_operator_3 to 2023-04-13T00:00:00+00:00, run_after=2023-04-14T00:00:00+00:00
[2023-04-14T19:18:06.994+0000] {processor.py:175} INFO - Processing /home/airflow/.local/lib/python3.7/site-packages/airflow/example_dags/example_branch_datetime_operator.py took 0.091 seconds
[2023-04-14T19:18:37.394+0000] {processor.py:153} INFO - Started process (PID=254) to work on /home/airflow/.local/lib/python3.7/site-packages/airflow/example_dags/example_branch_datetime_operator.py
[2023-04-14T19:18:37.395+0000] {processor.py:743} INFO - Processing file /home/airflow/.local/lib/python3.7/site-packages/airflow/example_dags/example_branch_datetime_operator.py for tasks to queue
[2023-04-14T19:18:37.396+0000] {logging_mixin.py:137} INFO - [2023-04-14T19:18:37.395+0000] {dagbag.py:532} INFO - Filling up the DagBag from /home/airflow/.local/lib/python3.7/site-packages/airflow/example_dags/example_branch_datetime_operator.py
[2023-04-14T19:18:37.408+0000] {processor.py:753} INFO - DAG(s) dict_keys(['example_branch_datetime_operator_3', 'example_branch_datetime_operator', 'example_branch_datetime_operator_2']) retrieved from /home/airflow/.local/lib/python3.7/site-packages/airflow/example_dags/example_branch_datetime_operator.py
[2023-04-14T19:18:37.437+0000] {logging_mixin.py:137} INFO - [2023-04-14T19:18:37.437+0000] {dag.py:2705} INFO - Sync 3 DAGs
[2023-04-14T19:18:37.460+0000] {logging_mixin.py:137} INFO - [2023-04-14T19:18:37.460+0000] {dag.py:3456} INFO - Setting next_dagrun for example_branch_datetime_operator to 2023-04-13T00:00:00+00:00, run_after=2023-04-14T00:00:00+00:00
[2023-04-14T19:18:37.465+0000] {logging_mixin.py:137} INFO - [2023-04-14T19:18:37.465+0000] {dag.py:3456} INFO - Setting next_dagrun for example_branch_datetime_operator_2 to 2023-04-13T00:00:00+00:00, run_after=2023-04-14T00:00:00+00:00
[2023-04-14T19:18:37.468+0000] {logging_mixin.py:137} INFO - [2023-04-14T19:18:37.468+0000] {dag.py:3456} INFO - Setting next_dagrun for example_branch_datetime_operator_3 to 2023-04-13T00:00:00+00:00, run_after=2023-04-14T00:00:00+00:00
[2023-04-14T19:18:37.481+0000] {processor.py:175} INFO - Processing /home/airflow/.local/lib/python3.7/site-packages/airflow/example_dags/example_branch_datetime_operator.py took 0.089 seconds
[2023-04-14T19:19:07.692+0000] {processor.py:153} INFO - Started process (PID=329) to work on /home/airflow/.local/lib/python3.7/site-packages/airflow/example_dags/example_branch_datetime_operator.py
[2023-04-14T19:19:07.693+0000] {processor.py:743} INFO - Processing file /home/airflow/.local/lib/python3.7/site-packages/airflow/example_dags/example_branch_datetime_operator.py for tasks to queue
[2023-04-14T19:19:07.694+0000] {logging_mixin.py:137} INFO - [2023-04-14T19:19:07.694+0000] {dagbag.py:532} INFO - Filling up the DagBag from /home/airflow/.local/lib/python3.7/site-packages/airflow/example_dags/example_branch_datetime_operator.py
[2023-04-14T19:19:07.707+0000] {processor.py:753} INFO - DAG(s) dict_keys(['example_branch_datetime_operator', 'example_branch_datetime_operator_3', 'example_branch_datetime_operator_2']) retrieved from /home/airflow/.local/lib/python3.7/site-packages/airflow/example_dags/example_branch_datetime_operator.py
[2023-04-14T19:19:07.729+0000] {logging_mixin.py:137} INFO - [2023-04-14T19:19:07.729+0000] {dag.py:2705} INFO - Sync 3 DAGs
[2023-04-14T19:19:07.746+0000] {logging_mixin.py:137} INFO - [2023-04-14T19:19:07.746+0000] {dag.py:3456} INFO - Setting next_dagrun for example_branch_datetime_operator to 2023-04-13T00:00:00+00:00, run_after=2023-04-14T00:00:00+00:00
[2023-04-14T19:19:07.750+0000] {logging_mixin.py:137} INFO - [2023-04-14T19:19:07.749+0000] {dag.py:3456} INFO - Setting next_dagrun for example_branch_datetime_operator_2 to 2023-04-13T00:00:00+00:00, run_after=2023-04-14T00:00:00+00:00
[2023-04-14T19:19:07.751+0000] {logging_mixin.py:137} INFO - [2023-04-14T19:19:07.751+0000] {dag.py:3456} INFO - Setting next_dagrun for example_branch_datetime_operator_3 to 2023-04-13T00:00:00+00:00, run_after=2023-04-14T00:00:00+00:00
[2023-04-14T19:19:07.762+0000] {processor.py:175} INFO - Processing /home/airflow/.local/lib/python3.7/site-packages/airflow/example_dags/example_branch_datetime_operator.py took 0.074 seconds
[2023-04-14T19:19:37.999+0000] {processor.py:153} INFO - Started process (PID=422) to work on /home/airflow/.local/lib/python3.7/site-packages/airflow/example_dags/example_branch_datetime_operator.py
[2023-04-14T19:19:38.000+0000] {processor.py:743} INFO - Processing file /home/airflow/.local/lib/python3.7/site-packages/airflow/example_dags/example_branch_datetime_operator.py for tasks to queue
[2023-04-14T19:19:38.001+0000] {logging_mixin.py:137} INFO - [2023-04-14T19:19:38.001+0000] {dagbag.py:532} INFO - Filling up the DagBag from /home/airflow/.local/lib/python3.7/site-packages/airflow/example_dags/example_branch_datetime_operator.py
[2023-04-14T19:19:38.017+0000] {processor.py:753} INFO - DAG(s) dict_keys(['example_branch_datetime_operator_3', 'example_branch_datetime_operator', 'example_branch_datetime_operator_2']) retrieved from /home/airflow/.local/lib/python3.7/site-packages/airflow/example_dags/example_branch_datetime_operator.py
[2023-04-14T19:19:38.043+0000] {logging_mixin.py:137} INFO - [2023-04-14T19:19:38.043+0000] {dag.py:2705} INFO - Sync 3 DAGs
[2023-04-14T19:19:38.064+0000] {logging_mixin.py:137} INFO - [2023-04-14T19:19:38.064+0000] {dag.py:3456} INFO - Setting next_dagrun for example_branch_datetime_operator to 2023-04-13T00:00:00+00:00, run_after=2023-04-14T00:00:00+00:00
[2023-04-14T19:19:38.068+0000] {logging_mixin.py:137} INFO - [2023-04-14T19:19:38.067+0000] {dag.py:3456} INFO - Setting next_dagrun for example_branch_datetime_operator_2 to 2023-04-13T00:00:00+00:00, run_after=2023-04-14T00:00:00+00:00
[2023-04-14T19:19:38.069+0000] {logging_mixin.py:137} INFO - [2023-04-14T19:19:38.069+0000] {dag.py:3456} INFO - Setting next_dagrun for example_branch_datetime_operator_3 to 2023-04-13T00:00:00+00:00, run_after=2023-04-14T00:00:00+00:00
[2023-04-14T19:19:38.080+0000] {processor.py:175} INFO - Processing /home/airflow/.local/lib/python3.7/site-packages/airflow/example_dags/example_branch_datetime_operator.py took 0.085 seconds
[2023-04-14T19:20:08.538+0000] {processor.py:153} INFO - Started process (PID=514) to work on /home/airflow/.local/lib/python3.7/site-packages/airflow/example_dags/example_branch_datetime_operator.py
[2023-04-14T19:20:08.539+0000] {processor.py:743} INFO - Processing file /home/airflow/.local/lib/python3.7/site-packages/airflow/example_dags/example_branch_datetime_operator.py for tasks to queue
[2023-04-14T19:20:08.540+0000] {logging_mixin.py:137} INFO - [2023-04-14T19:20:08.540+0000] {dagbag.py:532} INFO - Filling up the DagBag from /home/airflow/.local/lib/python3.7/site-packages/airflow/example_dags/example_branch_datetime_operator.py
[2023-04-14T19:20:08.553+0000] {processor.py:753} INFO - DAG(s) dict_keys(['example_branch_datetime_operator_3', 'example_branch_datetime_operator_2', 'example_branch_datetime_operator']) retrieved from /home/airflow/.local/lib/python3.7/site-packages/airflow/example_dags/example_branch_datetime_operator.py
[2023-04-14T19:20:08.583+0000] {logging_mixin.py:137} INFO - [2023-04-14T19:20:08.583+0000] {dag.py:2705} INFO - Sync 3 DAGs
[2023-04-14T19:20:08.602+0000] {logging_mixin.py:137} INFO - [2023-04-14T19:20:08.602+0000] {dag.py:3456} INFO - Setting next_dagrun for example_branch_datetime_operator to 2023-04-13T00:00:00+00:00, run_after=2023-04-14T00:00:00+00:00
[2023-04-14T19:20:08.605+0000] {logging_mixin.py:137} INFO - [2023-04-14T19:20:08.605+0000] {dag.py:3456} INFO - Setting next_dagrun for example_branch_datetime_operator_2 to 2023-04-13T00:00:00+00:00, run_after=2023-04-14T00:00:00+00:00
[2023-04-14T19:20:08.608+0000] {logging_mixin.py:137} INFO - [2023-04-14T19:20:08.608+0000] {dag.py:3456} INFO - Setting next_dagrun for example_branch_datetime_operator_3 to 2023-04-13T00:00:00+00:00, run_after=2023-04-14T00:00:00+00:00
[2023-04-14T19:20:08.621+0000] {processor.py:175} INFO - Processing /home/airflow/.local/lib/python3.7/site-packages/airflow/example_dags/example_branch_datetime_operator.py took 0.086 seconds
[2023-04-14T19:20:38.856+0000] {processor.py:153} INFO - Started process (PID=589) to work on /home/airflow/.local/lib/python3.7/site-packages/airflow/example_dags/example_branch_datetime_operator.py
[2023-04-14T19:20:38.857+0000] {processor.py:743} INFO - Processing file /home/airflow/.local/lib/python3.7/site-packages/airflow/example_dags/example_branch_datetime_operator.py for tasks to queue
[2023-04-14T19:20:38.858+0000] {logging_mixin.py:137} INFO - [2023-04-14T19:20:38.858+0000] {dagbag.py:532} INFO - Filling up the DagBag from /home/airflow/.local/lib/python3.7/site-packages/airflow/example_dags/example_branch_datetime_operator.py
[2023-04-14T19:20:38.877+0000] {processor.py:753} INFO - DAG(s) dict_keys(['example_branch_datetime_operator_3', 'example_branch_datetime_operator_2', 'example_branch_datetime_operator']) retrieved from /home/airflow/.local/lib/python3.7/site-packages/airflow/example_dags/example_branch_datetime_operator.py
[2023-04-14T19:20:38.901+0000] {logging_mixin.py:137} INFO - [2023-04-14T19:20:38.901+0000] {dag.py:2705} INFO - Sync 3 DAGs
[2023-04-14T19:20:38.922+0000] {logging_mixin.py:137} INFO - [2023-04-14T19:20:38.922+0000] {dag.py:3456} INFO - Setting next_dagrun for example_branch_datetime_operator to 2023-04-13T00:00:00+00:00, run_after=2023-04-14T00:00:00+00:00
[2023-04-14T19:20:38.925+0000] {logging_mixin.py:137} INFO - [2023-04-14T19:20:38.925+0000] {dag.py:3456} INFO - Setting next_dagrun for example_branch_datetime_operator_2 to 2023-04-13T00:00:00+00:00, run_after=2023-04-14T00:00:00+00:00
[2023-04-14T19:20:38.927+0000] {logging_mixin.py:137} INFO - [2023-04-14T19:20:38.927+0000] {dag.py:3456} INFO - Setting next_dagrun for example_branch_datetime_operator_3 to 2023-04-13T00:00:00+00:00, run_after=2023-04-14T00:00:00+00:00
[2023-04-14T19:20:38.938+0000] {processor.py:175} INFO - Processing /home/airflow/.local/lib/python3.7/site-packages/airflow/example_dags/example_branch_datetime_operator.py took 0.084 seconds
[2023-04-14T19:21:09.071+0000] {processor.py:153} INFO - Started process (PID=680) to work on /home/airflow/.local/lib/python3.7/site-packages/airflow/example_dags/example_branch_datetime_operator.py
[2023-04-14T19:21:09.071+0000] {processor.py:743} INFO - Processing file /home/airflow/.local/lib/python3.7/site-packages/airflow/example_dags/example_branch_datetime_operator.py for tasks to queue
[2023-04-14T19:21:09.072+0000] {logging_mixin.py:137} INFO - [2023-04-14T19:21:09.072+0000] {dagbag.py:532} INFO - Filling up the DagBag from /home/airflow/.local/lib/python3.7/site-packages/airflow/example_dags/example_branch_datetime_operator.py
[2023-04-14T19:21:09.085+0000] {processor.py:753} INFO - DAG(s) dict_keys(['example_branch_datetime_operator_2', 'example_branch_datetime_operator', 'example_branch_datetime_operator_3']) retrieved from /home/airflow/.local/lib/python3.7/site-packages/airflow/example_dags/example_branch_datetime_operator.py
[2023-04-14T19:21:09.112+0000] {logging_mixin.py:137} INFO - [2023-04-14T19:21:09.111+0000] {dag.py:2705} INFO - Sync 3 DAGs
[2023-04-14T19:21:09.132+0000] {logging_mixin.py:137} INFO - [2023-04-14T19:21:09.132+0000] {dag.py:3456} INFO - Setting next_dagrun for example_branch_datetime_operator to 2023-04-13T00:00:00+00:00, run_after=2023-04-14T00:00:00+00:00
[2023-04-14T19:21:09.135+0000] {logging_mixin.py:137} INFO - [2023-04-14T19:21:09.135+0000] {dag.py:3456} INFO - Setting next_dagrun for example_branch_datetime_operator_2 to 2023-04-13T00:00:00+00:00, run_after=2023-04-14T00:00:00+00:00
[2023-04-14T19:21:09.137+0000] {logging_mixin.py:137} INFO - [2023-04-14T19:21:09.137+0000] {dag.py:3456} INFO - Setting next_dagrun for example_branch_datetime_operator_3 to 2023-04-13T00:00:00+00:00, run_after=2023-04-14T00:00:00+00:00
[2023-04-14T19:21:09.149+0000] {processor.py:175} INFO - Processing /home/airflow/.local/lib/python3.7/site-packages/airflow/example_dags/example_branch_datetime_operator.py took 0.082 seconds
[2023-04-14T19:21:39.216+0000] {processor.py:153} INFO - Started process (PID=755) to work on /home/airflow/.local/lib/python3.7/site-packages/airflow/example_dags/example_branch_datetime_operator.py
[2023-04-14T19:21:39.217+0000] {processor.py:743} INFO - Processing file /home/airflow/.local/lib/python3.7/site-packages/airflow/example_dags/example_branch_datetime_operator.py for tasks to queue
[2023-04-14T19:21:39.217+0000] {logging_mixin.py:137} INFO - [2023-04-14T19:21:39.217+0000] {dagbag.py:532} INFO - Filling up the DagBag from /home/airflow/.local/lib/python3.7/site-packages/airflow/example_dags/example_branch_datetime_operator.py
[2023-04-14T19:21:39.230+0000] {processor.py:753} INFO - DAG(s) dict_keys(['example_branch_datetime_operator_3', 'example_branch_datetime_operator', 'example_branch_datetime_operator_2']) retrieved from /home/airflow/.local/lib/python3.7/site-packages/airflow/example_dags/example_branch_datetime_operator.py
[2023-04-14T19:21:39.255+0000] {logging_mixin.py:137} INFO - [2023-04-14T19:21:39.255+0000] {dag.py:2705} INFO - Sync 3 DAGs
[2023-04-14T19:21:39.275+0000] {logging_mixin.py:137} INFO - [2023-04-14T19:21:39.275+0000] {dag.py:3456} INFO - Setting next_dagrun for example_branch_datetime_operator to 2023-04-13T00:00:00+00:00, run_after=2023-04-14T00:00:00+00:00
[2023-04-14T19:21:39.279+0000] {logging_mixin.py:137} INFO - [2023-04-14T19:21:39.278+0000] {dag.py:3456} INFO - Setting next_dagrun for example_branch_datetime_operator_2 to 2023-04-13T00:00:00+00:00, run_after=2023-04-14T00:00:00+00:00
[2023-04-14T19:21:39.280+0000] {logging_mixin.py:137} INFO - [2023-04-14T19:21:39.280+0000] {dag.py:3456} INFO - Setting next_dagrun for example_branch_datetime_operator_3 to 2023-04-13T00:00:00+00:00, run_after=2023-04-14T00:00:00+00:00
[2023-04-14T19:21:39.291+0000] {processor.py:175} INFO - Processing /home/airflow/.local/lib/python3.7/site-packages/airflow/example_dags/example_branch_datetime_operator.py took 0.077 seconds
[2023-04-14T19:22:09.367+0000] {processor.py:153} INFO - Started process (PID=846) to work on /home/airflow/.local/lib/python3.7/site-packages/airflow/example_dags/example_branch_datetime_operator.py
[2023-04-14T19:22:09.368+0000] {processor.py:743} INFO - Processing file /home/airflow/.local/lib/python3.7/site-packages/airflow/example_dags/example_branch_datetime_operator.py for tasks to queue
[2023-04-14T19:22:09.368+0000] {logging_mixin.py:137} INFO - [2023-04-14T19:22:09.368+0000] {dagbag.py:532} INFO - Filling up the DagBag from /home/airflow/.local/lib/python3.7/site-packages/airflow/example_dags/example_branch_datetime_operator.py
[2023-04-14T19:22:09.381+0000] {processor.py:753} INFO - DAG(s) dict_keys(['example_branch_datetime_operator', 'example_branch_datetime_operator_3', 'example_branch_datetime_operator_2']) retrieved from /home/airflow/.local/lib/python3.7/site-packages/airflow/example_dags/example_branch_datetime_operator.py
[2023-04-14T19:22:09.407+0000] {logging_mixin.py:137} INFO - [2023-04-14T19:22:09.407+0000] {dag.py:2705} INFO - Sync 3 DAGs
[2023-04-14T19:22:09.427+0000] {logging_mixin.py:137} INFO - [2023-04-14T19:22:09.427+0000] {dag.py:3456} INFO - Setting next_dagrun for example_branch_datetime_operator to 2023-04-13T00:00:00+00:00, run_after=2023-04-14T00:00:00+00:00
[2023-04-14T19:22:09.431+0000] {logging_mixin.py:137} INFO - [2023-04-14T19:22:09.431+0000] {dag.py:3456} INFO - Setting next_dagrun for example_branch_datetime_operator_2 to 2023-04-13T00:00:00+00:00, run_after=2023-04-14T00:00:00+00:00
[2023-04-14T19:22:09.434+0000] {logging_mixin.py:137} INFO - [2023-04-14T19:22:09.434+0000] {dag.py:3456} INFO - Setting next_dagrun for example_branch_datetime_operator_3 to 2023-04-13T00:00:00+00:00, run_after=2023-04-14T00:00:00+00:00
[2023-04-14T19:22:09.447+0000] {processor.py:175} INFO - Processing /home/airflow/.local/lib/python3.7/site-packages/airflow/example_dags/example_branch_datetime_operator.py took 0.084 seconds
[2023-04-14T19:22:40.058+0000] {processor.py:153} INFO - Started process (PID=937) to work on /home/airflow/.local/lib/python3.7/site-packages/airflow/example_dags/example_branch_datetime_operator.py
[2023-04-14T19:22:40.059+0000] {processor.py:743} INFO - Processing file /home/airflow/.local/lib/python3.7/site-packages/airflow/example_dags/example_branch_datetime_operator.py for tasks to queue
[2023-04-14T19:22:40.060+0000] {logging_mixin.py:137} INFO - [2023-04-14T19:22:40.060+0000] {dagbag.py:532} INFO - Filling up the DagBag from /home/airflow/.local/lib/python3.7/site-packages/airflow/example_dags/example_branch_datetime_operator.py
[2023-04-14T19:22:40.072+0000] {processor.py:753} INFO - DAG(s) dict_keys(['example_branch_datetime_operator_3', 'example_branch_datetime_operator', 'example_branch_datetime_operator_2']) retrieved from /home/airflow/.local/lib/python3.7/site-packages/airflow/example_dags/example_branch_datetime_operator.py
[2023-04-14T19:22:40.096+0000] {logging_mixin.py:137} INFO - [2023-04-14T19:22:40.096+0000] {dag.py:2705} INFO - Sync 3 DAGs
[2023-04-14T19:22:40.123+0000] {logging_mixin.py:137} INFO - [2023-04-14T19:22:40.122+0000] {dag.py:3456} INFO - Setting next_dagrun for example_branch_datetime_operator to 2023-04-13T00:00:00+00:00, run_after=2023-04-14T00:00:00+00:00
[2023-04-14T19:22:40.127+0000] {logging_mixin.py:137} INFO - [2023-04-14T19:22:40.126+0000] {dag.py:3456} INFO - Setting next_dagrun for example_branch_datetime_operator_2 to 2023-04-13T00:00:00+00:00, run_after=2023-04-14T00:00:00+00:00
[2023-04-14T19:22:40.130+0000] {logging_mixin.py:137} INFO - [2023-04-14T19:22:40.129+0000] {dag.py:3456} INFO - Setting next_dagrun for example_branch_datetime_operator_3 to 2023-04-13T00:00:00+00:00, run_after=2023-04-14T00:00:00+00:00
[2023-04-14T19:22:40.153+0000] {processor.py:175} INFO - Processing /home/airflow/.local/lib/python3.7/site-packages/airflow/example_dags/example_branch_datetime_operator.py took 0.098 seconds
[2023-04-14T19:23:10.280+0000] {processor.py:153} INFO - Started process (PID=1012) to work on /home/airflow/.local/lib/python3.7/site-packages/airflow/example_dags/example_branch_datetime_operator.py
[2023-04-14T19:23:10.280+0000] {processor.py:743} INFO - Processing file /home/airflow/.local/lib/python3.7/site-packages/airflow/example_dags/example_branch_datetime_operator.py for tasks to queue
[2023-04-14T19:23:10.281+0000] {logging_mixin.py:137} INFO - [2023-04-14T19:23:10.281+0000] {dagbag.py:532} INFO - Filling up the DagBag from /home/airflow/.local/lib/python3.7/site-packages/airflow/example_dags/example_branch_datetime_operator.py
[2023-04-14T19:23:10.293+0000] {processor.py:753} INFO - DAG(s) dict_keys(['example_branch_datetime_operator_2', 'example_branch_datetime_operator', 'example_branch_datetime_operator_3']) retrieved from /home/airflow/.local/lib/python3.7/site-packages/airflow/example_dags/example_branch_datetime_operator.py
[2023-04-14T19:23:10.323+0000] {logging_mixin.py:137} INFO - [2023-04-14T19:23:10.323+0000] {dag.py:2705} INFO - Sync 3 DAGs
[2023-04-14T19:23:10.343+0000] {logging_mixin.py:137} INFO - [2023-04-14T19:23:10.343+0000] {dag.py:3456} INFO - Setting next_dagrun for example_branch_datetime_operator to 2023-04-13T00:00:00+00:00, run_after=2023-04-14T00:00:00+00:00
[2023-04-14T19:23:10.347+0000] {logging_mixin.py:137} INFO - [2023-04-14T19:23:10.347+0000] {dag.py:3456} INFO - Setting next_dagrun for example_branch_datetime_operator_2 to 2023-04-13T00:00:00+00:00, run_after=2023-04-14T00:00:00+00:00
[2023-04-14T19:23:10.349+0000] {logging_mixin.py:137} INFO - [2023-04-14T19:23:10.349+0000] {dag.py:3456} INFO - Setting next_dagrun for example_branch_datetime_operator_3 to 2023-04-13T00:00:00+00:00, run_after=2023-04-14T00:00:00+00:00
[2023-04-14T19:23:10.363+0000] {processor.py:175} INFO - Processing /home/airflow/.local/lib/python3.7/site-packages/airflow/example_dags/example_branch_datetime_operator.py took 0.086 seconds
[2023-04-14T19:23:40.445+0000] {processor.py:153} INFO - Started process (PID=1103) to work on /home/airflow/.local/lib/python3.7/site-packages/airflow/example_dags/example_branch_datetime_operator.py
[2023-04-14T19:23:40.445+0000] {processor.py:743} INFO - Processing file /home/airflow/.local/lib/python3.7/site-packages/airflow/example_dags/example_branch_datetime_operator.py for tasks to queue
[2023-04-14T19:23:40.446+0000] {logging_mixin.py:137} INFO - [2023-04-14T19:23:40.446+0000] {dagbag.py:532} INFO - Filling up the DagBag from /home/airflow/.local/lib/python3.7/site-packages/airflow/example_dags/example_branch_datetime_operator.py
[2023-04-14T19:23:40.461+0000] {processor.py:753} INFO - DAG(s) dict_keys(['example_branch_datetime_operator_2', 'example_branch_datetime_operator', 'example_branch_datetime_operator_3']) retrieved from /home/airflow/.local/lib/python3.7/site-packages/airflow/example_dags/example_branch_datetime_operator.py
[2023-04-14T19:23:40.490+0000] {logging_mixin.py:137} INFO - [2023-04-14T19:23:40.489+0000] {dag.py:2705} INFO - Sync 3 DAGs
[2023-04-14T19:23:40.513+0000] {logging_mixin.py:137} INFO - [2023-04-14T19:23:40.513+0000] {dag.py:3456} INFO - Setting next_dagrun for example_branch_datetime_operator to 2023-04-13T00:00:00+00:00, run_after=2023-04-14T00:00:00+00:00
[2023-04-14T19:23:40.516+0000] {logging_mixin.py:137} INFO - [2023-04-14T19:23:40.516+0000] {dag.py:3456} INFO - Setting next_dagrun for example_branch_datetime_operator_2 to 2023-04-13T00:00:00+00:00, run_after=2023-04-14T00:00:00+00:00
[2023-04-14T19:23:40.519+0000] {logging_mixin.py:137} INFO - [2023-04-14T19:23:40.519+0000] {dag.py:3456} INFO - Setting next_dagrun for example_branch_datetime_operator_3 to 2023-04-13T00:00:00+00:00, run_after=2023-04-14T00:00:00+00:00
[2023-04-14T19:23:40.531+0000] {processor.py:175} INFO - Processing /home/airflow/.local/lib/python3.7/site-packages/airflow/example_dags/example_branch_datetime_operator.py took 0.089 seconds
[2023-04-14T19:24:10.618+0000] {processor.py:153} INFO - Started process (PID=1194) to work on /home/airflow/.local/lib/python3.7/site-packages/airflow/example_dags/example_branch_datetime_operator.py
[2023-04-14T19:24:10.619+0000] {processor.py:743} INFO - Processing file /home/airflow/.local/lib/python3.7/site-packages/airflow/example_dags/example_branch_datetime_operator.py for tasks to queue
[2023-04-14T19:24:10.619+0000] {logging_mixin.py:137} INFO - [2023-04-14T19:24:10.619+0000] {dagbag.py:532} INFO - Filling up the DagBag from /home/airflow/.local/lib/python3.7/site-packages/airflow/example_dags/example_branch_datetime_operator.py
[2023-04-14T19:24:10.632+0000] {processor.py:753} INFO - DAG(s) dict_keys(['example_branch_datetime_operator_2', 'example_branch_datetime_operator_3', 'example_branch_datetime_operator']) retrieved from /home/airflow/.local/lib/python3.7/site-packages/airflow/example_dags/example_branch_datetime_operator.py
[2023-04-14T19:24:10.657+0000] {logging_mixin.py:137} INFO - [2023-04-14T19:24:10.656+0000] {dag.py:2705} INFO - Sync 3 DAGs
[2023-04-14T19:24:10.678+0000] {logging_mixin.py:137} INFO - [2023-04-14T19:24:10.678+0000] {dag.py:3456} INFO - Setting next_dagrun for example_branch_datetime_operator to 2023-04-13T00:00:00+00:00, run_after=2023-04-14T00:00:00+00:00
[2023-04-14T19:24:10.682+0000] {logging_mixin.py:137} INFO - [2023-04-14T19:24:10.682+0000] {dag.py:3456} INFO - Setting next_dagrun for example_branch_datetime_operator_2 to 2023-04-13T00:00:00+00:00, run_after=2023-04-14T00:00:00+00:00
[2023-04-14T19:24:10.684+0000] {logging_mixin.py:137} INFO - [2023-04-14T19:24:10.684+0000] {dag.py:3456} INFO - Setting next_dagrun for example_branch_datetime_operator_3 to 2023-04-13T00:00:00+00:00, run_after=2023-04-14T00:00:00+00:00
[2023-04-14T19:24:10.697+0000] {processor.py:175} INFO - Processing /home/airflow/.local/lib/python3.7/site-packages/airflow/example_dags/example_branch_datetime_operator.py took 0.082 seconds
[2023-04-14T19:26:10.235+0000] {processor.py:153} INFO - Started process (PID=71) to work on /home/airflow/.local/lib/python3.7/site-packages/airflow/example_dags/example_branch_datetime_operator.py
[2023-04-14T19:26:10.235+0000] {processor.py:743} INFO - Processing file /home/airflow/.local/lib/python3.7/site-packages/airflow/example_dags/example_branch_datetime_operator.py for tasks to queue
[2023-04-14T19:26:10.236+0000] {logging_mixin.py:137} INFO - [2023-04-14T19:26:10.236+0000] {dagbag.py:532} INFO - Filling up the DagBag from /home/airflow/.local/lib/python3.7/site-packages/airflow/example_dags/example_branch_datetime_operator.py
[2023-04-14T19:26:10.250+0000] {processor.py:753} INFO - DAG(s) dict_keys(['example_branch_datetime_operator_2', 'example_branch_datetime_operator_3', 'example_branch_datetime_operator']) retrieved from /home/airflow/.local/lib/python3.7/site-packages/airflow/example_dags/example_branch_datetime_operator.py
[2023-04-14T19:26:10.264+0000] {logging_mixin.py:137} INFO - [2023-04-14T19:26:10.264+0000] {dag.py:2705} INFO - Sync 3 DAGs
[2023-04-14T19:26:10.284+0000] {logging_mixin.py:137} INFO - [2023-04-14T19:26:10.284+0000] {dag.py:3456} INFO - Setting next_dagrun for example_branch_datetime_operator to 2023-04-13T00:00:00+00:00, run_after=2023-04-14T00:00:00+00:00
[2023-04-14T19:26:10.288+0000] {logging_mixin.py:137} INFO - [2023-04-14T19:26:10.288+0000] {dag.py:3456} INFO - Setting next_dagrun for example_branch_datetime_operator_2 to 2023-04-13T00:00:00+00:00, run_after=2023-04-14T00:00:00+00:00
[2023-04-14T19:26:10.290+0000] {logging_mixin.py:137} INFO - [2023-04-14T19:26:10.290+0000] {dag.py:3456} INFO - Setting next_dagrun for example_branch_datetime_operator_3 to 2023-04-13T00:00:00+00:00, run_after=2023-04-14T00:00:00+00:00
[2023-04-14T19:26:10.305+0000] {processor.py:175} INFO - Processing /home/airflow/.local/lib/python3.7/site-packages/airflow/example_dags/example_branch_datetime_operator.py took 0.074 seconds
[2023-04-14T19:26:40.441+0000] {processor.py:153} INFO - Started process (PID=162) to work on /home/airflow/.local/lib/python3.7/site-packages/airflow/example_dags/example_branch_datetime_operator.py
[2023-04-14T19:26:40.442+0000] {processor.py:743} INFO - Processing file /home/airflow/.local/lib/python3.7/site-packages/airflow/example_dags/example_branch_datetime_operator.py for tasks to queue
[2023-04-14T19:26:40.443+0000] {logging_mixin.py:137} INFO - [2023-04-14T19:26:40.443+0000] {dagbag.py:532} INFO - Filling up the DagBag from /home/airflow/.local/lib/python3.7/site-packages/airflow/example_dags/example_branch_datetime_operator.py
[2023-04-14T19:26:40.454+0000] {processor.py:753} INFO - DAG(s) dict_keys(['example_branch_datetime_operator_3', 'example_branch_datetime_operator_2', 'example_branch_datetime_operator']) retrieved from /home/airflow/.local/lib/python3.7/site-packages/airflow/example_dags/example_branch_datetime_operator.py
[2023-04-14T19:26:40.478+0000] {logging_mixin.py:137} INFO - [2023-04-14T19:26:40.478+0000] {dag.py:2705} INFO - Sync 3 DAGs
[2023-04-14T19:26:40.495+0000] {logging_mixin.py:137} INFO - [2023-04-14T19:26:40.495+0000] {dag.py:3456} INFO - Setting next_dagrun for example_branch_datetime_operator to 2023-04-13T00:00:00+00:00, run_after=2023-04-14T00:00:00+00:00
[2023-04-14T19:26:40.499+0000] {logging_mixin.py:137} INFO - [2023-04-14T19:26:40.498+0000] {dag.py:3456} INFO - Setting next_dagrun for example_branch_datetime_operator_2 to 2023-04-13T00:00:00+00:00, run_after=2023-04-14T00:00:00+00:00
[2023-04-14T19:26:40.500+0000] {logging_mixin.py:137} INFO - [2023-04-14T19:26:40.500+0000] {dag.py:3456} INFO - Setting next_dagrun for example_branch_datetime_operator_3 to 2023-04-13T00:00:00+00:00, run_after=2023-04-14T00:00:00+00:00
[2023-04-14T19:26:40.512+0000] {processor.py:175} INFO - Processing /home/airflow/.local/lib/python3.7/site-packages/airflow/example_dags/example_branch_datetime_operator.py took 0.073 seconds
[2023-04-14T19:27:10.833+0000] {processor.py:153} INFO - Started process (PID=253) to work on /home/airflow/.local/lib/python3.7/site-packages/airflow/example_dags/example_branch_datetime_operator.py
[2023-04-14T19:27:10.833+0000] {processor.py:743} INFO - Processing file /home/airflow/.local/lib/python3.7/site-packages/airflow/example_dags/example_branch_datetime_operator.py for tasks to queue
[2023-04-14T19:27:10.834+0000] {logging_mixin.py:137} INFO - [2023-04-14T19:27:10.834+0000] {dagbag.py:532} INFO - Filling up the DagBag from /home/airflow/.local/lib/python3.7/site-packages/airflow/example_dags/example_branch_datetime_operator.py
[2023-04-14T19:27:10.846+0000] {processor.py:753} INFO - DAG(s) dict_keys(['example_branch_datetime_operator_2', 'example_branch_datetime_operator', 'example_branch_datetime_operator_3']) retrieved from /home/airflow/.local/lib/python3.7/site-packages/airflow/example_dags/example_branch_datetime_operator.py
[2023-04-14T19:27:10.869+0000] {logging_mixin.py:137} INFO - [2023-04-14T19:27:10.869+0000] {dag.py:2705} INFO - Sync 3 DAGs
[2023-04-14T19:27:10.888+0000] {logging_mixin.py:137} INFO - [2023-04-14T19:27:10.888+0000] {dag.py:3456} INFO - Setting next_dagrun for example_branch_datetime_operator to 2023-04-13T00:00:00+00:00, run_after=2023-04-14T00:00:00+00:00
[2023-04-14T19:27:10.891+0000] {logging_mixin.py:137} INFO - [2023-04-14T19:27:10.891+0000] {dag.py:3456} INFO - Setting next_dagrun for example_branch_datetime_operator_2 to 2023-04-13T00:00:00+00:00, run_after=2023-04-14T00:00:00+00:00
[2023-04-14T19:27:10.893+0000] {logging_mixin.py:137} INFO - [2023-04-14T19:27:10.893+0000] {dag.py:3456} INFO - Setting next_dagrun for example_branch_datetime_operator_3 to 2023-04-13T00:00:00+00:00, run_after=2023-04-14T00:00:00+00:00
[2023-04-14T19:27:10.905+0000] {processor.py:175} INFO - Processing /home/airflow/.local/lib/python3.7/site-packages/airflow/example_dags/example_branch_datetime_operator.py took 0.075 seconds
[2023-04-14T19:31:45.597+0000] {processor.py:153} INFO - Started process (PID=62) to work on /home/airflow/.local/lib/python3.10/site-packages/airflow/example_dags/example_branch_datetime_operator.py
[2023-04-14T19:31:45.598+0000] {processor.py:743} INFO - Processing file /home/airflow/.local/lib/python3.10/site-packages/airflow/example_dags/example_branch_datetime_operator.py for tasks to queue
[2023-04-14T19:31:45.599+0000] {logging_mixin.py:137} INFO - [2023-04-14T19:31:45.599+0000] {dagbag.py:532} INFO - Filling up the DagBag from /home/airflow/.local/lib/python3.10/site-packages/airflow/example_dags/example_branch_datetime_operator.py
[2023-04-14T19:31:45.619+0000] {processor.py:753} INFO - DAG(s) dict_keys(['example_branch_datetime_operator_3', 'example_branch_datetime_operator', 'example_branch_datetime_operator_2']) retrieved from /home/airflow/.local/lib/python3.10/site-packages/airflow/example_dags/example_branch_datetime_operator.py
[2023-04-14T19:31:45.632+0000] {logging_mixin.py:137} INFO - [2023-04-14T19:31:45.632+0000] {dag.py:2705} INFO - Sync 3 DAGs
[2023-04-14T19:31:45.650+0000] {logging_mixin.py:137} INFO - [2023-04-14T19:31:45.650+0000] {dag.py:3452} INFO - Setting next_dagrun for example_branch_datetime_operator to 2023-04-13T00:00:00+00:00, run_after=2023-04-14T00:00:00+00:00
[2023-04-14T19:31:45.654+0000] {logging_mixin.py:137} INFO - [2023-04-14T19:31:45.654+0000] {dag.py:3452} INFO - Setting next_dagrun for example_branch_datetime_operator_2 to 2023-04-13T00:00:00+00:00, run_after=2023-04-14T00:00:00+00:00
[2023-04-14T19:31:45.656+0000] {logging_mixin.py:137} INFO - [2023-04-14T19:31:45.656+0000] {dag.py:3452} INFO - Setting next_dagrun for example_branch_datetime_operator_3 to 2023-04-13T00:00:00+00:00, run_after=2023-04-14T00:00:00+00:00
[2023-04-14T19:31:45.669+0000] {processor.py:175} INFO - Processing /home/airflow/.local/lib/python3.10/site-packages/airflow/example_dags/example_branch_datetime_operator.py took 0.077 seconds
[2023-04-14T19:32:16.679+0000] {processor.py:153} INFO - Started process (PID=146) to work on /home/airflow/.local/lib/python3.10/site-packages/airflow/example_dags/example_branch_datetime_operator.py
[2023-04-14T19:32:16.679+0000] {processor.py:743} INFO - Processing file /home/airflow/.local/lib/python3.10/site-packages/airflow/example_dags/example_branch_datetime_operator.py for tasks to queue
[2023-04-14T19:32:16.680+0000] {logging_mixin.py:137} INFO - [2023-04-14T19:32:16.680+0000] {dagbag.py:532} INFO - Filling up the DagBag from /home/airflow/.local/lib/python3.10/site-packages/airflow/example_dags/example_branch_datetime_operator.py
[2023-04-14T19:32:16.692+0000] {processor.py:753} INFO - DAG(s) dict_keys(['example_branch_datetime_operator_3', 'example_branch_datetime_operator_2', 'example_branch_datetime_operator']) retrieved from /home/airflow/.local/lib/python3.10/site-packages/airflow/example_dags/example_branch_datetime_operator.py
[2023-04-14T19:32:16.714+0000] {logging_mixin.py:137} INFO - [2023-04-14T19:32:16.714+0000] {dag.py:2705} INFO - Sync 3 DAGs
[2023-04-14T19:32:16.730+0000] {logging_mixin.py:137} INFO - [2023-04-14T19:32:16.730+0000] {dag.py:3452} INFO - Setting next_dagrun for example_branch_datetime_operator to 2023-04-13T00:00:00+00:00, run_after=2023-04-14T00:00:00+00:00
[2023-04-14T19:32:16.733+0000] {logging_mixin.py:137} INFO - [2023-04-14T19:32:16.733+0000] {dag.py:3452} INFO - Setting next_dagrun for example_branch_datetime_operator_2 to 2023-04-13T00:00:00+00:00, run_after=2023-04-14T00:00:00+00:00
[2023-04-14T19:32:16.735+0000] {logging_mixin.py:137} INFO - [2023-04-14T19:32:16.735+0000] {dag.py:3452} INFO - Setting next_dagrun for example_branch_datetime_operator_3 to 2023-04-13T00:00:00+00:00, run_after=2023-04-14T00:00:00+00:00
[2023-04-14T19:32:16.747+0000] {processor.py:175} INFO - Processing /home/airflow/.local/lib/python3.10/site-packages/airflow/example_dags/example_branch_datetime_operator.py took 0.072 seconds
[2023-04-14T19:32:47.707+0000] {processor.py:153} INFO - Started process (PID=230) to work on /home/airflow/.local/lib/python3.10/site-packages/airflow/example_dags/example_branch_datetime_operator.py
[2023-04-14T19:32:47.709+0000] {processor.py:743} INFO - Processing file /home/airflow/.local/lib/python3.10/site-packages/airflow/example_dags/example_branch_datetime_operator.py for tasks to queue
[2023-04-14T19:32:47.709+0000] {logging_mixin.py:137} INFO - [2023-04-14T19:32:47.709+0000] {dagbag.py:532} INFO - Filling up the DagBag from /home/airflow/.local/lib/python3.10/site-packages/airflow/example_dags/example_branch_datetime_operator.py
[2023-04-14T19:32:47.724+0000] {processor.py:753} INFO - DAG(s) dict_keys(['example_branch_datetime_operator_2', 'example_branch_datetime_operator_3', 'example_branch_datetime_operator']) retrieved from /home/airflow/.local/lib/python3.10/site-packages/airflow/example_dags/example_branch_datetime_operator.py
[2023-04-14T19:32:47.754+0000] {logging_mixin.py:137} INFO - [2023-04-14T19:32:47.754+0000] {dag.py:2705} INFO - Sync 3 DAGs
[2023-04-14T19:32:47.774+0000] {logging_mixin.py:137} INFO - [2023-04-14T19:32:47.774+0000] {dag.py:3452} INFO - Setting next_dagrun for example_branch_datetime_operator to 2023-04-13T00:00:00+00:00, run_after=2023-04-14T00:00:00+00:00
[2023-04-14T19:32:47.778+0000] {logging_mixin.py:137} INFO - [2023-04-14T19:32:47.778+0000] {dag.py:3452} INFO - Setting next_dagrun for example_branch_datetime_operator_2 to 2023-04-13T00:00:00+00:00, run_after=2023-04-14T00:00:00+00:00
[2023-04-14T19:32:47.781+0000] {logging_mixin.py:137} INFO - [2023-04-14T19:32:47.780+0000] {dag.py:3452} INFO - Setting next_dagrun for example_branch_datetime_operator_3 to 2023-04-13T00:00:00+00:00, run_after=2023-04-14T00:00:00+00:00
[2023-04-14T19:32:47.795+0000] {processor.py:175} INFO - Processing /home/airflow/.local/lib/python3.10/site-packages/airflow/example_dags/example_branch_datetime_operator.py took 0.091 seconds
[2023-04-14T19:33:24.836+0000] {processor.py:153} INFO - Started process (PID=63) to work on /home/airflow/.local/lib/python3.10/site-packages/airflow/example_dags/example_branch_datetime_operator.py
[2023-04-14T19:33:24.837+0000] {processor.py:743} INFO - Processing file /home/airflow/.local/lib/python3.10/site-packages/airflow/example_dags/example_branch_datetime_operator.py for tasks to queue
[2023-04-14T19:33:24.838+0000] {logging_mixin.py:137} INFO - [2023-04-14T19:33:24.837+0000] {dagbag.py:532} INFO - Filling up the DagBag from /home/airflow/.local/lib/python3.10/site-packages/airflow/example_dags/example_branch_datetime_operator.py
[2023-04-14T19:33:24.861+0000] {processor.py:753} INFO - DAG(s) dict_keys(['example_branch_datetime_operator_3', 'example_branch_datetime_operator_2', 'example_branch_datetime_operator']) retrieved from /home/airflow/.local/lib/python3.10/site-packages/airflow/example_dags/example_branch_datetime_operator.py
[2023-04-14T19:33:24.873+0000] {logging_mixin.py:137} INFO - [2023-04-14T19:33:24.873+0000] {dag.py:2705} INFO - Sync 3 DAGs
[2023-04-14T19:33:24.891+0000] {logging_mixin.py:137} INFO - [2023-04-14T19:33:24.890+0000] {dag.py:3452} INFO - Setting next_dagrun for example_branch_datetime_operator to 2023-04-13T00:00:00+00:00, run_after=2023-04-14T00:00:00+00:00
[2023-04-14T19:33:24.894+0000] {logging_mixin.py:137} INFO - [2023-04-14T19:33:24.894+0000] {dag.py:3452} INFO - Setting next_dagrun for example_branch_datetime_operator_2 to 2023-04-13T00:00:00+00:00, run_after=2023-04-14T00:00:00+00:00
[2023-04-14T19:33:24.897+0000] {logging_mixin.py:137} INFO - [2023-04-14T19:33:24.896+0000] {dag.py:3452} INFO - Setting next_dagrun for example_branch_datetime_operator_3 to 2023-04-13T00:00:00+00:00, run_after=2023-04-14T00:00:00+00:00
[2023-04-14T19:33:24.910+0000] {processor.py:175} INFO - Processing /home/airflow/.local/lib/python3.10/site-packages/airflow/example_dags/example_branch_datetime_operator.py took 0.078 seconds
[2023-04-14T19:33:55.787+0000] {processor.py:153} INFO - Started process (PID=147) to work on /home/airflow/.local/lib/python3.10/site-packages/airflow/example_dags/example_branch_datetime_operator.py
[2023-04-14T19:33:55.788+0000] {processor.py:743} INFO - Processing file /home/airflow/.local/lib/python3.10/site-packages/airflow/example_dags/example_branch_datetime_operator.py for tasks to queue
[2023-04-14T19:33:55.789+0000] {logging_mixin.py:137} INFO - [2023-04-14T19:33:55.789+0000] {dagbag.py:532} INFO - Filling up the DagBag from /home/airflow/.local/lib/python3.10/site-packages/airflow/example_dags/example_branch_datetime_operator.py
[2023-04-14T19:33:55.801+0000] {processor.py:753} INFO - DAG(s) dict_keys(['example_branch_datetime_operator_2', 'example_branch_datetime_operator', 'example_branch_datetime_operator_3']) retrieved from /home/airflow/.local/lib/python3.10/site-packages/airflow/example_dags/example_branch_datetime_operator.py
[2023-04-14T19:33:55.825+0000] {logging_mixin.py:137} INFO - [2023-04-14T19:33:55.825+0000] {dag.py:2705} INFO - Sync 3 DAGs
[2023-04-14T19:33:55.841+0000] {logging_mixin.py:137} INFO - [2023-04-14T19:33:55.841+0000] {dag.py:3452} INFO - Setting next_dagrun for example_branch_datetime_operator to 2023-04-13T00:00:00+00:00, run_after=2023-04-14T00:00:00+00:00
[2023-04-14T19:33:55.845+0000] {logging_mixin.py:137} INFO - [2023-04-14T19:33:55.845+0000] {dag.py:3452} INFO - Setting next_dagrun for example_branch_datetime_operator_2 to 2023-04-13T00:00:00+00:00, run_after=2023-04-14T00:00:00+00:00
[2023-04-14T19:33:55.846+0000] {logging_mixin.py:137} INFO - [2023-04-14T19:33:55.846+0000] {dag.py:3452} INFO - Setting next_dagrun for example_branch_datetime_operator_3 to 2023-04-13T00:00:00+00:00, run_after=2023-04-14T00:00:00+00:00
[2023-04-14T19:33:55.856+0000] {processor.py:175} INFO - Processing /home/airflow/.local/lib/python3.10/site-packages/airflow/example_dags/example_branch_datetime_operator.py took 0.071 seconds
[2023-04-14T19:34:26.944+0000] {processor.py:153} INFO - Started process (PID=231) to work on /home/airflow/.local/lib/python3.10/site-packages/airflow/example_dags/example_branch_datetime_operator.py
[2023-04-14T19:34:26.945+0000] {processor.py:743} INFO - Processing file /home/airflow/.local/lib/python3.10/site-packages/airflow/example_dags/example_branch_datetime_operator.py for tasks to queue
[2023-04-14T19:34:26.945+0000] {logging_mixin.py:137} INFO - [2023-04-14T19:34:26.945+0000] {dagbag.py:532} INFO - Filling up the DagBag from /home/airflow/.local/lib/python3.10/site-packages/airflow/example_dags/example_branch_datetime_operator.py
[2023-04-14T19:34:26.960+0000] {processor.py:753} INFO - DAG(s) dict_keys(['example_branch_datetime_operator_3', 'example_branch_datetime_operator_2', 'example_branch_datetime_operator']) retrieved from /home/airflow/.local/lib/python3.10/site-packages/airflow/example_dags/example_branch_datetime_operator.py
[2023-04-14T19:34:26.985+0000] {logging_mixin.py:137} INFO - [2023-04-14T19:34:26.985+0000] {dag.py:2705} INFO - Sync 3 DAGs
[2023-04-14T19:34:27.003+0000] {logging_mixin.py:137} INFO - [2023-04-14T19:34:27.003+0000] {dag.py:3452} INFO - Setting next_dagrun for example_branch_datetime_operator to 2023-04-13T00:00:00+00:00, run_after=2023-04-14T00:00:00+00:00
[2023-04-14T19:34:27.006+0000] {logging_mixin.py:137} INFO - [2023-04-14T19:34:27.006+0000] {dag.py:3452} INFO - Setting next_dagrun for example_branch_datetime_operator_2 to 2023-04-13T00:00:00+00:00, run_after=2023-04-14T00:00:00+00:00
[2023-04-14T19:34:27.009+0000] {logging_mixin.py:137} INFO - [2023-04-14T19:34:27.009+0000] {dag.py:3452} INFO - Setting next_dagrun for example_branch_datetime_operator_3 to 2023-04-13T00:00:00+00:00, run_after=2023-04-14T00:00:00+00:00
[2023-04-14T19:34:27.022+0000] {processor.py:175} INFO - Processing /home/airflow/.local/lib/python3.10/site-packages/airflow/example_dags/example_branch_datetime_operator.py took 0.081 seconds
[2023-04-14T19:35:38.222+0000] {processor.py:153} INFO - Started process (PID=63) to work on /home/airflow/.local/lib/python3.10/site-packages/airflow/example_dags/example_branch_datetime_operator.py
[2023-04-14T19:35:38.223+0000] {processor.py:743} INFO - Processing file /home/airflow/.local/lib/python3.10/site-packages/airflow/example_dags/example_branch_datetime_operator.py for tasks to queue
[2023-04-14T19:35:38.224+0000] {logging_mixin.py:137} INFO - [2023-04-14T19:35:38.223+0000] {dagbag.py:532} INFO - Filling up the DagBag from /home/airflow/.local/lib/python3.10/site-packages/airflow/example_dags/example_branch_datetime_operator.py
[2023-04-14T19:35:38.240+0000] {processor.py:753} INFO - DAG(s) dict_keys(['example_branch_datetime_operator_3', 'example_branch_datetime_operator_2', 'example_branch_datetime_operator']) retrieved from /home/airflow/.local/lib/python3.10/site-packages/airflow/example_dags/example_branch_datetime_operator.py
[2023-04-14T19:35:38.252+0000] {logging_mixin.py:137} INFO - [2023-04-14T19:35:38.252+0000] {dag.py:2705} INFO - Sync 3 DAGs
[2023-04-14T19:35:38.270+0000] {logging_mixin.py:137} INFO - [2023-04-14T19:35:38.270+0000] {dag.py:3452} INFO - Setting next_dagrun for example_branch_datetime_operator to 2023-04-13T00:00:00+00:00, run_after=2023-04-14T00:00:00+00:00
[2023-04-14T19:35:38.274+0000] {logging_mixin.py:137} INFO - [2023-04-14T19:35:38.274+0000] {dag.py:3452} INFO - Setting next_dagrun for example_branch_datetime_operator_2 to 2023-04-13T00:00:00+00:00, run_after=2023-04-14T00:00:00+00:00
[2023-04-14T19:35:38.275+0000] {logging_mixin.py:137} INFO - [2023-04-14T19:35:38.275+0000] {dag.py:3452} INFO - Setting next_dagrun for example_branch_datetime_operator_3 to 2023-04-13T00:00:00+00:00, run_after=2023-04-14T00:00:00+00:00
[2023-04-14T19:35:38.287+0000] {processor.py:175} INFO - Processing /home/airflow/.local/lib/python3.10/site-packages/airflow/example_dags/example_branch_datetime_operator.py took 0.067 seconds
[2023-04-14T19:36:09.289+0000] {processor.py:153} INFO - Started process (PID=148) to work on /home/airflow/.local/lib/python3.10/site-packages/airflow/example_dags/example_branch_datetime_operator.py
[2023-04-14T19:36:09.290+0000] {processor.py:743} INFO - Processing file /home/airflow/.local/lib/python3.10/site-packages/airflow/example_dags/example_branch_datetime_operator.py for tasks to queue
[2023-04-14T19:36:09.290+0000] {logging_mixin.py:137} INFO - [2023-04-14T19:36:09.290+0000] {dagbag.py:532} INFO - Filling up the DagBag from /home/airflow/.local/lib/python3.10/site-packages/airflow/example_dags/example_branch_datetime_operator.py
[2023-04-14T19:36:09.303+0000] {processor.py:753} INFO - DAG(s) dict_keys(['example_branch_datetime_operator_3', 'example_branch_datetime_operator_2', 'example_branch_datetime_operator']) retrieved from /home/airflow/.local/lib/python3.10/site-packages/airflow/example_dags/example_branch_datetime_operator.py
[2023-04-14T19:36:09.324+0000] {logging_mixin.py:137} INFO - [2023-04-14T19:36:09.324+0000] {dag.py:2705} INFO - Sync 3 DAGs
[2023-04-14T19:36:09.339+0000] {logging_mixin.py:137} INFO - [2023-04-14T19:36:09.339+0000] {dag.py:3452} INFO - Setting next_dagrun for example_branch_datetime_operator to 2023-04-13T00:00:00+00:00, run_after=2023-04-14T00:00:00+00:00
[2023-04-14T19:36:09.342+0000] {logging_mixin.py:137} INFO - [2023-04-14T19:36:09.341+0000] {dag.py:3452} INFO - Setting next_dagrun for example_branch_datetime_operator_2 to 2023-04-13T00:00:00+00:00, run_after=2023-04-14T00:00:00+00:00
[2023-04-14T19:36:09.343+0000] {logging_mixin.py:137} INFO - [2023-04-14T19:36:09.343+0000] {dag.py:3452} INFO - Setting next_dagrun for example_branch_datetime_operator_3 to 2023-04-13T00:00:00+00:00, run_after=2023-04-14T00:00:00+00:00
[2023-04-14T19:36:09.354+0000] {processor.py:175} INFO - Processing /home/airflow/.local/lib/python3.10/site-packages/airflow/example_dags/example_branch_datetime_operator.py took 0.068 seconds
