[2023-04-14T19:13:17.041+0000] {processor.py:153} INFO - Started process (PID=39) to work on /home/airflow/.local/lib/python3.7/site-packages/airflow/example_dags/example_branch_day_of_week_operator.py
[2023-04-14T19:13:17.042+0000] {processor.py:743} INFO - Processing file /home/airflow/.local/lib/python3.7/site-packages/airflow/example_dags/example_branch_day_of_week_operator.py for tasks to queue
[2023-04-14T19:13:17.044+0000] {logging_mixin.py:137} INFO - [2023-04-14T19:13:17.043+0000] {dagbag.py:532} INFO - Filling up the DagBag from /home/airflow/.local/lib/python3.7/site-packages/airflow/example_dags/example_branch_day_of_week_operator.py
[2023-04-14T19:13:17.075+0000] {processor.py:753} INFO - DAG(s) dict_keys(['example_weekday_branch_operator']) retrieved from /home/airflow/.local/lib/python3.7/site-packages/airflow/example_dags/example_branch_day_of_week_operator.py
[2023-04-14T19:13:17.100+0000] {logging_mixin.py:137} INFO - [2023-04-14T19:13:17.100+0000] {dag.py:2705} INFO - Sync 1 DAGs
[2023-04-14T19:13:17.122+0000] {logging_mixin.py:137} INFO - [2023-04-14T19:13:17.122+0000] {dag.py:3456} INFO - Setting next_dagrun for example_weekday_branch_operator to 2023-04-13T00:00:00+00:00, run_after=2023-04-14T00:00:00+00:00
[2023-04-14T19:13:17.142+0000] {processor.py:175} INFO - Processing /home/airflow/.local/lib/python3.7/site-packages/airflow/example_dags/example_branch_day_of_week_operator.py took 0.105 seconds
[2023-04-14T19:13:47.327+0000] {processor.py:153} INFO - Started process (PID=129) to work on /home/airflow/.local/lib/python3.7/site-packages/airflow/example_dags/example_branch_day_of_week_operator.py
[2023-04-14T19:13:47.328+0000] {processor.py:743} INFO - Processing file /home/airflow/.local/lib/python3.7/site-packages/airflow/example_dags/example_branch_day_of_week_operator.py for tasks to queue
[2023-04-14T19:13:47.329+0000] {logging_mixin.py:137} INFO - [2023-04-14T19:13:47.329+0000] {dagbag.py:532} INFO - Filling up the DagBag from /home/airflow/.local/lib/python3.7/site-packages/airflow/example_dags/example_branch_day_of_week_operator.py
[2023-04-14T19:13:47.341+0000] {processor.py:753} INFO - DAG(s) dict_keys(['example_weekday_branch_operator']) retrieved from /home/airflow/.local/lib/python3.7/site-packages/airflow/example_dags/example_branch_day_of_week_operator.py
[2023-04-14T19:13:47.360+0000] {logging_mixin.py:137} INFO - [2023-04-14T19:13:47.360+0000] {dag.py:2705} INFO - Sync 1 DAGs
[2023-04-14T19:13:47.380+0000] {logging_mixin.py:137} INFO - [2023-04-14T19:13:47.380+0000] {dag.py:3456} INFO - Setting next_dagrun for example_weekday_branch_operator to 2023-04-13T00:00:00+00:00, run_after=2023-04-14T00:00:00+00:00
[2023-04-14T19:13:47.391+0000] {processor.py:175} INFO - Processing /home/airflow/.local/lib/python3.7/site-packages/airflow/example_dags/example_branch_day_of_week_operator.py took 0.068 seconds
[2023-04-14T19:14:17.446+0000] {processor.py:153} INFO - Started process (PID=204) to work on /home/airflow/.local/lib/python3.7/site-packages/airflow/example_dags/example_branch_day_of_week_operator.py
[2023-04-14T19:14:17.447+0000] {processor.py:743} INFO - Processing file /home/airflow/.local/lib/python3.7/site-packages/airflow/example_dags/example_branch_day_of_week_operator.py for tasks to queue
[2023-04-14T19:14:17.447+0000] {logging_mixin.py:137} INFO - [2023-04-14T19:14:17.447+0000] {dagbag.py:532} INFO - Filling up the DagBag from /home/airflow/.local/lib/python3.7/site-packages/airflow/example_dags/example_branch_day_of_week_operator.py
[2023-04-14T19:14:17.459+0000] {processor.py:753} INFO - DAG(s) dict_keys(['example_weekday_branch_operator']) retrieved from /home/airflow/.local/lib/python3.7/site-packages/airflow/example_dags/example_branch_day_of_week_operator.py
[2023-04-14T19:14:17.480+0000] {logging_mixin.py:137} INFO - [2023-04-14T19:14:17.480+0000] {dag.py:2705} INFO - Sync 1 DAGs
[2023-04-14T19:14:17.502+0000] {logging_mixin.py:137} INFO - [2023-04-14T19:14:17.502+0000] {dag.py:3456} INFO - Setting next_dagrun for example_weekday_branch_operator to 2023-04-13T00:00:00+00:00, run_after=2023-04-14T00:00:00+00:00
[2023-04-14T19:14:17.518+0000] {processor.py:175} INFO - Processing /home/airflow/.local/lib/python3.7/site-packages/airflow/example_dags/example_branch_day_of_week_operator.py took 0.075 seconds
[2023-04-14T19:14:47.770+0000] {processor.py:153} INFO - Started process (PID=295) to work on /home/airflow/.local/lib/python3.7/site-packages/airflow/example_dags/example_branch_day_of_week_operator.py
[2023-04-14T19:14:47.771+0000] {processor.py:743} INFO - Processing file /home/airflow/.local/lib/python3.7/site-packages/airflow/example_dags/example_branch_day_of_week_operator.py for tasks to queue
[2023-04-14T19:14:47.772+0000] {logging_mixin.py:137} INFO - [2023-04-14T19:14:47.772+0000] {dagbag.py:532} INFO - Filling up the DagBag from /home/airflow/.local/lib/python3.7/site-packages/airflow/example_dags/example_branch_day_of_week_operator.py
[2023-04-14T19:14:47.783+0000] {processor.py:753} INFO - DAG(s) dict_keys(['example_weekday_branch_operator']) retrieved from /home/airflow/.local/lib/python3.7/site-packages/airflow/example_dags/example_branch_day_of_week_operator.py
[2023-04-14T19:14:47.802+0000] {logging_mixin.py:137} INFO - [2023-04-14T19:14:47.802+0000] {dag.py:2705} INFO - Sync 1 DAGs
[2023-04-14T19:14:47.819+0000] {logging_mixin.py:137} INFO - [2023-04-14T19:14:47.819+0000] {dag.py:3456} INFO - Setting next_dagrun for example_weekday_branch_operator to 2023-04-13T00:00:00+00:00, run_after=2023-04-14T00:00:00+00:00
[2023-04-14T19:14:47.832+0000] {processor.py:175} INFO - Processing /home/airflow/.local/lib/python3.7/site-packages/airflow/example_dags/example_branch_day_of_week_operator.py took 0.068 seconds
[2023-04-14T19:15:17.872+0000] {processor.py:153} INFO - Started process (PID=386) to work on /home/airflow/.local/lib/python3.7/site-packages/airflow/example_dags/example_branch_day_of_week_operator.py
[2023-04-14T19:15:17.873+0000] {processor.py:743} INFO - Processing file /home/airflow/.local/lib/python3.7/site-packages/airflow/example_dags/example_branch_day_of_week_operator.py for tasks to queue
[2023-04-14T19:15:17.873+0000] {logging_mixin.py:137} INFO - [2023-04-14T19:15:17.873+0000] {dagbag.py:532} INFO - Filling up the DagBag from /home/airflow/.local/lib/python3.7/site-packages/airflow/example_dags/example_branch_day_of_week_operator.py
[2023-04-14T19:15:17.885+0000] {processor.py:753} INFO - DAG(s) dict_keys(['example_weekday_branch_operator']) retrieved from /home/airflow/.local/lib/python3.7/site-packages/airflow/example_dags/example_branch_day_of_week_operator.py
[2023-04-14T19:15:17.904+0000] {logging_mixin.py:137} INFO - [2023-04-14T19:15:17.904+0000] {dag.py:2705} INFO - Sync 1 DAGs
[2023-04-14T19:15:17.922+0000] {logging_mixin.py:137} INFO - [2023-04-14T19:15:17.921+0000] {dag.py:3456} INFO - Setting next_dagrun for example_weekday_branch_operator to 2023-04-13T00:00:00+00:00, run_after=2023-04-14T00:00:00+00:00
[2023-04-14T19:15:17.936+0000] {processor.py:175} INFO - Processing /home/airflow/.local/lib/python3.7/site-packages/airflow/example_dags/example_branch_day_of_week_operator.py took 0.067 seconds
[2023-04-14T19:17:34.514+0000] {processor.py:153} INFO - Started process (PID=39) to work on /home/airflow/.local/lib/python3.7/site-packages/airflow/example_dags/example_branch_day_of_week_operator.py
[2023-04-14T19:17:34.515+0000] {processor.py:743} INFO - Processing file /home/airflow/.local/lib/python3.7/site-packages/airflow/example_dags/example_branch_day_of_week_operator.py for tasks to queue
[2023-04-14T19:17:34.517+0000] {logging_mixin.py:137} INFO - [2023-04-14T19:17:34.517+0000] {dagbag.py:532} INFO - Filling up the DagBag from /home/airflow/.local/lib/python3.7/site-packages/airflow/example_dags/example_branch_day_of_week_operator.py
[2023-04-14T19:17:34.553+0000] {processor.py:753} INFO - DAG(s) dict_keys(['example_weekday_branch_operator']) retrieved from /home/airflow/.local/lib/python3.7/site-packages/airflow/example_dags/example_branch_day_of_week_operator.py
[2023-04-14T19:17:34.581+0000] {logging_mixin.py:137} INFO - [2023-04-14T19:17:34.581+0000] {dag.py:2705} INFO - Sync 1 DAGs
[2023-04-14T19:17:34.608+0000] {logging_mixin.py:137} INFO - [2023-04-14T19:17:34.607+0000] {dag.py:3456} INFO - Setting next_dagrun for example_weekday_branch_operator to 2023-04-13T00:00:00+00:00, run_after=2023-04-14T00:00:00+00:00
[2023-04-14T19:17:34.627+0000] {processor.py:175} INFO - Processing /home/airflow/.local/lib/python3.7/site-packages/airflow/example_dags/example_branch_day_of_week_operator.py took 0.118 seconds
[2023-04-14T19:18:04.973+0000] {processor.py:153} INFO - Started process (PID=131) to work on /home/airflow/.local/lib/python3.7/site-packages/airflow/example_dags/example_branch_day_of_week_operator.py
[2023-04-14T19:18:04.974+0000] {processor.py:743} INFO - Processing file /home/airflow/.local/lib/python3.7/site-packages/airflow/example_dags/example_branch_day_of_week_operator.py for tasks to queue
[2023-04-14T19:18:04.976+0000] {logging_mixin.py:137} INFO - [2023-04-14T19:18:04.975+0000] {dagbag.py:532} INFO - Filling up the DagBag from /home/airflow/.local/lib/python3.7/site-packages/airflow/example_dags/example_branch_day_of_week_operator.py
[2023-04-14T19:18:04.991+0000] {processor.py:753} INFO - DAG(s) dict_keys(['example_weekday_branch_operator']) retrieved from /home/airflow/.local/lib/python3.7/site-packages/airflow/example_dags/example_branch_day_of_week_operator.py
[2023-04-14T19:18:05.015+0000] {logging_mixin.py:137} INFO - [2023-04-14T19:18:05.014+0000] {dag.py:2705} INFO - Sync 1 DAGs
[2023-04-14T19:18:05.036+0000] {logging_mixin.py:137} INFO - [2023-04-14T19:18:05.035+0000] {dag.py:3456} INFO - Setting next_dagrun for example_weekday_branch_operator to 2023-04-13T00:00:00+00:00, run_after=2023-04-14T00:00:00+00:00
[2023-04-14T19:18:05.049+0000] {processor.py:175} INFO - Processing /home/airflow/.local/lib/python3.7/site-packages/airflow/example_dags/example_branch_day_of_week_operator.py took 0.082 seconds
[2023-04-14T19:18:35.546+0000] {processor.py:153} INFO - Started process (PID=215) to work on /home/airflow/.local/lib/python3.7/site-packages/airflow/example_dags/example_branch_day_of_week_operator.py
[2023-04-14T19:18:35.547+0000] {processor.py:743} INFO - Processing file /home/airflow/.local/lib/python3.7/site-packages/airflow/example_dags/example_branch_day_of_week_operator.py for tasks to queue
[2023-04-14T19:18:35.548+0000] {logging_mixin.py:137} INFO - [2023-04-14T19:18:35.548+0000] {dagbag.py:532} INFO - Filling up the DagBag from /home/airflow/.local/lib/python3.7/site-packages/airflow/example_dags/example_branch_day_of_week_operator.py
[2023-04-14T19:18:35.565+0000] {processor.py:753} INFO - DAG(s) dict_keys(['example_weekday_branch_operator']) retrieved from /home/airflow/.local/lib/python3.7/site-packages/airflow/example_dags/example_branch_day_of_week_operator.py
[2023-04-14T19:18:35.592+0000] {logging_mixin.py:137} INFO - [2023-04-14T19:18:35.592+0000] {dag.py:2705} INFO - Sync 1 DAGs
[2023-04-14T19:18:35.613+0000] {logging_mixin.py:137} INFO - [2023-04-14T19:18:35.613+0000] {dag.py:3456} INFO - Setting next_dagrun for example_weekday_branch_operator to 2023-04-13T00:00:00+00:00, run_after=2023-04-14T00:00:00+00:00
[2023-04-14T19:18:35.629+0000] {processor.py:175} INFO - Processing /home/airflow/.local/lib/python3.7/site-packages/airflow/example_dags/example_branch_day_of_week_operator.py took 0.086 seconds
[2023-04-14T19:19:05.995+0000] {processor.py:153} INFO - Started process (PID=297) to work on /home/airflow/.local/lib/python3.7/site-packages/airflow/example_dags/example_branch_day_of_week_operator.py
[2023-04-14T19:19:05.997+0000] {processor.py:743} INFO - Processing file /home/airflow/.local/lib/python3.7/site-packages/airflow/example_dags/example_branch_day_of_week_operator.py for tasks to queue
[2023-04-14T19:19:05.999+0000] {logging_mixin.py:137} INFO - [2023-04-14T19:19:05.998+0000] {dagbag.py:532} INFO - Filling up the DagBag from /home/airflow/.local/lib/python3.7/site-packages/airflow/example_dags/example_branch_day_of_week_operator.py
[2023-04-14T19:19:06.015+0000] {processor.py:753} INFO - DAG(s) dict_keys(['example_weekday_branch_operator']) retrieved from /home/airflow/.local/lib/python3.7/site-packages/airflow/example_dags/example_branch_day_of_week_operator.py
[2023-04-14T19:19:06.040+0000] {logging_mixin.py:137} INFO - [2023-04-14T19:19:06.040+0000] {dag.py:2705} INFO - Sync 1 DAGs
[2023-04-14T19:19:06.059+0000] {logging_mixin.py:137} INFO - [2023-04-14T19:19:06.059+0000] {dag.py:3456} INFO - Setting next_dagrun for example_weekday_branch_operator to 2023-04-13T00:00:00+00:00, run_after=2023-04-14T00:00:00+00:00
[2023-04-14T19:19:06.074+0000] {processor.py:175} INFO - Processing /home/airflow/.local/lib/python3.7/site-packages/airflow/example_dags/example_branch_day_of_week_operator.py took 0.087 seconds
[2023-04-14T19:19:36.242+0000] {processor.py:153} INFO - Started process (PID=390) to work on /home/airflow/.local/lib/python3.7/site-packages/airflow/example_dags/example_branch_day_of_week_operator.py
[2023-04-14T19:19:36.245+0000] {processor.py:743} INFO - Processing file /home/airflow/.local/lib/python3.7/site-packages/airflow/example_dags/example_branch_day_of_week_operator.py for tasks to queue
[2023-04-14T19:19:36.250+0000] {logging_mixin.py:137} INFO - [2023-04-14T19:19:36.249+0000] {dagbag.py:532} INFO - Filling up the DagBag from /home/airflow/.local/lib/python3.7/site-packages/airflow/example_dags/example_branch_day_of_week_operator.py
[2023-04-14T19:19:36.268+0000] {processor.py:753} INFO - DAG(s) dict_keys(['example_weekday_branch_operator']) retrieved from /home/airflow/.local/lib/python3.7/site-packages/airflow/example_dags/example_branch_day_of_week_operator.py
[2023-04-14T19:19:36.289+0000] {logging_mixin.py:137} INFO - [2023-04-14T19:19:36.289+0000] {dag.py:2705} INFO - Sync 1 DAGs
[2023-04-14T19:19:36.306+0000] {logging_mixin.py:137} INFO - [2023-04-14T19:19:36.306+0000] {dag.py:3456} INFO - Setting next_dagrun for example_weekday_branch_operator to 2023-04-13T00:00:00+00:00, run_after=2023-04-14T00:00:00+00:00
[2023-04-14T19:19:36.322+0000] {processor.py:175} INFO - Processing /home/airflow/.local/lib/python3.7/site-packages/airflow/example_dags/example_branch_day_of_week_operator.py took 0.089 seconds
[2023-04-14T19:20:06.601+0000] {processor.py:153} INFO - Started process (PID=465) to work on /home/airflow/.local/lib/python3.7/site-packages/airflow/example_dags/example_branch_day_of_week_operator.py
[2023-04-14T19:20:06.602+0000] {processor.py:743} INFO - Processing file /home/airflow/.local/lib/python3.7/site-packages/airflow/example_dags/example_branch_day_of_week_operator.py for tasks to queue
[2023-04-14T19:20:06.602+0000] {logging_mixin.py:137} INFO - [2023-04-14T19:20:06.602+0000] {dagbag.py:532} INFO - Filling up the DagBag from /home/airflow/.local/lib/python3.7/site-packages/airflow/example_dags/example_branch_day_of_week_operator.py
[2023-04-14T19:20:06.614+0000] {processor.py:753} INFO - DAG(s) dict_keys(['example_weekday_branch_operator']) retrieved from /home/airflow/.local/lib/python3.7/site-packages/airflow/example_dags/example_branch_day_of_week_operator.py
[2023-04-14T19:20:06.638+0000] {logging_mixin.py:137} INFO - [2023-04-14T19:20:06.638+0000] {dag.py:2705} INFO - Sync 1 DAGs
[2023-04-14T19:20:06.659+0000] {logging_mixin.py:137} INFO - [2023-04-14T19:20:06.658+0000] {dag.py:3456} INFO - Setting next_dagrun for example_weekday_branch_operator to 2023-04-13T00:00:00+00:00, run_after=2023-04-14T00:00:00+00:00
[2023-04-14T19:20:06.672+0000] {processor.py:175} INFO - Processing /home/airflow/.local/lib/python3.7/site-packages/airflow/example_dags/example_branch_day_of_week_operator.py took 0.074 seconds
[2023-04-14T19:20:37.104+0000] {processor.py:153} INFO - Started process (PID=557) to work on /home/airflow/.local/lib/python3.7/site-packages/airflow/example_dags/example_branch_day_of_week_operator.py
[2023-04-14T19:20:37.105+0000] {processor.py:743} INFO - Processing file /home/airflow/.local/lib/python3.7/site-packages/airflow/example_dags/example_branch_day_of_week_operator.py for tasks to queue
[2023-04-14T19:20:37.107+0000] {logging_mixin.py:137} INFO - [2023-04-14T19:20:37.106+0000] {dagbag.py:532} INFO - Filling up the DagBag from /home/airflow/.local/lib/python3.7/site-packages/airflow/example_dags/example_branch_day_of_week_operator.py
[2023-04-14T19:20:37.128+0000] {processor.py:753} INFO - DAG(s) dict_keys(['example_weekday_branch_operator']) retrieved from /home/airflow/.local/lib/python3.7/site-packages/airflow/example_dags/example_branch_day_of_week_operator.py
[2023-04-14T19:20:37.148+0000] {logging_mixin.py:137} INFO - [2023-04-14T19:20:37.148+0000] {dag.py:2705} INFO - Sync 1 DAGs
[2023-04-14T19:20:37.168+0000] {logging_mixin.py:137} INFO - [2023-04-14T19:20:37.168+0000] {dag.py:3456} INFO - Setting next_dagrun for example_weekday_branch_operator to 2023-04-13T00:00:00+00:00, run_after=2023-04-14T00:00:00+00:00
[2023-04-14T19:20:37.182+0000] {processor.py:175} INFO - Processing /home/airflow/.local/lib/python3.7/site-packages/airflow/example_dags/example_branch_day_of_week_operator.py took 0.087 seconds
[2023-04-14T19:21:07.382+0000] {processor.py:153} INFO - Started process (PID=648) to work on /home/airflow/.local/lib/python3.7/site-packages/airflow/example_dags/example_branch_day_of_week_operator.py
[2023-04-14T19:21:07.383+0000] {processor.py:743} INFO - Processing file /home/airflow/.local/lib/python3.7/site-packages/airflow/example_dags/example_branch_day_of_week_operator.py for tasks to queue
[2023-04-14T19:21:07.384+0000] {logging_mixin.py:137} INFO - [2023-04-14T19:21:07.383+0000] {dagbag.py:532} INFO - Filling up the DagBag from /home/airflow/.local/lib/python3.7/site-packages/airflow/example_dags/example_branch_day_of_week_operator.py
[2023-04-14T19:21:07.397+0000] {processor.py:753} INFO - DAG(s) dict_keys(['example_weekday_branch_operator']) retrieved from /home/airflow/.local/lib/python3.7/site-packages/airflow/example_dags/example_branch_day_of_week_operator.py
[2023-04-14T19:21:07.419+0000] {logging_mixin.py:137} INFO - [2023-04-14T19:21:07.419+0000] {dag.py:2705} INFO - Sync 1 DAGs
[2023-04-14T19:21:07.438+0000] {logging_mixin.py:137} INFO - [2023-04-14T19:21:07.438+0000] {dag.py:3456} INFO - Setting next_dagrun for example_weekday_branch_operator to 2023-04-13T00:00:00+00:00, run_after=2023-04-14T00:00:00+00:00
[2023-04-14T19:21:07.455+0000] {processor.py:175} INFO - Processing /home/airflow/.local/lib/python3.7/site-packages/airflow/example_dags/example_branch_day_of_week_operator.py took 0.075 seconds
[2023-04-14T19:21:37.616+0000] {processor.py:153} INFO - Started process (PID=723) to work on /home/airflow/.local/lib/python3.7/site-packages/airflow/example_dags/example_branch_day_of_week_operator.py
[2023-04-14T19:21:37.617+0000] {processor.py:743} INFO - Processing file /home/airflow/.local/lib/python3.7/site-packages/airflow/example_dags/example_branch_day_of_week_operator.py for tasks to queue
[2023-04-14T19:21:37.617+0000] {logging_mixin.py:137} INFO - [2023-04-14T19:21:37.617+0000] {dagbag.py:532} INFO - Filling up the DagBag from /home/airflow/.local/lib/python3.7/site-packages/airflow/example_dags/example_branch_day_of_week_operator.py
[2023-04-14T19:21:37.628+0000] {processor.py:753} INFO - DAG(s) dict_keys(['example_weekday_branch_operator']) retrieved from /home/airflow/.local/lib/python3.7/site-packages/airflow/example_dags/example_branch_day_of_week_operator.py
[2023-04-14T19:21:37.648+0000] {logging_mixin.py:137} INFO - [2023-04-14T19:21:37.648+0000] {dag.py:2705} INFO - Sync 1 DAGs
[2023-04-14T19:21:37.664+0000] {logging_mixin.py:137} INFO - [2023-04-14T19:21:37.664+0000] {dag.py:3456} INFO - Setting next_dagrun for example_weekday_branch_operator to 2023-04-13T00:00:00+00:00, run_after=2023-04-14T00:00:00+00:00
[2023-04-14T19:21:37.677+0000] {processor.py:175} INFO - Processing /home/airflow/.local/lib/python3.7/site-packages/airflow/example_dags/example_branch_day_of_week_operator.py took 0.063 seconds
[2023-04-14T19:22:07.774+0000] {processor.py:153} INFO - Started process (PID=814) to work on /home/airflow/.local/lib/python3.7/site-packages/airflow/example_dags/example_branch_day_of_week_operator.py
[2023-04-14T19:22:07.775+0000] {processor.py:743} INFO - Processing file /home/airflow/.local/lib/python3.7/site-packages/airflow/example_dags/example_branch_day_of_week_operator.py for tasks to queue
[2023-04-14T19:22:07.776+0000] {logging_mixin.py:137} INFO - [2023-04-14T19:22:07.776+0000] {dagbag.py:532} INFO - Filling up the DagBag from /home/airflow/.local/lib/python3.7/site-packages/airflow/example_dags/example_branch_day_of_week_operator.py
[2023-04-14T19:22:07.789+0000] {processor.py:753} INFO - DAG(s) dict_keys(['example_weekday_branch_operator']) retrieved from /home/airflow/.local/lib/python3.7/site-packages/airflow/example_dags/example_branch_day_of_week_operator.py
[2023-04-14T19:22:07.808+0000] {logging_mixin.py:137} INFO - [2023-04-14T19:22:07.808+0000] {dag.py:2705} INFO - Sync 1 DAGs
[2023-04-14T19:22:07.825+0000] {logging_mixin.py:137} INFO - [2023-04-14T19:22:07.825+0000] {dag.py:3456} INFO - Setting next_dagrun for example_weekday_branch_operator to 2023-04-13T00:00:00+00:00, run_after=2023-04-14T00:00:00+00:00
[2023-04-14T19:22:07.837+0000] {processor.py:175} INFO - Processing /home/airflow/.local/lib/python3.7/site-packages/airflow/example_dags/example_branch_day_of_week_operator.py took 0.070 seconds
[2023-04-14T19:22:37.890+0000] {processor.py:153} INFO - Started process (PID=905) to work on /home/airflow/.local/lib/python3.7/site-packages/airflow/example_dags/example_branch_day_of_week_operator.py
[2023-04-14T19:22:37.891+0000] {processor.py:743} INFO - Processing file /home/airflow/.local/lib/python3.7/site-packages/airflow/example_dags/example_branch_day_of_week_operator.py for tasks to queue
[2023-04-14T19:22:37.892+0000] {logging_mixin.py:137} INFO - [2023-04-14T19:22:37.892+0000] {dagbag.py:532} INFO - Filling up the DagBag from /home/airflow/.local/lib/python3.7/site-packages/airflow/example_dags/example_branch_day_of_week_operator.py
[2023-04-14T19:22:37.912+0000] {processor.py:753} INFO - DAG(s) dict_keys(['example_weekday_branch_operator']) retrieved from /home/airflow/.local/lib/python3.7/site-packages/airflow/example_dags/example_branch_day_of_week_operator.py
[2023-04-14T19:22:37.932+0000] {logging_mixin.py:137} INFO - [2023-04-14T19:22:37.932+0000] {dag.py:2705} INFO - Sync 1 DAGs
[2023-04-14T19:22:37.952+0000] {logging_mixin.py:137} INFO - [2023-04-14T19:22:37.952+0000] {dag.py:3456} INFO - Setting next_dagrun for example_weekday_branch_operator to 2023-04-13T00:00:00+00:00, run_after=2023-04-14T00:00:00+00:00
[2023-04-14T19:22:37.969+0000] {processor.py:175} INFO - Processing /home/airflow/.local/lib/python3.7/site-packages/airflow/example_dags/example_branch_day_of_week_operator.py took 0.082 seconds
[2023-04-14T19:23:08.701+0000] {processor.py:153} INFO - Started process (PID=980) to work on /home/airflow/.local/lib/python3.7/site-packages/airflow/example_dags/example_branch_day_of_week_operator.py
[2023-04-14T19:23:08.702+0000] {processor.py:743} INFO - Processing file /home/airflow/.local/lib/python3.7/site-packages/airflow/example_dags/example_branch_day_of_week_operator.py for tasks to queue
[2023-04-14T19:23:08.705+0000] {logging_mixin.py:137} INFO - [2023-04-14T19:23:08.704+0000] {dagbag.py:532} INFO - Filling up the DagBag from /home/airflow/.local/lib/python3.7/site-packages/airflow/example_dags/example_branch_day_of_week_operator.py
[2023-04-14T19:23:08.720+0000] {processor.py:753} INFO - DAG(s) dict_keys(['example_weekday_branch_operator']) retrieved from /home/airflow/.local/lib/python3.7/site-packages/airflow/example_dags/example_branch_day_of_week_operator.py
[2023-04-14T19:23:08.739+0000] {logging_mixin.py:137} INFO - [2023-04-14T19:23:08.739+0000] {dag.py:2705} INFO - Sync 1 DAGs
[2023-04-14T19:23:08.756+0000] {logging_mixin.py:137} INFO - [2023-04-14T19:23:08.756+0000] {dag.py:3456} INFO - Setting next_dagrun for example_weekday_branch_operator to 2023-04-13T00:00:00+00:00, run_after=2023-04-14T00:00:00+00:00
[2023-04-14T19:23:08.769+0000] {processor.py:175} INFO - Processing /home/airflow/.local/lib/python3.7/site-packages/airflow/example_dags/example_branch_day_of_week_operator.py took 0.075 seconds
[2023-04-14T19:23:38.805+0000] {processor.py:153} INFO - Started process (PID=1071) to work on /home/airflow/.local/lib/python3.7/site-packages/airflow/example_dags/example_branch_day_of_week_operator.py
[2023-04-14T19:23:38.806+0000] {processor.py:743} INFO - Processing file /home/airflow/.local/lib/python3.7/site-packages/airflow/example_dags/example_branch_day_of_week_operator.py for tasks to queue
[2023-04-14T19:23:38.807+0000] {logging_mixin.py:137} INFO - [2023-04-14T19:23:38.807+0000] {dagbag.py:532} INFO - Filling up the DagBag from /home/airflow/.local/lib/python3.7/site-packages/airflow/example_dags/example_branch_day_of_week_operator.py
[2023-04-14T19:23:38.819+0000] {processor.py:753} INFO - DAG(s) dict_keys(['example_weekday_branch_operator']) retrieved from /home/airflow/.local/lib/python3.7/site-packages/airflow/example_dags/example_branch_day_of_week_operator.py
[2023-04-14T19:23:38.839+0000] {logging_mixin.py:137} INFO - [2023-04-14T19:23:38.838+0000] {dag.py:2705} INFO - Sync 1 DAGs
[2023-04-14T19:23:38.857+0000] {logging_mixin.py:137} INFO - [2023-04-14T19:23:38.857+0000] {dag.py:3456} INFO - Setting next_dagrun for example_weekday_branch_operator to 2023-04-13T00:00:00+00:00, run_after=2023-04-14T00:00:00+00:00
[2023-04-14T19:23:38.869+0000] {processor.py:175} INFO - Processing /home/airflow/.local/lib/python3.7/site-packages/airflow/example_dags/example_branch_day_of_week_operator.py took 0.069 seconds
[2023-04-14T19:24:08.988+0000] {processor.py:153} INFO - Started process (PID=1155) to work on /home/airflow/.local/lib/python3.7/site-packages/airflow/example_dags/example_branch_day_of_week_operator.py
[2023-04-14T19:24:08.989+0000] {processor.py:743} INFO - Processing file /home/airflow/.local/lib/python3.7/site-packages/airflow/example_dags/example_branch_day_of_week_operator.py for tasks to queue
[2023-04-14T19:24:08.989+0000] {logging_mixin.py:137} INFO - [2023-04-14T19:24:08.989+0000] {dagbag.py:532} INFO - Filling up the DagBag from /home/airflow/.local/lib/python3.7/site-packages/airflow/example_dags/example_branch_day_of_week_operator.py
[2023-04-14T19:24:09.001+0000] {processor.py:753} INFO - DAG(s) dict_keys(['example_weekday_branch_operator']) retrieved from /home/airflow/.local/lib/python3.7/site-packages/airflow/example_dags/example_branch_day_of_week_operator.py
[2023-04-14T19:24:09.022+0000] {logging_mixin.py:137} INFO - [2023-04-14T19:24:09.022+0000] {dag.py:2705} INFO - Sync 1 DAGs
[2023-04-14T19:24:09.039+0000] {logging_mixin.py:137} INFO - [2023-04-14T19:24:09.039+0000] {dag.py:3456} INFO - Setting next_dagrun for example_weekday_branch_operator to 2023-04-13T00:00:00+00:00, run_after=2023-04-14T00:00:00+00:00
[2023-04-14T19:24:09.051+0000] {processor.py:175} INFO - Processing /home/airflow/.local/lib/python3.7/site-packages/airflow/example_dags/example_branch_day_of_week_operator.py took 0.067 seconds
[2023-04-14T19:26:08.344+0000] {processor.py:153} INFO - Started process (PID=39) to work on /home/airflow/.local/lib/python3.7/site-packages/airflow/example_dags/example_branch_day_of_week_operator.py
[2023-04-14T19:26:08.347+0000] {processor.py:743} INFO - Processing file /home/airflow/.local/lib/python3.7/site-packages/airflow/example_dags/example_branch_day_of_week_operator.py for tasks to queue
[2023-04-14T19:26:08.348+0000] {logging_mixin.py:137} INFO - [2023-04-14T19:26:08.348+0000] {dagbag.py:532} INFO - Filling up the DagBag from /home/airflow/.local/lib/python3.7/site-packages/airflow/example_dags/example_branch_day_of_week_operator.py
[2023-04-14T19:26:08.376+0000] {processor.py:753} INFO - DAG(s) dict_keys(['example_weekday_branch_operator']) retrieved from /home/airflow/.local/lib/python3.7/site-packages/airflow/example_dags/example_branch_day_of_week_operator.py
[2023-04-14T19:26:08.401+0000] {logging_mixin.py:137} INFO - [2023-04-14T19:26:08.401+0000] {dag.py:2705} INFO - Sync 1 DAGs
[2023-04-14T19:26:08.433+0000] {logging_mixin.py:137} INFO - [2023-04-14T19:26:08.432+0000] {dag.py:3456} INFO - Setting next_dagrun for example_weekday_branch_operator to 2023-04-13T00:00:00+00:00, run_after=2023-04-14T00:00:00+00:00
[2023-04-14T19:26:08.451+0000] {processor.py:175} INFO - Processing /home/airflow/.local/lib/python3.7/site-packages/airflow/example_dags/example_branch_day_of_week_operator.py took 0.112 seconds
[2023-04-14T19:26:38.499+0000] {processor.py:153} INFO - Started process (PID=130) to work on /home/airflow/.local/lib/python3.7/site-packages/airflow/example_dags/example_branch_day_of_week_operator.py
[2023-04-14T19:26:38.499+0000] {processor.py:743} INFO - Processing file /home/airflow/.local/lib/python3.7/site-packages/airflow/example_dags/example_branch_day_of_week_operator.py for tasks to queue
[2023-04-14T19:26:38.500+0000] {logging_mixin.py:137} INFO - [2023-04-14T19:26:38.500+0000] {dagbag.py:532} INFO - Filling up the DagBag from /home/airflow/.local/lib/python3.7/site-packages/airflow/example_dags/example_branch_day_of_week_operator.py
[2023-04-14T19:26:38.511+0000] {processor.py:753} INFO - DAG(s) dict_keys(['example_weekday_branch_operator']) retrieved from /home/airflow/.local/lib/python3.7/site-packages/airflow/example_dags/example_branch_day_of_week_operator.py
[2023-04-14T19:26:38.531+0000] {logging_mixin.py:137} INFO - [2023-04-14T19:26:38.531+0000] {dag.py:2705} INFO - Sync 1 DAGs
[2023-04-14T19:26:38.549+0000] {logging_mixin.py:137} INFO - [2023-04-14T19:26:38.549+0000] {dag.py:3456} INFO - Setting next_dagrun for example_weekday_branch_operator to 2023-04-13T00:00:00+00:00, run_after=2023-04-14T00:00:00+00:00
[2023-04-14T19:26:38.563+0000] {processor.py:175} INFO - Processing /home/airflow/.local/lib/python3.7/site-packages/airflow/example_dags/example_branch_day_of_week_operator.py took 0.068 seconds
[2023-04-14T19:27:09.102+0000] {processor.py:153} INFO - Started process (PID=212) to work on /home/airflow/.local/lib/python3.7/site-packages/airflow/example_dags/example_branch_day_of_week_operator.py
[2023-04-14T19:27:09.102+0000] {processor.py:743} INFO - Processing file /home/airflow/.local/lib/python3.7/site-packages/airflow/example_dags/example_branch_day_of_week_operator.py for tasks to queue
[2023-04-14T19:27:09.103+0000] {logging_mixin.py:137} INFO - [2023-04-14T19:27:09.103+0000] {dagbag.py:532} INFO - Filling up the DagBag from /home/airflow/.local/lib/python3.7/site-packages/airflow/example_dags/example_branch_day_of_week_operator.py
[2023-04-14T19:27:09.114+0000] {processor.py:753} INFO - DAG(s) dict_keys(['example_weekday_branch_operator']) retrieved from /home/airflow/.local/lib/python3.7/site-packages/airflow/example_dags/example_branch_day_of_week_operator.py
[2023-04-14T19:27:09.135+0000] {logging_mixin.py:137} INFO - [2023-04-14T19:27:09.135+0000] {dag.py:2705} INFO - Sync 1 DAGs
[2023-04-14T19:27:09.153+0000] {logging_mixin.py:137} INFO - [2023-04-14T19:27:09.153+0000] {dag.py:3456} INFO - Setting next_dagrun for example_weekday_branch_operator to 2023-04-13T00:00:00+00:00, run_after=2023-04-14T00:00:00+00:00
[2023-04-14T19:27:09.168+0000] {processor.py:175} INFO - Processing /home/airflow/.local/lib/python3.7/site-packages/airflow/example_dags/example_branch_day_of_week_operator.py took 0.069 seconds
[2023-04-14T19:31:44.235+0000] {processor.py:153} INFO - Started process (PID=30) to work on /home/airflow/.local/lib/python3.10/site-packages/airflow/example_dags/example_branch_day_of_week_operator.py
[2023-04-14T19:31:44.236+0000] {processor.py:743} INFO - Processing file /home/airflow/.local/lib/python3.10/site-packages/airflow/example_dags/example_branch_day_of_week_operator.py for tasks to queue
[2023-04-14T19:31:44.236+0000] {logging_mixin.py:137} INFO - [2023-04-14T19:31:44.236+0000] {dagbag.py:532} INFO - Filling up the DagBag from /home/airflow/.local/lib/python3.10/site-packages/airflow/example_dags/example_branch_day_of_week_operator.py
[2023-04-14T19:31:44.257+0000] {processor.py:753} INFO - DAG(s) dict_keys(['example_weekday_branch_operator']) retrieved from /home/airflow/.local/lib/python3.10/site-packages/airflow/example_dags/example_branch_day_of_week_operator.py
[2023-04-14T19:31:44.269+0000] {logging_mixin.py:137} INFO - [2023-04-14T19:31:44.269+0000] {dag.py:2705} INFO - Sync 1 DAGs
[2023-04-14T19:31:44.287+0000] {logging_mixin.py:137} INFO - [2023-04-14T19:31:44.287+0000] {dag.py:3452} INFO - Setting next_dagrun for example_weekday_branch_operator to 2023-04-13T00:00:00+00:00, run_after=2023-04-14T00:00:00+00:00
[2023-04-14T19:31:44.300+0000] {processor.py:175} INFO - Processing /home/airflow/.local/lib/python3.10/site-packages/airflow/example_dags/example_branch_day_of_week_operator.py took 0.068 seconds
[2023-04-14T19:32:15.101+0000] {processor.py:153} INFO - Started process (PID=114) to work on /home/airflow/.local/lib/python3.10/site-packages/airflow/example_dags/example_branch_day_of_week_operator.py
[2023-04-14T19:32:15.102+0000] {processor.py:743} INFO - Processing file /home/airflow/.local/lib/python3.10/site-packages/airflow/example_dags/example_branch_day_of_week_operator.py for tasks to queue
[2023-04-14T19:32:15.103+0000] {logging_mixin.py:137} INFO - [2023-04-14T19:32:15.103+0000] {dagbag.py:532} INFO - Filling up the DagBag from /home/airflow/.local/lib/python3.10/site-packages/airflow/example_dags/example_branch_day_of_week_operator.py
[2023-04-14T19:32:15.119+0000] {processor.py:753} INFO - DAG(s) dict_keys(['example_weekday_branch_operator']) retrieved from /home/airflow/.local/lib/python3.10/site-packages/airflow/example_dags/example_branch_day_of_week_operator.py
[2023-04-14T19:32:15.142+0000] {logging_mixin.py:137} INFO - [2023-04-14T19:32:15.142+0000] {dag.py:2705} INFO - Sync 1 DAGs
[2023-04-14T19:32:15.162+0000] {logging_mixin.py:137} INFO - [2023-04-14T19:32:15.162+0000] {dag.py:3452} INFO - Setting next_dagrun for example_weekday_branch_operator to 2023-04-13T00:00:00+00:00, run_after=2023-04-14T00:00:00+00:00
[2023-04-14T19:32:15.181+0000] {processor.py:175} INFO - Processing /home/airflow/.local/lib/python3.10/site-packages/airflow/example_dags/example_branch_day_of_week_operator.py took 0.087 seconds
[2023-04-14T19:32:45.240+0000] {processor.py:153} INFO - Started process (PID=184) to work on /home/airflow/.local/lib/python3.10/site-packages/airflow/example_dags/example_branch_day_of_week_operator.py
[2023-04-14T19:32:45.241+0000] {processor.py:743} INFO - Processing file /home/airflow/.local/lib/python3.10/site-packages/airflow/example_dags/example_branch_day_of_week_operator.py for tasks to queue
[2023-04-14T19:32:45.244+0000] {logging_mixin.py:137} INFO - [2023-04-14T19:32:45.243+0000] {dagbag.py:532} INFO - Filling up the DagBag from /home/airflow/.local/lib/python3.10/site-packages/airflow/example_dags/example_branch_day_of_week_operator.py
[2023-04-14T19:32:45.258+0000] {processor.py:753} INFO - DAG(s) dict_keys(['example_weekday_branch_operator']) retrieved from /home/airflow/.local/lib/python3.10/site-packages/airflow/example_dags/example_branch_day_of_week_operator.py
[2023-04-14T19:32:45.277+0000] {logging_mixin.py:137} INFO - [2023-04-14T19:32:45.277+0000] {dag.py:2705} INFO - Sync 1 DAGs
[2023-04-14T19:32:45.293+0000] {logging_mixin.py:137} INFO - [2023-04-14T19:32:45.293+0000] {dag.py:3452} INFO - Setting next_dagrun for example_weekday_branch_operator to 2023-04-13T00:00:00+00:00, run_after=2023-04-14T00:00:00+00:00
[2023-04-14T19:32:45.305+0000] {processor.py:175} INFO - Processing /home/airflow/.local/lib/python3.10/site-packages/airflow/example_dags/example_branch_day_of_week_operator.py took 0.069 seconds
[2023-04-14T19:33:23.411+0000] {processor.py:153} INFO - Started process (PID=31) to work on /home/airflow/.local/lib/python3.10/site-packages/airflow/example_dags/example_branch_day_of_week_operator.py
[2023-04-14T19:33:23.412+0000] {processor.py:743} INFO - Processing file /home/airflow/.local/lib/python3.10/site-packages/airflow/example_dags/example_branch_day_of_week_operator.py for tasks to queue
[2023-04-14T19:33:23.412+0000] {logging_mixin.py:137} INFO - [2023-04-14T19:33:23.412+0000] {dagbag.py:532} INFO - Filling up the DagBag from /home/airflow/.local/lib/python3.10/site-packages/airflow/example_dags/example_branch_day_of_week_operator.py
[2023-04-14T19:33:23.434+0000] {processor.py:753} INFO - DAG(s) dict_keys(['example_weekday_branch_operator']) retrieved from /home/airflow/.local/lib/python3.10/site-packages/airflow/example_dags/example_branch_day_of_week_operator.py
[2023-04-14T19:33:23.448+0000] {logging_mixin.py:137} INFO - [2023-04-14T19:33:23.448+0000] {dag.py:2705} INFO - Sync 1 DAGs
[2023-04-14T19:33:23.466+0000] {logging_mixin.py:137} INFO - [2023-04-14T19:33:23.466+0000] {dag.py:3452} INFO - Setting next_dagrun for example_weekday_branch_operator to 2023-04-13T00:00:00+00:00, run_after=2023-04-14T00:00:00+00:00
[2023-04-14T19:33:23.478+0000] {processor.py:175} INFO - Processing /home/airflow/.local/lib/python3.10/site-packages/airflow/example_dags/example_branch_day_of_week_operator.py took 0.070 seconds
[2023-04-14T19:33:54.417+0000] {processor.py:153} INFO - Started process (PID=115) to work on /home/airflow/.local/lib/python3.10/site-packages/airflow/example_dags/example_branch_day_of_week_operator.py
[2023-04-14T19:33:54.418+0000] {processor.py:743} INFO - Processing file /home/airflow/.local/lib/python3.10/site-packages/airflow/example_dags/example_branch_day_of_week_operator.py for tasks to queue
[2023-04-14T19:33:54.419+0000] {logging_mixin.py:137} INFO - [2023-04-14T19:33:54.419+0000] {dagbag.py:532} INFO - Filling up the DagBag from /home/airflow/.local/lib/python3.10/site-packages/airflow/example_dags/example_branch_day_of_week_operator.py
[2023-04-14T19:33:54.432+0000] {processor.py:753} INFO - DAG(s) dict_keys(['example_weekday_branch_operator']) retrieved from /home/airflow/.local/lib/python3.10/site-packages/airflow/example_dags/example_branch_day_of_week_operator.py
[2023-04-14T19:33:54.449+0000] {logging_mixin.py:137} INFO - [2023-04-14T19:33:54.449+0000] {dag.py:2705} INFO - Sync 1 DAGs
[2023-04-14T19:33:54.463+0000] {logging_mixin.py:137} INFO - [2023-04-14T19:33:54.463+0000] {dag.py:3452} INFO - Setting next_dagrun for example_weekday_branch_operator to 2023-04-13T00:00:00+00:00, run_after=2023-04-14T00:00:00+00:00
[2023-04-14T19:33:54.474+0000] {processor.py:175} INFO - Processing /home/airflow/.local/lib/python3.10/site-packages/airflow/example_dags/example_branch_day_of_week_operator.py took 0.060 seconds
[2023-04-14T19:34:25.288+0000] {processor.py:153} INFO - Started process (PID=192) to work on /home/airflow/.local/lib/python3.10/site-packages/airflow/example_dags/example_branch_day_of_week_operator.py
[2023-04-14T19:34:25.289+0000] {processor.py:743} INFO - Processing file /home/airflow/.local/lib/python3.10/site-packages/airflow/example_dags/example_branch_day_of_week_operator.py for tasks to queue
[2023-04-14T19:34:25.289+0000] {logging_mixin.py:137} INFO - [2023-04-14T19:34:25.289+0000] {dagbag.py:532} INFO - Filling up the DagBag from /home/airflow/.local/lib/python3.10/site-packages/airflow/example_dags/example_branch_day_of_week_operator.py
[2023-04-14T19:34:25.301+0000] {processor.py:753} INFO - DAG(s) dict_keys(['example_weekday_branch_operator']) retrieved from /home/airflow/.local/lib/python3.10/site-packages/airflow/example_dags/example_branch_day_of_week_operator.py
[2023-04-14T19:34:25.320+0000] {logging_mixin.py:137} INFO - [2023-04-14T19:34:25.320+0000] {dag.py:2705} INFO - Sync 1 DAGs
[2023-04-14T19:34:25.336+0000] {logging_mixin.py:137} INFO - [2023-04-14T19:34:25.336+0000] {dag.py:3452} INFO - Setting next_dagrun for example_weekday_branch_operator to 2023-04-13T00:00:00+00:00, run_after=2023-04-14T00:00:00+00:00
[2023-04-14T19:34:25.355+0000] {processor.py:175} INFO - Processing /home/airflow/.local/lib/python3.10/site-packages/airflow/example_dags/example_branch_day_of_week_operator.py took 0.073 seconds
[2023-04-14T19:35:36.804+0000] {processor.py:153} INFO - Started process (PID=31) to work on /home/airflow/.local/lib/python3.10/site-packages/airflow/example_dags/example_branch_day_of_week_operator.py
[2023-04-14T19:35:36.805+0000] {processor.py:743} INFO - Processing file /home/airflow/.local/lib/python3.10/site-packages/airflow/example_dags/example_branch_day_of_week_operator.py for tasks to queue
[2023-04-14T19:35:36.806+0000] {logging_mixin.py:137} INFO - [2023-04-14T19:35:36.806+0000] {dagbag.py:532} INFO - Filling up the DagBag from /home/airflow/.local/lib/python3.10/site-packages/airflow/example_dags/example_branch_day_of_week_operator.py
[2023-04-14T19:35:36.830+0000] {processor.py:753} INFO - DAG(s) dict_keys(['example_weekday_branch_operator']) retrieved from /home/airflow/.local/lib/python3.10/site-packages/airflow/example_dags/example_branch_day_of_week_operator.py
[2023-04-14T19:35:36.847+0000] {logging_mixin.py:137} INFO - [2023-04-14T19:35:36.846+0000] {dag.py:2705} INFO - Sync 1 DAGs
[2023-04-14T19:35:36.865+0000] {logging_mixin.py:137} INFO - [2023-04-14T19:35:36.864+0000] {dag.py:3452} INFO - Setting next_dagrun for example_weekday_branch_operator to 2023-04-13T00:00:00+00:00, run_after=2023-04-14T00:00:00+00:00
[2023-04-14T19:35:36.880+0000] {processor.py:175} INFO - Processing /home/airflow/.local/lib/python3.10/site-packages/airflow/example_dags/example_branch_day_of_week_operator.py took 0.079 seconds
[2023-04-14T19:36:07.885+0000] {processor.py:153} INFO - Started process (PID=116) to work on /home/airflow/.local/lib/python3.10/site-packages/airflow/example_dags/example_branch_day_of_week_operator.py
[2023-04-14T19:36:07.886+0000] {processor.py:743} INFO - Processing file /home/airflow/.local/lib/python3.10/site-packages/airflow/example_dags/example_branch_day_of_week_operator.py for tasks to queue
[2023-04-14T19:36:07.886+0000] {logging_mixin.py:137} INFO - [2023-04-14T19:36:07.886+0000] {dagbag.py:532} INFO - Filling up the DagBag from /home/airflow/.local/lib/python3.10/site-packages/airflow/example_dags/example_branch_day_of_week_operator.py
[2023-04-14T19:36:07.898+0000] {processor.py:753} INFO - DAG(s) dict_keys(['example_weekday_branch_operator']) retrieved from /home/airflow/.local/lib/python3.10/site-packages/airflow/example_dags/example_branch_day_of_week_operator.py
[2023-04-14T19:36:07.915+0000] {logging_mixin.py:137} INFO - [2023-04-14T19:36:07.915+0000] {dag.py:2705} INFO - Sync 1 DAGs
[2023-04-14T19:36:07.929+0000] {logging_mixin.py:137} INFO - [2023-04-14T19:36:07.929+0000] {dag.py:3452} INFO - Setting next_dagrun for example_weekday_branch_operator to 2023-04-13T00:00:00+00:00, run_after=2023-04-14T00:00:00+00:00
[2023-04-14T19:36:07.941+0000] {processor.py:175} INFO - Processing /home/airflow/.local/lib/python3.10/site-packages/airflow/example_dags/example_branch_day_of_week_operator.py took 0.060 seconds
[2023-04-14T19:36:38.800+0000] {processor.py:153} INFO - Started process (PID=193) to work on /home/airflow/.local/lib/python3.10/site-packages/airflow/example_dags/example_branch_day_of_week_operator.py
[2023-04-14T19:36:38.801+0000] {processor.py:743} INFO - Processing file /home/airflow/.local/lib/python3.10/site-packages/airflow/example_dags/example_branch_day_of_week_operator.py for tasks to queue
[2023-04-14T19:36:38.802+0000] {logging_mixin.py:137} INFO - [2023-04-14T19:36:38.801+0000] {dagbag.py:532} INFO - Filling up the DagBag from /home/airflow/.local/lib/python3.10/site-packages/airflow/example_dags/example_branch_day_of_week_operator.py
[2023-04-14T19:36:38.813+0000] {processor.py:753} INFO - DAG(s) dict_keys(['example_weekday_branch_operator']) retrieved from /home/airflow/.local/lib/python3.10/site-packages/airflow/example_dags/example_branch_day_of_week_operator.py
[2023-04-14T19:36:38.831+0000] {logging_mixin.py:137} INFO - [2023-04-14T19:36:38.831+0000] {dag.py:2705} INFO - Sync 1 DAGs
[2023-04-14T19:36:38.847+0000] {logging_mixin.py:137} INFO - [2023-04-14T19:36:38.847+0000] {dag.py:3452} INFO - Setting next_dagrun for example_weekday_branch_operator to 2023-04-13T00:00:00+00:00, run_after=2023-04-14T00:00:00+00:00
[2023-04-14T19:36:38.858+0000] {processor.py:175} INFO - Processing /home/airflow/.local/lib/python3.10/site-packages/airflow/example_dags/example_branch_day_of_week_operator.py took 0.060 seconds
