[2023-04-14T19:13:18.282+0000] {processor.py:153} INFO - Started process (PID=58) to work on /home/airflow/.local/lib/python3.7/site-packages/airflow/example_dags/example_complex.py
[2023-04-14T19:13:18.283+0000] {processor.py:743} INFO - Processing file /home/airflow/.local/lib/python3.7/site-packages/airflow/example_dags/example_complex.py for tasks to queue
[2023-04-14T19:13:18.284+0000] {logging_mixin.py:137} INFO - [2023-04-14T19:13:18.284+0000] {dagbag.py:532} INFO - Filling up the DagBag from /home/airflow/.local/lib/python3.7/site-packages/airflow/example_dags/example_complex.py
[2023-04-14T19:13:18.296+0000] {logging_mixin.py:137} INFO - [2023-04-14T19:13:18.295+0000] {taskmixin.py:211} WARNING - Dependency <Task(BashOperator): create_entry_group>, delete_entry_group already registered for DAG: example_complex
[2023-04-14T19:13:18.296+0000] {logging_mixin.py:137} INFO - [2023-04-14T19:13:18.296+0000] {taskmixin.py:211} WARNING - Dependency <Task(BashOperator): delete_entry_group>, create_entry_group already registered for DAG: example_complex
[2023-04-14T19:13:18.296+0000] {logging_mixin.py:137} INFO - [2023-04-14T19:13:18.296+0000] {taskmixin.py:211} WARNING - Dependency <Task(BashOperator): create_entry_gcs>, delete_entry already registered for DAG: example_complex
[2023-04-14T19:13:18.296+0000] {logging_mixin.py:137} INFO - [2023-04-14T19:13:18.296+0000] {taskmixin.py:211} WARNING - Dependency <Task(BashOperator): delete_entry>, create_entry_gcs already registered for DAG: example_complex
[2023-04-14T19:13:18.297+0000] {logging_mixin.py:137} INFO - [2023-04-14T19:13:18.297+0000] {taskmixin.py:211} WARNING - Dependency <Task(BashOperator): create_tag>, delete_tag already registered for DAG: example_complex
[2023-04-14T19:13:18.297+0000] {logging_mixin.py:137} INFO - [2023-04-14T19:13:18.297+0000] {taskmixin.py:211} WARNING - Dependency <Task(BashOperator): delete_tag>, create_tag already registered for DAG: example_complex
[2023-04-14T19:13:18.303+0000] {processor.py:753} INFO - DAG(s) dict_keys(['example_complex']) retrieved from /home/airflow/.local/lib/python3.7/site-packages/airflow/example_dags/example_complex.py
[2023-04-14T19:13:18.315+0000] {logging_mixin.py:137} INFO - [2023-04-14T19:13:18.315+0000] {dag.py:2705} INFO - Sync 1 DAGs
[2023-04-14T19:13:18.340+0000] {logging_mixin.py:137} INFO - [2023-04-14T19:13:18.339+0000] {dag.py:3456} INFO - Setting next_dagrun for example_complex to None, run_after=None
[2023-04-14T19:13:18.366+0000] {processor.py:175} INFO - Processing /home/airflow/.local/lib/python3.7/site-packages/airflow/example_dags/example_complex.py took 0.088 seconds
[2023-04-14T19:13:49.265+0000] {processor.py:153} INFO - Started process (PID=148) to work on /home/airflow/.local/lib/python3.7/site-packages/airflow/example_dags/example_complex.py
[2023-04-14T19:13:49.266+0000] {processor.py:743} INFO - Processing file /home/airflow/.local/lib/python3.7/site-packages/airflow/example_dags/example_complex.py for tasks to queue
[2023-04-14T19:13:49.266+0000] {logging_mixin.py:137} INFO - [2023-04-14T19:13:49.266+0000] {dagbag.py:532} INFO - Filling up the DagBag from /home/airflow/.local/lib/python3.7/site-packages/airflow/example_dags/example_complex.py
[2023-04-14T19:13:49.274+0000] {logging_mixin.py:137} INFO - [2023-04-14T19:13:49.274+0000] {taskmixin.py:211} WARNING - Dependency <Task(BashOperator): create_entry_group>, delete_entry_group already registered for DAG: example_complex
[2023-04-14T19:13:49.275+0000] {logging_mixin.py:137} INFO - [2023-04-14T19:13:49.275+0000] {taskmixin.py:211} WARNING - Dependency <Task(BashOperator): delete_entry_group>, create_entry_group already registered for DAG: example_complex
[2023-04-14T19:13:49.275+0000] {logging_mixin.py:137} INFO - [2023-04-14T19:13:49.275+0000] {taskmixin.py:211} WARNING - Dependency <Task(BashOperator): create_entry_gcs>, delete_entry already registered for DAG: example_complex
[2023-04-14T19:13:49.275+0000] {logging_mixin.py:137} INFO - [2023-04-14T19:13:49.275+0000] {taskmixin.py:211} WARNING - Dependency <Task(BashOperator): delete_entry>, create_entry_gcs already registered for DAG: example_complex
[2023-04-14T19:13:49.275+0000] {logging_mixin.py:137} INFO - [2023-04-14T19:13:49.275+0000] {taskmixin.py:211} WARNING - Dependency <Task(BashOperator): create_tag>, delete_tag already registered for DAG: example_complex
[2023-04-14T19:13:49.275+0000] {logging_mixin.py:137} INFO - [2023-04-14T19:13:49.275+0000] {taskmixin.py:211} WARNING - Dependency <Task(BashOperator): delete_tag>, create_tag already registered for DAG: example_complex
[2023-04-14T19:13:49.281+0000] {processor.py:753} INFO - DAG(s) dict_keys(['example_complex']) retrieved from /home/airflow/.local/lib/python3.7/site-packages/airflow/example_dags/example_complex.py
[2023-04-14T19:13:49.305+0000] {logging_mixin.py:137} INFO - [2023-04-14T19:13:49.305+0000] {dag.py:2705} INFO - Sync 1 DAGs
[2023-04-14T19:13:49.323+0000] {logging_mixin.py:137} INFO - [2023-04-14T19:13:49.323+0000] {dag.py:3456} INFO - Setting next_dagrun for example_complex to None, run_after=None
[2023-04-14T19:13:49.337+0000] {processor.py:175} INFO - Processing /home/airflow/.local/lib/python3.7/site-packages/airflow/example_dags/example_complex.py took 0.075 seconds
[2023-04-14T19:14:19.522+0000] {processor.py:153} INFO - Started process (PID=239) to work on /home/airflow/.local/lib/python3.7/site-packages/airflow/example_dags/example_complex.py
[2023-04-14T19:14:19.523+0000] {processor.py:743} INFO - Processing file /home/airflow/.local/lib/python3.7/site-packages/airflow/example_dags/example_complex.py for tasks to queue
[2023-04-14T19:14:19.524+0000] {logging_mixin.py:137} INFO - [2023-04-14T19:14:19.524+0000] {dagbag.py:532} INFO - Filling up the DagBag from /home/airflow/.local/lib/python3.7/site-packages/airflow/example_dags/example_complex.py
[2023-04-14T19:14:19.532+0000] {logging_mixin.py:137} INFO - [2023-04-14T19:14:19.532+0000] {taskmixin.py:211} WARNING - Dependency <Task(BashOperator): create_entry_group>, delete_entry_group already registered for DAG: example_complex
[2023-04-14T19:14:19.532+0000] {logging_mixin.py:137} INFO - [2023-04-14T19:14:19.532+0000] {taskmixin.py:211} WARNING - Dependency <Task(BashOperator): delete_entry_group>, create_entry_group already registered for DAG: example_complex
[2023-04-14T19:14:19.532+0000] {logging_mixin.py:137} INFO - [2023-04-14T19:14:19.532+0000] {taskmixin.py:211} WARNING - Dependency <Task(BashOperator): create_entry_gcs>, delete_entry already registered for DAG: example_complex
[2023-04-14T19:14:19.532+0000] {logging_mixin.py:137} INFO - [2023-04-14T19:14:19.532+0000] {taskmixin.py:211} WARNING - Dependency <Task(BashOperator): delete_entry>, create_entry_gcs already registered for DAG: example_complex
[2023-04-14T19:14:19.533+0000] {logging_mixin.py:137} INFO - [2023-04-14T19:14:19.533+0000] {taskmixin.py:211} WARNING - Dependency <Task(BashOperator): create_tag>, delete_tag already registered for DAG: example_complex
[2023-04-14T19:14:19.533+0000] {logging_mixin.py:137} INFO - [2023-04-14T19:14:19.533+0000] {taskmixin.py:211} WARNING - Dependency <Task(BashOperator): delete_tag>, create_tag already registered for DAG: example_complex
[2023-04-14T19:14:19.538+0000] {processor.py:753} INFO - DAG(s) dict_keys(['example_complex']) retrieved from /home/airflow/.local/lib/python3.7/site-packages/airflow/example_dags/example_complex.py
[2023-04-14T19:14:19.561+0000] {logging_mixin.py:137} INFO - [2023-04-14T19:14:19.561+0000] {dag.py:2705} INFO - Sync 1 DAGs
[2023-04-14T19:14:19.578+0000] {logging_mixin.py:137} INFO - [2023-04-14T19:14:19.578+0000] {dag.py:3456} INFO - Setting next_dagrun for example_complex to None, run_after=None
[2023-04-14T19:14:19.592+0000] {processor.py:175} INFO - Processing /home/airflow/.local/lib/python3.7/site-packages/airflow/example_dags/example_complex.py took 0.073 seconds
[2023-04-14T19:14:49.706+0000] {processor.py:153} INFO - Started process (PID=314) to work on /home/airflow/.local/lib/python3.7/site-packages/airflow/example_dags/example_complex.py
[2023-04-14T19:14:49.707+0000] {processor.py:743} INFO - Processing file /home/airflow/.local/lib/python3.7/site-packages/airflow/example_dags/example_complex.py for tasks to queue
[2023-04-14T19:14:49.708+0000] {logging_mixin.py:137} INFO - [2023-04-14T19:14:49.707+0000] {dagbag.py:532} INFO - Filling up the DagBag from /home/airflow/.local/lib/python3.7/site-packages/airflow/example_dags/example_complex.py
[2023-04-14T19:14:49.715+0000] {logging_mixin.py:137} INFO - [2023-04-14T19:14:49.715+0000] {taskmixin.py:211} WARNING - Dependency <Task(BashOperator): create_entry_group>, delete_entry_group already registered for DAG: example_complex
[2023-04-14T19:14:49.715+0000] {logging_mixin.py:137} INFO - [2023-04-14T19:14:49.715+0000] {taskmixin.py:211} WARNING - Dependency <Task(BashOperator): delete_entry_group>, create_entry_group already registered for DAG: example_complex
[2023-04-14T19:14:49.716+0000] {logging_mixin.py:137} INFO - [2023-04-14T19:14:49.716+0000] {taskmixin.py:211} WARNING - Dependency <Task(BashOperator): create_entry_gcs>, delete_entry already registered for DAG: example_complex
[2023-04-14T19:14:49.716+0000] {logging_mixin.py:137} INFO - [2023-04-14T19:14:49.716+0000] {taskmixin.py:211} WARNING - Dependency <Task(BashOperator): delete_entry>, create_entry_gcs already registered for DAG: example_complex
[2023-04-14T19:14:49.716+0000] {logging_mixin.py:137} INFO - [2023-04-14T19:14:49.716+0000] {taskmixin.py:211} WARNING - Dependency <Task(BashOperator): create_tag>, delete_tag already registered for DAG: example_complex
[2023-04-14T19:14:49.716+0000] {logging_mixin.py:137} INFO - [2023-04-14T19:14:49.716+0000] {taskmixin.py:211} WARNING - Dependency <Task(BashOperator): delete_tag>, create_tag already registered for DAG: example_complex
[2023-04-14T19:14:49.721+0000] {processor.py:753} INFO - DAG(s) dict_keys(['example_complex']) retrieved from /home/airflow/.local/lib/python3.7/site-packages/airflow/example_dags/example_complex.py
[2023-04-14T19:14:49.746+0000] {logging_mixin.py:137} INFO - [2023-04-14T19:14:49.746+0000] {dag.py:2705} INFO - Sync 1 DAGs
[2023-04-14T19:14:49.763+0000] {logging_mixin.py:137} INFO - [2023-04-14T19:14:49.763+0000] {dag.py:3456} INFO - Setting next_dagrun for example_complex to None, run_after=None
[2023-04-14T19:14:49.774+0000] {processor.py:175} INFO - Processing /home/airflow/.local/lib/python3.7/site-packages/airflow/example_dags/example_complex.py took 0.071 seconds
[2023-04-14T19:15:19.904+0000] {processor.py:153} INFO - Started process (PID=405) to work on /home/airflow/.local/lib/python3.7/site-packages/airflow/example_dags/example_complex.py
[2023-04-14T19:15:19.904+0000] {processor.py:743} INFO - Processing file /home/airflow/.local/lib/python3.7/site-packages/airflow/example_dags/example_complex.py for tasks to queue
[2023-04-14T19:15:19.905+0000] {logging_mixin.py:137} INFO - [2023-04-14T19:15:19.905+0000] {dagbag.py:532} INFO - Filling up the DagBag from /home/airflow/.local/lib/python3.7/site-packages/airflow/example_dags/example_complex.py
[2023-04-14T19:15:19.913+0000] {logging_mixin.py:137} INFO - [2023-04-14T19:15:19.913+0000] {taskmixin.py:211} WARNING - Dependency <Task(BashOperator): create_entry_group>, delete_entry_group already registered for DAG: example_complex
[2023-04-14T19:15:19.913+0000] {logging_mixin.py:137} INFO - [2023-04-14T19:15:19.913+0000] {taskmixin.py:211} WARNING - Dependency <Task(BashOperator): delete_entry_group>, create_entry_group already registered for DAG: example_complex
[2023-04-14T19:15:19.913+0000] {logging_mixin.py:137} INFO - [2023-04-14T19:15:19.913+0000] {taskmixin.py:211} WARNING - Dependency <Task(BashOperator): create_entry_gcs>, delete_entry already registered for DAG: example_complex
[2023-04-14T19:15:19.914+0000] {logging_mixin.py:137} INFO - [2023-04-14T19:15:19.913+0000] {taskmixin.py:211} WARNING - Dependency <Task(BashOperator): delete_entry>, create_entry_gcs already registered for DAG: example_complex
[2023-04-14T19:15:19.914+0000] {logging_mixin.py:137} INFO - [2023-04-14T19:15:19.914+0000] {taskmixin.py:211} WARNING - Dependency <Task(BashOperator): create_tag>, delete_tag already registered for DAG: example_complex
[2023-04-14T19:15:19.914+0000] {logging_mixin.py:137} INFO - [2023-04-14T19:15:19.914+0000] {taskmixin.py:211} WARNING - Dependency <Task(BashOperator): delete_tag>, create_tag already registered for DAG: example_complex
[2023-04-14T19:15:19.919+0000] {processor.py:753} INFO - DAG(s) dict_keys(['example_complex']) retrieved from /home/airflow/.local/lib/python3.7/site-packages/airflow/example_dags/example_complex.py
[2023-04-14T19:15:19.942+0000] {logging_mixin.py:137} INFO - [2023-04-14T19:15:19.942+0000] {dag.py:2705} INFO - Sync 1 DAGs
[2023-04-14T19:15:19.959+0000] {logging_mixin.py:137} INFO - [2023-04-14T19:15:19.959+0000] {dag.py:3456} INFO - Setting next_dagrun for example_complex to None, run_after=None
[2023-04-14T19:15:19.971+0000] {processor.py:175} INFO - Processing /home/airflow/.local/lib/python3.7/site-packages/airflow/example_dags/example_complex.py took 0.070 seconds
[2023-04-14T19:17:35.654+0000] {processor.py:153} INFO - Started process (PID=58) to work on /home/airflow/.local/lib/python3.7/site-packages/airflow/example_dags/example_complex.py
[2023-04-14T19:17:35.655+0000] {processor.py:743} INFO - Processing file /home/airflow/.local/lib/python3.7/site-packages/airflow/example_dags/example_complex.py for tasks to queue
[2023-04-14T19:17:35.657+0000] {logging_mixin.py:137} INFO - [2023-04-14T19:17:35.657+0000] {dagbag.py:532} INFO - Filling up the DagBag from /home/airflow/.local/lib/python3.7/site-packages/airflow/example_dags/example_complex.py
[2023-04-14T19:17:35.672+0000] {logging_mixin.py:137} INFO - [2023-04-14T19:17:35.672+0000] {taskmixin.py:211} WARNING - Dependency <Task(BashOperator): create_entry_group>, delete_entry_group already registered for DAG: example_complex
[2023-04-14T19:17:35.672+0000] {logging_mixin.py:137} INFO - [2023-04-14T19:17:35.672+0000] {taskmixin.py:211} WARNING - Dependency <Task(BashOperator): delete_entry_group>, create_entry_group already registered for DAG: example_complex
[2023-04-14T19:17:35.673+0000] {logging_mixin.py:137} INFO - [2023-04-14T19:17:35.673+0000] {taskmixin.py:211} WARNING - Dependency <Task(BashOperator): create_entry_gcs>, delete_entry already registered for DAG: example_complex
[2023-04-14T19:17:35.673+0000] {logging_mixin.py:137} INFO - [2023-04-14T19:17:35.673+0000] {taskmixin.py:211} WARNING - Dependency <Task(BashOperator): delete_entry>, create_entry_gcs already registered for DAG: example_complex
[2023-04-14T19:17:35.673+0000] {logging_mixin.py:137} INFO - [2023-04-14T19:17:35.673+0000] {taskmixin.py:211} WARNING - Dependency <Task(BashOperator): create_tag>, delete_tag already registered for DAG: example_complex
[2023-04-14T19:17:35.674+0000] {logging_mixin.py:137} INFO - [2023-04-14T19:17:35.674+0000] {taskmixin.py:211} WARNING - Dependency <Task(BashOperator): delete_tag>, create_tag already registered for DAG: example_complex
[2023-04-14T19:17:35.683+0000] {processor.py:753} INFO - DAG(s) dict_keys(['example_complex']) retrieved from /home/airflow/.local/lib/python3.7/site-packages/airflow/example_dags/example_complex.py
[2023-04-14T19:17:35.701+0000] {logging_mixin.py:137} INFO - [2023-04-14T19:17:35.701+0000] {dag.py:2705} INFO - Sync 1 DAGs
[2023-04-14T19:17:35.737+0000] {logging_mixin.py:137} INFO - [2023-04-14T19:17:35.737+0000] {dag.py:3456} INFO - Setting next_dagrun for example_complex to None, run_after=None
[2023-04-14T19:17:35.771+0000] {processor.py:175} INFO - Processing /home/airflow/.local/lib/python3.7/site-packages/airflow/example_dags/example_complex.py took 0.122 seconds
[2023-04-14T19:18:06.105+0000] {processor.py:153} INFO - Started process (PID=150) to work on /home/airflow/.local/lib/python3.7/site-packages/airflow/example_dags/example_complex.py
[2023-04-14T19:18:06.106+0000] {processor.py:743} INFO - Processing file /home/airflow/.local/lib/python3.7/site-packages/airflow/example_dags/example_complex.py for tasks to queue
[2023-04-14T19:18:06.107+0000] {logging_mixin.py:137} INFO - [2023-04-14T19:18:06.107+0000] {dagbag.py:532} INFO - Filling up the DagBag from /home/airflow/.local/lib/python3.7/site-packages/airflow/example_dags/example_complex.py
[2023-04-14T19:18:06.117+0000] {logging_mixin.py:137} INFO - [2023-04-14T19:18:06.117+0000] {taskmixin.py:211} WARNING - Dependency <Task(BashOperator): create_entry_group>, delete_entry_group already registered for DAG: example_complex
[2023-04-14T19:18:06.118+0000] {logging_mixin.py:137} INFO - [2023-04-14T19:18:06.118+0000] {taskmixin.py:211} WARNING - Dependency <Task(BashOperator): delete_entry_group>, create_entry_group already registered for DAG: example_complex
[2023-04-14T19:18:06.118+0000] {logging_mixin.py:137} INFO - [2023-04-14T19:18:06.118+0000] {taskmixin.py:211} WARNING - Dependency <Task(BashOperator): create_entry_gcs>, delete_entry already registered for DAG: example_complex
[2023-04-14T19:18:06.118+0000] {logging_mixin.py:137} INFO - [2023-04-14T19:18:06.118+0000] {taskmixin.py:211} WARNING - Dependency <Task(BashOperator): delete_entry>, create_entry_gcs already registered for DAG: example_complex
[2023-04-14T19:18:06.118+0000] {logging_mixin.py:137} INFO - [2023-04-14T19:18:06.118+0000] {taskmixin.py:211} WARNING - Dependency <Task(BashOperator): create_tag>, delete_tag already registered for DAG: example_complex
[2023-04-14T19:18:06.119+0000] {logging_mixin.py:137} INFO - [2023-04-14T19:18:06.119+0000] {taskmixin.py:211} WARNING - Dependency <Task(BashOperator): delete_tag>, create_tag already registered for DAG: example_complex
[2023-04-14T19:18:06.125+0000] {processor.py:753} INFO - DAG(s) dict_keys(['example_complex']) retrieved from /home/airflow/.local/lib/python3.7/site-packages/airflow/example_dags/example_complex.py
[2023-04-14T19:18:06.149+0000] {logging_mixin.py:137} INFO - [2023-04-14T19:18:06.149+0000] {dag.py:2705} INFO - Sync 1 DAGs
[2023-04-14T19:18:06.166+0000] {logging_mixin.py:137} INFO - [2023-04-14T19:18:06.166+0000] {dag.py:3456} INFO - Setting next_dagrun for example_complex to None, run_after=None
[2023-04-14T19:18:06.180+0000] {processor.py:175} INFO - Processing /home/airflow/.local/lib/python3.7/site-packages/airflow/example_dags/example_complex.py took 0.078 seconds
[2023-04-14T19:18:36.607+0000] {processor.py:153} INFO - Started process (PID=241) to work on /home/airflow/.local/lib/python3.7/site-packages/airflow/example_dags/example_complex.py
[2023-04-14T19:18:36.608+0000] {processor.py:743} INFO - Processing file /home/airflow/.local/lib/python3.7/site-packages/airflow/example_dags/example_complex.py for tasks to queue
[2023-04-14T19:18:36.609+0000] {logging_mixin.py:137} INFO - [2023-04-14T19:18:36.609+0000] {dagbag.py:532} INFO - Filling up the DagBag from /home/airflow/.local/lib/python3.7/site-packages/airflow/example_dags/example_complex.py
[2023-04-14T19:18:36.620+0000] {logging_mixin.py:137} INFO - [2023-04-14T19:18:36.619+0000] {taskmixin.py:211} WARNING - Dependency <Task(BashOperator): create_entry_group>, delete_entry_group already registered for DAG: example_complex
[2023-04-14T19:18:36.620+0000] {logging_mixin.py:137} INFO - [2023-04-14T19:18:36.620+0000] {taskmixin.py:211} WARNING - Dependency <Task(BashOperator): delete_entry_group>, create_entry_group already registered for DAG: example_complex
[2023-04-14T19:18:36.620+0000] {logging_mixin.py:137} INFO - [2023-04-14T19:18:36.620+0000] {taskmixin.py:211} WARNING - Dependency <Task(BashOperator): create_entry_gcs>, delete_entry already registered for DAG: example_complex
[2023-04-14T19:18:36.620+0000] {logging_mixin.py:137} INFO - [2023-04-14T19:18:36.620+0000] {taskmixin.py:211} WARNING - Dependency <Task(BashOperator): delete_entry>, create_entry_gcs already registered for DAG: example_complex
[2023-04-14T19:18:36.621+0000] {logging_mixin.py:137} INFO - [2023-04-14T19:18:36.621+0000] {taskmixin.py:211} WARNING - Dependency <Task(BashOperator): create_tag>, delete_tag already registered for DAG: example_complex
[2023-04-14T19:18:36.621+0000] {logging_mixin.py:137} INFO - [2023-04-14T19:18:36.621+0000] {taskmixin.py:211} WARNING - Dependency <Task(BashOperator): delete_tag>, create_tag already registered for DAG: example_complex
[2023-04-14T19:18:36.628+0000] {processor.py:753} INFO - DAG(s) dict_keys(['example_complex']) retrieved from /home/airflow/.local/lib/python3.7/site-packages/airflow/example_dags/example_complex.py
[2023-04-14T19:18:36.657+0000] {logging_mixin.py:137} INFO - [2023-04-14T19:18:36.656+0000] {dag.py:2705} INFO - Sync 1 DAGs
[2023-04-14T19:18:36.675+0000] {logging_mixin.py:137} INFO - [2023-04-14T19:18:36.675+0000] {dag.py:3456} INFO - Setting next_dagrun for example_complex to None, run_after=None
[2023-04-14T19:18:36.694+0000] {processor.py:175} INFO - Processing /home/airflow/.local/lib/python3.7/site-packages/airflow/example_dags/example_complex.py took 0.090 seconds
[2023-04-14T19:19:07.000+0000] {processor.py:153} INFO - Started process (PID=316) to work on /home/airflow/.local/lib/python3.7/site-packages/airflow/example_dags/example_complex.py
[2023-04-14T19:19:07.001+0000] {processor.py:743} INFO - Processing file /home/airflow/.local/lib/python3.7/site-packages/airflow/example_dags/example_complex.py for tasks to queue
[2023-04-14T19:19:07.001+0000] {logging_mixin.py:137} INFO - [2023-04-14T19:19:07.001+0000] {dagbag.py:532} INFO - Filling up the DagBag from /home/airflow/.local/lib/python3.7/site-packages/airflow/example_dags/example_complex.py
[2023-04-14T19:19:07.010+0000] {logging_mixin.py:137} INFO - [2023-04-14T19:19:07.010+0000] {taskmixin.py:211} WARNING - Dependency <Task(BashOperator): create_entry_group>, delete_entry_group already registered for DAG: example_complex
[2023-04-14T19:19:07.010+0000] {logging_mixin.py:137} INFO - [2023-04-14T19:19:07.010+0000] {taskmixin.py:211} WARNING - Dependency <Task(BashOperator): delete_entry_group>, create_entry_group already registered for DAG: example_complex
[2023-04-14T19:19:07.010+0000] {logging_mixin.py:137} INFO - [2023-04-14T19:19:07.010+0000] {taskmixin.py:211} WARNING - Dependency <Task(BashOperator): create_entry_gcs>, delete_entry already registered for DAG: example_complex
[2023-04-14T19:19:07.011+0000] {logging_mixin.py:137} INFO - [2023-04-14T19:19:07.011+0000] {taskmixin.py:211} WARNING - Dependency <Task(BashOperator): delete_entry>, create_entry_gcs already registered for DAG: example_complex
[2023-04-14T19:19:07.011+0000] {logging_mixin.py:137} INFO - [2023-04-14T19:19:07.011+0000] {taskmixin.py:211} WARNING - Dependency <Task(BashOperator): create_tag>, delete_tag already registered for DAG: example_complex
[2023-04-14T19:19:07.011+0000] {logging_mixin.py:137} INFO - [2023-04-14T19:19:07.011+0000] {taskmixin.py:211} WARNING - Dependency <Task(BashOperator): delete_tag>, create_tag already registered for DAG: example_complex
[2023-04-14T19:19:07.017+0000] {processor.py:753} INFO - DAG(s) dict_keys(['example_complex']) retrieved from /home/airflow/.local/lib/python3.7/site-packages/airflow/example_dags/example_complex.py
[2023-04-14T19:19:07.042+0000] {logging_mixin.py:137} INFO - [2023-04-14T19:19:07.042+0000] {dag.py:2705} INFO - Sync 1 DAGs
[2023-04-14T19:19:07.060+0000] {logging_mixin.py:137} INFO - [2023-04-14T19:19:07.060+0000] {dag.py:3456} INFO - Setting next_dagrun for example_complex to None, run_after=None
[2023-04-14T19:19:07.074+0000] {processor.py:175} INFO - Processing /home/airflow/.local/lib/python3.7/site-packages/airflow/example_dags/example_complex.py took 0.077 seconds
[2023-04-14T19:19:37.312+0000] {processor.py:153} INFO - Started process (PID=409) to work on /home/airflow/.local/lib/python3.7/site-packages/airflow/example_dags/example_complex.py
[2023-04-14T19:19:37.313+0000] {processor.py:743} INFO - Processing file /home/airflow/.local/lib/python3.7/site-packages/airflow/example_dags/example_complex.py for tasks to queue
[2023-04-14T19:19:37.314+0000] {logging_mixin.py:137} INFO - [2023-04-14T19:19:37.313+0000] {dagbag.py:532} INFO - Filling up the DagBag from /home/airflow/.local/lib/python3.7/site-packages/airflow/example_dags/example_complex.py
[2023-04-14T19:19:37.323+0000] {logging_mixin.py:137} INFO - [2023-04-14T19:19:37.323+0000] {taskmixin.py:211} WARNING - Dependency <Task(BashOperator): create_entry_group>, delete_entry_group already registered for DAG: example_complex
[2023-04-14T19:19:37.324+0000] {logging_mixin.py:137} INFO - [2023-04-14T19:19:37.324+0000] {taskmixin.py:211} WARNING - Dependency <Task(BashOperator): delete_entry_group>, create_entry_group already registered for DAG: example_complex
[2023-04-14T19:19:37.324+0000] {logging_mixin.py:137} INFO - [2023-04-14T19:19:37.324+0000] {taskmixin.py:211} WARNING - Dependency <Task(BashOperator): create_entry_gcs>, delete_entry already registered for DAG: example_complex
[2023-04-14T19:19:37.324+0000] {logging_mixin.py:137} INFO - [2023-04-14T19:19:37.324+0000] {taskmixin.py:211} WARNING - Dependency <Task(BashOperator): delete_entry>, create_entry_gcs already registered for DAG: example_complex
[2023-04-14T19:19:37.325+0000] {logging_mixin.py:137} INFO - [2023-04-14T19:19:37.325+0000] {taskmixin.py:211} WARNING - Dependency <Task(BashOperator): create_tag>, delete_tag already registered for DAG: example_complex
[2023-04-14T19:19:37.325+0000] {logging_mixin.py:137} INFO - [2023-04-14T19:19:37.325+0000] {taskmixin.py:211} WARNING - Dependency <Task(BashOperator): delete_tag>, create_tag already registered for DAG: example_complex
[2023-04-14T19:19:37.331+0000] {processor.py:753} INFO - DAG(s) dict_keys(['example_complex']) retrieved from /home/airflow/.local/lib/python3.7/site-packages/airflow/example_dags/example_complex.py
[2023-04-14T19:19:37.358+0000] {logging_mixin.py:137} INFO - [2023-04-14T19:19:37.358+0000] {dag.py:2705} INFO - Sync 1 DAGs
[2023-04-14T19:19:37.380+0000] {logging_mixin.py:137} INFO - [2023-04-14T19:19:37.380+0000] {dag.py:3456} INFO - Setting next_dagrun for example_complex to None, run_after=None
[2023-04-14T19:19:37.396+0000] {processor.py:175} INFO - Processing /home/airflow/.local/lib/python3.7/site-packages/airflow/example_dags/example_complex.py took 0.087 seconds
[2023-04-14T19:20:07.803+0000] {processor.py:153} INFO - Started process (PID=494) to work on /home/airflow/.local/lib/python3.7/site-packages/airflow/example_dags/example_complex.py
[2023-04-14T19:20:07.804+0000] {processor.py:743} INFO - Processing file /home/airflow/.local/lib/python3.7/site-packages/airflow/example_dags/example_complex.py for tasks to queue
[2023-04-14T19:20:07.805+0000] {logging_mixin.py:137} INFO - [2023-04-14T19:20:07.805+0000] {dagbag.py:532} INFO - Filling up the DagBag from /home/airflow/.local/lib/python3.7/site-packages/airflow/example_dags/example_complex.py
[2023-04-14T19:20:07.813+0000] {logging_mixin.py:137} INFO - [2023-04-14T19:20:07.813+0000] {taskmixin.py:211} WARNING - Dependency <Task(BashOperator): create_entry_group>, delete_entry_group already registered for DAG: example_complex
[2023-04-14T19:20:07.813+0000] {logging_mixin.py:137} INFO - [2023-04-14T19:20:07.813+0000] {taskmixin.py:211} WARNING - Dependency <Task(BashOperator): delete_entry_group>, create_entry_group already registered for DAG: example_complex
[2023-04-14T19:20:07.814+0000] {logging_mixin.py:137} INFO - [2023-04-14T19:20:07.814+0000] {taskmixin.py:211} WARNING - Dependency <Task(BashOperator): create_entry_gcs>, delete_entry already registered for DAG: example_complex
[2023-04-14T19:20:07.814+0000] {logging_mixin.py:137} INFO - [2023-04-14T19:20:07.814+0000] {taskmixin.py:211} WARNING - Dependency <Task(BashOperator): delete_entry>, create_entry_gcs already registered for DAG: example_complex
[2023-04-14T19:20:07.814+0000] {logging_mixin.py:137} INFO - [2023-04-14T19:20:07.814+0000] {taskmixin.py:211} WARNING - Dependency <Task(BashOperator): create_tag>, delete_tag already registered for DAG: example_complex
[2023-04-14T19:20:07.815+0000] {logging_mixin.py:137} INFO - [2023-04-14T19:20:07.815+0000] {taskmixin.py:211} WARNING - Dependency <Task(BashOperator): delete_tag>, create_tag already registered for DAG: example_complex
[2023-04-14T19:20:07.821+0000] {processor.py:753} INFO - DAG(s) dict_keys(['example_complex']) retrieved from /home/airflow/.local/lib/python3.7/site-packages/airflow/example_dags/example_complex.py
[2023-04-14T19:20:07.851+0000] {logging_mixin.py:137} INFO - [2023-04-14T19:20:07.851+0000] {dag.py:2705} INFO - Sync 1 DAGs
[2023-04-14T19:20:07.869+0000] {logging_mixin.py:137} INFO - [2023-04-14T19:20:07.869+0000] {dag.py:3456} INFO - Setting next_dagrun for example_complex to None, run_after=None
[2023-04-14T19:20:07.884+0000] {processor.py:175} INFO - Processing /home/airflow/.local/lib/python3.7/site-packages/airflow/example_dags/example_complex.py took 0.084 seconds
[2023-04-14T19:20:38.123+0000] {processor.py:153} INFO - Started process (PID=576) to work on /home/airflow/.local/lib/python3.7/site-packages/airflow/example_dags/example_complex.py
[2023-04-14T19:20:38.124+0000] {processor.py:743} INFO - Processing file /home/airflow/.local/lib/python3.7/site-packages/airflow/example_dags/example_complex.py for tasks to queue
[2023-04-14T19:20:38.125+0000] {logging_mixin.py:137} INFO - [2023-04-14T19:20:38.125+0000] {dagbag.py:532} INFO - Filling up the DagBag from /home/airflow/.local/lib/python3.7/site-packages/airflow/example_dags/example_complex.py
[2023-04-14T19:20:38.134+0000] {logging_mixin.py:137} INFO - [2023-04-14T19:20:38.134+0000] {taskmixin.py:211} WARNING - Dependency <Task(BashOperator): create_entry_group>, delete_entry_group already registered for DAG: example_complex
[2023-04-14T19:20:38.134+0000] {logging_mixin.py:137} INFO - [2023-04-14T19:20:38.134+0000] {taskmixin.py:211} WARNING - Dependency <Task(BashOperator): delete_entry_group>, create_entry_group already registered for DAG: example_complex
[2023-04-14T19:20:38.134+0000] {logging_mixin.py:137} INFO - [2023-04-14T19:20:38.134+0000] {taskmixin.py:211} WARNING - Dependency <Task(BashOperator): create_entry_gcs>, delete_entry already registered for DAG: example_complex
[2023-04-14T19:20:38.134+0000] {logging_mixin.py:137} INFO - [2023-04-14T19:20:38.134+0000] {taskmixin.py:211} WARNING - Dependency <Task(BashOperator): delete_entry>, create_entry_gcs already registered for DAG: example_complex
[2023-04-14T19:20:38.135+0000] {logging_mixin.py:137} INFO - [2023-04-14T19:20:38.135+0000] {taskmixin.py:211} WARNING - Dependency <Task(BashOperator): create_tag>, delete_tag already registered for DAG: example_complex
[2023-04-14T19:20:38.135+0000] {logging_mixin.py:137} INFO - [2023-04-14T19:20:38.135+0000] {taskmixin.py:211} WARNING - Dependency <Task(BashOperator): delete_tag>, create_tag already registered for DAG: example_complex
[2023-04-14T19:20:38.140+0000] {processor.py:753} INFO - DAG(s) dict_keys(['example_complex']) retrieved from /home/airflow/.local/lib/python3.7/site-packages/airflow/example_dags/example_complex.py
[2023-04-14T19:20:38.172+0000] {logging_mixin.py:137} INFO - [2023-04-14T19:20:38.172+0000] {dag.py:2705} INFO - Sync 1 DAGs
[2023-04-14T19:20:38.195+0000] {logging_mixin.py:137} INFO - [2023-04-14T19:20:38.195+0000] {dag.py:3456} INFO - Setting next_dagrun for example_complex to None, run_after=None
[2023-04-14T19:20:38.215+0000] {processor.py:175} INFO - Processing /home/airflow/.local/lib/python3.7/site-packages/airflow/example_dags/example_complex.py took 0.095 seconds
[2023-04-14T19:21:08.475+0000] {processor.py:153} INFO - Started process (PID=667) to work on /home/airflow/.local/lib/python3.7/site-packages/airflow/example_dags/example_complex.py
[2023-04-14T19:21:08.476+0000] {processor.py:743} INFO - Processing file /home/airflow/.local/lib/python3.7/site-packages/airflow/example_dags/example_complex.py for tasks to queue
[2023-04-14T19:21:08.477+0000] {logging_mixin.py:137} INFO - [2023-04-14T19:21:08.477+0000] {dagbag.py:532} INFO - Filling up the DagBag from /home/airflow/.local/lib/python3.7/site-packages/airflow/example_dags/example_complex.py
[2023-04-14T19:21:08.486+0000] {logging_mixin.py:137} INFO - [2023-04-14T19:21:08.485+0000] {taskmixin.py:211} WARNING - Dependency <Task(BashOperator): create_entry_group>, delete_entry_group already registered for DAG: example_complex
[2023-04-14T19:21:08.486+0000] {logging_mixin.py:137} INFO - [2023-04-14T19:21:08.486+0000] {taskmixin.py:211} WARNING - Dependency <Task(BashOperator): delete_entry_group>, create_entry_group already registered for DAG: example_complex
[2023-04-14T19:21:08.486+0000] {logging_mixin.py:137} INFO - [2023-04-14T19:21:08.486+0000] {taskmixin.py:211} WARNING - Dependency <Task(BashOperator): create_entry_gcs>, delete_entry already registered for DAG: example_complex
[2023-04-14T19:21:08.486+0000] {logging_mixin.py:137} INFO - [2023-04-14T19:21:08.486+0000] {taskmixin.py:211} WARNING - Dependency <Task(BashOperator): delete_entry>, create_entry_gcs already registered for DAG: example_complex
[2023-04-14T19:21:08.486+0000] {logging_mixin.py:137} INFO - [2023-04-14T19:21:08.486+0000] {taskmixin.py:211} WARNING - Dependency <Task(BashOperator): create_tag>, delete_tag already registered for DAG: example_complex
[2023-04-14T19:21:08.487+0000] {logging_mixin.py:137} INFO - [2023-04-14T19:21:08.487+0000] {taskmixin.py:211} WARNING - Dependency <Task(BashOperator): delete_tag>, create_tag already registered for DAG: example_complex
[2023-04-14T19:21:08.493+0000] {processor.py:753} INFO - DAG(s) dict_keys(['example_complex']) retrieved from /home/airflow/.local/lib/python3.7/site-packages/airflow/example_dags/example_complex.py
[2023-04-14T19:21:08.525+0000] {logging_mixin.py:137} INFO - [2023-04-14T19:21:08.525+0000] {dag.py:2705} INFO - Sync 1 DAGs
[2023-04-14T19:21:08.543+0000] {logging_mixin.py:137} INFO - [2023-04-14T19:21:08.542+0000] {dag.py:3456} INFO - Setting next_dagrun for example_complex to None, run_after=None
[2023-04-14T19:21:08.557+0000] {processor.py:175} INFO - Processing /home/airflow/.local/lib/python3.7/site-packages/airflow/example_dags/example_complex.py took 0.086 seconds
[2023-04-14T19:21:38.637+0000] {processor.py:153} INFO - Started process (PID=742) to work on /home/airflow/.local/lib/python3.7/site-packages/airflow/example_dags/example_complex.py
[2023-04-14T19:21:38.638+0000] {processor.py:743} INFO - Processing file /home/airflow/.local/lib/python3.7/site-packages/airflow/example_dags/example_complex.py for tasks to queue
[2023-04-14T19:21:38.639+0000] {logging_mixin.py:137} INFO - [2023-04-14T19:21:38.638+0000] {dagbag.py:532} INFO - Filling up the DagBag from /home/airflow/.local/lib/python3.7/site-packages/airflow/example_dags/example_complex.py
[2023-04-14T19:21:38.647+0000] {logging_mixin.py:137} INFO - [2023-04-14T19:21:38.647+0000] {taskmixin.py:211} WARNING - Dependency <Task(BashOperator): create_entry_group>, delete_entry_group already registered for DAG: example_complex
[2023-04-14T19:21:38.648+0000] {logging_mixin.py:137} INFO - [2023-04-14T19:21:38.648+0000] {taskmixin.py:211} WARNING - Dependency <Task(BashOperator): delete_entry_group>, create_entry_group already registered for DAG: example_complex
[2023-04-14T19:21:38.648+0000] {logging_mixin.py:137} INFO - [2023-04-14T19:21:38.648+0000] {taskmixin.py:211} WARNING - Dependency <Task(BashOperator): create_entry_gcs>, delete_entry already registered for DAG: example_complex
[2023-04-14T19:21:38.648+0000] {logging_mixin.py:137} INFO - [2023-04-14T19:21:38.648+0000] {taskmixin.py:211} WARNING - Dependency <Task(BashOperator): delete_entry>, create_entry_gcs already registered for DAG: example_complex
[2023-04-14T19:21:38.648+0000] {logging_mixin.py:137} INFO - [2023-04-14T19:21:38.648+0000] {taskmixin.py:211} WARNING - Dependency <Task(BashOperator): create_tag>, delete_tag already registered for DAG: example_complex
[2023-04-14T19:21:38.649+0000] {logging_mixin.py:137} INFO - [2023-04-14T19:21:38.649+0000] {taskmixin.py:211} WARNING - Dependency <Task(BashOperator): delete_tag>, create_tag already registered for DAG: example_complex
[2023-04-14T19:21:38.657+0000] {processor.py:753} INFO - DAG(s) dict_keys(['example_complex']) retrieved from /home/airflow/.local/lib/python3.7/site-packages/airflow/example_dags/example_complex.py
[2023-04-14T19:21:38.682+0000] {logging_mixin.py:137} INFO - [2023-04-14T19:21:38.682+0000] {dag.py:2705} INFO - Sync 1 DAGs
[2023-04-14T19:21:38.700+0000] {logging_mixin.py:137} INFO - [2023-04-14T19:21:38.700+0000] {dag.py:3456} INFO - Setting next_dagrun for example_complex to None, run_after=None
[2023-04-14T19:21:38.713+0000] {processor.py:175} INFO - Processing /home/airflow/.local/lib/python3.7/site-packages/airflow/example_dags/example_complex.py took 0.079 seconds
[2023-04-14T19:22:08.771+0000] {processor.py:153} INFO - Started process (PID=833) to work on /home/airflow/.local/lib/python3.7/site-packages/airflow/example_dags/example_complex.py
[2023-04-14T19:22:08.772+0000] {processor.py:743} INFO - Processing file /home/airflow/.local/lib/python3.7/site-packages/airflow/example_dags/example_complex.py for tasks to queue
[2023-04-14T19:22:08.773+0000] {logging_mixin.py:137} INFO - [2023-04-14T19:22:08.773+0000] {dagbag.py:532} INFO - Filling up the DagBag from /home/airflow/.local/lib/python3.7/site-packages/airflow/example_dags/example_complex.py
[2023-04-14T19:22:08.785+0000] {logging_mixin.py:137} INFO - [2023-04-14T19:22:08.785+0000] {taskmixin.py:211} WARNING - Dependency <Task(BashOperator): create_entry_group>, delete_entry_group already registered for DAG: example_complex
[2023-04-14T19:22:08.785+0000] {logging_mixin.py:137} INFO - [2023-04-14T19:22:08.785+0000] {taskmixin.py:211} WARNING - Dependency <Task(BashOperator): delete_entry_group>, create_entry_group already registered for DAG: example_complex
[2023-04-14T19:22:08.786+0000] {logging_mixin.py:137} INFO - [2023-04-14T19:22:08.786+0000] {taskmixin.py:211} WARNING - Dependency <Task(BashOperator): create_entry_gcs>, delete_entry already registered for DAG: example_complex
[2023-04-14T19:22:08.786+0000] {logging_mixin.py:137} INFO - [2023-04-14T19:22:08.786+0000] {taskmixin.py:211} WARNING - Dependency <Task(BashOperator): delete_entry>, create_entry_gcs already registered for DAG: example_complex
[2023-04-14T19:22:08.786+0000] {logging_mixin.py:137} INFO - [2023-04-14T19:22:08.786+0000] {taskmixin.py:211} WARNING - Dependency <Task(BashOperator): create_tag>, delete_tag already registered for DAG: example_complex
[2023-04-14T19:22:08.786+0000] {logging_mixin.py:137} INFO - [2023-04-14T19:22:08.786+0000] {taskmixin.py:211} WARNING - Dependency <Task(BashOperator): delete_tag>, create_tag already registered for DAG: example_complex
[2023-04-14T19:22:08.792+0000] {processor.py:753} INFO - DAG(s) dict_keys(['example_complex']) retrieved from /home/airflow/.local/lib/python3.7/site-packages/airflow/example_dags/example_complex.py
[2023-04-14T19:22:08.818+0000] {logging_mixin.py:137} INFO - [2023-04-14T19:22:08.818+0000] {dag.py:2705} INFO - Sync 1 DAGs
[2023-04-14T19:22:08.836+0000] {logging_mixin.py:137} INFO - [2023-04-14T19:22:08.836+0000] {dag.py:3456} INFO - Setting next_dagrun for example_complex to None, run_after=None
[2023-04-14T19:22:08.850+0000] {processor.py:175} INFO - Processing /home/airflow/.local/lib/python3.7/site-packages/airflow/example_dags/example_complex.py took 0.082 seconds
[2023-04-14T19:22:39.170+0000] {processor.py:153} INFO - Started process (PID=924) to work on /home/airflow/.local/lib/python3.7/site-packages/airflow/example_dags/example_complex.py
[2023-04-14T19:22:39.172+0000] {processor.py:743} INFO - Processing file /home/airflow/.local/lib/python3.7/site-packages/airflow/example_dags/example_complex.py for tasks to queue
[2023-04-14T19:22:39.173+0000] {logging_mixin.py:137} INFO - [2023-04-14T19:22:39.173+0000] {dagbag.py:532} INFO - Filling up the DagBag from /home/airflow/.local/lib/python3.7/site-packages/airflow/example_dags/example_complex.py
[2023-04-14T19:22:39.184+0000] {logging_mixin.py:137} INFO - [2023-04-14T19:22:39.184+0000] {taskmixin.py:211} WARNING - Dependency <Task(BashOperator): create_entry_group>, delete_entry_group already registered for DAG: example_complex
[2023-04-14T19:22:39.185+0000] {logging_mixin.py:137} INFO - [2023-04-14T19:22:39.185+0000] {taskmixin.py:211} WARNING - Dependency <Task(BashOperator): delete_entry_group>, create_entry_group already registered for DAG: example_complex
[2023-04-14T19:22:39.185+0000] {logging_mixin.py:137} INFO - [2023-04-14T19:22:39.185+0000] {taskmixin.py:211} WARNING - Dependency <Task(BashOperator): create_entry_gcs>, delete_entry already registered for DAG: example_complex
[2023-04-14T19:22:39.189+0000] {logging_mixin.py:137} INFO - [2023-04-14T19:22:39.188+0000] {taskmixin.py:211} WARNING - Dependency <Task(BashOperator): delete_entry>, create_entry_gcs already registered for DAG: example_complex
[2023-04-14T19:22:39.190+0000] {logging_mixin.py:137} INFO - [2023-04-14T19:22:39.190+0000] {taskmixin.py:211} WARNING - Dependency <Task(BashOperator): create_tag>, delete_tag already registered for DAG: example_complex
[2023-04-14T19:22:39.190+0000] {logging_mixin.py:137} INFO - [2023-04-14T19:22:39.190+0000] {taskmixin.py:211} WARNING - Dependency <Task(BashOperator): delete_tag>, create_tag already registered for DAG: example_complex
[2023-04-14T19:22:39.200+0000] {processor.py:753} INFO - DAG(s) dict_keys(['example_complex']) retrieved from /home/airflow/.local/lib/python3.7/site-packages/airflow/example_dags/example_complex.py
[2023-04-14T19:22:39.239+0000] {logging_mixin.py:137} INFO - [2023-04-14T19:22:39.239+0000] {dag.py:2705} INFO - Sync 1 DAGs
[2023-04-14T19:22:39.267+0000] {logging_mixin.py:137} INFO - [2023-04-14T19:22:39.267+0000] {dag.py:3456} INFO - Setting next_dagrun for example_complex to None, run_after=None
[2023-04-14T19:22:39.300+0000] {processor.py:175} INFO - Processing /home/airflow/.local/lib/python3.7/site-packages/airflow/example_dags/example_complex.py took 0.135 seconds
[2023-04-14T19:23:09.691+0000] {processor.py:153} INFO - Started process (PID=999) to work on /home/airflow/.local/lib/python3.7/site-packages/airflow/example_dags/example_complex.py
[2023-04-14T19:23:09.692+0000] {processor.py:743} INFO - Processing file /home/airflow/.local/lib/python3.7/site-packages/airflow/example_dags/example_complex.py for tasks to queue
[2023-04-14T19:23:09.693+0000] {logging_mixin.py:137} INFO - [2023-04-14T19:23:09.693+0000] {dagbag.py:532} INFO - Filling up the DagBag from /home/airflow/.local/lib/python3.7/site-packages/airflow/example_dags/example_complex.py
[2023-04-14T19:23:09.701+0000] {logging_mixin.py:137} INFO - [2023-04-14T19:23:09.701+0000] {taskmixin.py:211} WARNING - Dependency <Task(BashOperator): create_entry_group>, delete_entry_group already registered for DAG: example_complex
[2023-04-14T19:23:09.701+0000] {logging_mixin.py:137} INFO - [2023-04-14T19:23:09.701+0000] {taskmixin.py:211} WARNING - Dependency <Task(BashOperator): delete_entry_group>, create_entry_group already registered for DAG: example_complex
[2023-04-14T19:23:09.702+0000] {logging_mixin.py:137} INFO - [2023-04-14T19:23:09.702+0000] {taskmixin.py:211} WARNING - Dependency <Task(BashOperator): create_entry_gcs>, delete_entry already registered for DAG: example_complex
[2023-04-14T19:23:09.702+0000] {logging_mixin.py:137} INFO - [2023-04-14T19:23:09.702+0000] {taskmixin.py:211} WARNING - Dependency <Task(BashOperator): delete_entry>, create_entry_gcs already registered for DAG: example_complex
[2023-04-14T19:23:09.702+0000] {logging_mixin.py:137} INFO - [2023-04-14T19:23:09.702+0000] {taskmixin.py:211} WARNING - Dependency <Task(BashOperator): create_tag>, delete_tag already registered for DAG: example_complex
[2023-04-14T19:23:09.702+0000] {logging_mixin.py:137} INFO - [2023-04-14T19:23:09.702+0000] {taskmixin.py:211} WARNING - Dependency <Task(BashOperator): delete_tag>, create_tag already registered for DAG: example_complex
[2023-04-14T19:23:09.707+0000] {processor.py:753} INFO - DAG(s) dict_keys(['example_complex']) retrieved from /home/airflow/.local/lib/python3.7/site-packages/airflow/example_dags/example_complex.py
[2023-04-14T19:23:09.733+0000] {logging_mixin.py:137} INFO - [2023-04-14T19:23:09.733+0000] {dag.py:2705} INFO - Sync 1 DAGs
[2023-04-14T19:23:09.752+0000] {logging_mixin.py:137} INFO - [2023-04-14T19:23:09.752+0000] {dag.py:3456} INFO - Setting next_dagrun for example_complex to None, run_after=None
[2023-04-14T19:23:09.766+0000] {processor.py:175} INFO - Processing /home/airflow/.local/lib/python3.7/site-packages/airflow/example_dags/example_complex.py took 0.078 seconds
[2023-04-14T19:23:39.791+0000] {processor.py:153} INFO - Started process (PID=1090) to work on /home/airflow/.local/lib/python3.7/site-packages/airflow/example_dags/example_complex.py
[2023-04-14T19:23:39.792+0000] {processor.py:743} INFO - Processing file /home/airflow/.local/lib/python3.7/site-packages/airflow/example_dags/example_complex.py for tasks to queue
[2023-04-14T19:23:39.793+0000] {logging_mixin.py:137} INFO - [2023-04-14T19:23:39.793+0000] {dagbag.py:532} INFO - Filling up the DagBag from /home/airflow/.local/lib/python3.7/site-packages/airflow/example_dags/example_complex.py
[2023-04-14T19:23:39.805+0000] {logging_mixin.py:137} INFO - [2023-04-14T19:23:39.805+0000] {taskmixin.py:211} WARNING - Dependency <Task(BashOperator): create_entry_group>, delete_entry_group already registered for DAG: example_complex
[2023-04-14T19:23:39.805+0000] {logging_mixin.py:137} INFO - [2023-04-14T19:23:39.805+0000] {taskmixin.py:211} WARNING - Dependency <Task(BashOperator): delete_entry_group>, create_entry_group already registered for DAG: example_complex
[2023-04-14T19:23:39.805+0000] {logging_mixin.py:137} INFO - [2023-04-14T19:23:39.805+0000] {taskmixin.py:211} WARNING - Dependency <Task(BashOperator): create_entry_gcs>, delete_entry already registered for DAG: example_complex
[2023-04-14T19:23:39.805+0000] {logging_mixin.py:137} INFO - [2023-04-14T19:23:39.805+0000] {taskmixin.py:211} WARNING - Dependency <Task(BashOperator): delete_entry>, create_entry_gcs already registered for DAG: example_complex
[2023-04-14T19:23:39.806+0000] {logging_mixin.py:137} INFO - [2023-04-14T19:23:39.806+0000] {taskmixin.py:211} WARNING - Dependency <Task(BashOperator): create_tag>, delete_tag already registered for DAG: example_complex
[2023-04-14T19:23:39.806+0000] {logging_mixin.py:137} INFO - [2023-04-14T19:23:39.806+0000] {taskmixin.py:211} WARNING - Dependency <Task(BashOperator): delete_tag>, create_tag already registered for DAG: example_complex
[2023-04-14T19:23:39.811+0000] {processor.py:753} INFO - DAG(s) dict_keys(['example_complex']) retrieved from /home/airflow/.local/lib/python3.7/site-packages/airflow/example_dags/example_complex.py
[2023-04-14T19:23:39.835+0000] {logging_mixin.py:137} INFO - [2023-04-14T19:23:39.835+0000] {dag.py:2705} INFO - Sync 1 DAGs
[2023-04-14T19:23:39.854+0000] {logging_mixin.py:137} INFO - [2023-04-14T19:23:39.853+0000] {dag.py:3456} INFO - Setting next_dagrun for example_complex to None, run_after=None
[2023-04-14T19:23:39.867+0000] {processor.py:175} INFO - Processing /home/airflow/.local/lib/python3.7/site-packages/airflow/example_dags/example_complex.py took 0.080 seconds
[2023-04-14T19:24:09.981+0000] {processor.py:153} INFO - Started process (PID=1181) to work on /home/airflow/.local/lib/python3.7/site-packages/airflow/example_dags/example_complex.py
[2023-04-14T19:24:09.982+0000] {processor.py:743} INFO - Processing file /home/airflow/.local/lib/python3.7/site-packages/airflow/example_dags/example_complex.py for tasks to queue
[2023-04-14T19:24:09.983+0000] {logging_mixin.py:137} INFO - [2023-04-14T19:24:09.982+0000] {dagbag.py:532} INFO - Filling up the DagBag from /home/airflow/.local/lib/python3.7/site-packages/airflow/example_dags/example_complex.py
[2023-04-14T19:24:09.992+0000] {logging_mixin.py:137} INFO - [2023-04-14T19:24:09.992+0000] {taskmixin.py:211} WARNING - Dependency <Task(BashOperator): create_entry_group>, delete_entry_group already registered for DAG: example_complex
[2023-04-14T19:24:09.992+0000] {logging_mixin.py:137} INFO - [2023-04-14T19:24:09.992+0000] {taskmixin.py:211} WARNING - Dependency <Task(BashOperator): delete_entry_group>, create_entry_group already registered for DAG: example_complex
[2023-04-14T19:24:09.992+0000] {logging_mixin.py:137} INFO - [2023-04-14T19:24:09.992+0000] {taskmixin.py:211} WARNING - Dependency <Task(BashOperator): create_entry_gcs>, delete_entry already registered for DAG: example_complex
[2023-04-14T19:24:09.992+0000] {logging_mixin.py:137} INFO - [2023-04-14T19:24:09.992+0000] {taskmixin.py:211} WARNING - Dependency <Task(BashOperator): delete_entry>, create_entry_gcs already registered for DAG: example_complex
[2023-04-14T19:24:09.993+0000] {logging_mixin.py:137} INFO - [2023-04-14T19:24:09.993+0000] {taskmixin.py:211} WARNING - Dependency <Task(BashOperator): create_tag>, delete_tag already registered for DAG: example_complex
[2023-04-14T19:24:09.993+0000] {logging_mixin.py:137} INFO - [2023-04-14T19:24:09.993+0000] {taskmixin.py:211} WARNING - Dependency <Task(BashOperator): delete_tag>, create_tag already registered for DAG: example_complex
[2023-04-14T19:24:09.999+0000] {processor.py:753} INFO - DAG(s) dict_keys(['example_complex']) retrieved from /home/airflow/.local/lib/python3.7/site-packages/airflow/example_dags/example_complex.py
[2023-04-14T19:24:10.025+0000] {logging_mixin.py:137} INFO - [2023-04-14T19:24:10.024+0000] {dag.py:2705} INFO - Sync 1 DAGs
[2023-04-14T19:24:10.044+0000] {logging_mixin.py:137} INFO - [2023-04-14T19:24:10.043+0000] {dag.py:3456} INFO - Setting next_dagrun for example_complex to None, run_after=None
[2023-04-14T19:24:10.057+0000] {processor.py:175} INFO - Processing /home/airflow/.local/lib/python3.7/site-packages/airflow/example_dags/example_complex.py took 0.079 seconds
[2023-04-14T19:26:09.506+0000] {processor.py:153} INFO - Started process (PID=58) to work on /home/airflow/.local/lib/python3.7/site-packages/airflow/example_dags/example_complex.py
[2023-04-14T19:26:09.507+0000] {processor.py:743} INFO - Processing file /home/airflow/.local/lib/python3.7/site-packages/airflow/example_dags/example_complex.py for tasks to queue
[2023-04-14T19:26:09.508+0000] {logging_mixin.py:137} INFO - [2023-04-14T19:26:09.508+0000] {dagbag.py:532} INFO - Filling up the DagBag from /home/airflow/.local/lib/python3.7/site-packages/airflow/example_dags/example_complex.py
[2023-04-14T19:26:09.524+0000] {logging_mixin.py:137} INFO - [2023-04-14T19:26:09.524+0000] {taskmixin.py:211} WARNING - Dependency <Task(BashOperator): create_entry_group>, delete_entry_group already registered for DAG: example_complex
[2023-04-14T19:26:09.525+0000] {logging_mixin.py:137} INFO - [2023-04-14T19:26:09.525+0000] {taskmixin.py:211} WARNING - Dependency <Task(BashOperator): delete_entry_group>, create_entry_group already registered for DAG: example_complex
[2023-04-14T19:26:09.526+0000] {logging_mixin.py:137} INFO - [2023-04-14T19:26:09.526+0000] {taskmixin.py:211} WARNING - Dependency <Task(BashOperator): create_entry_gcs>, delete_entry already registered for DAG: example_complex
[2023-04-14T19:26:09.527+0000] {logging_mixin.py:137} INFO - [2023-04-14T19:26:09.527+0000] {taskmixin.py:211} WARNING - Dependency <Task(BashOperator): delete_entry>, create_entry_gcs already registered for DAG: example_complex
[2023-04-14T19:26:09.527+0000] {logging_mixin.py:137} INFO - [2023-04-14T19:26:09.527+0000] {taskmixin.py:211} WARNING - Dependency <Task(BashOperator): create_tag>, delete_tag already registered for DAG: example_complex
[2023-04-14T19:26:09.528+0000] {logging_mixin.py:137} INFO - [2023-04-14T19:26:09.527+0000] {taskmixin.py:211} WARNING - Dependency <Task(BashOperator): delete_tag>, create_tag already registered for DAG: example_complex
[2023-04-14T19:26:09.535+0000] {processor.py:753} INFO - DAG(s) dict_keys(['example_complex']) retrieved from /home/airflow/.local/lib/python3.7/site-packages/airflow/example_dags/example_complex.py
[2023-04-14T19:26:09.546+0000] {logging_mixin.py:137} INFO - [2023-04-14T19:26:09.546+0000] {dag.py:2705} INFO - Sync 1 DAGs
[2023-04-14T19:26:09.568+0000] {logging_mixin.py:137} INFO - [2023-04-14T19:26:09.568+0000] {dag.py:3456} INFO - Setting next_dagrun for example_complex to None, run_after=None
[2023-04-14T19:26:09.585+0000] {processor.py:175} INFO - Processing /home/airflow/.local/lib/python3.7/site-packages/airflow/example_dags/example_complex.py took 0.083 seconds
[2023-04-14T19:26:39.780+0000] {processor.py:153} INFO - Started process (PID=149) to work on /home/airflow/.local/lib/python3.7/site-packages/airflow/example_dags/example_complex.py
[2023-04-14T19:26:39.781+0000] {processor.py:743} INFO - Processing file /home/airflow/.local/lib/python3.7/site-packages/airflow/example_dags/example_complex.py for tasks to queue
[2023-04-14T19:26:39.782+0000] {logging_mixin.py:137} INFO - [2023-04-14T19:26:39.782+0000] {dagbag.py:532} INFO - Filling up the DagBag from /home/airflow/.local/lib/python3.7/site-packages/airflow/example_dags/example_complex.py
[2023-04-14T19:26:39.791+0000] {logging_mixin.py:137} INFO - [2023-04-14T19:26:39.791+0000] {taskmixin.py:211} WARNING - Dependency <Task(BashOperator): create_entry_group>, delete_entry_group already registered for DAG: example_complex
[2023-04-14T19:26:39.791+0000] {logging_mixin.py:137} INFO - [2023-04-14T19:26:39.791+0000] {taskmixin.py:211} WARNING - Dependency <Task(BashOperator): delete_entry_group>, create_entry_group already registered for DAG: example_complex
[2023-04-14T19:26:39.792+0000] {logging_mixin.py:137} INFO - [2023-04-14T19:26:39.792+0000] {taskmixin.py:211} WARNING - Dependency <Task(BashOperator): create_entry_gcs>, delete_entry already registered for DAG: example_complex
[2023-04-14T19:26:39.792+0000] {logging_mixin.py:137} INFO - [2023-04-14T19:26:39.792+0000] {taskmixin.py:211} WARNING - Dependency <Task(BashOperator): delete_entry>, create_entry_gcs already registered for DAG: example_complex
[2023-04-14T19:26:39.792+0000] {logging_mixin.py:137} INFO - [2023-04-14T19:26:39.792+0000] {taskmixin.py:211} WARNING - Dependency <Task(BashOperator): create_tag>, delete_tag already registered for DAG: example_complex
[2023-04-14T19:26:39.792+0000] {logging_mixin.py:137} INFO - [2023-04-14T19:26:39.792+0000] {taskmixin.py:211} WARNING - Dependency <Task(BashOperator): delete_tag>, create_tag already registered for DAG: example_complex
[2023-04-14T19:26:39.797+0000] {processor.py:753} INFO - DAG(s) dict_keys(['example_complex']) retrieved from /home/airflow/.local/lib/python3.7/site-packages/airflow/example_dags/example_complex.py
[2023-04-14T19:26:39.820+0000] {logging_mixin.py:137} INFO - [2023-04-14T19:26:39.820+0000] {dag.py:2705} INFO - Sync 1 DAGs
[2023-04-14T19:26:39.836+0000] {logging_mixin.py:137} INFO - [2023-04-14T19:26:39.836+0000] {dag.py:3456} INFO - Setting next_dagrun for example_complex to None, run_after=None
[2023-04-14T19:26:39.848+0000] {processor.py:175} INFO - Processing /home/airflow/.local/lib/python3.7/site-packages/airflow/example_dags/example_complex.py took 0.071 seconds
[2023-04-14T19:27:10.235+0000] {processor.py:153} INFO - Started process (PID=240) to work on /home/airflow/.local/lib/python3.7/site-packages/airflow/example_dags/example_complex.py
[2023-04-14T19:27:10.236+0000] {processor.py:743} INFO - Processing file /home/airflow/.local/lib/python3.7/site-packages/airflow/example_dags/example_complex.py for tasks to queue
[2023-04-14T19:27:10.237+0000] {logging_mixin.py:137} INFO - [2023-04-14T19:27:10.237+0000] {dagbag.py:532} INFO - Filling up the DagBag from /home/airflow/.local/lib/python3.7/site-packages/airflow/example_dags/example_complex.py
[2023-04-14T19:27:10.246+0000] {logging_mixin.py:137} INFO - [2023-04-14T19:27:10.245+0000] {taskmixin.py:211} WARNING - Dependency <Task(BashOperator): create_entry_group>, delete_entry_group already registered for DAG: example_complex
[2023-04-14T19:27:10.246+0000] {logging_mixin.py:137} INFO - [2023-04-14T19:27:10.246+0000] {taskmixin.py:211} WARNING - Dependency <Task(BashOperator): delete_entry_group>, create_entry_group already registered for DAG: example_complex
[2023-04-14T19:27:10.246+0000] {logging_mixin.py:137} INFO - [2023-04-14T19:27:10.246+0000] {taskmixin.py:211} WARNING - Dependency <Task(BashOperator): create_entry_gcs>, delete_entry already registered for DAG: example_complex
[2023-04-14T19:27:10.246+0000] {logging_mixin.py:137} INFO - [2023-04-14T19:27:10.246+0000] {taskmixin.py:211} WARNING - Dependency <Task(BashOperator): delete_entry>, create_entry_gcs already registered for DAG: example_complex
[2023-04-14T19:27:10.246+0000] {logging_mixin.py:137} INFO - [2023-04-14T19:27:10.246+0000] {taskmixin.py:211} WARNING - Dependency <Task(BashOperator): create_tag>, delete_tag already registered for DAG: example_complex
[2023-04-14T19:27:10.246+0000] {logging_mixin.py:137} INFO - [2023-04-14T19:27:10.246+0000] {taskmixin.py:211} WARNING - Dependency <Task(BashOperator): delete_tag>, create_tag already registered for DAG: example_complex
[2023-04-14T19:27:10.252+0000] {processor.py:753} INFO - DAG(s) dict_keys(['example_complex']) retrieved from /home/airflow/.local/lib/python3.7/site-packages/airflow/example_dags/example_complex.py
[2023-04-14T19:27:10.276+0000] {logging_mixin.py:137} INFO - [2023-04-14T19:27:10.276+0000] {dag.py:2705} INFO - Sync 1 DAGs
[2023-04-14T19:27:10.293+0000] {logging_mixin.py:137} INFO - [2023-04-14T19:27:10.292+0000] {dag.py:3456} INFO - Setting next_dagrun for example_complex to None, run_after=None
[2023-04-14T19:27:10.310+0000] {processor.py:175} INFO - Processing /home/airflow/.local/lib/python3.7/site-packages/airflow/example_dags/example_complex.py took 0.078 seconds
[2023-04-14T19:31:45.085+0000] {processor.py:153} INFO - Started process (PID=49) to work on /home/airflow/.local/lib/python3.10/site-packages/airflow/example_dags/example_complex.py
[2023-04-14T19:31:45.085+0000] {processor.py:743} INFO - Processing file /home/airflow/.local/lib/python3.10/site-packages/airflow/example_dags/example_complex.py for tasks to queue
[2023-04-14T19:31:45.086+0000] {logging_mixin.py:137} INFO - [2023-04-14T19:31:45.086+0000] {dagbag.py:532} INFO - Filling up the DagBag from /home/airflow/.local/lib/python3.10/site-packages/airflow/example_dags/example_complex.py
[2023-04-14T19:31:45.094+0000] {logging_mixin.py:137} INFO - [2023-04-14T19:31:45.094+0000] {taskmixin.py:211} WARNING - Dependency <Task(BashOperator): create_entry_group>, delete_entry_group already registered for DAG: example_complex
[2023-04-14T19:31:45.094+0000] {logging_mixin.py:137} INFO - [2023-04-14T19:31:45.094+0000] {taskmixin.py:211} WARNING - Dependency <Task(BashOperator): delete_entry_group>, create_entry_group already registered for DAG: example_complex
[2023-04-14T19:31:45.094+0000] {logging_mixin.py:137} INFO - [2023-04-14T19:31:45.094+0000] {taskmixin.py:211} WARNING - Dependency <Task(BashOperator): create_entry_gcs>, delete_entry already registered for DAG: example_complex
[2023-04-14T19:31:45.094+0000] {logging_mixin.py:137} INFO - [2023-04-14T19:31:45.094+0000] {taskmixin.py:211} WARNING - Dependency <Task(BashOperator): delete_entry>, create_entry_gcs already registered for DAG: example_complex
[2023-04-14T19:31:45.094+0000] {logging_mixin.py:137} INFO - [2023-04-14T19:31:45.094+0000] {taskmixin.py:211} WARNING - Dependency <Task(BashOperator): create_tag>, delete_tag already registered for DAG: example_complex
[2023-04-14T19:31:45.095+0000] {logging_mixin.py:137} INFO - [2023-04-14T19:31:45.095+0000] {taskmixin.py:211} WARNING - Dependency <Task(BashOperator): delete_tag>, create_tag already registered for DAG: example_complex
[2023-04-14T19:31:45.102+0000] {processor.py:753} INFO - DAG(s) dict_keys(['example_complex']) retrieved from /home/airflow/.local/lib/python3.10/site-packages/airflow/example_dags/example_complex.py
[2023-04-14T19:31:45.112+0000] {logging_mixin.py:137} INFO - [2023-04-14T19:31:45.112+0000] {dag.py:2705} INFO - Sync 1 DAGs
[2023-04-14T19:31:45.129+0000] {logging_mixin.py:137} INFO - [2023-04-14T19:31:45.129+0000] {dag.py:3452} INFO - Setting next_dagrun for example_complex to None, run_after=None
[2023-04-14T19:31:45.142+0000] {processor.py:175} INFO - Processing /home/airflow/.local/lib/python3.10/site-packages/airflow/example_dags/example_complex.py took 0.060 seconds
[2023-04-14T19:32:16.047+0000] {processor.py:153} INFO - Started process (PID=133) to work on /home/airflow/.local/lib/python3.10/site-packages/airflow/example_dags/example_complex.py
[2023-04-14T19:32:16.048+0000] {processor.py:743} INFO - Processing file /home/airflow/.local/lib/python3.10/site-packages/airflow/example_dags/example_complex.py for tasks to queue
[2023-04-14T19:32:16.049+0000] {logging_mixin.py:137} INFO - [2023-04-14T19:32:16.048+0000] {dagbag.py:532} INFO - Filling up the DagBag from /home/airflow/.local/lib/python3.10/site-packages/airflow/example_dags/example_complex.py
[2023-04-14T19:32:16.057+0000] {logging_mixin.py:137} INFO - [2023-04-14T19:32:16.057+0000] {taskmixin.py:211} WARNING - Dependency <Task(BashOperator): create_entry_group>, delete_entry_group already registered for DAG: example_complex
[2023-04-14T19:32:16.057+0000] {logging_mixin.py:137} INFO - [2023-04-14T19:32:16.057+0000] {taskmixin.py:211} WARNING - Dependency <Task(BashOperator): delete_entry_group>, create_entry_group already registered for DAG: example_complex
[2023-04-14T19:32:16.057+0000] {logging_mixin.py:137} INFO - [2023-04-14T19:32:16.057+0000] {taskmixin.py:211} WARNING - Dependency <Task(BashOperator): create_entry_gcs>, delete_entry already registered for DAG: example_complex
[2023-04-14T19:32:16.057+0000] {logging_mixin.py:137} INFO - [2023-04-14T19:32:16.057+0000] {taskmixin.py:211} WARNING - Dependency <Task(BashOperator): delete_entry>, create_entry_gcs already registered for DAG: example_complex
[2023-04-14T19:32:16.058+0000] {logging_mixin.py:137} INFO - [2023-04-14T19:32:16.057+0000] {taskmixin.py:211} WARNING - Dependency <Task(BashOperator): create_tag>, delete_tag already registered for DAG: example_complex
[2023-04-14T19:32:16.058+0000] {logging_mixin.py:137} INFO - [2023-04-14T19:32:16.058+0000] {taskmixin.py:211} WARNING - Dependency <Task(BashOperator): delete_tag>, create_tag already registered for DAG: example_complex
[2023-04-14T19:32:16.063+0000] {processor.py:753} INFO - DAG(s) dict_keys(['example_complex']) retrieved from /home/airflow/.local/lib/python3.10/site-packages/airflow/example_dags/example_complex.py
[2023-04-14T19:32:16.087+0000] {logging_mixin.py:137} INFO - [2023-04-14T19:32:16.087+0000] {dag.py:2705} INFO - Sync 1 DAGs
[2023-04-14T19:32:16.104+0000] {logging_mixin.py:137} INFO - [2023-04-14T19:32:16.104+0000] {dag.py:3452} INFO - Setting next_dagrun for example_complex to None, run_after=None
[2023-04-14T19:32:16.116+0000] {processor.py:175} INFO - Processing /home/airflow/.local/lib/python3.10/site-packages/airflow/example_dags/example_complex.py took 0.074 seconds
[2023-04-14T19:32:46.145+0000] {processor.py:153} INFO - Started process (PID=203) to work on /home/airflow/.local/lib/python3.10/site-packages/airflow/example_dags/example_complex.py
[2023-04-14T19:32:46.145+0000] {processor.py:743} INFO - Processing file /home/airflow/.local/lib/python3.10/site-packages/airflow/example_dags/example_complex.py for tasks to queue
[2023-04-14T19:32:46.146+0000] {logging_mixin.py:137} INFO - [2023-04-14T19:32:46.146+0000] {dagbag.py:532} INFO - Filling up the DagBag from /home/airflow/.local/lib/python3.10/site-packages/airflow/example_dags/example_complex.py
[2023-04-14T19:32:46.153+0000] {logging_mixin.py:137} INFO - [2023-04-14T19:32:46.153+0000] {taskmixin.py:211} WARNING - Dependency <Task(BashOperator): create_entry_group>, delete_entry_group already registered for DAG: example_complex
[2023-04-14T19:32:46.154+0000] {logging_mixin.py:137} INFO - [2023-04-14T19:32:46.154+0000] {taskmixin.py:211} WARNING - Dependency <Task(BashOperator): delete_entry_group>, create_entry_group already registered for DAG: example_complex
[2023-04-14T19:32:46.154+0000] {logging_mixin.py:137} INFO - [2023-04-14T19:32:46.154+0000] {taskmixin.py:211} WARNING - Dependency <Task(BashOperator): create_entry_gcs>, delete_entry already registered for DAG: example_complex
[2023-04-14T19:32:46.154+0000] {logging_mixin.py:137} INFO - [2023-04-14T19:32:46.154+0000] {taskmixin.py:211} WARNING - Dependency <Task(BashOperator): delete_entry>, create_entry_gcs already registered for DAG: example_complex
[2023-04-14T19:32:46.154+0000] {logging_mixin.py:137} INFO - [2023-04-14T19:32:46.154+0000] {taskmixin.py:211} WARNING - Dependency <Task(BashOperator): create_tag>, delete_tag already registered for DAG: example_complex
[2023-04-14T19:32:46.155+0000] {logging_mixin.py:137} INFO - [2023-04-14T19:32:46.154+0000] {taskmixin.py:211} WARNING - Dependency <Task(BashOperator): delete_tag>, create_tag already registered for DAG: example_complex
[2023-04-14T19:32:46.159+0000] {processor.py:753} INFO - DAG(s) dict_keys(['example_complex']) retrieved from /home/airflow/.local/lib/python3.10/site-packages/airflow/example_dags/example_complex.py
[2023-04-14T19:32:46.181+0000] {logging_mixin.py:137} INFO - [2023-04-14T19:32:46.180+0000] {dag.py:2705} INFO - Sync 1 DAGs
[2023-04-14T19:32:46.195+0000] {logging_mixin.py:137} INFO - [2023-04-14T19:32:46.195+0000] {dag.py:3452} INFO - Setting next_dagrun for example_complex to None, run_after=None
[2023-04-14T19:32:46.206+0000] {processor.py:175} INFO - Processing /home/airflow/.local/lib/python3.10/site-packages/airflow/example_dags/example_complex.py took 0.064 seconds
[2023-04-14T19:33:24.305+0000] {processor.py:153} INFO - Started process (PID=50) to work on /home/airflow/.local/lib/python3.10/site-packages/airflow/example_dags/example_complex.py
[2023-04-14T19:33:24.306+0000] {processor.py:743} INFO - Processing file /home/airflow/.local/lib/python3.10/site-packages/airflow/example_dags/example_complex.py for tasks to queue
[2023-04-14T19:33:24.306+0000] {logging_mixin.py:137} INFO - [2023-04-14T19:33:24.306+0000] {dagbag.py:532} INFO - Filling up the DagBag from /home/airflow/.local/lib/python3.10/site-packages/airflow/example_dags/example_complex.py
[2023-04-14T19:33:24.315+0000] {logging_mixin.py:137} INFO - [2023-04-14T19:33:24.315+0000] {taskmixin.py:211} WARNING - Dependency <Task(BashOperator): create_entry_group>, delete_entry_group already registered for DAG: example_complex
[2023-04-14T19:33:24.315+0000] {logging_mixin.py:137} INFO - [2023-04-14T19:33:24.315+0000] {taskmixin.py:211} WARNING - Dependency <Task(BashOperator): delete_entry_group>, create_entry_group already registered for DAG: example_complex
[2023-04-14T19:33:24.315+0000] {logging_mixin.py:137} INFO - [2023-04-14T19:33:24.315+0000] {taskmixin.py:211} WARNING - Dependency <Task(BashOperator): create_entry_gcs>, delete_entry already registered for DAG: example_complex
[2023-04-14T19:33:24.315+0000] {logging_mixin.py:137} INFO - [2023-04-14T19:33:24.315+0000] {taskmixin.py:211} WARNING - Dependency <Task(BashOperator): delete_entry>, create_entry_gcs already registered for DAG: example_complex
[2023-04-14T19:33:24.316+0000] {logging_mixin.py:137} INFO - [2023-04-14T19:33:24.316+0000] {taskmixin.py:211} WARNING - Dependency <Task(BashOperator): create_tag>, delete_tag already registered for DAG: example_complex
[2023-04-14T19:33:24.317+0000] {logging_mixin.py:137} INFO - [2023-04-14T19:33:24.317+0000] {taskmixin.py:211} WARNING - Dependency <Task(BashOperator): delete_tag>, create_tag already registered for DAG: example_complex
[2023-04-14T19:33:24.324+0000] {processor.py:753} INFO - DAG(s) dict_keys(['example_complex']) retrieved from /home/airflow/.local/lib/python3.10/site-packages/airflow/example_dags/example_complex.py
[2023-04-14T19:33:24.333+0000] {logging_mixin.py:137} INFO - [2023-04-14T19:33:24.332+0000] {dag.py:2705} INFO - Sync 1 DAGs
[2023-04-14T19:33:24.347+0000] {logging_mixin.py:137} INFO - [2023-04-14T19:33:24.347+0000] {dag.py:3452} INFO - Setting next_dagrun for example_complex to None, run_after=None
[2023-04-14T19:33:24.362+0000] {processor.py:175} INFO - Processing /home/airflow/.local/lib/python3.10/site-packages/airflow/example_dags/example_complex.py took 0.060 seconds
[2023-04-14T19:33:55.255+0000] {processor.py:153} INFO - Started process (PID=134) to work on /home/airflow/.local/lib/python3.10/site-packages/airflow/example_dags/example_complex.py
[2023-04-14T19:33:55.256+0000] {processor.py:743} INFO - Processing file /home/airflow/.local/lib/python3.10/site-packages/airflow/example_dags/example_complex.py for tasks to queue
[2023-04-14T19:33:55.257+0000] {logging_mixin.py:137} INFO - [2023-04-14T19:33:55.257+0000] {dagbag.py:532} INFO - Filling up the DagBag from /home/airflow/.local/lib/python3.10/site-packages/airflow/example_dags/example_complex.py
[2023-04-14T19:33:55.264+0000] {logging_mixin.py:137} INFO - [2023-04-14T19:33:55.264+0000] {taskmixin.py:211} WARNING - Dependency <Task(BashOperator): create_entry_group>, delete_entry_group already registered for DAG: example_complex
[2023-04-14T19:33:55.264+0000] {logging_mixin.py:137} INFO - [2023-04-14T19:33:55.264+0000] {taskmixin.py:211} WARNING - Dependency <Task(BashOperator): delete_entry_group>, create_entry_group already registered for DAG: example_complex
[2023-04-14T19:33:55.264+0000] {logging_mixin.py:137} INFO - [2023-04-14T19:33:55.264+0000] {taskmixin.py:211} WARNING - Dependency <Task(BashOperator): create_entry_gcs>, delete_entry already registered for DAG: example_complex
[2023-04-14T19:33:55.264+0000] {logging_mixin.py:137} INFO - [2023-04-14T19:33:55.264+0000] {taskmixin.py:211} WARNING - Dependency <Task(BashOperator): delete_entry>, create_entry_gcs already registered for DAG: example_complex
[2023-04-14T19:33:55.265+0000] {logging_mixin.py:137} INFO - [2023-04-14T19:33:55.265+0000] {taskmixin.py:211} WARNING - Dependency <Task(BashOperator): create_tag>, delete_tag already registered for DAG: example_complex
[2023-04-14T19:33:55.265+0000] {logging_mixin.py:137} INFO - [2023-04-14T19:33:55.265+0000] {taskmixin.py:211} WARNING - Dependency <Task(BashOperator): delete_tag>, create_tag already registered for DAG: example_complex
[2023-04-14T19:33:55.270+0000] {processor.py:753} INFO - DAG(s) dict_keys(['example_complex']) retrieved from /home/airflow/.local/lib/python3.10/site-packages/airflow/example_dags/example_complex.py
[2023-04-14T19:33:55.291+0000] {logging_mixin.py:137} INFO - [2023-04-14T19:33:55.291+0000] {dag.py:2705} INFO - Sync 1 DAGs
[2023-04-14T19:33:55.305+0000] {logging_mixin.py:137} INFO - [2023-04-14T19:33:55.304+0000] {dag.py:3452} INFO - Setting next_dagrun for example_complex to None, run_after=None
[2023-04-14T19:33:55.317+0000] {processor.py:175} INFO - Processing /home/airflow/.local/lib/python3.10/site-packages/airflow/example_dags/example_complex.py took 0.064 seconds
[2023-04-14T19:34:26.237+0000] {processor.py:153} INFO - Started process (PID=218) to work on /home/airflow/.local/lib/python3.10/site-packages/airflow/example_dags/example_complex.py
[2023-04-14T19:34:26.238+0000] {processor.py:743} INFO - Processing file /home/airflow/.local/lib/python3.10/site-packages/airflow/example_dags/example_complex.py for tasks to queue
[2023-04-14T19:34:26.239+0000] {logging_mixin.py:137} INFO - [2023-04-14T19:34:26.239+0000] {dagbag.py:532} INFO - Filling up the DagBag from /home/airflow/.local/lib/python3.10/site-packages/airflow/example_dags/example_complex.py
[2023-04-14T19:34:26.248+0000] {logging_mixin.py:137} INFO - [2023-04-14T19:34:26.248+0000] {taskmixin.py:211} WARNING - Dependency <Task(BashOperator): create_entry_group>, delete_entry_group already registered for DAG: example_complex
[2023-04-14T19:34:26.249+0000] {logging_mixin.py:137} INFO - [2023-04-14T19:34:26.248+0000] {taskmixin.py:211} WARNING - Dependency <Task(BashOperator): delete_entry_group>, create_entry_group already registered for DAG: example_complex
[2023-04-14T19:34:26.249+0000] {logging_mixin.py:137} INFO - [2023-04-14T19:34:26.249+0000] {taskmixin.py:211} WARNING - Dependency <Task(BashOperator): create_entry_gcs>, delete_entry already registered for DAG: example_complex
[2023-04-14T19:34:26.249+0000] {logging_mixin.py:137} INFO - [2023-04-14T19:34:26.249+0000] {taskmixin.py:211} WARNING - Dependency <Task(BashOperator): delete_entry>, create_entry_gcs already registered for DAG: example_complex
[2023-04-14T19:34:26.249+0000] {logging_mixin.py:137} INFO - [2023-04-14T19:34:26.249+0000] {taskmixin.py:211} WARNING - Dependency <Task(BashOperator): create_tag>, delete_tag already registered for DAG: example_complex
[2023-04-14T19:34:26.249+0000] {logging_mixin.py:137} INFO - [2023-04-14T19:34:26.249+0000] {taskmixin.py:211} WARNING - Dependency <Task(BashOperator): delete_tag>, create_tag already registered for DAG: example_complex
[2023-04-14T19:34:26.255+0000] {processor.py:753} INFO - DAG(s) dict_keys(['example_complex']) retrieved from /home/airflow/.local/lib/python3.10/site-packages/airflow/example_dags/example_complex.py
[2023-04-14T19:34:26.286+0000] {logging_mixin.py:137} INFO - [2023-04-14T19:34:26.285+0000] {dag.py:2705} INFO - Sync 1 DAGs
[2023-04-14T19:34:26.309+0000] {logging_mixin.py:137} INFO - [2023-04-14T19:34:26.309+0000] {dag.py:3452} INFO - Setting next_dagrun for example_complex to None, run_after=None
[2023-04-14T19:34:26.327+0000] {processor.py:175} INFO - Processing /home/airflow/.local/lib/python3.10/site-packages/airflow/example_dags/example_complex.py took 0.094 seconds
[2023-04-14T19:35:37.631+0000] {processor.py:153} INFO - Started process (PID=50) to work on /home/airflow/.local/lib/python3.10/site-packages/airflow/example_dags/example_complex.py
[2023-04-14T19:35:37.631+0000] {processor.py:743} INFO - Processing file /home/airflow/.local/lib/python3.10/site-packages/airflow/example_dags/example_complex.py for tasks to queue
[2023-04-14T19:35:37.632+0000] {logging_mixin.py:137} INFO - [2023-04-14T19:35:37.632+0000] {dagbag.py:532} INFO - Filling up the DagBag from /home/airflow/.local/lib/python3.10/site-packages/airflow/example_dags/example_complex.py
[2023-04-14T19:35:37.643+0000] {logging_mixin.py:137} INFO - [2023-04-14T19:35:37.643+0000] {taskmixin.py:211} WARNING - Dependency <Task(BashOperator): create_entry_group>, delete_entry_group already registered for DAG: example_complex
[2023-04-14T19:35:37.643+0000] {logging_mixin.py:137} INFO - [2023-04-14T19:35:37.643+0000] {taskmixin.py:211} WARNING - Dependency <Task(BashOperator): delete_entry_group>, create_entry_group already registered for DAG: example_complex
[2023-04-14T19:35:37.643+0000] {logging_mixin.py:137} INFO - [2023-04-14T19:35:37.643+0000] {taskmixin.py:211} WARNING - Dependency <Task(BashOperator): create_entry_gcs>, delete_entry already registered for DAG: example_complex
[2023-04-14T19:35:37.644+0000] {logging_mixin.py:137} INFO - [2023-04-14T19:35:37.643+0000] {taskmixin.py:211} WARNING - Dependency <Task(BashOperator): delete_entry>, create_entry_gcs already registered for DAG: example_complex
[2023-04-14T19:35:37.644+0000] {logging_mixin.py:137} INFO - [2023-04-14T19:35:37.644+0000] {taskmixin.py:211} WARNING - Dependency <Task(BashOperator): create_tag>, delete_tag already registered for DAG: example_complex
[2023-04-14T19:35:37.644+0000] {logging_mixin.py:137} INFO - [2023-04-14T19:35:37.644+0000] {taskmixin.py:211} WARNING - Dependency <Task(BashOperator): delete_tag>, create_tag already registered for DAG: example_complex
[2023-04-14T19:35:37.651+0000] {processor.py:753} INFO - DAG(s) dict_keys(['example_complex']) retrieved from /home/airflow/.local/lib/python3.10/site-packages/airflow/example_dags/example_complex.py
[2023-04-14T19:35:37.661+0000] {logging_mixin.py:137} INFO - [2023-04-14T19:35:37.661+0000] {dag.py:2705} INFO - Sync 1 DAGs
[2023-04-14T19:35:37.676+0000] {logging_mixin.py:137} INFO - [2023-04-14T19:35:37.676+0000] {dag.py:3452} INFO - Setting next_dagrun for example_complex to None, run_after=None
[2023-04-14T19:35:37.691+0000] {processor.py:175} INFO - Processing /home/airflow/.local/lib/python3.10/site-packages/airflow/example_dags/example_complex.py took 0.063 seconds
[2023-04-14T19:36:08.741+0000] {processor.py:153} INFO - Started process (PID=135) to work on /home/airflow/.local/lib/python3.10/site-packages/airflow/example_dags/example_complex.py
[2023-04-14T19:36:08.742+0000] {processor.py:743} INFO - Processing file /home/airflow/.local/lib/python3.10/site-packages/airflow/example_dags/example_complex.py for tasks to queue
[2023-04-14T19:36:08.743+0000] {logging_mixin.py:137} INFO - [2023-04-14T19:36:08.742+0000] {dagbag.py:532} INFO - Filling up the DagBag from /home/airflow/.local/lib/python3.10/site-packages/airflow/example_dags/example_complex.py
[2023-04-14T19:36:08.750+0000] {logging_mixin.py:137} INFO - [2023-04-14T19:36:08.749+0000] {taskmixin.py:211} WARNING - Dependency <Task(BashOperator): create_entry_group>, delete_entry_group already registered for DAG: example_complex
[2023-04-14T19:36:08.750+0000] {logging_mixin.py:137} INFO - [2023-04-14T19:36:08.750+0000] {taskmixin.py:211} WARNING - Dependency <Task(BashOperator): delete_entry_group>, create_entry_group already registered for DAG: example_complex
[2023-04-14T19:36:08.750+0000] {logging_mixin.py:137} INFO - [2023-04-14T19:36:08.750+0000] {taskmixin.py:211} WARNING - Dependency <Task(BashOperator): create_entry_gcs>, delete_entry already registered for DAG: example_complex
[2023-04-14T19:36:08.750+0000] {logging_mixin.py:137} INFO - [2023-04-14T19:36:08.750+0000] {taskmixin.py:211} WARNING - Dependency <Task(BashOperator): delete_entry>, create_entry_gcs already registered for DAG: example_complex
[2023-04-14T19:36:08.750+0000] {logging_mixin.py:137} INFO - [2023-04-14T19:36:08.750+0000] {taskmixin.py:211} WARNING - Dependency <Task(BashOperator): create_tag>, delete_tag already registered for DAG: example_complex
[2023-04-14T19:36:08.751+0000] {logging_mixin.py:137} INFO - [2023-04-14T19:36:08.751+0000] {taskmixin.py:211} WARNING - Dependency <Task(BashOperator): delete_tag>, create_tag already registered for DAG: example_complex
[2023-04-14T19:36:08.757+0000] {processor.py:753} INFO - DAG(s) dict_keys(['example_complex']) retrieved from /home/airflow/.local/lib/python3.10/site-packages/airflow/example_dags/example_complex.py
[2023-04-14T19:36:08.779+0000] {logging_mixin.py:137} INFO - [2023-04-14T19:36:08.779+0000] {dag.py:2705} INFO - Sync 1 DAGs
[2023-04-14T19:36:08.794+0000] {logging_mixin.py:137} INFO - [2023-04-14T19:36:08.794+0000] {dag.py:3452} INFO - Setting next_dagrun for example_complex to None, run_after=None
[2023-04-14T19:36:08.810+0000] {processor.py:175} INFO - Processing /home/airflow/.local/lib/python3.10/site-packages/airflow/example_dags/example_complex.py took 0.071 seconds
