[2023-04-14T19:13:17.162+0000] {processor.py:153} INFO - Started process (PID=40) to work on /home/airflow/.local/lib/python3.7/site-packages/airflow/example_dags/example_task_group_decorator.py
[2023-04-14T19:13:17.163+0000] {processor.py:743} INFO - Processing file /home/airflow/.local/lib/python3.7/site-packages/airflow/example_dags/example_task_group_decorator.py for tasks to queue
[2023-04-14T19:13:17.164+0000] {logging_mixin.py:137} INFO - [2023-04-14T19:13:17.164+0000] {dagbag.py:532} INFO - Filling up the DagBag from /home/airflow/.local/lib/python3.7/site-packages/airflow/example_dags/example_task_group_decorator.py
[2023-04-14T19:13:17.191+0000] {processor.py:753} INFO - DAG(s) dict_keys(['example_task_group_decorator']) retrieved from /home/airflow/.local/lib/python3.7/site-packages/airflow/example_dags/example_task_group_decorator.py
[2023-04-14T19:13:17.202+0000] {logging_mixin.py:137} INFO - [2023-04-14T19:13:17.202+0000] {dag.py:2705} INFO - Sync 1 DAGs
[2023-04-14T19:13:17.221+0000] {logging_mixin.py:137} INFO - [2023-04-14T19:13:17.221+0000] {dag.py:3456} INFO - Setting next_dagrun for example_task_group_decorator to 2023-04-13T19:13:17.221179+00:00, run_after=2023-04-14T19:13:17.221179+00:00
[2023-04-14T19:13:17.236+0000] {processor.py:175} INFO - Processing /home/airflow/.local/lib/python3.7/site-packages/airflow/example_dags/example_task_group_decorator.py took 0.078 seconds
[2023-04-14T19:13:47.410+0000] {processor.py:153} INFO - Started process (PID=130) to work on /home/airflow/.local/lib/python3.7/site-packages/airflow/example_dags/example_task_group_decorator.py
[2023-04-14T19:13:47.411+0000] {processor.py:743} INFO - Processing file /home/airflow/.local/lib/python3.7/site-packages/airflow/example_dags/example_task_group_decorator.py for tasks to queue
[2023-04-14T19:13:47.412+0000] {logging_mixin.py:137} INFO - [2023-04-14T19:13:47.412+0000] {dagbag.py:532} INFO - Filling up the DagBag from /home/airflow/.local/lib/python3.7/site-packages/airflow/example_dags/example_task_group_decorator.py
[2023-04-14T19:13:47.433+0000] {processor.py:753} INFO - DAG(s) dict_keys(['example_task_group_decorator']) retrieved from /home/airflow/.local/lib/python3.7/site-packages/airflow/example_dags/example_task_group_decorator.py
[2023-04-14T19:13:47.454+0000] {logging_mixin.py:137} INFO - [2023-04-14T19:13:47.454+0000] {dag.py:2705} INFO - Sync 1 DAGs
[2023-04-14T19:13:47.472+0000] {logging_mixin.py:137} INFO - [2023-04-14T19:13:47.472+0000] {dag.py:3456} INFO - Setting next_dagrun for example_task_group_decorator to 2023-04-13T19:13:47.472474+00:00, run_after=2023-04-14T19:13:47.472474+00:00
[2023-04-14T19:13:47.488+0000] {processor.py:175} INFO - Processing /home/airflow/.local/lib/python3.7/site-packages/airflow/example_dags/example_task_group_decorator.py took 0.081 seconds
[2023-04-14T19:14:17.541+0000] {processor.py:153} INFO - Started process (PID=212) to work on /home/airflow/.local/lib/python3.7/site-packages/airflow/example_dags/example_task_group_decorator.py
[2023-04-14T19:14:17.542+0000] {processor.py:743} INFO - Processing file /home/airflow/.local/lib/python3.7/site-packages/airflow/example_dags/example_task_group_decorator.py for tasks to queue
[2023-04-14T19:14:17.542+0000] {logging_mixin.py:137} INFO - [2023-04-14T19:14:17.542+0000] {dagbag.py:532} INFO - Filling up the DagBag from /home/airflow/.local/lib/python3.7/site-packages/airflow/example_dags/example_task_group_decorator.py
[2023-04-14T19:14:17.564+0000] {processor.py:753} INFO - DAG(s) dict_keys(['example_task_group_decorator']) retrieved from /home/airflow/.local/lib/python3.7/site-packages/airflow/example_dags/example_task_group_decorator.py
[2023-04-14T19:14:17.587+0000] {logging_mixin.py:137} INFO - [2023-04-14T19:14:17.587+0000] {dag.py:2705} INFO - Sync 1 DAGs
[2023-04-14T19:14:17.605+0000] {logging_mixin.py:137} INFO - [2023-04-14T19:14:17.605+0000] {dag.py:3456} INFO - Setting next_dagrun for example_task_group_decorator to 2023-04-13T19:14:17.605012+00:00, run_after=2023-04-14T19:14:17.605012+00:00
[2023-04-14T19:14:17.620+0000] {processor.py:175} INFO - Processing /home/airflow/.local/lib/python3.7/site-packages/airflow/example_dags/example_task_group_decorator.py took 0.081 seconds
[2023-04-14T19:14:47.851+0000] {processor.py:153} INFO - Started process (PID=296) to work on /home/airflow/.local/lib/python3.7/site-packages/airflow/example_dags/example_task_group_decorator.py
[2023-04-14T19:14:47.852+0000] {processor.py:743} INFO - Processing file /home/airflow/.local/lib/python3.7/site-packages/airflow/example_dags/example_task_group_decorator.py for tasks to queue
[2023-04-14T19:14:47.853+0000] {logging_mixin.py:137} INFO - [2023-04-14T19:14:47.852+0000] {dagbag.py:532} INFO - Filling up the DagBag from /home/airflow/.local/lib/python3.7/site-packages/airflow/example_dags/example_task_group_decorator.py
[2023-04-14T19:14:47.873+0000] {processor.py:753} INFO - DAG(s) dict_keys(['example_task_group_decorator']) retrieved from /home/airflow/.local/lib/python3.7/site-packages/airflow/example_dags/example_task_group_decorator.py
[2023-04-14T19:14:47.899+0000] {logging_mixin.py:137} INFO - [2023-04-14T19:14:47.899+0000] {dag.py:2705} INFO - Sync 1 DAGs
[2023-04-14T19:14:47.918+0000] {logging_mixin.py:137} INFO - [2023-04-14T19:14:47.918+0000] {dag.py:3456} INFO - Setting next_dagrun for example_task_group_decorator to 2023-04-13T19:14:47.918666+00:00, run_after=2023-04-14T19:14:47.918666+00:00
[2023-04-14T19:14:47.933+0000] {processor.py:175} INFO - Processing /home/airflow/.local/lib/python3.7/site-packages/airflow/example_dags/example_task_group_decorator.py took 0.084 seconds
[2023-04-14T19:15:17.958+0000] {processor.py:153} INFO - Started process (PID=387) to work on /home/airflow/.local/lib/python3.7/site-packages/airflow/example_dags/example_task_group_decorator.py
[2023-04-14T19:15:17.958+0000] {processor.py:743} INFO - Processing file /home/airflow/.local/lib/python3.7/site-packages/airflow/example_dags/example_task_group_decorator.py for tasks to queue
[2023-04-14T19:15:17.959+0000] {logging_mixin.py:137} INFO - [2023-04-14T19:15:17.959+0000] {dagbag.py:532} INFO - Filling up the DagBag from /home/airflow/.local/lib/python3.7/site-packages/airflow/example_dags/example_task_group_decorator.py
[2023-04-14T19:15:17.980+0000] {processor.py:753} INFO - DAG(s) dict_keys(['example_task_group_decorator']) retrieved from /home/airflow/.local/lib/python3.7/site-packages/airflow/example_dags/example_task_group_decorator.py
[2023-04-14T19:15:18.002+0000] {logging_mixin.py:137} INFO - [2023-04-14T19:15:18.002+0000] {dag.py:2705} INFO - Sync 1 DAGs
[2023-04-14T19:15:18.021+0000] {logging_mixin.py:137} INFO - [2023-04-14T19:15:18.021+0000] {dag.py:3456} INFO - Setting next_dagrun for example_task_group_decorator to 2023-04-13T19:15:18.021293+00:00, run_after=2023-04-14T19:15:18.021293+00:00
[2023-04-14T19:15:18.034+0000] {processor.py:175} INFO - Processing /home/airflow/.local/lib/python3.7/site-packages/airflow/example_dags/example_task_group_decorator.py took 0.079 seconds
[2023-04-14T19:17:34.652+0000] {processor.py:153} INFO - Started process (PID=40) to work on /home/airflow/.local/lib/python3.7/site-packages/airflow/example_dags/example_task_group_decorator.py
[2023-04-14T19:17:34.652+0000] {processor.py:743} INFO - Processing file /home/airflow/.local/lib/python3.7/site-packages/airflow/example_dags/example_task_group_decorator.py for tasks to queue
[2023-04-14T19:17:34.653+0000] {logging_mixin.py:137} INFO - [2023-04-14T19:17:34.653+0000] {dagbag.py:532} INFO - Filling up the DagBag from /home/airflow/.local/lib/python3.7/site-packages/airflow/example_dags/example_task_group_decorator.py
[2023-04-14T19:17:34.681+0000] {processor.py:753} INFO - DAG(s) dict_keys(['example_task_group_decorator']) retrieved from /home/airflow/.local/lib/python3.7/site-packages/airflow/example_dags/example_task_group_decorator.py
[2023-04-14T19:17:34.694+0000] {logging_mixin.py:137} INFO - [2023-04-14T19:17:34.693+0000] {dag.py:2705} INFO - Sync 1 DAGs
[2023-04-14T19:17:34.717+0000] {logging_mixin.py:137} INFO - [2023-04-14T19:17:34.717+0000] {dag.py:3456} INFO - Setting next_dagrun for example_task_group_decorator to 2023-04-13T19:17:34.716898+00:00, run_after=2023-04-14T19:17:34.716898+00:00
[2023-04-14T19:17:34.735+0000] {processor.py:175} INFO - Processing /home/airflow/.local/lib/python3.7/site-packages/airflow/example_dags/example_task_group_decorator.py took 0.087 seconds
[2023-04-14T19:18:05.071+0000] {processor.py:153} INFO - Started process (PID=132) to work on /home/airflow/.local/lib/python3.7/site-packages/airflow/example_dags/example_task_group_decorator.py
[2023-04-14T19:18:05.072+0000] {processor.py:743} INFO - Processing file /home/airflow/.local/lib/python3.7/site-packages/airflow/example_dags/example_task_group_decorator.py for tasks to queue
[2023-04-14T19:18:05.073+0000] {logging_mixin.py:137} INFO - [2023-04-14T19:18:05.073+0000] {dagbag.py:532} INFO - Filling up the DagBag from /home/airflow/.local/lib/python3.7/site-packages/airflow/example_dags/example_task_group_decorator.py
[2023-04-14T19:18:05.095+0000] {processor.py:753} INFO - DAG(s) dict_keys(['example_task_group_decorator']) retrieved from /home/airflow/.local/lib/python3.7/site-packages/airflow/example_dags/example_task_group_decorator.py
[2023-04-14T19:18:05.123+0000] {logging_mixin.py:137} INFO - [2023-04-14T19:18:05.123+0000] {dag.py:2705} INFO - Sync 1 DAGs
[2023-04-14T19:18:05.149+0000] {logging_mixin.py:137} INFO - [2023-04-14T19:18:05.149+0000] {dag.py:3456} INFO - Setting next_dagrun for example_task_group_decorator to 2023-04-13T19:18:05.149369+00:00, run_after=2023-04-14T19:18:05.149369+00:00
[2023-04-14T19:18:05.165+0000] {processor.py:175} INFO - Processing /home/airflow/.local/lib/python3.7/site-packages/airflow/example_dags/example_task_group_decorator.py took 0.096 seconds
[2023-04-14T19:18:35.654+0000] {processor.py:153} INFO - Started process (PID=216) to work on /home/airflow/.local/lib/python3.7/site-packages/airflow/example_dags/example_task_group_decorator.py
[2023-04-14T19:18:35.655+0000] {processor.py:743} INFO - Processing file /home/airflow/.local/lib/python3.7/site-packages/airflow/example_dags/example_task_group_decorator.py for tasks to queue
[2023-04-14T19:18:35.656+0000] {logging_mixin.py:137} INFO - [2023-04-14T19:18:35.656+0000] {dagbag.py:532} INFO - Filling up the DagBag from /home/airflow/.local/lib/python3.7/site-packages/airflow/example_dags/example_task_group_decorator.py
[2023-04-14T19:18:35.677+0000] {processor.py:753} INFO - DAG(s) dict_keys(['example_task_group_decorator']) retrieved from /home/airflow/.local/lib/python3.7/site-packages/airflow/example_dags/example_task_group_decorator.py
[2023-04-14T19:18:35.701+0000] {logging_mixin.py:137} INFO - [2023-04-14T19:18:35.701+0000] {dag.py:2705} INFO - Sync 1 DAGs
[2023-04-14T19:18:35.720+0000] {logging_mixin.py:137} INFO - [2023-04-14T19:18:35.720+0000] {dag.py:3456} INFO - Setting next_dagrun for example_task_group_decorator to 2023-04-13T19:18:35.720130+00:00, run_after=2023-04-14T19:18:35.720130+00:00
[2023-04-14T19:18:35.735+0000] {processor.py:175} INFO - Processing /home/airflow/.local/lib/python3.7/site-packages/airflow/example_dags/example_task_group_decorator.py took 0.084 seconds
[2023-04-14T19:19:06.098+0000] {processor.py:153} INFO - Started process (PID=298) to work on /home/airflow/.local/lib/python3.7/site-packages/airflow/example_dags/example_task_group_decorator.py
[2023-04-14T19:19:06.099+0000] {processor.py:743} INFO - Processing file /home/airflow/.local/lib/python3.7/site-packages/airflow/example_dags/example_task_group_decorator.py for tasks to queue
[2023-04-14T19:19:06.100+0000] {logging_mixin.py:137} INFO - [2023-04-14T19:19:06.100+0000] {dagbag.py:532} INFO - Filling up the DagBag from /home/airflow/.local/lib/python3.7/site-packages/airflow/example_dags/example_task_group_decorator.py
[2023-04-14T19:19:06.125+0000] {processor.py:753} INFO - DAG(s) dict_keys(['example_task_group_decorator']) retrieved from /home/airflow/.local/lib/python3.7/site-packages/airflow/example_dags/example_task_group_decorator.py
[2023-04-14T19:19:06.149+0000] {logging_mixin.py:137} INFO - [2023-04-14T19:19:06.149+0000] {dag.py:2705} INFO - Sync 1 DAGs
[2023-04-14T19:19:06.172+0000] {logging_mixin.py:137} INFO - [2023-04-14T19:19:06.171+0000] {dag.py:3456} INFO - Setting next_dagrun for example_task_group_decorator to 2023-04-13T19:19:06.171593+00:00, run_after=2023-04-14T19:19:06.171593+00:00
[2023-04-14T19:19:06.187+0000] {processor.py:175} INFO - Processing /home/airflow/.local/lib/python3.7/site-packages/airflow/example_dags/example_task_group_decorator.py took 0.092 seconds
[2023-04-14T19:19:36.338+0000] {processor.py:153} INFO - Started process (PID=391) to work on /home/airflow/.local/lib/python3.7/site-packages/airflow/example_dags/example_task_group_decorator.py
[2023-04-14T19:19:36.339+0000] {processor.py:743} INFO - Processing file /home/airflow/.local/lib/python3.7/site-packages/airflow/example_dags/example_task_group_decorator.py for tasks to queue
[2023-04-14T19:19:36.340+0000] {logging_mixin.py:137} INFO - [2023-04-14T19:19:36.339+0000] {dagbag.py:532} INFO - Filling up the DagBag from /home/airflow/.local/lib/python3.7/site-packages/airflow/example_dags/example_task_group_decorator.py
[2023-04-14T19:19:36.360+0000] {processor.py:753} INFO - DAG(s) dict_keys(['example_task_group_decorator']) retrieved from /home/airflow/.local/lib/python3.7/site-packages/airflow/example_dags/example_task_group_decorator.py
[2023-04-14T19:19:36.381+0000] {logging_mixin.py:137} INFO - [2023-04-14T19:19:36.381+0000] {dag.py:2705} INFO - Sync 1 DAGs
[2023-04-14T19:19:36.400+0000] {logging_mixin.py:137} INFO - [2023-04-14T19:19:36.400+0000] {dag.py:3456} INFO - Setting next_dagrun for example_task_group_decorator to 2023-04-13T19:19:36.399891+00:00, run_after=2023-04-14T19:19:36.399891+00:00
[2023-04-14T19:19:36.412+0000] {processor.py:175} INFO - Processing /home/airflow/.local/lib/python3.7/site-packages/airflow/example_dags/example_task_group_decorator.py took 0.077 seconds
[2023-04-14T19:20:06.695+0000] {processor.py:153} INFO - Started process (PID=466) to work on /home/airflow/.local/lib/python3.7/site-packages/airflow/example_dags/example_task_group_decorator.py
[2023-04-14T19:20:06.696+0000] {processor.py:743} INFO - Processing file /home/airflow/.local/lib/python3.7/site-packages/airflow/example_dags/example_task_group_decorator.py for tasks to queue
[2023-04-14T19:20:06.696+0000] {logging_mixin.py:137} INFO - [2023-04-14T19:20:06.696+0000] {dagbag.py:532} INFO - Filling up the DagBag from /home/airflow/.local/lib/python3.7/site-packages/airflow/example_dags/example_task_group_decorator.py
[2023-04-14T19:20:06.717+0000] {processor.py:753} INFO - DAG(s) dict_keys(['example_task_group_decorator']) retrieved from /home/airflow/.local/lib/python3.7/site-packages/airflow/example_dags/example_task_group_decorator.py
[2023-04-14T19:20:06.738+0000] {logging_mixin.py:137} INFO - [2023-04-14T19:20:06.738+0000] {dag.py:2705} INFO - Sync 1 DAGs
[2023-04-14T19:20:06.757+0000] {logging_mixin.py:137} INFO - [2023-04-14T19:20:06.757+0000] {dag.py:3456} INFO - Setting next_dagrun for example_task_group_decorator to 2023-04-13T19:20:06.756940+00:00, run_after=2023-04-14T19:20:06.756940+00:00
[2023-04-14T19:20:06.770+0000] {processor.py:175} INFO - Processing /home/airflow/.local/lib/python3.7/site-packages/airflow/example_dags/example_task_group_decorator.py took 0.077 seconds
[2023-04-14T19:20:37.200+0000] {processor.py:153} INFO - Started process (PID=558) to work on /home/airflow/.local/lib/python3.7/site-packages/airflow/example_dags/example_task_group_decorator.py
[2023-04-14T19:20:37.201+0000] {processor.py:743} INFO - Processing file /home/airflow/.local/lib/python3.7/site-packages/airflow/example_dags/example_task_group_decorator.py for tasks to queue
[2023-04-14T19:20:37.201+0000] {logging_mixin.py:137} INFO - [2023-04-14T19:20:37.201+0000] {dagbag.py:532} INFO - Filling up the DagBag from /home/airflow/.local/lib/python3.7/site-packages/airflow/example_dags/example_task_group_decorator.py
[2023-04-14T19:20:37.222+0000] {processor.py:753} INFO - DAG(s) dict_keys(['example_task_group_decorator']) retrieved from /home/airflow/.local/lib/python3.7/site-packages/airflow/example_dags/example_task_group_decorator.py
[2023-04-14T19:20:37.243+0000] {logging_mixin.py:137} INFO - [2023-04-14T19:20:37.243+0000] {dag.py:2705} INFO - Sync 1 DAGs
[2023-04-14T19:20:37.260+0000] {logging_mixin.py:137} INFO - [2023-04-14T19:20:37.260+0000] {dag.py:3456} INFO - Setting next_dagrun for example_task_group_decorator to 2023-04-13T19:20:37.259837+00:00, run_after=2023-04-14T19:20:37.259837+00:00
[2023-04-14T19:20:37.271+0000] {processor.py:175} INFO - Processing /home/airflow/.local/lib/python3.7/site-packages/airflow/example_dags/example_task_group_decorator.py took 0.074 seconds
[2023-04-14T19:21:07.475+0000] {processor.py:153} INFO - Started process (PID=649) to work on /home/airflow/.local/lib/python3.7/site-packages/airflow/example_dags/example_task_group_decorator.py
[2023-04-14T19:21:07.475+0000] {processor.py:743} INFO - Processing file /home/airflow/.local/lib/python3.7/site-packages/airflow/example_dags/example_task_group_decorator.py for tasks to queue
[2023-04-14T19:21:07.476+0000] {logging_mixin.py:137} INFO - [2023-04-14T19:21:07.476+0000] {dagbag.py:532} INFO - Filling up the DagBag from /home/airflow/.local/lib/python3.7/site-packages/airflow/example_dags/example_task_group_decorator.py
[2023-04-14T19:21:07.497+0000] {processor.py:753} INFO - DAG(s) dict_keys(['example_task_group_decorator']) retrieved from /home/airflow/.local/lib/python3.7/site-packages/airflow/example_dags/example_task_group_decorator.py
[2023-04-14T19:21:07.518+0000] {logging_mixin.py:137} INFO - [2023-04-14T19:21:07.518+0000] {dag.py:2705} INFO - Sync 1 DAGs
[2023-04-14T19:21:07.536+0000] {logging_mixin.py:137} INFO - [2023-04-14T19:21:07.536+0000] {dag.py:3456} INFO - Setting next_dagrun for example_task_group_decorator to 2023-04-13T19:21:07.536162+00:00, run_after=2023-04-14T19:21:07.536162+00:00
[2023-04-14T19:21:07.549+0000] {processor.py:175} INFO - Processing /home/airflow/.local/lib/python3.7/site-packages/airflow/example_dags/example_task_group_decorator.py took 0.077 seconds
[2023-04-14T19:21:37.693+0000] {processor.py:153} INFO - Started process (PID=724) to work on /home/airflow/.local/lib/python3.7/site-packages/airflow/example_dags/example_task_group_decorator.py
[2023-04-14T19:21:37.694+0000] {processor.py:743} INFO - Processing file /home/airflow/.local/lib/python3.7/site-packages/airflow/example_dags/example_task_group_decorator.py for tasks to queue
[2023-04-14T19:21:37.694+0000] {logging_mixin.py:137} INFO - [2023-04-14T19:21:37.694+0000] {dagbag.py:532} INFO - Filling up the DagBag from /home/airflow/.local/lib/python3.7/site-packages/airflow/example_dags/example_task_group_decorator.py
[2023-04-14T19:21:37.715+0000] {processor.py:753} INFO - DAG(s) dict_keys(['example_task_group_decorator']) retrieved from /home/airflow/.local/lib/python3.7/site-packages/airflow/example_dags/example_task_group_decorator.py
[2023-04-14T19:21:37.734+0000] {logging_mixin.py:137} INFO - [2023-04-14T19:21:37.734+0000] {dag.py:2705} INFO - Sync 1 DAGs
[2023-04-14T19:21:37.750+0000] {logging_mixin.py:137} INFO - [2023-04-14T19:21:37.750+0000] {dag.py:3456} INFO - Setting next_dagrun for example_task_group_decorator to 2023-04-13T19:21:37.750069+00:00, run_after=2023-04-14T19:21:37.750069+00:00
[2023-04-14T19:21:37.763+0000] {processor.py:175} INFO - Processing /home/airflow/.local/lib/python3.7/site-packages/airflow/example_dags/example_task_group_decorator.py took 0.073 seconds
[2023-04-14T19:22:07.855+0000] {processor.py:153} INFO - Started process (PID=815) to work on /home/airflow/.local/lib/python3.7/site-packages/airflow/example_dags/example_task_group_decorator.py
[2023-04-14T19:22:07.856+0000] {processor.py:743} INFO - Processing file /home/airflow/.local/lib/python3.7/site-packages/airflow/example_dags/example_task_group_decorator.py for tasks to queue
[2023-04-14T19:22:07.856+0000] {logging_mixin.py:137} INFO - [2023-04-14T19:22:07.856+0000] {dagbag.py:532} INFO - Filling up the DagBag from /home/airflow/.local/lib/python3.7/site-packages/airflow/example_dags/example_task_group_decorator.py
[2023-04-14T19:22:07.875+0000] {processor.py:753} INFO - DAG(s) dict_keys(['example_task_group_decorator']) retrieved from /home/airflow/.local/lib/python3.7/site-packages/airflow/example_dags/example_task_group_decorator.py
[2023-04-14T19:22:07.896+0000] {logging_mixin.py:137} INFO - [2023-04-14T19:22:07.895+0000] {dag.py:2705} INFO - Sync 1 DAGs
[2023-04-14T19:22:07.911+0000] {logging_mixin.py:137} INFO - [2023-04-14T19:22:07.911+0000] {dag.py:3456} INFO - Setting next_dagrun for example_task_group_decorator to 2023-04-13T19:22:07.911555+00:00, run_after=2023-04-14T19:22:07.911555+00:00
[2023-04-14T19:22:07.923+0000] {processor.py:175} INFO - Processing /home/airflow/.local/lib/python3.7/site-packages/airflow/example_dags/example_task_group_decorator.py took 0.071 seconds
[2023-04-14T19:22:37.996+0000] {processor.py:153} INFO - Started process (PID=906) to work on /home/airflow/.local/lib/python3.7/site-packages/airflow/example_dags/example_task_group_decorator.py
[2023-04-14T19:22:37.997+0000] {processor.py:743} INFO - Processing file /home/airflow/.local/lib/python3.7/site-packages/airflow/example_dags/example_task_group_decorator.py for tasks to queue
[2023-04-14T19:22:37.997+0000] {logging_mixin.py:137} INFO - [2023-04-14T19:22:37.997+0000] {dagbag.py:532} INFO - Filling up the DagBag from /home/airflow/.local/lib/python3.7/site-packages/airflow/example_dags/example_task_group_decorator.py
[2023-04-14T19:22:38.020+0000] {processor.py:753} INFO - DAG(s) dict_keys(['example_task_group_decorator']) retrieved from /home/airflow/.local/lib/python3.7/site-packages/airflow/example_dags/example_task_group_decorator.py
[2023-04-14T19:22:38.045+0000] {logging_mixin.py:137} INFO - [2023-04-14T19:22:38.045+0000] {dag.py:2705} INFO - Sync 1 DAGs
[2023-04-14T19:22:38.066+0000] {logging_mixin.py:137} INFO - [2023-04-14T19:22:38.065+0000] {dag.py:3456} INFO - Setting next_dagrun for example_task_group_decorator to 2023-04-13T19:22:38.065794+00:00, run_after=2023-04-14T19:22:38.065794+00:00
[2023-04-14T19:22:38.082+0000] {processor.py:175} INFO - Processing /home/airflow/.local/lib/python3.7/site-packages/airflow/example_dags/example_task_group_decorator.py took 0.090 seconds
[2023-04-14T19:23:08.788+0000] {processor.py:153} INFO - Started process (PID=981) to work on /home/airflow/.local/lib/python3.7/site-packages/airflow/example_dags/example_task_group_decorator.py
[2023-04-14T19:23:08.789+0000] {processor.py:743} INFO - Processing file /home/airflow/.local/lib/python3.7/site-packages/airflow/example_dags/example_task_group_decorator.py for tasks to queue
[2023-04-14T19:23:08.790+0000] {logging_mixin.py:137} INFO - [2023-04-14T19:23:08.789+0000] {dagbag.py:532} INFO - Filling up the DagBag from /home/airflow/.local/lib/python3.7/site-packages/airflow/example_dags/example_task_group_decorator.py
[2023-04-14T19:23:08.809+0000] {processor.py:753} INFO - DAG(s) dict_keys(['example_task_group_decorator']) retrieved from /home/airflow/.local/lib/python3.7/site-packages/airflow/example_dags/example_task_group_decorator.py
[2023-04-14T19:23:08.829+0000] {logging_mixin.py:137} INFO - [2023-04-14T19:23:08.829+0000] {dag.py:2705} INFO - Sync 1 DAGs
[2023-04-14T19:23:08.846+0000] {logging_mixin.py:137} INFO - [2023-04-14T19:23:08.846+0000] {dag.py:3456} INFO - Setting next_dagrun for example_task_group_decorator to 2023-04-13T19:23:08.846026+00:00, run_after=2023-04-14T19:23:08.846026+00:00
[2023-04-14T19:23:08.858+0000] {processor.py:175} INFO - Processing /home/airflow/.local/lib/python3.7/site-packages/airflow/example_dags/example_task_group_decorator.py took 0.072 seconds
[2023-04-14T19:23:38.889+0000] {processor.py:153} INFO - Started process (PID=1072) to work on /home/airflow/.local/lib/python3.7/site-packages/airflow/example_dags/example_task_group_decorator.py
[2023-04-14T19:23:38.889+0000] {processor.py:743} INFO - Processing file /home/airflow/.local/lib/python3.7/site-packages/airflow/example_dags/example_task_group_decorator.py for tasks to queue
[2023-04-14T19:23:38.890+0000] {logging_mixin.py:137} INFO - [2023-04-14T19:23:38.890+0000] {dagbag.py:532} INFO - Filling up the DagBag from /home/airflow/.local/lib/python3.7/site-packages/airflow/example_dags/example_task_group_decorator.py
[2023-04-14T19:23:38.909+0000] {processor.py:753} INFO - DAG(s) dict_keys(['example_task_group_decorator']) retrieved from /home/airflow/.local/lib/python3.7/site-packages/airflow/example_dags/example_task_group_decorator.py
[2023-04-14T19:23:38.928+0000] {logging_mixin.py:137} INFO - [2023-04-14T19:23:38.928+0000] {dag.py:2705} INFO - Sync 1 DAGs
[2023-04-14T19:23:38.946+0000] {logging_mixin.py:137} INFO - [2023-04-14T19:23:38.946+0000] {dag.py:3456} INFO - Setting next_dagrun for example_task_group_decorator to 2023-04-13T19:23:38.945837+00:00, run_after=2023-04-14T19:23:38.945837+00:00
[2023-04-14T19:23:38.957+0000] {processor.py:175} INFO - Processing /home/airflow/.local/lib/python3.7/site-packages/airflow/example_dags/example_task_group_decorator.py took 0.072 seconds
[2023-04-14T19:24:09.072+0000] {processor.py:153} INFO - Started process (PID=1156) to work on /home/airflow/.local/lib/python3.7/site-packages/airflow/example_dags/example_task_group_decorator.py
[2023-04-14T19:24:09.072+0000] {processor.py:743} INFO - Processing file /home/airflow/.local/lib/python3.7/site-packages/airflow/example_dags/example_task_group_decorator.py for tasks to queue
[2023-04-14T19:24:09.073+0000] {logging_mixin.py:137} INFO - [2023-04-14T19:24:09.073+0000] {dagbag.py:532} INFO - Filling up the DagBag from /home/airflow/.local/lib/python3.7/site-packages/airflow/example_dags/example_task_group_decorator.py
[2023-04-14T19:24:09.092+0000] {processor.py:753} INFO - DAG(s) dict_keys(['example_task_group_decorator']) retrieved from /home/airflow/.local/lib/python3.7/site-packages/airflow/example_dags/example_task_group_decorator.py
[2023-04-14T19:24:09.112+0000] {logging_mixin.py:137} INFO - [2023-04-14T19:24:09.112+0000] {dag.py:2705} INFO - Sync 1 DAGs
[2023-04-14T19:24:09.128+0000] {logging_mixin.py:137} INFO - [2023-04-14T19:24:09.128+0000] {dag.py:3456} INFO - Setting next_dagrun for example_task_group_decorator to 2023-04-13T19:24:09.128201+00:00, run_after=2023-04-14T19:24:09.128201+00:00
[2023-04-14T19:24:09.140+0000] {processor.py:175} INFO - Processing /home/airflow/.local/lib/python3.7/site-packages/airflow/example_dags/example_task_group_decorator.py took 0.072 seconds
[2023-04-14T19:26:08.464+0000] {processor.py:153} INFO - Started process (PID=40) to work on /home/airflow/.local/lib/python3.7/site-packages/airflow/example_dags/example_task_group_decorator.py
[2023-04-14T19:26:08.465+0000] {processor.py:743} INFO - Processing file /home/airflow/.local/lib/python3.7/site-packages/airflow/example_dags/example_task_group_decorator.py for tasks to queue
[2023-04-14T19:26:08.466+0000] {logging_mixin.py:137} INFO - [2023-04-14T19:26:08.466+0000] {dagbag.py:532} INFO - Filling up the DagBag from /home/airflow/.local/lib/python3.7/site-packages/airflow/example_dags/example_task_group_decorator.py
[2023-04-14T19:26:08.494+0000] {processor.py:753} INFO - DAG(s) dict_keys(['example_task_group_decorator']) retrieved from /home/airflow/.local/lib/python3.7/site-packages/airflow/example_dags/example_task_group_decorator.py
[2023-04-14T19:26:08.506+0000] {logging_mixin.py:137} INFO - [2023-04-14T19:26:08.506+0000] {dag.py:2705} INFO - Sync 1 DAGs
[2023-04-14T19:26:08.527+0000] {logging_mixin.py:137} INFO - [2023-04-14T19:26:08.527+0000] {dag.py:3456} INFO - Setting next_dagrun for example_task_group_decorator to 2023-04-13T19:26:08.527229+00:00, run_after=2023-04-14T19:26:08.527229+00:00
[2023-04-14T19:26:08.546+0000] {processor.py:175} INFO - Processing /home/airflow/.local/lib/python3.7/site-packages/airflow/example_dags/example_task_group_decorator.py took 0.085 seconds
[2023-04-14T19:26:38.587+0000] {processor.py:153} INFO - Started process (PID=131) to work on /home/airflow/.local/lib/python3.7/site-packages/airflow/example_dags/example_task_group_decorator.py
[2023-04-14T19:26:38.588+0000] {processor.py:743} INFO - Processing file /home/airflow/.local/lib/python3.7/site-packages/airflow/example_dags/example_task_group_decorator.py for tasks to queue
[2023-04-14T19:26:38.588+0000] {logging_mixin.py:137} INFO - [2023-04-14T19:26:38.588+0000] {dagbag.py:532} INFO - Filling up the DagBag from /home/airflow/.local/lib/python3.7/site-packages/airflow/example_dags/example_task_group_decorator.py
[2023-04-14T19:26:38.609+0000] {processor.py:753} INFO - DAG(s) dict_keys(['example_task_group_decorator']) retrieved from /home/airflow/.local/lib/python3.7/site-packages/airflow/example_dags/example_task_group_decorator.py
[2023-04-14T19:26:38.629+0000] {logging_mixin.py:137} INFO - [2023-04-14T19:26:38.629+0000] {dag.py:2705} INFO - Sync 1 DAGs
[2023-04-14T19:26:38.647+0000] {logging_mixin.py:137} INFO - [2023-04-14T19:26:38.647+0000] {dag.py:3456} INFO - Setting next_dagrun for example_task_group_decorator to 2023-04-13T19:26:38.647451+00:00, run_after=2023-04-14T19:26:38.647451+00:00
[2023-04-14T19:26:38.661+0000] {processor.py:175} INFO - Processing /home/airflow/.local/lib/python3.7/site-packages/airflow/example_dags/example_task_group_decorator.py took 0.078 seconds
[2023-04-14T19:27:09.187+0000] {processor.py:153} INFO - Started process (PID=215) to work on /home/airflow/.local/lib/python3.7/site-packages/airflow/example_dags/example_task_group_decorator.py
[2023-04-14T19:27:09.188+0000] {processor.py:743} INFO - Processing file /home/airflow/.local/lib/python3.7/site-packages/airflow/example_dags/example_task_group_decorator.py for tasks to queue
[2023-04-14T19:27:09.188+0000] {logging_mixin.py:137} INFO - [2023-04-14T19:27:09.188+0000] {dagbag.py:532} INFO - Filling up the DagBag from /home/airflow/.local/lib/python3.7/site-packages/airflow/example_dags/example_task_group_decorator.py
[2023-04-14T19:27:09.207+0000] {processor.py:753} INFO - DAG(s) dict_keys(['example_task_group_decorator']) retrieved from /home/airflow/.local/lib/python3.7/site-packages/airflow/example_dags/example_task_group_decorator.py
[2023-04-14T19:27:09.230+0000] {logging_mixin.py:137} INFO - [2023-04-14T19:27:09.230+0000] {dag.py:2705} INFO - Sync 1 DAGs
[2023-04-14T19:27:09.249+0000] {logging_mixin.py:137} INFO - [2023-04-14T19:27:09.248+0000] {dag.py:3456} INFO - Setting next_dagrun for example_task_group_decorator to 2023-04-13T19:27:09.248710+00:00, run_after=2023-04-14T19:27:09.248710+00:00
[2023-04-14T19:27:09.261+0000] {processor.py:175} INFO - Processing /home/airflow/.local/lib/python3.7/site-packages/airflow/example_dags/example_task_group_decorator.py took 0.077 seconds
[2023-04-14T19:31:44.320+0000] {processor.py:153} INFO - Started process (PID=31) to work on /home/airflow/.local/lib/python3.10/site-packages/airflow/example_dags/example_task_group_decorator.py
[2023-04-14T19:31:44.321+0000] {processor.py:743} INFO - Processing file /home/airflow/.local/lib/python3.10/site-packages/airflow/example_dags/example_task_group_decorator.py for tasks to queue
[2023-04-14T19:31:44.322+0000] {logging_mixin.py:137} INFO - [2023-04-14T19:31:44.321+0000] {dagbag.py:532} INFO - Filling up the DagBag from /home/airflow/.local/lib/python3.10/site-packages/airflow/example_dags/example_task_group_decorator.py
[2023-04-14T19:31:44.349+0000] {processor.py:753} INFO - DAG(s) dict_keys(['example_task_group_decorator']) retrieved from /home/airflow/.local/lib/python3.10/site-packages/airflow/example_dags/example_task_group_decorator.py
[2023-04-14T19:31:44.357+0000] {logging_mixin.py:137} INFO - [2023-04-14T19:31:44.357+0000] {dag.py:2705} INFO - Sync 1 DAGs
[2023-04-14T19:31:44.379+0000] {logging_mixin.py:137} INFO - [2023-04-14T19:31:44.379+0000] {dag.py:3452} INFO - Setting next_dagrun for example_task_group_decorator to 2023-04-13T19:31:44.379062+00:00, run_after=2023-04-14T19:31:44.379062+00:00
[2023-04-14T19:31:44.426+0000] {processor.py:175} INFO - Processing /home/airflow/.local/lib/python3.10/site-packages/airflow/example_dags/example_task_group_decorator.py took 0.109 seconds
[2023-04-14T19:32:15.195+0000] {processor.py:153} INFO - Started process (PID=115) to work on /home/airflow/.local/lib/python3.10/site-packages/airflow/example_dags/example_task_group_decorator.py
[2023-04-14T19:32:15.196+0000] {processor.py:743} INFO - Processing file /home/airflow/.local/lib/python3.10/site-packages/airflow/example_dags/example_task_group_decorator.py for tasks to queue
[2023-04-14T19:32:15.196+0000] {logging_mixin.py:137} INFO - [2023-04-14T19:32:15.196+0000] {dagbag.py:532} INFO - Filling up the DagBag from /home/airflow/.local/lib/python3.10/site-packages/airflow/example_dags/example_task_group_decorator.py
[2023-04-14T19:32:15.220+0000] {processor.py:753} INFO - DAG(s) dict_keys(['example_task_group_decorator']) retrieved from /home/airflow/.local/lib/python3.10/site-packages/airflow/example_dags/example_task_group_decorator.py
[2023-04-14T19:32:15.244+0000] {logging_mixin.py:137} INFO - [2023-04-14T19:32:15.243+0000] {dag.py:2705} INFO - Sync 1 DAGs
[2023-04-14T19:32:15.262+0000] {logging_mixin.py:137} INFO - [2023-04-14T19:32:15.262+0000] {dag.py:3452} INFO - Setting next_dagrun for example_task_group_decorator to 2023-04-13T19:32:15.262664+00:00, run_after=2023-04-14T19:32:15.262664+00:00
[2023-04-14T19:32:15.278+0000] {processor.py:175} INFO - Processing /home/airflow/.local/lib/python3.10/site-packages/airflow/example_dags/example_task_group_decorator.py took 0.086 seconds
[2023-04-14T19:32:45.324+0000] {processor.py:153} INFO - Started process (PID=185) to work on /home/airflow/.local/lib/python3.10/site-packages/airflow/example_dags/example_task_group_decorator.py
[2023-04-14T19:32:45.325+0000] {processor.py:743} INFO - Processing file /home/airflow/.local/lib/python3.10/site-packages/airflow/example_dags/example_task_group_decorator.py for tasks to queue
[2023-04-14T19:32:45.325+0000] {logging_mixin.py:137} INFO - [2023-04-14T19:32:45.325+0000] {dagbag.py:532} INFO - Filling up the DagBag from /home/airflow/.local/lib/python3.10/site-packages/airflow/example_dags/example_task_group_decorator.py
[2023-04-14T19:32:45.345+0000] {processor.py:753} INFO - DAG(s) dict_keys(['example_task_group_decorator']) retrieved from /home/airflow/.local/lib/python3.10/site-packages/airflow/example_dags/example_task_group_decorator.py
[2023-04-14T19:32:45.365+0000] {logging_mixin.py:137} INFO - [2023-04-14T19:32:45.364+0000] {dag.py:2705} INFO - Sync 1 DAGs
[2023-04-14T19:32:45.380+0000] {logging_mixin.py:137} INFO - [2023-04-14T19:32:45.380+0000] {dag.py:3452} INFO - Setting next_dagrun for example_task_group_decorator to 2023-04-13T19:32:45.380120+00:00, run_after=2023-04-14T19:32:45.380120+00:00
[2023-04-14T19:32:45.391+0000] {processor.py:175} INFO - Processing /home/airflow/.local/lib/python3.10/site-packages/airflow/example_dags/example_task_group_decorator.py took 0.070 seconds
[2023-04-14T19:33:23.497+0000] {processor.py:153} INFO - Started process (PID=32) to work on /home/airflow/.local/lib/python3.10/site-packages/airflow/example_dags/example_task_group_decorator.py
[2023-04-14T19:33:23.497+0000] {processor.py:743} INFO - Processing file /home/airflow/.local/lib/python3.10/site-packages/airflow/example_dags/example_task_group_decorator.py for tasks to queue
[2023-04-14T19:33:23.498+0000] {logging_mixin.py:137} INFO - [2023-04-14T19:33:23.498+0000] {dagbag.py:532} INFO - Filling up the DagBag from /home/airflow/.local/lib/python3.10/site-packages/airflow/example_dags/example_task_group_decorator.py
[2023-04-14T19:33:23.521+0000] {processor.py:753} INFO - DAG(s) dict_keys(['example_task_group_decorator']) retrieved from /home/airflow/.local/lib/python3.10/site-packages/airflow/example_dags/example_task_group_decorator.py
[2023-04-14T19:33:23.533+0000] {logging_mixin.py:137} INFO - [2023-04-14T19:33:23.533+0000] {dag.py:2705} INFO - Sync 1 DAGs
[2023-04-14T19:33:23.549+0000] {logging_mixin.py:137} INFO - [2023-04-14T19:33:23.549+0000] {dag.py:3452} INFO - Setting next_dagrun for example_task_group_decorator to 2023-04-13T19:33:23.549441+00:00, run_after=2023-04-14T19:33:23.549441+00:00
[2023-04-14T19:33:23.562+0000] {processor.py:175} INFO - Processing /home/airflow/.local/lib/python3.10/site-packages/airflow/example_dags/example_task_group_decorator.py took 0.068 seconds
[2023-04-14T19:33:54.492+0000] {processor.py:153} INFO - Started process (PID=116) to work on /home/airflow/.local/lib/python3.10/site-packages/airflow/example_dags/example_task_group_decorator.py
[2023-04-14T19:33:54.493+0000] {processor.py:743} INFO - Processing file /home/airflow/.local/lib/python3.10/site-packages/airflow/example_dags/example_task_group_decorator.py for tasks to queue
[2023-04-14T19:33:54.493+0000] {logging_mixin.py:137} INFO - [2023-04-14T19:33:54.493+0000] {dagbag.py:532} INFO - Filling up the DagBag from /home/airflow/.local/lib/python3.10/site-packages/airflow/example_dags/example_task_group_decorator.py
[2023-04-14T19:33:54.514+0000] {processor.py:753} INFO - DAG(s) dict_keys(['example_task_group_decorator']) retrieved from /home/airflow/.local/lib/python3.10/site-packages/airflow/example_dags/example_task_group_decorator.py
[2023-04-14T19:33:54.533+0000] {logging_mixin.py:137} INFO - [2023-04-14T19:33:54.533+0000] {dag.py:2705} INFO - Sync 1 DAGs
[2023-04-14T19:33:54.550+0000] {logging_mixin.py:137} INFO - [2023-04-14T19:33:54.550+0000] {dag.py:3452} INFO - Setting next_dagrun for example_task_group_decorator to 2023-04-13T19:33:54.550606+00:00, run_after=2023-04-14T19:33:54.550606+00:00
[2023-04-14T19:33:54.562+0000] {processor.py:175} INFO - Processing /home/airflow/.local/lib/python3.10/site-packages/airflow/example_dags/example_task_group_decorator.py took 0.073 seconds
[2023-04-14T19:34:25.370+0000] {processor.py:153} INFO - Started process (PID=193) to work on /home/airflow/.local/lib/python3.10/site-packages/airflow/example_dags/example_task_group_decorator.py
[2023-04-14T19:34:25.370+0000] {processor.py:743} INFO - Processing file /home/airflow/.local/lib/python3.10/site-packages/airflow/example_dags/example_task_group_decorator.py for tasks to queue
[2023-04-14T19:34:25.372+0000] {logging_mixin.py:137} INFO - [2023-04-14T19:34:25.372+0000] {dagbag.py:532} INFO - Filling up the DagBag from /home/airflow/.local/lib/python3.10/site-packages/airflow/example_dags/example_task_group_decorator.py
[2023-04-14T19:34:25.392+0000] {processor.py:753} INFO - DAG(s) dict_keys(['example_task_group_decorator']) retrieved from /home/airflow/.local/lib/python3.10/site-packages/airflow/example_dags/example_task_group_decorator.py
[2023-04-14T19:34:25.413+0000] {logging_mixin.py:137} INFO - [2023-04-14T19:34:25.412+0000] {dag.py:2705} INFO - Sync 1 DAGs
[2023-04-14T19:34:25.429+0000] {logging_mixin.py:137} INFO - [2023-04-14T19:34:25.429+0000] {dag.py:3452} INFO - Setting next_dagrun for example_task_group_decorator to 2023-04-13T19:34:25.429286+00:00, run_after=2023-04-14T19:34:25.429286+00:00
[2023-04-14T19:34:25.442+0000] {processor.py:175} INFO - Processing /home/airflow/.local/lib/python3.10/site-packages/airflow/example_dags/example_task_group_decorator.py took 0.075 seconds
[2023-04-14T19:35:36.902+0000] {processor.py:153} INFO - Started process (PID=32) to work on /home/airflow/.local/lib/python3.10/site-packages/airflow/example_dags/example_task_group_decorator.py
[2023-04-14T19:35:36.903+0000] {processor.py:743} INFO - Processing file /home/airflow/.local/lib/python3.10/site-packages/airflow/example_dags/example_task_group_decorator.py for tasks to queue
[2023-04-14T19:35:36.904+0000] {logging_mixin.py:137} INFO - [2023-04-14T19:35:36.903+0000] {dagbag.py:532} INFO - Filling up the DagBag from /home/airflow/.local/lib/python3.10/site-packages/airflow/example_dags/example_task_group_decorator.py
[2023-04-14T19:35:36.926+0000] {processor.py:753} INFO - DAG(s) dict_keys(['example_task_group_decorator']) retrieved from /home/airflow/.local/lib/python3.10/site-packages/airflow/example_dags/example_task_group_decorator.py
[2023-04-14T19:35:36.935+0000] {logging_mixin.py:137} INFO - [2023-04-14T19:35:36.935+0000] {dag.py:2705} INFO - Sync 1 DAGs
[2023-04-14T19:35:36.949+0000] {logging_mixin.py:137} INFO - [2023-04-14T19:35:36.949+0000] {dag.py:3452} INFO - Setting next_dagrun for example_task_group_decorator to 2023-04-13T19:35:36.949061+00:00, run_after=2023-04-14T19:35:36.949061+00:00
[2023-04-14T19:35:36.960+0000] {processor.py:175} INFO - Processing /home/airflow/.local/lib/python3.10/site-packages/airflow/example_dags/example_task_group_decorator.py took 0.062 seconds
[2023-04-14T19:36:07.959+0000] {processor.py:153} INFO - Started process (PID=117) to work on /home/airflow/.local/lib/python3.10/site-packages/airflow/example_dags/example_task_group_decorator.py
[2023-04-14T19:36:07.960+0000] {processor.py:743} INFO - Processing file /home/airflow/.local/lib/python3.10/site-packages/airflow/example_dags/example_task_group_decorator.py for tasks to queue
[2023-04-14T19:36:07.960+0000] {logging_mixin.py:137} INFO - [2023-04-14T19:36:07.960+0000] {dagbag.py:532} INFO - Filling up the DagBag from /home/airflow/.local/lib/python3.10/site-packages/airflow/example_dags/example_task_group_decorator.py
[2023-04-14T19:36:07.982+0000] {processor.py:753} INFO - DAG(s) dict_keys(['example_task_group_decorator']) retrieved from /home/airflow/.local/lib/python3.10/site-packages/airflow/example_dags/example_task_group_decorator.py
[2023-04-14T19:36:07.999+0000] {logging_mixin.py:137} INFO - [2023-04-14T19:36:07.999+0000] {dag.py:2705} INFO - Sync 1 DAGs
[2023-04-14T19:36:08.012+0000] {logging_mixin.py:137} INFO - [2023-04-14T19:36:08.012+0000] {dag.py:3452} INFO - Setting next_dagrun for example_task_group_decorator to 2023-04-13T19:36:08.012538+00:00, run_after=2023-04-14T19:36:08.012538+00:00
[2023-04-14T19:36:08.022+0000] {processor.py:175} INFO - Processing /home/airflow/.local/lib/python3.10/site-packages/airflow/example_dags/example_task_group_decorator.py took 0.066 seconds
[2023-04-14T19:36:38.874+0000] {processor.py:153} INFO - Started process (PID=194) to work on /home/airflow/.local/lib/python3.10/site-packages/airflow/example_dags/example_task_group_decorator.py
[2023-04-14T19:36:38.874+0000] {processor.py:743} INFO - Processing file /home/airflow/.local/lib/python3.10/site-packages/airflow/example_dags/example_task_group_decorator.py for tasks to queue
[2023-04-14T19:36:38.875+0000] {logging_mixin.py:137} INFO - [2023-04-14T19:36:38.875+0000] {dagbag.py:532} INFO - Filling up the DagBag from /home/airflow/.local/lib/python3.10/site-packages/airflow/example_dags/example_task_group_decorator.py
[2023-04-14T19:36:38.893+0000] {processor.py:753} INFO - DAG(s) dict_keys(['example_task_group_decorator']) retrieved from /home/airflow/.local/lib/python3.10/site-packages/airflow/example_dags/example_task_group_decorator.py
[2023-04-14T19:36:38.910+0000] {logging_mixin.py:137} INFO - [2023-04-14T19:36:38.910+0000] {dag.py:2705} INFO - Sync 1 DAGs
[2023-04-14T19:36:38.925+0000] {logging_mixin.py:137} INFO - [2023-04-14T19:36:38.925+0000] {dag.py:3452} INFO - Setting next_dagrun for example_task_group_decorator to 2023-04-13T19:36:38.925049+00:00, run_after=2023-04-14T19:36:38.925049+00:00
[2023-04-14T19:36:38.935+0000] {processor.py:175} INFO - Processing /home/airflow/.local/lib/python3.10/site-packages/airflow/example_dags/example_task_group_decorator.py took 0.064 seconds
