[2023-04-14T19:13:18.716+0000] {processor.py:153} INFO - Started process (PID=65) to work on /home/airflow/.local/lib/python3.7/site-packages/airflow/example_dags/tutorial_taskflow_api.py
[2023-04-14T19:13:18.717+0000] {processor.py:743} INFO - Processing file /home/airflow/.local/lib/python3.7/site-packages/airflow/example_dags/tutorial_taskflow_api.py for tasks to queue
[2023-04-14T19:13:18.718+0000] {logging_mixin.py:137} INFO - [2023-04-14T19:13:18.718+0000] {dagbag.py:532} INFO - Filling up the DagBag from /home/airflow/.local/lib/python3.7/site-packages/airflow/example_dags/tutorial_taskflow_api.py
[2023-04-14T19:13:18.736+0000] {processor.py:753} INFO - DAG(s) dict_keys(['tutorial_taskflow_api']) retrieved from /home/airflow/.local/lib/python3.7/site-packages/airflow/example_dags/tutorial_taskflow_api.py
[2023-04-14T19:13:18.750+0000] {logging_mixin.py:137} INFO - [2023-04-14T19:13:18.750+0000] {dag.py:2705} INFO - Sync 1 DAGs
[2023-04-14T19:13:18.774+0000] {logging_mixin.py:137} INFO - [2023-04-14T19:13:18.773+0000] {dag.py:3456} INFO - Setting next_dagrun for tutorial_taskflow_api to None, run_after=None
[2023-04-14T19:13:18.789+0000] {processor.py:175} INFO - Processing /home/airflow/.local/lib/python3.7/site-packages/airflow/example_dags/tutorial_taskflow_api.py took 0.076 seconds
[2023-04-14T19:13:49.612+0000] {processor.py:153} INFO - Started process (PID=155) to work on /home/airflow/.local/lib/python3.7/site-packages/airflow/example_dags/tutorial_taskflow_api.py
[2023-04-14T19:13:49.613+0000] {processor.py:743} INFO - Processing file /home/airflow/.local/lib/python3.7/site-packages/airflow/example_dags/tutorial_taskflow_api.py for tasks to queue
[2023-04-14T19:13:49.614+0000] {logging_mixin.py:137} INFO - [2023-04-14T19:13:49.614+0000] {dagbag.py:532} INFO - Filling up the DagBag from /home/airflow/.local/lib/python3.7/site-packages/airflow/example_dags/tutorial_taskflow_api.py
[2023-04-14T19:13:49.631+0000] {processor.py:753} INFO - DAG(s) dict_keys(['tutorial_taskflow_api']) retrieved from /home/airflow/.local/lib/python3.7/site-packages/airflow/example_dags/tutorial_taskflow_api.py
[2023-04-14T19:13:49.651+0000] {logging_mixin.py:137} INFO - [2023-04-14T19:13:49.651+0000] {dag.py:2705} INFO - Sync 1 DAGs
[2023-04-14T19:13:49.668+0000] {logging_mixin.py:137} INFO - [2023-04-14T19:13:49.667+0000] {dag.py:3456} INFO - Setting next_dagrun for tutorial_taskflow_api to None, run_after=None
[2023-04-14T19:13:49.680+0000] {processor.py:175} INFO - Processing /home/airflow/.local/lib/python3.7/site-packages/airflow/example_dags/tutorial_taskflow_api.py took 0.070 seconds
[2023-04-14T19:14:19.889+0000] {processor.py:153} INFO - Started process (PID=246) to work on /home/airflow/.local/lib/python3.7/site-packages/airflow/example_dags/tutorial_taskflow_api.py
[2023-04-14T19:14:19.890+0000] {processor.py:743} INFO - Processing file /home/airflow/.local/lib/python3.7/site-packages/airflow/example_dags/tutorial_taskflow_api.py for tasks to queue
[2023-04-14T19:14:19.890+0000] {logging_mixin.py:137} INFO - [2023-04-14T19:14:19.890+0000] {dagbag.py:532} INFO - Filling up the DagBag from /home/airflow/.local/lib/python3.7/site-packages/airflow/example_dags/tutorial_taskflow_api.py
[2023-04-14T19:14:19.907+0000] {processor.py:753} INFO - DAG(s) dict_keys(['tutorial_taskflow_api']) retrieved from /home/airflow/.local/lib/python3.7/site-packages/airflow/example_dags/tutorial_taskflow_api.py
[2023-04-14T19:14:19.928+0000] {logging_mixin.py:137} INFO - [2023-04-14T19:14:19.928+0000] {dag.py:2705} INFO - Sync 1 DAGs
[2023-04-14T19:14:19.948+0000] {logging_mixin.py:137} INFO - [2023-04-14T19:14:19.948+0000] {dag.py:3456} INFO - Setting next_dagrun for tutorial_taskflow_api to None, run_after=None
[2023-04-14T19:14:19.962+0000] {processor.py:175} INFO - Processing /home/airflow/.local/lib/python3.7/site-packages/airflow/example_dags/tutorial_taskflow_api.py took 0.076 seconds
[2023-04-14T19:14:50.039+0000] {processor.py:153} INFO - Started process (PID=321) to work on /home/airflow/.local/lib/python3.7/site-packages/airflow/example_dags/tutorial_taskflow_api.py
[2023-04-14T19:14:50.039+0000] {processor.py:743} INFO - Processing file /home/airflow/.local/lib/python3.7/site-packages/airflow/example_dags/tutorial_taskflow_api.py for tasks to queue
[2023-04-14T19:14:50.040+0000] {logging_mixin.py:137} INFO - [2023-04-14T19:14:50.040+0000] {dagbag.py:532} INFO - Filling up the DagBag from /home/airflow/.local/lib/python3.7/site-packages/airflow/example_dags/tutorial_taskflow_api.py
[2023-04-14T19:14:50.055+0000] {processor.py:753} INFO - DAG(s) dict_keys(['tutorial_taskflow_api']) retrieved from /home/airflow/.local/lib/python3.7/site-packages/airflow/example_dags/tutorial_taskflow_api.py
[2023-04-14T19:14:50.075+0000] {logging_mixin.py:137} INFO - [2023-04-14T19:14:50.075+0000] {dag.py:2705} INFO - Sync 1 DAGs
[2023-04-14T19:14:50.093+0000] {logging_mixin.py:137} INFO - [2023-04-14T19:14:50.093+0000] {dag.py:3456} INFO - Setting next_dagrun for tutorial_taskflow_api to None, run_after=None
[2023-04-14T19:14:50.104+0000] {processor.py:175} INFO - Processing /home/airflow/.local/lib/python3.7/site-packages/airflow/example_dags/tutorial_taskflow_api.py took 0.068 seconds
[2023-04-14T19:15:20.230+0000] {processor.py:153} INFO - Started process (PID=412) to work on /home/airflow/.local/lib/python3.7/site-packages/airflow/example_dags/tutorial_taskflow_api.py
[2023-04-14T19:15:20.231+0000] {processor.py:743} INFO - Processing file /home/airflow/.local/lib/python3.7/site-packages/airflow/example_dags/tutorial_taskflow_api.py for tasks to queue
[2023-04-14T19:15:20.232+0000] {logging_mixin.py:137} INFO - [2023-04-14T19:15:20.232+0000] {dagbag.py:532} INFO - Filling up the DagBag from /home/airflow/.local/lib/python3.7/site-packages/airflow/example_dags/tutorial_taskflow_api.py
[2023-04-14T19:15:20.247+0000] {processor.py:753} INFO - DAG(s) dict_keys(['tutorial_taskflow_api']) retrieved from /home/airflow/.local/lib/python3.7/site-packages/airflow/example_dags/tutorial_taskflow_api.py
[2023-04-14T19:15:20.267+0000] {logging_mixin.py:137} INFO - [2023-04-14T19:15:20.266+0000] {dag.py:2705} INFO - Sync 1 DAGs
[2023-04-14T19:15:20.285+0000] {logging_mixin.py:137} INFO - [2023-04-14T19:15:20.284+0000] {dag.py:3456} INFO - Setting next_dagrun for tutorial_taskflow_api to None, run_after=None
[2023-04-14T19:15:20.298+0000] {processor.py:175} INFO - Processing /home/airflow/.local/lib/python3.7/site-packages/airflow/example_dags/tutorial_taskflow_api.py took 0.071 seconds
[2023-04-14T19:17:36.109+0000] {processor.py:153} INFO - Started process (PID=65) to work on /home/airflow/.local/lib/python3.7/site-packages/airflow/example_dags/tutorial_taskflow_api.py
[2023-04-14T19:17:36.110+0000] {processor.py:743} INFO - Processing file /home/airflow/.local/lib/python3.7/site-packages/airflow/example_dags/tutorial_taskflow_api.py for tasks to queue
[2023-04-14T19:17:36.111+0000] {logging_mixin.py:137} INFO - [2023-04-14T19:17:36.110+0000] {dagbag.py:532} INFO - Filling up the DagBag from /home/airflow/.local/lib/python3.7/site-packages/airflow/example_dags/tutorial_taskflow_api.py
[2023-04-14T19:17:36.128+0000] {processor.py:753} INFO - DAG(s) dict_keys(['tutorial_taskflow_api']) retrieved from /home/airflow/.local/lib/python3.7/site-packages/airflow/example_dags/tutorial_taskflow_api.py
[2023-04-14T19:17:36.139+0000] {logging_mixin.py:137} INFO - [2023-04-14T19:17:36.139+0000] {dag.py:2705} INFO - Sync 1 DAGs
[2023-04-14T19:17:36.162+0000] {logging_mixin.py:137} INFO - [2023-04-14T19:17:36.162+0000] {dag.py:3456} INFO - Setting next_dagrun for tutorial_taskflow_api to None, run_after=None
[2023-04-14T19:17:36.178+0000] {processor.py:175} INFO - Processing /home/airflow/.local/lib/python3.7/site-packages/airflow/example_dags/tutorial_taskflow_api.py took 0.072 seconds
[2023-04-14T19:18:06.495+0000] {processor.py:153} INFO - Started process (PID=157) to work on /home/airflow/.local/lib/python3.7/site-packages/airflow/example_dags/tutorial_taskflow_api.py
[2023-04-14T19:18:06.496+0000] {processor.py:743} INFO - Processing file /home/airflow/.local/lib/python3.7/site-packages/airflow/example_dags/tutorial_taskflow_api.py for tasks to queue
[2023-04-14T19:18:06.497+0000] {logging_mixin.py:137} INFO - [2023-04-14T19:18:06.496+0000] {dagbag.py:532} INFO - Filling up the DagBag from /home/airflow/.local/lib/python3.7/site-packages/airflow/example_dags/tutorial_taskflow_api.py
[2023-04-14T19:18:06.514+0000] {processor.py:753} INFO - DAG(s) dict_keys(['tutorial_taskflow_api']) retrieved from /home/airflow/.local/lib/python3.7/site-packages/airflow/example_dags/tutorial_taskflow_api.py
[2023-04-14T19:18:06.534+0000] {logging_mixin.py:137} INFO - [2023-04-14T19:18:06.534+0000] {dag.py:2705} INFO - Sync 1 DAGs
[2023-04-14T19:18:06.552+0000] {logging_mixin.py:137} INFO - [2023-04-14T19:18:06.552+0000] {dag.py:3456} INFO - Setting next_dagrun for tutorial_taskflow_api to None, run_after=None
[2023-04-14T19:18:06.567+0000] {processor.py:175} INFO - Processing /home/airflow/.local/lib/python3.7/site-packages/airflow/example_dags/tutorial_taskflow_api.py took 0.076 seconds
[2023-04-14T19:18:37.082+0000] {processor.py:153} INFO - Started process (PID=248) to work on /home/airflow/.local/lib/python3.7/site-packages/airflow/example_dags/tutorial_taskflow_api.py
[2023-04-14T19:18:37.083+0000] {processor.py:743} INFO - Processing file /home/airflow/.local/lib/python3.7/site-packages/airflow/example_dags/tutorial_taskflow_api.py for tasks to queue
[2023-04-14T19:18:37.083+0000] {logging_mixin.py:137} INFO - [2023-04-14T19:18:37.083+0000] {dagbag.py:532} INFO - Filling up the DagBag from /home/airflow/.local/lib/python3.7/site-packages/airflow/example_dags/tutorial_taskflow_api.py
[2023-04-14T19:18:37.101+0000] {processor.py:753} INFO - DAG(s) dict_keys(['tutorial_taskflow_api']) retrieved from /home/airflow/.local/lib/python3.7/site-packages/airflow/example_dags/tutorial_taskflow_api.py
[2023-04-14T19:18:37.121+0000] {logging_mixin.py:137} INFO - [2023-04-14T19:18:37.121+0000] {dag.py:2705} INFO - Sync 1 DAGs
[2023-04-14T19:18:37.140+0000] {logging_mixin.py:137} INFO - [2023-04-14T19:18:37.140+0000] {dag.py:3456} INFO - Setting next_dagrun for tutorial_taskflow_api to None, run_after=None
[2023-04-14T19:18:37.155+0000] {processor.py:175} INFO - Processing /home/airflow/.local/lib/python3.7/site-packages/airflow/example_dags/tutorial_taskflow_api.py took 0.076 seconds
[2023-04-14T19:19:07.372+0000] {processor.py:153} INFO - Started process (PID=323) to work on /home/airflow/.local/lib/python3.7/site-packages/airflow/example_dags/tutorial_taskflow_api.py
[2023-04-14T19:19:07.372+0000] {processor.py:743} INFO - Processing file /home/airflow/.local/lib/python3.7/site-packages/airflow/example_dags/tutorial_taskflow_api.py for tasks to queue
[2023-04-14T19:19:07.373+0000] {logging_mixin.py:137} INFO - [2023-04-14T19:19:07.373+0000] {dagbag.py:532} INFO - Filling up the DagBag from /home/airflow/.local/lib/python3.7/site-packages/airflow/example_dags/tutorial_taskflow_api.py
[2023-04-14T19:19:07.393+0000] {processor.py:753} INFO - DAG(s) dict_keys(['tutorial_taskflow_api']) retrieved from /home/airflow/.local/lib/python3.7/site-packages/airflow/example_dags/tutorial_taskflow_api.py
[2023-04-14T19:19:07.416+0000] {logging_mixin.py:137} INFO - [2023-04-14T19:19:07.416+0000] {dag.py:2705} INFO - Sync 1 DAGs
[2023-04-14T19:19:07.437+0000] {logging_mixin.py:137} INFO - [2023-04-14T19:19:07.437+0000] {dag.py:3456} INFO - Setting next_dagrun for tutorial_taskflow_api to None, run_after=None
[2023-04-14T19:19:07.453+0000] {processor.py:175} INFO - Processing /home/airflow/.local/lib/python3.7/site-packages/airflow/example_dags/tutorial_taskflow_api.py took 0.084 seconds
[2023-04-14T19:19:37.703+0000] {processor.py:153} INFO - Started process (PID=416) to work on /home/airflow/.local/lib/python3.7/site-packages/airflow/example_dags/tutorial_taskflow_api.py
[2023-04-14T19:19:37.703+0000] {processor.py:743} INFO - Processing file /home/airflow/.local/lib/python3.7/site-packages/airflow/example_dags/tutorial_taskflow_api.py for tasks to queue
[2023-04-14T19:19:37.705+0000] {logging_mixin.py:137} INFO - [2023-04-14T19:19:37.704+0000] {dagbag.py:532} INFO - Filling up the DagBag from /home/airflow/.local/lib/python3.7/site-packages/airflow/example_dags/tutorial_taskflow_api.py
[2023-04-14T19:19:37.722+0000] {processor.py:753} INFO - DAG(s) dict_keys(['tutorial_taskflow_api']) retrieved from /home/airflow/.local/lib/python3.7/site-packages/airflow/example_dags/tutorial_taskflow_api.py
[2023-04-14T19:19:37.743+0000] {logging_mixin.py:137} INFO - [2023-04-14T19:19:37.743+0000] {dag.py:2705} INFO - Sync 1 DAGs
[2023-04-14T19:19:37.763+0000] {logging_mixin.py:137} INFO - [2023-04-14T19:19:37.763+0000] {dag.py:3456} INFO - Setting next_dagrun for tutorial_taskflow_api to None, run_after=None
[2023-04-14T19:19:37.776+0000] {processor.py:175} INFO - Processing /home/airflow/.local/lib/python3.7/site-packages/airflow/example_dags/tutorial_taskflow_api.py took 0.076 seconds
[2023-04-14T19:20:08.163+0000] {processor.py:153} INFO - Started process (PID=501) to work on /home/airflow/.local/lib/python3.7/site-packages/airflow/example_dags/tutorial_taskflow_api.py
[2023-04-14T19:20:08.164+0000] {processor.py:743} INFO - Processing file /home/airflow/.local/lib/python3.7/site-packages/airflow/example_dags/tutorial_taskflow_api.py for tasks to queue
[2023-04-14T19:20:08.165+0000] {logging_mixin.py:137} INFO - [2023-04-14T19:20:08.165+0000] {dagbag.py:532} INFO - Filling up the DagBag from /home/airflow/.local/lib/python3.7/site-packages/airflow/example_dags/tutorial_taskflow_api.py
[2023-04-14T19:20:08.181+0000] {processor.py:753} INFO - DAG(s) dict_keys(['tutorial_taskflow_api']) retrieved from /home/airflow/.local/lib/python3.7/site-packages/airflow/example_dags/tutorial_taskflow_api.py
[2023-04-14T19:20:08.212+0000] {logging_mixin.py:137} INFO - [2023-04-14T19:20:08.212+0000] {dag.py:2705} INFO - Sync 1 DAGs
[2023-04-14T19:20:08.256+0000] {logging_mixin.py:137} INFO - [2023-04-14T19:20:08.255+0000] {dag.py:3456} INFO - Setting next_dagrun for tutorial_taskflow_api to None, run_after=None
[2023-04-14T19:20:08.274+0000] {processor.py:175} INFO - Processing /home/airflow/.local/lib/python3.7/site-packages/airflow/example_dags/tutorial_taskflow_api.py took 0.114 seconds
[2023-04-14T19:20:38.561+0000] {processor.py:153} INFO - Started process (PID=583) to work on /home/airflow/.local/lib/python3.7/site-packages/airflow/example_dags/tutorial_taskflow_api.py
[2023-04-14T19:20:38.562+0000] {processor.py:743} INFO - Processing file /home/airflow/.local/lib/python3.7/site-packages/airflow/example_dags/tutorial_taskflow_api.py for tasks to queue
[2023-04-14T19:20:38.562+0000] {logging_mixin.py:137} INFO - [2023-04-14T19:20:38.562+0000] {dagbag.py:532} INFO - Filling up the DagBag from /home/airflow/.local/lib/python3.7/site-packages/airflow/example_dags/tutorial_taskflow_api.py
[2023-04-14T19:20:38.580+0000] {processor.py:753} INFO - DAG(s) dict_keys(['tutorial_taskflow_api']) retrieved from /home/airflow/.local/lib/python3.7/site-packages/airflow/example_dags/tutorial_taskflow_api.py
[2023-04-14T19:20:38.601+0000] {logging_mixin.py:137} INFO - [2023-04-14T19:20:38.601+0000] {dag.py:2705} INFO - Sync 1 DAGs
[2023-04-14T19:20:38.618+0000] {logging_mixin.py:137} INFO - [2023-04-14T19:20:38.618+0000] {dag.py:3456} INFO - Setting next_dagrun for tutorial_taskflow_api to None, run_after=None
[2023-04-14T19:20:38.629+0000] {processor.py:175} INFO - Processing /home/airflow/.local/lib/python3.7/site-packages/airflow/example_dags/tutorial_taskflow_api.py took 0.071 seconds
[2023-04-14T19:21:08.790+0000] {processor.py:153} INFO - Started process (PID=674) to work on /home/airflow/.local/lib/python3.7/site-packages/airflow/example_dags/tutorial_taskflow_api.py
[2023-04-14T19:21:08.791+0000] {processor.py:743} INFO - Processing file /home/airflow/.local/lib/python3.7/site-packages/airflow/example_dags/tutorial_taskflow_api.py for tasks to queue
[2023-04-14T19:21:08.791+0000] {logging_mixin.py:137} INFO - [2023-04-14T19:21:08.791+0000] {dagbag.py:532} INFO - Filling up the DagBag from /home/airflow/.local/lib/python3.7/site-packages/airflow/example_dags/tutorial_taskflow_api.py
[2023-04-14T19:21:08.806+0000] {processor.py:753} INFO - DAG(s) dict_keys(['tutorial_taskflow_api']) retrieved from /home/airflow/.local/lib/python3.7/site-packages/airflow/example_dags/tutorial_taskflow_api.py
[2023-04-14T19:21:08.824+0000] {logging_mixin.py:137} INFO - [2023-04-14T19:21:08.824+0000] {dag.py:2705} INFO - Sync 1 DAGs
[2023-04-14T19:21:08.842+0000] {logging_mixin.py:137} INFO - [2023-04-14T19:21:08.841+0000] {dag.py:3456} INFO - Setting next_dagrun for tutorial_taskflow_api to None, run_after=None
[2023-04-14T19:21:08.855+0000] {processor.py:175} INFO - Processing /home/airflow/.local/lib/python3.7/site-packages/airflow/example_dags/tutorial_taskflow_api.py took 0.068 seconds
[2023-04-14T19:21:38.955+0000] {processor.py:153} INFO - Started process (PID=749) to work on /home/airflow/.local/lib/python3.7/site-packages/airflow/example_dags/tutorial_taskflow_api.py
[2023-04-14T19:21:38.956+0000] {processor.py:743} INFO - Processing file /home/airflow/.local/lib/python3.7/site-packages/airflow/example_dags/tutorial_taskflow_api.py for tasks to queue
[2023-04-14T19:21:38.957+0000] {logging_mixin.py:137} INFO - [2023-04-14T19:21:38.957+0000] {dagbag.py:532} INFO - Filling up the DagBag from /home/airflow/.local/lib/python3.7/site-packages/airflow/example_dags/tutorial_taskflow_api.py
[2023-04-14T19:21:38.973+0000] {processor.py:753} INFO - DAG(s) dict_keys(['tutorial_taskflow_api']) retrieved from /home/airflow/.local/lib/python3.7/site-packages/airflow/example_dags/tutorial_taskflow_api.py
[2023-04-14T19:21:38.992+0000] {logging_mixin.py:137} INFO - [2023-04-14T19:21:38.992+0000] {dag.py:2705} INFO - Sync 1 DAGs
[2023-04-14T19:21:39.010+0000] {logging_mixin.py:137} INFO - [2023-04-14T19:21:39.010+0000] {dag.py:3456} INFO - Setting next_dagrun for tutorial_taskflow_api to None, run_after=None
[2023-04-14T19:21:39.022+0000] {processor.py:175} INFO - Processing /home/airflow/.local/lib/python3.7/site-packages/airflow/example_dags/tutorial_taskflow_api.py took 0.069 seconds
[2023-04-14T19:22:09.101+0000] {processor.py:153} INFO - Started process (PID=840) to work on /home/airflow/.local/lib/python3.7/site-packages/airflow/example_dags/tutorial_taskflow_api.py
[2023-04-14T19:22:09.101+0000] {processor.py:743} INFO - Processing file /home/airflow/.local/lib/python3.7/site-packages/airflow/example_dags/tutorial_taskflow_api.py for tasks to queue
[2023-04-14T19:22:09.102+0000] {logging_mixin.py:137} INFO - [2023-04-14T19:22:09.102+0000] {dagbag.py:532} INFO - Filling up the DagBag from /home/airflow/.local/lib/python3.7/site-packages/airflow/example_dags/tutorial_taskflow_api.py
[2023-04-14T19:22:09.117+0000] {processor.py:753} INFO - DAG(s) dict_keys(['tutorial_taskflow_api']) retrieved from /home/airflow/.local/lib/python3.7/site-packages/airflow/example_dags/tutorial_taskflow_api.py
[2023-04-14T19:22:09.136+0000] {logging_mixin.py:137} INFO - [2023-04-14T19:22:09.136+0000] {dag.py:2705} INFO - Sync 1 DAGs
[2023-04-14T19:22:09.154+0000] {logging_mixin.py:137} INFO - [2023-04-14T19:22:09.154+0000] {dag.py:3456} INFO - Setting next_dagrun for tutorial_taskflow_api to None, run_after=None
[2023-04-14T19:22:09.167+0000] {processor.py:175} INFO - Processing /home/airflow/.local/lib/python3.7/site-packages/airflow/example_dags/tutorial_taskflow_api.py took 0.069 seconds
[2023-04-14T19:22:39.659+0000] {processor.py:153} INFO - Started process (PID=931) to work on /home/airflow/.local/lib/python3.7/site-packages/airflow/example_dags/tutorial_taskflow_api.py
[2023-04-14T19:22:39.660+0000] {processor.py:743} INFO - Processing file /home/airflow/.local/lib/python3.7/site-packages/airflow/example_dags/tutorial_taskflow_api.py for tasks to queue
[2023-04-14T19:22:39.661+0000] {logging_mixin.py:137} INFO - [2023-04-14T19:22:39.661+0000] {dagbag.py:532} INFO - Filling up the DagBag from /home/airflow/.local/lib/python3.7/site-packages/airflow/example_dags/tutorial_taskflow_api.py
[2023-04-14T19:22:39.682+0000] {processor.py:753} INFO - DAG(s) dict_keys(['tutorial_taskflow_api']) retrieved from /home/airflow/.local/lib/python3.7/site-packages/airflow/example_dags/tutorial_taskflow_api.py
[2023-04-14T19:22:39.706+0000] {logging_mixin.py:137} INFO - [2023-04-14T19:22:39.706+0000] {dag.py:2705} INFO - Sync 1 DAGs
[2023-04-14T19:22:39.728+0000] {logging_mixin.py:137} INFO - [2023-04-14T19:22:39.728+0000] {dag.py:3456} INFO - Setting next_dagrun for tutorial_taskflow_api to None, run_after=None
[2023-04-14T19:22:39.751+0000] {processor.py:175} INFO - Processing /home/airflow/.local/lib/python3.7/site-packages/airflow/example_dags/tutorial_taskflow_api.py took 0.095 seconds
[2023-04-14T19:23:09.995+0000] {processor.py:153} INFO - Started process (PID=1006) to work on /home/airflow/.local/lib/python3.7/site-packages/airflow/example_dags/tutorial_taskflow_api.py
[2023-04-14T19:23:09.996+0000] {processor.py:743} INFO - Processing file /home/airflow/.local/lib/python3.7/site-packages/airflow/example_dags/tutorial_taskflow_api.py for tasks to queue
[2023-04-14T19:23:09.997+0000] {logging_mixin.py:137} INFO - [2023-04-14T19:23:09.997+0000] {dagbag.py:532} INFO - Filling up the DagBag from /home/airflow/.local/lib/python3.7/site-packages/airflow/example_dags/tutorial_taskflow_api.py
[2023-04-14T19:23:10.014+0000] {processor.py:753} INFO - DAG(s) dict_keys(['tutorial_taskflow_api']) retrieved from /home/airflow/.local/lib/python3.7/site-packages/airflow/example_dags/tutorial_taskflow_api.py
[2023-04-14T19:23:10.034+0000] {logging_mixin.py:137} INFO - [2023-04-14T19:23:10.034+0000] {dag.py:2705} INFO - Sync 1 DAGs
[2023-04-14T19:23:10.052+0000] {logging_mixin.py:137} INFO - [2023-04-14T19:23:10.052+0000] {dag.py:3456} INFO - Setting next_dagrun for tutorial_taskflow_api to None, run_after=None
[2023-04-14T19:23:10.066+0000] {processor.py:175} INFO - Processing /home/airflow/.local/lib/python3.7/site-packages/airflow/example_dags/tutorial_taskflow_api.py took 0.073 seconds
[2023-04-14T19:23:40.164+0000] {processor.py:153} INFO - Started process (PID=1097) to work on /home/airflow/.local/lib/python3.7/site-packages/airflow/example_dags/tutorial_taskflow_api.py
[2023-04-14T19:23:40.165+0000] {processor.py:743} INFO - Processing file /home/airflow/.local/lib/python3.7/site-packages/airflow/example_dags/tutorial_taskflow_api.py for tasks to queue
[2023-04-14T19:23:40.165+0000] {logging_mixin.py:137} INFO - [2023-04-14T19:23:40.165+0000] {dagbag.py:532} INFO - Filling up the DagBag from /home/airflow/.local/lib/python3.7/site-packages/airflow/example_dags/tutorial_taskflow_api.py
[2023-04-14T19:23:40.181+0000] {processor.py:753} INFO - DAG(s) dict_keys(['tutorial_taskflow_api']) retrieved from /home/airflow/.local/lib/python3.7/site-packages/airflow/example_dags/tutorial_taskflow_api.py
[2023-04-14T19:23:40.203+0000] {logging_mixin.py:137} INFO - [2023-04-14T19:23:40.203+0000] {dag.py:2705} INFO - Sync 1 DAGs
[2023-04-14T19:23:40.223+0000] {logging_mixin.py:137} INFO - [2023-04-14T19:23:40.223+0000] {dag.py:3456} INFO - Setting next_dagrun for tutorial_taskflow_api to None, run_after=None
[2023-04-14T19:23:40.242+0000] {processor.py:175} INFO - Processing /home/airflow/.local/lib/python3.7/site-packages/airflow/example_dags/tutorial_taskflow_api.py took 0.081 seconds
[2023-04-14T19:24:10.333+0000] {processor.py:153} INFO - Started process (PID=1188) to work on /home/airflow/.local/lib/python3.7/site-packages/airflow/example_dags/tutorial_taskflow_api.py
[2023-04-14T19:24:10.334+0000] {processor.py:743} INFO - Processing file /home/airflow/.local/lib/python3.7/site-packages/airflow/example_dags/tutorial_taskflow_api.py for tasks to queue
[2023-04-14T19:24:10.334+0000] {logging_mixin.py:137} INFO - [2023-04-14T19:24:10.334+0000] {dagbag.py:532} INFO - Filling up the DagBag from /home/airflow/.local/lib/python3.7/site-packages/airflow/example_dags/tutorial_taskflow_api.py
[2023-04-14T19:24:10.352+0000] {processor.py:753} INFO - DAG(s) dict_keys(['tutorial_taskflow_api']) retrieved from /home/airflow/.local/lib/python3.7/site-packages/airflow/example_dags/tutorial_taskflow_api.py
[2023-04-14T19:24:10.371+0000] {logging_mixin.py:137} INFO - [2023-04-14T19:24:10.371+0000] {dag.py:2705} INFO - Sync 1 DAGs
[2023-04-14T19:24:10.389+0000] {logging_mixin.py:137} INFO - [2023-04-14T19:24:10.389+0000] {dag.py:3456} INFO - Setting next_dagrun for tutorial_taskflow_api to None, run_after=None
[2023-04-14T19:24:10.403+0000] {processor.py:175} INFO - Processing /home/airflow/.local/lib/python3.7/site-packages/airflow/example_dags/tutorial_taskflow_api.py took 0.073 seconds
[2023-04-14T19:26:09.940+0000] {processor.py:153} INFO - Started process (PID=65) to work on /home/airflow/.local/lib/python3.7/site-packages/airflow/example_dags/tutorial_taskflow_api.py
[2023-04-14T19:26:09.941+0000] {processor.py:743} INFO - Processing file /home/airflow/.local/lib/python3.7/site-packages/airflow/example_dags/tutorial_taskflow_api.py for tasks to queue
[2023-04-14T19:26:09.941+0000] {logging_mixin.py:137} INFO - [2023-04-14T19:26:09.941+0000] {dagbag.py:532} INFO - Filling up the DagBag from /home/airflow/.local/lib/python3.7/site-packages/airflow/example_dags/tutorial_taskflow_api.py
[2023-04-14T19:26:09.958+0000] {processor.py:753} INFO - DAG(s) dict_keys(['tutorial_taskflow_api']) retrieved from /home/airflow/.local/lib/python3.7/site-packages/airflow/example_dags/tutorial_taskflow_api.py
[2023-04-14T19:26:09.968+0000] {logging_mixin.py:137} INFO - [2023-04-14T19:26:09.968+0000] {dag.py:2705} INFO - Sync 1 DAGs
[2023-04-14T19:26:09.988+0000] {logging_mixin.py:137} INFO - [2023-04-14T19:26:09.988+0000] {dag.py:3456} INFO - Setting next_dagrun for tutorial_taskflow_api to None, run_after=None
[2023-04-14T19:26:10.003+0000] {processor.py:175} INFO - Processing /home/airflow/.local/lib/python3.7/site-packages/airflow/example_dags/tutorial_taskflow_api.py took 0.066 seconds
[2023-04-14T19:26:40.155+0000] {processor.py:153} INFO - Started process (PID=156) to work on /home/airflow/.local/lib/python3.7/site-packages/airflow/example_dags/tutorial_taskflow_api.py
[2023-04-14T19:26:40.155+0000] {processor.py:743} INFO - Processing file /home/airflow/.local/lib/python3.7/site-packages/airflow/example_dags/tutorial_taskflow_api.py for tasks to queue
[2023-04-14T19:26:40.156+0000] {logging_mixin.py:137} INFO - [2023-04-14T19:26:40.156+0000] {dagbag.py:532} INFO - Filling up the DagBag from /home/airflow/.local/lib/python3.7/site-packages/airflow/example_dags/tutorial_taskflow_api.py
[2023-04-14T19:26:40.172+0000] {processor.py:753} INFO - DAG(s) dict_keys(['tutorial_taskflow_api']) retrieved from /home/airflow/.local/lib/python3.7/site-packages/airflow/example_dags/tutorial_taskflow_api.py
[2023-04-14T19:26:40.193+0000] {logging_mixin.py:137} INFO - [2023-04-14T19:26:40.193+0000] {dag.py:2705} INFO - Sync 1 DAGs
[2023-04-14T19:26:40.210+0000] {logging_mixin.py:137} INFO - [2023-04-14T19:26:40.210+0000] {dag.py:3456} INFO - Setting next_dagrun for tutorial_taskflow_api to None, run_after=None
[2023-04-14T19:26:40.222+0000] {processor.py:175} INFO - Processing /home/airflow/.local/lib/python3.7/site-packages/airflow/example_dags/tutorial_taskflow_api.py took 0.070 seconds
[2023-04-14T19:27:10.566+0000] {processor.py:153} INFO - Started process (PID=247) to work on /home/airflow/.local/lib/python3.7/site-packages/airflow/example_dags/tutorial_taskflow_api.py
[2023-04-14T19:27:10.566+0000] {processor.py:743} INFO - Processing file /home/airflow/.local/lib/python3.7/site-packages/airflow/example_dags/tutorial_taskflow_api.py for tasks to queue
[2023-04-14T19:27:10.567+0000] {logging_mixin.py:137} INFO - [2023-04-14T19:27:10.567+0000] {dagbag.py:532} INFO - Filling up the DagBag from /home/airflow/.local/lib/python3.7/site-packages/airflow/example_dags/tutorial_taskflow_api.py
[2023-04-14T19:27:10.582+0000] {processor.py:753} INFO - DAG(s) dict_keys(['tutorial_taskflow_api']) retrieved from /home/airflow/.local/lib/python3.7/site-packages/airflow/example_dags/tutorial_taskflow_api.py
[2023-04-14T19:27:10.600+0000] {logging_mixin.py:137} INFO - [2023-04-14T19:27:10.600+0000] {dag.py:2705} INFO - Sync 1 DAGs
[2023-04-14T19:27:10.616+0000] {logging_mixin.py:137} INFO - [2023-04-14T19:27:10.616+0000] {dag.py:3456} INFO - Setting next_dagrun for tutorial_taskflow_api to None, run_after=None
[2023-04-14T19:27:10.631+0000] {processor.py:175} INFO - Processing /home/airflow/.local/lib/python3.7/site-packages/airflow/example_dags/tutorial_taskflow_api.py took 0.068 seconds
[2023-04-14T19:31:45.350+0000] {processor.py:153} INFO - Started process (PID=56) to work on /home/airflow/.local/lib/python3.10/site-packages/airflow/example_dags/tutorial_taskflow_api.py
[2023-04-14T19:31:45.351+0000] {processor.py:743} INFO - Processing file /home/airflow/.local/lib/python3.10/site-packages/airflow/example_dags/tutorial_taskflow_api.py for tasks to queue
[2023-04-14T19:31:45.352+0000] {logging_mixin.py:137} INFO - [2023-04-14T19:31:45.352+0000] {dagbag.py:532} INFO - Filling up the DagBag from /home/airflow/.local/lib/python3.10/site-packages/airflow/example_dags/tutorial_taskflow_api.py
[2023-04-14T19:31:45.370+0000] {processor.py:753} INFO - DAG(s) dict_keys(['tutorial_taskflow_api']) retrieved from /home/airflow/.local/lib/python3.10/site-packages/airflow/example_dags/tutorial_taskflow_api.py
[2023-04-14T19:31:45.380+0000] {logging_mixin.py:137} INFO - [2023-04-14T19:31:45.380+0000] {dag.py:2705} INFO - Sync 1 DAGs
[2023-04-14T19:31:45.395+0000] {logging_mixin.py:137} INFO - [2023-04-14T19:31:45.395+0000] {dag.py:3452} INFO - Setting next_dagrun for tutorial_taskflow_api to None, run_after=None
[2023-04-14T19:31:45.407+0000] {processor.py:175} INFO - Processing /home/airflow/.local/lib/python3.10/site-packages/airflow/example_dags/tutorial_taskflow_api.py took 0.060 seconds
[2023-04-14T19:32:16.419+0000] {processor.py:153} INFO - Started process (PID=140) to work on /home/airflow/.local/lib/python3.10/site-packages/airflow/example_dags/tutorial_taskflow_api.py
[2023-04-14T19:32:16.420+0000] {processor.py:743} INFO - Processing file /home/airflow/.local/lib/python3.10/site-packages/airflow/example_dags/tutorial_taskflow_api.py for tasks to queue
[2023-04-14T19:32:16.421+0000] {logging_mixin.py:137} INFO - [2023-04-14T19:32:16.421+0000] {dagbag.py:532} INFO - Filling up the DagBag from /home/airflow/.local/lib/python3.10/site-packages/airflow/example_dags/tutorial_taskflow_api.py
[2023-04-14T19:32:16.437+0000] {processor.py:753} INFO - DAG(s) dict_keys(['tutorial_taskflow_api']) retrieved from /home/airflow/.local/lib/python3.10/site-packages/airflow/example_dags/tutorial_taskflow_api.py
[2023-04-14T19:32:16.455+0000] {logging_mixin.py:137} INFO - [2023-04-14T19:32:16.454+0000] {dag.py:2705} INFO - Sync 1 DAGs
[2023-04-14T19:32:16.471+0000] {logging_mixin.py:137} INFO - [2023-04-14T19:32:16.470+0000] {dag.py:3452} INFO - Setting next_dagrun for tutorial_taskflow_api to None, run_after=None
[2023-04-14T19:32:16.489+0000] {processor.py:175} INFO - Processing /home/airflow/.local/lib/python3.10/site-packages/airflow/example_dags/tutorial_taskflow_api.py took 0.072 seconds
[2023-04-14T19:32:47.430+0000] {processor.py:153} INFO - Started process (PID=224) to work on /home/airflow/.local/lib/python3.10/site-packages/airflow/example_dags/tutorial_taskflow_api.py
[2023-04-14T19:32:47.431+0000] {processor.py:743} INFO - Processing file /home/airflow/.local/lib/python3.10/site-packages/airflow/example_dags/tutorial_taskflow_api.py for tasks to queue
[2023-04-14T19:32:47.431+0000] {logging_mixin.py:137} INFO - [2023-04-14T19:32:47.431+0000] {dagbag.py:532} INFO - Filling up the DagBag from /home/airflow/.local/lib/python3.10/site-packages/airflow/example_dags/tutorial_taskflow_api.py
[2023-04-14T19:32:47.449+0000] {processor.py:753} INFO - DAG(s) dict_keys(['tutorial_taskflow_api']) retrieved from /home/airflow/.local/lib/python3.10/site-packages/airflow/example_dags/tutorial_taskflow_api.py
[2023-04-14T19:32:47.470+0000] {logging_mixin.py:137} INFO - [2023-04-14T19:32:47.470+0000] {dag.py:2705} INFO - Sync 1 DAGs
[2023-04-14T19:32:47.487+0000] {logging_mixin.py:137} INFO - [2023-04-14T19:32:47.487+0000] {dag.py:3452} INFO - Setting next_dagrun for tutorial_taskflow_api to None, run_after=None
[2023-04-14T19:32:47.504+0000] {processor.py:175} INFO - Processing /home/airflow/.local/lib/python3.10/site-packages/airflow/example_dags/tutorial_taskflow_api.py took 0.078 seconds
[2023-04-14T19:33:24.571+0000] {processor.py:153} INFO - Started process (PID=57) to work on /home/airflow/.local/lib/python3.10/site-packages/airflow/example_dags/tutorial_taskflow_api.py
[2023-04-14T19:33:24.572+0000] {processor.py:743} INFO - Processing file /home/airflow/.local/lib/python3.10/site-packages/airflow/example_dags/tutorial_taskflow_api.py for tasks to queue
[2023-04-14T19:33:24.573+0000] {logging_mixin.py:137} INFO - [2023-04-14T19:33:24.573+0000] {dagbag.py:532} INFO - Filling up the DagBag from /home/airflow/.local/lib/python3.10/site-packages/airflow/example_dags/tutorial_taskflow_api.py
[2023-04-14T19:33:24.593+0000] {processor.py:753} INFO - DAG(s) dict_keys(['tutorial_taskflow_api']) retrieved from /home/airflow/.local/lib/python3.10/site-packages/airflow/example_dags/tutorial_taskflow_api.py
[2023-04-14T19:33:24.603+0000] {logging_mixin.py:137} INFO - [2023-04-14T19:33:24.603+0000] {dag.py:2705} INFO - Sync 1 DAGs
[2023-04-14T19:33:24.623+0000] {logging_mixin.py:137} INFO - [2023-04-14T19:33:24.623+0000] {dag.py:3452} INFO - Setting next_dagrun for tutorial_taskflow_api to None, run_after=None
[2023-04-14T19:33:24.638+0000] {processor.py:175} INFO - Processing /home/airflow/.local/lib/python3.10/site-packages/airflow/example_dags/tutorial_taskflow_api.py took 0.070 seconds
[2023-04-14T19:33:55.540+0000] {processor.py:153} INFO - Started process (PID=141) to work on /home/airflow/.local/lib/python3.10/site-packages/airflow/example_dags/tutorial_taskflow_api.py
[2023-04-14T19:33:55.541+0000] {processor.py:743} INFO - Processing file /home/airflow/.local/lib/python3.10/site-packages/airflow/example_dags/tutorial_taskflow_api.py for tasks to queue
[2023-04-14T19:33:55.541+0000] {logging_mixin.py:137} INFO - [2023-04-14T19:33:55.541+0000] {dagbag.py:532} INFO - Filling up the DagBag from /home/airflow/.local/lib/python3.10/site-packages/airflow/example_dags/tutorial_taskflow_api.py
[2023-04-14T19:33:55.557+0000] {processor.py:753} INFO - DAG(s) dict_keys(['tutorial_taskflow_api']) retrieved from /home/airflow/.local/lib/python3.10/site-packages/airflow/example_dags/tutorial_taskflow_api.py
[2023-04-14T19:33:55.575+0000] {logging_mixin.py:137} INFO - [2023-04-14T19:33:55.575+0000] {dag.py:2705} INFO - Sync 1 DAGs
[2023-04-14T19:33:55.589+0000] {logging_mixin.py:137} INFO - [2023-04-14T19:33:55.589+0000] {dag.py:3452} INFO - Setting next_dagrun for tutorial_taskflow_api to None, run_after=None
[2023-04-14T19:33:55.600+0000] {processor.py:175} INFO - Processing /home/airflow/.local/lib/python3.10/site-packages/airflow/example_dags/tutorial_taskflow_api.py took 0.062 seconds
[2023-04-14T19:34:26.636+0000] {processor.py:153} INFO - Started process (PID=225) to work on /home/airflow/.local/lib/python3.10/site-packages/airflow/example_dags/tutorial_taskflow_api.py
[2023-04-14T19:34:26.637+0000] {processor.py:743} INFO - Processing file /home/airflow/.local/lib/python3.10/site-packages/airflow/example_dags/tutorial_taskflow_api.py for tasks to queue
[2023-04-14T19:34:26.638+0000] {logging_mixin.py:137} INFO - [2023-04-14T19:34:26.637+0000] {dagbag.py:532} INFO - Filling up the DagBag from /home/airflow/.local/lib/python3.10/site-packages/airflow/example_dags/tutorial_taskflow_api.py
[2023-04-14T19:34:26.655+0000] {processor.py:753} INFO - DAG(s) dict_keys(['tutorial_taskflow_api']) retrieved from /home/airflow/.local/lib/python3.10/site-packages/airflow/example_dags/tutorial_taskflow_api.py
[2023-04-14T19:34:26.679+0000] {logging_mixin.py:137} INFO - [2023-04-14T19:34:26.679+0000] {dag.py:2705} INFO - Sync 1 DAGs
[2023-04-14T19:34:26.703+0000] {logging_mixin.py:137} INFO - [2023-04-14T19:34:26.703+0000] {dag.py:3452} INFO - Setting next_dagrun for tutorial_taskflow_api to None, run_after=None
[2023-04-14T19:34:26.719+0000] {processor.py:175} INFO - Processing /home/airflow/.local/lib/python3.10/site-packages/airflow/example_dags/tutorial_taskflow_api.py took 0.087 seconds
[2023-04-14T19:35:37.934+0000] {processor.py:153} INFO - Started process (PID=57) to work on /home/airflow/.local/lib/python3.10/site-packages/airflow/example_dags/tutorial_taskflow_api.py
[2023-04-14T19:35:37.935+0000] {processor.py:743} INFO - Processing file /home/airflow/.local/lib/python3.10/site-packages/airflow/example_dags/tutorial_taskflow_api.py for tasks to queue
[2023-04-14T19:35:37.935+0000] {logging_mixin.py:137} INFO - [2023-04-14T19:35:37.935+0000] {dagbag.py:532} INFO - Filling up the DagBag from /home/airflow/.local/lib/python3.10/site-packages/airflow/example_dags/tutorial_taskflow_api.py
[2023-04-14T19:35:37.953+0000] {processor.py:753} INFO - DAG(s) dict_keys(['tutorial_taskflow_api']) retrieved from /home/airflow/.local/lib/python3.10/site-packages/airflow/example_dags/tutorial_taskflow_api.py
[2023-04-14T19:35:37.961+0000] {logging_mixin.py:137} INFO - [2023-04-14T19:35:37.961+0000] {dag.py:2705} INFO - Sync 1 DAGs
[2023-04-14T19:35:37.975+0000] {logging_mixin.py:137} INFO - [2023-04-14T19:35:37.975+0000] {dag.py:3452} INFO - Setting next_dagrun for tutorial_taskflow_api to None, run_after=None
[2023-04-14T19:35:37.986+0000] {processor.py:175} INFO - Processing /home/airflow/.local/lib/python3.10/site-packages/airflow/example_dags/tutorial_taskflow_api.py took 0.055 seconds
[2023-04-14T19:36:09.037+0000] {processor.py:153} INFO - Started process (PID=142) to work on /home/airflow/.local/lib/python3.10/site-packages/airflow/example_dags/tutorial_taskflow_api.py
[2023-04-14T19:36:09.037+0000] {processor.py:743} INFO - Processing file /home/airflow/.local/lib/python3.10/site-packages/airflow/example_dags/tutorial_taskflow_api.py for tasks to queue
[2023-04-14T19:36:09.038+0000] {logging_mixin.py:137} INFO - [2023-04-14T19:36:09.038+0000] {dagbag.py:532} INFO - Filling up the DagBag from /home/airflow/.local/lib/python3.10/site-packages/airflow/example_dags/tutorial_taskflow_api.py
[2023-04-14T19:36:09.053+0000] {processor.py:753} INFO - DAG(s) dict_keys(['tutorial_taskflow_api']) retrieved from /home/airflow/.local/lib/python3.10/site-packages/airflow/example_dags/tutorial_taskflow_api.py
[2023-04-14T19:36:09.072+0000] {logging_mixin.py:137} INFO - [2023-04-14T19:36:09.072+0000] {dag.py:2705} INFO - Sync 1 DAGs
[2023-04-14T19:36:09.086+0000] {logging_mixin.py:137} INFO - [2023-04-14T19:36:09.086+0000] {dag.py:3452} INFO - Setting next_dagrun for tutorial_taskflow_api to None, run_after=None
[2023-04-14T19:36:09.098+0000] {processor.py:175} INFO - Processing /home/airflow/.local/lib/python3.10/site-packages/airflow/example_dags/tutorial_taskflow_api.py took 0.064 seconds
