[2023-04-14T19:13:17.622+0000] {processor.py:153} INFO - Started process (PID=49) to work on /home/airflow/.local/lib/python3.7/site-packages/airflow/example_dags/tutorial_dag.py
[2023-04-14T19:13:17.623+0000] {processor.py:743} INFO - Processing file /home/airflow/.local/lib/python3.7/site-packages/airflow/example_dags/tutorial_dag.py for tasks to queue
[2023-04-14T19:13:17.624+0000] {logging_mixin.py:137} INFO - [2023-04-14T19:13:17.624+0000] {dagbag.py:532} INFO - Filling up the DagBag from /home/airflow/.local/lib/python3.7/site-packages/airflow/example_dags/tutorial_dag.py
[2023-04-14T19:13:17.644+0000] {processor.py:753} INFO - DAG(s) dict_keys(['tutorial_dag']) retrieved from /home/airflow/.local/lib/python3.7/site-packages/airflow/example_dags/tutorial_dag.py
[2023-04-14T19:13:17.661+0000] {logging_mixin.py:137} INFO - [2023-04-14T19:13:17.661+0000] {dag.py:2705} INFO - Sync 1 DAGs
[2023-04-14T19:13:17.691+0000] {logging_mixin.py:137} INFO - [2023-04-14T19:13:17.690+0000] {dag.py:3456} INFO - Setting next_dagrun for tutorial_dag to None, run_after=None
[2023-04-14T19:13:17.723+0000] {processor.py:175} INFO - Processing /home/airflow/.local/lib/python3.7/site-packages/airflow/example_dags/tutorial_dag.py took 0.105 seconds
[2023-04-14T19:13:47.850+0000] {processor.py:153} INFO - Started process (PID=139) to work on /home/airflow/.local/lib/python3.7/site-packages/airflow/example_dags/tutorial_dag.py
[2023-04-14T19:13:47.851+0000] {processor.py:743} INFO - Processing file /home/airflow/.local/lib/python3.7/site-packages/airflow/example_dags/tutorial_dag.py for tasks to queue
[2023-04-14T19:13:47.852+0000] {logging_mixin.py:137} INFO - [2023-04-14T19:13:47.851+0000] {dagbag.py:532} INFO - Filling up the DagBag from /home/airflow/.local/lib/python3.7/site-packages/airflow/example_dags/tutorial_dag.py
[2023-04-14T19:13:47.861+0000] {processor.py:753} INFO - DAG(s) dict_keys(['tutorial_dag']) retrieved from /home/airflow/.local/lib/python3.7/site-packages/airflow/example_dags/tutorial_dag.py
[2023-04-14T19:13:47.879+0000] {logging_mixin.py:137} INFO - [2023-04-14T19:13:47.879+0000] {dag.py:2705} INFO - Sync 1 DAGs
[2023-04-14T19:13:47.899+0000] {logging_mixin.py:137} INFO - [2023-04-14T19:13:47.899+0000] {dag.py:3456} INFO - Setting next_dagrun for tutorial_dag to None, run_after=None
[2023-04-14T19:13:47.911+0000] {processor.py:175} INFO - Processing /home/airflow/.local/lib/python3.7/site-packages/airflow/example_dags/tutorial_dag.py took 0.063 seconds
[2023-04-14T19:14:18.082+0000] {processor.py:153} INFO - Started process (PID=223) to work on /home/airflow/.local/lib/python3.7/site-packages/airflow/example_dags/tutorial_dag.py
[2023-04-14T19:14:18.083+0000] {processor.py:743} INFO - Processing file /home/airflow/.local/lib/python3.7/site-packages/airflow/example_dags/tutorial_dag.py for tasks to queue
[2023-04-14T19:14:18.084+0000] {logging_mixin.py:137} INFO - [2023-04-14T19:14:18.084+0000] {dagbag.py:532} INFO - Filling up the DagBag from /home/airflow/.local/lib/python3.7/site-packages/airflow/example_dags/tutorial_dag.py
[2023-04-14T19:14:18.095+0000] {processor.py:753} INFO - DAG(s) dict_keys(['tutorial_dag']) retrieved from /home/airflow/.local/lib/python3.7/site-packages/airflow/example_dags/tutorial_dag.py
[2023-04-14T19:14:18.125+0000] {logging_mixin.py:137} INFO - [2023-04-14T19:14:18.125+0000] {dag.py:2705} INFO - Sync 1 DAGs
[2023-04-14T19:14:18.146+0000] {logging_mixin.py:137} INFO - [2023-04-14T19:14:18.146+0000] {dag.py:3456} INFO - Setting next_dagrun for tutorial_dag to None, run_after=None
[2023-04-14T19:14:18.162+0000] {processor.py:175} INFO - Processing /home/airflow/.local/lib/python3.7/site-packages/airflow/example_dags/tutorial_dag.py took 0.085 seconds
[2023-04-14T19:14:48.312+0000] {processor.py:153} INFO - Started process (PID=305) to work on /home/airflow/.local/lib/python3.7/site-packages/airflow/example_dags/tutorial_dag.py
[2023-04-14T19:14:48.312+0000] {processor.py:743} INFO - Processing file /home/airflow/.local/lib/python3.7/site-packages/airflow/example_dags/tutorial_dag.py for tasks to queue
[2023-04-14T19:14:48.313+0000] {logging_mixin.py:137} INFO - [2023-04-14T19:14:48.313+0000] {dagbag.py:532} INFO - Filling up the DagBag from /home/airflow/.local/lib/python3.7/site-packages/airflow/example_dags/tutorial_dag.py
[2023-04-14T19:14:48.325+0000] {processor.py:753} INFO - DAG(s) dict_keys(['tutorial_dag']) retrieved from /home/airflow/.local/lib/python3.7/site-packages/airflow/example_dags/tutorial_dag.py
[2023-04-14T19:14:48.343+0000] {logging_mixin.py:137} INFO - [2023-04-14T19:14:48.343+0000] {dag.py:2705} INFO - Sync 1 DAGs
[2023-04-14T19:14:48.359+0000] {logging_mixin.py:137} INFO - [2023-04-14T19:14:48.359+0000] {dag.py:3456} INFO - Setting next_dagrun for tutorial_dag to None, run_after=None
[2023-04-14T19:14:48.372+0000] {processor.py:175} INFO - Processing /home/airflow/.local/lib/python3.7/site-packages/airflow/example_dags/tutorial_dag.py took 0.064 seconds
[2023-04-14T19:15:18.510+0000] {processor.py:153} INFO - Started process (PID=396) to work on /home/airflow/.local/lib/python3.7/site-packages/airflow/example_dags/tutorial_dag.py
[2023-04-14T19:15:18.511+0000] {processor.py:743} INFO - Processing file /home/airflow/.local/lib/python3.7/site-packages/airflow/example_dags/tutorial_dag.py for tasks to queue
[2023-04-14T19:15:18.511+0000] {logging_mixin.py:137} INFO - [2023-04-14T19:15:18.511+0000] {dagbag.py:532} INFO - Filling up the DagBag from /home/airflow/.local/lib/python3.7/site-packages/airflow/example_dags/tutorial_dag.py
[2023-04-14T19:15:18.524+0000] {processor.py:753} INFO - DAG(s) dict_keys(['tutorial_dag']) retrieved from /home/airflow/.local/lib/python3.7/site-packages/airflow/example_dags/tutorial_dag.py
[2023-04-14T19:15:18.543+0000] {logging_mixin.py:137} INFO - [2023-04-14T19:15:18.543+0000] {dag.py:2705} INFO - Sync 1 DAGs
[2023-04-14T19:15:18.560+0000] {logging_mixin.py:137} INFO - [2023-04-14T19:15:18.560+0000] {dag.py:3456} INFO - Setting next_dagrun for tutorial_dag to None, run_after=None
[2023-04-14T19:15:18.571+0000] {processor.py:175} INFO - Processing /home/airflow/.local/lib/python3.7/site-packages/airflow/example_dags/tutorial_dag.py took 0.064 seconds
[2023-04-14T19:17:35.105+0000] {processor.py:153} INFO - Started process (PID=49) to work on /home/airflow/.local/lib/python3.7/site-packages/airflow/example_dags/tutorial_dag.py
[2023-04-14T19:17:35.106+0000] {processor.py:743} INFO - Processing file /home/airflow/.local/lib/python3.7/site-packages/airflow/example_dags/tutorial_dag.py for tasks to queue
[2023-04-14T19:17:35.107+0000] {logging_mixin.py:137} INFO - [2023-04-14T19:17:35.107+0000] {dagbag.py:532} INFO - Filling up the DagBag from /home/airflow/.local/lib/python3.7/site-packages/airflow/example_dags/tutorial_dag.py
[2023-04-14T19:17:35.120+0000] {processor.py:753} INFO - DAG(s) dict_keys(['tutorial_dag']) retrieved from /home/airflow/.local/lib/python3.7/site-packages/airflow/example_dags/tutorial_dag.py
[2023-04-14T19:17:35.131+0000] {logging_mixin.py:137} INFO - [2023-04-14T19:17:35.131+0000] {dag.py:2705} INFO - Sync 1 DAGs
[2023-04-14T19:17:35.150+0000] {logging_mixin.py:137} INFO - [2023-04-14T19:17:35.150+0000] {dag.py:3456} INFO - Setting next_dagrun for tutorial_dag to None, run_after=None
[2023-04-14T19:17:35.164+0000] {processor.py:175} INFO - Processing /home/airflow/.local/lib/python3.7/site-packages/airflow/example_dags/tutorial_dag.py took 0.062 seconds
[2023-04-14T19:18:05.664+0000] {processor.py:153} INFO - Started process (PID=141) to work on /home/airflow/.local/lib/python3.7/site-packages/airflow/example_dags/tutorial_dag.py
[2023-04-14T19:18:05.665+0000] {processor.py:743} INFO - Processing file /home/airflow/.local/lib/python3.7/site-packages/airflow/example_dags/tutorial_dag.py for tasks to queue
[2023-04-14T19:18:05.665+0000] {logging_mixin.py:137} INFO - [2023-04-14T19:18:05.665+0000] {dagbag.py:532} INFO - Filling up the DagBag from /home/airflow/.local/lib/python3.7/site-packages/airflow/example_dags/tutorial_dag.py
[2023-04-14T19:18:05.678+0000] {processor.py:753} INFO - DAG(s) dict_keys(['tutorial_dag']) retrieved from /home/airflow/.local/lib/python3.7/site-packages/airflow/example_dags/tutorial_dag.py
[2023-04-14T19:18:05.703+0000] {logging_mixin.py:137} INFO - [2023-04-14T19:18:05.703+0000] {dag.py:2705} INFO - Sync 1 DAGs
[2023-04-14T19:18:05.721+0000] {logging_mixin.py:137} INFO - [2023-04-14T19:18:05.721+0000] {dag.py:3456} INFO - Setting next_dagrun for tutorial_dag to None, run_after=None
[2023-04-14T19:18:05.734+0000] {processor.py:175} INFO - Processing /home/airflow/.local/lib/python3.7/site-packages/airflow/example_dags/tutorial_dag.py took 0.074 seconds
[2023-04-14T19:18:36.173+0000] {processor.py:153} INFO - Started process (PID=232) to work on /home/airflow/.local/lib/python3.7/site-packages/airflow/example_dags/tutorial_dag.py
[2023-04-14T19:18:36.174+0000] {processor.py:743} INFO - Processing file /home/airflow/.local/lib/python3.7/site-packages/airflow/example_dags/tutorial_dag.py for tasks to queue
[2023-04-14T19:18:36.175+0000] {logging_mixin.py:137} INFO - [2023-04-14T19:18:36.175+0000] {dagbag.py:532} INFO - Filling up the DagBag from /home/airflow/.local/lib/python3.7/site-packages/airflow/example_dags/tutorial_dag.py
[2023-04-14T19:18:36.185+0000] {processor.py:753} INFO - DAG(s) dict_keys(['tutorial_dag']) retrieved from /home/airflow/.local/lib/python3.7/site-packages/airflow/example_dags/tutorial_dag.py
[2023-04-14T19:18:36.206+0000] {logging_mixin.py:137} INFO - [2023-04-14T19:18:36.206+0000] {dag.py:2705} INFO - Sync 1 DAGs
[2023-04-14T19:18:36.229+0000] {logging_mixin.py:137} INFO - [2023-04-14T19:18:36.229+0000] {dag.py:3456} INFO - Setting next_dagrun for tutorial_dag to None, run_after=None
[2023-04-14T19:18:36.244+0000] {processor.py:175} INFO - Processing /home/airflow/.local/lib/python3.7/site-packages/airflow/example_dags/tutorial_dag.py took 0.075 seconds
[2023-04-14T19:19:06.577+0000] {processor.py:153} INFO - Started process (PID=307) to work on /home/airflow/.local/lib/python3.7/site-packages/airflow/example_dags/tutorial_dag.py
[2023-04-14T19:19:06.578+0000] {processor.py:743} INFO - Processing file /home/airflow/.local/lib/python3.7/site-packages/airflow/example_dags/tutorial_dag.py for tasks to queue
[2023-04-14T19:19:06.578+0000] {logging_mixin.py:137} INFO - [2023-04-14T19:19:06.578+0000] {dagbag.py:532} INFO - Filling up the DagBag from /home/airflow/.local/lib/python3.7/site-packages/airflow/example_dags/tutorial_dag.py
[2023-04-14T19:19:06.589+0000] {processor.py:753} INFO - DAG(s) dict_keys(['tutorial_dag']) retrieved from /home/airflow/.local/lib/python3.7/site-packages/airflow/example_dags/tutorial_dag.py
[2023-04-14T19:19:06.608+0000] {logging_mixin.py:137} INFO - [2023-04-14T19:19:06.608+0000] {dag.py:2705} INFO - Sync 1 DAGs
[2023-04-14T19:19:06.626+0000] {logging_mixin.py:137} INFO - [2023-04-14T19:19:06.625+0000] {dag.py:3456} INFO - Setting next_dagrun for tutorial_dag to None, run_after=None
[2023-04-14T19:19:06.638+0000] {processor.py:175} INFO - Processing /home/airflow/.local/lib/python3.7/site-packages/airflow/example_dags/tutorial_dag.py took 0.064 seconds
[2023-04-14T19:19:36.817+0000] {processor.py:153} INFO - Started process (PID=400) to work on /home/airflow/.local/lib/python3.7/site-packages/airflow/example_dags/tutorial_dag.py
[2023-04-14T19:19:36.818+0000] {processor.py:743} INFO - Processing file /home/airflow/.local/lib/python3.7/site-packages/airflow/example_dags/tutorial_dag.py for tasks to queue
[2023-04-14T19:19:36.819+0000] {logging_mixin.py:137} INFO - [2023-04-14T19:19:36.818+0000] {dagbag.py:532} INFO - Filling up the DagBag from /home/airflow/.local/lib/python3.7/site-packages/airflow/example_dags/tutorial_dag.py
[2023-04-14T19:19:36.831+0000] {processor.py:753} INFO - DAG(s) dict_keys(['tutorial_dag']) retrieved from /home/airflow/.local/lib/python3.7/site-packages/airflow/example_dags/tutorial_dag.py
[2023-04-14T19:19:36.854+0000] {logging_mixin.py:137} INFO - [2023-04-14T19:19:36.854+0000] {dag.py:2705} INFO - Sync 1 DAGs
[2023-04-14T19:19:36.879+0000] {logging_mixin.py:137} INFO - [2023-04-14T19:19:36.878+0000] {dag.py:3456} INFO - Setting next_dagrun for tutorial_dag to None, run_after=None
[2023-04-14T19:19:36.896+0000] {processor.py:175} INFO - Processing /home/airflow/.local/lib/python3.7/site-packages/airflow/example_dags/tutorial_dag.py took 0.083 seconds
[2023-04-14T19:20:07.284+0000] {processor.py:153} INFO - Started process (PID=475) to work on /home/airflow/.local/lib/python3.7/site-packages/airflow/example_dags/tutorial_dag.py
[2023-04-14T19:20:07.285+0000] {processor.py:743} INFO - Processing file /home/airflow/.local/lib/python3.7/site-packages/airflow/example_dags/tutorial_dag.py for tasks to queue
[2023-04-14T19:20:07.285+0000] {logging_mixin.py:137} INFO - [2023-04-14T19:20:07.285+0000] {dagbag.py:532} INFO - Filling up the DagBag from /home/airflow/.local/lib/python3.7/site-packages/airflow/example_dags/tutorial_dag.py
[2023-04-14T19:20:07.297+0000] {processor.py:753} INFO - DAG(s) dict_keys(['tutorial_dag']) retrieved from /home/airflow/.local/lib/python3.7/site-packages/airflow/example_dags/tutorial_dag.py
[2023-04-14T19:20:07.324+0000] {logging_mixin.py:137} INFO - [2023-04-14T19:20:07.324+0000] {dag.py:2705} INFO - Sync 1 DAGs
[2023-04-14T19:20:07.346+0000] {logging_mixin.py:137} INFO - [2023-04-14T19:20:07.346+0000] {dag.py:3456} INFO - Setting next_dagrun for tutorial_dag to None, run_after=None
[2023-04-14T19:20:07.363+0000] {processor.py:175} INFO - Processing /home/airflow/.local/lib/python3.7/site-packages/airflow/example_dags/tutorial_dag.py took 0.082 seconds
[2023-04-14T19:20:37.592+0000] {processor.py:153} INFO - Started process (PID=567) to work on /home/airflow/.local/lib/python3.7/site-packages/airflow/example_dags/tutorial_dag.py
[2023-04-14T19:20:37.592+0000] {processor.py:743} INFO - Processing file /home/airflow/.local/lib/python3.7/site-packages/airflow/example_dags/tutorial_dag.py for tasks to queue
[2023-04-14T19:20:37.593+0000] {logging_mixin.py:137} INFO - [2023-04-14T19:20:37.593+0000] {dagbag.py:532} INFO - Filling up the DagBag from /home/airflow/.local/lib/python3.7/site-packages/airflow/example_dags/tutorial_dag.py
[2023-04-14T19:20:37.603+0000] {processor.py:753} INFO - DAG(s) dict_keys(['tutorial_dag']) retrieved from /home/airflow/.local/lib/python3.7/site-packages/airflow/example_dags/tutorial_dag.py
[2023-04-14T19:20:37.626+0000] {logging_mixin.py:137} INFO - [2023-04-14T19:20:37.626+0000] {dag.py:2705} INFO - Sync 1 DAGs
[2023-04-14T19:20:37.644+0000] {logging_mixin.py:137} INFO - [2023-04-14T19:20:37.644+0000] {dag.py:3456} INFO - Setting next_dagrun for tutorial_dag to None, run_after=None
[2023-04-14T19:20:37.657+0000] {processor.py:175} INFO - Processing /home/airflow/.local/lib/python3.7/site-packages/airflow/example_dags/tutorial_dag.py took 0.068 seconds
[2023-04-14T19:21:08.023+0000] {processor.py:153} INFO - Started process (PID=658) to work on /home/airflow/.local/lib/python3.7/site-packages/airflow/example_dags/tutorial_dag.py
[2023-04-14T19:21:08.024+0000] {processor.py:743} INFO - Processing file /home/airflow/.local/lib/python3.7/site-packages/airflow/example_dags/tutorial_dag.py for tasks to queue
[2023-04-14T19:21:08.025+0000] {logging_mixin.py:137} INFO - [2023-04-14T19:21:08.024+0000] {dagbag.py:532} INFO - Filling up the DagBag from /home/airflow/.local/lib/python3.7/site-packages/airflow/example_dags/tutorial_dag.py
[2023-04-14T19:21:08.035+0000] {processor.py:753} INFO - DAG(s) dict_keys(['tutorial_dag']) retrieved from /home/airflow/.local/lib/python3.7/site-packages/airflow/example_dags/tutorial_dag.py
[2023-04-14T19:21:08.055+0000] {logging_mixin.py:137} INFO - [2023-04-14T19:21:08.054+0000] {dag.py:2705} INFO - Sync 1 DAGs
[2023-04-14T19:21:08.072+0000] {logging_mixin.py:137} INFO - [2023-04-14T19:21:08.072+0000] {dag.py:3456} INFO - Setting next_dagrun for tutorial_dag to None, run_after=None
[2023-04-14T19:21:08.084+0000] {processor.py:175} INFO - Processing /home/airflow/.local/lib/python3.7/site-packages/airflow/example_dags/tutorial_dag.py took 0.063 seconds
[2023-04-14T19:21:38.182+0000] {processor.py:153} INFO - Started process (PID=733) to work on /home/airflow/.local/lib/python3.7/site-packages/airflow/example_dags/tutorial_dag.py
[2023-04-14T19:21:38.183+0000] {processor.py:743} INFO - Processing file /home/airflow/.local/lib/python3.7/site-packages/airflow/example_dags/tutorial_dag.py for tasks to queue
[2023-04-14T19:21:38.183+0000] {logging_mixin.py:137} INFO - [2023-04-14T19:21:38.183+0000] {dagbag.py:532} INFO - Filling up the DagBag from /home/airflow/.local/lib/python3.7/site-packages/airflow/example_dags/tutorial_dag.py
[2023-04-14T19:21:38.194+0000] {processor.py:753} INFO - DAG(s) dict_keys(['tutorial_dag']) retrieved from /home/airflow/.local/lib/python3.7/site-packages/airflow/example_dags/tutorial_dag.py
[2023-04-14T19:21:38.214+0000] {logging_mixin.py:137} INFO - [2023-04-14T19:21:38.214+0000] {dag.py:2705} INFO - Sync 1 DAGs
[2023-04-14T19:21:38.232+0000] {logging_mixin.py:137} INFO - [2023-04-14T19:21:38.232+0000] {dag.py:3456} INFO - Setting next_dagrun for tutorial_dag to None, run_after=None
[2023-04-14T19:21:38.244+0000] {processor.py:175} INFO - Processing /home/airflow/.local/lib/python3.7/site-packages/airflow/example_dags/tutorial_dag.py took 0.065 seconds
[2023-04-14T19:22:08.288+0000] {processor.py:153} INFO - Started process (PID=824) to work on /home/airflow/.local/lib/python3.7/site-packages/airflow/example_dags/tutorial_dag.py
[2023-04-14T19:22:08.289+0000] {processor.py:743} INFO - Processing file /home/airflow/.local/lib/python3.7/site-packages/airflow/example_dags/tutorial_dag.py for tasks to queue
[2023-04-14T19:22:08.289+0000] {logging_mixin.py:137} INFO - [2023-04-14T19:22:08.289+0000] {dagbag.py:532} INFO - Filling up the DagBag from /home/airflow/.local/lib/python3.7/site-packages/airflow/example_dags/tutorial_dag.py
[2023-04-14T19:22:08.299+0000] {processor.py:753} INFO - DAG(s) dict_keys(['tutorial_dag']) retrieved from /home/airflow/.local/lib/python3.7/site-packages/airflow/example_dags/tutorial_dag.py
[2023-04-14T19:22:08.320+0000] {logging_mixin.py:137} INFO - [2023-04-14T19:22:08.320+0000] {dag.py:2705} INFO - Sync 1 DAGs
[2023-04-14T19:22:08.336+0000] {logging_mixin.py:137} INFO - [2023-04-14T19:22:08.336+0000] {dag.py:3456} INFO - Setting next_dagrun for tutorial_dag to None, run_after=None
[2023-04-14T19:22:08.351+0000] {processor.py:175} INFO - Processing /home/airflow/.local/lib/python3.7/site-packages/airflow/example_dags/tutorial_dag.py took 0.065 seconds
[2023-04-14T19:22:38.562+0000] {processor.py:153} INFO - Started process (PID=915) to work on /home/airflow/.local/lib/python3.7/site-packages/airflow/example_dags/tutorial_dag.py
[2023-04-14T19:22:38.563+0000] {processor.py:743} INFO - Processing file /home/airflow/.local/lib/python3.7/site-packages/airflow/example_dags/tutorial_dag.py for tasks to queue
[2023-04-14T19:22:38.564+0000] {logging_mixin.py:137} INFO - [2023-04-14T19:22:38.564+0000] {dagbag.py:532} INFO - Filling up the DagBag from /home/airflow/.local/lib/python3.7/site-packages/airflow/example_dags/tutorial_dag.py
[2023-04-14T19:22:38.578+0000] {processor.py:753} INFO - DAG(s) dict_keys(['tutorial_dag']) retrieved from /home/airflow/.local/lib/python3.7/site-packages/airflow/example_dags/tutorial_dag.py
[2023-04-14T19:22:38.613+0000] {logging_mixin.py:137} INFO - [2023-04-14T19:22:38.613+0000] {dag.py:2705} INFO - Sync 1 DAGs
[2023-04-14T19:22:38.647+0000] {logging_mixin.py:137} INFO - [2023-04-14T19:22:38.646+0000] {dag.py:3456} INFO - Setting next_dagrun for tutorial_dag to None, run_after=None
[2023-04-14T19:22:38.677+0000] {processor.py:175} INFO - Processing /home/airflow/.local/lib/python3.7/site-packages/airflow/example_dags/tutorial_dag.py took 0.119 seconds
[2023-04-14T19:23:09.225+0000] {processor.py:153} INFO - Started process (PID=990) to work on /home/airflow/.local/lib/python3.7/site-packages/airflow/example_dags/tutorial_dag.py
[2023-04-14T19:23:09.226+0000] {processor.py:743} INFO - Processing file /home/airflow/.local/lib/python3.7/site-packages/airflow/example_dags/tutorial_dag.py for tasks to queue
[2023-04-14T19:23:09.226+0000] {logging_mixin.py:137} INFO - [2023-04-14T19:23:09.226+0000] {dagbag.py:532} INFO - Filling up the DagBag from /home/airflow/.local/lib/python3.7/site-packages/airflow/example_dags/tutorial_dag.py
[2023-04-14T19:23:09.236+0000] {processor.py:753} INFO - DAG(s) dict_keys(['tutorial_dag']) retrieved from /home/airflow/.local/lib/python3.7/site-packages/airflow/example_dags/tutorial_dag.py
[2023-04-14T19:23:09.257+0000] {logging_mixin.py:137} INFO - [2023-04-14T19:23:09.257+0000] {dag.py:2705} INFO - Sync 1 DAGs
[2023-04-14T19:23:09.276+0000] {logging_mixin.py:137} INFO - [2023-04-14T19:23:09.276+0000] {dag.py:3456} INFO - Setting next_dagrun for tutorial_dag to None, run_after=None
[2023-04-14T19:23:09.288+0000] {processor.py:175} INFO - Processing /home/airflow/.local/lib/python3.7/site-packages/airflow/example_dags/tutorial_dag.py took 0.067 seconds
[2023-04-14T19:23:39.359+0000] {processor.py:153} INFO - Started process (PID=1081) to work on /home/airflow/.local/lib/python3.7/site-packages/airflow/example_dags/tutorial_dag.py
[2023-04-14T19:23:39.360+0000] {processor.py:743} INFO - Processing file /home/airflow/.local/lib/python3.7/site-packages/airflow/example_dags/tutorial_dag.py for tasks to queue
[2023-04-14T19:23:39.361+0000] {logging_mixin.py:137} INFO - [2023-04-14T19:23:39.361+0000] {dagbag.py:532} INFO - Filling up the DagBag from /home/airflow/.local/lib/python3.7/site-packages/airflow/example_dags/tutorial_dag.py
[2023-04-14T19:23:39.371+0000] {processor.py:753} INFO - DAG(s) dict_keys(['tutorial_dag']) retrieved from /home/airflow/.local/lib/python3.7/site-packages/airflow/example_dags/tutorial_dag.py
[2023-04-14T19:23:39.391+0000] {logging_mixin.py:137} INFO - [2023-04-14T19:23:39.391+0000] {dag.py:2705} INFO - Sync 1 DAGs
[2023-04-14T19:23:39.416+0000] {logging_mixin.py:137} INFO - [2023-04-14T19:23:39.416+0000] {dag.py:3456} INFO - Setting next_dagrun for tutorial_dag to None, run_after=None
[2023-04-14T19:23:39.432+0000] {processor.py:175} INFO - Processing /home/airflow/.local/lib/python3.7/site-packages/airflow/example_dags/tutorial_dag.py took 0.076 seconds
[2023-04-14T19:24:09.533+0000] {processor.py:153} INFO - Started process (PID=1172) to work on /home/airflow/.local/lib/python3.7/site-packages/airflow/example_dags/tutorial_dag.py
[2023-04-14T19:24:09.533+0000] {processor.py:743} INFO - Processing file /home/airflow/.local/lib/python3.7/site-packages/airflow/example_dags/tutorial_dag.py for tasks to queue
[2023-04-14T19:24:09.534+0000] {logging_mixin.py:137} INFO - [2023-04-14T19:24:09.534+0000] {dagbag.py:532} INFO - Filling up the DagBag from /home/airflow/.local/lib/python3.7/site-packages/airflow/example_dags/tutorial_dag.py
[2023-04-14T19:24:09.543+0000] {processor.py:753} INFO - DAG(s) dict_keys(['tutorial_dag']) retrieved from /home/airflow/.local/lib/python3.7/site-packages/airflow/example_dags/tutorial_dag.py
[2023-04-14T19:24:09.562+0000] {logging_mixin.py:137} INFO - [2023-04-14T19:24:09.562+0000] {dag.py:2705} INFO - Sync 1 DAGs
[2023-04-14T19:24:09.582+0000] {logging_mixin.py:137} INFO - [2023-04-14T19:24:09.582+0000] {dag.py:3456} INFO - Setting next_dagrun for tutorial_dag to None, run_after=None
[2023-04-14T19:24:09.594+0000] {processor.py:175} INFO - Processing /home/airflow/.local/lib/python3.7/site-packages/airflow/example_dags/tutorial_dag.py took 0.064 seconds
[2023-04-14T19:26:08.995+0000] {processor.py:153} INFO - Started process (PID=49) to work on /home/airflow/.local/lib/python3.7/site-packages/airflow/example_dags/tutorial_dag.py
[2023-04-14T19:26:08.996+0000] {processor.py:743} INFO - Processing file /home/airflow/.local/lib/python3.7/site-packages/airflow/example_dags/tutorial_dag.py for tasks to queue
[2023-04-14T19:26:08.996+0000] {logging_mixin.py:137} INFO - [2023-04-14T19:26:08.996+0000] {dagbag.py:532} INFO - Filling up the DagBag from /home/airflow/.local/lib/python3.7/site-packages/airflow/example_dags/tutorial_dag.py
[2023-04-14T19:26:09.011+0000] {processor.py:753} INFO - DAG(s) dict_keys(['tutorial_dag']) retrieved from /home/airflow/.local/lib/python3.7/site-packages/airflow/example_dags/tutorial_dag.py
[2023-04-14T19:26:09.024+0000] {logging_mixin.py:137} INFO - [2023-04-14T19:26:09.024+0000] {dag.py:2705} INFO - Sync 1 DAGs
[2023-04-14T19:26:09.045+0000] {logging_mixin.py:137} INFO - [2023-04-14T19:26:09.045+0000] {dag.py:3456} INFO - Setting next_dagrun for tutorial_dag to None, run_after=None
[2023-04-14T19:26:09.062+0000] {processor.py:175} INFO - Processing /home/airflow/.local/lib/python3.7/site-packages/airflow/example_dags/tutorial_dag.py took 0.070 seconds
[2023-04-14T19:26:39.118+0000] {processor.py:153} INFO - Started process (PID=140) to work on /home/airflow/.local/lib/python3.7/site-packages/airflow/example_dags/tutorial_dag.py
[2023-04-14T19:26:39.118+0000] {processor.py:743} INFO - Processing file /home/airflow/.local/lib/python3.7/site-packages/airflow/example_dags/tutorial_dag.py for tasks to queue
[2023-04-14T19:26:39.119+0000] {logging_mixin.py:137} INFO - [2023-04-14T19:26:39.119+0000] {dagbag.py:532} INFO - Filling up the DagBag from /home/airflow/.local/lib/python3.7/site-packages/airflow/example_dags/tutorial_dag.py
[2023-04-14T19:26:39.129+0000] {processor.py:753} INFO - DAG(s) dict_keys(['tutorial_dag']) retrieved from /home/airflow/.local/lib/python3.7/site-packages/airflow/example_dags/tutorial_dag.py
[2023-04-14T19:26:39.149+0000] {logging_mixin.py:137} INFO - [2023-04-14T19:26:39.148+0000] {dag.py:2705} INFO - Sync 1 DAGs
[2023-04-14T19:26:39.166+0000] {logging_mixin.py:137} INFO - [2023-04-14T19:26:39.166+0000] {dag.py:3456} INFO - Setting next_dagrun for tutorial_dag to None, run_after=None
[2023-04-14T19:26:39.178+0000] {processor.py:175} INFO - Processing /home/airflow/.local/lib/python3.7/site-packages/airflow/example_dags/tutorial_dag.py took 0.063 seconds
[2023-04-14T19:27:09.695+0000] {processor.py:153} INFO - Started process (PID=224) to work on /home/airflow/.local/lib/python3.7/site-packages/airflow/example_dags/tutorial_dag.py
[2023-04-14T19:27:09.696+0000] {processor.py:743} INFO - Processing file /home/airflow/.local/lib/python3.7/site-packages/airflow/example_dags/tutorial_dag.py for tasks to queue
[2023-04-14T19:27:09.698+0000] {logging_mixin.py:137} INFO - [2023-04-14T19:27:09.697+0000] {dagbag.py:532} INFO - Filling up the DagBag from /home/airflow/.local/lib/python3.7/site-packages/airflow/example_dags/tutorial_dag.py
[2023-04-14T19:27:09.709+0000] {processor.py:753} INFO - DAG(s) dict_keys(['tutorial_dag']) retrieved from /home/airflow/.local/lib/python3.7/site-packages/airflow/example_dags/tutorial_dag.py
[2023-04-14T19:27:09.734+0000] {logging_mixin.py:137} INFO - [2023-04-14T19:27:09.734+0000] {dag.py:2705} INFO - Sync 1 DAGs
[2023-04-14T19:27:09.756+0000] {logging_mixin.py:137} INFO - [2023-04-14T19:27:09.756+0000] {dag.py:3456} INFO - Setting next_dagrun for tutorial_dag to None, run_after=None
[2023-04-14T19:27:09.783+0000] {processor.py:175} INFO - Processing /home/airflow/.local/lib/python3.7/site-packages/airflow/example_dags/tutorial_dag.py took 0.091 seconds
[2023-04-14T19:31:44.744+0000] {processor.py:153} INFO - Started process (PID=40) to work on /home/airflow/.local/lib/python3.10/site-packages/airflow/example_dags/tutorial_dag.py
[2023-04-14T19:31:44.745+0000] {processor.py:743} INFO - Processing file /home/airflow/.local/lib/python3.10/site-packages/airflow/example_dags/tutorial_dag.py for tasks to queue
[2023-04-14T19:31:44.746+0000] {logging_mixin.py:137} INFO - [2023-04-14T19:31:44.745+0000] {dagbag.py:532} INFO - Filling up the DagBag from /home/airflow/.local/lib/python3.10/site-packages/airflow/example_dags/tutorial_dag.py
[2023-04-14T19:31:44.760+0000] {processor.py:753} INFO - DAG(s) dict_keys(['tutorial_dag']) retrieved from /home/airflow/.local/lib/python3.10/site-packages/airflow/example_dags/tutorial_dag.py
[2023-04-14T19:31:44.770+0000] {logging_mixin.py:137} INFO - [2023-04-14T19:31:44.770+0000] {dag.py:2705} INFO - Sync 1 DAGs
[2023-04-14T19:31:44.789+0000] {logging_mixin.py:137} INFO - [2023-04-14T19:31:44.789+0000] {dag.py:3452} INFO - Setting next_dagrun for tutorial_dag to None, run_after=None
[2023-04-14T19:31:44.805+0000] {processor.py:175} INFO - Processing /home/airflow/.local/lib/python3.10/site-packages/airflow/example_dags/tutorial_dag.py took 0.063 seconds
[2023-04-14T19:32:15.649+0000] {processor.py:153} INFO - Started process (PID=124) to work on /home/airflow/.local/lib/python3.10/site-packages/airflow/example_dags/tutorial_dag.py
[2023-04-14T19:32:15.650+0000] {processor.py:743} INFO - Processing file /home/airflow/.local/lib/python3.10/site-packages/airflow/example_dags/tutorial_dag.py for tasks to queue
[2023-04-14T19:32:15.650+0000] {logging_mixin.py:137} INFO - [2023-04-14T19:32:15.650+0000] {dagbag.py:532} INFO - Filling up the DagBag from /home/airflow/.local/lib/python3.10/site-packages/airflow/example_dags/tutorial_dag.py
[2023-04-14T19:32:15.662+0000] {processor.py:753} INFO - DAG(s) dict_keys(['tutorial_dag']) retrieved from /home/airflow/.local/lib/python3.10/site-packages/airflow/example_dags/tutorial_dag.py
[2023-04-14T19:32:15.682+0000] {logging_mixin.py:137} INFO - [2023-04-14T19:32:15.682+0000] {dag.py:2705} INFO - Sync 1 DAGs
[2023-04-14T19:32:15.697+0000] {logging_mixin.py:137} INFO - [2023-04-14T19:32:15.697+0000] {dag.py:3452} INFO - Setting next_dagrun for tutorial_dag to None, run_after=None
[2023-04-14T19:32:15.710+0000] {processor.py:175} INFO - Processing /home/airflow/.local/lib/python3.10/site-packages/airflow/example_dags/tutorial_dag.py took 0.064 seconds
[2023-04-14T19:32:45.734+0000] {processor.py:153} INFO - Started process (PID=194) to work on /home/airflow/.local/lib/python3.10/site-packages/airflow/example_dags/tutorial_dag.py
[2023-04-14T19:32:45.735+0000] {processor.py:743} INFO - Processing file /home/airflow/.local/lib/python3.10/site-packages/airflow/example_dags/tutorial_dag.py for tasks to queue
[2023-04-14T19:32:45.735+0000] {logging_mixin.py:137} INFO - [2023-04-14T19:32:45.735+0000] {dagbag.py:532} INFO - Filling up the DagBag from /home/airflow/.local/lib/python3.10/site-packages/airflow/example_dags/tutorial_dag.py
[2023-04-14T19:32:45.748+0000] {processor.py:753} INFO - DAG(s) dict_keys(['tutorial_dag']) retrieved from /home/airflow/.local/lib/python3.10/site-packages/airflow/example_dags/tutorial_dag.py
[2023-04-14T19:32:45.765+0000] {logging_mixin.py:137} INFO - [2023-04-14T19:32:45.765+0000] {dag.py:2705} INFO - Sync 1 DAGs
[2023-04-14T19:32:45.778+0000] {logging_mixin.py:137} INFO - [2023-04-14T19:32:45.778+0000] {dag.py:3452} INFO - Setting next_dagrun for tutorial_dag to None, run_after=None
[2023-04-14T19:32:45.788+0000] {processor.py:175} INFO - Processing /home/airflow/.local/lib/python3.10/site-packages/airflow/example_dags/tutorial_dag.py took 0.057 seconds
[2023-04-14T19:33:23.869+0000] {processor.py:153} INFO - Started process (PID=41) to work on /home/airflow/.local/lib/python3.10/site-packages/airflow/example_dags/tutorial_dag.py
[2023-04-14T19:33:23.870+0000] {processor.py:743} INFO - Processing file /home/airflow/.local/lib/python3.10/site-packages/airflow/example_dags/tutorial_dag.py for tasks to queue
[2023-04-14T19:33:23.870+0000] {logging_mixin.py:137} INFO - [2023-04-14T19:33:23.870+0000] {dagbag.py:532} INFO - Filling up the DagBag from /home/airflow/.local/lib/python3.10/site-packages/airflow/example_dags/tutorial_dag.py
[2023-04-14T19:33:23.881+0000] {processor.py:753} INFO - DAG(s) dict_keys(['tutorial_dag']) retrieved from /home/airflow/.local/lib/python3.10/site-packages/airflow/example_dags/tutorial_dag.py
[2023-04-14T19:33:23.896+0000] {logging_mixin.py:137} INFO - [2023-04-14T19:33:23.896+0000] {dag.py:2705} INFO - Sync 1 DAGs
[2023-04-14T19:33:23.913+0000] {logging_mixin.py:137} INFO - [2023-04-14T19:33:23.912+0000] {dag.py:3452} INFO - Setting next_dagrun for tutorial_dag to None, run_after=None
[2023-04-14T19:33:23.924+0000] {processor.py:175} INFO - Processing /home/airflow/.local/lib/python3.10/site-packages/airflow/example_dags/tutorial_dag.py took 0.057 seconds
[2023-04-14T19:33:54.888+0000] {processor.py:153} INFO - Started process (PID=125) to work on /home/airflow/.local/lib/python3.10/site-packages/airflow/example_dags/tutorial_dag.py
[2023-04-14T19:33:54.889+0000] {processor.py:743} INFO - Processing file /home/airflow/.local/lib/python3.10/site-packages/airflow/example_dags/tutorial_dag.py for tasks to queue
[2023-04-14T19:33:54.890+0000] {logging_mixin.py:137} INFO - [2023-04-14T19:33:54.889+0000] {dagbag.py:532} INFO - Filling up the DagBag from /home/airflow/.local/lib/python3.10/site-packages/airflow/example_dags/tutorial_dag.py
[2023-04-14T19:33:54.899+0000] {processor.py:753} INFO - DAG(s) dict_keys(['tutorial_dag']) retrieved from /home/airflow/.local/lib/python3.10/site-packages/airflow/example_dags/tutorial_dag.py
[2023-04-14T19:33:54.919+0000] {logging_mixin.py:137} INFO - [2023-04-14T19:33:54.919+0000] {dag.py:2705} INFO - Sync 1 DAGs
[2023-04-14T19:33:54.934+0000] {logging_mixin.py:137} INFO - [2023-04-14T19:33:54.934+0000] {dag.py:3452} INFO - Setting next_dagrun for tutorial_dag to None, run_after=None
[2023-04-14T19:33:54.945+0000] {processor.py:175} INFO - Processing /home/airflow/.local/lib/python3.10/site-packages/airflow/example_dags/tutorial_dag.py took 0.060 seconds
[2023-04-14T19:34:25.842+0000] {processor.py:153} INFO - Started process (PID=202) to work on /home/airflow/.local/lib/python3.10/site-packages/airflow/example_dags/tutorial_dag.py
[2023-04-14T19:34:25.843+0000] {processor.py:743} INFO - Processing file /home/airflow/.local/lib/python3.10/site-packages/airflow/example_dags/tutorial_dag.py for tasks to queue
[2023-04-14T19:34:25.843+0000] {logging_mixin.py:137} INFO - [2023-04-14T19:34:25.843+0000] {dagbag.py:532} INFO - Filling up the DagBag from /home/airflow/.local/lib/python3.10/site-packages/airflow/example_dags/tutorial_dag.py
[2023-04-14T19:34:25.855+0000] {processor.py:753} INFO - DAG(s) dict_keys(['tutorial_dag']) retrieved from /home/airflow/.local/lib/python3.10/site-packages/airflow/example_dags/tutorial_dag.py
[2023-04-14T19:34:25.878+0000] {logging_mixin.py:137} INFO - [2023-04-14T19:34:25.878+0000] {dag.py:2705} INFO - Sync 1 DAGs
[2023-04-14T19:34:25.894+0000] {logging_mixin.py:137} INFO - [2023-04-14T19:34:25.894+0000] {dag.py:3452} INFO - Setting next_dagrun for tutorial_dag to None, run_after=None
[2023-04-14T19:34:25.906+0000] {processor.py:175} INFO - Processing /home/airflow/.local/lib/python3.10/site-packages/airflow/example_dags/tutorial_dag.py took 0.067 seconds
[2023-04-14T19:35:37.289+0000] {processor.py:153} INFO - Started process (PID=41) to work on /home/airflow/.local/lib/python3.10/site-packages/airflow/example_dags/tutorial_dag.py
[2023-04-14T19:35:37.290+0000] {processor.py:743} INFO - Processing file /home/airflow/.local/lib/python3.10/site-packages/airflow/example_dags/tutorial_dag.py for tasks to queue
[2023-04-14T19:35:37.291+0000] {logging_mixin.py:137} INFO - [2023-04-14T19:35:37.290+0000] {dagbag.py:532} INFO - Filling up the DagBag from /home/airflow/.local/lib/python3.10/site-packages/airflow/example_dags/tutorial_dag.py
[2023-04-14T19:35:37.300+0000] {processor.py:753} INFO - DAG(s) dict_keys(['tutorial_dag']) retrieved from /home/airflow/.local/lib/python3.10/site-packages/airflow/example_dags/tutorial_dag.py
[2023-04-14T19:35:37.314+0000] {logging_mixin.py:137} INFO - [2023-04-14T19:35:37.314+0000] {dag.py:2705} INFO - Sync 1 DAGs
[2023-04-14T19:35:37.331+0000] {logging_mixin.py:137} INFO - [2023-04-14T19:35:37.331+0000] {dag.py:3452} INFO - Setting next_dagrun for tutorial_dag to None, run_after=None
[2023-04-14T19:35:37.359+0000] {processor.py:175} INFO - Processing /home/airflow/.local/lib/python3.10/site-packages/airflow/example_dags/tutorial_dag.py took 0.073 seconds
[2023-04-14T19:36:08.355+0000] {processor.py:153} INFO - Started process (PID=126) to work on /home/airflow/.local/lib/python3.10/site-packages/airflow/example_dags/tutorial_dag.py
[2023-04-14T19:36:08.356+0000] {processor.py:743} INFO - Processing file /home/airflow/.local/lib/python3.10/site-packages/airflow/example_dags/tutorial_dag.py for tasks to queue
[2023-04-14T19:36:08.359+0000] {logging_mixin.py:137} INFO - [2023-04-14T19:36:08.359+0000] {dagbag.py:532} INFO - Filling up the DagBag from /home/airflow/.local/lib/python3.10/site-packages/airflow/example_dags/tutorial_dag.py
[2023-04-14T19:36:08.369+0000] {processor.py:753} INFO - DAG(s) dict_keys(['tutorial_dag']) retrieved from /home/airflow/.local/lib/python3.10/site-packages/airflow/example_dags/tutorial_dag.py
[2023-04-14T19:36:08.387+0000] {logging_mixin.py:137} INFO - [2023-04-14T19:36:08.387+0000] {dag.py:2705} INFO - Sync 1 DAGs
[2023-04-14T19:36:08.401+0000] {logging_mixin.py:137} INFO - [2023-04-14T19:36:08.400+0000] {dag.py:3452} INFO - Setting next_dagrun for tutorial_dag to None, run_after=None
[2023-04-14T19:36:08.411+0000] {processor.py:175} INFO - Processing /home/airflow/.local/lib/python3.10/site-packages/airflow/example_dags/tutorial_dag.py took 0.059 seconds
[2023-04-14T19:36:39.268+0000] {processor.py:153} INFO - Started process (PID=203) to work on /home/airflow/.local/lib/python3.10/site-packages/airflow/example_dags/tutorial_dag.py
[2023-04-14T19:36:39.268+0000] {processor.py:743} INFO - Processing file /home/airflow/.local/lib/python3.10/site-packages/airflow/example_dags/tutorial_dag.py for tasks to queue
[2023-04-14T19:36:39.269+0000] {logging_mixin.py:137} INFO - [2023-04-14T19:36:39.269+0000] {dagbag.py:532} INFO - Filling up the DagBag from /home/airflow/.local/lib/python3.10/site-packages/airflow/example_dags/tutorial_dag.py
[2023-04-14T19:36:39.278+0000] {processor.py:753} INFO - DAG(s) dict_keys(['tutorial_dag']) retrieved from /home/airflow/.local/lib/python3.10/site-packages/airflow/example_dags/tutorial_dag.py
[2023-04-14T19:36:39.296+0000] {logging_mixin.py:137} INFO - [2023-04-14T19:36:39.296+0000] {dag.py:2705} INFO - Sync 1 DAGs
[2023-04-14T19:36:39.317+0000] {logging_mixin.py:137} INFO - [2023-04-14T19:36:39.317+0000] {dag.py:3452} INFO - Setting next_dagrun for tutorial_dag to None, run_after=None
[2023-04-14T19:36:39.336+0000] {processor.py:175} INFO - Processing /home/airflow/.local/lib/python3.10/site-packages/airflow/example_dags/tutorial_dag.py took 0.072 seconds
