[2023-04-15T16:15:26.697+0000] {taskinstance.py:1090} INFO - Dependencies all met for dep_context=non-requeueable deps ti=<TaskInstance: tutorial_2_amir.templated manual__2023-04-15T16:15:24.792444+00:00 [queued]>
[2023-04-15T16:15:26.705+0000] {taskinstance.py:1090} INFO - Dependencies all met for dep_context=requeueable deps ti=<TaskInstance: tutorial_2_amir.templated manual__2023-04-15T16:15:24.792444+00:00 [queued]>
[2023-04-15T16:15:26.706+0000] {taskinstance.py:1288} INFO - 
--------------------------------------------------------------------------------
[2023-04-15T16:15:26.706+0000] {taskinstance.py:1289} INFO - Starting attempt 1 of 2
[2023-04-15T16:15:26.706+0000] {taskinstance.py:1290} INFO - 
--------------------------------------------------------------------------------
[2023-04-15T16:15:26.717+0000] {taskinstance.py:1309} INFO - Executing <Task(BashOperator): templated> on 2023-04-15 16:15:24.792444+00:00
[2023-04-15T16:15:26.722+0000] {standard_task_runner.py:55} INFO - Started process 454 to run task
[2023-04-15T16:15:26.727+0000] {standard_task_runner.py:82} INFO - Running: ['airflow', 'tasks', 'run', 'tutorial_2_amir', 'templated', 'manual__2023-04-15T16:15:24.792444+00:00', '--job-id', '5', '--raw', '--subdir', 'DAGS_FOLDER/test.py', '--cfg-path', '/tmp/tmpmjk8f29f']
[2023-04-15T16:15:26.729+0000] {standard_task_runner.py:83} INFO - Job 5: Subtask templated
[2023-04-15T16:15:26.743+0000] {logging_mixin.py:137} WARNING - /home/airflow/.local/lib/python3.7/site-packages/airflow/settings.py:250 DeprecationWarning: The sql_alchemy_conn option in [core] has been moved to the sql_alchemy_conn option in [database] - the old setting has been used, but please update your config.
[2023-04-15T16:15:26.784+0000] {task_command.py:389} INFO - Running <TaskInstance: tutorial_2_amir.templated manual__2023-04-15T16:15:24.792444+00:00 [running]> on host 0150f8f17fa6
[2023-04-15T16:15:26.843+0000] {taskinstance.py:1518} INFO - Exporting the following env vars:
AIRFLOW_CTX_DAG_EMAIL=airflow@example.com
AIRFLOW_CTX_DAG_OWNER=airflow
AIRFLOW_CTX_DAG_ID=tutorial_2_amir
AIRFLOW_CTX_TASK_ID=templated
AIRFLOW_CTX_EXECUTION_DATE=2023-04-15T16:15:24.792444+00:00
AIRFLOW_CTX_TRY_NUMBER=1
AIRFLOW_CTX_DAG_RUN_ID=manual__2023-04-15T16:15:24.792444+00:00
[2023-04-15T16:15:26.844+0000] {subprocess.py:63} INFO - Tmp dir root location: 
 /tmp
[2023-04-15T16:15:26.845+0000] {subprocess.py:75} INFO - Running command: ['/bin/bash', '-c', '\n\n    echo "2023-04-15"\n    echo "2023-04-22"\n\n    echo "2023-04-15"\n    echo "2023-04-22"\n\n    echo "2023-04-15"\n    echo "2023-04-22"\n\n    echo "2023-04-15"\n    echo "2023-04-22"\n\n    echo "2023-04-15"\n    echo "2023-04-22"\n']
[2023-04-15T16:15:26.854+0000] {subprocess.py:86} INFO - Output:
[2023-04-15T16:15:26.856+0000] {subprocess.py:93} INFO - 2023-04-15
[2023-04-15T16:15:26.856+0000] {subprocess.py:93} INFO - 2023-04-22
[2023-04-15T16:15:26.856+0000] {subprocess.py:93} INFO - 2023-04-15
[2023-04-15T16:15:26.857+0000] {subprocess.py:93} INFO - 2023-04-22
[2023-04-15T16:15:26.857+0000] {subprocess.py:93} INFO - 2023-04-15
[2023-04-15T16:15:26.857+0000] {subprocess.py:93} INFO - 2023-04-22
[2023-04-15T16:15:26.857+0000] {subprocess.py:93} INFO - 2023-04-15
[2023-04-15T16:15:26.857+0000] {subprocess.py:93} INFO - 2023-04-22
[2023-04-15T16:15:26.857+0000] {subprocess.py:93} INFO - 2023-04-15
[2023-04-15T16:15:26.858+0000] {subprocess.py:93} INFO - 2023-04-22
[2023-04-15T16:15:26.858+0000] {subprocess.py:97} INFO - Command exited with return code 0
[2023-04-15T16:15:26.882+0000] {taskinstance.py:1332} INFO - Marking task as SUCCESS. dag_id=tutorial_2_amir, task_id=templated, execution_date=20230415T161524, start_date=20230415T161526, end_date=20230415T161526
[2023-04-15T16:15:26.937+0000] {local_task_job.py:212} INFO - Task exited with return code 0
[2023-04-15T16:15:26.964+0000] {taskinstance.py:2596} INFO - 0 downstream tasks scheduled from follow-on schedule check
